# JRE version: OpenJDK Runtime Environment (8.0_362-b09) (build 1.8.0_362-b09)
# Java VM: OpenJDK 64-Bit Server VM (25.362-b09 mixed mode linux-amd64 compressed oops)
Heap:
 PSYoungGen      total 753664K, used 133045K [0x000000076ab00000, 0x00000007b5600000, 0x00000007c0000000)
  eden space 614400K, 21% used [0x000000076ab00000,0x0000000772ced780,0x0000000790300000)
  from space 139264K, 0% used [0x0000000790300000,0x0000000790300000,0x0000000798b00000)
  to   space 253440K, 0% used [0x00000007a5e80000,0x00000007a5e80000,0x00000007b5600000)
 ParOldGen       total 665088K, used 409997K [0x00000006c0000000, 0x00000006e8980000, 0x000000076ab00000)
  object space 665088K, 61% used [0x00000006c0000000,0x00000006d90637a8,0x00000006e8980000)
 Metaspace       used 90531K, capacity 94862K, committed 95064K, reserved 1132544K
  class space    used 10855K, capacity 11568K, committed 11648K, reserved 1048576K
GC Heap History (10 events):
Event: 16.682 GC heap before
{Heap before GC invocations=24 (full 4):
 PSYoungGen      total 522240K, used 460725K [0x000000076ab00000, 0x0000000796f00000, 0x00000007c0000000)
  eden space 454656K, 100% used [0x000000076ab00000,0x0000000786700000,0x0000000786700000)
  from space 67584K, 8% used [0x0000000786700000,0x0000000786ced7d8,0x000000078a900000)
  to   space 97792K, 0% used [0x0000000790f80000,0x0000000790f80000,0x0000000796f00000)
 ParOldGen       total 269824K, used 129449K [0x00000006c0000000, 0x00000006d0780000, 0x000000076ab00000)
  object space 269824K, 47% used [0x00000006c0000000,0x00000006c7e6a5d0,0x00000006d0780000)
 Metaspace       used 75737K, capacity 78934K, committed 79064K, reserved 1118208K
  class space    used 9149K, capacity 9694K, committed 9728K, reserved 1048576K
Event: 16.717 GC heap after
Heap after GC invocations=24 (full 4):
 PSYoungGen      total 619008K, used 73494K [0x000000076ab00000, 0x0000000798880000, 0x00000007c0000000)
  eden space 521216K, 0% used [0x000000076ab00000,0x000000076ab00000,0x000000078a800000)
  from space 97792K, 75% used [0x0000000790f80000,0x0000000795745ba0,0x0000000796f00000)
  to   space 105984K, 0% used [0x000000078a800000,0x000000078a800000,0x0000000790f80000)
 ParOldGen       total 269824K, used 135774K [0x00000006c0000000, 0x00000006d0780000, 0x000000076ab00000)
  object space 269824K, 50% used [0x00000006c0000000,0x00000006c84979c0,0x00000006d0780000)
 Metaspace       used 75737K, capacity 78934K, committed 79064K, reserved 1118208K
  class space    used 9149K, capacity 9694K, committed 9728K, reserved 1048576K
}
Event: 17.834 GC heap before
{Heap before GC invocations=25 (full 4):
 PSYoungGen      total 619008K, used 594710K [0x000000076ab00000, 0x0000000798880000, 0x00000007c0000000)
  eden space 521216K, 100% used [0x000000076ab00000,0x000000078a800000,0x000000078a800000)
  from space 97792K, 75% used [0x0000000790f80000,0x0000000795745ba0,0x0000000796f00000)
  to   space 105984K, 0% used [0x000000078a800000,0x000000078a800000,0x0000000790f80000)
 ParOldGen       total 269824K, used 135774K [0x00000006c0000000, 0x00000006d0780000, 0x000000076ab00000)
  object space 269824K, 50% used [0x00000006c0000000,0x00000006c84979c0,0x00000006d0780000)
 Metaspace       used 77723K, capacity 80986K, committed 81112K, reserved 1120256K
  class space    used 9344K, capacity 9902K, committed 9984K, reserved 1048576K
Event: 17.878 GC heap after
Heap after GC invocations=25 (full 4):
 PSYoungGen      total 627200K, used 105979K [0x000000076ab00000, 0x00000007a0e80000, 0x00000007c0000000)
  eden space 521216K, 0% used [0x000000076ab00000,0x000000076ab00000,0x000000078a800000)
  from space 105984K, 99% used [0x000000078a800000,0x0000000790f7ee90,0x0000000790f80000)
  to   space 131584K, 0% used [0x0000000798e00000,0x0000000798e00000,0x00000007a0e80000)
 ParOldGen       total 269824K, used 155350K [0x00000006c0000000, 0x00000006d0780000, 0x000000076ab00000)
  object space 269824K, 57% used [0x00000006c0000000,0x00000006c97b5908,0x00000006d0780000)
 Metaspace       used 77723K, capacity 80986K, committed 81112K, reserved 1120256K
  class space    used 9344K, capacity 9902K, committed 9984K, reserved 1048576K
}
Event: 25.946 GC heap before
{Heap before GC invocations=26 (full 4):
 PSYoungGen      total 627200K, used 615027K [0x000000076ab00000, 0x00000007a0e80000, 0x00000007c0000000)
  eden space 521216K, 97% used [0x000000076ab00000,0x0000000789c1dfe0,0x000000078a800000)
  from space 105984K, 99% used [0x000000078a800000,0x0000000790f7ee90,0x0000000790f80000)
  to   space 131584K, 0% used [0x0000000798e00000,0x0000000798e00000,0x00000007a0e80000)
 ParOldGen       total 269824K, used 155350K [0x00000006c0000000, 0x00000006d0780000, 0x000000076ab00000)
  object space 269824K, 57% used [0x00000006c0000000,0x00000006c97b5908,0x00000006d0780000)
 Metaspace       used 87938K, capacity 91854K, committed 92120K, reserved 1130496K
  class space    used 10561K, capacity 11202K, committed 11264K, reserved 1048576K
Event: 25.997 GC heap after
Heap after GC invocations=26 (full 4):
 PSYoungGen      total 745984K, used 91526K [0x000000076ab00000, 0x00000007a1300000, 0x00000007c0000000)
  eden space 614400K, 0% used [0x000000076ab00000,0x000000076ab00000,0x0000000790300000)
  from space 131584K, 69% used [0x0000000798e00000,0x000000079e761ba0,0x00000007a0e80000)
  to   space 139264K, 0% used [0x0000000790300000,0x0000000790300000,0x0000000798b00000)
 ParOldGen       total 269824K, used 193273K [0x00000006c0000000, 0x00000006d0780000, 0x000000076ab00000)
  object space 269824K, 71% used [0x00000006c0000000,0x00000006cbcbe7f8,0x00000006d0780000)
 Metaspace       used 87938K, capacity 91854K, committed 92120K, reserved 1130496K
  class space    used 10561K, capacity 11202K, committed 11264K, reserved 1048576K
}
Event: 31.993 GC heap before
{Heap before GC invocations=27 (full 4):
 PSYoungGen      total 745984K, used 705926K [0x000000076ab00000, 0x00000007a1300000, 0x00000007c0000000)
  eden space 614400K, 100% used [0x000000076ab00000,0x0000000790300000,0x0000000790300000)
  from space 131584K, 69% used [0x0000000798e00000,0x000000079e761ba0,0x00000007a0e80000)
  to   space 139264K, 0% used [0x0000000790300000,0x0000000790300000,0x0000000798b00000)
 ParOldGen       total 269824K, used 193293K [0x00000006c0000000, 0x00000006d0780000, 0x000000076ab00000)
  object space 269824K, 71% used [0x00000006c0000000,0x00000006cbcc3520,0x00000006d0780000)
 Metaspace       used 90528K, capacity 94878K, committed 95064K, reserved 1132544K
  class space    used 10858K, capacity 11572K, committed 11648K, reserved 1048576K
Event: 32.068 GC heap after
Heap after GC invocations=27 (full 4):
 PSYoungGen      total 753664K, used 139232K [0x000000076ab00000, 0x00000007b5600000, 0x00000007c0000000)
  eden space 614400K, 0% used [0x000000076ab00000,0x000000076ab00000,0x0000000790300000)
  from space 139264K, 99% used [0x0000000790300000,0x0000000798af8320,0x0000000798b00000)
  to   space 253440K, 0% used [0x00000007a5e80000,0x00000007a5e80000,0x00000007b5600000)
 ParOldGen       total 437760K, used 437124K [0x00000006c0000000, 0x00000006dab80000, 0x000000076ab00000)
  object space 437760K, 99% used [0x00000006c0000000,0x00000006daae11b0,0x00000006dab80000)
 Metaspace       used 90528K, capacity 94878K, committed 95064K, reserved 1132544K
  class space    used 10858K, capacity 11572K, committed 11648K, reserved 1048576K
}
Event: 32.068 GC heap before
{Heap before GC invocations=28 (full 5):
 PSYoungGen      total 753664K, used 139232K [0x000000076ab00000, 0x00000007b5600000, 0x00000007c0000000)
  eden space 614400K, 0% used [0x000000076ab00000,0x000000076ab00000,0x0000000790300000)
  from space 139264K, 99% used [0x0000000790300000,0x0000000798af8320,0x0000000798b00000)
  to   space 253440K, 0% used [0x00000007a5e80000,0x00000007a5e80000,0x00000007b5600000)
 ParOldGen       total 437760K, used 437124K [0x00000006c0000000, 0x00000006dab80000, 0x000000076ab00000)
  object space 437760K, 99% used [0x00000006c0000000,0x00000006daae11b0,0x00000006dab80000)
 Metaspace       used 90528K, capacity 94878K, committed 95064K, reserved 1132544K
  class space    used 10858K, capacity 11572K, committed 11648K, reserved 1048576K
Event: 32.238 GC heap after
Heap after GC invocations=28 (full 5):
 PSYoungGen      total 753664K, used 0K [0x000000076ab00000, 0x00000007b5600000, 0x00000007c0000000)
  eden space 614400K, 0% used [0x000000076ab00000,0x000000076ab00000,0x0000000790300000)
  from space 139264K, 0% used [0x0000000790300000,0x0000000790300000,0x0000000798b00000)
  to   space 253440K, 0% used [0x00000007a5e80000,0x00000007a5e80000,0x00000007b5600000)
 ParOldGen       total 665088K, used 409997K [0x00000006c0000000, 0x00000006e8980000, 0x000000076ab00000)
  object space 665088K, 61% used [0x00000006c0000000,0x00000006d90637a8,0x00000006e8980000)
 Metaspace       used 90521K, capacity 94862K, committed 95064K, reserved 1132544K
  class space    used 10855K, capacity 11568K, committed 11648K, reserved 1048576K
}

