[INFO] Scanning for projects...
[INFO] ------------------------------------------------------------------------
[INFO] Detecting the operating system and CPU architecture
[INFO] ------------------------------------------------------------------------
[INFO] os.detected.name: linux
[INFO] os.detected.arch: x86_64
[INFO] os.detected.version: 5.15
[INFO] os.detected.version.major: 5
[INFO] os.detected.version.minor: 15
[INFO] os.detected.release: ubuntu
[INFO] os.detected.release.version: 20.04
[INFO] os.detected.release.like.ubuntu: true
[INFO] os.detected.release.like.debian: true
[INFO] os.detected.classifier: linux-x86_64
[INFO] ------------------------------------------------------------------------
[INFO] Reactor Build Order:
[INFO] 
[INFO] Apache Ozone Integration Tests                                     [jar]
[INFO] Apache Ozone Mini Ozone Chaos Tests                                [jar]
[INFO] 
[INFO] --------------< org.apache.ozone:ozone-integration-test >---------------
[INFO] Building Apache Ozone Integration Tests 1.5.0-SNAPSHOT             [1/2]
[INFO]   from pom.xml
[INFO] --------------------------------[ jar ]---------------------------------
[INFO] 
[INFO] --- maven-antrun-plugin:3.1.0:run (create-testdirs) @ ozone-integration-test ---
[INFO] Executing tasks
[INFO]     [mkdir] Created dir: /home/runner/work/ozone/ozone/hadoop-ozone/integration-test/target/test-dir
[INFO] Executed tasks
[INFO] 
[INFO] --- maven-enforcer-plugin:3.4.1:enforce (depcheck) @ ozone-integration-test ---
[INFO] Rule 0: org.apache.maven.enforcer.rules.dependency.DependencyConvergence passed
[INFO] Rule 1: org.apache.maven.enforcer.rules.version.RequireMavenVersion passed
[INFO] Rule 2: org.apache.maven.enforcer.rules.version.RequireJavaVersion passed
[INFO] 
[INFO] --- jacoco-maven-plugin:0.8.5:prepare-agent (default-prepare-agent) @ ozone-integration-test ---
[INFO] argLine set to -javaagent:/home/runner/.m2/repository/org/jacoco/org.jacoco.agent/0.8.5/org.jacoco.agent-0.8.5-runtime.jar=destfile=/home/runner/work/ozone/ozone/hadoop-ozone/integration-test/target/jacoco.exec,includes=org.apache.hadoop.hdds.*:org.apache.hadoop.ozone.*:org.apache.hadoop.fs.ozone.*
[INFO] 
[INFO] --- maven-enforcer-plugin:3.4.1:enforce (banned-rocksdb-imports) @ ozone-integration-test ---
[INFO] Rule 0: org.apache.maven.plugins.enforcer.RestrictImports passed
[INFO] Rule 1: org.apache.maven.plugins.enforcer.RestrictImports passed
[INFO] Rule 2: org.apache.maven.plugins.enforcer.RestrictImports passed
[INFO] 
[INFO] --- maven-enforcer-plugin:3.4.1:enforce (ban-junit4-imports) @ ozone-integration-test ---
[INFO] Skipping Rule Enforcement.
[INFO] 
[INFO] --- maven-remote-resources-plugin:1.5:process (default) @ ozone-integration-test ---
[INFO] 
[INFO] --- maven-resources-plugin:3.1.0:resources (default-resources) @ ozone-integration-test ---
[INFO] Using 'UTF-8' encoding to copy filtered resources.
[INFO] skip non existing resourceDirectory /home/runner/work/ozone/ozone/hadoop-ozone/integration-test/src/main/resources
[INFO] Copying 2 resources
[INFO] 
[INFO] --- maven-compiler-plugin:3.9.0:compile (default-compile) @ ozone-integration-test ---
[INFO] No sources to compile
[INFO] 
[INFO] --- maven-resources-plugin:3.1.0:testResources (default-testResources) @ ozone-integration-test ---
[INFO] Using 'UTF-8' encoding to copy filtered resources.
[INFO] Copying 22 resources
[INFO] Copying 2 resources
[INFO] 
[INFO] --- maven-compiler-plugin:3.9.0:testCompile (default-testCompile) @ ozone-integration-test ---
[INFO] Compiling 308 source files to /home/runner/work/ozone/ozone/hadoop-ozone/integration-test/target/test-classes
[INFO] /home/runner/work/ozone/ozone/hadoop-ozone/integration-test/src/test/java/org/apache/hadoop/ozone/TestBlockTokens.java: Some input files use or override a deprecated API.
[INFO] /home/runner/work/ozone/ozone/hadoop-ozone/integration-test/src/test/java/org/apache/hadoop/ozone/TestBlockTokens.java: Recompile with -Xlint:deprecation for details.
[INFO] /home/runner/work/ozone/ozone/hadoop-ozone/integration-test/src/test/java/org/apache/hadoop/ozone/om/ratis/TestOzoneManagerRatisRequest.java: Some input files use unchecked or unsafe operations.
[INFO] /home/runner/work/ozone/ozone/hadoop-ozone/integration-test/src/test/java/org/apache/hadoop/ozone/om/ratis/TestOzoneManagerRatisRequest.java: Recompile with -Xlint:unchecked for details.
[INFO] 
[INFO] --- maven-surefire-plugin:3.2.2:test (default-test) @ ozone-integration-test ---
[INFO] Using auto detected provider org.apache.maven.surefire.junitplatform.JUnitPlatformProvider
[INFO] Using auto detected provider org.apache.maven.surefire.junitplatform.JUnitPlatformProvider
[INFO] 
[INFO] -------------------------------------------------------
[INFO]  T E S T S
[INFO] -------------------------------------------------------
[INFO] Running org.apache.hadoop.fs.ozone.TestOFSWithCacheOnly
[WARNING] Tests run: 52, Failures: 0, Errors: 0, Skipped: 1, Time elapsed: 39.63 s -- in org.apache.hadoop.fs.ozone.TestOFSWithCacheOnly
[INFO] Running org.apache.hadoop.fs.ozone.TestOzoneFSWithObjectStoreCreate
[INFO] Tests run: 6, Failures: 0, Errors: 0, Skipped: 0, Time elapsed: 24.51 s -- in org.apache.hadoop.fs.ozone.TestOzoneFSWithObjectStoreCreate
[INFO] Running org.apache.hadoop.fs.ozone.TestO3FSWithFSOAndOMRatis
[WARNING] Tests run: 63, Failures: 0, Errors: 0, Skipped: 9, Time elapsed: 37.17 s -- in org.apache.hadoop.fs.ozone.TestO3FSWithFSOAndOMRatis
[INFO] Running org.apache.hadoop.fs.ozone.TestOFSWithFSOAndOMRatisAndCacheOnly
[WARNING] Tests run: 56, Failures: 0, Errors: 0, Skipped: 10, Time elapsed: 45.13 s -- in org.apache.hadoop.fs.ozone.TestOFSWithFSOAndOMRatisAndCacheOnly
[INFO] Running org.apache.hadoop.fs.ozone.TestOzoneFSInputStream
[INFO] Tests run: 5, Failures: 0, Errors: 0, Skipped: 0, Time elapsed: 32.45 s -- in org.apache.hadoop.fs.ozone.TestOzoneFSInputStream
[INFO] Running org.apache.hadoop.fs.ozone.TestOzoneFileSystemMissingParent
[INFO] Tests run: 2, Failures: 0, Errors: 0, Skipped: 0, Time elapsed: 23.16 s -- in org.apache.hadoop.fs.ozone.TestOzoneFileSystemMissingParent
[INFO] Running org.apache.hadoop.fs.ozone.TestOFS
[WARNING] Tests run: 52, Failures: 0, Errors: 0, Skipped: 1, Time elapsed: 48.40 s -- in org.apache.hadoop.fs.ozone.TestOFS
[INFO] Running org.apache.hadoop.fs.ozone.TestOzoneFSBucketLayout
[INFO] Tests run: 5, Failures: 0, Errors: 0, Skipped: 0, Time elapsed: 23.76 s -- in org.apache.hadoop.fs.ozone.TestOzoneFSBucketLayout
[INFO] Running org.apache.hadoop.fs.ozone.TestO3FSWithFSPathsAndOMRatis
[INFO] Tests run: 55, Failures: 0, Errors: 0, Skipped: 0, Time elapsed: 45.08 s -- in org.apache.hadoop.fs.ozone.TestO3FSWithFSPathsAndOMRatis
[INFO] Running org.apache.hadoop.fs.ozone.TestOzoneFsHAURLs
[INFO] Tests run: 3, Failures: 0, Errors: 0, Skipped: 0, Time elapsed: 27.26 s -- in org.apache.hadoop.fs.ozone.TestOzoneFsHAURLs
[INFO] Running org.apache.hadoop.fs.ozone.TestRootedDDSWithFSO
[INFO] Tests run: 1, Failures: 0, Errors: 0, Skipped: 0, Time elapsed: 25.69 s -- in org.apache.hadoop.fs.ozone.TestRootedDDSWithFSO
[INFO] Running org.apache.hadoop.fs.ozone.TestOzoneFileSystemMetrics
[INFO] Tests run: 3, Failures: 0, Errors: 0, Skipped: 0, Time elapsed: 27.97 s -- in org.apache.hadoop.fs.ozone.TestOzoneFileSystemMetrics
[INFO] Running org.apache.hadoop.fs.ozone.TestO3FS
[INFO] Tests run: 55, Failures: 0, Errors: 0, Skipped: 0, Time elapsed: 42.32 s -- in org.apache.hadoop.fs.ozone.TestO3FS
[INFO] Running org.apache.hadoop.fs.ozone.TestO3FSWithFSO
[WARNING] Tests run: 63, Failures: 0, Errors: 0, Skipped: 9, Time elapsed: 38.13 s -- in org.apache.hadoop.fs.ozone.TestO3FSWithFSO
[INFO] Running org.apache.hadoop.fs.ozone.TestHSync
[INFO] Tests run: 9, Failures: 0, Errors: 0, Skipped: 0, Time elapsed: 152.4 s -- in org.apache.hadoop.fs.ozone.TestHSync
[INFO] Running org.apache.hadoop.fs.ozone.TestOzoneFileChecksum
[INFO] Tests run: 6, Failures: 0, Errors: 0, Skipped: 0, Time elapsed: 154.9 s -- in org.apache.hadoop.fs.ozone.TestOzoneFileChecksum
[INFO] Running org.apache.hadoop.fs.ozone.TestOFSWithFSPathsAndOMRatisAndCacheOnly
[WARNING] Tests run: 52, Failures: 0, Errors: 0, Skipped: 4, Time elapsed: 42.63 s -- in org.apache.hadoop.fs.ozone.TestOFSWithFSPathsAndOMRatisAndCacheOnly
[INFO] Running org.apache.hadoop.fs.ozone.TestOzoneFsSnapshot
[INFO] Tests run: 18, Failures: 0, Errors: 0, Skipped: 0, Time elapsed: 29.31 s -- in org.apache.hadoop.fs.ozone.TestOzoneFsSnapshot
[INFO] Running org.apache.hadoop.fs.ozone.TestOzoneFileSystemPrefixParser
[INFO] Tests run: 1, Failures: 0, Errors: 0, Skipped: 0, Time elapsed: 24.33 s -- in org.apache.hadoop.fs.ozone.TestOzoneFileSystemPrefixParser
[INFO] Running org.apache.hadoop.fs.ozone.TestOFSWithFSOAndOMRatis
[WARNING] Tests run: 56, Failures: 0, Errors: 0, Skipped: 10, Time elapsed: 54.61 s -- in org.apache.hadoop.fs.ozone.TestOFSWithFSOAndOMRatis
[INFO] Running org.apache.hadoop.fs.ozone.TestOFSWithFSO
[WARNING] Tests run: 56, Failures: 0, Errors: 0, Skipped: 10, Time elapsed: 51.14 s -- in org.apache.hadoop.fs.ozone.TestOFSWithFSO
[INFO] Running org.apache.hadoop.fs.ozone.TestOFSWithFSOAndCacheOnly
[WARNING] Tests run: 56, Failures: 0, Errors: 0, Skipped: 10, Time elapsed: 41.19 s -- in org.apache.hadoop.fs.ozone.TestOFSWithFSOAndCacheOnly
[INFO] Running org.apache.hadoop.fs.ozone.TestO3FSWithOMRatis
[INFO] Tests run: 55, Failures: 0, Errors: 0, Skipped: 0, Time elapsed: 44.23 s -- in org.apache.hadoop.fs.ozone.TestO3FSWithOMRatis
[INFO] Running org.apache.hadoop.fs.ozone.TestDirectoryDeletingServiceWithFSO
[INFO] Tests run: 5, Failures: 0, Errors: 0, Skipped: 0, Time elapsed: 51.33 s -- in org.apache.hadoop.fs.ozone.TestDirectoryDeletingServiceWithFSO
[INFO] Running org.apache.hadoop.fs.ozone.TestOFSWithOMRatis
[WARNING] Tests run: 52, Failures: 0, Errors: 0, Skipped: 1, Time elapsed: 49.23 s -- in org.apache.hadoop.fs.ozone.TestOFSWithOMRatis
[INFO] Running org.apache.hadoop.fs.ozone.TestLeaseRecovery
[INFO] Tests run: 2, Failures: 0, Errors: 0, Skipped: 0, Time elapsed: 41.58 s -- in org.apache.hadoop.fs.ozone.TestLeaseRecovery
[INFO] Running org.apache.hadoop.fs.ozone.TestOzoneFileSystemWithStreaming
[INFO] Tests run: 2, Failures: 0, Errors: 0, Skipped: 0, Time elapsed: 31.16 s -- in org.apache.hadoop.fs.ozone.TestOzoneFileSystemWithStreaming
[INFO] Running org.apache.hadoop.fs.ozone.TestOFSWithFSPathsAndOMRatis
[WARNING] Tests run: 52, Failures: 0, Errors: 0, Skipped: 4, Time elapsed: 50.54 s -- in org.apache.hadoop.fs.ozone.TestOFSWithFSPathsAndOMRatis
[INFO] Running org.apache.hadoop.fs.ozone.TestSafeMode
[ERROR] Tests run: 2, Failures: 0, Errors: 1, Skipped: 0, Time elapsed: 45.46 s <<< FAILURE! -- in org.apache.hadoop.fs.ozone.TestSafeMode
[ERROR] org.apache.hadoop.fs.ozone.TestSafeMode.ofs -- Time elapsed: 23.60 s <<< ERROR!
java.lang.NullPointerException: Inflater has been closed
	at java.util.zip.Inflater.ensureOpen(Inflater.java:389)
	at java.util.zip.Inflater.inflate(Inflater.java:257)
	at java.util.zip.InflaterInputStream.read(InflaterInputStream.java:152)
	at java.io.FilterInputStream.read(FilterInputStream.java:133)
	at sun.nio.cs.StreamDecoder.readBytes(StreamDecoder.java:284)
	at sun.nio.cs.StreamDecoder.implRead(StreamDecoder.java:326)
	at sun.nio.cs.StreamDecoder.read(StreamDecoder.java:178)
	at java.io.InputStreamReader.read(InputStreamReader.java:184)
	at java.io.BufferedReader.fill(BufferedReader.java:161)
	at java.io.BufferedReader.readLine(BufferedReader.java:324)
	at java.io.BufferedReader.readLine(BufferedReader.java:389)
	at java.util.ServiceLoader.parseLine(ServiceLoader.java:255)
	at java.util.ServiceLoader.parse(ServiceLoader.java:307)
	at java.util.ServiceLoader.access$200(ServiceLoader.java:185)
	at java.util.ServiceLoader$LazyIterator.hasNextService(ServiceLoader.java:357)
	at java.util.ServiceLoader$LazyIterator.hasNext(ServiceLoader.java:393)
	at java.util.ServiceLoader$1.hasNext(ServiceLoader.java:474)
	at org.apache.hadoop.fs.FileSystem.loadFileSystems(FileSystem.java:3518)
	at org.apache.hadoop.fs.FileSystem.getFileSystemClass(FileSystem.java:3566)
	at org.apache.hadoop.fs.FileSystem.createFileSystem(FileSystem.java:3608)
	at org.apache.hadoop.fs.FileSystem.access$300(FileSystem.java:174)
	at org.apache.hadoop.fs.FileSystem$Cache.getInternal(FileSystem.java:3712)
	at org.apache.hadoop.fs.FileSystem$Cache.get(FileSystem.java:3663)
	at org.apache.hadoop.fs.FileSystem.get(FileSystem.java:557)
	at org.apache.hadoop.fs.ozone.TestSafeMode.createFS(TestSafeMode.java:133)
	at org.apache.hadoop.fs.ozone.TestSafeMode.testSafeMode(TestSafeMode.java:102)
	at org.apache.hadoop.fs.ozone.TestSafeMode.ofs(TestSafeMode.java:92)
	at java.lang.reflect.Method.invoke(Method.java:498)
	at java.util.ArrayList.forEach(ArrayList.java:1259)
	at java.util.ArrayList.forEach(ArrayList.java:1259)

[INFO] Running org.apache.hadoop.fs.ozone.TestO3FSWithFSPaths
[INFO] Tests run: 55, Failures: 0, Errors: 0, Skipped: 0, Time elapsed: 43.39 s -- in org.apache.hadoop.fs.ozone.TestO3FSWithFSPaths
[INFO] Running org.apache.hadoop.fs.ozone.TestOFSWithFSPaths
[WARNING] Tests run: 52, Failures: 0, Errors: 0, Skipped: 4, Time elapsed: 47.47 s -- in org.apache.hadoop.fs.ozone.TestOFSWithFSPaths
[INFO] Running org.apache.hadoop.fs.ozone.TestOFSWithFSPathsAndOMRatisAndACL
[WARNING] Tests run: 52, Failures: 0, Errors: 0, Skipped: 3, Time elapsed: 50.30 s -- in org.apache.hadoop.fs.ozone.TestOFSWithFSPathsAndOMRatisAndACL
[INFO] 
[INFO] Results:
[INFO] 
[ERROR] Errors: 
[ERROR]   TestSafeMode.ofs:92->testSafeMode:102->createFS:133 Â» NullPointer Inflater has been closed
[INFO] 
[ERROR] Tests run: 1004, Failures: 0, Errors: 1, Skipped: 76
[INFO] 
[INFO] 
[INFO] ------------------------------------------------------------------------
[INFO] Skipping Apache Ozone Mini Ozone Chaos Tests
[INFO] This project has been banned from the build due to previous failures.
[INFO] ------------------------------------------------------------------------
[INFO] ------------------------------------------------------------------------
[INFO] Reactor Summary for Apache Ozone Integration Tests 1.5.0-SNAPSHOT:
[INFO] 
[INFO] Apache Ozone Integration Tests ..................... FAILURE [25:57 min]
[INFO] Apache Ozone Mini Ozone Chaos Tests ................ SKIPPED
[INFO] ------------------------------------------------------------------------
[INFO] BUILD FAILURE
[INFO] ------------------------------------------------------------------------
[INFO] Total time:  25:58 min
[INFO] Finished at: 2024-01-10T16:23:55Z
[INFO] ------------------------------------------------------------------------
[INFO] 11 goals, 11 executed
[INFO] 
[INFO] Publishing build scan...
[INFO] https://ge.apache.org/s/imviiiirwjnkq
[INFO] 
[ERROR] Failed to execute goal org.apache.maven.plugins:maven-surefire-plugin:3.2.2:test (default-test) on project ozone-integration-test: 
[ERROR] 
[ERROR] Please refer to /home/runner/work/ozone/ozone/hadoop-ozone/integration-test/target/surefire-reports for the individual test results.
[ERROR] Please refer to dump files (if any exist) [date].dump, [date]-jvmRun[N].dump and [date].dumpstream.
[ERROR] -> [Help 1]
[ERROR] 
[ERROR] To see the full stack trace of the errors, re-run Maven with the -e switch.
[ERROR] Re-run Maven using the -X switch to enable full debug logging.
[ERROR] 
[ERROR] For more information about the errors and possible solutions, please read the following articles:
[ERROR] [Help 1] http://cwiki.apache.org/confluence/display/MAVEN/MojoFailureException
