# JRE version: OpenJDK Runtime Environment (8.0_362-b09) (build 1.8.0_362-b09)
# Java VM: OpenJDK 64-Bit Server VM (25.362-b09 mixed mode linux-amd64 compressed oops)
Heap:
 PSYoungGen      total 958976K, used 786988K [0x000000076ab00000, 0x00000007c0000000, 0x00000007c0000000)
  eden space 757760K, 77% used [0x000000076ab00000,0x000000078e73a5a8,0x0000000798f00000)
  from space 201216K, 99% used [0x0000000798f00000,0x00000007a5350c30,0x00000007a5380000)
  to   space 321024K, 0% used [0x00000007ac680000,0x00000007ac680000,0x00000007c0000000)
 ParOldGen       total 787456K, used 586567K [0x00000006c0000000, 0x00000006f0100000, 0x000000076ab00000)
  object space 787456K, 74% used [0x00000006c0000000,0x00000006e3cd1d68,0x00000006f0100000)
 Metaspace       used 87796K, capacity 92705K, committed 92888K, reserved 1132544K
  class space    used 9919K, capacity 10740K, committed 10752K, reserved 1048576K
GC Heap History (10 events):
Event: 93.085 GC heap before
{Heap before GC invocations=37 (full 7):
 PSYoungGen      total 900608K, used 900570K [0x000000076ab00000, 0x00000007be680000, 0x00000007c0000000)
  eden space 748032K, 100% used [0x000000076ab00000,0x0000000798580000,0x0000000798580000)
  from space 152576K, 99% used [0x0000000798580000,0x00000007a1a76818,0x00000007a1a80000)
  to   space 311808K, 0% used [0x00000007ab600000,0x00000007ab600000,0x00000007be680000)
 ParOldGen       total 815616K, used 678087K [0x00000006c0000000, 0x00000006f1c80000, 0x000000076ab00000)
  object space 815616K, 83% used [0x00000006c0000000,0x00000006e9631ef0,0x00000006f1c80000)
 Metaspace       used 87267K, capacity 92089K, committed 92120K, reserved 1130496K
  class space    used 9906K, capacity 10729K, committed 10752K, reserved 1048576K
Event: 93.171 GC heap after
Heap after GC invocations=37 (full 7):
 PSYoungGen      total 1053696K, used 199752K [0x000000076ab00000, 0x00000007c0000000, 0x00000007c0000000)
  eden space 741888K, 0% used [0x000000076ab00000,0x000000076ab00000,0x0000000797f80000)
  from space 311808K, 64% used [0x00000007ab600000,0x00000007b79121f0,0x00000007be680000)
  to   space 317952K, 0% used [0x0000000797f80000,0x0000000797f80000,0x00000007ab600000)
 ParOldGen       total 815616K, used 714017K [0x00000006c0000000, 0x00000006f1c80000, 0x000000076ab00000)
  object space 815616K, 87% used [0x00000006c0000000,0x00000006eb948720,0x00000006f1c80000)
 Metaspace       used 87267K, capacity 92089K, committed 92120K, reserved 1130496K
  class space    used 9906K, capacity 10729K, committed 10752K, reserved 1048576K
}
Event: 94.130 GC heap before
{Heap before GC invocations=38 (full 7):
 PSYoungGen      total 1053696K, used 941640K [0x000000076ab00000, 0x00000007c0000000, 0x00000007c0000000)
  eden space 741888K, 100% used [0x000000076ab00000,0x0000000797f80000,0x0000000797f80000)
  from space 311808K, 64% used [0x00000007ab600000,0x00000007b79121f0,0x00000007be680000)
  to   space 317952K, 0% used [0x0000000797f80000,0x0000000797f80000,0x00000007ab600000)
 ParOldGen       total 815616K, used 714017K [0x00000006c0000000, 0x00000006f1c80000, 0x000000076ab00000)
  object space 815616K, 87% used [0x00000006c0000000,0x00000006eb948720,0x00000006f1c80000)
 Metaspace       used 87394K, capacity 92291K, committed 92376K, reserved 1130496K
  class space    used 9908K, capacity 10731K, committed 10752K, reserved 1048576K
Event: 94.204 GC heap after
Heap after GC invocations=38 (full 7):
 PSYoungGen      total 1059840K, used 191700K [0x000000076ab00000, 0x00000007c0000000, 0x00000007c0000000)
  eden space 741888K, 0% used [0x000000076ab00000,0x000000076ab00000,0x0000000797f80000)
  from space 317952K, 60% used [0x0000000797f80000,0x00000007a3ab53e8,0x00000007ab600000)
  to   space 318464K, 0% used [0x00000007ac900000,0x00000007ac900000,0x00000007c0000000)
 ParOldGen       total 815616K, used 748234K [0x00000006c0000000, 0x00000006f1c80000, 0x000000076ab00000)
  object space 815616K, 91% used [0x00000006c0000000,0x00000006edab28a8,0x00000006f1c80000)
 Metaspace       used 87394K, capacity 92291K, committed 92376K, reserved 1130496K
  class space    used 9908K, capacity 10731K, committed 10752K, reserved 1048576K
}
Event: 94.204 GC heap before
{Heap before GC invocations=39 (full 8):
 PSYoungGen      total 1059840K, used 191700K [0x000000076ab00000, 0x00000007c0000000, 0x00000007c0000000)
  eden space 741888K, 0% used [0x000000076ab00000,0x000000076ab00000,0x0000000797f80000)
  from space 317952K, 60% used [0x0000000797f80000,0x00000007a3ab53e8,0x00000007ab600000)
  to   space 318464K, 0% used [0x00000007ac900000,0x00000007ac900000,0x00000007c0000000)
 ParOldGen       total 815616K, used 748234K [0x00000006c0000000, 0x00000006f1c80000, 0x000000076ab00000)
  object space 815616K, 91% used [0x00000006c0000000,0x00000006edab28a8,0x00000006f1c80000)
 Metaspace       used 87394K, capacity 92291K, committed 92376K, reserved 1130496K
  class space    used 9908K, capacity 10731K, committed 10752K, reserved 1048576K
Event: 94.388 GC heap after
Heap after GC invocations=39 (full 8):
 PSYoungGen      total 1059840K, used 0K [0x000000076ab00000, 0x00000007c0000000, 0x00000007c0000000)
  eden space 741888K, 0% used [0x000000076ab00000,0x000000076ab00000,0x0000000797f80000)
  from space 317952K, 0% used [0x0000000797f80000,0x0000000797f80000,0x00000007ab600000)
  to   space 318464K, 0% used [0x00000007ac900000,0x00000007ac900000,0x00000007c0000000)
 ParOldGen       total 787456K, used 551804K [0x00000006c0000000, 0x00000006f0100000, 0x000000076ab00000)
  object space 787456K, 70% used [0x00000006c0000000,0x00000006e1adf110,0x00000006f0100000)
 Metaspace       used 87394K, capacity 92291K, committed 92376K, reserved 1130496K
  class space    used 9908K, capacity 10731K, committed 10752K, reserved 1048576K
}
Event: 97.607 GC heap before
{Heap before GC invocations=40 (full 8):
 PSYoungGen      total 1059840K, used 741888K [0x000000076ab00000, 0x00000007c0000000, 0x00000007c0000000)
  eden space 741888K, 100% used [0x000000076ab00000,0x0000000797f80000,0x0000000797f80000)
  from space 317952K, 0% used [0x0000000797f80000,0x0000000797f80000,0x00000007ab600000)
  to   space 318464K, 0% used [0x00000007ac900000,0x00000007ac900000,0x00000007c0000000)
 ParOldGen       total 787456K, used 551823K [0x00000006c0000000, 0x00000006f0100000, 0x000000076ab00000)
  object space 787456K, 70% used [0x00000006c0000000,0x00000006e1ae3fd0,0x00000006f0100000)
 Metaspace       used 87595K, capacity 92457K, committed 92632K, reserved 1130496K
  class space    used 9914K, capacity 10734K, committed 10752K, reserved 1048576K
Event: 97.663 GC heap after
Heap after GC invocations=40 (full 8):
 PSYoungGen      total 1076224K, used 196413K [0x000000076ab00000, 0x00000007c0000000, 0x00000007c0000000)
  eden space 757760K, 0% used [0x000000076ab00000,0x000000076ab00000,0x0000000798f00000)
  from space 318464K, 61% used [0x00000007ac900000,0x00000007b88cf420,0x00000007c0000000)
  to   space 320000K, 0% used [0x0000000798f00000,0x0000000798f00000,0x00000007ac780000)
 ParOldGen       total 787456K, used 551831K [0x00000006c0000000, 0x00000006f0100000, 0x000000076ab00000)
  object space 787456K, 70% used [0x00000006c0000000,0x00000006e1ae5fd0,0x00000006f0100000)
 Metaspace       used 87595K, capacity 92457K, committed 92632K, reserved 1130496K
  class space    used 9914K, capacity 10734K, committed 10752K, reserved 1048576K
}
Event: 98.566 GC heap before
{Heap before GC invocations=41 (full 8):
 PSYoungGen      total 1076224K, used 954173K [0x000000076ab00000, 0x00000007c0000000, 0x00000007c0000000)
  eden space 757760K, 100% used [0x000000076ab00000,0x0000000798f00000,0x0000000798f00000)
  from space 318464K, 61% used [0x00000007ac900000,0x00000007b88cf420,0x00000007c0000000)
  to   space 320000K, 0% used [0x0000000798f00000,0x0000000798f00000,0x00000007ac780000)
 ParOldGen       total 787456K, used 551843K [0x00000006c0000000, 0x00000006f0100000, 0x000000076ab00000)
  object space 787456K, 70% used [0x00000006c0000000,0x00000006e1ae8c70,0x00000006f0100000)
 Metaspace       used 87685K, capacity 92547K, committed 92632K, reserved 1130496K
  class space    used 9915K, capacity 10735K, committed 10752K, reserved 1048576K
Event: 98.631 GC heap after
Heap after GC invocations=41 (full 8):
 PSYoungGen      total 958976K, used 201027K [0x000000076ab00000, 0x00000007c0000000, 0x00000007c0000000)
  eden space 757760K, 0% used [0x000000076ab00000,0x000000076ab00000,0x0000000798f00000)
  from space 201216K, 99% used [0x0000000798f00000,0x00000007a5350c30,0x00000007a5380000)
  to   space 321024K, 0% used [0x00000007ac680000,0x00000007ac680000,0x00000007c0000000)
 ParOldGen       total 787456K, used 586567K [0x00000006c0000000, 0x00000006f0100000, 0x000000076ab00000)
  object space 787456K, 74% used [0x00000006c0000000,0x00000006e3cd1d68,0x00000006f0100000)
 Metaspace       used 87685K, capacity 92547K, committed 92632K, reserved 1130496K
  class space    used 9915K, capacity 10735K, committed 10752K, reserved 1048576K
}

