# JRE version: OpenJDK Runtime Environment (8.0_332-b09) (build 1.8.0_332-b09)
# Java VM: OpenJDK 64-Bit Server VM (25.332-b09 mixed mode linux-amd64 compressed oops)
Heap:
 PSYoungGen      total 566784K, used 34123K [0x00000000d5580000, 0x00000000fb300000, 0x0000000100000000)
  eden space 549376K, 3% used [0x00000000d5580000,0x00000000d66a2fd8,0x00000000f6e00000)
  from space 17408K, 95% used [0x00000000fa200000,0x00000000fb22fec8,0x00000000fb300000)
  to   space 35328K, 0% used [0x00000000f6e00000,0x00000000f6e00000,0x00000000f9080000)
 ParOldGen       total 97792K, used 65234K [0x0000000080000000, 0x0000000085f80000, 0x00000000d5580000)
  object space 97792K, 66% used [0x0000000080000000,0x0000000083fb4980,0x0000000085f80000)
 Metaspace       used 74215K, capacity 78216K, committed 78296K, reserved 1118208K
  class space    used 8764K, capacity 9439K, committed 9472K, reserved 1048576K
GC Heap History (10 events):
Event: 18.459 GC heap before
{Heap before GC invocations=15 (full 2):
 PSYoungGen      total 337920K, used 220762K [0x00000000d5580000, 0x00000000ec000000, 0x0000000100000000)
  eden space 325120K, 63% used [0x00000000d5580000,0x00000000e2096fe8,0x00000000e9300000)
  from space 12800K, 99% used [0x00000000ea600000,0x00000000eb27f8b0,0x00000000eb280000)
  to   space 19456K, 0% used [0x00000000e9300000,0x00000000e9300000,0x00000000ea600000)
 ParOldGen       total 69120K, used 27727K [0x0000000080000000, 0x0000000084380000, 0x00000000d5580000)
  object space 69120K, 40% used [0x0000000080000000,0x0000000081b13fe0,0x0000000084380000)
 Metaspace       used 56009K, capacity 58812K, committed 58968K, reserved 1101824K
  class space    used 6814K, capacity 7295K, committed 7296K, reserved 1048576K
Event: 18.470 GC heap after
Heap after GC invocations=15 (full 2):
 PSYoungGen      total 344576K, used 6810K [0x00000000d5580000, 0x00000000f2280000, 0x0000000100000000)
  eden space 325120K, 0% used [0x00000000d5580000,0x00000000d5580000,0x00000000e9300000)
  from space 19456K, 35% used [0x00000000e9300000,0x00000000e99a6b20,0x00000000ea600000)
  to   space 18944K, 0% used [0x00000000f1000000,0x00000000f1000000,0x00000000f2280000)
 ParOldGen       total 69120K, used 29791K [0x0000000080000000, 0x0000000084380000, 0x00000000d5580000)
  object space 69120K, 43% used [0x0000000080000000,0x0000000081d17d70,0x0000000084380000)
 Metaspace       used 56009K, capacity 58812K, committed 58968K, reserved 1101824K
  class space    used 6814K, capacity 7295K, committed 7296K, reserved 1048576K
}
Event: 18.470 GC heap before
{Heap before GC invocations=16 (full 3):
 PSYoungGen      total 344576K, used 6810K [0x00000000d5580000, 0x00000000f2280000, 0x0000000100000000)
  eden space 325120K, 0% used [0x00000000d5580000,0x00000000d5580000,0x00000000e9300000)
  from space 19456K, 35% used [0x00000000e9300000,0x00000000e99a6b20,0x00000000ea600000)
  to   space 18944K, 0% used [0x00000000f1000000,0x00000000f1000000,0x00000000f2280000)
 ParOldGen       total 69120K, used 29791K [0x0000000080000000, 0x0000000084380000, 0x00000000d5580000)
  object space 69120K, 43% used [0x0000000080000000,0x0000000081d17d70,0x0000000084380000)
 Metaspace       used 56009K, capacity 58812K, committed 58968K, reserved 1101824K
  class space    used 6814K, capacity 7295K, committed 7296K, reserved 1048576K
Event: 18.609 GC heap after
Heap after GC invocations=16 (full 3):
 PSYoungGen      total 344576K, used 0K [0x00000000d5580000, 0x00000000f2280000, 0x0000000100000000)
  eden space 325120K, 0% used [0x00000000d5580000,0x00000000d5580000,0x00000000e9300000)
  from space 19456K, 0% used [0x00000000e9300000,0x00000000e9300000,0x00000000ea600000)
  to   space 18944K, 0% used [0x00000000f1000000,0x00000000f1000000,0x00000000f2280000)
 ParOldGen       total 97792K, used 23292K [0x0000000080000000, 0x0000000085f80000, 0x00000000d5580000)
  object space 97792K, 23% used [0x0000000080000000,0x00000000816bf058,0x0000000085f80000)
 Metaspace       used 56009K, capacity 58812K, committed 58968K, reserved 1101824K
  class space    used 6814K, capacity 7295K, committed 7296K, reserved 1048576K
}
Event: 19.272 GC heap before
{Heap before GC invocations=17 (full 3):
 PSYoungGen      total 344576K, used 325120K [0x00000000d5580000, 0x00000000f2280000, 0x0000000100000000)
  eden space 325120K, 100% used [0x00000000d5580000,0x00000000e9300000,0x00000000e9300000)
  from space 19456K, 0% used [0x00000000e9300000,0x00000000e9300000,0x00000000ea600000)
  to   space 18944K, 0% used [0x00000000f1000000,0x00000000f1000000,0x00000000f2280000)
 ParOldGen       total 97792K, used 23292K [0x0000000080000000, 0x0000000085f80000, 0x00000000d5580000)
  object space 97792K, 23% used [0x0000000080000000,0x00000000816bf058,0x0000000085f80000)
 Metaspace       used 56761K, capacity 59604K, committed 59864K, reserved 1101824K
  class space    used 6862K, capacity 7363K, committed 7424K, reserved 1048576K
Event: 19.311 GC heap after
Heap after GC invocations=17 (full 3):
 PSYoungGen      total 436736K, used 18921K [0x00000000d5580000, 0x00000000f4f00000, 0x0000000100000000)
  eden space 417792K, 0% used [0x00000000d5580000,0x00000000d5580000,0x00000000eed80000)
  from space 18944K, 99% used [0x00000000f1000000,0x00000000f227a758,0x00000000f2280000)
  to   space 35328K, 0% used [0x00000000eed80000,0x00000000eed80000,0x00000000f1000000)
 ParOldGen       total 97792K, used 60221K [0x0000000080000000, 0x0000000085f80000, 0x00000000d5580000)
  object space 97792K, 61% used [0x0000000080000000,0x0000000083acf7f8,0x0000000085f80000)
 Metaspace       used 56761K, capacity 59604K, committed 59864K, reserved 1101824K
  class space    used 6862K, capacity 7363K, committed 7424K, reserved 1048576K
}
Event: 21.368 GC heap before
{Heap before GC invocations=18 (full 3):
 PSYoungGen      total 436736K, used 436713K [0x00000000d5580000, 0x00000000f4f00000, 0x0000000100000000)
  eden space 417792K, 100% used [0x00000000d5580000,0x00000000eed80000,0x00000000eed80000)
  from space 18944K, 99% used [0x00000000f1000000,0x00000000f227a758,0x00000000f2280000)
  to   space 35328K, 0% used [0x00000000eed80000,0x00000000eed80000,0x00000000f1000000)
 ParOldGen       total 97792K, used 60221K [0x0000000080000000, 0x0000000085f80000, 0x00000000d5580000)
  object space 97792K, 61% used [0x0000000080000000,0x0000000083acf7f8,0x0000000085f80000)
 Metaspace       used 63808K, capacity 66836K, committed 67160K, reserved 1107968K
  class space    used 7530K, capacity 8029K, committed 8064K, reserved 1048576K
Event: 21.389 GC heap after
Heap after GC invocations=18 (full 3):
 PSYoungGen      total 453120K, used 22657K [0x00000000d5580000, 0x00000000fc600000, 0x0000000100000000)
  eden space 417792K, 0% used [0x00000000d5580000,0x00000000d5580000,0x00000000eed80000)
  from space 35328K, 64% used [0x00000000eed80000,0x00000000f03a0720,0x00000000f1000000)
  to   space 36864K, 0% used [0x00000000fa200000,0x00000000fa200000,0x00000000fc600000)
 ParOldGen       total 97792K, used 60613K [0x0000000080000000, 0x0000000085f80000, 0x00000000d5580000)
  object space 97792K, 61% used [0x0000000080000000,0x0000000083b317d8,0x0000000085f80000)
 Metaspace       used 63808K, capacity 66836K, committed 67160K, reserved 1107968K
  class space    used 7530K, capacity 8029K, committed 8064K, reserved 1048576K
}
Event: 38.722 GC heap before
{Heap before GC invocations=19 (full 3):
 PSYoungGen      total 453120K, used 440449K [0x00000000d5580000, 0x00000000fc600000, 0x0000000100000000)
  eden space 417792K, 100% used [0x00000000d5580000,0x00000000eed80000,0x00000000eed80000)
  from space 35328K, 64% used [0x00000000eed80000,0x00000000f03a0720,0x00000000f1000000)
  to   space 36864K, 0% used [0x00000000fa200000,0x00000000fa200000,0x00000000fc600000)
 ParOldGen       total 97792K, used 60613K [0x0000000080000000, 0x0000000085f80000, 0x00000000d5580000)
  object space 97792K, 61% used [0x0000000080000000,0x0000000083b317d8,0x0000000085f80000)
 Metaspace       used 74111K, capacity 78108K, committed 78296K, reserved 1118208K
  class space    used 8749K, capacity 9405K, committed 9472K, reserved 1048576K
Event: 38.748 GC heap after
Heap after GC invocations=19 (full 3):
 PSYoungGen      total 566784K, used 16575K [0x00000000d5580000, 0x00000000fb300000, 0x0000000100000000)
  eden space 549376K, 0% used [0x00000000d5580000,0x00000000d5580000,0x00000000f6e00000)
  from space 17408K, 95% used [0x00000000fa200000,0x00000000fb22fec8,0x00000000fb300000)
  to   space 35328K, 0% used [0x00000000f6e00000,0x00000000f6e00000,0x00000000f9080000)
 ParOldGen       total 97792K, used 65234K [0x0000000080000000, 0x0000000085f80000, 0x00000000d5580000)
  object space 97792K, 66% used [0x0000000080000000,0x0000000083fb4980,0x0000000085f80000)
 Metaspace       used 74111K, capacity 78108K, committed 78296K, reserved 1118208K
  class space    used 8749K, capacity 9405K, committed 9472K, reserved 1048576K
}

