Using Docker Compose v2
Executing test upgrade/test.sh
Using Docker Compose v2
Using Docker Compose v2
Using docker cluster defined in /home/runner/work/ozone/ozone/hadoop-ozone/dist/target/ozone-2.2.0-SNAPSHOT/compose/upgrade/compose/ha/docker-compose.yaml
Executing test /home/runner/work/ozone/ozone/hadoop-ozone/dist/target/ozone-2.2.0-SNAPSHOT/compose/upgrade/upgrades/non-rolling-upgrade/./driver.sh
--- RUNNING NON-ROLLING UPGRADE TEST FROM 2.0.0 TO 2.2.0 ---
Using Docker Compose v2
--- SETTING UP OLD VERSION 2.0.0 ---
--- RUNNING WITH OLD VERSION 2.0.0 ---
Error response from daemon: Get "https://ghcr.io/v2/apache/ozone-testkrb5/manifests/sha256:b62d26114f90093f0af42dd547651c74c8676e3edda4ebcfd232ae05d99455f6": dial tcp 140.82.116.34:443: i/o timeout
ERROR: Test execution of /home/runner/work/ozone/ozone/hadoop-ozone/dist/target/ozone-2.2.0-SNAPSHOT/compose/upgrade/upgrades/non-rolling-upgrade/./driver.sh is FAILED!!!!
mkdir: created directory '/home/runner/work/ozone/ozone/hadoop-ozone/dist/target/ozone-2.2.0-SNAPSHOT/compose/upgrade/result/ha-non-rolling-upgrade-2.0.0-2.2.0'
mv: cannot stat '/home/runner/work/ozone/ozone/hadoop-ozone/dist/target/ozone-2.2.0-SNAPSHOT/compose/upgrade/upgrades/non-rolling-upgrade/execution/ha-non-rolling-upgrade-2.0.0-2.2.0/result/*': No such file or directory
ERROR: Test execution of upgrade/test.sh is FAILED!!!!
mkdir: created directory '/home/runner/work/ozone/ozone/hadoop-ozone/dist/target/ozone-2.2.0-SNAPSHOT/compose/result/upgrade'
renamed 'upgrade/result/ha-non-rolling-upgrade-2.0.0-2.2.0' -> '/home/runner/work/ozone/ozone/hadoop-ozone/dist/target/ozone-2.2.0-SNAPSHOT/compose/result/upgrade/ha-non-rolling-upgrade-2.0.0-2.2.0'
removed directory '/tmp/robot-data-OPbKSZ'
