ERROR: Test execution of /home/runner/work/ozone/ozone/hadoop-ozone/dist/target/ozone-2.2.0-SNAPSHOT/compose/upgrade/upgrades/non-rolling-upgrade/./driver.sh is FAILED!!!!
mkdir: created directory '/home/runner/work/ozone/ozone/hadoop-ozone/dist/target/ozone-2.2.0-SNAPSHOT/compose/upgrade/result/ha-non-rolling-upgrade-2.0.0-2.2.0'
--
ERROR: Test execution of upgrade/test.sh is FAILED!!!!
mkdir: created directory '/home/runner/work/ozone/ozone/hadoop-ozone/dist/target/ozone-2.2.0-SNAPSHOT/compose/result/upgrade'
