# JRE version: OpenJDK Runtime Environment (8.0_332-b09) (build 1.8.0_332-b09)
# Java VM: OpenJDK 64-Bit Server VM (25.332-b09 mixed mode linux-amd64 compressed oops)
Heap:
 PSYoungGen      total 512000K, used 246187K [0x00000000d5580000, 0x00000000f7980000, 0x0000000100000000)
  eden space 489472K, 46% used [0x00000000d5580000,0x00000000e34d9be0,0x00000000f3380000)
  from space 22528K, 77% used [0x00000000f6380000,0x00000000f7491198,0x00000000f7980000)
  to   space 35840K, 0% used [0x00000000f3380000,0x00000000f3380000,0x00000000f5680000)
 ParOldGen       total 99328K, used 51341K [0x0000000080000000, 0x0000000086100000, 0x00000000d5580000)
  object space 99328K, 51% used [0x0000000080000000,0x00000000832236e8,0x0000000086100000)
 Metaspace       used 74812K, capacity 78820K, committed 78936K, reserved 1118208K
  class space    used 8818K, capacity 9483K, committed 9560K, reserved 1048576K
GC Heap History (10 events):
Event: 17.098 GC heap before
{Heap before GC invocations=15 (full 2):
 PSYoungGen      total 306176K, used 56586K [0x00000000d5580000, 0x00000000e9880000, 0x0000000100000000)
  eden space 292864K, 14% used [0x00000000d5580000,0x00000000d7fc9f48,0x00000000e7380000)
  from space 13312K, 99% used [0x00000000e8780000,0x00000000e94789c0,0x00000000e9480000)
  to   space 18944K, 0% used [0x00000000e7380000,0x00000000e7380000,0x00000000e8600000)
 ParOldGen       total 77312K, used 33754K [0x0000000080000000, 0x0000000084b80000, 0x00000000d5580000)
  object space 77312K, 43% used [0x0000000080000000,0x00000000820f6a78,0x0000000084b80000)
 Metaspace       used 55777K, capacity 58618K, committed 59028K, reserved 1101824K
  class space    used 6800K, capacity 7292K, committed 7384K, reserved 1048576K
Event: 17.105 GC heap after
Heap after GC invocations=15 (full 2):
 PSYoungGen      total 311808K, used 1283K [0x00000000d5580000, 0x00000000ef500000, 0x0000000100000000)
  eden space 292864K, 0% used [0x00000000d5580000,0x00000000d5580000,0x00000000e7380000)
  from space 18944K, 6% used [0x00000000e7380000,0x00000000e74c0fd8,0x00000000e8600000)
  to   space 18944K, 0% used [0x00000000ee280000,0x00000000ee280000,0x00000000ef500000)
 ParOldGen       total 77312K, used 35101K [0x0000000080000000, 0x0000000084b80000, 0x00000000d5580000)
  object space 77312K, 45% used [0x0000000080000000,0x00000000822474d0,0x0000000084b80000)
 Metaspace       used 55777K, capacity 58618K, committed 59028K, reserved 1101824K
  class space    used 6800K, capacity 7292K, committed 7384K, reserved 1048576K
}
Event: 17.105 GC heap before
{Heap before GC invocations=16 (full 3):
 PSYoungGen      total 311808K, used 1283K [0x00000000d5580000, 0x00000000ef500000, 0x0000000100000000)
  eden space 292864K, 0% used [0x00000000d5580000,0x00000000d5580000,0x00000000e7380000)
  from space 18944K, 6% used [0x00000000e7380000,0x00000000e74c0fd8,0x00000000e8600000)
  to   space 18944K, 0% used [0x00000000ee280000,0x00000000ee280000,0x00000000ef500000)
 ParOldGen       total 77312K, used 35101K [0x0000000080000000, 0x0000000084b80000, 0x00000000d5580000)
  object space 77312K, 45% used [0x0000000080000000,0x00000000822474d0,0x0000000084b80000)
 Metaspace       used 55777K, capacity 58618K, committed 59028K, reserved 1101824K
  class space    used 6800K, capacity 7292K, committed 7384K, reserved 1048576K
Event: 17.211 GC heap after
Heap after GC invocations=16 (full 3):
 PSYoungGen      total 311808K, used 0K [0x00000000d5580000, 0x00000000ef500000, 0x0000000100000000)
  eden space 292864K, 0% used [0x00000000d5580000,0x00000000d5580000,0x00000000e7380000)
  from space 18944K, 0% used [0x00000000e7380000,0x00000000e7380000,0x00000000e8600000)
  to   space 18944K, 0% used [0x00000000ee280000,0x00000000ee280000,0x00000000ef500000)
 ParOldGen       total 99328K, used 19383K [0x0000000080000000, 0x0000000086100000, 0x00000000d5580000)
  object space 99328K, 19% used [0x0000000080000000,0x00000000812edc30,0x0000000086100000)
 Metaspace       used 55777K, capacity 58618K, committed 59028K, reserved 1101824K
  class space    used 6800K, capacity 7292K, committed 7384K, reserved 1048576K
}
Event: 17.829 GC heap before
{Heap before GC invocations=17 (full 3):
 PSYoungGen      total 311808K, used 292864K [0x00000000d5580000, 0x00000000ef500000, 0x0000000100000000)
  eden space 292864K, 100% used [0x00000000d5580000,0x00000000e7380000,0x00000000e7380000)
  from space 18944K, 0% used [0x00000000e7380000,0x00000000e7380000,0x00000000e8600000)
  to   space 18944K, 0% used [0x00000000ee280000,0x00000000ee280000,0x00000000ef500000)
 ParOldGen       total 99328K, used 19383K [0x0000000080000000, 0x0000000086100000, 0x00000000d5580000)
  object space 99328K, 19% used [0x0000000080000000,0x00000000812edc30,0x0000000086100000)
 Metaspace       used 57003K, capacity 59896K, committed 60308K, reserved 1101824K
  class space    used 6881K, capacity 7367K, committed 7384K, reserved 1048576K
Event: 17.852 GC heap after
Heap after GC invocations=17 (full 3):
 PSYoungGen      total 393216K, used 18932K [0x00000000d5580000, 0x00000000f1780000, 0x0000000100000000)
  eden space 374272K, 0% used [0x00000000d5580000,0x00000000d5580000,0x00000000ec300000)
  from space 18944K, 99% used [0x00000000ee280000,0x00000000ef4fd028,0x00000000ef500000)
  to   space 32256K, 0% used [0x00000000ec300000,0x00000000ec300000,0x00000000ee280000)
 ParOldGen       total 99328K, used 46967K [0x0000000080000000, 0x0000000086100000, 0x00000000d5580000)
  object space 99328K, 47% used [0x0000000080000000,0x0000000082ddddb8,0x0000000086100000)
 Metaspace       used 57003K, capacity 59896K, committed 60308K, reserved 1101824K
  class space    used 6881K, capacity 7367K, committed 7384K, reserved 1048576K
}
Event: 19.258 GC heap before
{Heap before GC invocations=18 (full 3):
 PSYoungGen      total 393216K, used 393204K [0x00000000d5580000, 0x00000000f1780000, 0x0000000100000000)
  eden space 374272K, 100% used [0x00000000d5580000,0x00000000ec300000,0x00000000ec300000)
  from space 18944K, 99% used [0x00000000ee280000,0x00000000ef4fd028,0x00000000ef500000)
  to   space 32256K, 0% used [0x00000000ec300000,0x00000000ec300000,0x00000000ee280000)
 ParOldGen       total 99328K, used 47196K [0x0000000080000000, 0x0000000086100000, 0x00000000d5580000)
  object space 99328K, 47% used [0x0000000080000000,0x0000000082e17270,0x0000000086100000)
 Metaspace       used 62789K, capacity 65814K, committed 66392K, reserved 1107968K
  class space    used 7407K, capacity 7898K, committed 8024K, reserved 1048576K
Event: 19.278 GC heap after
Heap after GC invocations=18 (full 3):
 PSYoungGen      total 406528K, used 27818K [0x00000000d5580000, 0x00000000f8700000, 0x0000000100000000)
  eden space 374272K, 0% used [0x00000000d5580000,0x00000000d5580000,0x00000000ec300000)
  from space 32256K, 86% used [0x00000000ec300000,0x00000000ede2ab40,0x00000000ee280000)
  to   space 36352K, 0% used [0x00000000f6380000,0x00000000f6380000,0x00000000f8700000)
 ParOldGen       total 99328K, used 47654K [0x0000000080000000, 0x0000000086100000, 0x00000000d5580000)
  object space 99328K, 47% used [0x0000000080000000,0x0000000082e898a0,0x0000000086100000)
 Metaspace       used 62789K, capacity 65814K, committed 66392K, reserved 1107968K
  class space    used 7407K, capacity 7898K, committed 8024K, reserved 1048576K
}
Event: 26.536 GC heap before
{Heap before GC invocations=19 (full 3):
 PSYoungGen      total 406528K, used 402090K [0x00000000d5580000, 0x00000000f8700000, 0x0000000100000000)
  eden space 374272K, 100% used [0x00000000d5580000,0x00000000ec300000,0x00000000ec300000)
  from space 32256K, 86% used [0x00000000ec300000,0x00000000ede2ab40,0x00000000ee280000)
  to   space 36352K, 0% used [0x00000000f6380000,0x00000000f6380000,0x00000000f8700000)
 ParOldGen       total 99328K, used 47665K [0x0000000080000000, 0x0000000086100000, 0x00000000d5580000)
  object space 99328K, 47% used [0x0000000080000000,0x0000000082e8c518,0x0000000086100000)
 Metaspace       used 69699K, capacity 73308K, committed 73560K, reserved 1114112K
  class space    used 8193K, capacity 8783K, committed 8792K, reserved 1048576K
Event: 26.560 GC heap after
Heap after GC invocations=19 (full 3):
 PSYoungGen      total 512000K, used 17476K [0x00000000d5580000, 0x00000000f7980000, 0x0000000100000000)
  eden space 489472K, 0% used [0x00000000d5580000,0x00000000d5580000,0x00000000f3380000)
  from space 22528K, 77% used [0x00000000f6380000,0x00000000f7491198,0x00000000f7980000)
  to   space 35840K, 0% used [0x00000000f3380000,0x00000000f3380000,0x00000000f5680000)
 ParOldGen       total 99328K, used 51341K [0x0000000080000000, 0x0000000086100000, 0x00000000d5580000)
  object space 99328K, 51% used [0x0000000080000000,0x00000000832236e8,0x0000000086100000)
 Metaspace       used 69699K, capacity 73308K, committed 73560K, reserved 1114112K
  class space    used 8193K, capacity 8783K, committed 8792K, reserved 1048576K
}

