# JRE version: OpenJDK Runtime Environment (8.0_372-b07) (build 1.8.0_372-b07)
# Java VM: OpenJDK 64-Bit Server VM (25.372-b07 mixed mode linux-amd64 compressed oops)
Heap:
 PSYoungGen      total 1396224K, used 685518K [0x000000076ab00000, 0x00000007c0000000, 0x00000007c0000000)
  eden space 1394688K, 49% used [0x000000076ab00000,0x000000079476b8d8,0x00000007bfd00000)
  from space 1536K, 68% used [0x00000007bfe80000,0x00000007bff88000,0x00000007c0000000)
  to   space 1536K, 0% used [0x00000007bfd00000,0x00000007bfd00000,0x00000007bfe80000)
 ParOldGen       total 566272K, used 281322K [0x00000006c0000000, 0x00000006e2900000, 0x000000076ab00000)
  object space 566272K, 49% used [0x00000006c0000000,0x00000006d12baa40,0x00000006e2900000)
 Metaspace       used 103156K, capacity 109034K, committed 109144K, reserved 1146880K
  class space    used 11138K, capacity 12078K, committed 12160K, reserved 1048576K
GC Heap History (10 events):
Event: 1140.907 GC heap before
{Heap before GC invocations=547 (full 7):
 PSYoungGen      total 1396224K, used 1395744K [0x000000076ab00000, 0x00000007c0000000, 0x00000007c0000000)
  eden space 1394688K, 100% used [0x000000076ab00000,0x00000007bfd00000,0x00000007bfd00000)
  from space 1536K, 68% used [0x00000007bfd00000,0x00000007bfe08000,0x00000007bfe80000)
  to   space 1536K, 0% used [0x00000007bfe80000,0x00000007bfe80000,0x00000007c0000000)
 ParOldGen       total 566272K, used 281306K [0x00000006c0000000, 0x00000006e2900000, 0x000000076ab00000)
  object space 566272K, 49% used [0x00000006c0000000,0x00000006d12b6a40,0x00000006e2900000)
 Metaspace       used 102074K, capacity 107974K, committed 108248K, reserved 1144832K
  class space    used 11025K, capacity 11982K, committed 12032K, reserved 1048576K
Event: 1140.912 GC heap after
Heap after GC invocations=547 (full 7):
 PSYoungGen      total 1396224K, used 1088K [0x000000076ab00000, 0x00000007c0000000, 0x00000007c0000000)
  eden space 1394688K, 0% used [0x000000076ab00000,0x000000076ab00000,0x00000007bfd00000)
  from space 1536K, 70% used [0x00000007bfe80000,0x00000007bff90000,0x00000007c0000000)
  to   space 1536K, 0% used [0x00000007bfd00000,0x00000007bfd00000,0x00000007bfe80000)
 ParOldGen       total 566272K, used 281306K [0x00000006c0000000, 0x00000006e2900000, 0x000000076ab00000)
  object space 566272K, 49% used [0x00000006c0000000,0x00000006d12b6a40,0x00000006e2900000)
 Metaspace       used 102074K, capacity 107974K, committed 108248K, reserved 1144832K
  class space    used 11025K, capacity 11982K, committed 12032K, reserved 1048576K
}
Event: 1143.605 GC heap before
{Heap before GC invocations=548 (full 7):
 PSYoungGen      total 1396224K, used 1395776K [0x000000076ab00000, 0x00000007c0000000, 0x00000007c0000000)
  eden space 1394688K, 100% used [0x000000076ab00000,0x00000007bfd00000,0x00000007bfd00000)
  from space 1536K, 70% used [0x00000007bfe80000,0x00000007bff90000,0x00000007c0000000)
  to   space 1536K, 0% used [0x00000007bfd00000,0x00000007bfd00000,0x00000007bfe80000)
 ParOldGen       total 566272K, used 281306K [0x00000006c0000000, 0x00000006e2900000, 0x000000076ab00000)
  object space 566272K, 49% used [0x00000006c0000000,0x00000006d12b6a40,0x00000006e2900000)
 Metaspace       used 102074K, capacity 107974K, committed 108248K, reserved 1144832K
  class space    used 11025K, capacity 11982K, committed 12032K, reserved 1048576K
Event: 1143.610 GC heap after
Heap after GC invocations=548 (full 7):
 PSYoungGen      total 1396224K, used 1056K [0x000000076ab00000, 0x00000007c0000000, 0x00000007c0000000)
  eden space 1394688K, 0% used [0x000000076ab00000,0x000000076ab00000,0x00000007bfd00000)
  from space 1536K, 68% used [0x00000007bfd00000,0x00000007bfe08000,0x00000007bfe80000)
  to   space 1536K, 0% used [0x00000007bfe80000,0x00000007bfe80000,0x00000007c0000000)
 ParOldGen       total 566272K, used 281306K [0x00000006c0000000, 0x00000006e2900000, 0x000000076ab00000)
  object space 566272K, 49% used [0x00000006c0000000,0x00000006d12b6a40,0x00000006e2900000)
 Metaspace       used 102074K, capacity 107974K, committed 108248K, reserved 1144832K
  class space    used 11025K, capacity 11982K, committed 12032K, reserved 1048576K
}
Event: 1145.334 GC heap before
{Heap before GC invocations=549 (full 7):
 PSYoungGen      total 1396224K, used 1395744K [0x000000076ab00000, 0x00000007c0000000, 0x00000007c0000000)
  eden space 1394688K, 100% used [0x000000076ab00000,0x00000007bfd00000,0x00000007bfd00000)
  from space 1536K, 68% used [0x00000007bfd00000,0x00000007bfe08000,0x00000007bfe80000)
  to   space 1536K, 0% used [0x00000007bfe80000,0x00000007bfe80000,0x00000007c0000000)
 ParOldGen       total 566272K, used 281306K [0x00000006c0000000, 0x00000006e2900000, 0x000000076ab00000)
  object space 566272K, 49% used [0x00000006c0000000,0x00000006d12b6a40,0x00000006e2900000)
 Metaspace       used 102074K, capacity 107974K, committed 108248K, reserved 1144832K
  class space    used 11025K, capacity 11982K, committed 12032K, reserved 1048576K
Event: 1145.341 GC heap after
Heap after GC invocations=549 (full 7):
 PSYoungGen      total 1396224K, used 1056K [0x000000076ab00000, 0x00000007c0000000, 0x00000007c0000000)
  eden space 1394688K, 0% used [0x000000076ab00000,0x000000076ab00000,0x00000007bfd00000)
  from space 1536K, 68% used [0x00000007bfe80000,0x00000007bff88000,0x00000007c0000000)
  to   space 1536K, 0% used [0x00000007bfd00000,0x00000007bfd00000,0x00000007bfe80000)
 ParOldGen       total 566272K, used 281306K [0x00000006c0000000, 0x00000006e2900000, 0x000000076ab00000)
  object space 566272K, 49% used [0x00000006c0000000,0x00000006d12b6a40,0x00000006e2900000)
 Metaspace       used 102074K, capacity 107974K, committed 108248K, reserved 1144832K
  class space    used 11025K, capacity 11982K, committed 12032K, reserved 1048576K
}
Event: 1147.372 GC heap before
{Heap before GC invocations=550 (full 7):
 PSYoungGen      total 1396224K, used 1395744K [0x000000076ab00000, 0x00000007c0000000, 0x00000007c0000000)
  eden space 1394688K, 100% used [0x000000076ab00000,0x00000007bfd00000,0x00000007bfd00000)
  from space 1536K, 68% used [0x00000007bfe80000,0x00000007bff88000,0x00000007c0000000)
  to   space 1536K, 0% used [0x00000007bfd00000,0x00000007bfd00000,0x00000007bfe80000)
 ParOldGen       total 566272K, used 281306K [0x00000006c0000000, 0x00000006e2900000, 0x000000076ab00000)
  object space 566272K, 49% used [0x00000006c0000000,0x00000006d12b6a40,0x00000006e2900000)
 Metaspace       used 102074K, capacity 107974K, committed 108248K, reserved 1144832K
  class space    used 11025K, capacity 11982K, committed 12032K, reserved 1048576K
Event: 1147.377 GC heap after
Heap after GC invocations=550 (full 7):
 PSYoungGen      total 1396224K, used 1056K [0x000000076ab00000, 0x00000007c0000000, 0x00000007c0000000)
  eden space 1394688K, 0% used [0x000000076ab00000,0x000000076ab00000,0x00000007bfd00000)
  from space 1536K, 68% used [0x00000007bfd00000,0x00000007bfe08000,0x00000007bfe80000)
  to   space 1536K, 0% used [0x00000007bfe80000,0x00000007bfe80000,0x00000007c0000000)
 ParOldGen       total 566272K, used 281306K [0x00000006c0000000, 0x00000006e2900000, 0x000000076ab00000)
  object space 566272K, 49% used [0x00000006c0000000,0x00000006d12b6a40,0x00000006e2900000)
 Metaspace       used 102074K, capacity 107974K, committed 108248K, reserved 1144832K
  class space    used 11025K, capacity 11982K, committed 12032K, reserved 1048576K
}
Event: 1149.127 GC heap before
{Heap before GC invocations=551 (full 7):
 PSYoungGen      total 1396224K, used 1395744K [0x000000076ab00000, 0x00000007c0000000, 0x00000007c0000000)
  eden space 1394688K, 100% used [0x000000076ab00000,0x00000007bfd00000,0x00000007bfd00000)
  from space 1536K, 68% used [0x00000007bfd00000,0x00000007bfe08000,0x00000007bfe80000)
  to   space 1536K, 0% used [0x00000007bfe80000,0x00000007bfe80000,0x00000007c0000000)
 ParOldGen       total 566272K, used 281306K [0x00000006c0000000, 0x00000006e2900000, 0x000000076ab00000)
  object space 566272K, 49% used [0x00000006c0000000,0x00000006d12b6a40,0x00000006e2900000)
 Metaspace       used 102074K, capacity 107974K, committed 108248K, reserved 1144832K
  class space    used 11025K, capacity 11982K, committed 12032K, reserved 1048576K
Event: 1149.133 GC heap after
Heap after GC invocations=551 (full 7):
 PSYoungGen      total 1396224K, used 1056K [0x000000076ab00000, 0x00000007c0000000, 0x00000007c0000000)
  eden space 1394688K, 0% used [0x000000076ab00000,0x000000076ab00000,0x00000007bfd00000)
  from space 1536K, 68% used [0x00000007bfe80000,0x00000007bff88000,0x00000007c0000000)
  to   space 1536K, 0% used [0x00000007bfd00000,0x00000007bfd00000,0x00000007bfe80000)
 ParOldGen       total 566272K, used 281322K [0x00000006c0000000, 0x00000006e2900000, 0x000000076ab00000)
  object space 566272K, 49% used [0x00000006c0000000,0x00000006d12baa40,0x00000006e2900000)
 Metaspace       used 102074K, capacity 107974K, committed 108248K, reserved 1144832K
  class space    used 11025K, capacity 11982K, committed 12032K, reserved 1048576K
}

