# JRE version: OpenJDK Runtime Environment (8.0_362-b09) (build 1.8.0_362-b09)
# Java VM: OpenJDK 64-Bit Server VM (25.362-b09 mixed mode linux-amd64 compressed oops)
Heap:
 PSYoungGen      total 1052160K, used 554889K [0x000000076ab00000, 0x00000007b5c80000, 0x00000007c0000000)
  eden space 891392K, 54% used [0x000000076ab00000,0x00000007881661b0,0x00000007a1180000)
  from space 160768K, 45% used [0x00000007abf80000,0x00000007b06fc398,0x00000007b5c80000)
  to   space 169472K, 0% used [0x00000007a1180000,0x00000007a1180000,0x00000007ab700000)
 ParOldGen       total 812032K, used 458694K [0x00000006c0000000, 0x00000006f1900000, 0x000000076ab00000)
  object space 812032K, 56% used [0x00000006c0000000,0x00000006dbff19c0,0x00000006f1900000)
 Metaspace       used 98820K, capacity 104338K, committed 104536K, reserved 1142784K
  class space    used 10667K, capacity 11548K, committed 11648K, reserved 1048576K
GC Heap History (10 events):
Event: 133.495 GC heap before
{Heap before GC invocations=36 (full 6):
 PSYoungGen      total 955392K, used 765762K [0x000000076ab00000, 0x00000007b6380000, 0x00000007c0000000)
  eden space 722944K, 100% used [0x000000076ab00000,0x0000000796d00000,0x0000000796d00000)
  from space 232448K, 18% used [0x0000000796d00000,0x00000007996d0898,0x00000007a5000000)
  to   space 222208K, 0% used [0x00000007a8a80000,0x00000007a8a80000,0x00000007b6380000)
 ParOldGen       total 812032K, used 458670K [0x00000006c0000000, 0x00000006f1900000, 0x000000076ab00000)
  object space 812032K, 56% used [0x00000006c0000000,0x00000006dbfeb9c0,0x00000006f1900000)
 Metaspace       used 98528K, capacity 104068K, committed 104280K, reserved 1142784K
  class space    used 10667K, capacity 11547K, committed 11648K, reserved 1048576K
Event: 133.528 GC heap after
Heap after GC invocations=36 (full 6):
 PSYoungGen      total 978432K, used 47236K [0x000000076ab00000, 0x00000007b4780000, 0x00000007c0000000)
  eden space 784896K, 0% used [0x000000076ab00000,0x000000076ab00000,0x000000079a980000)
  from space 193536K, 24% used [0x00000007a8a80000,0x00000007ab8a1210,0x00000007b4780000)
  to   space 211968K, 0% used [0x000000079a980000,0x000000079a980000,0x00000007a7880000)
 ParOldGen       total 812032K, used 458678K [0x00000006c0000000, 0x00000006f1900000, 0x000000076ab00000)
  object space 812032K, 56% used [0x00000006c0000000,0x00000006dbfed9c0,0x00000006f1900000)
 Metaspace       used 98528K, capacity 104068K, committed 104280K, reserved 1142784K
  class space    used 10667K, capacity 11547K, committed 11648K, reserved 1048576K
}
Event: 141.330 GC heap before
{Heap before GC invocations=37 (full 6):
 PSYoungGen      total 978432K, used 832132K [0x000000076ab00000, 0x00000007b4780000, 0x00000007c0000000)
  eden space 784896K, 100% used [0x000000076ab00000,0x000000079a980000,0x000000079a980000)
  from space 193536K, 24% used [0x00000007a8a80000,0x00000007ab8a1210,0x00000007b4780000)
  to   space 211968K, 0% used [0x000000079a980000,0x000000079a980000,0x00000007a7880000)
 ParOldGen       total 812032K, used 458678K [0x00000006c0000000, 0x00000006f1900000, 0x000000076ab00000)
  object space 812032K, 56% used [0x00000006c0000000,0x00000006dbfed9c0,0x00000006f1900000)
 Metaspace       used 98536K, capacity 104068K, committed 104280K, reserved 1142784K
  class space    used 10667K, capacity 11547K, committed 11648K, reserved 1048576K
Event: 141.367 GC heap after
Heap after GC invocations=37 (full 6):
 PSYoungGen      total 996864K, used 52969K [0x000000076ab00000, 0x00000007b6c80000, 0x00000007c0000000)
  eden space 784896K, 0% used [0x000000076ab00000,0x000000076ab00000,0x000000079a980000)
  from space 211968K, 24% used [0x000000079a980000,0x000000079dd3a790,0x00000007a7880000)
  to   space 200704K, 0% used [0x00000007aa880000,0x00000007aa880000,0x00000007b6c80000)
 ParOldGen       total 812032K, used 458686K [0x00000006c0000000, 0x00000006f1900000, 0x000000076ab00000)
  object space 812032K, 56% used [0x00000006c0000000,0x00000006dbfef9c0,0x00000006f1900000)
 Metaspace       used 98536K, capacity 104068K, committed 104280K, reserved 1142784K
  class space    used 10667K, capacity 11547K, committed 11648K, reserved 1048576K
}
Event: 149.517 GC heap before
{Heap before GC invocations=38 (full 6):
 PSYoungGen      total 996864K, used 837865K [0x000000076ab00000, 0x00000007b6c80000, 0x00000007c0000000)
  eden space 784896K, 100% used [0x000000076ab00000,0x000000079a980000,0x000000079a980000)
  from space 211968K, 24% used [0x000000079a980000,0x000000079dd3a790,0x00000007a7880000)
  to   space 200704K, 0% used [0x00000007aa880000,0x00000007aa880000,0x00000007b6c80000)
 ParOldGen       total 812032K, used 458686K [0x00000006c0000000, 0x00000006f1900000, 0x000000076ab00000)
  object space 812032K, 56% used [0x00000006c0000000,0x00000006dbfef9c0,0x00000006f1900000)
 Metaspace       used 98564K, capacity 104068K, committed 104280K, reserved 1142784K
  class space    used 10667K, capacity 11547K, committed 11648K, reserved 1048576K
Event: 149.575 GC heap after
Heap after GC invocations=38 (full 6):
 PSYoungGen      total 1019392K, used 57127K [0x000000076ab00000, 0x00000007b5480000, 0x00000007c0000000)
  eden space 843264K, 0% used [0x000000076ab00000,0x000000076ab00000,0x000000079e280000)
  from space 176128K, 32% used [0x00000007aa880000,0x00000007ae049cd8,0x00000007b5480000)
  to   space 189440K, 0% used [0x000000079e280000,0x000000079e280000,0x00000007a9b80000)
 ParOldGen       total 812032K, used 458694K [0x00000006c0000000, 0x00000006f1900000, 0x000000076ab00000)
  object space 812032K, 56% used [0x00000006c0000000,0x00000006dbff19c0,0x00000006f1900000)
 Metaspace       used 98564K, capacity 104068K, committed 104280K, reserved 1142784K
  class space    used 10667K, capacity 11547K, committed 11648K, reserved 1048576K
}
Event: 158.208 GC heap before
{Heap before GC invocations=39 (full 6):
 PSYoungGen      total 1019392K, used 900391K [0x000000076ab00000, 0x00000007b5480000, 0x00000007c0000000)
  eden space 843264K, 100% used [0x000000076ab00000,0x000000079e280000,0x000000079e280000)
  from space 176128K, 32% used [0x00000007aa880000,0x00000007ae049cd8,0x00000007b5480000)
  to   space 189440K, 0% used [0x000000079e280000,0x000000079e280000,0x00000007a9b80000)
 ParOldGen       total 812032K, used 458694K [0x00000006c0000000, 0x00000006f1900000, 0x000000076ab00000)
  object space 812032K, 56% used [0x00000006c0000000,0x00000006dbff19c0,0x00000006f1900000)
 Metaspace       used 98571K, capacity 104068K, committed 104280K, reserved 1142784K
  class space    used 10667K, capacity 11547K, committed 11648K, reserved 1048576K
Event: 158.249 GC heap after
Heap after GC invocations=39 (full 6):
 PSYoungGen      total 1032704K, used 62294K [0x000000076ab00000, 0x00000007b6d80000, 0x00000007c0000000)
  eden space 843264K, 0% used [0x000000076ab00000,0x000000076ab00000,0x000000079e280000)
  from space 189440K, 32% used [0x000000079e280000,0x00000007a1f55950,0x00000007a9b80000)
  to   space 178176K, 0% used [0x00000007abf80000,0x00000007abf80000,0x00000007b6d80000)
 ParOldGen       total 812032K, used 458694K [0x00000006c0000000, 0x00000006f1900000, 0x000000076ab00000)
  object space 812032K, 56% used [0x00000006c0000000,0x00000006dbff19c0,0x00000006f1900000)
 Metaspace       used 98571K, capacity 104068K, committed 104280K, reserved 1142784K
  class space    used 10667K, capacity 11547K, committed 11648K, reserved 1048576K
}
Event: 167.075 GC heap before
{Heap before GC invocations=40 (full 6):
 PSYoungGen      total 1032704K, used 905558K [0x000000076ab00000, 0x00000007b6d80000, 0x00000007c0000000)
  eden space 843264K, 100% used [0x000000076ab00000,0x000000079e280000,0x000000079e280000)
  from space 189440K, 32% used [0x000000079e280000,0x00000007a1f55950,0x00000007a9b80000)
  to   space 178176K, 0% used [0x00000007abf80000,0x00000007abf80000,0x00000007b6d80000)
 ParOldGen       total 812032K, used 458694K [0x00000006c0000000, 0x00000006f1900000, 0x000000076ab00000)
  object space 812032K, 56% used [0x00000006c0000000,0x00000006dbff19c0,0x00000006f1900000)
 Metaspace       used 98671K, capacity 104202K, committed 104536K, reserved 1142784K
  class space    used 10667K, capacity 11548K, committed 11648K, reserved 1048576K
Event: 167.142 GC heap after
Heap after GC invocations=40 (full 6):
 PSYoungGen      total 1052160K, used 73200K [0x000000076ab00000, 0x00000007b5c80000, 0x00000007c0000000)
  eden space 891392K, 0% used [0x000000076ab00000,0x000000076ab00000,0x00000007a1180000)
  from space 160768K, 45% used [0x00000007abf80000,0x00000007b06fc398,0x00000007b5c80000)
  to   space 169472K, 0% used [0x00000007a1180000,0x00000007a1180000,0x00000007ab700000)
 ParOldGen       total 812032K, used 458694K [0x00000006c0000000, 0x00000006f1900000, 0x000000076ab00000)
  object space 812032K, 56% used [0x00000006c0000000,0x00000006dbff19c0,0x00000006f1900000)
 Metaspace       used 98671K, capacity 104202K, committed 104536K, reserved 1142784K
  class space    used 10667K, capacity 11548K, committed 11648K, reserved 1048576K
}

