# JRE version: OpenJDK Runtime Environment (8.0_402-b06) (build 1.8.0_402-b06)
# Java VM: OpenJDK 64-Bit Server VM (25.402-b06 mixed mode linux-amd64 compressed oops)
Heap:
 PSYoungGen      total 368640K, used 115522K [0x000000076ab00000, 0x0000000783880000, 0x00000007c0000000)
  eden space 355840K, 28% used [0x000000076ab00000,0x0000000770f514a0,0x0000000780680000)
  from space 12800K, 99% used [0x0000000781e80000,0x0000000782aff6f8,0x0000000782b00000)
  to   space 24576K, 0% used [0x0000000780680000,0x0000000780680000,0x0000000781e80000)
 ParOldGen       total 161280K, used 47961K [0x00000006c0000000, 0x00000006c9d80000, 0x000000076ab00000)
  object space 161280K, 29% used [0x00000006c0000000,0x00000006c2ed64c0,0x00000006c9d80000)
 Metaspace       used 47025K, capacity 49489K, committed 49792K, reserved 1093632K
  class space    used 5812K, capacity 6263K, committed 6272K, reserved 1048576K
GC Heap History (10 events):
Event: 2.866 GC heap before
{Heap before GC invocations=8 (full 1):
 PSYoungGen      total 205312K, used 205256K [0x000000076ab00000, 0x000000077b200000, 0x00000007c0000000)
  eden space 201728K, 100% used [0x000000076ab00000,0x0000000777000000,0x0000000777000000)
  from space 3584K, 98% used [0x000000077ae80000,0x000000077b1f2150,0x000000077b200000)
  to   space 7680K, 0% used [0x000000077a300000,0x000000077a300000,0x000000077aa80000)
 ParOldGen       total 96768K, used 5079K [0x00000006c0000000, 0x00000006c5e80000, 0x000000076ab00000)
  object space 96768K, 5% used [0x00000006c0000000,0x00000006c04f5cd8,0x00000006c5e80000)
 Metaspace       used 27956K, capacity 29428K, committed 29568K, reserved 1075200K
  class space    used 3669K, capacity 3957K, committed 3968K, reserved 1048576K
Event: 2.871 GC heap after
Heap after GC invocations=8 (full 1):
 PSYoungGen      total 261632K, used 4722K [0x000000076ab00000, 0x000000077e600000, 0x00000007c0000000)
  eden space 253952K, 0% used [0x000000076ab00000,0x000000076ab00000,0x000000077a300000)
  from space 7680K, 61% used [0x000000077a300000,0x000000077a79cb18,0x000000077aa80000)
  to   space 7680K, 0% used [0x000000077de80000,0x000000077de80000,0x000000077e600000)
 ParOldGen       total 96768K, used 5087K [0x00000006c0000000, 0x00000006c5e80000, 0x000000076ab00000)
  object space 96768K, 5% used [0x00000006c0000000,0x00000006c04f7cd8,0x00000006c5e80000)
 Metaspace       used 27956K, capacity 29428K, committed 29568K, reserved 1075200K
  class space    used 3669K, capacity 3957K, committed 3968K, reserved 1048576K
}
Event: 3.347 GC heap before
{Heap before GC invocations=9 (full 1):
 PSYoungGen      total 261632K, used 151377K [0x000000076ab00000, 0x000000077e600000, 0x00000007c0000000)
  eden space 253952K, 57% used [0x000000076ab00000,0x0000000773a37c88,0x000000077a300000)
  from space 7680K, 61% used [0x000000077a300000,0x000000077a79cb18,0x000000077aa80000)
  to   space 7680K, 0% used [0x000000077de80000,0x000000077de80000,0x000000077e600000)
 ParOldGen       total 96768K, used 5087K [0x00000006c0000000, 0x00000006c5e80000, 0x000000076ab00000)
  object space 96768K, 5% used [0x00000006c0000000,0x00000006c04f7cd8,0x00000006c5e80000)
 Metaspace       used 33749K, capacity 35318K, committed 35456K, reserved 1079296K
  class space    used 4423K, capacity 4731K, committed 4736K, reserved 1048576K
Event: 3.352 GC heap after
Heap after GC invocations=9 (full 1):
 PSYoungGen      total 314880K, used 6610K [0x000000076ab00000, 0x0000000782f80000, 0x00000007c0000000)
  eden space 307200K, 0% used [0x000000076ab00000,0x000000076ab00000,0x000000077d700000)
  from space 7680K, 86% used [0x000000077de80000,0x000000077e4f4ba8,0x000000077e600000)
  to   space 7680K, 0% used [0x000000077d700000,0x000000077d700000,0x000000077de80000)
 ParOldGen       total 96768K, used 5095K [0x00000006c0000000, 0x00000006c5e80000, 0x000000076ab00000)
  object space 96768K, 5% used [0x00000006c0000000,0x00000006c04f9cd8,0x00000006c5e80000)
 Metaspace       used 33749K, capacity 35318K, committed 35456K, reserved 1079296K
  class space    used 4423K, capacity 4731K, committed 4736K, reserved 1048576K
}
Event: 3.352 GC heap before
{Heap before GC invocations=10 (full 2):
 PSYoungGen      total 314880K, used 6610K [0x000000076ab00000, 0x0000000782f80000, 0x00000007c0000000)
  eden space 307200K, 0% used [0x000000076ab00000,0x000000076ab00000,0x000000077d700000)
  from space 7680K, 86% used [0x000000077de80000,0x000000077e4f4ba8,0x000000077e600000)
  to   space 7680K, 0% used [0x000000077d700000,0x000000077d700000,0x000000077de80000)
 ParOldGen       total 96768K, used 5095K [0x00000006c0000000, 0x00000006c5e80000, 0x000000076ab00000)
  object space 96768K, 5% used [0x00000006c0000000,0x00000006c04f9cd8,0x00000006c5e80000)
 Metaspace       used 33749K, capacity 35318K, committed 35456K, reserved 1079296K
  class space    used 4423K, capacity 4731K, committed 4736K, reserved 1048576K
Event: 3.397 GC heap after
Heap after GC invocations=10 (full 2):
 PSYoungGen      total 314880K, used 0K [0x000000076ab00000, 0x0000000782f80000, 0x00000007c0000000)
  eden space 307200K, 0% used [0x000000076ab00000,0x000000076ab00000,0x000000077d700000)
  from space 7680K, 0% used [0x000000077de80000,0x000000077de80000,0x000000077e600000)
  to   space 7680K, 0% used [0x000000077d700000,0x000000077d700000,0x000000077de80000)
 ParOldGen       total 161280K, used 10830K [0x00000006c0000000, 0x00000006c9d80000, 0x000000076ab00000)
  object space 161280K, 6% used [0x00000006c0000000,0x00000006c0a93b58,0x00000006c9d80000)
 Metaspace       used 33737K, capacity 35300K, committed 35456K, reserved 1079296K
  class space    used 4422K, capacity 4728K, committed 4736K, reserved 1048576K
}
Event: 6.559 GC heap before
{Heap before GC invocations=11 (full 2):
 PSYoungGen      total 314880K, used 307200K [0x000000076ab00000, 0x0000000782f80000, 0x00000007c0000000)
  eden space 307200K, 100% used [0x000000076ab00000,0x000000077d700000,0x000000077d700000)
  from space 7680K, 0% used [0x000000077de80000,0x000000077de80000,0x000000077e600000)
  to   space 7680K, 0% used [0x000000077d700000,0x000000077d700000,0x000000077de80000)
 ParOldGen       total 161280K, used 10830K [0x00000006c0000000, 0x00000006c9d80000, 0x000000076ab00000)
  object space 161280K, 6% used [0x00000006c0000000,0x00000006c0a93b58,0x00000006c9d80000)
 Metaspace       used 43028K, capacity 45057K, committed 45312K, reserved 1089536K
  class space    used 5380K, capacity 5783K, committed 5888K, reserved 1048576K
Event: 6.571 GC heap after
Heap after GC invocations=11 (full 2):
 PSYoungGen      total 314880K, used 7648K [0x000000076ab00000, 0x0000000782b00000, 0x00000007c0000000)
  eden space 307200K, 0% used [0x000000076ab00000,0x000000076ab00000,0x000000077d700000)
  from space 7680K, 99% used [0x000000077d700000,0x000000077de78390,0x000000077de80000)
  to   space 12800K, 0% used [0x0000000781e80000,0x0000000781e80000,0x0000000782b00000)
 ParOldGen       total 161280K, used 21186K [0x00000006c0000000, 0x00000006c9d80000, 0x000000076ab00000)
  object space 161280K, 13% used [0x00000006c0000000,0x00000006c14b0a40,0x00000006c9d80000)
 Metaspace       used 43028K, capacity 45057K, committed 45312K, reserved 1089536K
  class space    used 5380K, capacity 5783K, committed 5888K, reserved 1048576K
}
Event: 14.923 GC heap before
{Heap before GC invocations=12 (full 2):
 PSYoungGen      total 314880K, used 314848K [0x000000076ab00000, 0x0000000782b00000, 0x00000007c0000000)
  eden space 307200K, 100% used [0x000000076ab00000,0x000000077d700000,0x000000077d700000)
  from space 7680K, 99% used [0x000000077d700000,0x000000077de78390,0x000000077de80000)
  to   space 12800K, 0% used [0x0000000781e80000,0x0000000781e80000,0x0000000782b00000)
 ParOldGen       total 161280K, used 21186K [0x00000006c0000000, 0x00000006c9d80000, 0x000000076ab00000)
  object space 161280K, 13% used [0x00000006c0000000,0x00000006c14b0a40,0x00000006c9d80000)
 Metaspace       used 45758K, capacity 48153K, committed 48512K, reserved 1091584K
  class space    used 5716K, capacity 6151K, committed 6272K, reserved 1048576K
Event: 14.932 GC heap after
Heap after GC invocations=12 (full 2):
 PSYoungGen      total 368640K, used 12797K [0x000000076ab00000, 0x0000000783880000, 0x00000007c0000000)
  eden space 355840K, 0% used [0x000000076ab00000,0x000000076ab00000,0x0000000780680000)
  from space 12800K, 99% used [0x0000000781e80000,0x0000000782aff6f8,0x0000000782b00000)
  to   space 24576K, 0% used [0x0000000780680000,0x0000000780680000,0x0000000781e80000)
 ParOldGen       total 161280K, used 47961K [0x00000006c0000000, 0x00000006c9d80000, 0x000000076ab00000)
  object space 161280K, 29% used [0x00000006c0000000,0x00000006c2ed64c0,0x00000006c9d80000)
 Metaspace       used 45758K, capacity 48153K, committed 48512K, reserved 1091584K
  class space    used 5716K, capacity 6151K, committed 6272K, reserved 1048576K
}

