# JRE version: OpenJDK Runtime Environment (8.0_332-b09) (build 1.8.0_332-b09)
# Java VM: OpenJDK 64-Bit Server VM (25.332-b09 mixed mode linux-amd64 compressed oops)
Heap:
 PSYoungGen      total 564736K, used 267045K [0x00000000d5580000, 0x0000000100000000, 0x0000000100000000)
  eden space 529920K, 45% used [0x00000000d5580000,0x00000000e41be768,0x00000000f5b00000)
  from space 34816K, 72% used [0x00000000f5b00000,0x00000000f738ad80,0x00000000f7d00000)
  to   space 36864K, 0% used [0x00000000fdc00000,0x00000000fdc00000,0x0000000100000000)
 ParOldGen       total 79360K, used 59556K [0x0000000080000000, 0x0000000084d80000, 0x00000000d5580000)
  object space 79360K, 75% used [0x0000000080000000,0x0000000083a29078,0x0000000084d80000)
 Metaspace       used 73390K, capacity 77354K, committed 77460K, reserved 1118208K
  class space    used 8711K, capacity 9370K, committed 9404K, reserved 1048576K
GC Heap History (10 events):
Event: 12.144 GC heap before
{Heap before GC invocations=14 (full 2):
 PSYoungGen      total 258048K, used 258027K [0x00000000d5580000, 0x00000000ede00000, 0x0000000100000000)
  eden space 246784K, 100% used [0x00000000d5580000,0x00000000e4680000,0x00000000e4680000)
  from space 11264K, 99% used [0x00000000e4680000,0x00000000e517ad30,0x00000000e5180000)
  to   space 13312K, 0% used [0x00000000ed100000,0x00000000ed100000,0x00000000ede00000)
 ParOldGen       total 58880K, used 13659K [0x0000000080000000, 0x0000000083980000, 0x00000000d5580000)
  object space 58880K, 23% used [0x0000000080000000,0x0000000080d56dc8,0x0000000083980000)
 Metaspace       used 50436K, capacity 53158K, committed 53336K, reserved 1095680K
  class space    used 6292K, capacity 6744K, committed 6784K, reserved 1048576K
Event: 12.162 GC heap after
Heap after GC invocations=14 (full 2):
 PSYoungGen      total 382464K, used 13285K [0x00000000d5580000, 0x00000000ee680000, 0x0000000100000000)
  eden space 369152K, 0% used [0x00000000d5580000,0x00000000d5580000,0x00000000ebe00000)
  from space 13312K, 99% used [0x00000000ed100000,0x00000000eddf97e8,0x00000000ede00000)
  to   space 19456K, 0% used [0x00000000ebe00000,0x00000000ebe00000,0x00000000ed100000)
 ParOldGen       total 58880K, used 25542K [0x0000000080000000, 0x0000000083980000, 0x00000000d5580000)
  object space 58880K, 43% used [0x0000000080000000,0x00000000818f1a30,0x0000000083980000)
 Metaspace       used 50436K, capacity 53158K, committed 53336K, reserved 1095680K
  class space    used 6292K, capacity 6744K, committed 6784K, reserved 1048576K
}
Event: 16.984 GC heap before
{Heap before GC invocations=15 (full 2):
 PSYoungGen      total 382464K, used 225823K [0x00000000d5580000, 0x00000000ee680000, 0x0000000100000000)
  eden space 369152K, 57% used [0x00000000d5580000,0x00000000e250e580,0x00000000ebe00000)
  from space 13312K, 99% used [0x00000000ed100000,0x00000000eddf97e8,0x00000000ede00000)
  to   space 19456K, 0% used [0x00000000ebe00000,0x00000000ebe00000,0x00000000ed100000)
 ParOldGen       total 58880K, used 25542K [0x0000000080000000, 0x0000000083980000, 0x00000000d5580000)
  object space 58880K, 43% used [0x0000000080000000,0x00000000818f1a30,0x0000000083980000)
 Metaspace       used 56013K, capacity 58832K, committed 59028K, reserved 1101824K
  class space    used 6811K, capacity 7297K, committed 7356K, reserved 1048576K
Event: 16.994 GC heap after
Heap after GC invocations=15 (full 2):
 PSYoungGen      total 388608K, used 6978K [0x00000000d5580000, 0x00000000f8f00000, 0x0000000100000000)
  eden space 369152K, 0% used [0x00000000d5580000,0x00000000d5580000,0x00000000ebe00000)
  from space 19456K, 35% used [0x00000000ebe00000,0x00000000ec4d09d8,0x00000000ed100000)
  to   space 18432K, 0% used [0x00000000f7d00000,0x00000000f7d00000,0x00000000f8f00000)
 ParOldGen       total 58880K, used 27601K [0x0000000080000000, 0x0000000083980000, 0x00000000d5580000)
  object space 58880K, 46% used [0x0000000080000000,0x0000000081af4710,0x0000000083980000)
 Metaspace       used 56013K, capacity 58832K, committed 59028K, reserved 1101824K
  class space    used 6811K, capacity 7297K, committed 7356K, reserved 1048576K
}
Event: 16.994 GC heap before
{Heap before GC invocations=16 (full 3):
 PSYoungGen      total 388608K, used 6978K [0x00000000d5580000, 0x00000000f8f00000, 0x0000000100000000)
  eden space 369152K, 0% used [0x00000000d5580000,0x00000000d5580000,0x00000000ebe00000)
  from space 19456K, 35% used [0x00000000ebe00000,0x00000000ec4d09d8,0x00000000ed100000)
  to   space 18432K, 0% used [0x00000000f7d00000,0x00000000f7d00000,0x00000000f8f00000)
 ParOldGen       total 58880K, used 27601K [0x0000000080000000, 0x0000000083980000, 0x00000000d5580000)
  object space 58880K, 46% used [0x0000000080000000,0x0000000081af4710,0x0000000083980000)
 Metaspace       used 56013K, capacity 58832K, committed 59028K, reserved 1101824K
  class space    used 6811K, capacity 7297K, committed 7356K, reserved 1048576K
Event: 17.107 GC heap after
Heap after GC invocations=16 (full 3):
 PSYoungGen      total 388608K, used 0K [0x00000000d5580000, 0x00000000f8f00000, 0x0000000100000000)
  eden space 369152K, 0% used [0x00000000d5580000,0x00000000d5580000,0x00000000ebe00000)
  from space 19456K, 0% used [0x00000000ebe00000,0x00000000ebe00000,0x00000000ed100000)
  to   space 18432K, 0% used [0x00000000f7d00000,0x00000000f7d00000,0x00000000f8f00000)
 ParOldGen       total 79360K, used 23360K [0x0000000080000000, 0x0000000084d80000, 0x00000000d5580000)
  object space 79360K, 29% used [0x0000000080000000,0x00000000816d01b0,0x0000000084d80000)
 Metaspace       used 56013K, capacity 58832K, committed 59028K, reserved 1101824K
  class space    used 6811K, capacity 7297K, committed 7356K, reserved 1048576K
}
Event: 17.821 GC heap before
{Heap before GC invocations=17 (full 3):
 PSYoungGen      total 388608K, used 369152K [0x00000000d5580000, 0x00000000f8f00000, 0x0000000100000000)
  eden space 369152K, 100% used [0x00000000d5580000,0x00000000ebe00000,0x00000000ebe00000)
  from space 19456K, 0% used [0x00000000ebe00000,0x00000000ebe00000,0x00000000ed100000)
  to   space 18432K, 0% used [0x00000000f7d00000,0x00000000f7d00000,0x00000000f8f00000)
 ParOldGen       total 79360K, used 23360K [0x0000000080000000, 0x0000000084d80000, 0x00000000d5580000)
  object space 79360K, 29% used [0x0000000080000000,0x00000000816d01b0,0x0000000084d80000)
 Metaspace       used 57903K, capacity 60770K, committed 60948K, reserved 1103872K
  class space    used 6942K, capacity 7428K, committed 7484K, reserved 1048576K
Event: 17.854 GC heap after
Heap after GC invocations=17 (full 3):
 PSYoungGen      total 548352K, used 18431K [0x00000000d5580000, 0x00000000fa800000, 0x0000000100000000)
  eden space 529920K, 0% used [0x00000000d5580000,0x00000000d5580000,0x00000000f5b00000)
  from space 18432K, 99% used [0x00000000f7d00000,0x00000000f8efffd8,0x00000000f8f00000)
  to   space 34816K, 0% used [0x00000000f5b00000,0x00000000f5b00000,0x00000000f7d00000)
 ParOldGen       total 79360K, used 59367K [0x0000000080000000, 0x0000000084d80000, 0x00000000d5580000)
  object space 79360K, 74% used [0x0000000080000000,0x00000000839f9db0,0x0000000084d80000)
 Metaspace       used 57903K, capacity 60770K, committed 60948K, reserved 1103872K
  class space    used 6942K, capacity 7428K, committed 7484K, reserved 1048576K
}
Event: 26.113 GC heap before
{Heap before GC invocations=18 (full 3):
 PSYoungGen      total 548352K, used 548351K [0x00000000d5580000, 0x00000000fa800000, 0x0000000100000000)
  eden space 529920K, 100% used [0x00000000d5580000,0x00000000f5b00000,0x00000000f5b00000)
  from space 18432K, 99% used [0x00000000f7d00000,0x00000000f8efffd8,0x00000000f8f00000)
  to   space 34816K, 0% used [0x00000000f5b00000,0x00000000f5b00000,0x00000000f7d00000)
 ParOldGen       total 79360K, used 59367K [0x0000000080000000, 0x0000000084d80000, 0x00000000d5580000)
  object space 79360K, 74% used [0x0000000080000000,0x00000000839f9db0,0x0000000084d80000)
 Metaspace       used 67815K, capacity 71294K, committed 71572K, reserved 1112064K
  class space    used 7998K, capacity 8576K, committed 8636K, reserved 1048576K
Event: 26.138 GC heap after
Heap after GC invocations=18 (full 3):
 PSYoungGen      total 564736K, used 25131K [0x00000000d5580000, 0x0000000100000000, 0x0000000100000000)
  eden space 529920K, 0% used [0x00000000d5580000,0x00000000d5580000,0x00000000f5b00000)
  from space 34816K, 72% used [0x00000000f5b00000,0x00000000f738ad80,0x00000000f7d00000)
  to   space 36864K, 0% used [0x00000000fdc00000,0x00000000fdc00000,0x0000000100000000)
 ParOldGen       total 79360K, used 59556K [0x0000000080000000, 0x0000000084d80000, 0x00000000d5580000)
  object space 79360K, 75% used [0x0000000080000000,0x0000000083a29078,0x0000000084d80000)
 Metaspace       used 67815K, capacity 71294K, committed 71572K, reserved 1112064K
  class space    used 7998K, capacity 8576K, committed 8636K, reserved 1048576K
}

