# JRE version: OpenJDK Runtime Environment (8.0_402-b06) (build 1.8.0_402-b06)
# Java VM: OpenJDK 64-Bit Server VM (25.402-b06 mixed mode linux-amd64 compressed oops)
Heap:
 PSYoungGen      total 373760K, used 108436K [0x000000076ab00000, 0x0000000783e00000, 0x00000007c0000000)
  eden space 360960K, 26% used [0x000000076ab00000,0x0000000770869510,0x0000000780b80000)
  from space 12800K, 99% used [0x0000000782380000,0x0000000782ffbd58,0x0000000783000000)
  to   space 24576K, 0% used [0x0000000780b80000,0x0000000780b80000,0x0000000782380000)
 ParOldGen       total 159232K, used 48297K [0x00000006c0000000, 0x00000006c9b80000, 0x000000076ab00000)
  object space 159232K, 30% used [0x00000006c0000000,0x00000006c2f2a418,0x00000006c9b80000)
 Metaspace       used 47078K, capacity 49549K, committed 49832K, reserved 1093632K
  class space    used 5813K, capacity 6263K, committed 6312K, reserved 1048576K
GC Heap History (10 events):
Event: 2.871 GC heap before
{Heap before GC invocations=8 (full 1):
 PSYoungGen      total 208384K, used 208296K [0x000000076ab00000, 0x000000077b200000, 0x00000007c0000000)
  eden space 204800K, 100% used [0x000000076ab00000,0x0000000777300000,0x0000000777300000)
  from space 3584K, 97% used [0x000000077ae80000,0x000000077b1ea078,0x000000077b200000)
  to   space 7680K, 0% used [0x000000077a300000,0x000000077a300000,0x000000077aa80000)
 ParOldGen       total 94720K, used 5087K [0x00000006c0000000, 0x00000006c5c80000, 0x000000076ab00000)
  object space 94720K, 5% used [0x00000006c0000000,0x00000006c04f7ce0,0x00000006c5c80000)
 Metaspace       used 28075K, capacity 29572K, committed 29696K, reserved 1075200K
  class space    used 3680K, capacity 3987K, committed 4096K, reserved 1048576K
Event: 2.873 GC heap after
Heap after GC invocations=8 (full 1):
 PSYoungGen      total 261632K, used 4877K [0x000000076ab00000, 0x000000077ec80000, 0x00000007c0000000)
  eden space 253952K, 0% used [0x000000076ab00000,0x000000076ab00000,0x000000077a300000)
  from space 7680K, 63% used [0x000000077a300000,0x000000077a7c3678,0x000000077aa80000)
  to   space 7168K, 0% used [0x000000077e580000,0x000000077e580000,0x000000077ec80000)
 ParOldGen       total 94720K, used 5095K [0x00000006c0000000, 0x00000006c5c80000, 0x000000076ab00000)
  object space 94720K, 5% used [0x00000006c0000000,0x00000006c04f9ce0,0x00000006c5c80000)
 Metaspace       used 28075K, capacity 29572K, committed 29696K, reserved 1075200K
  class space    used 3680K, capacity 3987K, committed 4096K, reserved 1048576K
}
Event: 3.404 GC heap before
{Heap before GC invocations=9 (full 1):
 PSYoungGen      total 261632K, used 147539K [0x000000076ab00000, 0x000000077ec80000, 0x00000007c0000000)
  eden space 253952K, 56% used [0x000000076ab00000,0x0000000773651640,0x000000077a300000)
  from space 7680K, 63% used [0x000000077a300000,0x000000077a7c3678,0x000000077aa80000)
  to   space 7168K, 0% used [0x000000077e580000,0x000000077e580000,0x000000077ec80000)
 ParOldGen       total 94720K, used 5095K [0x00000006c0000000, 0x00000006c5c80000, 0x000000076ab00000)
  object space 94720K, 5% used [0x00000006c0000000,0x00000006c04f9ce0,0x00000006c5c80000)
 Metaspace       used 33830K, capacity 35416K, committed 35496K, reserved 1079296K
  class space    used 4432K, capacity 4764K, committed 4776K, reserved 1048576K
Event: 3.409 GC heap after
Heap after GC invocations=9 (full 1):
 PSYoungGen      total 321536K, used 6686K [0x000000076ab00000, 0x0000000783380000, 0x00000007c0000000)
  eden space 314368K, 0% used [0x000000076ab00000,0x000000076ab00000,0x000000077de00000)
  from space 7168K, 93% used [0x000000077e580000,0x000000077ec07a28,0x000000077ec80000)
  to   space 7680K, 0% used [0x000000077de00000,0x000000077de00000,0x000000077e580000)
 ParOldGen       total 94720K, used 5103K [0x00000006c0000000, 0x00000006c5c80000, 0x000000076ab00000)
  object space 94720K, 5% used [0x00000006c0000000,0x00000006c04fbce0,0x00000006c5c80000)
 Metaspace       used 33830K, capacity 35416K, committed 35496K, reserved 1079296K
  class space    used 4432K, capacity 4764K, committed 4776K, reserved 1048576K
}
Event: 3.409 GC heap before
{Heap before GC invocations=10 (full 2):
 PSYoungGen      total 321536K, used 6686K [0x000000076ab00000, 0x0000000783380000, 0x00000007c0000000)
  eden space 314368K, 0% used [0x000000076ab00000,0x000000076ab00000,0x000000077de00000)
  from space 7168K, 93% used [0x000000077e580000,0x000000077ec07a28,0x000000077ec80000)
  to   space 7680K, 0% used [0x000000077de00000,0x000000077de00000,0x000000077e580000)
 ParOldGen       total 94720K, used 5103K [0x00000006c0000000, 0x00000006c5c80000, 0x000000076ab00000)
  object space 94720K, 5% used [0x00000006c0000000,0x00000006c04fbce0,0x00000006c5c80000)
 Metaspace       used 33830K, capacity 35416K, committed 35496K, reserved 1079296K
  class space    used 4432K, capacity 4764K, committed 4776K, reserved 1048576K
Event: 3.453 GC heap after
Heap after GC invocations=10 (full 2):
 PSYoungGen      total 321536K, used 0K [0x000000076ab00000, 0x0000000783380000, 0x00000007c0000000)
  eden space 314368K, 0% used [0x000000076ab00000,0x000000076ab00000,0x000000077de00000)
  from space 7168K, 0% used [0x000000077e580000,0x000000077e580000,0x000000077ec80000)
  to   space 7680K, 0% used [0x000000077de00000,0x000000077de00000,0x000000077e580000)
 ParOldGen       total 159232K, used 10930K [0x00000006c0000000, 0x00000006c9b80000, 0x000000076ab00000)
  object space 159232K, 6% used [0x00000006c0000000,0x00000006c0aaca70,0x00000006c9b80000)
 Metaspace       used 33818K, capacity 35398K, committed 35496K, reserved 1079296K
  class space    used 4431K, capacity 4761K, committed 4776K, reserved 1048576K
}
Event: 6.768 GC heap before
{Heap before GC invocations=11 (full 2):
 PSYoungGen      total 321536K, used 314368K [0x000000076ab00000, 0x0000000783380000, 0x00000007c0000000)
  eden space 314368K, 100% used [0x000000076ab00000,0x000000077de00000,0x000000077de00000)
  from space 7168K, 0% used [0x000000077e580000,0x000000077e580000,0x000000077ec80000)
  to   space 7680K, 0% used [0x000000077de00000,0x000000077de00000,0x000000077e580000)
 ParOldGen       total 159232K, used 10930K [0x00000006c0000000, 0x00000006c9b80000, 0x000000076ab00000)
  object space 159232K, 6% used [0x00000006c0000000,0x00000006c0aaca70,0x00000006c9b80000)
 Metaspace       used 43015K, capacity 45053K, committed 45224K, reserved 1089536K
  class space    used 5380K, capacity 5783K, committed 5800K, reserved 1048576K
Event: 6.776 GC heap after
Heap after GC invocations=11 (full 2):
 PSYoungGen      total 322048K, used 7648K [0x000000076ab00000, 0x0000000783000000, 0x00000007c0000000)
  eden space 314368K, 0% used [0x000000076ab00000,0x000000076ab00000,0x000000077de00000)
  from space 7680K, 99% used [0x000000077de00000,0x000000077e578390,0x000000077e580000)
  to   space 12800K, 0% used [0x0000000782380000,0x0000000782380000,0x0000000783000000)
 ParOldGen       total 159232K, used 21199K [0x00000006c0000000, 0x00000006c9b80000, 0x000000076ab00000)
  object space 159232K, 13% used [0x00000006c0000000,0x00000006c14b3dc0,0x00000006c9b80000)
 Metaspace       used 43015K, capacity 45053K, committed 45224K, reserved 1089536K
  class space    used 5380K, capacity 5783K, committed 5800K, reserved 1048576K
}
Event: 15.258 GC heap before
{Heap before GC invocations=12 (full 2):
 PSYoungGen      total 322048K, used 322016K [0x000000076ab00000, 0x0000000783000000, 0x00000007c0000000)
  eden space 314368K, 100% used [0x000000076ab00000,0x000000077de00000,0x000000077de00000)
  from space 7680K, 99% used [0x000000077de00000,0x000000077e578390,0x000000077e580000)
  to   space 12800K, 0% used [0x0000000782380000,0x0000000782380000,0x0000000783000000)
 ParOldGen       total 159232K, used 21199K [0x00000006c0000000, 0x00000006c9b80000, 0x000000076ab00000)
  object space 159232K, 13% used [0x00000006c0000000,0x00000006c14b3dc0,0x00000006c9b80000)
 Metaspace       used 45830K, capacity 48217K, committed 48424K, reserved 1091584K
  class space    used 5716K, capacity 6151K, committed 6184K, reserved 1048576K
Event: 15.269 GC heap after
Heap after GC invocations=12 (full 2):
 PSYoungGen      total 373760K, used 12783K [0x000000076ab00000, 0x0000000783e00000, 0x00000007c0000000)
  eden space 360960K, 0% used [0x000000076ab00000,0x000000076ab00000,0x0000000780b80000)
  from space 12800K, 99% used [0x0000000782380000,0x0000000782ffbd58,0x0000000783000000)
  to   space 24576K, 0% used [0x0000000780b80000,0x0000000780b80000,0x0000000782380000)
 ParOldGen       total 159232K, used 48297K [0x00000006c0000000, 0x00000006c9b80000, 0x000000076ab00000)
  object space 159232K, 30% used [0x00000006c0000000,0x00000006c2f2a418,0x00000006c9b80000)
 Metaspace       used 45830K, capacity 48217K, committed 48424K, reserved 1091584K
  class space    used 5716K, capacity 6151K, committed 6184K, reserved 1048576K
}

