# JRE version: OpenJDK Runtime Environment (Zulu 8.64.0.19-CA-linux64) (8.0_345-b01) (build 1.8.0_345-b01)
# Java VM: OpenJDK 64-Bit Server VM (25.345-b01 mixed mode linux-amd64 compressed oops)
Heap:
 PSYoungGen      total 468992K, used 255729K [0x00000000d5580000, 0x00000000fd980000, 0x0000000100000000)
  eden space 432640K, 54% used [0x00000000d5580000,0x00000000e3c45ab0,0x00000000efc00000)
  from space 36352K, 53% used [0x00000000efc00000,0x00000000f0ef6c38,0x00000000f1f80000)
  to   space 36352K, 0% used [0x00000000fb600000,0x00000000fb600000,0x00000000fd980000)
 ParOldGen       total 110592K, used 65340K [0x0000000080000000, 0x0000000086c00000, 0x00000000d5580000)
  object space 110592K, 59% used [0x0000000080000000,0x0000000083fcf160,0x0000000086c00000)
 Metaspace       used 76804K, capacity 80834K, committed 80856K, reserved 1120256K
  class space    used 9009K, capacity 9686K, committed 9688K, reserved 1048576K
GC Heap History (10 events):
Event: 15.745 GC heap before
{Heap before GC invocations=14 (full 2):
 PSYoungGen      total 252416K, used 238070K [0x00000000d5580000, 0x00000000eaf00000, 0x0000000100000000)
  eden space 239616K, 94% used [0x00000000d5580000,0x00000000e33496d8,0x00000000e3f80000)
  from space 12800K, 85% used [0x00000000e3f80000,0x00000000e4a34180,0x00000000e4c00000)
  to   space 13824K, 0% used [0x00000000ea180000,0x00000000ea180000,0x00000000eaf00000)
 ParOldGen       total 71680K, used 22434K [0x0000000080000000, 0x0000000084600000, 0x00000000d5580000)
  object space 71680K, 31% used [0x0000000080000000,0x00000000815e8a38,0x0000000084600000)
 Metaspace       used 55950K, capacity 58752K, committed 59028K, reserved 1101824K
  class space    used 6836K, capacity 7321K, committed 7384K, reserved 1048576K
Event: 15.764 GC heap after
Heap after GC invocations=14 (full 2):
 PSYoungGen      total 332288K, used 13792K [0x00000000d5580000, 0x00000000eb280000, 0x0000000100000000)
  eden space 318464K, 0% used [0x00000000d5580000,0x00000000d5580000,0x00000000e8c80000)
  from space 13824K, 99% used [0x00000000ea180000,0x00000000eaef8398,0x00000000eaf00000)
  to   space 19456K, 0% used [0x00000000e8c80000,0x00000000e8c80000,0x00000000e9f80000)
 ParOldGen       total 71680K, used 32222K [0x0000000080000000, 0x0000000084600000, 0x00000000d5580000)
  object space 71680K, 44% used [0x0000000080000000,0x0000000081f77818,0x0000000084600000)
 Metaspace       used 55950K, capacity 58752K, committed 59028K, reserved 1101824K
  class space    used 6836K, capacity 7321K, committed 7384K, reserved 1048576K
}
Event: 15.764 GC heap before
{Heap before GC invocations=15 (full 3):
 PSYoungGen      total 332288K, used 13792K [0x00000000d5580000, 0x00000000eb280000, 0x0000000100000000)
  eden space 318464K, 0% used [0x00000000d5580000,0x00000000d5580000,0x00000000e8c80000)
  from space 13824K, 99% used [0x00000000ea180000,0x00000000eaef8398,0x00000000eaf00000)
  to   space 19456K, 0% used [0x00000000e8c80000,0x00000000e8c80000,0x00000000e9f80000)
 ParOldGen       total 71680K, used 32222K [0x0000000080000000, 0x0000000084600000, 0x00000000d5580000)
  object space 71680K, 44% used [0x0000000080000000,0x0000000081f77818,0x0000000084600000)
 Metaspace       used 55950K, capacity 58752K, committed 59028K, reserved 1101824K
  class space    used 6836K, capacity 7321K, committed 7384K, reserved 1048576K
Event: 15.852 GC heap after
Heap after GC invocations=15 (full 3):
 PSYoungGen      total 332288K, used 0K [0x00000000d5580000, 0x00000000eb280000, 0x0000000100000000)
  eden space 318464K, 0% used [0x00000000d5580000,0x00000000d5580000,0x00000000e8c80000)
  from space 13824K, 0% used [0x00000000ea180000,0x00000000ea180000,0x00000000eaf00000)
  to   space 19456K, 0% used [0x00000000e8c80000,0x00000000e8c80000,0x00000000e9f80000)
 ParOldGen       total 110592K, used 36587K [0x0000000080000000, 0x0000000086c00000, 0x00000000d5580000)
  object space 110592K, 33% used [0x0000000080000000,0x00000000823bac98,0x0000000086c00000)
 Metaspace       used 55950K, capacity 58752K, committed 59028K, reserved 1101824K
  class space    used 6836K, capacity 7321K, committed 7384K, reserved 1048576K
}
Event: 16.538 GC heap before
{Heap before GC invocations=16 (full 3):
 PSYoungGen      total 332288K, used 318459K [0x00000000d5580000, 0x00000000eb280000, 0x0000000100000000)
  eden space 318464K, 99% used [0x00000000d5580000,0x00000000e8c7ef70,0x00000000e8c80000)
  from space 13824K, 0% used [0x00000000ea180000,0x00000000ea180000,0x00000000eaf00000)
  to   space 19456K, 0% used [0x00000000e8c80000,0x00000000e8c80000,0x00000000e9f80000)
 ParOldGen       total 110592K, used 36603K [0x0000000080000000, 0x0000000086c00000, 0x00000000d5580000)
  object space 110592K, 33% used [0x0000000080000000,0x00000000823bec68,0x0000000086c00000)
 Metaspace       used 58479K, capacity 61316K, committed 61656K, reserved 1103872K
  class space    used 7029K, capacity 7529K, committed 7640K, reserved 1048576K
Event: 16.568 GC heap after
Heap after GC invocations=16 (full 3):
 PSYoungGen      total 337920K, used 19440K [0x00000000d5580000, 0x00000000f3e80000, 0x0000000100000000)
  eden space 318464K, 0% used [0x00000000d5580000,0x00000000d5580000,0x00000000e8c80000)
  from space 19456K, 99% used [0x00000000e8c80000,0x00000000e9f7c3e0,0x00000000e9f80000)
  to   space 31744K, 0% used [0x00000000f1f80000,0x00000000f1f80000,0x00000000f3e80000)
 ParOldGen       total 110592K, used 61589K [0x0000000080000000, 0x0000000086c00000, 0x00000000d5580000)
  object space 110592K, 55% used [0x0000000080000000,0x0000000083c25460,0x0000000086c00000)
 Metaspace       used 58479K, capacity 61316K, committed 61656K, reserved 1103872K
  class space    used 7029K, capacity 7529K, committed 7640K, reserved 1048576K
}
Event: 17.331 GC heap before
{Heap before GC invocations=17 (full 3):
 PSYoungGen      total 337920K, used 337904K [0x00000000d5580000, 0x00000000f3e80000, 0x0000000100000000)
  eden space 318464K, 100% used [0x00000000d5580000,0x00000000e8c80000,0x00000000e8c80000)
  from space 19456K, 99% used [0x00000000e8c80000,0x00000000e9f7c3e0,0x00000000e9f80000)
  to   space 31744K, 0% used [0x00000000f1f80000,0x00000000f1f80000,0x00000000f3e80000)
 ParOldGen       total 110592K, used 61603K [0x0000000080000000, 0x0000000086c00000, 0x00000000d5580000)
  object space 110592K, 55% used [0x0000000080000000,0x0000000083c28d38,0x0000000086c00000)
 Metaspace       used 63130K, capacity 66044K, committed 66392K, reserved 1107968K
  class space    used 7434K, capacity 7937K, committed 8024K, reserved 1048576K
Event: 17.356 GC heap after
Heap after GC invocations=17 (full 3):
 PSYoungGen      total 464384K, used 30433K [0x00000000d5580000, 0x00000000f4d80000, 0x0000000100000000)
  eden space 432640K, 0% used [0x00000000d5580000,0x00000000d5580000,0x00000000efc00000)
  from space 31744K, 95% used [0x00000000f1f80000,0x00000000f3d384c8,0x00000000f3e80000)
  to   space 36352K, 0% used [0x00000000efc00000,0x00000000efc00000,0x00000000f1f80000)
 ParOldGen       total 110592K, used 62398K [0x0000000080000000, 0x0000000086c00000, 0x00000000d5580000)
  object space 110592K, 56% used [0x0000000080000000,0x0000000083cef880,0x0000000086c00000)
 Metaspace       used 63130K, capacity 66044K, committed 66392K, reserved 1107968K
  class space    used 7434K, capacity 7937K, committed 8024K, reserved 1048576K
}
Event: 24.959 GC heap before
{Heap before GC invocations=18 (full 3):
 PSYoungGen      total 464384K, used 463073K [0x00000000d5580000, 0x00000000f4d80000, 0x0000000100000000)
  eden space 432640K, 100% used [0x00000000d5580000,0x00000000efc00000,0x00000000efc00000)
  from space 31744K, 95% used [0x00000000f1f80000,0x00000000f3d384c8,0x00000000f3e80000)
  to   space 36352K, 0% used [0x00000000efc00000,0x00000000efc00000,0x00000000f1f80000)
 ParOldGen       total 110592K, used 62398K [0x0000000080000000, 0x0000000086c00000, 0x00000000d5580000)
  object space 110592K, 56% used [0x0000000080000000,0x0000000083cef880,0x0000000086c00000)
 Metaspace       used 70935K, capacity 74480K, committed 74712K, reserved 1116160K
  class space    used 8281K, capacity 8881K, committed 8920K, reserved 1048576K
Event: 24.979 GC heap after
Heap after GC invocations=18 (full 3):
 PSYoungGen      total 468992K, used 19419K [0x00000000d5580000, 0x00000000fd980000, 0x0000000100000000)
  eden space 432640K, 0% used [0x00000000d5580000,0x00000000d5580000,0x00000000efc00000)
  from space 36352K, 53% used [0x00000000efc00000,0x00000000f0ef6c38,0x00000000f1f80000)
  to   space 36352K, 0% used [0x00000000fb600000,0x00000000fb600000,0x00000000fd980000)
 ParOldGen       total 110592K, used 65340K [0x0000000080000000, 0x0000000086c00000, 0x00000000d5580000)
  object space 110592K, 59% used [0x0000000080000000,0x0000000083fcf160,0x0000000086c00000)
 Metaspace       used 70935K, capacity 74480K, committed 74712K, reserved 1116160K
  class space    used 8281K, capacity 8881K, committed 8920K, reserved 1048576K
}

