# JRE version: OpenJDK Runtime Environment (8.0_332-b09) (build 1.8.0_332-b09)
# Java VM: OpenJDK 64-Bit Server VM (25.332-b09 mixed mode linux-amd64 compressed oops)
Heap:
 PSYoungGen      total 491520K, used 356703K [0x00000000d5580000, 0x00000000ffc00000, 0x0000000100000000)
  eden space 456704K, 73% used [0x00000000d5580000,0x00000000e9badc28,0x00000000f1380000)
  from space 34816K, 65% used [0x00000000f1380000,0x00000000f29aa1e0,0x00000000f3580000)
  to   space 36352K, 0% used [0x00000000fd880000,0x00000000fd880000,0x00000000ffc00000)
 ParOldGen       total 88576K, used 60015K [0x0000000080000000, 0x0000000085680000, 0x00000000d5580000)
  object space 88576K, 67% used [0x0000000080000000,0x0000000083a9bfa0,0x0000000085680000)
 Metaspace       used 73482K, capacity 77486K, committed 77784K, reserved 1118208K
  class space    used 8709K, capacity 9396K, committed 9472K, reserved 1048576K
GC Heap History (10 events):
Event: 12.522 GC heap before
{Heap before GC invocations=14 (full 2):
 PSYoungGen      total 248320K, used 248303K [0x00000000d5580000, 0x00000000ebe80000, 0x0000000100000000)
  eden space 237056K, 100% used [0x00000000d5580000,0x00000000e3d00000,0x00000000e3d00000)
  from space 11264K, 99% used [0x00000000e3d00000,0x00000000e47fbe08,0x00000000e4800000)
  to   space 13312K, 0% used [0x00000000eb180000,0x00000000eb180000,0x00000000ebe80000)
 ParOldGen       total 64512K, used 13852K [0x0000000080000000, 0x0000000083f00000, 0x00000000d5580000)
  object space 64512K, 21% used [0x0000000080000000,0x0000000080d87110,0x0000000083f00000)
 Metaspace       used 50278K, capacity 53022K, committed 53336K, reserved 1095680K
  class space    used 6273K, capacity 6740K, committed 6784K, reserved 1048576K
Event: 12.548 GC heap after
Heap after GC invocations=14 (full 2):
 PSYoungGen      total 350208K, used 13301K [0x00000000d5580000, 0x00000000ec880000, 0x0000000100000000)
  eden space 336896K, 0% used [0x00000000d5580000,0x00000000d5580000,0x00000000e9e80000)
  from space 13312K, 99% used [0x00000000eb180000,0x00000000ebe7d598,0x00000000ebe80000)
  to   space 19456K, 0% used [0x00000000e9e80000,0x00000000e9e80000,0x00000000eb180000)
 ParOldGen       total 64512K, used 25769K [0x0000000080000000, 0x0000000083f00000, 0x00000000d5580000)
  object space 64512K, 39% used [0x0000000080000000,0x000000008192a6b0,0x0000000083f00000)
 Metaspace       used 50278K, capacity 53022K, committed 53336K, reserved 1095680K
  class space    used 6273K, capacity 6740K, committed 6784K, reserved 1048576K
}
Event: 17.411 GC heap before
{Heap before GC invocations=15 (full 2):
 PSYoungGen      total 350208K, used 224918K [0x00000000d5580000, 0x00000000ec880000, 0x0000000100000000)
  eden space 336896K, 62% used [0x00000000d5580000,0x00000000e24283a8,0x00000000e9e80000)
  from space 13312K, 99% used [0x00000000eb180000,0x00000000ebe7d598,0x00000000ebe80000)
  to   space 19456K, 0% used [0x00000000e9e80000,0x00000000e9e80000,0x00000000eb180000)
 ParOldGen       total 64512K, used 25769K [0x0000000080000000, 0x0000000083f00000, 0x00000000d5580000)
  object space 64512K, 39% used [0x0000000080000000,0x000000008192a6b0,0x0000000083f00000)
 Metaspace       used 55969K, capacity 58768K, committed 58968K, reserved 1101824K
  class space    used 6808K, capacity 7293K, committed 7296K, reserved 1048576K
Event: 17.422 GC heap after
Heap after GC invocations=15 (full 2):
 PSYoungGen      total 356352K, used 7061K [0x00000000d5580000, 0x00000000f4780000, 0x0000000100000000)
  eden space 336896K, 0% used [0x00000000d5580000,0x00000000d5580000,0x00000000e9e80000)
  from space 19456K, 36% used [0x00000000e9e80000,0x00000000ea565648,0x00000000eb180000)
  to   space 18432K, 0% used [0x00000000f3580000,0x00000000f3580000,0x00000000f4780000)
 ParOldGen       total 64512K, used 27846K [0x0000000080000000, 0x0000000083f00000, 0x00000000d5580000)
  object space 64512K, 43% used [0x0000000080000000,0x0000000081b31890,0x0000000083f00000)
 Metaspace       used 55969K, capacity 58768K, committed 58968K, reserved 1101824K
  class space    used 6808K, capacity 7293K, committed 7296K, reserved 1048576K
}
Event: 17.422 GC heap before
{Heap before GC invocations=16 (full 3):
 PSYoungGen      total 356352K, used 7061K [0x00000000d5580000, 0x00000000f4780000, 0x0000000100000000)
  eden space 336896K, 0% used [0x00000000d5580000,0x00000000d5580000,0x00000000e9e80000)
  from space 19456K, 36% used [0x00000000e9e80000,0x00000000ea565648,0x00000000eb180000)
  to   space 18432K, 0% used [0x00000000f3580000,0x00000000f3580000,0x00000000f4780000)
 ParOldGen       total 64512K, used 27846K [0x0000000080000000, 0x0000000083f00000, 0x00000000d5580000)
  object space 64512K, 43% used [0x0000000080000000,0x0000000081b31890,0x0000000083f00000)
 Metaspace       used 55969K, capacity 58768K, committed 58968K, reserved 1101824K
  class space    used 6808K, capacity 7293K, committed 7296K, reserved 1048576K
Event: 17.560 GC heap after
Heap after GC invocations=16 (full 3):
 PSYoungGen      total 356352K, used 0K [0x00000000d5580000, 0x00000000f4780000, 0x0000000100000000)
  eden space 336896K, 0% used [0x00000000d5580000,0x00000000d5580000,0x00000000e9e80000)
  from space 19456K, 0% used [0x00000000e9e80000,0x00000000e9e80000,0x00000000eb180000)
  to   space 18432K, 0% used [0x00000000f3580000,0x00000000f3580000,0x00000000f4780000)
 ParOldGen       total 88576K, used 23448K [0x0000000080000000, 0x0000000085680000, 0x00000000d5580000)
  object space 88576K, 26% used [0x0000000080000000,0x00000000816e61a0,0x0000000085680000)
 Metaspace       used 55969K, capacity 58768K, committed 58968K, reserved 1101824K
  class space    used 6808K, capacity 7293K, committed 7296K, reserved 1048576K
}
Event: 18.266 GC heap before
{Heap before GC invocations=17 (full 3):
 PSYoungGen      total 356352K, used 336896K [0x00000000d5580000, 0x00000000f4780000, 0x0000000100000000)
  eden space 336896K, 100% used [0x00000000d5580000,0x00000000e9e80000,0x00000000e9e80000)
  from space 19456K, 0% used [0x00000000e9e80000,0x00000000e9e80000,0x00000000eb180000)
  to   space 18432K, 0% used [0x00000000f3580000,0x00000000f3580000,0x00000000f4780000)
 ParOldGen       total 88576K, used 23448K [0x0000000080000000, 0x0000000085680000, 0x00000000d5580000)
  object space 88576K, 26% used [0x0000000080000000,0x00000000816e61a0,0x0000000085680000)
 Metaspace       used 57381K, capacity 60244K, committed 60632K, reserved 1101824K
  class space    used 6911K, capacity 7423K, committed 7424K, reserved 1048576K
Event: 18.298 GC heap after
Heap after GC invocations=17 (full 3):
 PSYoungGen      total 475136K, used 18426K [0x00000000d5580000, 0x00000000f6500000, 0x0000000100000000)
  eden space 456704K, 0% used [0x00000000d5580000,0x00000000d5580000,0x00000000f1380000)
  from space 18432K, 99% used [0x00000000f3580000,0x00000000f477e868,0x00000000f4780000)
  to   space 34816K, 0% used [0x00000000f1380000,0x00000000f1380000,0x00000000f3580000)
 ParOldGen       total 88576K, used 59898K [0x0000000080000000, 0x0000000085680000, 0x00000000d5580000)
  object space 88576K, 67% used [0x0000000080000000,0x0000000083a7e828,0x0000000085680000)
 Metaspace       used 57381K, capacity 60244K, committed 60632K, reserved 1101824K
  class space    used 6911K, capacity 7423K, committed 7424K, reserved 1048576K
}
Event: 25.337 GC heap before
{Heap before GC invocations=18 (full 3):
 PSYoungGen      total 475136K, used 475130K [0x00000000d5580000, 0x00000000f6500000, 0x0000000100000000)
  eden space 456704K, 100% used [0x00000000d5580000,0x00000000f1380000,0x00000000f1380000)
  from space 18432K, 99% used [0x00000000f3580000,0x00000000f477e868,0x00000000f4780000)
  to   space 34816K, 0% used [0x00000000f1380000,0x00000000f1380000,0x00000000f3580000)
 ParOldGen       total 88576K, used 59898K [0x0000000080000000, 0x0000000085680000, 0x00000000d5580000)
  object space 88576K, 67% used [0x0000000080000000,0x0000000083a7e828,0x0000000085680000)
 Metaspace       used 65200K, capacity 68472K, committed 68696K, reserved 1110016K
  class space    used 7709K, capacity 8271K, committed 8320K, reserved 1048576K
Event: 25.359 GC heap after
Heap after GC invocations=18 (full 3):
 PSYoungGen      total 491520K, used 22696K [0x00000000d5580000, 0x00000000ffc00000, 0x0000000100000000)
  eden space 456704K, 0% used [0x00000000d5580000,0x00000000d5580000,0x00000000f1380000)
  from space 34816K, 65% used [0x00000000f1380000,0x00000000f29aa1e0,0x00000000f3580000)
  to   space 36352K, 0% used [0x00000000fd880000,0x00000000fd880000,0x00000000ffc00000)
 ParOldGen       total 88576K, used 60015K [0x0000000080000000, 0x0000000085680000, 0x00000000d5580000)
  object space 88576K, 67% used [0x0000000080000000,0x0000000083a9bfa0,0x0000000085680000)
 Metaspace       used 65200K, capacity 68472K, committed 68696K, reserved 1110016K
  class space    used 7709K, capacity 8271K, committed 8320K, reserved 1048576K
}

