ERROR: Test execution of ozonesecure-ha/test-om-bootstrap.sh is FAILED!!!!
mkdir: created directory '/home/runner/work/ozone/ozone/hadoop-ozone/dist/target/ozone-1.5.0-SNAPSHOT/compose/result/ozonesecure-ha'
--
ERROR: Test execution of ozonesecure-ha/test.sh is FAILED!!!!
mv: cannot stat 'ozonesecure-ha/result/*': No such file or directory
