-------------------------------------------------------------------------------
Test set: org.apache.hadoop.ozone.dn.checksum.TestContainerCommandReconciliation
-------------------------------------------------------------------------------
Tests run: 10, Failures: 1, Errors: 0, Skipped: 0, Time elapsed: 104.6 s <<< FAILURE! -- in org.apache.hadoop.ozone.dn.checksum.TestContainerCommandReconciliation
org.apache.hadoop.ozone.dn.checksum.TestContainerCommandReconciliation.testDataChecksumReportedAtSCM -- Time elapsed: 5.991 s <<< FAILURE!
org.opentest4j.AssertionFailedError: expected: <3> but was: <2>
	at org.junit.jupiter.api.AssertionFailureBuilder.build(AssertionFailureBuilder.java:151)
	at org.junit.jupiter.api.AssertionFailureBuilder.buildAndThrow(AssertionFailureBuilder.java:132)
	at org.junit.jupiter.api.AssertEquals.failNotEqual(AssertEquals.java:197)
	at org.junit.jupiter.api.AssertEquals.assertEquals(AssertEquals.java:150)
	at org.junit.jupiter.api.AssertEquals.assertEquals(AssertEquals.java:145)
	at org.junit.jupiter.api.Assertions.assertEquals(Assertions.java:531)
	at org.apache.hadoop.ozone.dn.checksum.TestContainerCommandReconciliation.testDataChecksumReportedAtSCM(TestContainerCommandReconciliation.java:471)
	at java.base/java.lang.reflect.Method.invoke(Method.java:580)
	at java.base/java.util.ArrayList.forEach(ArrayList.java:1596)
	at java.base/java.util.ArrayList.forEach(ArrayList.java:1596)

