Using Docker Compose v2
Executing test ozone/test-s3a.sh
Using Docker Compose v2
Error response from daemon: Head "https://ghcr.io/v2/apache/ozone-runner/manifests/20250625-2-jdk21": Get "https://ghcr.io/token?scope=repository%3Aapache%2Fozone-runner%3Apull&service=ghcr.io": context deadline exceeded
ERROR: Test execution of ozone/test-s3a.sh is FAILED!!!!
mkdir: created directory '/home/runner/work/ozone/ozone/hadoop-ozone/dist/target/ozone-2.2.0-SNAPSHOT/compose/result/ozone'
mkdir: created directory '/home/runner/work/ozone/ozone/hadoop-ozone/dist/target/ozone-2.2.0-SNAPSHOT/compose/result/ozone/s3a'
mv: cannot stat 'ozone/result/*': No such file or directory
Executing test ozonesecure-ha/test-s3a.sh
Using Docker Compose v2
Error response from daemon: Head "https://ghcr.io/v2/apache/ozone-runner/manifests/20250625-2-jdk21": Get "https://ghcr.io/token?scope=repository%3Aapache%2Fozone-runner%3Apull&service=ghcr.io": context deadline exceeded
ERROR: Test execution of ozonesecure-ha/test-s3a.sh is FAILED!!!!
mkdir: created directory '/home/runner/work/ozone/ozone/hadoop-ozone/dist/target/ozone-2.2.0-SNAPSHOT/compose/result/ozonesecure-ha'
mkdir: created directory '/home/runner/work/ozone/ozone/hadoop-ozone/dist/target/ozone-2.2.0-SNAPSHOT/compose/result/ozonesecure-ha/s3a'
mv: cannot stat 'ozonesecure-ha/result/*': No such file or directory
removed directory '/tmp/robot-data-jPPFFL'
