-------------------------------------------------------------------------------
Test set: org.apache.hadoop.ozone.recon.TestReconAsPassiveScm
-------------------------------------------------------------------------------
Tests run: 2, Failures: 1, Errors: 0, Skipped: 0, Time elapsed: 62.33 s <<< FAILURE! -- in org.apache.hadoop.ozone.recon.TestReconAsPassiveScm
org.apache.hadoop.ozone.recon.TestReconAsPassiveScm.testDatanodeRegistrationAndReports -- Time elapsed: 34.10 s <<< FAILURE!
org.opentest4j.AssertionFailedError: expected: <[ContainerInfo{id=#1, state=OPEN, stateEnterTime=2025-11-06T06:52:03.753Z, pipelineID=Pipeline-e1de68ba-8314-4479-9d4d-6b498600cda0, owner=test}]> but was: <[]>
	at org.junit.jupiter.api.AssertionFailureBuilder.build(AssertionFailureBuilder.java:151)
	at org.junit.jupiter.api.AssertionFailureBuilder.buildAndThrow(AssertionFailureBuilder.java:132)
	at org.junit.jupiter.api.AssertEquals.failNotEqual(AssertEquals.java:197)
	at org.junit.jupiter.api.AssertEquals.assertEquals(AssertEquals.java:182)
	at org.junit.jupiter.api.AssertEquals.assertEquals(AssertEquals.java:177)
	at org.junit.jupiter.api.Assertions.assertEquals(Assertions.java:1145)
	at org.apache.hadoop.ozone.recon.TestReconAsPassiveScm.testDatanodeRegistrationAndReports(TestReconAsPassiveScm.java:135)
	at java.base/java.lang.reflect.Method.invoke(Method.java:580)
	at java.base/java.util.concurrent.ForkJoinTask.doExec(ForkJoinTask.java:387)
	at java.base/java.util.concurrent.ForkJoinPool$WorkQueue.topLevelExec(ForkJoinPool.java:1312)
	at java.base/java.util.concurrent.ForkJoinPool.scan(ForkJoinPool.java:1843)
	at java.base/java.util.concurrent.ForkJoinPool.runWorker(ForkJoinPool.java:1808)
	at java.base/java.util.concurrent.ForkJoinWorkerThread.run(ForkJoinWorkerThread.java:188)

