# JRE version: OpenJDK Runtime Environment (Zulu 8.64.0.19-CA-linux64) (8.0_345-b01) (build 1.8.0_345-b01)
# Java VM: OpenJDK 64-Bit Server VM (25.345-b01 mixed mode linux-amd64 compressed oops)
Heap:
 PSYoungGen      total 620032K, used 444542K [0x00000000d5580000, 0x00000000fff00000, 0x0000000100000000)
  eden space 589824K, 73% used [0x00000000d5580000,0x00000000efc14810,0x00000000f9580000)
  from space 30208K, 39% used [0x00000000f9580000,0x00000000fa10b260,0x00000000fb300000)
  to   space 29184K, 0% used [0x00000000fe280000,0x00000000fe280000,0x00000000fff00000)
 ParOldGen       total 167936K, used 69739K [0x0000000080000000, 0x000000008a400000, 0x00000000d5580000)
  object space 167936K, 41% used [0x0000000080000000,0x000000008441aee8,0x000000008a400000)
 Metaspace       used 85496K, capacity 89826K, committed 89984K, reserved 1128448K
  class space    used 9828K, capacity 10522K, committed 10624K, reserved 1048576K
GC Heap History (10 events):
Event: 33.495 GC heap before
{Heap before GC invocations=22 (full 3):
 PSYoungGen      total 514048K, used 507981K [0x00000000d5580000, 0x00000000f7880000, 0x0000000100000000)
  eden space 489472K, 100% used [0x00000000d5580000,0x00000000f3380000,0x00000000f3380000)
  from space 24576K, 75% used [0x00000000f6080000,0x00000000f72935b8,0x00000000f7880000)
  to   space 35328K, 0% used [0x00000000f3380000,0x00000000f3380000,0x00000000f5600000)
 ParOldGen       total 167936K, used 69707K [0x0000000080000000, 0x000000008a400000, 0x00000000d5580000)
  object space 167936K, 41% used [0x0000000080000000,0x0000000084412ee8,0x000000008a400000)
 Metaspace       used 85369K, capacity 89676K, committed 89984K, reserved 1128448K
  class space    used 9817K, capacity 10517K, committed 10624K, reserved 1048576K
Event: 33.506 GC heap after
Heap after GC invocations=22 (full 3):
 PSYoungGen      total 524800K, used 12550K [0x00000000d5580000, 0x00000000fab80000, 0x0000000100000000)
  eden space 489472K, 0% used [0x00000000d5580000,0x00000000d5580000,0x00000000f3380000)
  from space 35328K, 35% used [0x00000000f3380000,0x00000000f3fc1868,0x00000000f5600000)
  to   space 33792K, 0% used [0x00000000f8a80000,0x00000000f8a80000,0x00000000fab80000)
 ParOldGen       total 167936K, used 69715K [0x0000000080000000, 0x000000008a400000, 0x00000000d5580000)
  object space 167936K, 41% used [0x0000000080000000,0x0000000084414ee8,0x000000008a400000)
 Metaspace       used 85369K, capacity 89676K, committed 89984K, reserved 1128448K
  class space    used 9817K, capacity 10517K, committed 10624K, reserved 1048576K
}
Event: 35.398 GC heap before
{Heap before GC invocations=23 (full 3):
 PSYoungGen      total 524800K, used 502022K [0x00000000d5580000, 0x00000000fab80000, 0x0000000100000000)
  eden space 489472K, 100% used [0x00000000d5580000,0x00000000f3380000,0x00000000f3380000)
  from space 35328K, 35% used [0x00000000f3380000,0x00000000f3fc1868,0x00000000f5600000)
  to   space 33792K, 0% used [0x00000000f8a80000,0x00000000f8a80000,0x00000000fab80000)
 ParOldGen       total 167936K, used 69715K [0x0000000080000000, 0x000000008a400000, 0x00000000d5580000)
  object space 167936K, 41% used [0x0000000080000000,0x0000000084414ee8,0x000000008a400000)
 Metaspace       used 85388K, capacity 89740K, committed 89984K, reserved 1128448K
  class space    used 9817K, capacity 10517K, committed 10624K, reserved 1048576K
Event: 35.413 GC heap after
Heap after GC invocations=23 (full 3):
 PSYoungGen      total 569344K, used 12316K [0x00000000d5580000, 0x00000000fa600000, 0x0000000100000000)
  eden space 541184K, 0% used [0x00000000d5580000,0x00000000d5580000,0x00000000f6600000)
  from space 28160K, 43% used [0x00000000f8a80000,0x00000000f9687220,0x00000000fa600000)
  to   space 32768K, 0% used [0x00000000f6600000,0x00000000f6600000,0x00000000f8600000)
 ParOldGen       total 167936K, used 69715K [0x0000000080000000, 0x000000008a400000, 0x00000000d5580000)
  object space 167936K, 41% used [0x0000000080000000,0x0000000084414ee8,0x000000008a400000)
 Metaspace       used 85388K, capacity 89740K, committed 89984K, reserved 1128448K
  class space    used 9817K, capacity 10517K, committed 10624K, reserved 1048576K
}
Event: 37.538 GC heap before
{Heap before GC invocations=24 (full 3):
 PSYoungGen      total 569344K, used 553500K [0x00000000d5580000, 0x00000000fa600000, 0x0000000100000000)
  eden space 541184K, 100% used [0x00000000d5580000,0x00000000f6600000,0x00000000f6600000)
  from space 28160K, 43% used [0x00000000f8a80000,0x00000000f9687220,0x00000000fa600000)
  to   space 32768K, 0% used [0x00000000f6600000,0x00000000f6600000,0x00000000f8600000)
 ParOldGen       total 167936K, used 69715K [0x0000000080000000, 0x000000008a400000, 0x00000000d5580000)
  object space 167936K, 41% used [0x0000000080000000,0x0000000084414ee8,0x000000008a400000)
 Metaspace       used 85392K, capacity 89740K, committed 89984K, reserved 1128448K
  class space    used 9817K, capacity 10517K, committed 10624K, reserved 1048576K
Event: 37.550 GC heap after
Heap after GC invocations=24 (full 3):
 PSYoungGen      total 573952K, used 12274K [0x00000000d5580000, 0x00000000fd600000, 0x0000000100000000)
  eden space 541184K, 0% used [0x00000000d5580000,0x00000000d5580000,0x00000000f6600000)
  from space 32768K, 37% used [0x00000000f6600000,0x00000000f71fca38,0x00000000f8600000)
  to   space 31232K, 0% used [0x00000000fb780000,0x00000000fb780000,0x00000000fd600000)
 ParOldGen       total 167936K, used 69723K [0x0000000080000000, 0x000000008a400000, 0x00000000d5580000)
  object space 167936K, 41% used [0x0000000080000000,0x0000000084416ee8,0x000000008a400000)
 Metaspace       used 85392K, capacity 89740K, committed 89984K, reserved 1128448K
  class space    used 9817K, capacity 10517K, committed 10624K, reserved 1048576K
}
Event: 39.695 GC heap before
{Heap before GC invocations=25 (full 3):
 PSYoungGen      total 573952K, used 553458K [0x00000000d5580000, 0x00000000fd600000, 0x0000000100000000)
  eden space 541184K, 100% used [0x00000000d5580000,0x00000000f6600000,0x00000000f6600000)
  from space 32768K, 37% used [0x00000000f6600000,0x00000000f71fca38,0x00000000f8600000)
  to   space 31232K, 0% used [0x00000000fb780000,0x00000000fb780000,0x00000000fd600000)
 ParOldGen       total 167936K, used 69723K [0x0000000080000000, 0x000000008a400000, 0x00000000d5580000)
  object space 167936K, 41% used [0x0000000080000000,0x0000000084416ee8,0x000000008a400000)
 Metaspace       used 85464K, capacity 89820K, committed 89984K, reserved 1128448K
  class space    used 9826K, capacity 10519K, committed 10624K, reserved 1048576K
Event: 39.710 GC heap after
Heap after GC invocations=25 (full 3):
 PSYoungGen      total 615424K, used 12088K [0x00000000d5580000, 0x00000000fd080000, 0x0000000100000000)
  eden space 589824K, 0% used [0x00000000d5580000,0x00000000d5580000,0x00000000f9580000)
  from space 25600K, 47% used [0x00000000fb780000,0x00000000fc34e398,0x00000000fd080000)
  to   space 30208K, 0% used [0x00000000f9580000,0x00000000f9580000,0x00000000fb300000)
 ParOldGen       total 167936K, used 69731K [0x0000000080000000, 0x000000008a400000, 0x00000000d5580000)
  object space 167936K, 41% used [0x0000000080000000,0x0000000084418ee8,0x000000008a400000)
 Metaspace       used 85464K, capacity 89820K, committed 89984K, reserved 1128448K
  class space    used 9826K, capacity 10519K, committed 10624K, reserved 1048576K
}
Event: 42.221 GC heap before
{Heap before GC invocations=26 (full 3):
 PSYoungGen      total 615424K, used 601912K [0x00000000d5580000, 0x00000000fd080000, 0x0000000100000000)
  eden space 589824K, 100% used [0x00000000d5580000,0x00000000f9580000,0x00000000f9580000)
  from space 25600K, 47% used [0x00000000fb780000,0x00000000fc34e398,0x00000000fd080000)
  to   space 30208K, 0% used [0x00000000f9580000,0x00000000f9580000,0x00000000fb300000)
 ParOldGen       total 167936K, used 69731K [0x0000000080000000, 0x000000008a400000, 0x00000000d5580000)
  object space 167936K, 41% used [0x0000000080000000,0x0000000084418ee8,0x000000008a400000)
 Metaspace       used 85478K, capacity 89820K, committed 89984K, reserved 1128448K
  class space    used 9826K, capacity 10519K, committed 10624K, reserved 1048576K
Event: 42.235 GC heap after
Heap after GC invocations=26 (full 3):
 PSYoungGen      total 620032K, used 11820K [0x00000000d5580000, 0x00000000fff00000, 0x0000000100000000)
  eden space 589824K, 0% used [0x00000000d5580000,0x00000000d5580000,0x00000000f9580000)
  from space 30208K, 39% used [0x00000000f9580000,0x00000000fa10b260,0x00000000fb300000)
  to   space 29184K, 0% used [0x00000000fe280000,0x00000000fe280000,0x00000000fff00000)
 ParOldGen       total 167936K, used 69739K [0x0000000080000000, 0x000000008a400000, 0x00000000d5580000)
  object space 167936K, 41% used [0x0000000080000000,0x000000008441aee8,0x000000008a400000)
 Metaspace       used 85478K, capacity 89820K, committed 89984K, reserved 1128448K
  class space    used 9826K, capacity 10519K, committed 10624K, reserved 1048576K
}

