# JRE version: OpenJDK Runtime Environment (8.0_362-b09) (build 1.8.0_362-b09)
# Java VM: OpenJDK 64-Bit Server VM (25.362-b09 mixed mode linux-amd64 compressed oops)
Heap:
 PSYoungGen      total 667648K, used 246030K [0x000000076ab00000, 0x00000007afb80000, 0x00000007c0000000)
  eden space 532480K, 39% used [0x000000076ab00000,0x0000000777ac8158,0x000000078b300000)
  from space 135168K, 24% used [0x000000079a380000,0x000000079c3fba40,0x00000007a2780000)
  to   space 246272K, 0% used [0x000000078b300000,0x000000078b300000,0x000000079a380000)
 ParOldGen       total 592384K, used 363534K [0x00000006c0000000, 0x00000006e4280000, 0x000000076ab00000)
  object space 592384K, 61% used [0x00000006c0000000,0x00000006d6303948,0x00000006e4280000)
 Metaspace       used 90540K, capacity 94854K, committed 95104K, reserved 1132544K
  class space    used 10851K, capacity 11538K, committed 11648K, reserved 1048576K
GC Heap History (10 events):
Event: 18.136 GC heap before
{Heap before GC invocations=23 (full 3):
 PSYoungGen      total 582144K, used 565183K [0x000000076ab00000, 0x0000000799b00000, 0x00000007c0000000)
  eden space 492544K, 100% used [0x000000076ab00000,0x0000000788c00000,0x0000000788c00000)
  from space 89600K, 81% used [0x0000000788c00000,0x000000078d2efe58,0x000000078e380000)
  to   space 98816K, 0% used [0x0000000793a80000,0x0000000793a80000,0x0000000799b00000)
 ParOldGen       total 158208K, used 113462K [0x00000006c0000000, 0x00000006c9a80000, 0x000000076ab00000)
  object space 158208K, 71% used [0x00000006c0000000,0x00000006c6ecdad0,0x00000006c9a80000)
 Metaspace       used 77274K, capacity 80496K, committed 80768K, reserved 1120256K
  class space    used 9284K, capacity 9837K, committed 9856K, reserved 1048576K
Event: 18.183 GC heap after
Heap after GC invocations=23 (full 3):
 PSYoungGen      total 645632K, used 98803K [0x000000076ab00000, 0x000000079d680000, 0x00000007c0000000)
  eden space 546816K, 0% used [0x000000076ab00000,0x000000076ab00000,0x000000078c100000)
  from space 98816K, 99% used [0x0000000793a80000,0x0000000799afcd08,0x0000000799b00000)
  to   space 124416K, 0% used [0x000000078c100000,0x000000078c100000,0x0000000793a80000)
 ParOldGen       total 158208K, used 135674K [0x00000006c0000000, 0x00000006c9a80000, 0x000000076ab00000)
  object space 158208K, 85% used [0x00000006c0000000,0x00000006c847eb48,0x00000006c9a80000)
 Metaspace       used 77274K, capacity 80496K, committed 80768K, reserved 1120256K
  class space    used 9284K, capacity 9837K, committed 9856K, reserved 1048576K
}
Event: 18.183 GC heap before
{Heap before GC invocations=24 (full 4):
 PSYoungGen      total 645632K, used 98803K [0x000000076ab00000, 0x000000079d680000, 0x00000007c0000000)
  eden space 546816K, 0% used [0x000000076ab00000,0x000000076ab00000,0x000000078c100000)
  from space 98816K, 99% used [0x0000000793a80000,0x0000000799afcd08,0x0000000799b00000)
  to   space 124416K, 0% used [0x000000078c100000,0x000000078c100000,0x0000000793a80000)
 ParOldGen       total 158208K, used 135674K [0x00000006c0000000, 0x00000006c9a80000, 0x000000076ab00000)
  object space 158208K, 85% used [0x00000006c0000000,0x00000006c847eb48,0x00000006c9a80000)
 Metaspace       used 77274K, capacity 80496K, committed 80768K, reserved 1120256K
  class space    used 9284K, capacity 9837K, committed 9856K, reserved 1048576K
Event: 18.305 GC heap after
Heap after GC invocations=24 (full 4):
 PSYoungGen      total 645632K, used 0K [0x000000076ab00000, 0x000000079d680000, 0x00000007c0000000)
  eden space 546816K, 0% used [0x000000076ab00000,0x000000076ab00000,0x000000078c100000)
  from space 98816K, 0% used [0x0000000793a80000,0x0000000793a80000,0x0000000799b00000)
  to   space 124416K, 0% used [0x000000078c100000,0x000000078c100000,0x0000000793a80000)
 ParOldGen       total 265216K, used 141335K [0x00000006c0000000, 0x00000006d0300000, 0x000000076ab00000)
  object space 265216K, 53% used [0x00000006c0000000,0x00000006c8a05d38,0x00000006d0300000)
 Metaspace       used 77246K, capacity 80448K, committed 80768K, reserved 1120256K
  class space    used 9280K, capacity 9829K, committed 9856K, reserved 1048576K
}
Event: 26.391 GC heap before
{Heap before GC invocations=25 (full 4):
 PSYoungGen      total 645632K, used 546805K [0x000000076ab00000, 0x000000079d680000, 0x00000007c0000000)
  eden space 546816K, 99% used [0x000000076ab00000,0x000000078c0fd528,0x000000078c100000)
  from space 98816K, 0% used [0x0000000793a80000,0x0000000793a80000,0x0000000799b00000)
  to   space 124416K, 0% used [0x000000078c100000,0x000000078c100000,0x0000000793a80000)
 ParOldGen       total 265216K, used 141335K [0x00000006c0000000, 0x00000006d0300000, 0x000000076ab00000)
  object space 265216K, 53% used [0x00000006c0000000,0x00000006c8a05d38,0x00000006d0300000)
 Metaspace       used 87233K, capacity 91122K, committed 91264K, reserved 1130496K
  class space    used 10465K, capacity 11106K, committed 11136K, reserved 1048576K
Event: 26.416 GC heap after
Heap after GC invocations=25 (full 4):
 PSYoungGen      total 671232K, used 95090K [0x000000076ab00000, 0x00000007a2780000, 0x00000007c0000000)
  eden space 546816K, 0% used [0x000000076ab00000,0x000000076ab00000,0x000000078c100000)
  from space 124416K, 76% used [0x000000078c100000,0x0000000791ddcbe0,0x0000000793a80000)
  to   space 135168K, 0% used [0x000000079a380000,0x000000079a380000,0x00000007a2780000)
 ParOldGen       total 265216K, used 141343K [0x00000006c0000000, 0x00000006d0300000, 0x000000076ab00000)
  object space 265216K, 53% used [0x00000006c0000000,0x00000006c8a07d38,0x00000006d0300000)
 Metaspace       used 87233K, capacity 91122K, committed 91264K, reserved 1130496K
  class space    used 10465K, capacity 11106K, committed 11136K, reserved 1048576K
}
Event: 32.289 GC heap before
{Heap before GC invocations=26 (full 4):
 PSYoungGen      total 671232K, used 641906K [0x000000076ab00000, 0x00000007a2780000, 0x00000007c0000000)
  eden space 546816K, 100% used [0x000000076ab00000,0x000000078c100000,0x000000078c100000)
  from space 124416K, 76% used [0x000000078c100000,0x0000000791ddcbe0,0x0000000793a80000)
  to   space 135168K, 0% used [0x000000079a380000,0x000000079a380000,0x00000007a2780000)
 ParOldGen       total 265216K, used 141580K [0x00000006c0000000, 0x00000006d0300000, 0x000000076ab00000)
  object space 265216K, 53% used [0x00000006c0000000,0x00000006c8a43358,0x00000006d0300000)
 Metaspace       used 90559K, capacity 94912K, committed 95104K, reserved 1132544K
  class space    used 10858K, capacity 11551K, committed 11648K, reserved 1048576K
Event: 32.372 GC heap after
Heap after GC invocations=26 (full 4):
 PSYoungGen      total 667648K, used 135152K [0x000000076ab00000, 0x00000007afb80000, 0x00000007c0000000)
  eden space 532480K, 0% used [0x000000076ab00000,0x000000076ab00000,0x000000078b300000)
  from space 135168K, 99% used [0x000000079a380000,0x00000007a277c1b0,0x00000007a2780000)
  to   space 246272K, 0% used [0x000000078b300000,0x000000078b300000,0x000000079a380000)
 ParOldGen       total 378880K, used 378865K [0x00000006c0000000, 0x00000006d7200000, 0x000000076ab00000)
  object space 378880K, 99% used [0x00000006c0000000,0x00000006d71fc438,0x00000006d7200000)
 Metaspace       used 90559K, capacity 94912K, committed 95104K, reserved 1132544K
  class space    used 10858K, capacity 11551K, committed 11648K, reserved 1048576K
}
Event: 32.372 GC heap before
{Heap before GC invocations=27 (full 5):
 PSYoungGen      total 667648K, used 135152K [0x000000076ab00000, 0x00000007afb80000, 0x00000007c0000000)
  eden space 532480K, 0% used [0x000000076ab00000,0x000000076ab00000,0x000000078b300000)
  from space 135168K, 99% used [0x000000079a380000,0x00000007a277c1b0,0x00000007a2780000)
  to   space 246272K, 0% used [0x000000078b300000,0x000000078b300000,0x000000079a380000)
 ParOldGen       total 378880K, used 378865K [0x00000006c0000000, 0x00000006d7200000, 0x000000076ab00000)
  object space 378880K, 99% used [0x00000006c0000000,0x00000006d71fc438,0x00000006d7200000)
 Metaspace       used 90559K, capacity 94912K, committed 95104K, reserved 1132544K
  class space    used 10858K, capacity 11551K, committed 11648K, reserved 1048576K
Event: 32.592 GC heap after
Heap after GC invocations=27 (full 5):
 PSYoungGen      total 667648K, used 33262K [0x000000076ab00000, 0x00000007afb80000, 0x00000007c0000000)
  eden space 532480K, 0% used [0x000000076ab00000,0x000000076ab00000,0x000000078b300000)
  from space 135168K, 24% used [0x000000079a380000,0x000000079c3fba40,0x00000007a2780000)
  to   space 246272K, 0% used [0x000000078b300000,0x000000078b300000,0x000000079a380000)
 ParOldGen       total 592384K, used 363534K [0x00000006c0000000, 0x00000006e4280000, 0x000000076ab00000)
  object space 592384K, 61% used [0x00000006c0000000,0x00000006d6303948,0x00000006e4280000)
 Metaspace       used 90536K, capacity 94854K, committed 95104K, reserved 1132544K
  class space    used 10851K, capacity 11538K, committed 11648K, reserved 1048576K
}

