# JRE version: OpenJDK Runtime Environment (8.0_332-b09) (build 1.8.0_332-b09)
# Java VM: OpenJDK 64-Bit Server VM (25.332-b09 mixed mode linux-amd64 compressed oops)
Heap:
 PSYoungGen      total 491520K, used 133978K [0x00000000d5580000, 0x00000000ffa80000, 0x0000000100000000)
  eden space 455680K, 25% used [0x00000000d5580000,0x00000000dc634150,0x00000000f1280000)
  from space 35840K, 51% used [0x00000000f1280000,0x00000000f24a26f8,0x00000000f3580000)
  to   space 35328K, 0% used [0x00000000fd800000,0x00000000fd800000,0x00000000ffa80000)
 ParOldGen       total 109568K, used 74322K [0x0000000080000000, 0x0000000086b00000, 0x00000000d5580000)
  object space 109568K, 67% used [0x0000000080000000,0x0000000084894a38,0x0000000086b00000)
 Metaspace       used 74563K, capacity 78616K, committed 78936K, reserved 1118208K
  class space    used 8797K, capacity 9479K, committed 9560K, reserved 1048576K
GC Heap History (10 events):
Event: 16.099 GC heap before
{Heap before GC invocations=14 (full 2):
 PSYoungGen      total 255488K, used 243245K [0x00000000d5580000, 0x00000000eb680000, 0x0000000100000000)
  eden space 242176K, 96% used [0x00000000d5580000,0x00000000e388ac68,0x00000000e4200000)
  from space 13312K, 80% used [0x00000000e4200000,0x00000000e4c80b38,0x00000000e4f00000)
  to   space 14336K, 0% used [0x00000000ea880000,0x00000000ea880000,0x00000000eb680000)
 ParOldGen       total 72192K, used 24235K [0x0000000080000000, 0x0000000084680000, 0x00000000d5580000)
  object space 72192K, 33% used [0x0000000080000000,0x00000000817aae10,0x0000000084680000)
 Metaspace       used 55721K, capacity 58532K, committed 59028K, reserved 1101824K
  class space    used 6792K, capacity 7289K, committed 7384K, reserved 1048576K
Event: 16.127 GC heap after
Heap after GC invocations=14 (full 2):
 PSYoungGen      total 339968K, used 14312K [0x00000000d5580000, 0x00000000eb980000, 0x0000000100000000)
  eden space 325632K, 0% used [0x00000000d5580000,0x00000000d5580000,0x00000000e9380000)
  from space 14336K, 99% used [0x00000000ea880000,0x00000000eb67a088,0x00000000eb680000)
  to   space 19456K, 0% used [0x00000000e9380000,0x00000000e9380000,0x00000000ea680000)
 ParOldGen       total 72192K, used 33093K [0x0000000080000000, 0x0000000084680000, 0x00000000d5580000)
  object space 72192K, 45% used [0x0000000080000000,0x00000000820517b0,0x0000000084680000)
 Metaspace       used 55721K, capacity 58532K, committed 59028K, reserved 1101824K
  class space    used 6792K, capacity 7289K, committed 7384K, reserved 1048576K
}
Event: 16.127 GC heap before
{Heap before GC invocations=15 (full 3):
 PSYoungGen      total 339968K, used 14312K [0x00000000d5580000, 0x00000000eb980000, 0x0000000100000000)
  eden space 325632K, 0% used [0x00000000d5580000,0x00000000d5580000,0x00000000e9380000)
  from space 14336K, 99% used [0x00000000ea880000,0x00000000eb67a088,0x00000000eb680000)
  to   space 19456K, 0% used [0x00000000e9380000,0x00000000e9380000,0x00000000ea680000)
 ParOldGen       total 72192K, used 33093K [0x0000000080000000, 0x0000000084680000, 0x00000000d5580000)
  object space 72192K, 45% used [0x0000000080000000,0x00000000820517b0,0x0000000084680000)
 Metaspace       used 55721K, capacity 58532K, committed 59028K, reserved 1101824K
  class space    used 6792K, capacity 7289K, committed 7384K, reserved 1048576K
Event: 16.229 GC heap after
Heap after GC invocations=15 (full 3):
 PSYoungGen      total 339968K, used 0K [0x00000000d5580000, 0x00000000eb980000, 0x0000000100000000)
  eden space 325632K, 0% used [0x00000000d5580000,0x00000000d5580000,0x00000000e9380000)
  from space 14336K, 0% used [0x00000000ea880000,0x00000000ea880000,0x00000000eb680000)
  to   space 19456K, 0% used [0x00000000e9380000,0x00000000e9380000,0x00000000ea680000)
 ParOldGen       total 109568K, used 36649K [0x0000000080000000, 0x0000000086b00000, 0x00000000d5580000)
  object space 109568K, 33% used [0x0000000080000000,0x00000000823ca548,0x0000000086b00000)
 Metaspace       used 55721K, capacity 58532K, committed 59028K, reserved 1101824K
  class space    used 6792K, capacity 7289K, committed 7384K, reserved 1048576K
}
Event: 16.799 GC heap before
{Heap before GC invocations=16 (full 3):
 PSYoungGen      total 339968K, used 325632K [0x00000000d5580000, 0x00000000eb980000, 0x0000000100000000)
  eden space 325632K, 100% used [0x00000000d5580000,0x00000000e9380000,0x00000000e9380000)
  from space 14336K, 0% used [0x00000000ea880000,0x00000000ea880000,0x00000000eb680000)
  to   space 19456K, 0% used [0x00000000e9380000,0x00000000e9380000,0x00000000ea680000)
 ParOldGen       total 109568K, used 36649K [0x0000000080000000, 0x0000000086b00000, 0x00000000d5580000)
  object space 109568K, 33% used [0x0000000080000000,0x00000000823ca548,0x0000000086b00000)
 Metaspace       used 56916K, capacity 59746K, committed 60308K, reserved 1101824K
  class space    used 6872K, capacity 7364K, committed 7384K, reserved 1048576K
Event: 16.846 GC heap after
Heap after GC invocations=16 (full 3):
 PSYoungGen      total 345088K, used 19439K [0x00000000d5580000, 0x00000000f5a80000, 0x0000000100000000)
  eden space 325632K, 0% used [0x00000000d5580000,0x00000000d5580000,0x00000000e9380000)
  from space 19456K, 99% used [0x00000000e9380000,0x00000000ea67bea0,0x00000000ea680000)
  to   space 34816K, 0% used [0x00000000f3880000,0x00000000f3880000,0x00000000f5a80000)
 ParOldGen       total 109568K, used 70274K [0x0000000080000000, 0x0000000086b00000, 0x00000000d5580000)
  object space 109568K, 64% used [0x0000000080000000,0x00000000844a09d8,0x0000000086b00000)
 Metaspace       used 56916K, capacity 59746K, committed 60308K, reserved 1101824K
  class space    used 6872K, capacity 7364K, committed 7384K, reserved 1048576K
}
Event: 17.986 GC heap before
{Heap before GC invocations=17 (full 3):
 PSYoungGen      total 345088K, used 345071K [0x00000000d5580000, 0x00000000f5a80000, 0x0000000100000000)
  eden space 325632K, 100% used [0x00000000d5580000,0x00000000e9380000,0x00000000e9380000)
  from space 19456K, 99% used [0x00000000e9380000,0x00000000ea67bea0,0x00000000ea680000)
  to   space 34816K, 0% used [0x00000000f3880000,0x00000000f3880000,0x00000000f5a80000)
 ParOldGen       total 109568K, used 70301K [0x0000000080000000, 0x0000000086b00000, 0x00000000d5580000)
  object space 109568K, 64% used [0x0000000080000000,0x00000000844a7478,0x0000000086b00000)
 Metaspace       used 62929K, capacity 65940K, committed 66392K, reserved 1107968K
  class space    used 7432K, capacity 7925K, committed 8024K, reserved 1048576K
Event: 18.009 GC heap after
Heap after GC invocations=17 (full 3):
 PSYoungGen      total 488448K, used 21346K [0x00000000d5580000, 0x00000000f5880000, 0x0000000100000000)
  eden space 455680K, 0% used [0x00000000d5580000,0x00000000d5580000,0x00000000f1280000)
  from space 32768K, 65% used [0x00000000f3880000,0x00000000f4d58aa8,0x00000000f5880000)
  to   space 35840K, 0% used [0x00000000f1280000,0x00000000f1280000,0x00000000f3580000)
 ParOldGen       total 109568K, used 70751K [0x0000000080000000, 0x0000000086b00000, 0x00000000d5580000)
  object space 109568K, 64% used [0x0000000080000000,0x0000000084517f30,0x0000000086b00000)
 Metaspace       used 62929K, capacity 65940K, committed 66392K, reserved 1107968K
  class space    used 7432K, capacity 7925K, committed 8024K, reserved 1048576K
}
Event: 25.551 GC heap before
{Heap before GC invocations=18 (full 3):
 PSYoungGen      total 488448K, used 477026K [0x00000000d5580000, 0x00000000f5880000, 0x0000000100000000)
  eden space 455680K, 100% used [0x00000000d5580000,0x00000000f1280000,0x00000000f1280000)
  from space 32768K, 65% used [0x00000000f3880000,0x00000000f4d58aa8,0x00000000f5880000)
  to   space 35840K, 0% used [0x00000000f1280000,0x00000000f1280000,0x00000000f3580000)
 ParOldGen       total 109568K, used 70763K [0x0000000080000000, 0x0000000086b00000, 0x00000000d5580000)
  object space 109568K, 64% used [0x0000000080000000,0x000000008451ac78,0x0000000086b00000)
 Metaspace       used 71787K, capacity 75300K, committed 75736K, reserved 1116160K
  class space    used 8489K, capacity 9067K, committed 9176K, reserved 1048576K
Event: 25.580 GC heap after
Heap after GC invocations=18 (full 3):
 PSYoungGen      total 491520K, used 18569K [0x00000000d5580000, 0x00000000ffa80000, 0x0000000100000000)
  eden space 455680K, 0% used [0x00000000d5580000,0x00000000d5580000,0x00000000f1280000)
  from space 35840K, 51% used [0x00000000f1280000,0x00000000f24a26f8,0x00000000f3580000)
  to   space 35328K, 0% used [0x00000000fd800000,0x00000000fd800000,0x00000000ffa80000)
 ParOldGen       total 109568K, used 74322K [0x0000000080000000, 0x0000000086b00000, 0x00000000d5580000)
  object space 109568K, 67% used [0x0000000080000000,0x0000000084894a38,0x0000000086b00000)
 Metaspace       used 71787K, capacity 75300K, committed 75736K, reserved 1116160K
  class space    used 8489K, capacity 9067K, committed 9176K, reserved 1048576K
}

