# JRE version: OpenJDK Runtime Environment (8.0_332-b09) (build 1.8.0_332-b09)
# Java VM: OpenJDK 64-Bit Server VM (25.332-b09 mixed mode linux-amd64 compressed oops)
Heap:
 PSYoungGen      total 610816K, used 125163K [0x00000000d5580000, 0x00000000fde00000, 0x0000000100000000)
  eden space 589312K, 18% used [0x00000000d5580000,0x00000000dbfa6c90,0x00000000f9500000)
  from space 21504K, 76% used [0x00000000fc900000,0x00000000fd914280,0x00000000fde00000)
  to   space 37376K, 0% used [0x00000000f9500000,0x00000000f9500000,0x00000000fb980000)
 ParOldGen       total 90112K, used 52490K [0x0000000080000000, 0x0000000085800000, 0x00000000d5580000)
  object space 90112K, 58% used [0x0000000080000000,0x0000000083342968,0x0000000085800000)
 Metaspace       used 74862K, capacity 78914K, committed 79192K, reserved 1118208K
  class space    used 8825K, capacity 9514K, committed 9560K, reserved 1048576K
GC Heap History (10 events):
Event: 17.176 GC heap before
{Heap before GC invocations=15 (full 2):
 PSYoungGen      total 329216K, used 41451K [0x00000000d5580000, 0x00000000eaf80000, 0x0000000100000000)
  eden space 315392K, 8% used [0x00000000d5580000,0x00000000d707e408,0x00000000e8980000)
  from space 13824K, 99% used [0x00000000e9f00000,0x00000000eac7cbb8,0x00000000eac80000)
  to   space 19456K, 0% used [0x00000000e8980000,0x00000000e8980000,0x00000000e9c80000)
 ParOldGen       total 74240K, used 33346K [0x0000000080000000, 0x0000000084880000, 0x00000000d5580000)
  object space 74240K, 44% used [0x0000000080000000,0x0000000082090998,0x0000000084880000)
 Metaspace       used 55715K, capacity 58562K, committed 59028K, reserved 1101824K
  class space    used 6781K, capacity 7292K, committed 7384K, reserved 1048576K
Event: 17.181 GC heap after
Heap after GC invocations=15 (full 2):
 PSYoungGen      total 334848K, used 554K [0x00000000d5580000, 0x00000000f2d00000, 0x0000000100000000)
  eden space 315392K, 0% used [0x00000000d5580000,0x00000000d5580000,0x00000000e8980000)
  from space 19456K, 2% used [0x00000000e8980000,0x00000000e8a0a910,0x00000000e9c80000)
  to   space 19456K, 0% used [0x00000000f1a00000,0x00000000f1a00000,0x00000000f2d00000)
 ParOldGen       total 74240K, used 34726K [0x0000000080000000, 0x0000000084880000, 0x00000000d5580000)
  object space 74240K, 46% used [0x0000000080000000,0x00000000821e9a98,0x0000000084880000)
 Metaspace       used 55715K, capacity 58562K, committed 59028K, reserved 1101824K
  class space    used 6781K, capacity 7292K, committed 7384K, reserved 1048576K
}
Event: 17.181 GC heap before
{Heap before GC invocations=16 (full 3):
 PSYoungGen      total 334848K, used 554K [0x00000000d5580000, 0x00000000f2d00000, 0x0000000100000000)
  eden space 315392K, 0% used [0x00000000d5580000,0x00000000d5580000,0x00000000e8980000)
  from space 19456K, 2% used [0x00000000e8980000,0x00000000e8a0a910,0x00000000e9c80000)
  to   space 19456K, 0% used [0x00000000f1a00000,0x00000000f1a00000,0x00000000f2d00000)
 ParOldGen       total 74240K, used 34726K [0x0000000080000000, 0x0000000084880000, 0x00000000d5580000)
  object space 74240K, 46% used [0x0000000080000000,0x00000000821e9a98,0x0000000084880000)
 Metaspace       used 55715K, capacity 58562K, committed 59028K, reserved 1101824K
  class space    used 6781K, capacity 7292K, committed 7384K, reserved 1048576K
Event: 17.267 GC heap after
Heap after GC invocations=16 (full 3):
 PSYoungGen      total 334848K, used 0K [0x00000000d5580000, 0x00000000f2d00000, 0x0000000100000000)
  eden space 315392K, 0% used [0x00000000d5580000,0x00000000d5580000,0x00000000e8980000)
  from space 19456K, 0% used [0x00000000e8980000,0x00000000e8980000,0x00000000e9c80000)
  to   space 19456K, 0% used [0x00000000f1a00000,0x00000000f1a00000,0x00000000f2d00000)
 ParOldGen       total 90112K, used 18817K [0x0000000080000000, 0x0000000085800000, 0x00000000d5580000)
  object space 90112K, 20% used [0x0000000080000000,0x00000000812606c0,0x0000000085800000)
 Metaspace       used 55715K, capacity 58562K, committed 59028K, reserved 1101824K
  class space    used 6781K, capacity 7292K, committed 7384K, reserved 1048576K
}
Event: 17.895 GC heap before
{Heap before GC invocations=17 (full 3):
 PSYoungGen      total 334848K, used 315387K [0x00000000d5580000, 0x00000000f2d00000, 0x0000000100000000)
  eden space 315392K, 99% used [0x00000000d5580000,0x00000000e897ec30,0x00000000e8980000)
  from space 19456K, 0% used [0x00000000e8980000,0x00000000e8980000,0x00000000e9c80000)
  to   space 19456K, 0% used [0x00000000f1a00000,0x00000000f1a00000,0x00000000f2d00000)
 ParOldGen       total 90112K, used 18817K [0x0000000080000000, 0x0000000085800000, 0x00000000d5580000)
  object space 90112K, 20% used [0x0000000080000000,0x00000000812606c0,0x0000000085800000)
 Metaspace       used 57164K, capacity 60068K, committed 60692K, reserved 1101824K
  class space    used 6884K, capacity 7401K, committed 7512K, reserved 1048576K
Event: 17.922 GC heap after
Heap after GC invocations=17 (full 3):
 PSYoungGen      total 449024K, used 19432K [0x00000000d5580000, 0x00000000f4e00000, 0x0000000100000000)
  eden space 429568K, 0% used [0x00000000d5580000,0x00000000d5580000,0x00000000ef900000)
  from space 19456K, 99% used [0x00000000f1a00000,0x00000000f2cfa108,0x00000000f2d00000)
  to   space 33792K, 0% used [0x00000000ef900000,0x00000000ef900000,0x00000000f1a00000)
 ParOldGen       total 90112K, used 48078K [0x0000000080000000, 0x0000000085800000, 0x00000000d5580000)
  object space 90112K, 53% used [0x0000000080000000,0x0000000082ef3938,0x0000000085800000)
 Metaspace       used 57164K, capacity 60068K, committed 60692K, reserved 1101824K
  class space    used 6884K, capacity 7401K, committed 7512K, reserved 1048576K
}
Event: 19.474 GC heap before
{Heap before GC invocations=18 (full 3):
 PSYoungGen      total 449024K, used 449000K [0x00000000d5580000, 0x00000000f4e00000, 0x0000000100000000)
  eden space 429568K, 100% used [0x00000000d5580000,0x00000000ef900000,0x00000000ef900000)
  from space 19456K, 99% used [0x00000000f1a00000,0x00000000f2cfa108,0x00000000f2d00000)
  to   space 33792K, 0% used [0x00000000ef900000,0x00000000ef900000,0x00000000f1a00000)
 ParOldGen       total 90112K, used 48078K [0x0000000080000000, 0x0000000085800000, 0x00000000d5580000)
  object space 90112K, 53% used [0x0000000080000000,0x0000000082ef3938,0x0000000085800000)
 Metaspace       used 64261K, capacity 67284K, committed 67800K, reserved 1110016K
  class space    used 7554K, capacity 8063K, committed 8152K, reserved 1048576K
Event: 19.497 GC heap after
Heap after GC invocations=18 (full 3):
 PSYoungGen      total 463360K, used 30815K [0x00000000d5580000, 0x00000000fee80000, 0x0000000100000000)
  eden space 429568K, 0% used [0x00000000d5580000,0x00000000d5580000,0x00000000ef900000)
  from space 33792K, 91% used [0x00000000ef900000,0x00000000f1717f78,0x00000000f1a00000)
  to   space 38400K, 0% used [0x00000000fc900000,0x00000000fc900000,0x00000000fee80000)
 ParOldGen       total 90112K, used 48547K [0x0000000080000000, 0x0000000085800000, 0x00000000d5580000)
  object space 90112K, 53% used [0x0000000080000000,0x0000000082f68e58,0x0000000085800000)
 Metaspace       used 64261K, capacity 67284K, committed 67800K, reserved 1110016K
  class space    used 7554K, capacity 8063K, committed 8152K, reserved 1048576K
}
Event: 27.038 GC heap before
{Heap before GC invocations=19 (full 3):
 PSYoungGen      total 463360K, used 460383K [0x00000000d5580000, 0x00000000fee80000, 0x0000000100000000)
  eden space 429568K, 100% used [0x00000000d5580000,0x00000000ef900000,0x00000000ef900000)
  from space 33792K, 91% used [0x00000000ef900000,0x00000000f1717f78,0x00000000f1a00000)
  to   space 38400K, 0% used [0x00000000fc900000,0x00000000fc900000,0x00000000fee80000)
 ParOldGen       total 90112K, used 48547K [0x0000000080000000, 0x0000000085800000, 0x00000000d5580000)
  object space 90112K, 53% used [0x0000000080000000,0x0000000082f68e58,0x0000000085800000)
 Metaspace       used 72519K, capacity 76154K, committed 76248K, reserved 1116160K
  class space    used 8555K, capacity 9156K, committed 9176K, reserved 1048576K
Event: 27.057 GC heap after
Heap after GC invocations=19 (full 3):
 PSYoungGen      total 610816K, used 16464K [0x00000000d5580000, 0x00000000fde00000, 0x0000000100000000)
  eden space 589312K, 0% used [0x00000000d5580000,0x00000000d5580000,0x00000000f9500000)
  from space 21504K, 76% used [0x00000000fc900000,0x00000000fd914280,0x00000000fde00000)
  to   space 37376K, 0% used [0x00000000f9500000,0x00000000f9500000,0x00000000fb980000)
 ParOldGen       total 90112K, used 52490K [0x0000000080000000, 0x0000000085800000, 0x00000000d5580000)
  object space 90112K, 58% used [0x0000000080000000,0x0000000083342968,0x0000000085800000)
 Metaspace       used 72519K, capacity 76154K, committed 76248K, reserved 1116160K
  class space    used 8555K, capacity 9156K, committed 9176K, reserved 1048576K
}

