# JRE version: OpenJDK Runtime Environment (8.0_332-b09) (build 1.8.0_332-b09)
# Java VM: OpenJDK 64-Bit Server VM (25.332-b09 mixed mode linux-amd64 compressed oops)
Heap:
 PSYoungGen      total 475648K, used 160900K [0x00000000d5580000, 0x00000000fd980000, 0x0000000100000000)
  eden space 439808K, 32% used [0x00000000d5580000,0x00000000de0c75c0,0x00000000f0300000)
  from space 35840K, 51% used [0x00000000f0300000,0x00000000f14d9be8,0x00000000f2600000)
  to   space 35328K, 0% used [0x00000000fb700000,0x00000000fb700000,0x00000000fd980000)
 ParOldGen       total 111104K, used 73991K [0x0000000080000000, 0x0000000086c80000, 0x00000000d5580000)
  object space 111104K, 66% used [0x0000000080000000,0x0000000084841ea0,0x0000000086c80000)
 Metaspace       used 74708K, capacity 78764K, committed 78936K, reserved 1118208K
  class space    used 8816K, capacity 9507K, committed 9560K, reserved 1048576K
GC Heap History (10 events):
Event: 16.554 GC heap before
{Heap before GC invocations=14 (full 2):
 PSYoungGen      total 253440K, used 246474K [0x00000000d5580000, 0x00000000eb100000, 0x0000000100000000)
  eden space 240640K, 97% used [0x00000000d5580000,0x00000000e3bb2c10,0x00000000e4080000)
  from space 12800K, 83% used [0x00000000e4080000,0x00000000e4affdc0,0x00000000e4d00000)
  to   space 13824K, 0% used [0x00000000ea380000,0x00000000ea380000,0x00000000eb100000)
 ParOldGen       total 72704K, used 23742K [0x0000000080000000, 0x0000000084700000, 0x00000000d5580000)
  object space 72704K, 32% used [0x0000000080000000,0x000000008172fbd8,0x0000000084700000)
 Metaspace       used 55849K, capacity 58672K, committed 59028K, reserved 1101824K
  class space    used 6802K, capacity 7289K, committed 7384K, reserved 1048576K
Event: 16.571 GC heap after
Heap after GC invocations=14 (full 2):
 PSYoungGen      total 333824K, used 13792K [0x00000000d5580000, 0x00000000eb400000, 0x0000000100000000)
  eden space 320000K, 0% used [0x00000000d5580000,0x00000000d5580000,0x00000000e8e00000)
  from space 13824K, 99% used [0x00000000ea380000,0x00000000eb0f8358,0x00000000eb100000)
  to   space 19456K, 0% used [0x00000000e8e00000,0x00000000e8e00000,0x00000000ea100000)
 ParOldGen       total 72704K, used 33187K [0x0000000080000000, 0x0000000084700000, 0x00000000d5580000)
  object space 72704K, 45% used [0x0000000080000000,0x0000000082068d08,0x0000000084700000)
 Metaspace       used 55849K, capacity 58672K, committed 59028K, reserved 1101824K
  class space    used 6802K, capacity 7289K, committed 7384K, reserved 1048576K
}
Event: 16.571 GC heap before
{Heap before GC invocations=15 (full 3):
 PSYoungGen      total 333824K, used 13792K [0x00000000d5580000, 0x00000000eb400000, 0x0000000100000000)
  eden space 320000K, 0% used [0x00000000d5580000,0x00000000d5580000,0x00000000e8e00000)
  from space 13824K, 99% used [0x00000000ea380000,0x00000000eb0f8358,0x00000000eb100000)
  to   space 19456K, 0% used [0x00000000e8e00000,0x00000000e8e00000,0x00000000ea100000)
 ParOldGen       total 72704K, used 33187K [0x0000000080000000, 0x0000000084700000, 0x00000000d5580000)
  object space 72704K, 45% used [0x0000000080000000,0x0000000082068d08,0x0000000084700000)
 Metaspace       used 55849K, capacity 58672K, committed 59028K, reserved 1101824K
  class space    used 6802K, capacity 7289K, committed 7384K, reserved 1048576K
Event: 16.666 GC heap after
Heap after GC invocations=15 (full 3):
 PSYoungGen      total 333824K, used 0K [0x00000000d5580000, 0x00000000eb400000, 0x0000000100000000)
  eden space 320000K, 0% used [0x00000000d5580000,0x00000000d5580000,0x00000000e8e00000)
  from space 13824K, 0% used [0x00000000ea380000,0x00000000ea380000,0x00000000eb100000)
  to   space 19456K, 0% used [0x00000000e8e00000,0x00000000e8e00000,0x00000000ea100000)
 ParOldGen       total 111104K, used 36836K [0x0000000080000000, 0x0000000086c80000, 0x00000000d5580000)
  object space 111104K, 33% used [0x0000000080000000,0x00000000823f9228,0x0000000086c80000)
 Metaspace       used 55849K, capacity 58672K, committed 59028K, reserved 1101824K
  class space    used 6802K, capacity 7289K, committed 7384K, reserved 1048576K
}
Event: 17.234 GC heap before
{Heap before GC invocations=16 (full 3):
 PSYoungGen      total 333824K, used 320000K [0x00000000d5580000, 0x00000000eb400000, 0x0000000100000000)
  eden space 320000K, 100% used [0x00000000d5580000,0x00000000e8e00000,0x00000000e8e00000)
  from space 13824K, 0% used [0x00000000ea380000,0x00000000ea380000,0x00000000eb100000)
  to   space 19456K, 0% used [0x00000000e8e00000,0x00000000e8e00000,0x00000000ea100000)
 ParOldGen       total 111104K, used 36836K [0x0000000080000000, 0x0000000086c80000, 0x00000000d5580000)
  object space 111104K, 33% used [0x0000000080000000,0x00000000823f9228,0x0000000086c80000)
 Metaspace       used 57020K, capacity 59886K, committed 60308K, reserved 1101824K
  class space    used 6877K, capacity 7364K, committed 7384K, reserved 1048576K
Event: 17.266 GC heap after
Heap after GC invocations=16 (full 3):
 PSYoungGen      total 339456K, used 19435K [0x00000000d5580000, 0x00000000f4a80000, 0x0000000100000000)
  eden space 320000K, 0% used [0x00000000d5580000,0x00000000d5580000,0x00000000e8e00000)
  from space 19456K, 99% used [0x00000000e8e00000,0x00000000ea0faf88,0x00000000ea100000)
  to   space 34816K, 0% used [0x00000000f2880000,0x00000000f2880000,0x00000000f4a80000)
 ParOldGen       total 111104K, used 69983K [0x0000000080000000, 0x0000000086c80000, 0x00000000d5580000)
  object space 111104K, 62% used [0x0000000080000000,0x0000000084457c10,0x0000000086c80000)
 Metaspace       used 57020K, capacity 59886K, committed 60308K, reserved 1101824K
  class space    used 6877K, capacity 7364K, committed 7384K, reserved 1048576K
}
Event: 18.350 GC heap before
{Heap before GC invocations=17 (full 3):
 PSYoungGen      total 339456K, used 339435K [0x00000000d5580000, 0x00000000f4a80000, 0x0000000100000000)
  eden space 320000K, 100% used [0x00000000d5580000,0x00000000e8e00000,0x00000000e8e00000)
  from space 19456K, 99% used [0x00000000e8e00000,0x00000000ea0faf88,0x00000000ea100000)
  to   space 34816K, 0% used [0x00000000f2880000,0x00000000f2880000,0x00000000f4a80000)
 ParOldGen       total 111104K, used 70038K [0x0000000080000000, 0x0000000086c80000, 0x00000000d5580000)
  object space 111104K, 63% used [0x0000000080000000,0x0000000084465920,0x0000000086c80000)
 Metaspace       used 62670K, capacity 65676K, committed 66008K, reserved 1107968K
  class space    used 7388K, capacity 7895K, committed 7896K, reserved 1048576K
Event: 18.368 GC heap after
Heap after GC invocations=17 (full 3):
 PSYoungGen      total 473088K, used 22289K [0x00000000d5580000, 0x00000000f4900000, 0x0000000100000000)
  eden space 439808K, 0% used [0x00000000d5580000,0x00000000d5580000,0x00000000f0300000)
  from space 33280K, 66% used [0x00000000f2880000,0x00000000f3e44708,0x00000000f4900000)
  to   space 35840K, 0% used [0x00000000f0300000,0x00000000f0300000,0x00000000f2600000)
 ParOldGen       total 111104K, used 70474K [0x0000000080000000, 0x0000000086c80000, 0x00000000d5580000)
  object space 111104K, 63% used [0x0000000080000000,0x00000000844d2930,0x0000000086c80000)
 Metaspace       used 62670K, capacity 65676K, committed 66008K, reserved 1107968K
  class space    used 7388K, capacity 7895K, committed 7896K, reserved 1048576K
}
Event: 25.865 GC heap before
{Heap before GC invocations=18 (full 3):
 PSYoungGen      total 473088K, used 462097K [0x00000000d5580000, 0x00000000f4900000, 0x0000000100000000)
  eden space 439808K, 100% used [0x00000000d5580000,0x00000000f0300000,0x00000000f0300000)
  from space 33280K, 66% used [0x00000000f2880000,0x00000000f3e44708,0x00000000f4900000)
  to   space 35840K, 0% used [0x00000000f0300000,0x00000000f0300000,0x00000000f2600000)
 ParOldGen       total 111104K, used 70487K [0x0000000080000000, 0x0000000086c80000, 0x00000000d5580000)
  object space 111104K, 63% used [0x0000000080000000,0x00000000844d5c60,0x0000000086c80000)
 Metaspace       used 71355K, capacity 74956K, committed 75096K, reserved 1116160K
  class space    used 8406K, capacity 9007K, committed 9048K, reserved 1048576K
Event: 25.886 GC heap after
Heap after GC invocations=18 (full 3):
 PSYoungGen      total 475648K, used 18278K [0x00000000d5580000, 0x00000000fd980000, 0x0000000100000000)
  eden space 439808K, 0% used [0x00000000d5580000,0x00000000d5580000,0x00000000f0300000)
  from space 35840K, 51% used [0x00000000f0300000,0x00000000f14d9be8,0x00000000f2600000)
  to   space 35328K, 0% used [0x00000000fb700000,0x00000000fb700000,0x00000000fd980000)
 ParOldGen       total 111104K, used 73991K [0x0000000080000000, 0x0000000086c80000, 0x00000000d5580000)
  object space 111104K, 66% used [0x0000000080000000,0x0000000084841ea0,0x0000000086c80000)
 Metaspace       used 71355K, capacity 74956K, committed 75096K, reserved 1116160K
  class space    used 8406K, capacity 9007K, committed 9048K, reserved 1048576K
}

