# JRE version: OpenJDK Runtime Environment (Zulu 8.64.0.19-CA-linux64) (8.0_345-b01) (build 1.8.0_345-b01)
# Java VM: OpenJDK 64-Bit Server VM (25.345-b01 mixed mode linux-amd64 compressed oops)
Heap:
 PSYoungGen      total 659968K, used 136961K [0x00000000d5580000, 0x0000000100000000, 0x0000000100000000)
  eden space 620032K, 19% used [0x00000000d5580000,0x00000000dc9f86e8,0x00000000fb300000)
  from space 39936K, 44% used [0x00000000fd900000,0x00000000fea47d68,0x0000000100000000)
  to   space 38912K, 0% used [0x00000000fb300000,0x00000000fb300000,0x00000000fd900000)
 ParOldGen       total 85504K, used 52387K [0x0000000080000000, 0x0000000085380000, 0x00000000d5580000)
  object space 85504K, 61% used [0x0000000080000000,0x0000000083328f40,0x0000000085380000)
 Metaspace       used 76460K, capacity 80472K, committed 80600K, reserved 1120256K
  class space    used 8961K, capacity 9597K, committed 9688K, reserved 1048576K
GC Heap History (10 events):
Event: 16.684 GC heap before
{Heap before GC invocations=15 (full 2):
 PSYoungGen      total 323584K, used 21645K [0x00000000d5580000, 0x00000000eaa00000, 0x0000000100000000)
  eden space 309760K, 2% used [0x00000000d5580000,0x00000000d5d26cd0,0x00000000e8400000)
  from space 13824K, 99% used [0x00000000e9900000,0x00000000ea67c9b8,0x00000000ea680000)
  to   space 19456K, 0% used [0x00000000e8400000,0x00000000e8400000,0x00000000e9700000)
 ParOldGen       total 74240K, used 32827K [0x0000000080000000, 0x0000000084880000, 0x00000000d5580000)
  object space 74240K, 44% used [0x0000000080000000,0x000000008200efa0,0x0000000084880000)
 Metaspace       used 55957K, capacity 58768K, committed 59028K, reserved 1101824K
  class space    used 6832K, capacity 7325K, committed 7384K, reserved 1048576K
Event: 16.688 GC heap after
Heap after GC invocations=15 (full 2):
 PSYoungGen      total 329216K, used 117K [0x00000000d5580000, 0x00000000f4100000, 0x0000000100000000)
  eden space 309760K, 0% used [0x00000000d5580000,0x00000000d5580000,0x00000000e8400000)
  from space 19456K, 0% used [0x00000000e8400000,0x00000000e841d5b0,0x00000000e9700000)
  to   space 19968K, 0% used [0x00000000f2d80000,0x00000000f2d80000,0x00000000f4100000)
 ParOldGen       total 74240K, used 34102K [0x0000000080000000, 0x0000000084880000, 0x00000000d5580000)
  object space 74240K, 45% used [0x0000000080000000,0x000000008214db98,0x0000000084880000)
 Metaspace       used 55957K, capacity 58768K, committed 59028K, reserved 1101824K
  class space    used 6832K, capacity 7325K, committed 7384K, reserved 1048576K
}
Event: 16.688 GC heap before
{Heap before GC invocations=16 (full 3):
 PSYoungGen      total 329216K, used 117K [0x00000000d5580000, 0x00000000f4100000, 0x0000000100000000)
  eden space 309760K, 0% used [0x00000000d5580000,0x00000000d5580000,0x00000000e8400000)
  from space 19456K, 0% used [0x00000000e8400000,0x00000000e841d5b0,0x00000000e9700000)
  to   space 19968K, 0% used [0x00000000f2d80000,0x00000000f2d80000,0x00000000f4100000)
 ParOldGen       total 74240K, used 34102K [0x0000000080000000, 0x0000000084880000, 0x00000000d5580000)
  object space 74240K, 45% used [0x0000000080000000,0x000000008214db98,0x0000000084880000)
 Metaspace       used 55957K, capacity 58768K, committed 59028K, reserved 1101824K
  class space    used 6832K, capacity 7325K, committed 7384K, reserved 1048576K
Event: 16.784 GC heap after
Heap after GC invocations=16 (full 3):
 PSYoungGen      total 329216K, used 0K [0x00000000d5580000, 0x00000000f4100000, 0x0000000100000000)
  eden space 309760K, 0% used [0x00000000d5580000,0x00000000d5580000,0x00000000e8400000)
  from space 19456K, 0% used [0x00000000e8400000,0x00000000e8400000,0x00000000e9700000)
  to   space 19968K, 0% used [0x00000000f2d80000,0x00000000f2d80000,0x00000000f4100000)
 ParOldGen       total 85504K, used 18438K [0x0000000080000000, 0x0000000085380000, 0x00000000d5580000)
  object space 85504K, 21% used [0x0000000080000000,0x0000000081201bf8,0x0000000085380000)
 Metaspace       used 55957K, capacity 58768K, committed 59028K, reserved 1101824K
  class space    used 6832K, capacity 7325K, committed 7384K, reserved 1048576K
}
Event: 17.649 GC heap before
{Heap before GC invocations=17 (full 3):
 PSYoungGen      total 329216K, used 309760K [0x00000000d5580000, 0x00000000f4100000, 0x0000000100000000)
  eden space 309760K, 100% used [0x00000000d5580000,0x00000000e8400000,0x00000000e8400000)
  from space 19456K, 0% used [0x00000000e8400000,0x00000000e8400000,0x00000000e9700000)
  to   space 19968K, 0% used [0x00000000f2d80000,0x00000000f2d80000,0x00000000f4100000)
 ParOldGen       total 85504K, used 18438K [0x0000000080000000, 0x0000000085380000, 0x00000000d5580000)
  object space 85504K, 21% used [0x0000000080000000,0x0000000081201bf8,0x0000000085380000)
 Metaspace       used 58385K, capacity 61242K, committed 61528K, reserved 1103872K
  class space    used 7019K, capacity 7500K, committed 7512K, reserved 1048576K
Event: 17.671 GC heap after
Heap after GC invocations=17 (full 3):
 PSYoungGen      total 471552K, used 19940K [0x00000000d5580000, 0x00000000f5280000, 0x0000000100000000)
  eden space 451584K, 0% used [0x00000000d5580000,0x00000000d5580000,0x00000000f0e80000)
  from space 19968K, 99% used [0x00000000f2d80000,0x00000000f40f9090,0x00000000f4100000)
  to   space 31744K, 0% used [0x00000000f0e80000,0x00000000f0e80000,0x00000000f2d80000)
 ParOldGen       total 85504K, used 41284K [0x0000000080000000, 0x0000000085380000, 0x00000000d5580000)
  object space 85504K, 48% used [0x0000000080000000,0x0000000082851378,0x0000000085380000)
 Metaspace       used 58385K, capacity 61242K, committed 61528K, reserved 1103872K
  class space    used 7019K, capacity 7500K, committed 7512K, reserved 1048576K
}
Event: 19.408 GC heap before
{Heap before GC invocations=18 (full 3):
 PSYoungGen      total 471552K, used 471524K [0x00000000d5580000, 0x00000000f5280000, 0x0000000100000000)
  eden space 451584K, 100% used [0x00000000d5580000,0x00000000f0e80000,0x00000000f0e80000)
  from space 19968K, 99% used [0x00000000f2d80000,0x00000000f40f9090,0x00000000f4100000)
  to   space 31744K, 0% used [0x00000000f0e80000,0x00000000f0e80000,0x00000000f2d80000)
 ParOldGen       total 85504K, used 41284K [0x0000000080000000, 0x0000000085380000, 0x00000000d5580000)
  object space 85504K, 48% used [0x0000000080000000,0x0000000082851378,0x0000000085380000)
 Metaspace       used 64960K, capacity 67990K, committed 68312K, reserved 1110016K
  class space    used 7630K, capacity 8132K, committed 8152K, reserved 1048576K
Event: 19.434 GC heap after
Heap after GC invocations=18 (full 3):
 PSYoungGen      total 483328K, used 31713K [0x00000000d5580000, 0x0000000100000000, 0x0000000100000000)
  eden space 451584K, 0% used [0x00000000d5580000,0x00000000d5580000,0x00000000f0e80000)
  from space 31744K, 99% used [0x00000000f0e80000,0x00000000f2d78680,0x00000000f2d80000)
  to   space 39936K, 0% used [0x00000000fd900000,0x00000000fd900000,0x0000000100000000)
 ParOldGen       total 85504K, used 48318K [0x0000000080000000, 0x0000000085380000, 0x00000000d5580000)
  object space 85504K, 56% used [0x0000000080000000,0x0000000082f2fa50,0x0000000085380000)
 Metaspace       used 64960K, capacity 67990K, committed 68312K, reserved 1110016K
  class space    used 7630K, capacity 8132K, committed 8152K, reserved 1048576K
}
Event: 26.890 GC heap before
{Heap before GC invocations=19 (full 3):
 PSYoungGen      total 483328K, used 483297K [0x00000000d5580000, 0x0000000100000000, 0x0000000100000000)
  eden space 451584K, 100% used [0x00000000d5580000,0x00000000f0e80000,0x00000000f0e80000)
  from space 31744K, 99% used [0x00000000f0e80000,0x00000000f2d78680,0x00000000f2d80000)
  to   space 39936K, 0% used [0x00000000fd900000,0x00000000fd900000,0x0000000100000000)
 ParOldGen       total 85504K, used 48318K [0x0000000080000000, 0x0000000085380000, 0x00000000d5580000)
  object space 85504K, 56% used [0x0000000080000000,0x0000000082f2fa50,0x0000000085380000)
 Metaspace       used 74304K, capacity 77934K, committed 78296K, reserved 1118208K
  class space    used 8736K, capacity 9320K, committed 9432K, reserved 1048576K
Event: 26.910 GC heap after
Heap after GC invocations=19 (full 3):
 PSYoungGen      total 659968K, used 17695K [0x00000000d5580000, 0x0000000100000000, 0x0000000100000000)
  eden space 620032K, 0% used [0x00000000d5580000,0x00000000d5580000,0x00000000fb300000)
  from space 39936K, 44% used [0x00000000fd900000,0x00000000fea47d68,0x0000000100000000)
  to   space 38912K, 0% used [0x00000000fb300000,0x00000000fb300000,0x00000000fd900000)
 ParOldGen       total 85504K, used 52387K [0x0000000080000000, 0x0000000085380000, 0x00000000d5580000)
  object space 85504K, 61% used [0x0000000080000000,0x0000000083328f40,0x0000000085380000)
 Metaspace       used 74304K, capacity 77934K, committed 78296K, reserved 1118208K
  class space    used 8736K, capacity 9320K, committed 9432K, reserved 1048576K
}

