<?xml version="1.0" encoding="UTF-8"?>
<testsuite xmlns:xsi="http://www.w3.org/2001/XMLSchema-instance" xsi:noNamespaceSchemaLocation="https://maven.apache.org/surefire/maven-surefire-plugin/xsd/surefire-test-report-3.0.xsd" version="3.0" name="org.apache.hadoop.ozone.container.upgrade.TestDatanodeUpgradeToScmHA" time="39.449" tests="8" errors="1" skipped="0" failures="0">
  <properties>
[...]
</properties>
  <testcase name="testReadsDuringFinalization" classname="TestDatanodeUpgradeToScmHA" time="6.289">
    <system-out><![CDATA[2023-03-29 20:38:45,069 [main] INFO  ipc.CallQueueManager (CallQueueManager.java:<init>(90)) - Using callQueue: class java.util.concurrent.LinkedBlockingQueue, queueCapacity: 1000, scheduler: class org.apache.hadoop.ipc.DefaultRpcScheduler, ipcBackoff: false.
2023-03-29 20:38:45,280 [Socket Reader #1 for port 45523] INFO  ipc.Server (Server.java:run(1273)) - Starting Socket Reader #1 for port 45523
2023-03-29 20:38:45,317 [Listener at localhost/45523] WARN  util.NativeCodeLoader (NativeCodeLoader.java:<clinit>(60)) - Unable to load native-hadoop library for your platform... using builtin-java classes where applicable
2023-03-29 20:38:45,353 [IPC Server Responder] INFO  ipc.Server (Server.java:run(1512)) - IPC Server Responder: starting
2023-03-29 20:38:45,354 [IPC Server listener on 45523] INFO  ipc.Server (Server.java:run(1352)) - IPC Server listener on 45523: starting
2023-03-29 20:38:45,523 [Listener at localhost/45523] INFO  upgrade.AbstractLayoutVersionManager (AbstractLayoutVersionManager.java:init(83)) - Initializing Layout version manager with metadata layout = INITIAL_VERSION (version = 0), software layout = DATANODE_SCHEMA_V3 (version = 4)
2023-03-29 20:38:45,719 [Listener at localhost/45523] INFO  reflections.Reflections (Reflections.java:scan(232)) - Reflections took 92 ms to scan 4 urls, producing 125 keys and 293 values 
2023-03-29 20:38:45,773 [Listener at localhost/45523] INFO  upgrade.HDDSLayoutVersionManager (HDDSLayoutVersionManager.java:lambda$registerUpgradeActions$0(76)) - Registering Upgrade Action : DatanodeSchemaV3FinalizeAction
2023-03-29 20:38:45,773 [Listener at localhost/45523] INFO  upgrade.HDDSLayoutVersionManager (HDDSLayoutVersionManager.java:lambda$registerUpgradeActions$0(76)) - Registering Upgrade Action : ScmHAFinalizeUpgradeActionDatanode
2023-03-29 20:38:45,774 [Listener at localhost/45523] INFO  upgrade.HDDSLayoutVersionManager (HDDSLayoutVersionManager.java:lambda$registerUpgradeActions$0(76)) - Registering Upgrade Action : DatanodeSchemaV2FinalizeAction
2023-03-29 20:38:45,801 [Listener at localhost/45523] INFO  statemachine.DatanodeStateMachine (DatanodeStateMachine.java:getEndPointTaskThreadPoolSize(260)) - Datanode State Machine Task Thread Pool size 2
2023-03-29 20:38:45,927 [Listener at localhost/45523] INFO  volume.HddsVolume (HddsVolume.java:<init>(130)) - Creating HddsVolume: /tmp/junit2642768596037525263/180d0cd8-fc01-44c3-be4c-58707651d912/hdds of storage type : DISK capacity : 9223372036854775807
2023-03-29 20:38:45,930 [Listener at localhost/45523] INFO  volume.MutableVolumeSet (MutableVolumeSet.java:initializeVolumeSet(175)) - Added Volume : /tmp/junit2642768596037525263/180d0cd8-fc01-44c3-be4c-58707651d912/hdds to VolumeSet
2023-03-29 20:38:45,931 [Listener at localhost/45523] INFO  volume.ThrottledAsyncChecker (ThrottledAsyncChecker.java:schedule(141)) - Scheduling a check for /tmp/junit2642768596037525263/180d0cd8-fc01-44c3-be4c-58707651d912/hdds
2023-03-29 20:38:45,955 [Listener at localhost/45523] INFO  volume.StorageVolumeChecker (StorageVolumeChecker.java:checkAllVolumes(202)) - Scheduled health check for volume /tmp/junit2642768596037525263/180d0cd8-fc01-44c3-be4c-58707651d912/hdds
2023-03-29 20:38:45,976 [Listener at localhost/45523] WARN  server.ServerUtils (ServerUtils.java:getDefaultRatisDirectory(237)) - Storage directory for Ratis is not configured. It is a good idea to map this to an SSD disk. Falling back to ozone.metadata.dirs
2023-03-29 20:38:45,977 [Listener at localhost/45523] INFO  volume.MutableVolumeSet (MutableVolumeSet.java:initializeVolumeSet(175)) - Added Volume : /tmp/junit2642768596037525263/ratis to VolumeSet
2023-03-29 20:38:45,978 [Listener at localhost/45523] INFO  volume.ThrottledAsyncChecker (ThrottledAsyncChecker.java:schedule(141)) - Scheduling a check for /tmp/junit2642768596037525263/ratis
2023-03-29 20:38:45,978 [Listener at localhost/45523] INFO  volume.StorageVolumeChecker (StorageVolumeChecker.java:checkAllVolumes(202)) - Scheduled health check for volume /tmp/junit2642768596037525263/ratis
2023-03-29 20:38:45,999 [Thread-18] INFO  ozoneimpl.ContainerReader (ContainerReader.java:readVolume(175)) - Finish verifying containers on volume /tmp/junit2642768596037525263/180d0cd8-fc01-44c3-be4c-58707651d912/hdds
2023-03-29 20:38:45,999 [Listener at localhost/45523] INFO  ozoneimpl.OzoneContainer (OzoneContainer.java:buildContainerSet(303)) - Build ContainerSet costs 0s
2023-03-29 20:38:46,772 [Listener at localhost/45523] INFO  audit.AuditLogger (AuditLogger.java:refreshDebugCmdSet(126)) - Refresh DebugCmdSet for DNAudit to [].
2023-03-29 20:38:46,851 [Listener at localhost/45523] WARN  server.ServerUtils (ServerUtils.java:getDefaultRatisDirectory(237)) - Storage directory for Ratis is not configured. It is a good idea to map this to an SSD disk. Falling back to ozone.metadata.dirs
2023-03-29 20:38:46,886 [Listener at localhost/45523] INFO  server.RaftServer (ConfUtils.java:logGet(46)) - raft.rpc.type = GRPC (default)
2023-03-29 20:38:47,055 [Listener at localhost/45523] INFO  grpc.GrpcConfigKeys (ConfUtils.java:logFallback(53)) - raft.grpc.admin.host = null (fallback to raft.grpc.server.host)
2023-03-29 20:38:47,056 [Listener at localhost/45523] INFO  grpc.GrpcConfigKeys (ConfUtils.java:logGet(46)) - raft.grpc.admin.port = 9858 (custom)
2023-03-29 20:38:47,057 [Listener at localhost/45523] INFO  grpc.GrpcConfigKeys (ConfUtils.java:logFallback(53)) - raft.grpc.client.host = null (fallback to raft.grpc.server.host)
2023-03-29 20:38:47,057 [Listener at localhost/45523] INFO  grpc.GrpcConfigKeys (ConfUtils.java:logGet(46)) - raft.grpc.client.port = 9858 (custom)
2023-03-29 20:38:47,058 [Listener at localhost/45523] INFO  grpc.GrpcConfigKeys (ConfUtils.java:logGet(46)) - raft.grpc.server.host = null (default)
2023-03-29 20:38:47,058 [Listener at localhost/45523] INFO  grpc.GrpcConfigKeys (ConfUtils.java:logGet(46)) - raft.grpc.server.port = 9858 (custom)
2023-03-29 20:38:47,058 [Listener at localhost/45523] INFO  server.GrpcService (ConfUtils.java:logGet(46)) - raft.grpc.message.size.max = 32MB (=33554432) (custom)
2023-03-29 20:38:47,059 [Listener at localhost/45523] INFO  server.RaftServerConfigKeys (ConfUtils.java:logGet(46)) - raft.server.log.appender.buffer.byte-limit = 33554432 (custom)
2023-03-29 20:38:47,060 [Listener at localhost/45523] INFO  server.GrpcService (ConfUtils.java:logGet(46)) - raft.grpc.flow.control.window = 5MB (=5242880) (custom)
2023-03-29 20:38:47,061 [Listener at localhost/45523] INFO  server.RaftServerConfigKeys (ConfUtils.java:logGet(46)) - raft.server.rpc.request.timeout = 60s (custom)
2023-03-29 20:38:47,070 [Listener at localhost/45523] INFO  grpc.GrpcConfigKeys (ConfUtils.java:logGet(46)) - raft.grpc.server.heartbeat.channel = true (default)
2023-03-29 20:38:47,073 [Listener at localhost/45523] INFO  grpc.GrpcConfigKeys (ConfUtils.java:logGet(46)) - raft.grpc.server.async.request.thread.pool.cached = true (default)
2023-03-29 20:38:47,074 [Listener at localhost/45523] INFO  grpc.GrpcConfigKeys (ConfUtils.java:logGet(46)) - raft.grpc.server.async.request.thread.pool.size = 32 (default)
2023-03-29 20:38:47,250 [Listener at localhost/45523] INFO  impl.DataStreamServerImpl (ConfUtils.java:logGet(46)) - raft.datastream.type = DISABLED (default)
2023-03-29 20:38:47,252 [Listener at localhost/45523] INFO  server.RaftServerConfigKeys (ConfUtils.java:logGet(46)) - raft.server.threadpool.proxy.cached = true (default)
2023-03-29 20:38:47,253 [Listener at localhost/45523] INFO  server.RaftServerConfigKeys (ConfUtils.java:logGet(46)) - raft.server.threadpool.proxy.size = 0 (default)
2023-03-29 20:38:47,253 [Listener at localhost/45523] INFO  server.RaftServerConfigKeys (ConfUtils.java:logGet(46)) - raft.server.rpc.slowness.timeout = 300s (custom)
2023-03-29 20:38:47,253 [Listener at localhost/45523] INFO  server.RaftServerConfigKeys (ConfUtils.java:logGet(46)) - raft.server.leaderelection.leader.step-down.wait-time = 10s (default)
2023-03-29 20:38:47,256 [Listener at localhost/45523] INFO  server.RaftServerConfigKeys (ConfUtils.java:logGet(46)) - raft.server.storage.dir = [/tmp/junit2642768596037525263/ratis] (custom)
2023-03-29 20:38:47,280 [Listener at localhost/45523] INFO  server.XceiverServerGrpc (XceiverServerGrpc.java:<init>(132)) - GrpcServer channel type EpollServerSocketChannel
2023-03-29 20:38:47,545 [Listener at localhost/45523] INFO  ozoneimpl.OzoneContainer (OzoneContainer.java:start(397)) - Attempting to start container services.
2023-03-29 20:38:47,547 [Listener at localhost/45523] INFO  ozoneimpl.OzoneContainer (OzoneContainer.java:startContainerScrub(314)) - Scheduled background container scanners and the on-demand container scanner have been disabled.
2023-03-29 20:38:47,585 [Listener at localhost/45523] INFO  replication.ReplicationServer (ReplicationServer.java:start(109)) - ReplicationServer is started using port 9886
2023-03-29 20:38:47,585 [Listener at localhost/45523] INFO  ratis.XceiverServerRatis (XceiverServerRatis.java:start(517)) - Starting XceiverServerRatis 36a2e981-1d5c-4d72-98a9-e8c08e121bf3
2023-03-29 20:38:47,600 [Listener at localhost/45523] INFO  server.RaftServer (RaftServerProxy.java:startImpl(393)) - 36a2e981-1d5c-4d72-98a9-e8c08e121bf3: start RPC server
2023-03-29 20:38:47,602 [Listener at localhost/45523] INFO  server.GrpcService (GrpcService.java:startImpl(262)) - 36a2e981-1d5c-4d72-98a9-e8c08e121bf3: GrpcService started, listening on 9858
2023-03-29 20:38:47,613 [Listener at localhost/45523] INFO  ratis.XceiverServerRatis (XceiverServerRatis.java:getRealPort(543)) - XceiverServerRatis 36a2e981-1d5c-4d72-98a9-e8c08e121bf3 is started using port 9858 for RATIS
2023-03-29 20:38:47,613 [Listener at localhost/45523] INFO  ratis.XceiverServerRatis (XceiverServerRatis.java:getRealPort(543)) - XceiverServerRatis 36a2e981-1d5c-4d72-98a9-e8c08e121bf3 is started using port 9858 for RATIS_ADMIN
2023-03-29 20:38:47,613 [Listener at localhost/45523] INFO  ratis.XceiverServerRatis (XceiverServerRatis.java:getRealPort(543)) - XceiverServerRatis 36a2e981-1d5c-4d72-98a9-e8c08e121bf3 is started using port 9858 for RATIS_SERVER
2023-03-29 20:38:47,614 [JvmPauseMonitor0] INFO  util.JvmPauseMonitor (JvmPauseMonitor.java:run(105)) - JvmPauseMonitor-36a2e981-1d5c-4d72-98a9-e8c08e121bf3: Started
2023-03-29 20:38:47,624 [BlockDeletingService#0] INFO  interfaces.ContainerDeletionChoosingPolicyTemplate (ContainerDeletionChoosingPolicyTemplate.java:chooseContainerForBlockDeletion(83)) - Chosen 0/5000 blocks from 0 candidate containers.
2023-03-29 20:38:48,170 [Listener at localhost/45523] INFO  keyvalue.KeyValueContainer (KeyValueContainer.java:flushAndSyncDB(446)) - Container 83701679 is synced with bcsId 0.
2023-03-29 20:38:48,171 [Listener at localhost/45523] INFO  keyvalue.KeyValueContainer (KeyValueContainer.java:flushAndSyncDB(446)) - Container 83701679 is synced with bcsId 0.
2023-03-29 20:38:48,182 [Listener at localhost/45523] INFO  keyvalue.KeyValueContainer (KeyValueContainer.java:close(361)) - Container 83701679 is closed with bcsId 0.
2023-03-29 20:38:48,186 [Listener at localhost/45523] INFO  upgrade.UpgradeFinalizer (BasicUpgradeFinalizer.java:logAndEmit(389)) - Finalization started.
2023-03-29 20:38:48,188 [Listener at localhost/45523] INFO  upgrade.UpgradeFinalizer (BasicUpgradeFinalizer.java:runFinalizationAction(264)) - Running finalization actions for layout feature: DATANODE_SCHEMA_V2
2023-03-29 20:38:48,188 [Listener at localhost/45523] INFO  upgrade.DatanodeSchemaV2FinalizeAction (DatanodeSchemaV2FinalizeAction.java:execute(44)) - Executing datanode 'onFinalize' action for the first version with upgrade support. New containers will be created with Schema Version 2 henceforth.
2023-03-29 20:38:48,189 [Listener at localhost/45523] INFO  upgrade.AbstractLayoutVersionManager (AbstractLayoutVersionManager.java:finalized(127)) - Layout feature DATANODE_SCHEMA_V2 has been finalized.
2023-03-29 20:38:48,190 [Listener at localhost/45523] INFO  upgrade.UpgradeFinalizer (BasicUpgradeFinalizer.java:runFinalizationAction(264)) - Running finalization actions for layout feature: SCM_HA
2023-03-29 20:38:48,190 [Listener at localhost/45523] INFO  upgrade.ScmHAFinalizeUpgradeActionDatanode (ScmHAFinalizeUpgradeActionDatanode.java:execute(52)) - Upgrading Datanode volume layout for SCM HA support.
2023-03-29 20:38:48,190 [Listener at localhost/45523] INFO  upgrade.ScmHAFinalizeUpgradeActionDatanode (ScmHAFinalizeUpgradeActionDatanode.java:upgradeVolume(98)) - Creating symlink /tmp/junit2642768596037525263/180d0cd8-fc01-44c3-be4c-58707651d912/hdds/clusterID -> 4d297a9d-5d28-4690-a0c0-6ed8b567347e as part of SCM HA finalization for datanode.
2023-03-29 20:38:48,192 [Listener at localhost/45523] INFO  upgrade.AbstractLayoutVersionManager (AbstractLayoutVersionManager.java:finalized(127)) - Layout feature SCM_HA has been finalized.
2023-03-29 20:38:48,192 [Listener at localhost/45523] INFO  upgrade.UpgradeFinalizer (BasicUpgradeFinalizer.java:logAndEmit(389)) - No onFinalize work defined for feature: ERASURE_CODED_STORAGE_SUPPORT.
2023-03-29 20:38:48,197 [Listener at localhost/45523] INFO  upgrade.AbstractLayoutVersionManager (AbstractLayoutVersionManager.java:finalized(127)) - Layout feature ERASURE_CODED_STORAGE_SUPPORT has been finalized.
2023-03-29 20:38:48,197 [Listener at localhost/45523] INFO  upgrade.UpgradeFinalizer (BasicUpgradeFinalizer.java:runFinalizationAction(264)) - Running finalization actions for layout feature: DATANODE_SCHEMA_V3
2023-03-29 20:38:48,197 [Listener at localhost/45523] INFO  upgrade.DatanodeSchemaV3FinalizeAction (DatanodeSchemaV3FinalizeAction.java:execute(50)) - Upgrading Datanode volume layout for Schema V3 support.
2023-03-29 20:38:48,252 [Listener at localhost/45523] INFO  utils.DatanodeStoreCache (DatanodeStoreCache.java:addDB(58)) - Added db /tmp/junit2642768596037525263/180d0cd8-fc01-44c3-be4c-58707651d912/hdds/4d297a9d-5d28-4690-a0c0-6ed8b567347e/DS-4484a360-aa0c-4be4-9ed2-dda9353d6fc1/container.db to cache
2023-03-29 20:38:48,252 [Listener at localhost/45523] INFO  volume.HddsVolume (HddsVolume.java:createDbStore(350)) - SchemaV3 db is created and loaded at /tmp/junit2642768596037525263/180d0cd8-fc01-44c3-be4c-58707651d912/hdds/4d297a9d-5d28-4690-a0c0-6ed8b567347e/DS-4484a360-aa0c-4be4-9ed2-dda9353d6fc1/container.db for volume DS-4484a360-aa0c-4be4-9ed2-dda9353d6fc1
2023-03-29 20:38:48,256 [Listener at localhost/45523] INFO  utils.DatanodeStoreCache (DatanodeStoreCache.java:removeDB(96)) - Removed db /tmp/junit2642768596037525263/180d0cd8-fc01-44c3-be4c-58707651d912/hdds/4d297a9d-5d28-4690-a0c0-6ed8b567347e/DS-4484a360-aa0c-4be4-9ed2-dda9353d6fc1/container.db from cache
2023-03-29 20:38:48,256 [Listener at localhost/45523] INFO  volume.HddsVolume (HddsVolume.java:closeDbStore(437)) - SchemaV3 db is stopped at /tmp/junit2642768596037525263/180d0cd8-fc01-44c3-be4c-58707651d912/hdds/4d297a9d-5d28-4690-a0c0-6ed8b567347e/DS-4484a360-aa0c-4be4-9ed2-dda9353d6fc1/container.db for volume DS-4484a360-aa0c-4be4-9ed2-dda9353d6fc1
2023-03-29 20:38:48,274 [Listener at localhost/45523] INFO  utils.DatanodeStoreCache (DatanodeStoreCache.java:addDB(58)) - Added db /tmp/junit2642768596037525263/180d0cd8-fc01-44c3-be4c-58707651d912/hdds/clusterID/DS-4484a360-aa0c-4be4-9ed2-dda9353d6fc1/container.db to cache
2023-03-29 20:38:48,274 [Listener at localhost/45523] INFO  volume.HddsVolume (HddsVolume.java:loadDbStore(303)) - SchemaV3 db is loaded at /tmp/junit2642768596037525263/180d0cd8-fc01-44c3-be4c-58707651d912/hdds/clusterID/DS-4484a360-aa0c-4be4-9ed2-dda9353d6fc1/container.db for volume DS-4484a360-aa0c-4be4-9ed2-dda9353d6fc1
2023-03-29 20:38:48,275 [Listener at localhost/45523] INFO  upgrade.AbstractLayoutVersionManager (AbstractLayoutVersionManager.java:finalized(127)) - Layout feature DATANODE_SCHEMA_V3 has been finalized.
2023-03-29 20:38:48,276 [Listener at localhost/45523] INFO  upgrade.AbstractLayoutVersionManager (AbstractLayoutVersionManager.java:finalized(129)) - Finalization is complete.
2023-03-29 20:38:48,276 [Listener at localhost/45523] INFO  upgrade.UpgradeFinalizer (BasicUpgradeFinalizer.java:logAndEmit(389)) - Finalization is done.
2023-03-29 20:38:48,276 [Listener at localhost/45523] INFO  ipc.Server (Server.java:stop(3428)) - Stopping server on 45523
2023-03-29 20:38:48,278 [IPC Server listener on 45523] INFO  ipc.Server (Server.java:run(1384)) - Stopping IPC Server listener on 45523
2023-03-29 20:38:48,278 [IPC Server Responder] INFO  ipc.Server (Server.java:run(1517)) - Stopping IPC Server Responder
2023-03-29 20:38:48,280 [Listener at localhost/45523] INFO  ozoneimpl.OzoneContainer (OzoneContainer.java:stop(419)) - Attempting to stop container services.
2023-03-29 20:38:48,285 [Listener at localhost/45523] INFO  server.RaftServer (RaftServerProxy.java:lambda$close$6(409)) - 36a2e981-1d5c-4d72-98a9-e8c08e121bf3: close
2023-03-29 20:38:48,286 [Listener at localhost/45523] INFO  server.GrpcService (GrpcService.java:closeImpl(271)) - 36a2e981-1d5c-4d72-98a9-e8c08e121bf3: shutdown server GrpcServerProtocolService now
2023-03-29 20:38:48,292 [Listener at localhost/45523] INFO  server.GrpcService (GrpcService.java:closeImpl(280)) - 36a2e981-1d5c-4d72-98a9-e8c08e121bf3: shutdown server GrpcServerProtocolService successfully
2023-03-29 20:38:48,293 [JvmPauseMonitor0] INFO  util.JvmPauseMonitor (JvmPauseMonitor.java:run(111)) - JvmPauseMonitor-36a2e981-1d5c-4d72-98a9-e8c08e121bf3: Stopped
2023-03-29 20:38:50,317 [Listener at localhost/45523] INFO  volume.HddsVolume (HddsVolume.java:closeDbStore(437)) - SchemaV3 db is stopped at /tmp/junit2642768596037525263/180d0cd8-fc01-44c3-be4c-58707651d912/hdds/clusterID/DS-4484a360-aa0c-4be4-9ed2-dda9353d6fc1/container.db for volume DS-4484a360-aa0c-4be4-9ed2-dda9353d6fc1
2023-03-29 20:38:50,317 [Listener at localhost/45523] INFO  utils.BackgroundService (BackgroundService.java:shutdown(141)) - Shutting down service BlockDeletingService
2023-03-29 20:38:50,318 [Listener at localhost/45523] INFO  utils.BackgroundService (BackgroundService.java:shutdown(141)) - Shutting down service StaleRecoveringContainerScrubbingService
]]></system-out>
  </testcase>
  <testcase name="testReadsDuringFinalization" classname="TestDatanodeUpgradeToScmHA" time="2.229">
    <system-out><![CDATA[2023-03-29 20:39:06,068 [Listener at localhost/41569] INFO  ipc.CallQueueManager (CallQueueManager.java:<init>(90)) - Using callQueue: class java.util.concurrent.LinkedBlockingQueue, queueCapacity: 1000, scheduler: class org.apache.hadoop.ipc.DefaultRpcScheduler, ipcBackoff: false.
2023-03-29 20:39:06,073 [IPC Server Responder] INFO  ipc.Server (Server.java:run(1512)) - IPC Server Responder: starting
2023-03-29 20:39:06,073 [Socket Reader #1 for port 40025] INFO  ipc.Server (Server.java:run(1273)) - Starting Socket Reader #1 for port 40025
2023-03-29 20:39:06,074 [IPC Server listener on 40025] INFO  ipc.Server (Server.java:run(1352)) - IPC Server listener on 40025: starting
2023-03-29 20:39:06,079 [Listener at localhost/40025] INFO  upgrade.AbstractLayoutVersionManager (AbstractLayoutVersionManager.java:init(83)) - Initializing Layout version manager with metadata layout = INITIAL_VERSION (version = 0), software layout = DATANODE_SCHEMA_V3 (version = 4)
2023-03-29 20:39:06,120 [Listener at localhost/40025] INFO  reflections.Reflections (Reflections.java:scan(232)) - Reflections took 40 ms to scan 4 urls, producing 125 keys and 293 values 
2023-03-29 20:39:06,123 [Listener at localhost/40025] INFO  upgrade.HDDSLayoutVersionManager (HDDSLayoutVersionManager.java:lambda$registerUpgradeActions$0(76)) - Registering Upgrade Action : DatanodeSchemaV3FinalizeAction
2023-03-29 20:39:06,123 [Listener at localhost/40025] INFO  upgrade.HDDSLayoutVersionManager (HDDSLayoutVersionManager.java:lambda$registerUpgradeActions$0(76)) - Registering Upgrade Action : ScmHAFinalizeUpgradeActionDatanode
2023-03-29 20:39:06,123 [Listener at localhost/40025] INFO  upgrade.HDDSLayoutVersionManager (HDDSLayoutVersionManager.java:lambda$registerUpgradeActions$0(76)) - Registering Upgrade Action : DatanodeSchemaV2FinalizeAction
2023-03-29 20:39:06,124 [Listener at localhost/40025] INFO  statemachine.DatanodeStateMachine (DatanodeStateMachine.java:getEndPointTaskThreadPoolSize(260)) - Datanode State Machine Task Thread Pool size 2
2023-03-29 20:39:06,127 [Listener at localhost/40025] INFO  volume.HddsVolume (HddsVolume.java:<init>(130)) - Creating HddsVolume: /tmp/junit2430282427633920476/7ad46e64-f617-41cd-ada9-e77ebff202eb/hdds of storage type : DISK capacity : 9223372036854775807
2023-03-29 20:39:06,127 [Listener at localhost/40025] INFO  volume.MutableVolumeSet (MutableVolumeSet.java:initializeVolumeSet(175)) - Added Volume : /tmp/junit2430282427633920476/7ad46e64-f617-41cd-ada9-e77ebff202eb/hdds to VolumeSet
2023-03-29 20:39:06,127 [Listener at localhost/40025] INFO  volume.ThrottledAsyncChecker (ThrottledAsyncChecker.java:schedule(141)) - Scheduling a check for /tmp/junit2430282427633920476/7ad46e64-f617-41cd-ada9-e77ebff202eb/hdds
2023-03-29 20:39:06,128 [Listener at localhost/40025] INFO  volume.StorageVolumeChecker (StorageVolumeChecker.java:checkAllVolumes(202)) - Scheduled health check for volume /tmp/junit2430282427633920476/7ad46e64-f617-41cd-ada9-e77ebff202eb/hdds
2023-03-29 20:39:06,135 [Listener at localhost/40025] WARN  server.ServerUtils (ServerUtils.java:getDefaultRatisDirectory(237)) - Storage directory for Ratis is not configured. It is a good idea to map this to an SSD disk. Falling back to ozone.metadata.dirs
2023-03-29 20:39:06,135 [Listener at localhost/40025] INFO  volume.MutableVolumeSet (MutableVolumeSet.java:initializeVolumeSet(175)) - Added Volume : /tmp/junit2430282427633920476/ratis to VolumeSet
2023-03-29 20:39:06,135 [Listener at localhost/40025] INFO  volume.ThrottledAsyncChecker (ThrottledAsyncChecker.java:schedule(141)) - Scheduling a check for /tmp/junit2430282427633920476/ratis
2023-03-29 20:39:06,136 [Listener at localhost/40025] INFO  volume.StorageVolumeChecker (StorageVolumeChecker.java:checkAllVolumes(202)) - Scheduled health check for volume /tmp/junit2430282427633920476/ratis
2023-03-29 20:39:06,142 [Thread-145] INFO  ozoneimpl.ContainerReader (ContainerReader.java:readVolume(175)) - Finish verifying containers on volume /tmp/junit2430282427633920476/7ad46e64-f617-41cd-ada9-e77ebff202eb/hdds
2023-03-29 20:39:06,143 [Listener at localhost/40025] INFO  ozoneimpl.OzoneContainer (OzoneContainer.java:buildContainerSet(303)) - Build ContainerSet costs 0s
2023-03-29 20:39:06,144 [Listener at localhost/40025] WARN  server.ServerUtils (ServerUtils.java:getDefaultRatisDirectory(237)) - Storage directory for Ratis is not configured. It is a good idea to map this to an SSD disk. Falling back to ozone.metadata.dirs
2023-03-29 20:39:06,147 [Listener at localhost/40025] INFO  server.RaftServer (ConfUtils.java:logGet(46)) - raft.rpc.type = GRPC (default)
2023-03-29 20:39:06,147 [Listener at localhost/40025] INFO  grpc.GrpcConfigKeys (ConfUtils.java:logFallback(53)) - raft.grpc.admin.host = null (fallback to raft.grpc.server.host)
2023-03-29 20:39:06,147 [Listener at localhost/40025] INFO  grpc.GrpcConfigKeys (ConfUtils.java:logGet(46)) - raft.grpc.admin.port = 9858 (custom)
2023-03-29 20:39:06,147 [Listener at localhost/40025] INFO  grpc.GrpcConfigKeys (ConfUtils.java:logFallback(53)) - raft.grpc.client.host = null (fallback to raft.grpc.server.host)
2023-03-29 20:39:06,147 [Listener at localhost/40025] INFO  grpc.GrpcConfigKeys (ConfUtils.java:logGet(46)) - raft.grpc.client.port = 9858 (custom)
2023-03-29 20:39:06,147 [Listener at localhost/40025] INFO  grpc.GrpcConfigKeys (ConfUtils.java:logGet(46)) - raft.grpc.server.host = null (default)
2023-03-29 20:39:06,147 [Listener at localhost/40025] INFO  grpc.GrpcConfigKeys (ConfUtils.java:logGet(46)) - raft.grpc.server.port = 9858 (custom)
2023-03-29 20:39:06,147 [Listener at localhost/40025] INFO  server.GrpcService (ConfUtils.java:logGet(46)) - raft.grpc.message.size.max = 32MB (=33554432) (custom)
2023-03-29 20:39:06,148 [Listener at localhost/40025] INFO  server.RaftServerConfigKeys (ConfUtils.java:logGet(46)) - raft.server.log.appender.buffer.byte-limit = 33554432 (custom)
2023-03-29 20:39:06,148 [Listener at localhost/40025] INFO  server.GrpcService (ConfUtils.java:logGet(46)) - raft.grpc.flow.control.window = 5MB (=5242880) (custom)
2023-03-29 20:39:06,148 [Listener at localhost/40025] INFO  server.RaftServerConfigKeys (ConfUtils.java:logGet(46)) - raft.server.rpc.request.timeout = 60s (custom)
2023-03-29 20:39:06,148 [Listener at localhost/40025] INFO  grpc.GrpcConfigKeys (ConfUtils.java:logGet(46)) - raft.grpc.server.heartbeat.channel = true (default)
2023-03-29 20:39:06,148 [Listener at localhost/40025] INFO  grpc.GrpcConfigKeys (ConfUtils.java:logGet(46)) - raft.grpc.server.async.request.thread.pool.cached = true (default)
2023-03-29 20:39:06,148 [Listener at localhost/40025] INFO  grpc.GrpcConfigKeys (ConfUtils.java:logGet(46)) - raft.grpc.server.async.request.thread.pool.size = 32 (default)
2023-03-29 20:39:06,150 [Listener at localhost/40025] INFO  impl.DataStreamServerImpl (ConfUtils.java:logGet(46)) - raft.datastream.type = DISABLED (default)
2023-03-29 20:39:06,151 [Listener at localhost/40025] INFO  server.RaftServerConfigKeys (ConfUtils.java:logGet(46)) - raft.server.threadpool.proxy.cached = true (default)
2023-03-29 20:39:06,151 [Listener at localhost/40025] INFO  server.RaftServerConfigKeys (ConfUtils.java:logGet(46)) - raft.server.threadpool.proxy.size = 0 (default)
2023-03-29 20:39:06,151 [Listener at localhost/40025] INFO  server.RaftServerConfigKeys (ConfUtils.java:logGet(46)) - raft.server.rpc.slowness.timeout = 300s (custom)
2023-03-29 20:39:06,151 [Listener at localhost/40025] INFO  server.RaftServerConfigKeys (ConfUtils.java:logGet(46)) - raft.server.leaderelection.leader.step-down.wait-time = 10s (default)
2023-03-29 20:39:06,152 [Listener at localhost/40025] INFO  server.RaftServerConfigKeys (ConfUtils.java:logGet(46)) - raft.server.storage.dir = [/tmp/junit2430282427633920476/ratis] (custom)
2023-03-29 20:39:06,154 [Listener at localhost/40025] INFO  server.XceiverServerGrpc (XceiverServerGrpc.java:<init>(132)) - GrpcServer channel type EpollServerSocketChannel
2023-03-29 20:39:06,163 [Listener at localhost/40025] INFO  ozoneimpl.OzoneContainer (OzoneContainer.java:start(397)) - Attempting to start container services.
2023-03-29 20:39:06,163 [Listener at localhost/40025] INFO  ozoneimpl.OzoneContainer (OzoneContainer.java:startContainerScrub(314)) - Scheduled background container scanners and the on-demand container scanner have been disabled.
2023-03-29 20:39:06,165 [Listener at localhost/40025] INFO  replication.ReplicationServer (ReplicationServer.java:start(109)) - ReplicationServer is started using port 9886
2023-03-29 20:39:06,165 [Listener at localhost/40025] INFO  ratis.XceiverServerRatis (XceiverServerRatis.java:start(517)) - Starting XceiverServerRatis c63b1e35-7e47-4a6a-92f5-4bac400fc60e
2023-03-29 20:39:06,171 [Listener at localhost/40025] INFO  server.RaftServer (RaftServerProxy.java:startImpl(393)) - c63b1e35-7e47-4a6a-92f5-4bac400fc60e: start RPC server
2023-03-29 20:39:06,185 [Listener at localhost/40025] INFO  server.GrpcService (GrpcService.java:startImpl(262)) - c63b1e35-7e47-4a6a-92f5-4bac400fc60e: GrpcService started, listening on 9858
2023-03-29 20:39:06,185 [Listener at localhost/40025] INFO  ratis.XceiverServerRatis (XceiverServerRatis.java:getRealPort(543)) - XceiverServerRatis c63b1e35-7e47-4a6a-92f5-4bac400fc60e is started using port 9858 for RATIS
2023-03-29 20:39:06,185 [Listener at localhost/40025] INFO  ratis.XceiverServerRatis (XceiverServerRatis.java:getRealPort(543)) - XceiverServerRatis c63b1e35-7e47-4a6a-92f5-4bac400fc60e is started using port 9858 for RATIS_ADMIN
2023-03-29 20:39:06,185 [Listener at localhost/40025] INFO  ratis.XceiverServerRatis (XceiverServerRatis.java:getRealPort(543)) - XceiverServerRatis c63b1e35-7e47-4a6a-92f5-4bac400fc60e is started using port 9858 for RATIS_SERVER
2023-03-29 20:39:06,186 [JvmPauseMonitor8] INFO  util.JvmPauseMonitor (JvmPauseMonitor.java:run(105)) - JvmPauseMonitor-c63b1e35-7e47-4a6a-92f5-4bac400fc60e: Started
2023-03-29 20:39:06,195 [BlockDeletingService#0] INFO  interfaces.ContainerDeletionChoosingPolicyTemplate (ContainerDeletionChoosingPolicyTemplate.java:chooseContainerForBlockDeletion(83)) - Chosen 0/5000 blocks from 0 candidate containers.
2023-03-29 20:39:06,219 [Listener at localhost/40025] INFO  keyvalue.KeyValueContainer (KeyValueContainer.java:flushAndSyncDB(446)) - Container 1310578939 is synced with bcsId 0.
2023-03-29 20:39:06,219 [Listener at localhost/40025] INFO  keyvalue.KeyValueContainer (KeyValueContainer.java:flushAndSyncDB(446)) - Container 1310578939 is synced with bcsId 0.
2023-03-29 20:39:06,221 [Listener at localhost/40025] INFO  keyvalue.KeyValueContainer (KeyValueContainer.java:close(361)) - Container 1310578939 is closed with bcsId 0.
2023-03-29 20:39:06,221 [Listener at localhost/40025] INFO  upgrade.UpgradeFinalizer (BasicUpgradeFinalizer.java:logAndEmit(389)) - Finalization started.
2023-03-29 20:39:06,221 [Listener at localhost/40025] INFO  upgrade.UpgradeFinalizer (BasicUpgradeFinalizer.java:runFinalizationAction(264)) - Running finalization actions for layout feature: DATANODE_SCHEMA_V2
2023-03-29 20:39:06,221 [Listener at localhost/40025] INFO  upgrade.DatanodeSchemaV2FinalizeAction (DatanodeSchemaV2FinalizeAction.java:execute(44)) - Executing datanode 'onFinalize' action for the first version with upgrade support. New containers will be created with Schema Version 2 henceforth.
2023-03-29 20:39:06,223 [Listener at localhost/40025] INFO  upgrade.AbstractLayoutVersionManager (AbstractLayoutVersionManager.java:finalized(127)) - Layout feature DATANODE_SCHEMA_V2 has been finalized.
2023-03-29 20:39:06,223 [Listener at localhost/40025] INFO  upgrade.UpgradeFinalizer (BasicUpgradeFinalizer.java:runFinalizationAction(264)) - Running finalization actions for layout feature: SCM_HA
2023-03-29 20:39:06,223 [Listener at localhost/40025] INFO  upgrade.ScmHAFinalizeUpgradeActionDatanode (ScmHAFinalizeUpgradeActionDatanode.java:execute(52)) - Upgrading Datanode volume layout for SCM HA support.
2023-03-29 20:39:06,223 [Listener at localhost/40025] INFO  upgrade.ScmHAFinalizeUpgradeActionDatanode (ScmHAFinalizeUpgradeActionDatanode.java:upgradeVolume(111)) - Volume already contains cluster ID directory /tmp/junit2430282427633920476/7ad46e64-f617-41cd-ada9-e77ebff202eb/hdds/clusterID. No action required for SCM HA finalization.
2023-03-29 20:39:06,224 [Listener at localhost/40025] INFO  upgrade.AbstractLayoutVersionManager (AbstractLayoutVersionManager.java:finalized(127)) - Layout feature SCM_HA has been finalized.
2023-03-29 20:39:06,224 [Listener at localhost/40025] INFO  upgrade.UpgradeFinalizer (BasicUpgradeFinalizer.java:logAndEmit(389)) - No onFinalize work defined for feature: ERASURE_CODED_STORAGE_SUPPORT.
2023-03-29 20:39:06,225 [Listener at localhost/40025] INFO  upgrade.AbstractLayoutVersionManager (AbstractLayoutVersionManager.java:finalized(127)) - Layout feature ERASURE_CODED_STORAGE_SUPPORT has been finalized.
2023-03-29 20:39:06,225 [Listener at localhost/40025] INFO  upgrade.UpgradeFinalizer (BasicUpgradeFinalizer.java:runFinalizationAction(264)) - Running finalization actions for layout feature: DATANODE_SCHEMA_V3
2023-03-29 20:39:06,225 [Listener at localhost/40025] INFO  upgrade.DatanodeSchemaV3FinalizeAction (DatanodeSchemaV3FinalizeAction.java:execute(50)) - Upgrading Datanode volume layout for Schema V3 support.
2023-03-29 20:39:06,251 [Listener at localhost/40025] INFO  utils.DatanodeStoreCache (DatanodeStoreCache.java:addDB(58)) - Added db /tmp/junit2430282427633920476/7ad46e64-f617-41cd-ada9-e77ebff202eb/hdds/clusterID/DS-2942eeb5-1d15-410f-af50-a5eb29993b36/container.db to cache
2023-03-29 20:39:06,251 [Listener at localhost/40025] INFO  volume.HddsVolume (HddsVolume.java:createDbStore(350)) - SchemaV3 db is created and loaded at /tmp/junit2430282427633920476/7ad46e64-f617-41cd-ada9-e77ebff202eb/hdds/clusterID/DS-2942eeb5-1d15-410f-af50-a5eb29993b36/container.db for volume DS-2942eeb5-1d15-410f-af50-a5eb29993b36
2023-03-29 20:39:06,252 [Listener at localhost/40025] INFO  utils.DatanodeStoreCache (DatanodeStoreCache.java:removeDB(96)) - Removed db /tmp/junit2430282427633920476/7ad46e64-f617-41cd-ada9-e77ebff202eb/hdds/clusterID/DS-2942eeb5-1d15-410f-af50-a5eb29993b36/container.db from cache
2023-03-29 20:39:06,252 [Listener at localhost/40025] INFO  volume.HddsVolume (HddsVolume.java:closeDbStore(437)) - SchemaV3 db is stopped at /tmp/junit2430282427633920476/7ad46e64-f617-41cd-ada9-e77ebff202eb/hdds/clusterID/DS-2942eeb5-1d15-410f-af50-a5eb29993b36/container.db for volume DS-2942eeb5-1d15-410f-af50-a5eb29993b36
2023-03-29 20:39:06,266 [Listener at localhost/40025] INFO  utils.DatanodeStoreCache (DatanodeStoreCache.java:addDB(58)) - Added db /tmp/junit2430282427633920476/7ad46e64-f617-41cd-ada9-e77ebff202eb/hdds/clusterID/DS-2942eeb5-1d15-410f-af50-a5eb29993b36/container.db to cache
2023-03-29 20:39:06,267 [Listener at localhost/40025] INFO  volume.HddsVolume (HddsVolume.java:loadDbStore(303)) - SchemaV3 db is loaded at /tmp/junit2430282427633920476/7ad46e64-f617-41cd-ada9-e77ebff202eb/hdds/clusterID/DS-2942eeb5-1d15-410f-af50-a5eb29993b36/container.db for volume DS-2942eeb5-1d15-410f-af50-a5eb29993b36
2023-03-29 20:39:06,268 [Listener at localhost/40025] INFO  upgrade.AbstractLayoutVersionManager (AbstractLayoutVersionManager.java:finalized(127)) - Layout feature DATANODE_SCHEMA_V3 has been finalized.
2023-03-29 20:39:06,268 [Listener at localhost/40025] INFO  upgrade.AbstractLayoutVersionManager (AbstractLayoutVersionManager.java:finalized(129)) - Finalization is complete.
2023-03-29 20:39:06,268 [Listener at localhost/40025] INFO  upgrade.UpgradeFinalizer (BasicUpgradeFinalizer.java:logAndEmit(389)) - Finalization is done.
2023-03-29 20:39:06,268 [Listener at localhost/40025] INFO  ipc.Server (Server.java:stop(3428)) - Stopping server on 40025
2023-03-29 20:39:06,270 [IPC Server Responder] INFO  ipc.Server (Server.java:run(1517)) - Stopping IPC Server Responder
2023-03-29 20:39:06,271 [Listener at localhost/40025] INFO  ozoneimpl.OzoneContainer (OzoneContainer.java:stop(419)) - Attempting to stop container services.
2023-03-29 20:39:06,271 [IPC Server listener on 40025] INFO  ipc.Server (Server.java:run(1384)) - Stopping IPC Server listener on 40025
2023-03-29 20:39:06,273 [Listener at localhost/40025] INFO  server.RaftServer (RaftServerProxy.java:lambda$close$6(409)) - c63b1e35-7e47-4a6a-92f5-4bac400fc60e: close
2023-03-29 20:39:06,273 [Listener at localhost/40025] INFO  server.GrpcService (GrpcService.java:closeImpl(271)) - c63b1e35-7e47-4a6a-92f5-4bac400fc60e: shutdown server GrpcServerProtocolService now
2023-03-29 20:39:06,277 [Listener at localhost/40025] INFO  server.GrpcService (GrpcService.java:closeImpl(280)) - c63b1e35-7e47-4a6a-92f5-4bac400fc60e: shutdown server GrpcServerProtocolService successfully
2023-03-29 20:39:06,277 [JvmPauseMonitor8] INFO  util.JvmPauseMonitor (JvmPauseMonitor.java:run(111)) - JvmPauseMonitor-c63b1e35-7e47-4a6a-92f5-4bac400fc60e: Stopped
2023-03-29 20:39:08,285 [Listener at localhost/40025] INFO  volume.HddsVolume (HddsVolume.java:closeDbStore(437)) - SchemaV3 db is stopped at /tmp/junit2430282427633920476/7ad46e64-f617-41cd-ada9-e77ebff202eb/hdds/clusterID/DS-2942eeb5-1d15-410f-af50-a5eb29993b36/container.db for volume DS-2942eeb5-1d15-410f-af50-a5eb29993b36
2023-03-29 20:39:08,285 [Listener at localhost/40025] INFO  utils.BackgroundService (BackgroundService.java:shutdown(141)) - Shutting down service BlockDeletingService
2023-03-29 20:39:08,285 [Listener at localhost/40025] INFO  utils.BackgroundService (BackgroundService.java:shutdown(141)) - Shutting down service StaleRecoveringContainerScrubbingService
]]></system-out>
  </testcase>
  <testcase name="testImportContainer" classname="TestDatanodeUpgradeToScmHA" time="4.521">
    <error type="java.util.concurrent.ExecutionException"><![CDATA[java.util.concurrent.ExecutionException: java.io.IOException: Invalid volume directory /tmp/junit1307191055145921459/24b3f961-1620-433a-9ae4-dffc9bf9f25d/hdds has more than one directory before SCM HA finalization.
	at java.util.concurrent.FutureTask.report(FutureTask.java:122)
	at java.util.concurrent.FutureTask.get(FutureTask.java:192)
	at org.apache.hadoop.ozone.container.upgrade.TestDatanodeUpgradeToScmHA.testImportContainer(TestDatanodeUpgradeToScmHA.java:224)
	at sun.reflect.NativeMethodAccessorImpl.invoke0(Native Method)
	at sun.reflect.NativeMethodAccessorImpl.invoke(NativeMethodAccessorImpl.java:62)
	at sun.reflect.DelegatingMethodAccessorImpl.invoke(DelegatingMethodAccessorImpl.java:43)
	at java.lang.reflect.Method.invoke(Method.java:498)
	at org.junit.runners.model.FrameworkMethod$1.runReflectiveCall(FrameworkMethod.java:59)
	at org.junit.internal.runners.model.ReflectiveCallable.run(ReflectiveCallable.java:12)
	at org.junit.runners.model.FrameworkMethod.invokeExplosively(FrameworkMethod.java:56)
	at org.junit.internal.runners.statements.InvokeMethod.evaluate(InvokeMethod.java:17)
	at org.junit.internal.runners.statements.RunBefores.evaluate(RunBefores.java:26)
	at org.junit.internal.runners.statements.RunAfters.evaluate(RunAfters.java:27)
	at org.junit.runners.ParentRunner$3.evaluate(ParentRunner.java:306)
	at org.junit.runners.BlockJUnit4ClassRunner$1.evaluate(BlockJUnit4ClassRunner.java:100)
	at org.junit.runners.ParentRunner.runLeaf(ParentRunner.java:366)
	at org.junit.runners.BlockJUnit4ClassRunner.runChild(BlockJUnit4ClassRunner.java:103)
	at org.junit.runners.BlockJUnit4ClassRunner.runChild(BlockJUnit4ClassRunner.java:63)
	at org.junit.runners.ParentRunner$4.run(ParentRunner.java:331)
	at org.junit.runners.ParentRunner$1.schedule(ParentRunner.java:79)
	at org.junit.runners.ParentRunner.runChildren(ParentRunner.java:329)
	at org.junit.runners.ParentRunner.access$100(ParentRunner.java:66)
	at org.junit.runners.ParentRunner$2.evaluate(ParentRunner.java:293)
	at org.junit.runners.ParentRunner.run(ParentRunner.java:413)
	at org.junit.runners.Suite.runChild(Suite.java:128)
	at org.junit.runners.Suite.runChild(Suite.java:27)
	at org.junit.runners.ParentRunner$4.run(ParentRunner.java:331)
	at org.junit.runners.ParentRunner$1.schedule(ParentRunner.java:79)
	at org.junit.runners.ParentRunner.runChildren(ParentRunner.java:329)
	at org.junit.runners.ParentRunner.access$100(ParentRunner.java:66)
	at org.junit.runners.ParentRunner$2.evaluate(ParentRunner.java:293)
	at org.junit.runners.ParentRunner$3.evaluate(ParentRunner.java:306)
	at org.junit.runners.ParentRunner.run(ParentRunner.java:413)
	at org.junit.runner.JUnitCore.run(JUnitCore.java:137)
	at org.junit.runner.JUnitCore.run(JUnitCore.java:115)
	at org.junit.vintage.engine.execution.RunnerExecutor.execute(RunnerExecutor.java:42)
	at org.junit.vintage.engine.VintageTestEngine.executeAllChildren(VintageTestEngine.java:80)
	at org.junit.vintage.engine.VintageTestEngine.execute(VintageTestEngine.java:72)
	at org.junit.platform.launcher.core.EngineExecutionOrchestrator.execute(EngineExecutionOrchestrator.java:107)
	at org.junit.platform.launcher.core.EngineExecutionOrchestrator.execute(EngineExecutionOrchestrator.java:88)
	at org.junit.platform.launcher.core.EngineExecutionOrchestrator.lambda$execute$0(EngineExecutionOrchestrator.java:54)
	at org.junit.platform.launcher.core.EngineExecutionOrchestrator.withInterceptedStreams(EngineExecutionOrchestrator.java:67)
	at org.junit.platform.launcher.core.EngineExecutionOrchestrator.execute(EngineExecutionOrchestrator.java:52)
	at org.junit.platform.launcher.core.DefaultLauncher.execute(DefaultLauncher.java:114)
	at org.junit.platform.launcher.core.DefaultLauncher.execute(DefaultLauncher.java:86)
	at org.junit.platform.launcher.core.DefaultLauncherSession$DelegatingLauncher.execute(DefaultLauncherSession.java:86)
	at org.junit.platform.launcher.core.SessionPerRequestLauncher.execute(SessionPerRequestLauncher.java:53)
	at org.apache.maven.surefire.junitplatform.JUnitPlatformProvider.execute(JUnitPlatformProvider.java:188)
	at org.apache.maven.surefire.junitplatform.JUnitPlatformProvider.invokeAllTests(JUnitPlatformProvider.java:154)
	at org.apache.maven.surefire.junitplatform.JUnitPlatformProvider.invoke(JUnitPlatformProvider.java:124)
	at org.apache.maven.surefire.booter.ForkedBooter.runSuitesInProcess(ForkedBooter.java:428)
	at org.apache.maven.surefire.booter.ForkedBooter.execute(ForkedBooter.java:162)
	at org.apache.maven.surefire.booter.ForkedBooter.run(ForkedBooter.java:562)
	at org.apache.maven.surefire.booter.ForkedBooter.main(ForkedBooter.java:548)
Caused by: java.io.IOException: Invalid volume directory /tmp/junit1307191055145921459/24b3f961-1620-433a-9ae4-dffc9bf9f25d/hdds has more than one directory before SCM HA finalization.
	at org.apache.hadoop.ozone.container.upgrade.VersionedDatanodeFeatures$ScmHA.chooseContainerPathID(VersionedDatanodeFeatures.java:107)
	at org.apache.hadoop.ozone.container.keyvalue.KeyValueContainer.importContainerData(KeyValueContainer.java:522)
	at org.apache.hadoop.ozone.container.keyvalue.KeyValueHandler.importContainer(KeyValueHandler.java:1043)
	at org.apache.hadoop.ozone.container.ozoneimpl.ContainerController.importContainer(ContainerController.java:161)
	at org.apache.hadoop.ozone.container.replication.ContainerImporter.importContainer(ContainerImporter.java:101)
	at org.apache.hadoop.ozone.container.upgrade.TestDatanodeUpgradeToScmHA.importContainer(TestDatanodeUpgradeToScmHA.java:679)
	at org.apache.hadoop.ozone.container.upgrade.TestDatanodeUpgradeToScmHA.lambda$testImportContainer$1(TestDatanodeUpgradeToScmHA.java:211)
	at java.util.concurrent.FutureTask.run(FutureTask.java:266)
	at java.util.concurrent.ThreadPoolExecutor.runWorker(ThreadPoolExecutor.java:1149)
	at java.util.concurrent.ThreadPoolExecutor$Worker.run(ThreadPoolExecutor.java:624)
	at java.lang.Thread.run(Thread.java:750)
]]></error>
    <system-out><![CDATA[2023-03-29 20:38:50,340 [Listener at localhost/45523] INFO  ipc.CallQueueManager (CallQueueManager.java:<init>(90)) - Using callQueue: class java.util.concurrent.LinkedBlockingQueue, queueCapacity: 1000, scheduler: class org.apache.hadoop.ipc.DefaultRpcScheduler, ipcBackoff: false.
2023-03-29 20:38:50,341 [Socket Reader #1 for port 46565] INFO  ipc.Server (Server.java:run(1273)) - Starting Socket Reader #1 for port 46565
2023-03-29 20:38:50,343 [IPC Server Responder] INFO  ipc.Server (Server.java:run(1512)) - IPC Server Responder: starting
2023-03-29 20:38:50,343 [IPC Server listener on 46565] INFO  ipc.Server (Server.java:run(1352)) - IPC Server listener on 46565: starting
2023-03-29 20:38:50,347 [Listener at localhost/46565] INFO  upgrade.AbstractLayoutVersionManager (AbstractLayoutVersionManager.java:init(83)) - Initializing Layout version manager with metadata layout = INITIAL_VERSION (version = 0), software layout = DATANODE_SCHEMA_V3 (version = 4)
2023-03-29 20:38:50,395 [Listener at localhost/46565] INFO  reflections.Reflections (Reflections.java:scan(232)) - Reflections took 48 ms to scan 4 urls, producing 125 keys and 293 values 
2023-03-29 20:38:50,399 [Listener at localhost/46565] INFO  upgrade.HDDSLayoutVersionManager (HDDSLayoutVersionManager.java:lambda$registerUpgradeActions$0(76)) - Registering Upgrade Action : DatanodeSchemaV3FinalizeAction
2023-03-29 20:38:50,399 [Listener at localhost/46565] INFO  upgrade.HDDSLayoutVersionManager (HDDSLayoutVersionManager.java:lambda$registerUpgradeActions$0(76)) - Registering Upgrade Action : ScmHAFinalizeUpgradeActionDatanode
2023-03-29 20:38:50,400 [Listener at localhost/46565] INFO  upgrade.HDDSLayoutVersionManager (HDDSLayoutVersionManager.java:lambda$registerUpgradeActions$0(76)) - Registering Upgrade Action : DatanodeSchemaV2FinalizeAction
2023-03-29 20:38:50,401 [Listener at localhost/46565] INFO  statemachine.DatanodeStateMachine (DatanodeStateMachine.java:getEndPointTaskThreadPoolSize(260)) - Datanode State Machine Task Thread Pool size 2
2023-03-29 20:38:50,406 [Listener at localhost/46565] INFO  volume.HddsVolume (HddsVolume.java:<init>(130)) - Creating HddsVolume: /tmp/junit1307191055145921459/24b3f961-1620-433a-9ae4-dffc9bf9f25d/hdds of storage type : DISK capacity : 9223372036854775807
2023-03-29 20:38:50,406 [Listener at localhost/46565] INFO  volume.MutableVolumeSet (MutableVolumeSet.java:initializeVolumeSet(175)) - Added Volume : /tmp/junit1307191055145921459/24b3f961-1620-433a-9ae4-dffc9bf9f25d/hdds to VolumeSet
2023-03-29 20:38:50,406 [Listener at localhost/46565] INFO  volume.ThrottledAsyncChecker (ThrottledAsyncChecker.java:schedule(141)) - Scheduling a check for /tmp/junit1307191055145921459/24b3f961-1620-433a-9ae4-dffc9bf9f25d/hdds
2023-03-29 20:38:50,409 [Listener at localhost/46565] INFO  volume.StorageVolumeChecker (StorageVolumeChecker.java:checkAllVolumes(202)) - Scheduled health check for volume /tmp/junit1307191055145921459/24b3f961-1620-433a-9ae4-dffc9bf9f25d/hdds
2023-03-29 20:38:50,426 [Listener at localhost/46565] WARN  server.ServerUtils (ServerUtils.java:getDefaultRatisDirectory(237)) - Storage directory for Ratis is not configured. It is a good idea to map this to an SSD disk. Falling back to ozone.metadata.dirs
2023-03-29 20:38:50,427 [Listener at localhost/46565] INFO  volume.MutableVolumeSet (MutableVolumeSet.java:initializeVolumeSet(175)) - Added Volume : /tmp/junit1307191055145921459/ratis to VolumeSet
2023-03-29 20:38:50,427 [Listener at localhost/46565] INFO  volume.ThrottledAsyncChecker (ThrottledAsyncChecker.java:schedule(141)) - Scheduling a check for /tmp/junit1307191055145921459/ratis
2023-03-29 20:38:50,428 [Listener at localhost/46565] INFO  volume.StorageVolumeChecker (StorageVolumeChecker.java:checkAllVolumes(202)) - Scheduled health check for volume /tmp/junit1307191055145921459/ratis
2023-03-29 20:38:50,441 [Thread-40] INFO  ozoneimpl.ContainerReader (ContainerReader.java:readVolume(175)) - Finish verifying containers on volume /tmp/junit1307191055145921459/24b3f961-1620-433a-9ae4-dffc9bf9f25d/hdds
2023-03-29 20:38:50,441 [Listener at localhost/46565] INFO  ozoneimpl.OzoneContainer (OzoneContainer.java:buildContainerSet(303)) - Build ContainerSet costs 0s
2023-03-29 20:38:50,443 [Listener at localhost/46565] WARN  server.ServerUtils (ServerUtils.java:getDefaultRatisDirectory(237)) - Storage directory for Ratis is not configured. It is a good idea to map this to an SSD disk. Falling back to ozone.metadata.dirs
2023-03-29 20:38:50,445 [Listener at localhost/46565] INFO  server.RaftServer (ConfUtils.java:logGet(46)) - raft.rpc.type = GRPC (default)
2023-03-29 20:38:50,445 [Listener at localhost/46565] INFO  grpc.GrpcConfigKeys (ConfUtils.java:logFallback(53)) - raft.grpc.admin.host = null (fallback to raft.grpc.server.host)
2023-03-29 20:38:50,445 [Listener at localhost/46565] INFO  grpc.GrpcConfigKeys (ConfUtils.java:logGet(46)) - raft.grpc.admin.port = 9858 (custom)
2023-03-29 20:38:50,445 [Listener at localhost/46565] INFO  grpc.GrpcConfigKeys (ConfUtils.java:logFallback(53)) - raft.grpc.client.host = null (fallback to raft.grpc.server.host)
2023-03-29 20:38:50,445 [Listener at localhost/46565] INFO  grpc.GrpcConfigKeys (ConfUtils.java:logGet(46)) - raft.grpc.client.port = 9858 (custom)
2023-03-29 20:38:50,445 [Listener at localhost/46565] INFO  grpc.GrpcConfigKeys (ConfUtils.java:logGet(46)) - raft.grpc.server.host = null (default)
2023-03-29 20:38:50,446 [Listener at localhost/46565] INFO  grpc.GrpcConfigKeys (ConfUtils.java:logGet(46)) - raft.grpc.server.port = 9858 (custom)
2023-03-29 20:38:50,446 [Listener at localhost/46565] INFO  server.GrpcService (ConfUtils.java:logGet(46)) - raft.grpc.message.size.max = 32MB (=33554432) (custom)
2023-03-29 20:38:50,446 [Listener at localhost/46565] INFO  server.RaftServerConfigKeys (ConfUtils.java:logGet(46)) - raft.server.log.appender.buffer.byte-limit = 33554432 (custom)
2023-03-29 20:38:50,446 [Listener at localhost/46565] INFO  server.GrpcService (ConfUtils.java:logGet(46)) - raft.grpc.flow.control.window = 5MB (=5242880) (custom)
2023-03-29 20:38:50,446 [Listener at localhost/46565] INFO  server.RaftServerConfigKeys (ConfUtils.java:logGet(46)) - raft.server.rpc.request.timeout = 60s (custom)
2023-03-29 20:38:50,446 [Listener at localhost/46565] INFO  grpc.GrpcConfigKeys (ConfUtils.java:logGet(46)) - raft.grpc.server.heartbeat.channel = true (default)
2023-03-29 20:38:50,446 [Listener at localhost/46565] INFO  grpc.GrpcConfigKeys (ConfUtils.java:logGet(46)) - raft.grpc.server.async.request.thread.pool.cached = true (default)
2023-03-29 20:38:50,447 [Listener at localhost/46565] INFO  grpc.GrpcConfigKeys (ConfUtils.java:logGet(46)) - raft.grpc.server.async.request.thread.pool.size = 32 (default)
2023-03-29 20:38:50,448 [Listener at localhost/46565] INFO  impl.DataStreamServerImpl (ConfUtils.java:logGet(46)) - raft.datastream.type = DISABLED (default)
2023-03-29 20:38:50,448 [Listener at localhost/46565] INFO  server.RaftServerConfigKeys (ConfUtils.java:logGet(46)) - raft.server.threadpool.proxy.cached = true (default)
2023-03-29 20:38:50,448 [Listener at localhost/46565] INFO  server.RaftServerConfigKeys (ConfUtils.java:logGet(46)) - raft.server.threadpool.proxy.size = 0 (default)
2023-03-29 20:38:50,449 [Listener at localhost/46565] INFO  server.RaftServerConfigKeys (ConfUtils.java:logGet(46)) - raft.server.rpc.slowness.timeout = 300s (custom)
2023-03-29 20:38:50,449 [Listener at localhost/46565] INFO  server.RaftServerConfigKeys (ConfUtils.java:logGet(46)) - raft.server.leaderelection.leader.step-down.wait-time = 10s (default)
2023-03-29 20:38:50,449 [Listener at localhost/46565] INFO  server.RaftServerConfigKeys (ConfUtils.java:logGet(46)) - raft.server.storage.dir = [/tmp/junit1307191055145921459/ratis] (custom)
2023-03-29 20:38:50,451 [Listener at localhost/46565] INFO  server.XceiverServerGrpc (XceiverServerGrpc.java:<init>(132)) - GrpcServer channel type EpollServerSocketChannel
2023-03-29 20:38:50,470 [Listener at localhost/46565] INFO  ozoneimpl.OzoneContainer (OzoneContainer.java:start(397)) - Attempting to start container services.
2023-03-29 20:38:50,470 [Listener at localhost/46565] INFO  ozoneimpl.OzoneContainer (OzoneContainer.java:startContainerScrub(314)) - Scheduled background container scanners and the on-demand container scanner have been disabled.
2023-03-29 20:38:50,471 [Listener at localhost/46565] INFO  replication.ReplicationServer (ReplicationServer.java:start(109)) - ReplicationServer is started using port 9886
2023-03-29 20:38:50,472 [Listener at localhost/46565] INFO  ratis.XceiverServerRatis (XceiverServerRatis.java:start(517)) - Starting XceiverServerRatis 0fc1e161-bd6b-4bcc-8c4f-377755543e35
2023-03-29 20:38:50,473 [Listener at localhost/46565] INFO  server.RaftServer (RaftServerProxy.java:startImpl(393)) - 0fc1e161-bd6b-4bcc-8c4f-377755543e35: start RPC server
2023-03-29 20:38:50,474 [Listener at localhost/46565] INFO  server.GrpcService (GrpcService.java:startImpl(262)) - 0fc1e161-bd6b-4bcc-8c4f-377755543e35: GrpcService started, listening on 9858
2023-03-29 20:38:50,475 [Listener at localhost/46565] INFO  ratis.XceiverServerRatis (XceiverServerRatis.java:getRealPort(543)) - XceiverServerRatis 0fc1e161-bd6b-4bcc-8c4f-377755543e35 is started using port 9858 for RATIS
2023-03-29 20:38:50,475 [JvmPauseMonitor1] INFO  util.JvmPauseMonitor (JvmPauseMonitor.java:run(105)) - JvmPauseMonitor-0fc1e161-bd6b-4bcc-8c4f-377755543e35: Started
2023-03-29 20:38:50,475 [Listener at localhost/46565] INFO  ratis.XceiverServerRatis (XceiverServerRatis.java:getRealPort(543)) - XceiverServerRatis 0fc1e161-bd6b-4bcc-8c4f-377755543e35 is started using port 9858 for RATIS_ADMIN
2023-03-29 20:38:50,475 [Listener at localhost/46565] INFO  ratis.XceiverServerRatis (XceiverServerRatis.java:getRealPort(543)) - XceiverServerRatis 0fc1e161-bd6b-4bcc-8c4f-377755543e35 is started using port 9858 for RATIS_SERVER
2023-03-29 20:38:50,477 [BlockDeletingService#0] INFO  interfaces.ContainerDeletionChoosingPolicyTemplate (ContainerDeletionChoosingPolicyTemplate.java:chooseContainerForBlockDeletion(83)) - Chosen 0/5000 blocks from 0 candidate containers.
2023-03-29 20:38:50,510 [Listener at localhost/46565] INFO  keyvalue.KeyValueContainer (KeyValueContainer.java:flushAndSyncDB(446)) - Container 569208946 is synced with bcsId 0.
2023-03-29 20:38:50,510 [Listener at localhost/46565] INFO  keyvalue.KeyValueContainer (KeyValueContainer.java:flushAndSyncDB(446)) - Container 569208946 is synced with bcsId 0.
2023-03-29 20:38:50,513 [Listener at localhost/46565] INFO  keyvalue.KeyValueContainer (KeyValueContainer.java:close(361)) - Container 569208946 is closed with bcsId 0.
2023-03-29 20:38:50,574 [Listener at localhost/46565] INFO  keyvalue.KeyValueContainer (KeyValueContainer.java:flushAndSyncDB(446)) - Container 812272559 is synced with bcsId 0.
2023-03-29 20:38:50,574 [Listener at localhost/46565] INFO  keyvalue.KeyValueContainer (KeyValueContainer.java:flushAndSyncDB(446)) - Container 812272559 is synced with bcsId 0.
2023-03-29 20:38:50,577 [Listener at localhost/46565] INFO  keyvalue.KeyValueContainer (KeyValueContainer.java:close(361)) - Container 812272559 is closed with bcsId 0.
2023-03-29 20:38:50,633 [Listener at localhost/46565] INFO  ozoneimpl.OzoneContainer (OzoneContainer.java:stop(419)) - Attempting to stop container services.
2023-03-29 20:38:50,639 [Listener at localhost/46565] INFO  server.RaftServer (RaftServerProxy.java:lambda$close$6(409)) - 0fc1e161-bd6b-4bcc-8c4f-377755543e35: close
2023-03-29 20:38:50,639 [Listener at localhost/46565] INFO  server.GrpcService (GrpcService.java:closeImpl(271)) - 0fc1e161-bd6b-4bcc-8c4f-377755543e35: shutdown server GrpcServerProtocolService now
2023-03-29 20:38:50,645 [Listener at localhost/46565] INFO  server.GrpcService (GrpcService.java:closeImpl(280)) - 0fc1e161-bd6b-4bcc-8c4f-377755543e35: shutdown server GrpcServerProtocolService successfully
2023-03-29 20:38:50,646 [JvmPauseMonitor1] INFO  util.JvmPauseMonitor (JvmPauseMonitor.java:run(111)) - JvmPauseMonitor-0fc1e161-bd6b-4bcc-8c4f-377755543e35: Stopped
2023-03-29 20:38:52,654 [Listener at localhost/46565] INFO  utils.BackgroundService (BackgroundService.java:shutdown(141)) - Shutting down service BlockDeletingService
2023-03-29 20:38:52,655 [Listener at localhost/46565] INFO  utils.BackgroundService (BackgroundService.java:shutdown(141)) - Shutting down service StaleRecoveringContainerScrubbingService
2023-03-29 20:38:52,657 [Listener at localhost/46565] INFO  upgrade.AbstractLayoutVersionManager (AbstractLayoutVersionManager.java:init(83)) - Initializing Layout version manager with metadata layout = INITIAL_VERSION (version = 0), software layout = DATANODE_SCHEMA_V3 (version = 4)
2023-03-29 20:38:52,691 [Listener at localhost/46565] INFO  reflections.Reflections (Reflections.java:scan(232)) - Reflections took 33 ms to scan 4 urls, producing 125 keys and 293 values 
2023-03-29 20:38:52,693 [Listener at localhost/46565] INFO  upgrade.HDDSLayoutVersionManager (HDDSLayoutVersionManager.java:lambda$registerUpgradeActions$0(76)) - Registering Upgrade Action : DatanodeSchemaV3FinalizeAction
2023-03-29 20:38:52,693 [Listener at localhost/46565] INFO  upgrade.HDDSLayoutVersionManager (HDDSLayoutVersionManager.java:lambda$registerUpgradeActions$0(76)) - Registering Upgrade Action : ScmHAFinalizeUpgradeActionDatanode
2023-03-29 20:38:52,693 [Listener at localhost/46565] INFO  upgrade.HDDSLayoutVersionManager (HDDSLayoutVersionManager.java:lambda$registerUpgradeActions$0(76)) - Registering Upgrade Action : DatanodeSchemaV2FinalizeAction
2023-03-29 20:38:52,693 [Listener at localhost/46565] INFO  statemachine.DatanodeStateMachine (DatanodeStateMachine.java:getEndPointTaskThreadPoolSize(260)) - Datanode State Machine Task Thread Pool size 2
2023-03-29 20:38:52,695 [Listener at localhost/46565] INFO  volume.HddsVolume (HddsVolume.java:<init>(130)) - Creating HddsVolume: /tmp/junit1307191055145921459/24b3f961-1620-433a-9ae4-dffc9bf9f25d/hdds of storage type : DISK capacity : 9223372036854775807
2023-03-29 20:38:52,695 [Listener at localhost/46565] INFO  volume.MutableVolumeSet (MutableVolumeSet.java:initializeVolumeSet(175)) - Added Volume : /tmp/junit1307191055145921459/24b3f961-1620-433a-9ae4-dffc9bf9f25d/hdds to VolumeSet
2023-03-29 20:38:52,696 [Listener at localhost/46565] INFO  volume.ThrottledAsyncChecker (ThrottledAsyncChecker.java:schedule(141)) - Scheduling a check for /tmp/junit1307191055145921459/24b3f961-1620-433a-9ae4-dffc9bf9f25d/hdds
2023-03-29 20:38:52,700 [Listener at localhost/46565] INFO  volume.StorageVolumeChecker (StorageVolumeChecker.java:checkAllVolumes(202)) - Scheduled health check for volume /tmp/junit1307191055145921459/24b3f961-1620-433a-9ae4-dffc9bf9f25d/hdds
2023-03-29 20:38:52,707 [Listener at localhost/46565] WARN  server.ServerUtils (ServerUtils.java:getDefaultRatisDirectory(237)) - Storage directory for Ratis is not configured. It is a good idea to map this to an SSD disk. Falling back to ozone.metadata.dirs
2023-03-29 20:38:52,707 [Listener at localhost/46565] INFO  volume.MutableVolumeSet (MutableVolumeSet.java:initializeVolumeSet(175)) - Added Volume : /tmp/junit1307191055145921459/ratis to VolumeSet
2023-03-29 20:38:52,707 [Listener at localhost/46565] INFO  volume.ThrottledAsyncChecker (ThrottledAsyncChecker.java:schedule(141)) - Scheduling a check for /tmp/junit1307191055145921459/ratis
2023-03-29 20:38:52,708 [Listener at localhost/46565] INFO  volume.StorageVolumeChecker (StorageVolumeChecker.java:checkAllVolumes(202)) - Scheduled health check for volume /tmp/junit1307191055145921459/ratis
2023-03-29 20:38:52,715 [Thread-49] INFO  ozoneimpl.ContainerReader (ContainerReader.java:readVolume(145)) - Start to verify containers on volume /tmp/junit1307191055145921459/24b3f961-1620-433a-9ae4-dffc9bf9f25d/hdds
2023-03-29 20:38:52,726 [Thread-49] INFO  ozoneimpl.ContainerReader (ContainerReader.java:readVolume(175)) - Finish verifying containers on volume /tmp/junit1307191055145921459/24b3f961-1620-433a-9ae4-dffc9bf9f25d/hdds
2023-03-29 20:38:52,726 [Listener at localhost/46565] INFO  ozoneimpl.OzoneContainer (OzoneContainer.java:buildContainerSet(303)) - Build ContainerSet costs 0s
2023-03-29 20:38:52,728 [Listener at localhost/46565] WARN  server.ServerUtils (ServerUtils.java:getDefaultRatisDirectory(237)) - Storage directory for Ratis is not configured. It is a good idea to map this to an SSD disk. Falling back to ozone.metadata.dirs
2023-03-29 20:38:52,729 [Listener at localhost/46565] INFO  server.RaftServer (ConfUtils.java:logGet(46)) - raft.rpc.type = GRPC (default)
2023-03-29 20:38:52,730 [Listener at localhost/46565] INFO  grpc.GrpcConfigKeys (ConfUtils.java:logFallback(53)) - raft.grpc.admin.host = null (fallback to raft.grpc.server.host)
2023-03-29 20:38:52,730 [Listener at localhost/46565] INFO  grpc.GrpcConfigKeys (ConfUtils.java:logGet(46)) - raft.grpc.admin.port = 9858 (custom)
2023-03-29 20:38:52,730 [Listener at localhost/46565] INFO  grpc.GrpcConfigKeys (ConfUtils.java:logFallback(53)) - raft.grpc.client.host = null (fallback to raft.grpc.server.host)
2023-03-29 20:38:52,730 [Listener at localhost/46565] INFO  grpc.GrpcConfigKeys (ConfUtils.java:logGet(46)) - raft.grpc.client.port = 9858 (custom)
2023-03-29 20:38:52,730 [Listener at localhost/46565] INFO  grpc.GrpcConfigKeys (ConfUtils.java:logGet(46)) - raft.grpc.server.host = null (default)
2023-03-29 20:38:52,730 [Listener at localhost/46565] INFO  grpc.GrpcConfigKeys (ConfUtils.java:logGet(46)) - raft.grpc.server.port = 9858 (custom)
2023-03-29 20:38:52,731 [Listener at localhost/46565] INFO  server.GrpcService (ConfUtils.java:logGet(46)) - raft.grpc.message.size.max = 32MB (=33554432) (custom)
2023-03-29 20:38:52,731 [Listener at localhost/46565] INFO  server.RaftServerConfigKeys (ConfUtils.java:logGet(46)) - raft.server.log.appender.buffer.byte-limit = 33554432 (custom)
2023-03-29 20:38:52,731 [Listener at localhost/46565] INFO  server.GrpcService (ConfUtils.java:logGet(46)) - raft.grpc.flow.control.window = 5MB (=5242880) (custom)
2023-03-29 20:38:52,731 [Listener at localhost/46565] INFO  server.RaftServerConfigKeys (ConfUtils.java:logGet(46)) - raft.server.rpc.request.timeout = 60s (custom)
2023-03-29 20:38:52,731 [Listener at localhost/46565] INFO  grpc.GrpcConfigKeys (ConfUtils.java:logGet(46)) - raft.grpc.server.heartbeat.channel = true (default)
2023-03-29 20:38:52,731 [Listener at localhost/46565] INFO  grpc.GrpcConfigKeys (ConfUtils.java:logGet(46)) - raft.grpc.server.async.request.thread.pool.cached = true (default)
2023-03-29 20:38:52,732 [Listener at localhost/46565] INFO  grpc.GrpcConfigKeys (ConfUtils.java:logGet(46)) - raft.grpc.server.async.request.thread.pool.size = 32 (default)
2023-03-29 20:38:52,733 [Listener at localhost/46565] INFO  impl.DataStreamServerImpl (ConfUtils.java:logGet(46)) - raft.datastream.type = DISABLED (default)
2023-03-29 20:38:52,733 [Listener at localhost/46565] INFO  server.RaftServerConfigKeys (ConfUtils.java:logGet(46)) - raft.server.threadpool.proxy.cached = true (default)
2023-03-29 20:38:52,733 [Listener at localhost/46565] INFO  server.RaftServerConfigKeys (ConfUtils.java:logGet(46)) - raft.server.threadpool.proxy.size = 0 (default)
2023-03-29 20:38:52,733 [Listener at localhost/46565] INFO  server.RaftServerConfigKeys (ConfUtils.java:logGet(46)) - raft.server.rpc.slowness.timeout = 300s (custom)
2023-03-29 20:38:52,734 [Listener at localhost/46565] INFO  server.RaftServerConfigKeys (ConfUtils.java:logGet(46)) - raft.server.leaderelection.leader.step-down.wait-time = 10s (default)
2023-03-29 20:38:52,734 [Listener at localhost/46565] INFO  server.RaftServerConfigKeys (ConfUtils.java:logGet(46)) - raft.server.storage.dir = [/tmp/junit1307191055145921459/ratis] (custom)
2023-03-29 20:38:52,735 [Listener at localhost/46565] INFO  server.XceiverServerGrpc (XceiverServerGrpc.java:<init>(132)) - GrpcServer channel type EpollServerSocketChannel
2023-03-29 20:38:52,752 [Listener at localhost/46565] INFO  ozoneimpl.OzoneContainer (OzoneContainer.java:start(397)) - Attempting to start container services.
2023-03-29 20:38:52,753 [Listener at localhost/46565] INFO  ozoneimpl.OzoneContainer (OzoneContainer.java:startContainerScrub(314)) - Scheduled background container scanners and the on-demand container scanner have been disabled.
2023-03-29 20:38:52,754 [Listener at localhost/46565] INFO  replication.ReplicationServer (ReplicationServer.java:start(109)) - ReplicationServer is started using port 9886
2023-03-29 20:38:52,754 [Listener at localhost/46565] INFO  ratis.XceiverServerRatis (XceiverServerRatis.java:start(517)) - Starting XceiverServerRatis 0fc1e161-bd6b-4bcc-8c4f-377755543e35
2023-03-29 20:38:52,758 [Listener at localhost/46565] INFO  server.RaftServer (RaftServerProxy.java:startImpl(393)) - 0fc1e161-bd6b-4bcc-8c4f-377755543e35: start RPC server
2023-03-29 20:38:52,761 [Listener at localhost/46565] INFO  server.GrpcService (GrpcService.java:startImpl(262)) - 0fc1e161-bd6b-4bcc-8c4f-377755543e35: GrpcService started, listening on 9858
2023-03-29 20:38:52,761 [Listener at localhost/46565] INFO  ratis.XceiverServerRatis (XceiverServerRatis.java:getRealPort(543)) - XceiverServerRatis 0fc1e161-bd6b-4bcc-8c4f-377755543e35 is started using port 9858 for RATIS
2023-03-29 20:38:52,761 [JvmPauseMonitor2] INFO  util.JvmPauseMonitor (JvmPauseMonitor.java:run(105)) - JvmPauseMonitor-0fc1e161-bd6b-4bcc-8c4f-377755543e35: Started
2023-03-29 20:38:52,761 [Listener at localhost/46565] INFO  ratis.XceiverServerRatis (XceiverServerRatis.java:getRealPort(543)) - XceiverServerRatis 0fc1e161-bd6b-4bcc-8c4f-377755543e35 is started using port 9858 for RATIS_ADMIN
2023-03-29 20:38:52,762 [Listener at localhost/46565] INFO  ratis.XceiverServerRatis (XceiverServerRatis.java:getRealPort(543)) - XceiverServerRatis 0fc1e161-bd6b-4bcc-8c4f-377755543e35 is started using port 9858 for RATIS_SERVER
2023-03-29 20:38:52,766 [BlockDeletingService#0] INFO  interfaces.ContainerDeletionChoosingPolicyTemplate (ContainerDeletionChoosingPolicyTemplate.java:chooseContainerForBlockDeletion(83)) - Chosen 0/5000 blocks from 0 candidate containers.
2023-03-29 20:38:52,769 [Listener at localhost/46565] INFO  upgrade.UpgradeFinalizer (BasicUpgradeFinalizer.java:logAndEmit(389)) - Finalization started.
2023-03-29 20:38:52,769 [Listener at localhost/46565] INFO  upgrade.UpgradeFinalizer (BasicUpgradeFinalizer.java:runFinalizationAction(264)) - Running finalization actions for layout feature: DATANODE_SCHEMA_V2
2023-03-29 20:38:52,769 [Listener at localhost/46565] INFO  upgrade.DatanodeSchemaV2FinalizeAction (DatanodeSchemaV2FinalizeAction.java:execute(44)) - Executing datanode 'onFinalize' action for the first version with upgrade support. New containers will be created with Schema Version 2 henceforth.
2023-03-29 20:38:52,773 [Listener at localhost/46565] INFO  upgrade.AbstractLayoutVersionManager (AbstractLayoutVersionManager.java:finalized(127)) - Layout feature DATANODE_SCHEMA_V2 has been finalized.
2023-03-29 20:38:52,773 [Listener at localhost/46565] INFO  upgrade.UpgradeFinalizer (BasicUpgradeFinalizer.java:runFinalizationAction(264)) - Running finalization actions for layout feature: SCM_HA
2023-03-29 20:38:52,773 [Listener at localhost/46565] INFO  upgrade.ScmHAFinalizeUpgradeActionDatanode (ScmHAFinalizeUpgradeActionDatanode.java:execute(52)) - Upgrading Datanode volume layout for SCM HA support.
2023-03-29 20:38:52,773 [Listener at localhost/46565] INFO  upgrade.ScmHAFinalizeUpgradeActionDatanode (ScmHAFinalizeUpgradeActionDatanode.java:upgradeVolume(98)) - Creating symlink /tmp/junit1307191055145921459/24b3f961-1620-433a-9ae4-dffc9bf9f25d/hdds/clusterID -> 77f880a4-dbd7-4047-896e-5d871b543578 as part of SCM HA finalization for datanode.
2023-03-29 20:38:52,774 [Listener at localhost/46565] INFO  upgrade.AbstractLayoutVersionManager (AbstractLayoutVersionManager.java:finalized(127)) - Layout feature SCM_HA has been finalized.
2023-03-29 20:38:52,774 [Listener at localhost/46565] INFO  upgrade.UpgradeFinalizer (BasicUpgradeFinalizer.java:logAndEmit(389)) - No onFinalize work defined for feature: ERASURE_CODED_STORAGE_SUPPORT.
2023-03-29 20:38:52,775 [Listener at localhost/46565] INFO  upgrade.AbstractLayoutVersionManager (AbstractLayoutVersionManager.java:finalized(127)) - Layout feature ERASURE_CODED_STORAGE_SUPPORT has been finalized.
2023-03-29 20:38:52,775 [Listener at localhost/46565] INFO  upgrade.UpgradeFinalizer (BasicUpgradeFinalizer.java:runFinalizationAction(264)) - Running finalization actions for layout feature: DATANODE_SCHEMA_V3
2023-03-29 20:38:52,775 [Listener at localhost/46565] INFO  upgrade.DatanodeSchemaV3FinalizeAction (DatanodeSchemaV3FinalizeAction.java:execute(50)) - Upgrading Datanode volume layout for Schema V3 support.
2023-03-29 20:38:52,803 [Listener at localhost/46565] INFO  utils.DatanodeStoreCache (DatanodeStoreCache.java:addDB(58)) - Added db /tmp/junit1307191055145921459/24b3f961-1620-433a-9ae4-dffc9bf9f25d/hdds/clusterID/DS-8be56079-9775-459c-914b-8dba6b83ad8d/container.db to cache
2023-03-29 20:38:52,803 [Listener at localhost/46565] INFO  volume.HddsVolume (HddsVolume.java:createDbStore(350)) - SchemaV3 db is created and loaded at /tmp/junit1307191055145921459/24b3f961-1620-433a-9ae4-dffc9bf9f25d/hdds/clusterID/DS-8be56079-9775-459c-914b-8dba6b83ad8d/container.db for volume DS-8be56079-9775-459c-914b-8dba6b83ad8d
2023-03-29 20:38:52,804 [Listener at localhost/46565] INFO  utils.DatanodeStoreCache (DatanodeStoreCache.java:removeDB(96)) - Removed db /tmp/junit1307191055145921459/24b3f961-1620-433a-9ae4-dffc9bf9f25d/hdds/clusterID/DS-8be56079-9775-459c-914b-8dba6b83ad8d/container.db from cache
2023-03-29 20:38:52,804 [Listener at localhost/46565] INFO  volume.HddsVolume (HddsVolume.java:closeDbStore(437)) - SchemaV3 db is stopped at /tmp/junit1307191055145921459/24b3f961-1620-433a-9ae4-dffc9bf9f25d/hdds/clusterID/DS-8be56079-9775-459c-914b-8dba6b83ad8d/container.db for volume DS-8be56079-9775-459c-914b-8dba6b83ad8d
2023-03-29 20:38:52,817 [Listener at localhost/46565] INFO  utils.DatanodeStoreCache (DatanodeStoreCache.java:addDB(58)) - Added db /tmp/junit1307191055145921459/24b3f961-1620-433a-9ae4-dffc9bf9f25d/hdds/clusterID/DS-8be56079-9775-459c-914b-8dba6b83ad8d/container.db to cache
2023-03-29 20:38:52,818 [Listener at localhost/46565] INFO  volume.HddsVolume (HddsVolume.java:loadDbStore(303)) - SchemaV3 db is loaded at /tmp/junit1307191055145921459/24b3f961-1620-433a-9ae4-dffc9bf9f25d/hdds/clusterID/DS-8be56079-9775-459c-914b-8dba6b83ad8d/container.db for volume DS-8be56079-9775-459c-914b-8dba6b83ad8d
2023-03-29 20:38:52,819 [Listener at localhost/46565] INFO  upgrade.AbstractLayoutVersionManager (AbstractLayoutVersionManager.java:finalized(127)) - Layout feature DATANODE_SCHEMA_V3 has been finalized.
2023-03-29 20:38:52,819 [Listener at localhost/46565] INFO  upgrade.AbstractLayoutVersionManager (AbstractLayoutVersionManager.java:finalized(129)) - Finalization is complete.
2023-03-29 20:38:52,819 [Listener at localhost/46565] INFO  upgrade.UpgradeFinalizer (BasicUpgradeFinalizer.java:logAndEmit(389)) - Finalization is done.
2023-03-29 20:38:52,820 [Listener at localhost/46565] INFO  ipc.Server (Server.java:stop(3428)) - Stopping server on 46565
2023-03-29 20:38:52,822 [IPC Server listener on 46565] INFO  ipc.Server (Server.java:run(1384)) - Stopping IPC Server listener on 46565
2023-03-29 20:38:52,823 [IPC Server Responder] INFO  ipc.Server (Server.java:run(1517)) - Stopping IPC Server Responder
2023-03-29 20:38:52,823 [Listener at localhost/46565] INFO  ozoneimpl.OzoneContainer (OzoneContainer.java:stop(419)) - Attempting to stop container services.
2023-03-29 20:38:52,824 [Listener at localhost/46565] INFO  server.RaftServer (RaftServerProxy.java:lambda$close$6(409)) - 0fc1e161-bd6b-4bcc-8c4f-377755543e35: close
2023-03-29 20:38:52,824 [Listener at localhost/46565] INFO  server.GrpcService (GrpcService.java:closeImpl(271)) - 0fc1e161-bd6b-4bcc-8c4f-377755543e35: shutdown server GrpcServerProtocolService now
2023-03-29 20:38:52,825 [Listener at localhost/46565] INFO  server.GrpcService (GrpcService.java:closeImpl(280)) - 0fc1e161-bd6b-4bcc-8c4f-377755543e35: shutdown server GrpcServerProtocolService successfully
2023-03-29 20:38:52,829 [JvmPauseMonitor2] INFO  util.JvmPauseMonitor (JvmPauseMonitor.java:run(111)) - JvmPauseMonitor-0fc1e161-bd6b-4bcc-8c4f-377755543e35: Stopped
2023-03-29 20:38:54,836 [Listener at localhost/46565] INFO  volume.HddsVolume (HddsVolume.java:closeDbStore(437)) - SchemaV3 db is stopped at /tmp/junit1307191055145921459/24b3f961-1620-433a-9ae4-dffc9bf9f25d/hdds/clusterID/DS-8be56079-9775-459c-914b-8dba6b83ad8d/container.db for volume DS-8be56079-9775-459c-914b-8dba6b83ad8d
2023-03-29 20:38:54,838 [Listener at localhost/46565] INFO  utils.BackgroundService (BackgroundService.java:shutdown(141)) - Shutting down service BlockDeletingService
2023-03-29 20:38:54,838 [Listener at localhost/46565] INFO  utils.BackgroundService (BackgroundService.java:shutdown(141)) - Shutting down service StaleRecoveringContainerScrubbingService
]]></system-out>
  </testcase>
  <testcase name="testImportContainer" classname="TestDatanodeUpgradeToScmHA" time="4.354">
    <system-out><![CDATA[2023-03-29 20:39:08,298 [Listener at localhost/40025] INFO  ipc.CallQueueManager (CallQueueManager.java:<init>(90)) - Using callQueue: class java.util.concurrent.LinkedBlockingQueue, queueCapacity: 1000, scheduler: class org.apache.hadoop.ipc.DefaultRpcScheduler, ipcBackoff: false.
2023-03-29 20:39:08,298 [Socket Reader #1 for port 39195] INFO  ipc.Server (Server.java:run(1273)) - Starting Socket Reader #1 for port 39195
2023-03-29 20:39:08,299 [IPC Server Responder] INFO  ipc.Server (Server.java:run(1512)) - IPC Server Responder: starting
2023-03-29 20:39:08,300 [IPC Server listener on 39195] INFO  ipc.Server (Server.java:run(1352)) - IPC Server listener on 39195: starting
2023-03-29 20:39:08,303 [Listener at localhost/39195] INFO  upgrade.AbstractLayoutVersionManager (AbstractLayoutVersionManager.java:init(83)) - Initializing Layout version manager with metadata layout = INITIAL_VERSION (version = 0), software layout = DATANODE_SCHEMA_V3 (version = 4)
2023-03-29 20:39:08,333 [Listener at localhost/39195] INFO  reflections.Reflections (Reflections.java:scan(232)) - Reflections took 29 ms to scan 4 urls, producing 125 keys and 293 values 
2023-03-29 20:39:08,334 [Listener at localhost/39195] INFO  upgrade.HDDSLayoutVersionManager (HDDSLayoutVersionManager.java:lambda$registerUpgradeActions$0(76)) - Registering Upgrade Action : DatanodeSchemaV3FinalizeAction
2023-03-29 20:39:08,334 [Listener at localhost/39195] INFO  upgrade.HDDSLayoutVersionManager (HDDSLayoutVersionManager.java:lambda$registerUpgradeActions$0(76)) - Registering Upgrade Action : ScmHAFinalizeUpgradeActionDatanode
2023-03-29 20:39:08,334 [Listener at localhost/39195] INFO  upgrade.HDDSLayoutVersionManager (HDDSLayoutVersionManager.java:lambda$registerUpgradeActions$0(76)) - Registering Upgrade Action : DatanodeSchemaV2FinalizeAction
2023-03-29 20:39:08,334 [Listener at localhost/39195] INFO  statemachine.DatanodeStateMachine (DatanodeStateMachine.java:getEndPointTaskThreadPoolSize(260)) - Datanode State Machine Task Thread Pool size 2
2023-03-29 20:39:08,336 [Listener at localhost/39195] INFO  volume.HddsVolume (HddsVolume.java:<init>(130)) - Creating HddsVolume: /tmp/junit6261157287877745624/8a257147-a2b8-4778-852a-26c3f5034dcc/hdds of storage type : DISK capacity : 9223372036854775807
2023-03-29 20:39:08,336 [Listener at localhost/39195] INFO  volume.MutableVolumeSet (MutableVolumeSet.java:initializeVolumeSet(175)) - Added Volume : /tmp/junit6261157287877745624/8a257147-a2b8-4778-852a-26c3f5034dcc/hdds to VolumeSet
2023-03-29 20:39:08,336 [Listener at localhost/39195] INFO  volume.ThrottledAsyncChecker (ThrottledAsyncChecker.java:schedule(141)) - Scheduling a check for /tmp/junit6261157287877745624/8a257147-a2b8-4778-852a-26c3f5034dcc/hdds
2023-03-29 20:39:08,338 [Listener at localhost/39195] INFO  volume.StorageVolumeChecker (StorageVolumeChecker.java:checkAllVolumes(202)) - Scheduled health check for volume /tmp/junit6261157287877745624/8a257147-a2b8-4778-852a-26c3f5034dcc/hdds
2023-03-29 20:39:08,344 [Listener at localhost/39195] WARN  server.ServerUtils (ServerUtils.java:getDefaultRatisDirectory(237)) - Storage directory for Ratis is not configured. It is a good idea to map this to an SSD disk. Falling back to ozone.metadata.dirs
2023-03-29 20:39:08,344 [Listener at localhost/39195] INFO  volume.MutableVolumeSet (MutableVolumeSet.java:initializeVolumeSet(175)) - Added Volume : /tmp/junit6261157287877745624/ratis to VolumeSet
2023-03-29 20:39:08,344 [Listener at localhost/39195] INFO  volume.ThrottledAsyncChecker (ThrottledAsyncChecker.java:schedule(141)) - Scheduling a check for /tmp/junit6261157287877745624/ratis
2023-03-29 20:39:08,345 [Listener at localhost/39195] INFO  volume.StorageVolumeChecker (StorageVolumeChecker.java:checkAllVolumes(202)) - Scheduled health check for volume /tmp/junit6261157287877745624/ratis
2023-03-29 20:39:08,351 [Thread-167] INFO  ozoneimpl.ContainerReader (ContainerReader.java:readVolume(175)) - Finish verifying containers on volume /tmp/junit6261157287877745624/8a257147-a2b8-4778-852a-26c3f5034dcc/hdds
2023-03-29 20:39:08,351 [Listener at localhost/39195] INFO  ozoneimpl.OzoneContainer (OzoneContainer.java:buildContainerSet(303)) - Build ContainerSet costs 0s
2023-03-29 20:39:08,352 [Listener at localhost/39195] WARN  server.ServerUtils (ServerUtils.java:getDefaultRatisDirectory(237)) - Storage directory for Ratis is not configured. It is a good idea to map this to an SSD disk. Falling back to ozone.metadata.dirs
2023-03-29 20:39:08,353 [Listener at localhost/39195] INFO  server.RaftServer (ConfUtils.java:logGet(46)) - raft.rpc.type = GRPC (default)
2023-03-29 20:39:08,353 [Listener at localhost/39195] INFO  grpc.GrpcConfigKeys (ConfUtils.java:logFallback(53)) - raft.grpc.admin.host = null (fallback to raft.grpc.server.host)
2023-03-29 20:39:08,353 [Listener at localhost/39195] INFO  grpc.GrpcConfigKeys (ConfUtils.java:logGet(46)) - raft.grpc.admin.port = 9858 (custom)
2023-03-29 20:39:08,353 [Listener at localhost/39195] INFO  grpc.GrpcConfigKeys (ConfUtils.java:logFallback(53)) - raft.grpc.client.host = null (fallback to raft.grpc.server.host)
2023-03-29 20:39:08,353 [Listener at localhost/39195] INFO  grpc.GrpcConfigKeys (ConfUtils.java:logGet(46)) - raft.grpc.client.port = 9858 (custom)
2023-03-29 20:39:08,353 [Listener at localhost/39195] INFO  grpc.GrpcConfigKeys (ConfUtils.java:logGet(46)) - raft.grpc.server.host = null (default)
2023-03-29 20:39:08,354 [Listener at localhost/39195] INFO  grpc.GrpcConfigKeys (ConfUtils.java:logGet(46)) - raft.grpc.server.port = 9858 (custom)
2023-03-29 20:39:08,354 [Listener at localhost/39195] INFO  server.GrpcService (ConfUtils.java:logGet(46)) - raft.grpc.message.size.max = 32MB (=33554432) (custom)
2023-03-29 20:39:08,354 [Listener at localhost/39195] INFO  server.RaftServerConfigKeys (ConfUtils.java:logGet(46)) - raft.server.log.appender.buffer.byte-limit = 33554432 (custom)
2023-03-29 20:39:08,354 [Listener at localhost/39195] INFO  server.GrpcService (ConfUtils.java:logGet(46)) - raft.grpc.flow.control.window = 5MB (=5242880) (custom)
2023-03-29 20:39:08,354 [Listener at localhost/39195] INFO  server.RaftServerConfigKeys (ConfUtils.java:logGet(46)) - raft.server.rpc.request.timeout = 60s (custom)
2023-03-29 20:39:08,354 [Listener at localhost/39195] INFO  grpc.GrpcConfigKeys (ConfUtils.java:logGet(46)) - raft.grpc.server.heartbeat.channel = true (default)
2023-03-29 20:39:08,354 [Listener at localhost/39195] INFO  grpc.GrpcConfigKeys (ConfUtils.java:logGet(46)) - raft.grpc.server.async.request.thread.pool.cached = true (default)
2023-03-29 20:39:08,354 [Listener at localhost/39195] INFO  grpc.GrpcConfigKeys (ConfUtils.java:logGet(46)) - raft.grpc.server.async.request.thread.pool.size = 32 (default)
2023-03-29 20:39:08,355 [Listener at localhost/39195] INFO  impl.DataStreamServerImpl (ConfUtils.java:logGet(46)) - raft.datastream.type = DISABLED (default)
2023-03-29 20:39:08,356 [Listener at localhost/39195] INFO  server.RaftServerConfigKeys (ConfUtils.java:logGet(46)) - raft.server.threadpool.proxy.cached = true (default)
2023-03-29 20:39:08,356 [Listener at localhost/39195] INFO  server.RaftServerConfigKeys (ConfUtils.java:logGet(46)) - raft.server.threadpool.proxy.size = 0 (default)
2023-03-29 20:39:08,356 [Listener at localhost/39195] INFO  server.RaftServerConfigKeys (ConfUtils.java:logGet(46)) - raft.server.rpc.slowness.timeout = 300s (custom)
2023-03-29 20:39:08,356 [Listener at localhost/39195] INFO  server.RaftServerConfigKeys (ConfUtils.java:logGet(46)) - raft.server.leaderelection.leader.step-down.wait-time = 10s (default)
2023-03-29 20:39:08,356 [Listener at localhost/39195] INFO  server.RaftServerConfigKeys (ConfUtils.java:logGet(46)) - raft.server.storage.dir = [/tmp/junit6261157287877745624/ratis] (custom)
[...]
2023-03-29 20:39:19,284 [Listener at localhost/36593] INFO  upgrade.ScmHAFinalizeUpgradeActionDatanode (ScmHAFinalizeUpgradeActionDatanode.java:execute(52)) - Upgrading Datanode volume layout for SCM HA support.
2023-03-29 20:39:19,284 [Listener at localhost/36593] ERROR upgrade.ScmHAFinalizeUpgradeActionDatanode (ScmHAFinalizeUpgradeActionDatanode.java:upgradeVolume(83)) - IO error for the volume /tmp/junit6399624798645471556/dd40544f-be2a-4b4b-aa8f-df23b035471e/hdds. Unable to process it for finalizing layout for SCM HAsupport. Formatting will be retried on datanode restart.
2023-03-29 20:39:19,285 [Listener at localhost/36593] INFO  volume.MutableVolumeSet (MutableVolumeSet.java:failVolume(384)) - Moving Volume : /tmp/junit6399624798645471556/dd40544f-be2a-4b4b-aa8f-df23b035471e/hdds to failed Volumes
2023-03-29 20:39:19,286 [Listener at localhost/36593] INFO  upgrade.AbstractLayoutVersionManager (AbstractLayoutVersionManager.java:finalized(127)) - Layout feature SCM_HA has been finalized.
2023-03-29 20:39:19,286 [Listener at localhost/36593] INFO  upgrade.UpgradeFinalizer (BasicUpgradeFinalizer.java:logAndEmit(389)) - No onFinalize work defined for feature: ERASURE_CODED_STORAGE_SUPPORT.
2023-03-29 20:39:19,287 [Listener at localhost/36593] INFO  upgrade.AbstractLayoutVersionManager (AbstractLayoutVersionManager.java:finalized(127)) - Layout feature ERASURE_CODED_STORAGE_SUPPORT has been finalized.
2023-03-29 20:39:19,287 [Listener at localhost/36593] INFO  upgrade.UpgradeFinalizer (BasicUpgradeFinalizer.java:runFinalizationAction(264)) - Running finalization actions for layout feature: DATANODE_SCHEMA_V3
2023-03-29 20:39:19,287 [Listener at localhost/36593] INFO  upgrade.DatanodeSchemaV3FinalizeAction (DatanodeSchemaV3FinalizeAction.java:execute(50)) - Upgrading Datanode volume layout for Schema V3 support.
2023-03-29 20:39:19,288 [Listener at localhost/36593] INFO  upgrade.AbstractLayoutVersionManager (AbstractLayoutVersionManager.java:finalized(127)) - Layout feature DATANODE_SCHEMA_V3 has been finalized.
2023-03-29 20:39:19,288 [Listener at localhost/36593] INFO  upgrade.AbstractLayoutVersionManager (AbstractLayoutVersionManager.java:finalized(129)) - Finalization is complete.
2023-03-29 20:39:19,288 [Listener at localhost/36593] INFO  upgrade.UpgradeFinalizer (BasicUpgradeFinalizer.java:logAndEmit(389)) - Finalization is done.
2023-03-29 20:39:19,289 [Listener at localhost/36593] WARN  keyvalue.KeyValueHandler (KeyValueHandler.java:checkContainerIsHealthy(763)) - ReadChunk request conID: 2033691083 locID: 1680122359275 bcsId: 0 for UNHEALTHY container 2033691083 replica
2023-03-29 20:39:19,290 [Listener at localhost/36593] INFO  ozoneimpl.OzoneContainer (OzoneContainer.java:stop(419)) - Attempting to stop container services.
2023-03-29 20:39:19,291 [Listener at localhost/36593] INFO  server.RaftServer (RaftServerProxy.java:lambda$close$6(409)) - 4bdb4f05-a228-4ed1-9676-4085400f15d3: close
2023-03-29 20:39:19,291 [Listener at localhost/36593] INFO  server.GrpcService (GrpcService.java:closeImpl(271)) - 4bdb4f05-a228-4ed1-9676-4085400f15d3: shutdown server GrpcServerProtocolService now
2023-03-29 20:39:19,293 [Listener at localhost/36593] INFO  server.GrpcService (GrpcService.java:closeImpl(280)) - 4bdb4f05-a228-4ed1-9676-4085400f15d3: shutdown server GrpcServerProtocolService successfully
2023-03-29 20:39:19,293 [JvmPauseMonitor14] INFO  util.JvmPauseMonitor (JvmPauseMonitor.java:run(111)) - JvmPauseMonitor-4bdb4f05-a228-4ed1-9676-4085400f15d3: Stopped
2023-03-29 20:39:21,304 [Listener at localhost/36593] INFO  utils.BackgroundService (BackgroundService.java:shutdown(141)) - Shutting down service BlockDeletingService
2023-03-29 20:39:21,304 [Listener at localhost/36593] INFO  utils.BackgroundService (BackgroundService.java:shutdown(141)) - Shutting down service StaleRecoveringContainerScrubbingService
2023-03-29 20:39:21,305 [Listener at localhost/36593] INFO  upgrade.AbstractLayoutVersionManager (AbstractLayoutVersionManager.java:init(83)) - Initializing Layout version manager with metadata layout = DATANODE_SCHEMA_V3 (version = 4), software layout = DATANODE_SCHEMA_V3 (version = 4)
2023-03-29 20:39:21,332 [Listener at localhost/36593] INFO  reflections.Reflections (Reflections.java:scan(232)) - Reflections took 26 ms to scan 4 urls, producing 125 keys and 293 values 
2023-03-29 20:39:21,334 [Listener at localhost/36593] INFO  statemachine.DatanodeStateMachine (DatanodeStateMachine.java:getEndPointTaskThreadPoolSize(260)) - Datanode State Machine Task Thread Pool size 2
2023-03-29 20:39:21,335 [Listener at localhost/36593] INFO  volume.HddsVolume (HddsVolume.java:<init>(130)) - Creating HddsVolume: /tmp/junit6399624798645471556/dd40544f-be2a-4b4b-aa8f-df23b035471e/hdds of storage type : DISK capacity : 9223372036854775807
2023-03-29 20:39:21,335 [Listener at localhost/36593] INFO  volume.MutableVolumeSet (MutableVolumeSet.java:initializeVolumeSet(175)) - Added Volume : /tmp/junit6399624798645471556/dd40544f-be2a-4b4b-aa8f-df23b035471e/hdds to VolumeSet
2023-03-29 20:39:21,335 [Listener at localhost/36593] INFO  volume.ThrottledAsyncChecker (ThrottledAsyncChecker.java:schedule(141)) - Scheduling a check for /tmp/junit6399624798645471556/dd40544f-be2a-4b4b-aa8f-df23b035471e/hdds
2023-03-29 20:39:21,337 [Listener at localhost/36593] INFO  volume.StorageVolumeChecker (StorageVolumeChecker.java:checkAllVolumes(202)) - Scheduled health check for volume /tmp/junit6399624798645471556/dd40544f-be2a-4b4b-aa8f-df23b035471e/hdds
2023-03-29 20:39:21,343 [Listener at localhost/36593] WARN  server.ServerUtils (ServerUtils.java:getDefaultRatisDirectory(237)) - Storage directory for Ratis is not configured. It is a good idea to map this to an SSD disk. Falling back to ozone.metadata.dirs
2023-03-29 20:39:21,343 [Listener at localhost/36593] INFO  volume.MutableVolumeSet (MutableVolumeSet.java:initializeVolumeSet(175)) - Added Volume : /tmp/junit6399624798645471556/ratis to VolumeSet
2023-03-29 20:39:21,343 [Listener at localhost/36593] INFO  volume.ThrottledAsyncChecker (ThrottledAsyncChecker.java:schedule(141)) - Scheduling a check for /tmp/junit6399624798645471556/ratis
2023-03-29 20:39:21,344 [Listener at localhost/36593] INFO  volume.StorageVolumeChecker (StorageVolumeChecker.java:checkAllVolumes(202)) - Scheduled health check for volume /tmp/junit6399624798645471556/ratis
2023-03-29 20:39:21,350 [Listener at localhost/36593] ERROR ozoneimpl.OzoneContainer (HddsVolumeUtil.java:loadAllHddsVolumeDbStore(96)) - Load db store for HddsVolume /tmp/junit6399624798645471556/dd40544f-be2a-4b4b-aa8f-df23b035471e/hdds failed
java.io.IOException: Db parent dir /tmp/junit6399624798645471556/dd40544f-be2a-4b4b-aa8f-df23b035471e/hdds/clusterID/DS-5aa98327-3984-4ec5-92d9-02c9911770f5 not found for HddsVolume: /tmp/junit6399624798645471556/dd40544f-be2a-4b4b-aa8f-df23b035471e/hdds
	at org.apache.hadoop.ozone.container.common.volume.HddsVolume.loadDbStore(HddsVolume.java:284)
	at org.apache.hadoop.ozone.container.common.utils.HddsVolumeUtil.loadAllHddsVolumeDbStore(HddsVolumeUtil.java:92)
	at org.apache.hadoop.ozone.container.ozoneimpl.OzoneContainer.<init>(OzoneContainer.java:154)
	at org.apache.hadoop.ozone.container.common.statemachine.DatanodeStateMachine.<init>(DatanodeStateMachine.java:173)
	at org.apache.hadoop.ozone.container.upgrade.TestDatanodeUpgradeToScmHA.restartDatanode(TestDatanodeUpgradeToScmHA.java:537)
	at org.apache.hadoop.ozone.container.upgrade.TestDatanodeUpgradeToScmHA.testFailedVolumeDuringFinalization(TestDatanodeUpgradeToScmHA.java:295)
	at sun.reflect.NativeMethodAccessorImpl.invoke0(Native Method)
	at sun.reflect.NativeMethodAccessorImpl.invoke(NativeMethodAccessorImpl.java:62)
	at sun.reflect.DelegatingMethodAccessorImpl.invoke(DelegatingMethodAccessorImpl.java:43)
	at java.lang.reflect.Method.invoke(Method.java:498)
	at org.junit.runners.model.FrameworkMethod$1.runReflectiveCall(FrameworkMethod.java:59)
	at org.junit.internal.runners.model.ReflectiveCallable.run(ReflectiveCallable.java:12)
	at org.junit.runners.model.FrameworkMethod.invokeExplosively(FrameworkMethod.java:56)
	at org.junit.internal.runners.statements.InvokeMethod.evaluate(InvokeMethod.java:17)
	at org.junit.internal.runners.statements.RunBefores.evaluate(RunBefores.java:26)
	at org.junit.internal.runners.statements.RunAfters.evaluate(RunAfters.java:27)
	at org.junit.runners.ParentRunner$3.evaluate(ParentRunner.java:306)
	at org.junit.runners.BlockJUnit4ClassRunner$1.evaluate(BlockJUnit4ClassRunner.java:100)
	at org.junit.runners.ParentRunner.runLeaf(ParentRunner.java:366)
	at org.junit.runners.BlockJUnit4ClassRunner.runChild(BlockJUnit4ClassRunner.java:103)
	at org.junit.runners.BlockJUnit4ClassRunner.runChild(BlockJUnit4ClassRunner.java:63)
	at org.junit.runners.ParentRunner$4.run(ParentRunner.java:331)
	at org.junit.runners.ParentRunner$1.schedule(ParentRunner.java:79)
	at org.junit.runners.ParentRunner.runChildren(ParentRunner.java:329)
	at org.junit.runners.ParentRunner.access$100(ParentRunner.java:66)
	at org.junit.runners.ParentRunner$2.evaluate(ParentRunner.java:293)
	at org.junit.runners.ParentRunner.run(ParentRunner.java:413)
	at org.junit.runners.Suite.runChild(Suite.java:128)
	at org.junit.runners.Suite.runChild(Suite.java:27)
	at org.junit.runners.ParentRunner$4.run(ParentRunner.java:331)
	at org.junit.runners.ParentRunner$1.schedule(ParentRunner.java:79)
	at org.junit.runners.ParentRunner.runChildren(ParentRunner.java:329)
	at org.junit.runners.ParentRunner.access$100(ParentRunner.java:66)
	at org.junit.runners.ParentRunner$2.evaluate(ParentRunner.java:293)
	at org.junit.runners.ParentRunner$3.evaluate(ParentRunner.java:306)
	at org.junit.runners.ParentRunner.run(ParentRunner.java:413)
	at org.junit.runner.JUnitCore.run(JUnitCore.java:137)
	at org.junit.runner.JUnitCore.run(JUnitCore.java:115)
	at org.junit.vintage.engine.execution.RunnerExecutor.execute(RunnerExecutor.java:42)
	at org.junit.vintage.engine.VintageTestEngine.executeAllChildren(VintageTestEngine.java:80)
	at org.junit.vintage.engine.VintageTestEngine.execute(VintageTestEngine.java:72)
	at org.junit.platform.launcher.core.EngineExecutionOrchestrator.execute(EngineExecutionOrchestrator.java:107)
	at org.junit.platform.launcher.core.EngineExecutionOrchestrator.execute(EngineExecutionOrchestrator.java:88)
	at org.junit.platform.launcher.core.EngineExecutionOrchestrator.lambda$execute$0(EngineExecutionOrchestrator.java:54)
	at org.junit.platform.launcher.core.EngineExecutionOrchestrator.withInterceptedStreams(EngineExecutionOrchestrator.java:67)
	at org.junit.platform.launcher.core.EngineExecutionOrchestrator.execute(EngineExecutionOrchestrator.java:52)
	at org.junit.platform.launcher.core.DefaultLauncher.execute(DefaultLauncher.java:114)
	at org.junit.platform.launcher.core.DefaultLauncher.execute(DefaultLauncher.java:86)
	at org.junit.platform.launcher.core.DefaultLauncherSession$DelegatingLauncher.execute(DefaultLauncherSession.java:86)
	at org.junit.platform.launcher.core.SessionPerRequestLauncher.execute(SessionPerRequestLauncher.java:53)
	at org.apache.maven.surefire.junitplatform.JUnitPlatformProvider.execute(JUnitPlatformProvider.java:188)
	at org.apache.maven.surefire.junitplatform.JUnitPlatformProvider.invokeAllTests(JUnitPlatformProvider.java:154)
	at org.apache.maven.surefire.junitplatform.JUnitPlatformProvider.invoke(JUnitPlatformProvider.java:124)
	at org.apache.maven.surefire.booter.ForkedBooter.runSuitesInProcess(ForkedBooter.java:428)
	at org.apache.maven.surefire.booter.ForkedBooter.execute(ForkedBooter.java:162)
	at org.apache.maven.surefire.booter.ForkedBooter.run(ForkedBooter.java:562)
	at org.apache.maven.surefire.booter.ForkedBooter.main(ForkedBooter.java:548)
2023-03-29 20:39:21,352 [Thread-250] INFO  ozoneimpl.ContainerReader (ContainerReader.java:readVolume(145)) - Start to verify containers on volume /tmp/junit6399624798645471556/dd40544f-be2a-4b4b-aa8f-df23b035471e/hdds
2023-03-29 20:39:21,359 [Thread-250] INFO  ozoneimpl.ContainerReader (ContainerReader.java:readVolume(175)) - Finish verifying containers on volume /tmp/junit6399624798645471556/dd40544f-be2a-4b4b-aa8f-df23b035471e/hdds
2023-03-29 20:39:21,359 [Listener at localhost/36593] INFO  ozoneimpl.OzoneContainer (OzoneContainer.java:buildContainerSet(303)) - Build ContainerSet costs 0s
2023-03-29 20:39:21,360 [Listener at localhost/36593] WARN  server.ServerUtils (ServerUtils.java:getDefaultRatisDirectory(237)) - Storage directory for Ratis is not configured. It is a good idea to map this to an SSD disk. Falling back to ozone.metadata.dirs
2023-03-29 20:39:21,362 [Listener at localhost/36593] INFO  server.RaftServer (ConfUtils.java:logGet(46)) - raft.rpc.type = GRPC (default)
2023-03-29 20:39:21,362 [Listener at localhost/36593] INFO  grpc.GrpcConfigKeys (ConfUtils.java:logFallback(53)) - raft.grpc.admin.host = null (fallback to raft.grpc.server.host)
2023-03-29 20:39:21,363 [Listener at localhost/36593] INFO  grpc.GrpcConfigKeys (ConfUtils.java:logGet(46)) - raft.grpc.admin.port = 9858 (custom)
2023-03-29 20:39:21,363 [Listener at localhost/36593] INFO  grpc.GrpcConfigKeys (ConfUtils.java:logFallback(53)) - raft.grpc.client.host = null (fallback to raft.grpc.server.host)
2023-03-29 20:39:21,363 [Listener at localhost/36593] INFO  grpc.GrpcConfigKeys (ConfUtils.java:logGet(46)) - raft.grpc.client.port = 9858 (custom)
2023-03-29 20:39:21,363 [Listener at localhost/36593] INFO  grpc.GrpcConfigKeys (ConfUtils.java:logGet(46)) - raft.grpc.server.host = null (default)
2023-03-29 20:39:21,363 [Listener at localhost/36593] INFO  grpc.GrpcConfigKeys (ConfUtils.java:logGet(46)) - raft.grpc.server.port = 9858 (custom)
2023-03-29 20:39:21,363 [Listener at localhost/36593] INFO  server.GrpcService (ConfUtils.java:logGet(46)) - raft.grpc.message.size.max = 32MB (=33554432) (custom)
2023-03-29 20:39:21,363 [Listener at localhost/36593] INFO  server.RaftServerConfigKeys (ConfUtils.java:logGet(46)) - raft.server.log.appender.buffer.byte-limit = 33554432 (custom)
2023-03-29 20:39:21,363 [Listener at localhost/36593] INFO  server.GrpcService (ConfUtils.java:logGet(46)) - raft.grpc.flow.control.window = 5MB (=5242880) (custom)
2023-03-29 20:39:21,363 [Listener at localhost/36593] INFO  server.RaftServerConfigKeys (ConfUtils.java:logGet(46)) - raft.server.rpc.request.timeout = 60s (custom)
2023-03-29 20:39:21,363 [Listener at localhost/36593] INFO  grpc.GrpcConfigKeys (ConfUtils.java:logGet(46)) - raft.grpc.server.heartbeat.channel = true (default)
2023-03-29 20:39:21,364 [Listener at localhost/36593] INFO  grpc.GrpcConfigKeys (ConfUtils.java:logGet(46)) - raft.grpc.server.async.request.thread.pool.cached = true (default)
2023-03-29 20:39:21,364 [Listener at localhost/36593] INFO  grpc.GrpcConfigKeys (ConfUtils.java:logGet(46)) - raft.grpc.server.async.request.thread.pool.size = 32 (default)
2023-03-29 20:39:21,365 [Listener at localhost/36593] INFO  impl.DataStreamServerImpl (ConfUtils.java:logGet(46)) - raft.datastream.type = DISABLED (default)
2023-03-29 20:39:21,368 [Listener at localhost/36593] INFO  server.RaftServerConfigKeys (ConfUtils.java:logGet(46)) - raft.server.threadpool.proxy.cached = true (default)
2023-03-29 20:39:21,368 [Listener at localhost/36593] INFO  server.RaftServerConfigKeys (ConfUtils.java:logGet(46)) - raft.server.threadpool.proxy.size = 0 (default)
2023-03-29 20:39:21,369 [Listener at localhost/36593] INFO  server.RaftServerConfigKeys (ConfUtils.java:logGet(46)) - raft.server.rpc.slowness.timeout = 300s (custom)
2023-03-29 20:39:21,369 [Listener at localhost/36593] INFO  server.RaftServerConfigKeys (ConfUtils.java:logGet(46)) - raft.server.leaderelection.leader.step-down.wait-time = 10s (default)
2023-03-29 20:39:21,369 [Listener at localhost/36593] INFO  server.RaftServerConfigKeys (ConfUtils.java:logGet(46)) - raft.server.storage.dir = [/tmp/junit6399624798645471556/ratis] (custom)
2023-03-29 20:39:21,371 [Listener at localhost/36593] INFO  server.XceiverServerGrpc (XceiverServerGrpc.java:<init>(132)) - GrpcServer channel type EpollServerSocketChannel
2023-03-29 20:39:21,384 [Listener at localhost/36593] INFO  ozoneimpl.OzoneContainer (OzoneContainer.java:start(397)) - Attempting to start container services.
2023-03-29 20:39:21,385 [Listener at localhost/36593] INFO  ozoneimpl.OzoneContainer (OzoneContainer.java:startContainerScrub(314)) - Scheduled background container scanners and the on-demand container scanner have been disabled.
2023-03-29 20:39:21,386 [Listener at localhost/36593] INFO  replication.ReplicationServer (ReplicationServer.java:start(109)) - ReplicationServer is started using port 9886
2023-03-29 20:39:21,386 [Listener at localhost/36593] INFO  ratis.XceiverServerRatis (XceiverServerRatis.java:start(517)) - Starting XceiverServerRatis 4bdb4f05-a228-4ed1-9676-4085400f15d3
2023-03-29 20:39:21,408 [Listener at localhost/36593] INFO  server.RaftServer (RaftServerProxy.java:startImpl(393)) - 4bdb4f05-a228-4ed1-9676-4085400f15d3: start RPC server
2023-03-29 20:39:21,413 [Listener at localhost/36593] INFO  server.GrpcService (GrpcService.java:startImpl(262)) - 4bdb4f05-a228-4ed1-9676-4085400f15d3: GrpcService started, listening on 9858
2023-03-29 20:39:21,414 [Listener at localhost/36593] INFO  ratis.XceiverServerRatis (XceiverServerRatis.java:getRealPort(543)) - XceiverServerRatis 4bdb4f05-a228-4ed1-9676-4085400f15d3 is started using port 9858 for RATIS
2023-03-29 20:39:21,414 [Listener at localhost/36593] INFO  ratis.XceiverServerRatis (XceiverServerRatis.java:getRealPort(543)) - XceiverServerRatis 4bdb4f05-a228-4ed1-9676-4085400f15d3 is started using port 9858 for RATIS_ADMIN
2023-03-29 20:39:21,414 [Listener at localhost/36593] INFO  ratis.XceiverServerRatis (XceiverServerRatis.java:getRealPort(543)) - XceiverServerRatis 4bdb4f05-a228-4ed1-9676-4085400f15d3 is started using port 9858 for RATIS_SERVER
2023-03-29 20:39:21,414 [JvmPauseMonitor15] INFO  util.JvmPauseMonitor (JvmPauseMonitor.java:run(105)) - JvmPauseMonitor-4bdb4f05-a228-4ed1-9676-4085400f15d3: Started
2023-03-29 20:39:21,429 [BlockDeletingService#0] INFO  interfaces.ContainerDeletionChoosingPolicyTemplate (ContainerDeletionChoosingPolicyTemplate.java:chooseContainerForBlockDeletion(83)) - Chosen 0/5000 blocks from 0 candidate containers.
2023-03-29 20:39:21,456 [Listener at localhost/36593] INFO  ipc.Server (Server.java:stop(3428)) - Stopping server on 36593
2023-03-29 20:39:21,457 [IPC Server listener on 36593] INFO  ipc.Server (Server.java:run(1384)) - Stopping IPC Server listener on 36593
2023-03-29 20:39:21,461 [IPC Server Responder] INFO  ipc.Server (Server.java:run(1517)) - Stopping IPC Server Responder
2023-03-29 20:39:21,461 [Listener at localhost/36593] INFO  ozoneimpl.OzoneContainer (OzoneContainer.java:stop(419)) - Attempting to stop container services.
2023-03-29 20:39:21,462 [Listener at localhost/36593] INFO  server.RaftServer (RaftServerProxy.java:lambda$close$6(409)) - 4bdb4f05-a228-4ed1-9676-4085400f15d3: close
2023-03-29 20:39:21,462 [Listener at localhost/36593] INFO  server.GrpcService (GrpcService.java:closeImpl(271)) - 4bdb4f05-a228-4ed1-9676-4085400f15d3: shutdown server GrpcServerProtocolService now
2023-03-29 20:39:21,462 [Listener at localhost/36593] INFO  server.GrpcService (GrpcService.java:closeImpl(280)) - 4bdb4f05-a228-4ed1-9676-4085400f15d3: shutdown server GrpcServerProtocolService successfully
2023-03-29 20:39:21,463 [JvmPauseMonitor15] INFO  util.JvmPauseMonitor (JvmPauseMonitor.java:run(111)) - JvmPauseMonitor-4bdb4f05-a228-4ed1-9676-4085400f15d3: Stopped
2023-03-29 20:39:23,470 [Listener at localhost/36593] INFO  utils.BackgroundService (BackgroundService.java:shutdown(141)) - Shutting down service BlockDeletingService
2023-03-29 20:39:23,470 [Listener at localhost/36593] INFO  utils.BackgroundService (BackgroundService.java:shutdown(141)) - Shutting down service StaleRecoveringContainerScrubbingService
]]></system-out>
  </testcase>
</testsuite>