-------------------------------------------------------------------------------
Test set: org.apache.hadoop.ozone.client.rpc.TestBlockDataStreamOutput
-------------------------------------------------------------------------------
Tests run: 8, Failures: 1, Errors: 0, Skipped: 0, Time elapsed: 40.632 s <<< FAILURE! - in org.apache.hadoop.ozone.client.rpc.TestBlockDataStreamOutput
org.apache.hadoop.ozone.client.rpc.TestBlockDataStreamOutput.testMultiBlockWrite  Time elapsed: 3.336 s  <<< FAILURE!
org.opentest4j.AssertionFailedError: expected: <0> but was: <1>
	at org.junit.jupiter.api.AssertionFailureBuilder.build(AssertionFailureBuilder.java:151)
	at org.junit.jupiter.api.AssertionFailureBuilder.buildAndThrow(AssertionFailureBuilder.java:132)
	at org.junit.jupiter.api.AssertEquals.failNotEqual(AssertEquals.java:197)
	at org.junit.jupiter.api.AssertEquals.assertEquals(AssertEquals.java:166)
	at org.junit.jupiter.api.AssertEquals.assertEquals(AssertEquals.java:161)
	at org.junit.jupiter.api.Assertions.assertEquals(Assertions.java:632)
	at org.apache.hadoop.ozone.client.rpc.TestBlockDataStreamOutput.testWriteWithFailure(TestBlockDataStreamOutput.java:208)
	at org.apache.hadoop.ozone.client.rpc.TestBlockDataStreamOutput.testMultiBlockWrite(TestBlockDataStreamOutput.java:157)
	at java.base/java.lang.reflect.Method.invoke(Method.java:580)
	at java.base/java.util.ArrayList.forEach(ArrayList.java:1596)
	at java.base/java.util.ArrayList.forEach(ArrayList.java:1596)

