-------------------------------------------------------------------------------
Test set: org.apache.hadoop.hdds.upgrade.TestHDDSUpgrade
-------------------------------------------------------------------------------
Tests run: 13, Failures: 1, Errors: 0, Skipped: 4, Time elapsed: 486.786 s <<< FAILURE! - in org.apache.hadoop.hdds.upgrade.TestHDDSUpgrade
testScmFailuresAfterScmPreFinalizeUpgrade  Time elapsed: 72.034 s  <<< FAILURE!
java.lang.AssertionError: Timeout waiting for Upgrade to complete on SCM.
	at org.junit.Assert.fail(Assert.java:89)
	at org.apache.hadoop.hdds.upgrade.TestHDDSUpgrade.testPostUpgradeConditionsSCM(TestHDDSUpgrade.java:250)
	at org.apache.hadoop.hdds.upgrade.TestHDDSUpgrade.testFinalizationWithFailureInjectionHelper(TestHDDSUpgrade.java:1067)
	at org.apache.hadoop.hdds.upgrade.TestHDDSUpgrade.testScmFailuresAfterScmPreFinalizeUpgrade(TestHDDSUpgrade.java:694)
	at sun.reflect.NativeMethodAccessorImpl.invoke0(Native Method)
	at sun.reflect.NativeMethodAccessorImpl.invoke(NativeMethodAccessorImpl.java:62)
	at sun.reflect.DelegatingMethodAccessorImpl.invoke(DelegatingMethodAccessorImpl.java:43)
	at java.lang.reflect.Method.invoke(Method.java:498)
	at org.junit.runners.model.FrameworkMethod$1.runReflectiveCall(FrameworkMethod.java:59)
	at org.junit.internal.runners.model.ReflectiveCallable.run(ReflectiveCallable.java:12)
	at org.junit.runners.model.FrameworkMethod.invokeExplosively(FrameworkMethod.java:56)
	at org.junit.internal.runners.statements.InvokeMethod.evaluate(InvokeMethod.java:17)
	at org.junit.internal.runners.statements.RunBefores.evaluate(RunBefores.java:26)
	at org.junit.internal.runners.statements.RunAfters.evaluate(RunAfters.java:27)
	at org.junit.internal.runners.statements.FailOnTimeout$CallableStatement.call(FailOnTimeout.java:288)
	at org.junit.internal.runners.statements.FailOnTimeout$CallableStatement.call(FailOnTimeout.java:282)
	at java.util.concurrent.FutureTask.run(FutureTask.java:266)
	at java.lang.Thread.run(Thread.java:748)

