# JRE version: OpenJDK Runtime Environment (8.0_322-b06) (build 1.8.0_322-b06)
# Java VM: OpenJDK 64-Bit Server VM (25.322-b06 mixed mode linux-amd64 compressed oops)
Heap:
 PSYoungGen      total 425984K, used 89645K [0x00000000d5580000, 0x00000000f8d80000, 0x0000000100000000)
  eden space 393216K, 18% used [0x00000000d5580000,0x00000000d9c11718,0x00000000ed580000)
  from space 32768K, 53% used [0x00000000ed580000,0x00000000ee679f48,0x00000000ef580000)
  to   space 32256K, 0% used [0x00000000f6e00000,0x00000000f6e00000,0x00000000f8d80000)
 ParOldGen       total 156160K, used 71083K [0x0000000080000000, 0x0000000089880000, 0x00000000d5580000)
  object space 156160K, 45% used [0x0000000080000000,0x000000008456ac50,0x0000000089880000)
 Metaspace       used 72547K, capacity 76394K, committed 76632K, reserved 1116160K
  class space    used 8568K, capacity 9208K, committed 9304K, reserved 1048576K
GC Heap History (10 events):
Event: 17.132 GC heap before
{Heap before GC invocations=14 (full 2):
 PSYoungGen      total 234496K, used 234479K [0x00000000d5580000, 0x00000000e9e00000, 0x0000000100000000)
  eden space 221696K, 100% used [0x00000000d5580000,0x00000000e2e00000,0x00000000e2e00000)
  from space 12800K, 99% used [0x00000000e2e00000,0x00000000e3a7bf50,0x00000000e3a80000)
  to   space 18944K, 0% used [0x00000000e8b80000,0x00000000e8b80000,0x00000000e9e00000)
 ParOldGen       total 80896K, used 32298K [0x0000000080000000, 0x0000000084f00000, 0x00000000d5580000)
  object space 80896K, 39% used [0x0000000080000000,0x0000000081f8ab00,0x0000000084f00000)
 Metaspace       used 55411K, capacity 58092K, committed 58456K, reserved 1099776K
  class space    used 6709K, capacity 7173K, committed 7256K, reserved 1048576K
Event: 17.144 GC heap after
Heap after GC invocations=14 (full 2):
 PSYoungGen      total 302080K, used 10969K [0x00000000d5580000, 0x00000000e9680000, 0x0000000100000000)
  eden space 290816K, 0% used [0x00000000d5580000,0x00000000d5580000,0x00000000e7180000)
  from space 11264K, 97% used [0x00000000e8b80000,0x00000000e96366f0,0x00000000e9680000)
  to   space 18944K, 0% used [0x00000000e7180000,0x00000000e7180000,0x00000000e8400000)
 ParOldGen       total 80896K, used 34249K [0x0000000080000000, 0x0000000084f00000, 0x00000000d5580000)
  object space 80896K, 42% used [0x0000000080000000,0x00000000821727b0,0x0000000084f00000)
 Metaspace       used 55411K, capacity 58092K, committed 58456K, reserved 1099776K
  class space    used 6709K, capacity 7173K, committed 7256K, reserved 1048576K
}
Event: 17.706 GC heap before
{Heap before GC invocations=15 (full 2):
 PSYoungGen      total 302080K, used 296541K [0x00000000d5580000, 0x00000000e9680000, 0x0000000100000000)
  eden space 290816K, 98% used [0x00000000d5580000,0x00000000e6c60e40,0x00000000e7180000)
  from space 11264K, 97% used [0x00000000e8b80000,0x00000000e96366f0,0x00000000e9680000)
  to   space 18944K, 0% used [0x00000000e7180000,0x00000000e7180000,0x00000000e8400000)
 ParOldGen       total 80896K, used 34249K [0x0000000080000000, 0x0000000084f00000, 0x00000000d5580000)
  object space 80896K, 42% used [0x0000000080000000,0x00000000821727b0,0x0000000084f00000)
 Metaspace       used 56001K, capacity 58644K, committed 58968K, reserved 1101824K
  class space    used 6756K, capacity 7205K, committed 7256K, reserved 1048576K
Event: 17.737 GC heap after
Heap after GC invocations=15 (full 2):
 PSYoungGen      total 309760K, used 18941K [0x00000000d5580000, 0x00000000f2080000, 0x0000000100000000)
  eden space 290816K, 0% used [0x00000000d5580000,0x00000000d5580000,0x00000000e7180000)
  from space 18944K, 99% used [0x00000000e7180000,0x00000000e83ff438,0x00000000e8400000)
  to   space 33792K, 0% used [0x00000000eff80000,0x00000000eff80000,0x00000000f2080000)
 ParOldGen       total 80896K, used 67462K [0x0000000080000000, 0x0000000084f00000, 0x00000000d5580000)
  object space 80896K, 83% used [0x0000000080000000,0x00000000841e1b88,0x0000000084f00000)
 Metaspace       used 56001K, capacity 58644K, committed 58968K, reserved 1101824K
  class space    used 6756K, capacity 7205K, committed 7256K, reserved 1048576K
}
Event: 17.737 GC heap before
{Heap before GC invocations=16 (full 3):
 PSYoungGen      total 309760K, used 18941K [0x00000000d5580000, 0x00000000f2080000, 0x0000000100000000)
  eden space 290816K, 0% used [0x00000000d5580000,0x00000000d5580000,0x00000000e7180000)
  from space 18944K, 99% used [0x00000000e7180000,0x00000000e83ff438,0x00000000e8400000)
  to   space 33792K, 0% used [0x00000000eff80000,0x00000000eff80000,0x00000000f2080000)
 ParOldGen       total 80896K, used 67462K [0x0000000080000000, 0x0000000084f00000, 0x00000000d5580000)
  object space 80896K, 83% used [0x0000000080000000,0x00000000841e1b88,0x0000000084f00000)
 Metaspace       used 56001K, capacity 58644K, committed 58968K, reserved 1101824K
  class space    used 6756K, capacity 7205K, committed 7256K, reserved 1048576K
Event: 17.858 GC heap after
Heap after GC invocations=16 (full 3):
 PSYoungGen      total 309760K, used 0K [0x00000000d5580000, 0x00000000f2080000, 0x0000000100000000)
  eden space 290816K, 0% used [0x00000000d5580000,0x00000000d5580000,0x00000000e7180000)
  from space 18944K, 0% used [0x00000000e7180000,0x00000000e7180000,0x00000000e8400000)
  to   space 33792K, 0% used [0x00000000eff80000,0x00000000eff80000,0x00000000f2080000)
 ParOldGen       total 156160K, used 67198K [0x0000000080000000, 0x0000000089880000, 0x00000000d5580000)
  object space 156160K, 43% used [0x0000000080000000,0x000000008419f898,0x0000000089880000)
 Metaspace       used 56001K, capacity 58644K, committed 58968K, reserved 1101824K
  class space    used 6756K, capacity 7205K, committed 7256K, reserved 1048576K
}
Event: 19.294 GC heap before
{Heap before GC invocations=17 (full 3):
 PSYoungGen      total 309760K, used 290816K [0x00000000d5580000, 0x00000000f2080000, 0x0000000100000000)
  eden space 290816K, 100% used [0x00000000d5580000,0x00000000e7180000,0x00000000e7180000)
  from space 18944K, 0% used [0x00000000e7180000,0x00000000e7180000,0x00000000e8400000)
  to   space 33792K, 0% used [0x00000000eff80000,0x00000000eff80000,0x00000000f2080000)
 ParOldGen       total 156160K, used 67198K [0x0000000080000000, 0x0000000089880000, 0x00000000d5580000)
  object space 156160K, 43% used [0x0000000080000000,0x000000008419f898,0x0000000089880000)
 Metaspace       used 61792K, capacity 64638K, committed 64984K, reserved 1105920K
  class space    used 7318K, capacity 7802K, committed 7896K, reserved 1048576K
Event: 19.309 GC heap after
Heap after GC invocations=17 (full 3):
 PSYoungGen      total 415744K, used 15558K [0x00000000d5580000, 0x00000000f1580000, 0x0000000100000000)
  eden space 393216K, 0% used [0x00000000d5580000,0x00000000d5580000,0x00000000ed580000)
  from space 22528K, 69% used [0x00000000eff80000,0x00000000f0eb1b48,0x00000000f1580000)
  to   space 32768K, 0% used [0x00000000ed580000,0x00000000ed580000,0x00000000ef580000)
 ParOldGen       total 156160K, used 67206K [0x0000000080000000, 0x0000000089880000, 0x00000000d5580000)
  object space 156160K, 43% used [0x0000000080000000,0x00000000841a1898,0x0000000089880000)
 Metaspace       used 61792K, capacity 64638K, committed 64984K, reserved 1105920K
  class space    used 7318K, capacity 7802K, committed 7896K, reserved 1048576K
}
Event: 31.239 GC heap before
{Heap before GC invocations=18 (full 3):
 PSYoungGen      total 415744K, used 408774K [0x00000000d5580000, 0x00000000f1580000, 0x0000000100000000)
  eden space 393216K, 100% used [0x00000000d5580000,0x00000000ed580000,0x00000000ed580000)
  from space 22528K, 69% used [0x00000000eff80000,0x00000000f0eb1b48,0x00000000f1580000)
  to   space 32768K, 0% used [0x00000000ed580000,0x00000000ed580000,0x00000000ef580000)
 ParOldGen       total 156160K, used 67206K [0x0000000080000000, 0x0000000089880000, 0x00000000d5580000)
  object space 156160K, 43% used [0x0000000080000000,0x00000000841a1898,0x0000000089880000)
 Metaspace       used 70710K, capacity 74216K, committed 74328K, reserved 1114112K
  class space    used 8380K, capacity 8959K, committed 9048K, reserved 1048576K
Event: 31.268 GC heap after
Heap after GC invocations=18 (full 3):
 PSYoungGen      total 425984K, used 17383K [0x00000000d5580000, 0x00000000f8d80000, 0x0000000100000000)
  eden space 393216K, 0% used [0x00000000d5580000,0x00000000d5580000,0x00000000ed580000)
  from space 32768K, 53% used [0x00000000ed580000,0x00000000ee679f48,0x00000000ef580000)
  to   space 32256K, 0% used [0x00000000f6e00000,0x00000000f6e00000,0x00000000f8d80000)
 ParOldGen       total 156160K, used 71083K [0x0000000080000000, 0x0000000089880000, 0x00000000d5580000)
  object space 156160K, 45% used [0x0000000080000000,0x000000008456ac50,0x0000000089880000)
 Metaspace       used 70710K, capacity 74216K, committed 74328K, reserved 1114112K
  class space    used 8380K, capacity 8959K, committed 9048K, reserved 1048576K
}

