# JRE version: OpenJDK Runtime Environment (8.0_332-b09) (build 1.8.0_332-b09)
# Java VM: OpenJDK 64-Bit Server VM (25.332-b09 mixed mode linux-amd64 compressed oops)
Heap:
 PSYoungGen      total 583680K, used 138387K [0x00000000d5580000, 0x00000000fc280000, 0x0000000100000000)
  eden space 562176K, 21% used [0x00000000d5580000,0x00000000dcc61990,0x00000000f7a80000)
  from space 21504K, 77% used [0x00000000fad80000,0x00000000fbdc3490,0x00000000fc280000)
  to   space 36864K, 0% used [0x00000000f7a80000,0x00000000f7a80000,0x00000000f9e80000)
 ParOldGen       total 91648K, used 53456K [0x0000000080000000, 0x0000000085980000, 0x00000000d5580000)
  object space 91648K, 58% used [0x0000000080000000,0x00000000834341b8,0x0000000085980000)
 Metaspace       used 74899K, capacity 78988K, committed 79192K, reserved 1118208K
  class space    used 8833K, capacity 9527K, committed 9560K, reserved 1048576K
GC Heap History (10 events):
Event: 16.369 GC heap before
{Heap before GC invocations=15 (full 2):
 PSYoungGen      total 324096K, used 41312K [0x00000000d5580000, 0x00000000eaa80000, 0x0000000100000000)
  eden space 310272K, 8% used [0x00000000d5580000,0x00000000d7059198,0x00000000e8480000)
  from space 13824K, 99% used [0x00000000e9980000,0x00000000ea6ff228,0x00000000ea700000)
  to   space 19456K, 0% used [0x00000000e8480000,0x00000000e8480000,0x00000000e9780000)
 ParOldGen       total 74240K, used 33396K [0x0000000080000000, 0x0000000084880000, 0x00000000d5580000)
  object space 74240K, 44% used [0x0000000080000000,0x000000008209d298,0x0000000084880000)
 Metaspace       used 55891K, capacity 58694K, committed 59028K, reserved 1101824K
  class space    used 6793K, capacity 7294K, committed 7384K, reserved 1048576K
Event: 16.373 GC heap after
Heap after GC invocations=15 (full 2):
 PSYoungGen      total 329728K, used 800K [0x00000000d5580000, 0x00000000f2000000, 0x0000000100000000)
  eden space 310272K, 0% used [0x00000000d5580000,0x00000000d5580000,0x00000000e8480000)
  from space 19456K, 4% used [0x00000000e8480000,0x00000000e85481f0,0x00000000e9780000)
  to   space 19456K, 0% used [0x00000000f0d00000,0x00000000f0d00000,0x00000000f2000000)
 ParOldGen       total 74240K, used 34813K [0x0000000080000000, 0x0000000084880000, 0x00000000d5580000)
  object space 74240K, 46% used [0x0000000080000000,0x00000000821ff488,0x0000000084880000)
 Metaspace       used 55891K, capacity 58694K, committed 59028K, reserved 1101824K
  class space    used 6793K, capacity 7294K, committed 7384K, reserved 1048576K
}
Event: 16.373 GC heap before
{Heap before GC invocations=16 (full 3):
 PSYoungGen      total 329728K, used 800K [0x00000000d5580000, 0x00000000f2000000, 0x0000000100000000)
  eden space 310272K, 0% used [0x00000000d5580000,0x00000000d5580000,0x00000000e8480000)
  from space 19456K, 4% used [0x00000000e8480000,0x00000000e85481f0,0x00000000e9780000)
  to   space 19456K, 0% used [0x00000000f0d00000,0x00000000f0d00000,0x00000000f2000000)
 ParOldGen       total 74240K, used 34813K [0x0000000080000000, 0x0000000084880000, 0x00000000d5580000)
  object space 74240K, 46% used [0x0000000080000000,0x00000000821ff488,0x0000000084880000)
 Metaspace       used 55891K, capacity 58694K, committed 59028K, reserved 1101824K
  class space    used 6793K, capacity 7294K, committed 7384K, reserved 1048576K
Event: 16.478 GC heap after
Heap after GC invocations=16 (full 3):
 PSYoungGen      total 329728K, used 0K [0x00000000d5580000, 0x00000000f2000000, 0x0000000100000000)
  eden space 310272K, 0% used [0x00000000d5580000,0x00000000d5580000,0x00000000e8480000)
  from space 19456K, 0% used [0x00000000e8480000,0x00000000e8480000,0x00000000e9780000)
  to   space 19456K, 0% used [0x00000000f0d00000,0x00000000f0d00000,0x00000000f2000000)
 ParOldGen       total 91648K, used 19126K [0x0000000080000000, 0x0000000085980000, 0x00000000d5580000)
  object space 91648K, 20% used [0x0000000080000000,0x00000000812ada08,0x0000000085980000)
 Metaspace       used 55891K, capacity 58694K, committed 59028K, reserved 1101824K
  class space    used 6793K, capacity 7294K, committed 7384K, reserved 1048576K
}
Event: 17.025 GC heap before
{Heap before GC invocations=17 (full 3):
 PSYoungGen      total 329728K, used 310272K [0x00000000d5580000, 0x00000000f2000000, 0x0000000100000000)
  eden space 310272K, 100% used [0x00000000d5580000,0x00000000e8480000,0x00000000e8480000)
  from space 19456K, 0% used [0x00000000e8480000,0x00000000e8480000,0x00000000e9780000)
  to   space 19456K, 0% used [0x00000000f0d00000,0x00000000f0d00000,0x00000000f2000000)
 ParOldGen       total 91648K, used 19126K [0x0000000080000000, 0x0000000085980000, 0x00000000d5580000)
  object space 91648K, 20% used [0x0000000080000000,0x00000000812ada08,0x0000000085980000)
 Metaspace       used 57151K, capacity 60068K, committed 60436K, reserved 1101824K
  class space    used 6884K, capacity 7401K, committed 7512K, reserved 1048576K
Event: 17.053 GC heap after
Heap after GC invocations=17 (full 3):
 PSYoungGen      total 435712K, used 19426K [0x00000000d5580000, 0x00000000f4180000, 0x0000000100000000)
  eden space 416256K, 0% used [0x00000000d5580000,0x00000000d5580000,0x00000000eec00000)
  from space 19456K, 99% used [0x00000000f0d00000,0x00000000f1ff8858,0x00000000f2000000)
  to   space 33792K, 0% used [0x00000000eec00000,0x00000000eec00000,0x00000000f0d00000)
 ParOldGen       total 91648K, used 49005K [0x0000000080000000, 0x0000000085980000, 0x00000000d5580000)
  object space 91648K, 53% used [0x0000000080000000,0x0000000082fdb758,0x0000000085980000)
 Metaspace       used 57151K, capacity 60068K, committed 60436K, reserved 1101824K
  class space    used 6884K, capacity 7401K, committed 7512K, reserved 1048576K
}
Event: 18.554 GC heap before
{Heap before GC invocations=18 (full 3):
 PSYoungGen      total 435712K, used 435682K [0x00000000d5580000, 0x00000000f4180000, 0x0000000100000000)
  eden space 416256K, 100% used [0x00000000d5580000,0x00000000eec00000,0x00000000eec00000)
  from space 19456K, 99% used [0x00000000f0d00000,0x00000000f1ff8858,0x00000000f2000000)
  to   space 33792K, 0% used [0x00000000eec00000,0x00000000eec00000,0x00000000f0d00000)
 ParOldGen       total 91648K, used 49005K [0x0000000080000000, 0x0000000085980000, 0x00000000d5580000)
  object space 91648K, 53% used [0x0000000080000000,0x0000000082fdb758,0x0000000085980000)
 Metaspace       used 63549K, capacity 66592K, committed 66904K, reserved 1107968K
  class space    used 7487K, capacity 8001K, committed 8024K, reserved 1048576K
Event: 18.574 GC heap after
Heap after GC invocations=18 (full 3):
 PSYoungGen      total 450048K, used 28991K [0x00000000d5580000, 0x00000000fd280000, 0x0000000100000000)
  eden space 416256K, 0% used [0x00000000d5580000,0x00000000d5580000,0x00000000eec00000)
  from space 33792K, 85% used [0x00000000eec00000,0x00000000f084fdb0,0x00000000f0d00000)
  to   space 37888K, 0% used [0x00000000fad80000,0x00000000fad80000,0x00000000fd280000)
 ParOldGen       total 91648K, used 49475K [0x0000000080000000, 0x0000000085980000, 0x00000000d5580000)
  object space 91648K, 53% used [0x0000000080000000,0x0000000083050fc0,0x0000000085980000)
 Metaspace       used 63549K, capacity 66592K, committed 66904K, reserved 1107968K
  class space    used 7487K, capacity 8001K, committed 8024K, reserved 1048576K
}
Event: 25.847 GC heap before
{Heap before GC invocations=19 (full 3):
 PSYoungGen      total 450048K, used 445247K [0x00000000d5580000, 0x00000000fd280000, 0x0000000100000000)
  eden space 416256K, 100% used [0x00000000d5580000,0x00000000eec00000,0x00000000eec00000)
  from space 33792K, 85% used [0x00000000eec00000,0x00000000f084fdb0,0x00000000f0d00000)
  to   space 37888K, 0% used [0x00000000fad80000,0x00000000fad80000,0x00000000fd280000)
 ParOldGen       total 91648K, used 49475K [0x0000000080000000, 0x0000000085980000, 0x00000000d5580000)
  object space 91648K, 53% used [0x0000000080000000,0x0000000083050fc0,0x0000000085980000)
 Metaspace       used 72191K, capacity 75780K, committed 75992K, reserved 1116160K
  class space    used 8516K, capacity 9109K, committed 9176K, reserved 1048576K
Event: 25.871 GC heap after
Heap after GC invocations=19 (full 3):
 PSYoungGen      total 583680K, used 16653K [0x00000000d5580000, 0x00000000fc280000, 0x0000000100000000)
  eden space 562176K, 0% used [0x00000000d5580000,0x00000000d5580000,0x00000000f7a80000)
  from space 21504K, 77% used [0x00000000fad80000,0x00000000fbdc3490,0x00000000fc280000)
  to   space 36864K, 0% used [0x00000000f7a80000,0x00000000f7a80000,0x00000000f9e80000)
 ParOldGen       total 91648K, used 53456K [0x0000000080000000, 0x0000000085980000, 0x00000000d5580000)
  object space 91648K, 58% used [0x0000000080000000,0x00000000834341b8,0x0000000085980000)
 Metaspace       used 72191K, capacity 75780K, committed 75992K, reserved 1116160K
  class space    used 8516K, capacity 9109K, committed 9176K, reserved 1048576K
}

