<?xml version="1.0" encoding="UTF-8"?>
<testsuite xmlns:xsi="http://www.w3.org/2001/XMLSchema-instance" xsi:noNamespaceSchemaLocation="https://maven.apache.org/surefire/maven-surefire-plugin/xsd/surefire-test-report-3.0.xsd" version="3.0" name="org.apache.hadoop.ozone.scm.node.TestDecommissionAndMaintenance" time="675.437" tests="8" errors="6" skipped="0" failures="0">
  <properties>
[...]
</properties>
  <testcase name="testNodeWithOpenPipelineCanBeDecommissionedAndRecommissioned" classname="org.apache.hadoop.ozone.scm.node.TestDecommissionAndMaintenance" time="54.343"/>
  <testcase name="testContainerIsReplicatedWhenAllNodesGotoMaintenance" classname="org.apache.hadoop.ozone.scm.node.TestDecommissionAndMaintenance" time="20.442"/>
  <testcase name="testMaintenanceEndsAutomaticallyAtTimeout" classname="org.apache.hadoop.ozone.scm.node.TestDecommissionAndMaintenance" time="100.003">
    <error type="java.io.IOException"><![CDATA[java.io.IOException: Failed to obtain available cluster in time
	at org.apache.hadoop.ozone.MiniOzoneClusterProvider.provide(MiniOzoneClusterProvider.java:162)
	at org.apache.hadoop.ozone.scm.node.TestDecommissionAndMaintenance.setUp(TestDecommissionAndMaintenance.java:145)
	at sun.reflect.NativeMethodAccessorImpl.invoke0(Native Method)
	at sun.reflect.NativeMethodAccessorImpl.invoke(NativeMethodAccessorImpl.java:62)
	at sun.reflect.DelegatingMethodAccessorImpl.invoke(DelegatingMethodAccessorImpl.java:43)
	at java.lang.reflect.Method.invoke(Method.java:498)
	at org.junit.platform.commons.util.ReflectionUtils.invokeMethod(ReflectionUtils.java:725)
	at org.junit.jupiter.engine.execution.MethodInvocation.proceed(MethodInvocation.java:60)
	at org.junit.jupiter.engine.execution.InvocationInterceptorChain$ValidatingInvocation.proceed(InvocationInterceptorChain.java:131)
	at org.junit.jupiter.engine.extension.TimeoutExtension.intercept(TimeoutExtension.java:149)
	at org.junit.jupiter.engine.extension.TimeoutExtension.interceptLifecycleMethod(TimeoutExtension.java:126)
	at org.junit.jupiter.engine.extension.TimeoutExtension.interceptBeforeEachMethod(TimeoutExtension.java:76)
	at org.junit.jupiter.engine.execution.ExecutableInvoker$ReflectiveInterceptorCall.lambda$ofVoidMethod$0(ExecutableInvoker.java:115)
	at org.junit.jupiter.engine.execution.ExecutableInvoker.lambda$invoke$0(ExecutableInvoker.java:105)
	at org.junit.jupiter.engine.execution.InvocationInterceptorChain$InterceptedInvocation.proceed(InvocationInterceptorChain.java:106)
	at org.junit.jupiter.engine.execution.InvocationInterceptorChain.proceed(InvocationInterceptorChain.java:64)
	at org.junit.jupiter.engine.execution.InvocationInterceptorChain.chainAndInvoke(InvocationInterceptorChain.java:45)
	at org.junit.jupiter.engine.execution.InvocationInterceptorChain.invoke(InvocationInterceptorChain.java:37)
	at org.junit.jupiter.engine.execution.ExecutableInvoker.invoke(ExecutableInvoker.java:104)
	at org.junit.jupiter.engine.execution.ExecutableInvoker.invoke(ExecutableInvoker.java:98)
	at org.junit.jupiter.engine.descriptor.ClassBasedTestDescriptor.invokeMethodInExtensionContext(ClassBasedTestDescriptor.java:506)
	at org.junit.jupiter.engine.descriptor.ClassBasedTestDescriptor.lambda$synthesizeBeforeEachMethodAdapter$21(ClassBasedTestDescriptor.java:491)
	at org.junit.jupiter.engine.descriptor.TestMethodTestDescriptor.lambda$invokeBeforeEachMethods$3(TestMethodTestDescriptor.java:171)
	at org.junit.jupiter.engine.descriptor.TestMethodTestDescriptor.lambda$invokeBeforeMethodsOrCallbacksUntilExceptionOccurs$6(TestMethodTestDescriptor.java:199)
	at org.junit.platform.engine.support.hierarchical.ThrowableCollector.execute(ThrowableCollector.java:73)
	at org.junit.jupiter.engine.descriptor.TestMethodTestDescriptor.invokeBeforeMethodsOrCallbacksUntilExceptionOccurs(TestMethodTestDescriptor.java:199)
	at org.junit.jupiter.engine.descriptor.TestMethodTestDescriptor.invokeBeforeEachMethods(TestMethodTestDescriptor.java:168)
	at org.junit.jupiter.engine.descriptor.TestMethodTestDescriptor.execute(TestMethodTestDescriptor.java:131)
	at org.junit.jupiter.engine.descriptor.TestMethodTestDescriptor.execute(TestMethodTestDescriptor.java:66)
	at org.junit.platform.engine.support.hierarchical.NodeTestTask.lambda$executeRecursively$6(NodeTestTask.java:151)
	at org.junit.platform.engine.support.hierarchical.ThrowableCollector.execute(ThrowableCollector.java:73)
	at org.junit.platform.engine.support.hierarchical.NodeTestTask.lambda$executeRecursively$8(NodeTestTask.java:141)
	at org.junit.platform.engine.support.hierarchical.Node.around(Node.java:137)
	at org.junit.platform.engine.support.hierarchical.NodeTestTask.lambda$executeRecursively$9(NodeTestTask.java:139)
	at org.junit.platform.engine.support.hierarchical.ThrowableCollector.execute(ThrowableCollector.java:73)
	at org.junit.platform.engine.support.hierarchical.NodeTestTask.executeRecursively(NodeTestTask.java:138)
	at org.junit.platform.engine.support.hierarchical.NodeTestTask.execute(NodeTestTask.java:95)
	at java.util.ArrayList.forEach(ArrayList.java:1259)
	at org.junit.platform.engine.support.hierarchical.SameThreadHierarchicalTestExecutorService.invokeAll(SameThreadHierarchicalTestExecutorService.java:41)
	at org.junit.platform.engine.support.hierarchical.NodeTestTask.lambda$executeRecursively$6(NodeTestTask.java:155)
	at org.junit.platform.engine.support.hierarchical.ThrowableCollector.execute(ThrowableCollector.java:73)
	at org.junit.platform.engine.support.hierarchical.NodeTestTask.lambda$executeRecursively$8(NodeTestTask.java:141)
	at org.junit.platform.engine.support.hierarchical.Node.around(Node.java:137)
	at org.junit.platform.engine.support.hierarchical.NodeTestTask.lambda$executeRecursively$9(NodeTestTask.java:139)
	at org.junit.platform.engine.support.hierarchical.ThrowableCollector.execute(ThrowableCollector.java:73)
	at org.junit.platform.engine.support.hierarchical.NodeTestTask.executeRecursively(NodeTestTask.java:138)
	at org.junit.platform.engine.support.hierarchical.NodeTestTask.execute(NodeTestTask.java:95)
	at java.util.ArrayList.forEach(ArrayList.java:1259)
	at org.junit.platform.engine.support.hierarchical.SameThreadHierarchicalTestExecutorService.invokeAll(SameThreadHierarchicalTestExecutorService.java:41)
	at org.junit.platform.engine.support.hierarchical.NodeTestTask.lambda$executeRecursively$6(NodeTestTask.java:155)
	at org.junit.platform.engine.support.hierarchical.ThrowableCollector.execute(ThrowableCollector.java:73)
	at org.junit.platform.engine.support.hierarchical.NodeTestTask.lambda$executeRecursively$8(NodeTestTask.java:141)
	at org.junit.platform.engine.support.hierarchical.Node.around(Node.java:137)
	at org.junit.platform.engine.support.hierarchical.NodeTestTask.lambda$executeRecursively$9(NodeTestTask.java:139)
	at org.junit.platform.engine.support.hierarchical.ThrowableCollector.execute(ThrowableCollector.java:73)
	at org.junit.platform.engine.support.hierarchical.NodeTestTask.executeRecursively(NodeTestTask.java:138)
	at org.junit.platform.engine.support.hierarchical.NodeTestTask.execute(NodeTestTask.java:95)
	at org.junit.platform.engine.support.hierarchical.SameThreadHierarchicalTestExecutorService.submit(SameThreadHierarchicalTestExecutorService.java:35)
	at org.junit.platform.engine.support.hierarchical.HierarchicalTestExecutor.execute(HierarchicalTestExecutor.java:57)
	at org.junit.platform.engine.support.hierarchical.HierarchicalTestEngine.execute(HierarchicalTestEngine.java:54)
	at org.junit.platform.launcher.core.EngineExecutionOrchestrator.execute(EngineExecutionOrchestrator.java:107)
	at org.junit.platform.launcher.core.EngineExecutionOrchestrator.execute(EngineExecutionOrchestrator.java:88)
	at org.junit.platform.launcher.core.EngineExecutionOrchestrator.lambda$execute$0(EngineExecutionOrchestrator.java:54)
	at org.junit.platform.launcher.core.EngineExecutionOrchestrator.withInterceptedStreams(EngineExecutionOrchestrator.java:67)
	at org.junit.platform.launcher.core.EngineExecutionOrchestrator.execute(EngineExecutionOrchestrator.java:52)
	at org.junit.platform.launcher.core.DefaultLauncher.execute(DefaultLauncher.java:114)
	at org.junit.platform.launcher.core.DefaultLauncher.execute(DefaultLauncher.java:86)
	at org.junit.platform.launcher.core.DefaultLauncherSession$DelegatingLauncher.execute(DefaultLauncherSession.java:86)
	at org.junit.platform.launcher.core.SessionPerRequestLauncher.execute(SessionPerRequestLauncher.java:53)
	at org.apache.maven.surefire.junitplatform.JUnitPlatformProvider.execute(JUnitPlatformProvider.java:188)
	at org.apache.maven.surefire.junitplatform.JUnitPlatformProvider.invokeAllTests(JUnitPlatformProvider.java:154)
	at org.apache.maven.surefire.junitplatform.JUnitPlatformProvider.invoke(JUnitPlatformProvider.java:124)
	at org.apache.maven.surefire.booter.ForkedBooter.runSuitesInProcess(ForkedBooter.java:428)
	at org.apache.maven.surefire.booter.ForkedBooter.execute(ForkedBooter.java:162)
	at org.apache.maven.surefire.booter.ForkedBooter.run(ForkedBooter.java:562)
	at org.apache.maven.surefire.booter.ForkedBooter.main(ForkedBooter.java:548)
]]></error>
    <system-out><![CDATA[2022-06-20 01:36:18,414 [ReplicationMonitor] INFO  replication.ReplicationManager (ReplicationManager.java:processAll(249)) - Replication Monitor Thread took 0 milliseconds for processing 6 containers.
2022-06-20 01:36:18,887 [5e432c75-8719-4a7d-ad09-7985e0971b8b@group-CF3E20F3E79F-FollowerState] INFO  impl.FollowerState (FollowerState.java:run(143)) - 5e432c75-8719-4a7d-ad09-7985e0971b8b@group-CF3E20F3E79F-FollowerState: change to CANDIDATE, lastRpcElapsedTime:5029098244ns, electionTimeout:5022ms
2022-06-20 01:36:18,887 [5e432c75-8719-4a7d-ad09-7985e0971b8b@group-CF3E20F3E79F-FollowerState] INFO  impl.RoleInfo (RoleInfo.java:shutdownFollowerState(110)) - 5e432c75-8719-4a7d-ad09-7985e0971b8b: shutdown 5e432c75-8719-4a7d-ad09-7985e0971b8b@group-CF3E20F3E79F-FollowerState
2022-06-20 01:36:18,887 [5e432c75-8719-4a7d-ad09-7985e0971b8b@group-CF3E20F3E79F-FollowerState] INFO  server.RaftServer$Division (RaftServerImpl.java:setRole(299)) - 5e432c75-8719-4a7d-ad09-7985e0971b8b@group-CF3E20F3E79F: changes role from  FOLLOWER to CANDIDATE at term 0 for changeToCandidate
2022-06-20 01:36:18,887 [5e432c75-8719-4a7d-ad09-7985e0971b8b@group-CF3E20F3E79F-FollowerState] INFO  server.RaftServerConfigKeys (ConfUtils.java:logGet(46)) - raft.server.leaderelection.pre-vote = false (custom)
2022-06-20 01:36:18,887 [5e432c75-8719-4a7d-ad09-7985e0971b8b@group-CF3E20F3E79F-FollowerState] INFO  impl.RoleInfo (RoleInfo.java:updateAndGet(139)) - 5e432c75-8719-4a7d-ad09-7985e0971b8b: start 5e432c75-8719-4a7d-ad09-7985e0971b8b@group-CF3E20F3E79F-LeaderElection36
2022-06-20 01:36:18,900 [5e432c75-8719-4a7d-ad09-7985e0971b8b@group-CF3E20F3E79F-LeaderElection36] INFO  impl.LeaderElection (LeaderElection.java:askForVotes(310)) - 5e432c75-8719-4a7d-ad09-7985e0971b8b@group-CF3E20F3E79F-LeaderElection36 ELECTION round 0: submit vote requests at term 1 for -1: [5e432c75-8719-4a7d-ad09-7985e0971b8b|rpc:10.1.0.17:44011|priority:1], old=null
2022-06-20 01:36:18,900 [5e432c75-8719-4a7d-ad09-7985e0971b8b@group-CF3E20F3E79F-LeaderElection36] INFO  impl.LeaderElection (LeaderElection.java:askForVotes(312)) - 5e432c75-8719-4a7d-ad09-7985e0971b8b@group-CF3E20F3E79F-LeaderElection36 ELECTION round 0: result PASSED (term=1)
2022-06-20 01:36:18,900 [5e432c75-8719-4a7d-ad09-7985e0971b8b@group-CF3E20F3E79F-LeaderElection36] INFO  impl.RoleInfo (RoleInfo.java:shutdownLeaderElection(130)) - 5e432c75-8719-4a7d-ad09-7985e0971b8b: shutdown 5e432c75-8719-4a7d-ad09-7985e0971b8b@group-CF3E20F3E79F-LeaderElection36
2022-06-20 01:36:18,900 [5e432c75-8719-4a7d-ad09-7985e0971b8b@group-CF3E20F3E79F-LeaderElection36] INFO  server.RaftServer$Division (RaftServerImpl.java:setRole(299)) - 5e432c75-8719-4a7d-ad09-7985e0971b8b@group-CF3E20F3E79F: changes role from CANDIDATE to LEADER at term 1 for changeToLeader
2022-06-20 01:36:18,900 [5e432c75-8719-4a7d-ad09-7985e0971b8b@group-CF3E20F3E79F-LeaderElection36] INFO  ratis.XceiverServerRatis (XceiverServerRatis.java:handleLeaderChangedNotification(863)) - Leader change notification received for group: group-CF3E20F3E79F with new leaderId: 5e432c75-8719-4a7d-ad09-7985e0971b8b
2022-06-20 01:36:18,900 [5e432c75-8719-4a7d-ad09-7985e0971b8b@group-CF3E20F3E79F-LeaderElection36] INFO  server.RaftServer$Division (ServerState.java:setLeader(287)) - 5e432c75-8719-4a7d-ad09-7985e0971b8b@group-CF3E20F3E79F: change Leader from null to 5e432c75-8719-4a7d-ad09-7985e0971b8b at term 1 for becomeLeader, leader elected after 5070ms
2022-06-20 01:36:18,901 [5e432c75-8719-4a7d-ad09-7985e0971b8b@group-CF3E20F3E79F-LeaderElection36] INFO  server.RaftServerConfigKeys (ConfUtils.java:logGet(46)) - raft.server.staging.catchup.gap = 1000 (default)
2022-06-20 01:36:18,902 [5e432c75-8719-4a7d-ad09-7985e0971b8b@group-CF3E20F3E79F-LeaderElection36] INFO  server.RaftServerConfigKeys (ConfUtils.java:logGet(46)) - raft.server.write.element-limit = 1024 (custom)
2022-06-20 01:36:18,902 [5e432c75-8719-4a7d-ad09-7985e0971b8b@group-CF3E20F3E79F-LeaderElection36] INFO  server.RaftServerConfigKeys (ConfUtils.java:logGet(46)) - raft.server.write.byte-limit = 1024 M (=1073741824) (custom)
2022-06-20 01:36:18,902 [5e432c75-8719-4a7d-ad09-7985e0971b8b@group-CF3E20F3E79F-LeaderElection36] INFO  server.RaftServerConfigKeys (ConfUtils.java:logGet(46)) - raft.server.watch.timeout = 180s (custom)
2022-06-20 01:36:18,902 [5e432c75-8719-4a7d-ad09-7985e0971b8b@group-CF3E20F3E79F-LeaderElection36] INFO  server.RaftServerConfigKeys (ConfUtils.java:logGet(46)) - raft.server.watch.timeout.denomination = 1s (default)
2022-06-20 01:36:18,902 [5e432c75-8719-4a7d-ad09-7985e0971b8b@group-CF3E20F3E79F-LeaderElection36] INFO  server.RaftServerConfigKeys (ConfUtils.java:logGet(46)) - raft.server.watch.element-limit = 65536 (default)
2022-06-20 01:36:18,903 [5e432c75-8719-4a7d-ad09-7985e0971b8b@group-CF3E20F3E79F-LeaderElection36] INFO  server.RaftServerConfigKeys (ConfUtils.java:logGet(46)) - raft.server.write.element-limit = 1024 (custom)
2022-06-20 01:36:18,903 [5e432c75-8719-4a7d-ad09-7985e0971b8b@group-CF3E20F3E79F-LeaderElection36] INFO  server.RaftServerConfigKeys (ConfUtils.java:logGet(46)) - raft.server.write.follower.gap.ratio.max = -1.0 (default)
2022-06-20 01:36:18,903 [5e432c75-8719-4a7d-ad09-7985e0971b8b@group-CF3E20F3E79F-LeaderElection36] INFO  impl.RoleInfo (RoleInfo.java:updateAndGet(139)) - 5e432c75-8719-4a7d-ad09-7985e0971b8b: start 5e432c75-8719-4a7d-ad09-7985e0971b8b@group-CF3E20F3E79F-LeaderStateImpl
2022-06-20 01:36:18,903 [5e432c75-8719-4a7d-ad09-7985e0971b8b@group-CF3E20F3E79F-LeaderElection36] INFO  segmented.SegmentedRaftLogWorker (SegmentedRaftLogWorker.java:startLogSegment(425)) - 5e432c75-8719-4a7d-ad09-7985e0971b8b@group-CF3E20F3E79F-SegmentedRaftLogWorker: Starting segment from index:0
2022-06-20 01:36:18,904 [fd1f8b8e-2a75-4423-a446-fc45b4d61a4d@group-35D4BFF3126D-FollowerState] INFO  impl.FollowerState (FollowerState.java:run(143)) - fd1f8b8e-2a75-4423-a446-fc45b4d61a4d@group-35D4BFF3126D-FollowerState: change to CANDIDATE, lastRpcElapsedTime:5057269200ns, electionTimeout:5054ms
2022-06-20 01:36:18,904 [fd1f8b8e-2a75-4423-a446-fc45b4d61a4d@group-35D4BFF3126D-FollowerState] INFO  impl.RoleInfo (RoleInfo.java:shutdownFollowerState(110)) - fd1f8b8e-2a75-4423-a446-fc45b4d61a4d: shutdown fd1f8b8e-2a75-4423-a446-fc45b4d61a4d@group-35D4BFF3126D-FollowerState
2022-06-20 01:36:18,904 [fd1f8b8e-2a75-4423-a446-fc45b4d61a4d@group-35D4BFF3126D-FollowerState] INFO  server.RaftServer$Division (RaftServerImpl.java:setRole(299)) - fd1f8b8e-2a75-4423-a446-fc45b4d61a4d@group-35D4BFF3126D: changes role from  FOLLOWER to CANDIDATE at term 0 for changeToCandidate
2022-06-20 01:36:18,909 [5e432c75-8719-4a7d-ad09-7985e0971b8b@group-CF3E20F3E79F-SegmentedRaftLogWorker] INFO  segmented.SegmentedRaftLogWorker (SegmentedRaftLogWorker.java:execute(629)) - 5e432c75-8719-4a7d-ad09-7985e0971b8b@group-CF3E20F3E79F-SegmentedRaftLogWorker: created new log segment /home/runner/work/ozone/ozone/hadoop-ozone/integration-test/target/test-dir/MiniOzoneClusterImpl-a7155b5b-f786-4084-b2af-ea5b528c53e8/datanode-1/data/ratis/27442fc4-f4d7-4206-a0cc-cf3e20f3e79f/current/log_inprogress_0
2022-06-20 01:36:18,927 [fd1f8b8e-2a75-4423-a446-fc45b4d61a4d@group-35D4BFF3126D-FollowerState] INFO  server.RaftServerConfigKeys (ConfUtils.java:logGet(46)) - raft.server.leaderelection.pre-vote = false (custom)
2022-06-20 01:36:18,928 [fd1f8b8e-2a75-4423-a446-fc45b4d61a4d@group-35D4BFF3126D-FollowerState] INFO  impl.RoleInfo (RoleInfo.java:updateAndGet(139)) - fd1f8b8e-2a75-4423-a446-fc45b4d61a4d: start fd1f8b8e-2a75-4423-a446-fc45b4d61a4d@group-35D4BFF3126D-LeaderElection37
2022-06-20 01:36:18,933 [5e432c75-8719-4a7d-ad09-7985e0971b8b@group-CF3E20F3E79F-LeaderElection36] INFO  server.RaftServer$Division (ServerState.java:setRaftConf(393)) - 5e432c75-8719-4a7d-ad09-7985e0971b8b@group-CF3E20F3E79F: set configuration 0: [5e432c75-8719-4a7d-ad09-7985e0971b8b|rpc:10.1.0.17:44011|dataStream:|priority:1], old=null
2022-06-20 01:36:18,937 [ReplicationMonitor] ERROR scm.SCMCommonPlacementPolicy (SCMCommonPlacementPolicy.java:chooseDatanodes(150)) - Not enough healthy nodes to allocate container. 2  datanodes required. Found 1
2022-06-20 01:36:18,937 [ReplicationMonitor] WARN  replication.LegacyReplicationManager (LegacyReplicationManager.java:handleUnderReplicatedContainer(1225)) - Exception while replicating container 1.
org.apache.hadoop.hdds.scm.exceptions.SCMException: Not enough healthy nodes to allocate container. 2  datanodes required. Found 1
	at org.apache.hadoop.hdds.scm.SCMCommonPlacementPolicy.chooseDatanodes(SCMCommonPlacementPolicy.java:151)
	at org.apache.hadoop.hdds.scm.container.placement.algorithms.SCMContainerPlacementRandom.chooseDatanodes(SCMContainerPlacementRandom.java:78)
	at org.apache.hadoop.hdds.scm.container.replication.LegacyReplicationManager.handleUnderReplicatedContainer(LegacyReplicationManager.java:1189)
	at org.apache.hadoop.hdds.scm.container.replication.LegacyReplicationManager.processContainer(LegacyReplicationManager.java:539)
	at org.apache.hadoop.hdds.scm.container.replication.ReplicationManager.processAll(ReplicationManager.java:244)
	at org.apache.hadoop.hdds.scm.container.replication.ReplicationManager.run(ReplicationManager.java:265)
	at java.lang.Thread.run(Thread.java:750)
2022-06-20 01:36:18,938 [ReplicationMonitor] ERROR scm.SCMCommonPlacementPolicy (SCMCommonPlacementPolicy.java:chooseDatanodes(141)) - No healthy node found to allocate container.
2022-06-20 01:36:18,938 [ReplicationMonitor] WARN  replication.LegacyReplicationManager (LegacyReplicationManager.java:handleUnderReplicatedContainer(1225)) - Exception while replicating container 2.
org.apache.hadoop.hdds.scm.exceptions.SCMException: No healthy node found to allocate container.
	at org.apache.hadoop.hdds.scm.SCMCommonPlacementPolicy.chooseDatanodes(SCMCommonPlacementPolicy.java:142)
	at org.apache.hadoop.hdds.scm.container.placement.algorithms.SCMContainerPlacementRandom.chooseDatanodes(SCMContainerPlacementRandom.java:78)
	at org.apache.hadoop.hdds.scm.container.replication.LegacyReplicationManager.handleUnderReplicatedContainer(LegacyReplicationManager.java:1189)
	at org.apache.hadoop.hdds.scm.container.replication.LegacyReplicationManager.processContainer(LegacyReplicationManager.java:539)
	at org.apache.hadoop.hdds.scm.container.replication.ReplicationManager.processAll(ReplicationManager.java:244)
	at org.apache.hadoop.hdds.scm.container.replication.ReplicationManager.run(ReplicationManager.java:265)
	at java.lang.Thread.run(Thread.java:750)
2022-06-20 01:36:18,938 [ReplicationMonitor] ERROR scm.SCMCommonPlacementPolicy (SCMCommonPlacementPolicy.java:chooseDatanodes(150)) - Not enough healthy nodes to allocate container. 2  datanodes required. Found 1
2022-06-20 01:36:18,938 [ReplicationMonitor] WARN  replication.LegacyReplicationManager (LegacyReplicationManager.java:handleUnderReplicatedContainer(1225)) - Exception while replicating container 3.
org.apache.hadoop.hdds.scm.exceptions.SCMException: Not enough healthy nodes to allocate container. 2  datanodes required. Found 1
	at org.apache.hadoop.hdds.scm.SCMCommonPlacementPolicy.chooseDatanodes(SCMCommonPlacementPolicy.java:151)
	at org.apache.hadoop.hdds.scm.container.placement.algorithms.SCMContainerPlacementRandom.chooseDatanodes(SCMContainerPlacementRandom.java:78)
	at org.apache.hadoop.hdds.scm.container.replication.LegacyReplicationManager.handleUnderReplicatedContainer(LegacyReplicationManager.java:1189)
	at org.apache.hadoop.hdds.scm.container.replication.LegacyReplicationManager.processContainer(LegacyReplicationManager.java:539)
	at org.apache.hadoop.hdds.scm.container.replication.ReplicationManager.processAll(ReplicationManager.java:244)
	at org.apache.hadoop.hdds.scm.container.replication.ReplicationManager.run(ReplicationManager.java:265)
	at java.lang.Thread.run(Thread.java:750)
2022-06-20 01:36:18,938 [ReplicationMonitor] INFO  replication.ReplicationManager (ReplicationManager.java:processAll(249)) - Replication Monitor Thread took 1 milliseconds for processing 3 containers.
2022-06-20 01:36:18,952 [fd1f8b8e-2a75-4423-a446-fc45b4d61a4d@group-35D4BFF3126D-LeaderElection37] INFO  impl.LeaderElection (LeaderElection.java:askForVotes(310)) - fd1f8b8e-2a75-4423-a446-fc45b4d61a4d@group-35D4BFF3126D-LeaderElection37 ELECTION round 0: submit vote requests at term 1 for -1: [fd1f8b8e-2a75-4423-a446-fc45b4d61a4d|rpc:10.1.0.17:35727|priority:1], old=null
2022-06-20 01:36:18,952 [fd1f8b8e-2a75-4423-a446-fc45b4d61a4d@group-35D4BFF3126D-LeaderElection37] INFO  impl.LeaderElection (LeaderElection.java:askForVotes(312)) - fd1f8b8e-2a75-4423-a446-fc45b4d61a4d@group-35D4BFF3126D-LeaderElection37 ELECTION round 0: result PASSED (term=1)
2022-06-20 01:36:18,952 [fd1f8b8e-2a75-4423-a446-fc45b4d61a4d@group-35D4BFF3126D-LeaderElection37] INFO  impl.RoleInfo (RoleInfo.java:shutdownLeaderElection(130)) - fd1f8b8e-2a75-4423-a446-fc45b4d61a4d: shutdown fd1f8b8e-2a75-4423-a446-fc45b4d61a4d@group-35D4BFF3126D-LeaderElection37
2022-06-20 01:36:18,952 [fd1f8b8e-2a75-4423-a446-fc45b4d61a4d@group-35D4BFF3126D-LeaderElection37] INFO  server.RaftServer$Division (RaftServerImpl.java:setRole(299)) - fd1f8b8e-2a75-4423-a446-fc45b4d61a4d@group-35D4BFF3126D: changes role from CANDIDATE to LEADER at term 1 for changeToLeader
2022-06-20 01:36:18,952 [fd1f8b8e-2a75-4423-a446-fc45b4d61a4d@group-35D4BFF3126D-LeaderElection37] INFO  ratis.XceiverServerRatis (XceiverServerRatis.java:handleLeaderChangedNotification(863)) - Leader change notification received for group: group-35D4BFF3126D with new leaderId: fd1f8b8e-2a75-4423-a446-fc45b4d61a4d
2022-06-20 01:36:18,952 [fd1f8b8e-2a75-4423-a446-fc45b4d61a4d@group-35D4BFF3126D-LeaderElection37] INFO  server.RaftServer$Division (ServerState.java:setLeader(287)) - fd1f8b8e-2a75-4423-a446-fc45b4d61a4d@group-35D4BFF3126D: change Leader from null to fd1f8b8e-2a75-4423-a446-fc45b4d61a4d at term 1 for becomeLeader, leader elected after 5123ms
2022-06-20 01:36:18,952 [fd1f8b8e-2a75-4423-a446-fc45b4d61a4d@group-35D4BFF3126D-LeaderElection37] INFO  server.RaftServerConfigKeys (ConfUtils.java:logGet(46)) - raft.server.staging.catchup.gap = 1000 (default)
2022-06-20 01:36:18,953 [fd1f8b8e-2a75-4423-a446-fc45b4d61a4d@group-35D4BFF3126D-LeaderElection37] INFO  server.RaftServerConfigKeys (ConfUtils.java:logGet(46)) - raft.server.write.element-limit = 1024 (custom)
2022-06-20 01:36:18,953 [fd1f8b8e-2a75-4423-a446-fc45b4d61a4d@group-35D4BFF3126D-LeaderElection37] INFO  server.RaftServerConfigKeys (ConfUtils.java:logGet(46)) - raft.server.write.byte-limit = 1024 M (=1073741824) (custom)
2022-06-20 01:36:18,954 [fd1f8b8e-2a75-4423-a446-fc45b4d61a4d@group-35D4BFF3126D-LeaderElection37] INFO  server.RaftServerConfigKeys (ConfUtils.java:logGet(46)) - raft.server.watch.timeout = 180s (custom)
2022-06-20 01:36:18,954 [fd1f8b8e-2a75-4423-a446-fc45b4d61a4d@group-35D4BFF3126D-LeaderElection37] INFO  server.RaftServerConfigKeys (ConfUtils.java:logGet(46)) - raft.server.watch.timeout.denomination = 1s (default)
2022-06-20 01:36:18,954 [fd1f8b8e-2a75-4423-a446-fc45b4d61a4d@group-35D4BFF3126D-LeaderElection37] INFO  server.RaftServerConfigKeys (ConfUtils.java:logGet(46)) - raft.server.watch.element-limit = 65536 (default)
2022-06-20 01:36:18,954 [fd1f8b8e-2a75-4423-a446-fc45b4d61a4d@group-35D4BFF3126D-LeaderElection37] INFO  server.RaftServerConfigKeys (ConfUtils.java:logGet(46)) - raft.server.write.element-limit = 1024 (custom)
2022-06-20 01:36:18,954 [fd1f8b8e-2a75-4423-a446-fc45b4d61a4d@group-35D4BFF3126D-LeaderElection37] INFO  server.RaftServerConfigKeys (ConfUtils.java:logGet(46)) - raft.server.write.follower.gap.ratio.max = -1.0 (default)
2022-06-20 01:36:18,954 [fd1f8b8e-2a75-4423-a446-fc45b4d61a4d@group-35D4BFF3126D-LeaderElection37] INFO  impl.RoleInfo (RoleInfo.java:updateAndGet(139)) - fd1f8b8e-2a75-4423-a446-fc45b4d61a4d: start fd1f8b8e-2a75-4423-a446-fc45b4d61a4d@group-35D4BFF3126D-LeaderStateImpl
2022-06-20 01:36:18,954 [fd1f8b8e-2a75-4423-a446-fc45b4d61a4d@group-35D4BFF3126D-LeaderElection37] INFO  segmented.SegmentedRaftLogWorker (SegmentedRaftLogWorker.java:startLogSegment(425)) - fd1f8b8e-2a75-4423-a446-fc45b4d61a4d@group-35D4BFF3126D-SegmentedRaftLogWorker: Starting segment from index:0
2022-06-20 01:36:18,959 [fd1f8b8e-2a75-4423-a446-fc45b4d61a4d@group-35D4BFF3126D-SegmentedRaftLogWorker] INFO  segmented.SegmentedRaftLogWorker (SegmentedRaftLogWorker.java:execute(629)) - fd1f8b8e-2a75-4423-a446-fc45b4d61a4d@group-35D4BFF3126D-SegmentedRaftLogWorker: created new log segment /home/runner/work/ozone/ozone/hadoop-ozone/integration-test/target/test-dir/MiniOzoneClusterImpl-a7155b5b-f786-4084-b2af-ea5b528c53e8/datanode-2/data/ratis/afc4b00a-4ea5-41e3-a374-35d4bff3126d/current/log_inprogress_0
2022-06-20 01:36:18,973 [fd1f8b8e-2a75-4423-a446-fc45b4d61a4d@group-35D4BFF3126D-LeaderElection37] INFO  server.RaftServer$Division (ServerState.java:setRaftConf(393)) - fd1f8b8e-2a75-4423-a446-fc45b4d61a4d@group-35D4BFF3126D: set configuration 0: [fd1f8b8e-2a75-4423-a446-fc45b4d61a4d|rpc:10.1.0.17:35727|dataStream:|priority:1], old=null
2022-06-20 01:36:19,414 [ReplicationMonitor] INFO  replication.ReplicationManager (ReplicationManager.java:processAll(249)) - Replication Monitor Thread took 1 milliseconds for processing 6 containers.
2022-06-20 01:36:19,463 [EventQueue-StaleNodeForStaleNodeHandler] INFO  node.StaleNodeHandler (StaleNodeHandler.java:onMessage(58)) - Datanode 700564b4-0717-4bb0-a12e-83aaa95ec9ba{ip: 10.1.0.17, host: fv-az21-158.v4iizcarkezebbfea14bcgzyke.bx.internal.cloudapp.net, ports: [REPLICATION=36621, RATIS=41783, RATIS_ADMIN=41783, RATIS_SERVER=41783, STANDALONE=44735], networkLocation: /default-rack, certSerialId: null, persistedOpState: IN_SERVICE, persistedOpStateExpiryEpochSec: 0} moved to stale state. Finalizing its pipelines [PipelineID=afb0e4a9-051a-44b5-9ed5-33f08d971fd4]
2022-06-20 01:36:19,463 [EventQueue-StaleNodeForStaleNodeHandler] INFO  pipeline.PipelineManagerImpl (PipelineManagerImpl.java:closePipeline(430)) - Pipeline Pipeline[ Id: afb0e4a9-051a-44b5-9ed5-33f08d971fd4, Nodes: 700564b4-0717-4bb0-a12e-83aaa95ec9ba{ip: 10.1.0.17, host: fv-az21-158.v4iizcarkezebbfea14bcgzyke.bx.internal.cloudapp.net, ports: [REPLICATION=36621, RATIS=41783, RATIS_ADMIN=41783, RATIS_SERVER=41783, STANDALONE=44735], networkLocation: /default-rack, certSerialId: null, persistedOpState: IN_SERVICE, persistedOpStateExpiryEpochSec: 0}, ReplicationConfig: RATIS/ONE, State:OPEN, leaderId:700564b4-0717-4bb0-a12e-83aaa95ec9ba, CreationTimestamp2022-06-20T01:35:15.034Z[Etc/UTC]] moved to CLOSED state
2022-06-20 01:36:19,938 [ReplicationMonitor] ERROR scm.SCMCommonPlacementPolicy (SCMCommonPlacementPolicy.java:chooseDatanodes(141)) - No healthy node found to allocate container.
2022-06-20 01:36:19,939 [ReplicationMonitor] WARN  replication.LegacyReplicationManager (LegacyReplicationManager.java:handleUnderReplicatedContainer(1225)) - Exception while replicating container 1.
org.apache.hadoop.hdds.scm.exceptions.SCMException: No healthy node found to allocate container.
	at org.apache.hadoop.hdds.scm.SCMCommonPlacementPolicy.chooseDatanodes(SCMCommonPlacementPolicy.java:142)
	at org.apache.hadoop.hdds.scm.container.placement.algorithms.SCMContainerPlacementRandom.chooseDatanodes(SCMContainerPlacementRandom.java:78)
	at org.apache.hadoop.hdds.scm.container.replication.LegacyReplicationManager.handleUnderReplicatedContainer(LegacyReplicationManager.java:1189)
	at org.apache.hadoop.hdds.scm.container.replication.LegacyReplicationManager.processContainer(LegacyReplicationManager.java:539)
	at org.apache.hadoop.hdds.scm.container.replication.ReplicationManager.processAll(ReplicationManager.java:244)
	at org.apache.hadoop.hdds.scm.container.replication.ReplicationManager.run(ReplicationManager.java:265)
	at java.lang.Thread.run(Thread.java:750)
2022-06-20 01:36:19,939 [ReplicationMonitor] ERROR scm.SCMCommonPlacementPolicy (SCMCommonPlacementPolicy.java:chooseDatanodes(141)) - No healthy node found to allocate container.
2022-06-20 01:36:19,939 [ReplicationMonitor] WARN  replication.LegacyReplicationManager (LegacyReplicationManager.java:handleUnderReplicatedContainer(1225)) - Exception while replicating container 2.
org.apache.hadoop.hdds.scm.exceptions.SCMException: No healthy node found to allocate container.
	at org.apache.hadoop.hdds.scm.SCMCommonPlacementPolicy.chooseDatanodes(SCMCommonPlacementPolicy.java:142)
	at org.apache.hadoop.hdds.scm.container.placement.algorithms.SCMContainerPlacementRandom.chooseDatanodes(SCMContainerPlacementRandom.java:78)
	at org.apache.hadoop.hdds.scm.container.replication.LegacyReplicationManager.handleUnderReplicatedContainer(LegacyReplicationManager.java:1189)
	at org.apache.hadoop.hdds.scm.container.replication.LegacyReplicationManager.processContainer(LegacyReplicationManager.java:539)
	at org.apache.hadoop.hdds.scm.container.replication.ReplicationManager.processAll(ReplicationManager.java:244)
	at org.apache.hadoop.hdds.scm.container.replication.ReplicationManager.run(ReplicationManager.java:265)
	at java.lang.Thread.run(Thread.java:750)
2022-06-20 01:36:19,944 [ReplicationMonitor] ERROR scm.SCMCommonPlacementPolicy (SCMCommonPlacementPolicy.java:chooseDatanodes(141)) - No healthy node found to allocate container.
2022-06-20 01:36:19,944 [ReplicationMonitor] WARN  replication.LegacyReplicationManager (LegacyReplicationManager.java:handleUnderReplicatedContainer(1225)) - Exception while replicating container 3.
org.apache.hadoop.hdds.scm.exceptions.SCMException: No healthy node found to allocate container.
	at org.apache.hadoop.hdds.scm.SCMCommonPlacementPolicy.chooseDatanodes(SCMCommonPlacementPolicy.java:142)
	at org.apache.hadoop.hdds.scm.container.placement.algorithms.SCMContainerPlacementRandom.chooseDatanodes(SCMContainerPlacementRandom.java:78)
	at org.apache.hadoop.hdds.scm.container.replication.LegacyReplicationManager.handleUnderReplicatedContainer(LegacyReplicationManager.java:1189)
	at org.apache.hadoop.hdds.scm.container.replication.LegacyReplicationManager.processContainer(LegacyReplicationManager.java:539)
	at org.apache.hadoop.hdds.scm.container.replication.ReplicationManager.processAll(ReplicationManager.java:244)
	at org.apache.hadoop.hdds.scm.container.replication.ReplicationManager.run(ReplicationManager.java:265)
	at java.lang.Thread.run(Thread.java:750)
2022-06-20 01:36:19,944 [ReplicationMonitor] INFO  replication.ReplicationManager (ReplicationManager.java:processAll(249)) - Replication Monitor Thread took 6 milliseconds for processing 3 containers.
2022-06-20 01:36:20,415 [ReplicationMonitor] INFO  replication.ReplicationManager (ReplicationManager.java:processAll(249)) - Replication Monitor Thread took 0 milliseconds for processing 6 containers.
2022-06-20 01:36:20,864 [EventQueue-StaleNodeForStaleNodeHandler] INFO  node.StaleNodeHandler (StaleNodeHandler.java:onMessage(58)) - Datanode 4305c143-0452-4ed8-8c62-6c38c0ad1b23{ip: 10.1.0.17, host: fv-az21-158.v4iizcarkezebbfea14bcgzyke.bx.internal.cloudapp.net, ports: [REPLICATION=46617, RATIS=35783, RATIS_ADMIN=35783, RATIS_SERVER=35783, STANDALONE=37345], networkLocation: /default-rack, certSerialId: null, persistedOpState: IN_SERVICE, persistedOpStateExpiryEpochSec: 0} moved to stale state. Finalizing its pipelines [PipelineID=b3299a2b-5565-4776-a640-7e01da335d8d]
2022-06-20 01:36:20,865 [EventQueue-StaleNodeForStaleNodeHandler] INFO  pipeline.PipelineManagerImpl (PipelineManagerImpl.java:closePipeline(430)) - Pipeline Pipeline[ Id: b3299a2b-5565-4776-a640-7e01da335d8d, Nodes: 4305c143-0452-4ed8-8c62-6c38c0ad1b23{ip: 10.1.0.17, host: fv-az21-158.v4iizcarkezebbfea14bcgzyke.bx.internal.cloudapp.net, ports: [REPLICATION=46617, RATIS=35783, RATIS_ADMIN=35783, RATIS_SERVER=35783, STANDALONE=37345], networkLocation: /default-rack, certSerialId: null, persistedOpState: DECOMMISSIONED, persistedOpStateExpiryEpochSec: 0}, ReplicationConfig: RATIS/ONE, State:OPEN, leaderId:4305c143-0452-4ed8-8c62-6c38c0ad1b23, CreationTimestamp2022-06-20T01:35:55.501Z[Etc/UTC]] moved to CLOSED state
2022-06-20 01:36:20,944 [ReplicationMonitor] WARN  replication.LegacyReplicationManager (LegacyReplicationManager.java:handleUnderReplicatedContainer(1221)) - Cannot replicate container #1, no healthy replica found.
2022-06-20 01:36:20,945 [ReplicationMonitor] WARN  replication.LegacyReplicationManager (LegacyReplicationManager.java:handleUnderReplicatedContainer(1221)) - Cannot replicate container #2, no healthy replica found.
2022-06-20 01:36:20,945 [ReplicationMonitor] WARN  replication.LegacyReplicationManager (LegacyReplicationManager.java:handleUnderReplicatedContainer(1221)) - Cannot replicate container #3, no healthy replica found.
2022-06-20 01:36:20,945 [ReplicationMonitor] INFO  replication.ReplicationManager (ReplicationManager.java:processAll(249)) - Replication Monitor Thread took 0 milliseconds for processing 3 containers.
2022-06-20 01:36:21,415 [ReplicationMonitor] INFO  replication.ReplicationManager (ReplicationManager.java:processAll(249)) - Replication Monitor Thread took 1 milliseconds for processing 6 containers.
2022-06-20 01:36:21,945 [ReplicationMonitor] WARN  replication.LegacyReplicationManager (LegacyReplicationManager.java:handleUnderReplicatedContainer(1221)) - Cannot replicate container #1, no healthy replica found.
2022-06-20 01:36:21,945 [ReplicationMonitor] WARN  replication.LegacyReplicationManager (LegacyReplicationManager.java:handleUnderReplicatedContainer(1221)) - Cannot replicate container #2, no healthy replica found.
2022-06-20 01:36:21,945 [ReplicationMonitor] WARN  replication.LegacyReplicationManager (LegacyReplicationManager.java:handleUnderReplicatedContainer(1221)) - Cannot replicate container #3, no healthy replica found.
2022-06-20 01:36:21,945 [ReplicationMonitor] INFO  replication.ReplicationManager (ReplicationManager.java:processAll(249)) - Replication Monitor Thread took 1 milliseconds for processing 3 containers.
2022-06-20 01:36:22,064 [ForkJoinPool.commonPool-worker-0] INFO  ozoneimpl.OzoneContainer (OzoneContainer.java:stop(365)) - Attempting to stop container services.
2022-06-20 01:36:22,065 [ForkJoinPool.commonPool-worker-0] INFO  server.RaftServer (RaftServerProxy.java:lambda$close$7(398)) - 700564b4-0717-4bb0-a12e-83aaa95ec9ba: close
2022-06-20 01:36:22,065 [ForkJoinPool.commonPool-worker-0] INFO  server.RaftServer$Division (RaftServerImpl.java:lambda$close$4(434)) - 700564b4-0717-4bb0-a12e-83aaa95ec9ba@group-33F08D971FD4: shutdown
2022-06-20 01:36:22,065 [ForkJoinPool.commonPool-worker-0] INFO  util.JmxRegister (JmxRegister.java:unregister(73)) - Successfully un-registered JMX Bean with object name Ratis:service=RaftServer,group=group-33F08D971FD4,id=700564b4-0717-4bb0-a12e-83aaa95ec9ba
2022-06-20 01:36:22,065 [ForkJoinPool.commonPool-worker-0] INFO  impl.RoleInfo (RoleInfo.java:shutdownLeaderState(93)) - 700564b4-0717-4bb0-a12e-83aaa95ec9ba: shutdown 700564b4-0717-4bb0-a12e-83aaa95ec9ba@group-33F08D971FD4-LeaderStateImpl
2022-06-20 01:36:22,065 [ForkJoinPool.commonPool-worker-0] INFO  impl.PendingRequests (PendingRequests.java:sendNotLeaderResponses(282)) - 700564b4-0717-4bb0-a12e-83aaa95ec9ba@group-33F08D971FD4-PendingRequests: sendNotLeaderResponses
2022-06-20 01:36:22,066 [ForkJoinPool.commonPool-worker-0] INFO  impl.StateMachineUpdater (StateMachineUpdater.java:stopAndJoin(153)) - 700564b4-0717-4bb0-a12e-83aaa95ec9ba@group-33F08D971FD4-StateMachineUpdater: set stopIndex = 0
2022-06-20 01:36:22,066 [700564b4-0717-4bb0-a12e-83aaa95ec9ba@group-33F08D971FD4-StateMachineUpdater] INFO  ratis.ContainerStateMachine (ContainerStateMachine.java:takeSnapshot(304)) - group-33F08D971FD4: Taking a snapshot at:(t:1, i:0) file /home/runner/work/ozone/ozone/hadoop-ozone/integration-test/target/test-dir/MiniOzoneClusterImpl-b100358f-1f15-45e6-9c02-f3e691616771/datanode-0/data/ratis/afb0e4a9-051a-44b5-9ed5-33f08d971fd4/sm/snapshot.1_0
2022-06-20 01:36:22,067 [700564b4-0717-4bb0-a12e-83aaa95ec9ba@group-33F08D971FD4-StateMachineUpdater] INFO  ratis.ContainerStateMachine (ContainerStateMachine.java:takeSnapshot(315)) - group-33F08D971FD4: Finished taking a snapshot at:(t:1, i:0) file:/home/runner/work/ozone/ozone/hadoop-ozone/integration-test/target/test-dir/MiniOzoneClusterImpl-b100358f-1f15-45e6-9c02-f3e691616771/datanode-0/data/ratis/afb0e4a9-051a-44b5-9ed5-33f08d971fd4/sm/snapshot.1_0 took: 2 ms
2022-06-20 01:36:22,067 [700564b4-0717-4bb0-a12e-83aaa95ec9ba@group-33F08D971FD4-StateMachineUpdater] INFO  impl.StateMachineUpdater (StateMachineUpdater.java:takeSnapshot(287)) - 700564b4-0717-4bb0-a12e-83aaa95ec9ba@group-33F08D971FD4-StateMachineUpdater: Took a snapshot at index 0
2022-06-20 01:36:22,067 [700564b4-0717-4bb0-a12e-83aaa95ec9ba@group-33F08D971FD4-StateMachineUpdater] INFO  impl.StateMachineUpdater (StateMachineUpdater.java:lambda$new$0(92)) - 700564b4-0717-4bb0-a12e-83aaa95ec9ba@group-33F08D971FD4-StateMachineUpdater: snapshotIndex: updateIncreasingly -1 -> 0
2022-06-20 01:36:22,068 [ForkJoinPool.commonPool-worker-0] INFO  server.RaftServer$Division (ServerState.java:close(429)) - 700564b4-0717-4bb0-a12e-83aaa95ec9ba@group-33F08D971FD4: closes. applyIndex: 0
2022-06-20 01:36:22,068 [700564b4-0717-4bb0-a12e-83aaa95ec9ba@group-33F08D971FD4-SegmentedRaftLogWorker] INFO  segmented.SegmentedRaftLogWorker (SegmentedRaftLogWorker.java:run(336)) - 700564b4-0717-4bb0-a12e-83aaa95ec9ba@group-33F08D971FD4-SegmentedRaftLogWorker was interrupted, exiting. There are 0 tasks remaining in the queue.
2022-06-20 01:36:22,068 [ForkJoinPool.commonPool-worker-0] INFO  segmented.SegmentedRaftLogWorker (SegmentedRaftLogWorker.java:close(246)) - 700564b4-0717-4bb0-a12e-83aaa95ec9ba@group-33F08D971FD4-SegmentedRaftLogWorker close()
2022-06-20 01:36:22,069 [ForkJoinPool.commonPool-worker-0] INFO  server.GrpcService (GrpcService.java:closeImpl(269)) - 700564b4-0717-4bb0-a12e-83aaa95ec9ba: shutdown server with port 41783 now
2022-06-20 01:36:22,082 [ForkJoinPool.commonPool-worker-0] INFO  server.GrpcService (GrpcService.java:closeImpl(278)) - 700564b4-0717-4bb0-a12e-83aaa95ec9ba: shutdown server with port 41783 successfully
2022-06-20 01:36:22,082 [org.apache.ratis.util.JvmPauseMonitor$$Lambda$706/1750956089@74ab8edc] INFO  util.JvmPauseMonitor (JvmPauseMonitor.java:run(109)) - JvmPauseMonitor-700564b4-0717-4bb0-a12e-83aaa95ec9ba: Stopped
2022-06-20 01:36:22,416 [ReplicationMonitor] INFO  replication.ReplicationManager (ReplicationManager.java:processAll(249)) - Replication Monitor Thread took 0 milliseconds for processing 6 containers.
2022-06-20 01:36:22,472 [EventQueue-DeadNodeForDeadNodeHandler] INFO  node.DeadNodeHandler (DeadNodeHandler.java:onMessage(80)) - A dead datanode is detected. 700564b4-0717-4bb0-a12e-83aaa95ec9ba{ip: 10.1.0.17, host: fv-az21-158.v4iizcarkezebbfea14bcgzyke.bx.internal.cloudapp.net, ports: [REPLICATION=36621, RATIS=41783, RATIS_ADMIN=41783, RATIS_SERVER=41783, STANDALONE=44735], networkLocation: /default-rack, certSerialId: null, persistedOpState: IN_SERVICE, persistedOpStateExpiryEpochSec: 0}
2022-06-20 01:36:22,473 [EventQueue-DeadNodeForDeadNodeHandler] INFO  pipeline.RatisPipelineProvider (RatisPipelineProvider.java:lambda$close$1(244)) - Send pipeline:PipelineID=afb0e4a9-051a-44b5-9ed5-33f08d971fd4 close command to datanode 700564b4-0717-4bb0-a12e-83aaa95ec9ba
2022-06-20 01:36:22,473 [EventQueue-DeadNodeForDeadNodeHandler] INFO  pipeline.PipelineStateManagerImpl (PipelineStateManagerImpl.java:removePipeline(243)) - Pipeline Pipeline[ Id: afb0e4a9-051a-44b5-9ed5-33f08d971fd4, Nodes: 700564b4-0717-4bb0-a12e-83aaa95ec9ba{ip: 10.1.0.17, host: fv-az21-158.v4iizcarkezebbfea14bcgzyke.bx.internal.cloudapp.net, ports: [REPLICATION=36621, RATIS=41783, RATIS_ADMIN=41783, RATIS_SERVER=41783, STANDALONE=44735], networkLocation: /default-rack, certSerialId: null, persistedOpState: IN_SERVICE, persistedOpStateExpiryEpochSec: 0}, ReplicationConfig: RATIS/ONE, State:CLOSED, leaderId:700564b4-0717-4bb0-a12e-83aaa95ec9ba, CreationTimestamp2022-06-20T01:35:15.034Z[Etc/UTC]] removed.
2022-06-20 01:36:22,473 [EventQueue-DeadNodeForDeadNodeHandler] INFO  net.NetworkTopologyImpl (NetworkTopologyImpl.java:remove(137)) - Removed a node: /default-rack/700564b4-0717-4bb0-a12e-83aaa95ec9ba
2022-06-20 01:36:22,946 [ReplicationMonitor] WARN  replication.LegacyReplicationManager (LegacyReplicationManager.java:handleUnderReplicatedContainer(1221)) - Cannot replicate container #1, no healthy replica found.
2022-06-20 01:36:22,946 [ReplicationMonitor] WARN  replication.LegacyReplicationManager (LegacyReplicationManager.java:handleUnderReplicatedContainer(1221)) - Cannot replicate container #2, no healthy replica found.
2022-06-20 01:36:22,946 [ReplicationMonitor] WARN  replication.LegacyReplicationManager (LegacyReplicationManager.java:handleUnderReplicatedContainer(1221)) - Cannot replicate container #3, no healthy replica found.
2022-06-20 01:36:22,946 [ReplicationMonitor] INFO  replication.ReplicationManager (ReplicationManager.java:processAll(249)) - Replication Monitor Thread took 1 milliseconds for processing 3 containers.
2022-06-20 01:36:23,034 [5e432c75-8719-4a7d-ad09-7985e0971b8b@group-931A667C2C5B-FollowerState] INFO  impl.FollowerState (FollowerState.java:run(143)) - 5e432c75-8719-4a7d-ad09-7985e0971b8b@group-931A667C2C5B-FollowerState: change to CANDIDATE, lastRpcElapsedTime:5033603320ns, electionTimeout:5028ms
2022-06-20 01:36:23,034 [5e432c75-8719-4a7d-ad09-7985e0971b8b@group-931A667C2C5B-FollowerState] INFO  impl.RoleInfo (RoleInfo.java:shutdownFollowerState(110)) - 5e432c75-8719-4a7d-ad09-7985e0971b8b: shutdown 5e432c75-8719-4a7d-ad09-7985e0971b8b@group-931A667C2C5B-FollowerState
2022-06-20 01:36:23,034 [5e432c75-8719-4a7d-ad09-7985e0971b8b@group-931A667C2C5B-FollowerState] INFO  server.RaftServer$Division (RaftServerImpl.java:setRole(299)) - 5e432c75-8719-4a7d-ad09-7985e0971b8b@group-931A667C2C5B: changes role from  FOLLOWER to CANDIDATE at term 1 for changeToCandidate
2022-06-20 01:36:23,034 [5e432c75-8719-4a7d-ad09-7985e0971b8b@group-931A667C2C5B-FollowerState] INFO  server.RaftServerConfigKeys (ConfUtils.java:logGet(46)) - raft.server.leaderelection.pre-vote = false (custom)
2022-06-20 01:36:23,034 [5e432c75-8719-4a7d-ad09-7985e0971b8b@group-931A667C2C5B-FollowerState] INFO  impl.RoleInfo (RoleInfo.java:updateAndGet(139)) - 5e432c75-8719-4a7d-ad09-7985e0971b8b: start 5e432c75-8719-4a7d-ad09-7985e0971b8b@group-931A667C2C5B-LeaderElection38
2022-06-20 01:36:23,045 [5e432c75-8719-4a7d-ad09-7985e0971b8b@group-931A667C2C5B-LeaderElection38] INFO  impl.LeaderElection (LeaderElection.java:askForVotes(310)) - 5e432c75-8719-4a7d-ad09-7985e0971b8b@group-931A667C2C5B-LeaderElection38 ELECTION round 0: submit vote requests at term 2 for -1: [fd1f8b8e-2a75-4423-a446-fc45b4d61a4d|rpc:10.1.0.17:35727|dataStream:|priority:0, 5e432c75-8719-4a7d-ad09-7985e0971b8b|rpc:10.1.0.17:44011|dataStream:|priority:0, 6c2707a0-87fd-4dba-96bb-b14739c19597|rpc:10.1.0.17:37095|dataStream:|priority:1], old=null
2022-06-20 01:36:23,057 [grpc-default-executor-5] INFO  server.RaftServer$Division (RaftServerImpl.java:requestVote(1152)) - fd1f8b8e-2a75-4423-a446-fc45b4d61a4d@group-931A667C2C5B: receive requestVote(ELECTION, 5e432c75-8719-4a7d-ad09-7985e0971b8b, group-931A667C2C5B, 2, (t:0, i:0))
2022-06-20 01:36:23,059 [grpc-default-executor-5] INFO  impl.VoteContext (VoteContext.java:log(48)) - fd1f8b8e-2a75-4423-a446-fc45b4d61a4d@group-931A667C2C5B-FOLLOWER: accept ELECTION from 5e432c75-8719-4a7d-ad09-7985e0971b8b: our priority 0 <= candidate's priority 0
2022-06-20 01:36:23,059 [grpc-default-executor-5] INFO  server.RaftServer$Division (RaftServerImpl.java:setRole(299)) - fd1f8b8e-2a75-4423-a446-fc45b4d61a4d@group-931A667C2C5B: changes role from  FOLLOWER to FOLLOWER at term 2 for candidate:5e432c75-8719-4a7d-ad09-7985e0971b8b
2022-06-20 01:36:23,059 [grpc-default-executor-5] INFO  impl.RoleInfo (RoleInfo.java:shutdownFollowerState(110)) - fd1f8b8e-2a75-4423-a446-fc45b4d61a4d: shutdown fd1f8b8e-2a75-4423-a446-fc45b4d61a4d@group-931A667C2C5B-FollowerState
2022-06-20 01:36:23,059 [grpc-default-executor-5] INFO  impl.RoleInfo (RoleInfo.java:updateAndGet(139)) - fd1f8b8e-2a75-4423-a446-fc45b4d61a4d: start fd1f8b8e-2a75-4423-a446-fc45b4d61a4d@group-931A667C2C5B-FollowerState
2022-06-20 01:36:23,059 [fd1f8b8e-2a75-4423-a446-fc45b4d61a4d@group-931A667C2C5B-FollowerState] INFO  impl.FollowerState (FollowerState.java:run(152)) - fd1f8b8e-2a75-4423-a446-fc45b4d61a4d@group-931A667C2C5B-FollowerState was interrupted
2022-06-20 01:36:23,061 [grpc-default-executor-0] INFO  server.RaftServer$Division (RaftServerImpl.java:requestVote(1152)) - 6c2707a0-87fd-4dba-96bb-b14739c19597@group-931A667C2C5B: receive requestVote(ELECTION, 5e432c75-8719-4a7d-ad09-7985e0971b8b, group-931A667C2C5B, 2, (t:0, i:0))
2022-06-20 01:36:23,066 [grpc-default-executor-0] INFO  impl.VoteContext (VoteContext.java:log(48)) - 6c2707a0-87fd-4dba-96bb-b14739c19597@group-931A667C2C5B-FOLLOWER: reject ELECTION from 5e432c75-8719-4a7d-ad09-7985e0971b8b: our priority 1 > candidate's priority 0
2022-06-20 01:36:23,066 [grpc-default-executor-0] INFO  server.RaftServer$Division (RaftServerImpl.java:setRole(299)) - 6c2707a0-87fd-4dba-96bb-b14739c19597@group-931A667C2C5B: changes role from  FOLLOWER to FOLLOWER at term 2 for candidate:5e432c75-8719-4a7d-ad09-7985e0971b8b
2022-06-20 01:36:23,066 [grpc-default-executor-0] INFO  impl.RoleInfo (RoleInfo.java:shutdownFollowerState(110)) - 6c2707a0-87fd-4dba-96bb-b14739c19597: shutdown 6c2707a0-87fd-4dba-96bb-b14739c19597@group-931A667C2C5B-FollowerState
2022-06-20 01:36:23,066 [grpc-default-executor-0] INFO  impl.RoleInfo (RoleInfo.java:updateAndGet(139)) - 6c2707a0-87fd-4dba-96bb-b14739c19597: start 6c2707a0-87fd-4dba-96bb-b14739c19597@group-931A667C2C5B-FollowerState
2022-06-20 01:36:23,066 [6c2707a0-87fd-4dba-96bb-b14739c19597@group-931A667C2C5B-FollowerState] INFO  impl.FollowerState (FollowerState.java:run(152)) - 6c2707a0-87fd-4dba-96bb-b14739c19597@group-931A667C2C5B-FollowerState was interrupted
2022-06-20 01:36:23,071 [grpc-default-executor-5] INFO  server.RaftServer$Division (RaftServerImpl.java:requestVote(1184)) - fd1f8b8e-2a75-4423-a446-fc45b4d61a4d@group-931A667C2C5B replies to ELECTION vote request: 5e432c75-8719-4a7d-ad09-7985e0971b8b<-fd1f8b8e-2a75-4423-a446-fc45b4d61a4d#0:OK-t2. Peer's state: fd1f8b8e-2a75-4423-a446-fc45b4d61a4d@group-931A667C2C5B:t2, leader=null, voted=5e432c75-8719-4a7d-ad09-7985e0971b8b, raftlog=fd1f8b8e-2a75-4423-a446-fc45b4d61a4d@group-931A667C2C5B-SegmentedRaftLog:OPENED:c-1, conf=-1: [fd1f8b8e-2a75-4423-a446-fc45b4d61a4d|rpc:10.1.0.17:35727|dataStream:|priority:0, 5e432c75-8719-4a7d-ad09-7985e0971b8b|rpc:10.1.0.17:44011|dataStream:|priority:0, 6c2707a0-87fd-4dba-96bb-b14739c19597|rpc:10.1.0.17:37095|dataStream:|priority:1], old=null
2022-06-20 01:36:23,076 [grpc-default-executor-0] INFO  server.RaftServer$Division (RaftServerImpl.java:requestVote(1184)) - 6c2707a0-87fd-4dba-96bb-b14739c19597@group-931A667C2C5B replies to ELECTION vote request: 5e432c75-8719-4a7d-ad09-7985e0971b8b<-6c2707a0-87fd-4dba-96bb-b14739c19597#0:FAIL-t2. Peer's state: 6c2707a0-87fd-4dba-96bb-b14739c19597@group-931A667C2C5B:t2, leader=null, voted=null, raftlog=6c2707a0-87fd-4dba-96bb-b14739c19597@group-931A667C2C5B-SegmentedRaftLog:OPENED:c-1, conf=-1: [fd1f8b8e-2a75-4423-a446-fc45b4d61a4d|rpc:10.1.0.17:35727|priority:0, 5e432c75-8719-4a7d-ad09-7985e0971b8b|rpc:10.1.0.17:44011|priority:0, 6c2707a0-87fd-4dba-96bb-b14739c19597|rpc:10.1.0.17:37095|priority:1], old=null
2022-06-20 01:36:23,087 [5e432c75-8719-4a7d-ad09-7985e0971b8b@group-931A667C2C5B-LeaderElection38] INFO  impl.LeaderElection (LeaderElection.java:logAndReturn(90)) - 5e432c75-8719-4a7d-ad09-7985e0971b8b@group-931A667C2C5B-LeaderElection38: ELECTION REJECTED received 2 response(s) and 0 exception(s):
2022-06-20 01:36:23,087 [5e432c75-8719-4a7d-ad09-7985e0971b8b@group-931A667C2C5B-LeaderElection38] INFO  impl.LeaderElection (LeaderElection.java:logAndReturn(94)) -   Response 0: 5e432c75-8719-4a7d-ad09-7985e0971b8b<-fd1f8b8e-2a75-4423-a446-fc45b4d61a4d#0:OK-t2
2022-06-20 01:36:23,087 [5e432c75-8719-4a7d-ad09-7985e0971b8b@group-931A667C2C5B-LeaderElection38] INFO  impl.LeaderElection (LeaderElection.java:logAndReturn(94)) -   Response 1: 5e432c75-8719-4a7d-ad09-7985e0971b8b<-6c2707a0-87fd-4dba-96bb-b14739c19597#0:FAIL-t2
2022-06-20 01:36:23,087 [5e432c75-8719-4a7d-ad09-7985e0971b8b@group-931A667C2C5B-LeaderElection38] INFO  impl.LeaderElection (LeaderElection.java:askForVotes(312)) - 5e432c75-8719-4a7d-ad09-7985e0971b8b@group-931A667C2C5B-LeaderElection38 ELECTION round 0: result REJECTED
2022-06-20 01:36:23,087 [5e432c75-8719-4a7d-ad09-7985e0971b8b@group-931A667C2C5B-LeaderElection38] INFO  server.RaftServer$Division (RaftServerImpl.java:setRole(299)) - 5e432c75-8719-4a7d-ad09-7985e0971b8b@group-931A667C2C5B: changes role from CANDIDATE to FOLLOWER at term 2 for REJECTED
2022-06-20 01:36:23,087 [5e432c75-8719-4a7d-ad09-7985e0971b8b@group-931A667C2C5B-LeaderElection38] INFO  impl.RoleInfo (RoleInfo.java:shutdownLeaderElection(130)) - 5e432c75-8719-4a7d-ad09-7985e0971b8b: shutdown 5e432c75-8719-4a7d-ad09-7985e0971b8b@group-931A667C2C5B-LeaderElection38
2022-06-20 01:36:23,087 [5e432c75-8719-4a7d-ad09-7985e0971b8b@group-931A667C2C5B-LeaderElection38] INFO  impl.RoleInfo (RoleInfo.java:updateAndGet(139)) - 5e432c75-8719-4a7d-ad09-7985e0971b8b: start 5e432c75-8719-4a7d-ad09-7985e0971b8b@group-931A667C2C5B-FollowerState
2022-06-20 01:36:23,187 [Mini-Cluster-Provider-Reap] INFO  ozoneimpl.OzoneContainer (OzoneContainer.java:stop(365)) - Attempting to stop container services.
2022-06-20 01:36:23,188 [Mini-Cluster-Provider-Reap] INFO  server.RaftServer (RaftServerProxy.java:lambda$close$7(398)) - 4305c143-0452-4ed8-8c62-6c38c0ad1b23: close
2022-06-20 01:36:23,188 [Mini-Cluster-Provider-Reap] INFO  server.RaftServer$Division (RaftServerImpl.java:lambda$close$4(434)) - 4305c143-0452-4ed8-8c62-6c38c0ad1b23@group-7E01DA335D8D: shutdown
2022-06-20 01:36:23,188 [Mini-Cluster-Provider-Reap] INFO  util.JmxRegister (JmxRegister.java:unregister(73)) - Successfully un-registered JMX Bean with object name Ratis:service=RaftServer,group=group-7E01DA335D8D,id=4305c143-0452-4ed8-8c62-6c38c0ad1b23
2022-06-20 01:36:23,188 [Mini-Cluster-Provider-Reap] INFO  impl.RoleInfo (RoleInfo.java:shutdownLeaderState(93)) - 4305c143-0452-4ed8-8c62-6c38c0ad1b23: shutdown 4305c143-0452-4ed8-8c62-6c38c0ad1b23@group-7E01DA335D8D-LeaderStateImpl
2022-06-20 01:36:23,188 [Mini-Cluster-Provider-Reap] INFO  impl.PendingRequests (PendingRequests.java:sendNotLeaderResponses(282)) - 4305c143-0452-4ed8-8c62-6c38c0ad1b23@group-7E01DA335D8D-PendingRequests: sendNotLeaderResponses
2022-06-20 01:36:23,189 [Mini-Cluster-Provider-Reap] INFO  impl.StateMachineUpdater (StateMachineUpdater.java:stopAndJoin(153)) - 4305c143-0452-4ed8-8c62-6c38c0ad1b23@group-7E01DA335D8D-StateMachineUpdater: set stopIndex = 0
2022-06-20 01:36:23,192 [4305c143-0452-4ed8-8c62-6c38c0ad1b23@group-7E01DA335D8D-StateMachineUpdater] INFO  ratis.ContainerStateMachine (ContainerStateMachine.java:takeSnapshot(304)) - group-7E01DA335D8D: Taking a snapshot at:(t:1, i:0) file /home/runner/work/ozone/ozone/hadoop-ozone/integration-test/target/test-dir/MiniOzoneClusterImpl-b100358f-1f15-45e6-9c02-f3e691616771/datanode-4/data/ratis/b3299a2b-5565-4776-a640-7e01da335d8d/sm/snapshot.1_0
2022-06-20 01:36:23,193 [4305c143-0452-4ed8-8c62-6c38c0ad1b23@group-7E01DA335D8D-StateMachineUpdater] INFO  ratis.ContainerStateMachine (ContainerStateMachine.java:takeSnapshot(315)) - group-7E01DA335D8D: Finished taking a snapshot at:(t:1, i:0) file:/home/runner/work/ozone/ozone/hadoop-ozone/integration-test/target/test-dir/MiniOzoneClusterImpl-b100358f-1f15-45e6-9c02-f3e691616771/datanode-4/data/ratis/b3299a2b-5565-4776-a640-7e01da335d8d/sm/snapshot.1_0 took: 2 ms
2022-06-20 01:36:23,197 [4305c143-0452-4ed8-8c62-6c38c0ad1b23@group-7E01DA335D8D-StateMachineUpdater] INFO  impl.StateMachineUpdater (StateMachineUpdater.java:takeSnapshot(287)) - 4305c143-0452-4ed8-8c62-6c38c0ad1b23@group-7E01DA335D8D-StateMachineUpdater: Took a snapshot at index 0
2022-06-20 01:36:23,197 [4305c143-0452-4ed8-8c62-6c38c0ad1b23@group-7E01DA335D8D-StateMachineUpdater] INFO  impl.StateMachineUpdater (StateMachineUpdater.java:lambda$new$0(92)) - 4305c143-0452-4ed8-8c62-6c38c0ad1b23@group-7E01DA335D8D-StateMachineUpdater: snapshotIndex: updateIncreasingly -1 -> 0
2022-06-20 01:36:23,198 [Mini-Cluster-Provider-Reap] INFO  server.RaftServer$Division (ServerState.java:close(429)) - 4305c143-0452-4ed8-8c62-6c38c0ad1b23@group-7E01DA335D8D: closes. applyIndex: 0
2022-06-20 01:36:23,198 [4305c143-0452-4ed8-8c62-6c38c0ad1b23@group-7E01DA335D8D-SegmentedRaftLogWorker] INFO  segmented.SegmentedRaftLogWorker (SegmentedRaftLogWorker.java:run(336)) - 4305c143-0452-4ed8-8c62-6c38c0ad1b23@group-7E01DA335D8D-SegmentedRaftLogWorker was interrupted, exiting. There are 0 tasks remaining in the queue.
2022-06-20 01:36:23,198 [Mini-Cluster-Provider-Reap] INFO  segmented.SegmentedRaftLogWorker (SegmentedRaftLogWorker.java:close(246)) - 4305c143-0452-4ed8-8c62-6c38c0ad1b23@group-7E01DA335D8D-SegmentedRaftLogWorker close()
2022-06-20 01:36:23,198 [Mini-Cluster-Provider-Reap] INFO  server.GrpcService (GrpcService.java:closeImpl(269)) - 4305c143-0452-4ed8-8c62-6c38c0ad1b23: shutdown server with port 35783 now
2022-06-20 01:36:23,202 [Mini-Cluster-Provider-Reap] INFO  server.GrpcService (GrpcService.java:closeImpl(278)) - 4305c143-0452-4ed8-8c62-6c38c0ad1b23: shutdown server with port 35783 successfully
2022-06-20 01:36:23,202 [org.apache.ratis.util.JvmPauseMonitor$$Lambda$706/1750956089@60719190] INFO  util.JvmPauseMonitor (JvmPauseMonitor.java:run(109)) - JvmPauseMonitor-4305c143-0452-4ed8-8c62-6c38c0ad1b23: Stopped
2022-06-20 01:36:23,416 [ReplicationMonitor] INFO  replication.ReplicationManager (ReplicationManager.java:processAll(249)) - Replication Monitor Thread took 1 milliseconds for processing 6 containers.
2022-06-20 01:36:23,876 [EventQueue-DeadNodeForDeadNodeHandler] INFO  node.DeadNodeHandler (DeadNodeHandler.java:onMessage(80)) - A dead datanode is detected. 4305c143-0452-4ed8-8c62-6c38c0ad1b23{ip: 10.1.0.17, host: fv-az21-158.v4iizcarkezebbfea14bcgzyke.bx.internal.cloudapp.net, ports: [REPLICATION=46617, RATIS=35783, RATIS_ADMIN=35783, RATIS_SERVER=35783, STANDALONE=37345], networkLocation: /default-rack, certSerialId: null, persistedOpState: IN_SERVICE, persistedOpStateExpiryEpochSec: 0}
2022-06-20 01:36:23,877 [EventQueue-DeadNodeForDeadNodeHandler] INFO  pipeline.RatisPipelineProvider (RatisPipelineProvider.java:lambda$close$1(244)) - Send pipeline:PipelineID=b3299a2b-5565-4776-a640-7e01da335d8d close command to datanode 4305c143-0452-4ed8-8c62-6c38c0ad1b23
2022-06-20 01:36:23,877 [EventQueue-DeadNodeForDeadNodeHandler] INFO  pipeline.PipelineStateManagerImpl (PipelineStateManagerImpl.java:removePipeline(243)) - Pipeline Pipeline[ Id: b3299a2b-5565-4776-a640-7e01da335d8d, Nodes: 4305c143-0452-4ed8-8c62-6c38c0ad1b23{ip: 10.1.0.17, host: fv-az21-158.v4iizcarkezebbfea14bcgzyke.bx.internal.cloudapp.net, ports: [REPLICATION=46617, RATIS=35783, RATIS_ADMIN=35783, RATIS_SERVER=35783, STANDALONE=37345], networkLocation: /default-rack, certSerialId: null, persistedOpState: DECOMMISSIONED, persistedOpStateExpiryEpochSec: 0}, ReplicationConfig: RATIS/ONE, State:CLOSED, leaderId:4305c143-0452-4ed8-8c62-6c38c0ad1b23, CreationTimestamp2022-06-20T01:35:55.501Z[Etc/UTC]] removed.
2022-06-20 01:36:23,877 [EventQueue-DeadNodeForDeadNodeHandler] INFO  net.NetworkTopologyImpl (NetworkTopologyImpl.java:remove(137)) - Removed a node: /default-rack/4305c143-0452-4ed8-8c62-6c38c0ad1b23
2022-06-20 01:36:23,946 [ReplicationMonitor] WARN  replication.LegacyReplicationManager (LegacyReplicationManager.java:handleUnderReplicatedContainer(1221)) - Cannot replicate container #1, no healthy replica found.
2022-06-20 01:36:23,946 [ReplicationMonitor] WARN  replication.LegacyReplicationManager (LegacyReplicationManager.java:handleUnderReplicatedContainer(1221)) - Cannot replicate container #2, no healthy replica found.
2022-06-20 01:36:23,946 [ReplicationMonitor] WARN  replication.LegacyReplicationManager (LegacyReplicationManager.java:handleUnderReplicatedContainer(1221)) - Cannot replicate container #3, no healthy replica found.
2022-06-20 01:36:23,947 [ReplicationMonitor] INFO  replication.ReplicationManager (ReplicationManager.java:processAll(249)) - Replication Monitor Thread took 0 milliseconds for processing 3 containers.
2022-06-20 01:36:24,118 [ForkJoinPool.commonPool-worker-0] INFO  utils.BackgroundService (BackgroundService.java:shutdown(132)) - Shutting down service BlockDeletingService
2022-06-20 01:36:24,417 [ReplicationMonitor] INFO  replication.ReplicationManager (ReplicationManager.java:processAll(249)) - Replication Monitor Thread took 0 milliseconds for processing 6 containers.
2022-06-20 01:36:24,947 [ReplicationMonitor] WARN  replication.LegacyReplicationManager (LegacyReplicationManager.java:handleUnderReplicatedContainer(1221)) - Cannot replicate container #1, no healthy replica found.
2022-06-20 01:36:24,947 [ReplicationMonitor] WARN  replication.LegacyReplicationManager (LegacyReplicationManager.java:handleUnderReplicatedContainer(1221)) - Cannot replicate container #2, no healthy replica found.
2022-06-20 01:36:24,947 [ReplicationMonitor] WARN  replication.LegacyReplicationManager (LegacyReplicationManager.java:handleUnderReplicatedContainer(1221)) - Cannot replicate container #3, no healthy replica found.
2022-06-20 01:36:24,947 [ReplicationMonitor] INFO  replication.ReplicationManager (ReplicationManager.java:processAll(249)) - Replication Monitor Thread took 1 milliseconds for processing 3 containers.
2022-06-20 01:36:25,251 [Mini-Cluster-Provider-Reap] INFO  utils.BackgroundService (BackgroundService.java:shutdown(132)) - Shutting down service BlockDeletingService
2022-06-20 01:36:25,417 [ReplicationMonitor] INFO  replication.ReplicationManager (ReplicationManager.java:processAll(249)) - Replication Monitor Thread took 1 milliseconds for processing 6 containers.
2022-06-20 01:36:25,947 [ReplicationMonitor] WARN  replication.LegacyReplicationManager (LegacyReplicationManager.java:handleUnderReplicatedContainer(1221)) - Cannot replicate container #1, no healthy replica found.
2022-06-20 01:36:25,948 [ReplicationMonitor] WARN  replication.LegacyReplicationManager (LegacyReplicationManager.java:handleUnderReplicatedContainer(1221)) - Cannot replicate container #2, no healthy replica found.
2022-06-20 01:36:25,948 [ReplicationMonitor] WARN  replication.LegacyReplicationManager (LegacyReplicationManager.java:handleUnderReplicatedContainer(1221)) - Cannot replicate container #3, no healthy replica found.
2022-06-20 01:36:25,948 [ReplicationMonitor] INFO  replication.ReplicationManager (ReplicationManager.java:processAll(249)) - Replication Monitor Thread took 0 milliseconds for processing 3 containers.
2022-06-20 01:36:26,418 [ReplicationMonitor] INFO  replication.ReplicationManager (ReplicationManager.java:processAll(249)) - Replication Monitor Thread took 0 milliseconds for processing 6 containers.
2022-06-20 01:36:26,948 [ReplicationMonitor] WARN  replication.LegacyReplicationManager (LegacyReplicationManager.java:handleUnderReplicatedContainer(1221)) - Cannot replicate container #1, no healthy replica found.
2022-06-20 01:36:26,948 [ReplicationMonitor] WARN  replication.LegacyReplicationManager (LegacyReplicationManager.java:handleUnderReplicatedContainer(1221)) - Cannot replicate container #2, no healthy replica found.
2022-06-20 01:36:26,948 [ReplicationMonitor] WARN  replication.LegacyReplicationManager (LegacyReplicationManager.java:handleUnderReplicatedContainer(1221)) - Cannot replicate container #3, no healthy replica found.
2022-06-20 01:36:26,948 [ReplicationMonitor] INFO  replication.ReplicationManager (ReplicationManager.java:processAll(249)) - Replication Monitor Thread took 1 milliseconds for processing 3 containers.
2022-06-20 01:36:27,152 [ForkJoinPool.commonPool-worker-0] INFO  statemachine.DatanodeStateMachine (DatanodeStateMachine.java:stopDaemon(580)) - Ozone container server stopped.
2022-06-20 01:36:27,176 [ForkJoinPool.commonPool-worker-0] INFO  handler.ContextHandler (ContextHandler.java:doStop(1153)) - Stopped o.e.j.w.WebAppContext@11566e34{hddsDatanode,/,null,STOPPED}{jar:file:/home/runner/.m2/repository/org/apache/ozone/hdds-container-service/1.3.0-SNAPSHOT/hdds-container-service-1.3.0-SNAPSHOT.jar!/webapps/hddsDatanode}
2022-06-20 01:36:27,176 [ForkJoinPool.commonPool-worker-0] INFO  server.AbstractConnector (AbstractConnector.java:doStop(381)) - Stopped ServerConnector@6c83ce27{HTTP/1.1, (http/1.1)}{0.0.0.0:0}
2022-06-20 01:36:27,177 [ForkJoinPool.commonPool-worker-0] INFO  server.session (HouseKeeper.java:stopScavenging(149)) - node0 Stopped scavenging
2022-06-20 01:36:27,202 [ForkJoinPool.commonPool-worker-0] INFO  handler.ContextHandler (ContextHandler.java:doStop(1153)) - Stopped o.e.j.s.ServletContextHandler@1b146cff{static,/static,jar:file:/home/runner/.m2/repository/org/apache/ozone/hdds-container-service/1.3.0-SNAPSHOT/hdds-container-service-1.3.0-SNAPSHOT.jar!/webapps/static,STOPPED}
2022-06-20 01:36:27,202 [ForkJoinPool.commonPool-worker-0] INFO  handler.ContextHandler (ContextHandler.java:doStop(1153)) - Stopped o.e.j.s.ServletContextHandler@76239ff3{logs,/logs,file:///home/runner/work/ozone/ozone/hadoop-ozone/integration-test/target/log,STOPPED}
2022-06-20 01:36:27,418 [ReplicationMonitor] INFO  replication.ReplicationManager (ReplicationManager.java:processAll(249)) - Replication Monitor Thread took 0 milliseconds for processing 6 containers.
2022-06-20 01:36:27,949 [ReplicationMonitor] WARN  replication.LegacyReplicationManager (LegacyReplicationManager.java:handleUnderReplicatedContainer(1221)) - Cannot replicate container #1, no healthy replica found.
2022-06-20 01:36:27,949 [ReplicationMonitor] WARN  replication.LegacyReplicationManager (LegacyReplicationManager.java:handleUnderReplicatedContainer(1221)) - Cannot replicate container #2, no healthy replica found.
2022-06-20 01:36:27,949 [ReplicationMonitor] WARN  replication.LegacyReplicationManager (LegacyReplicationManager.java:handleUnderReplicatedContainer(1221)) - Cannot replicate container #3, no healthy replica found.
2022-06-20 01:36:27,949 [ReplicationMonitor] INFO  replication.ReplicationManager (ReplicationManager.java:processAll(249)) - Replication Monitor Thread took 1 milliseconds for processing 3 containers.
2022-06-20 01:36:28,092 [fd1f8b8e-2a75-4423-a446-fc45b4d61a4d@group-931A667C2C5B-FollowerState] INFO  impl.FollowerState (FollowerState.java:run(143)) - fd1f8b8e-2a75-4423-a446-fc45b4d61a4d@group-931A667C2C5B-FollowerState: change to CANDIDATE, lastRpcElapsedTime:5020755725ns, electionTimeout:5005ms
2022-06-20 01:36:28,092 [fd1f8b8e-2a75-4423-a446-fc45b4d61a4d@group-931A667C2C5B-FollowerState] INFO  impl.RoleInfo (RoleInfo.java:shutdownFollowerState(110)) - fd1f8b8e-2a75-4423-a446-fc45b4d61a4d: shutdown fd1f8b8e-2a75-4423-a446-fc45b4d61a4d@group-931A667C2C5B-FollowerState
2022-06-20 01:36:28,092 [fd1f8b8e-2a75-4423-a446-fc45b4d61a4d@group-931A667C2C5B-FollowerState] INFO  server.RaftServer$Division (RaftServerImpl.java:setRole(299)) - fd1f8b8e-2a75-4423-a446-fc45b4d61a4d@group-931A667C2C5B: changes role from  FOLLOWER to CANDIDATE at term 2 for changeToCandidate
2022-06-20 01:36:28,092 [fd1f8b8e-2a75-4423-a446-fc45b4d61a4d@group-931A667C2C5B-FollowerState] INFO  server.RaftServerConfigKeys (ConfUtils.java:logGet(46)) - raft.server.leaderelection.pre-vote = false (custom)
2022-06-20 01:36:28,092 [fd1f8b8e-2a75-4423-a446-fc45b4d61a4d@group-931A667C2C5B-FollowerState] INFO  impl.RoleInfo (RoleInfo.java:updateAndGet(139)) - fd1f8b8e-2a75-4423-a446-fc45b4d61a4d: start fd1f8b8e-2a75-4423-a446-fc45b4d61a4d@group-931A667C2C5B-LeaderElection39
2022-06-20 01:36:28,102 [fd1f8b8e-2a75-4423-a446-fc45b4d61a4d@group-931A667C2C5B-LeaderElection39] INFO  impl.LeaderElection (LeaderElection.java:askForVotes(310)) - fd1f8b8e-2a75-4423-a446-fc45b4d61a4d@group-931A667C2C5B-LeaderElection39 ELECTION round 0: submit vote requests at term 3 for -1: [fd1f8b8e-2a75-4423-a446-fc45b4d61a4d|rpc:10.1.0.17:35727|dataStream:|priority:0, 5e432c75-8719-4a7d-ad09-7985e0971b8b|rpc:10.1.0.17:44011|dataStream:|priority:0, 6c2707a0-87fd-4dba-96bb-b14739c19597|rpc:10.1.0.17:37095|dataStream:|priority:1], old=null
2022-06-20 01:36:28,124 [grpc-default-executor-0] INFO  server.RaftServer$Division (RaftServerImpl.java:requestVote(1152)) - 5e432c75-8719-4a7d-ad09-7985e0971b8b@group-931A667C2C5B: receive requestVote(ELECTION, fd1f8b8e-2a75-4423-a446-fc45b4d61a4d, group-931A667C2C5B, 3, (t:0, i:0))
2022-06-20 01:36:28,125 [grpc-default-executor-0] INFO  impl.VoteContext (VoteContext.java:log(48)) - 5e432c75-8719-4a7d-ad09-7985e0971b8b@group-931A667C2C5B-FOLLOWER: accept ELECTION from fd1f8b8e-2a75-4423-a446-fc45b4d61a4d: our priority 0 <= candidate's priority 0
2022-06-20 01:36:28,125 [grpc-default-executor-0] INFO  server.RaftServer$Division (RaftServerImpl.java:setRole(299)) - 5e432c75-8719-4a7d-ad09-7985e0971b8b@group-931A667C2C5B: changes role from  FOLLOWER to FOLLOWER at term 3 for candidate:fd1f8b8e-2a75-4423-a446-fc45b4d61a4d
2022-06-20 01:36:28,125 [grpc-default-executor-0] INFO  impl.RoleInfo (RoleInfo.java:shutdownFollowerState(110)) - 5e432c75-8719-4a7d-ad09-7985e0971b8b: shutdown 5e432c75-8719-4a7d-ad09-7985e0971b8b@group-931A667C2C5B-FollowerState
2022-06-20 01:36:28,125 [6c2707a0-87fd-4dba-96bb-b14739c19597@group-931A667C2C5B-FollowerState] INFO  impl.FollowerState (FollowerState.java:run(143)) - 6c2707a0-87fd-4dba-96bb-b14739c19597@group-931A667C2C5B-FollowerState: change to CANDIDATE, lastRpcElapsedTime:5058969170ns, electionTimeout:5034ms
2022-06-20 01:36:28,125 [grpc-default-executor-0] INFO  impl.RoleInfo (RoleInfo.java:updateAndGet(139)) - 5e432c75-8719-4a7d-ad09-7985e0971b8b: start 5e432c75-8719-4a7d-ad09-7985e0971b8b@group-931A667C2C5B-FollowerState
2022-06-20 01:36:28,125 [6c2707a0-87fd-4dba-96bb-b14739c19597@group-931A667C2C5B-FollowerState] INFO  impl.RoleInfo (RoleInfo.java:shutdownFollowerState(110)) - 6c2707a0-87fd-4dba-96bb-b14739c19597: shutdown 6c2707a0-87fd-4dba-96bb-b14739c19597@group-931A667C2C5B-FollowerState
2022-06-20 01:36:28,125 [6c2707a0-87fd-4dba-96bb-b14739c19597@group-931A667C2C5B-FollowerState] INFO  server.RaftServer$Division (RaftServerImpl.java:setRole(299)) - 6c2707a0-87fd-4dba-96bb-b14739c19597@group-931A667C2C5B: changes role from  FOLLOWER to CANDIDATE at term 2 for changeToCandidate
2022-06-20 01:36:28,125 [5e432c75-8719-4a7d-ad09-7985e0971b8b@group-931A667C2C5B-FollowerState] INFO  impl.FollowerState (FollowerState.java:run(152)) - 5e432c75-8719-4a7d-ad09-7985e0971b8b@group-931A667C2C5B-FollowerState was interrupted
2022-06-20 01:36:28,127 [grpc-default-executor-5] INFO  server.RaftServer$Division (RaftServerImpl.java:requestVote(1152)) - 6c2707a0-87fd-4dba-96bb-b14739c19597@group-931A667C2C5B: receive requestVote(ELECTION, fd1f8b8e-2a75-4423-a446-fc45b4d61a4d, group-931A667C2C5B, 3, (t:0, i:0))
2022-06-20 01:36:28,128 [6c2707a0-87fd-4dba-96bb-b14739c19597@group-931A667C2C5B-FollowerState] INFO  server.RaftServerConfigKeys (ConfUtils.java:logGet(46)) - raft.server.leaderelection.pre-vote = false (custom)
2022-06-20 01:36:28,128 [6c2707a0-87fd-4dba-96bb-b14739c19597@group-931A667C2C5B-FollowerState] INFO  impl.RoleInfo (RoleInfo.java:updateAndGet(139)) - 6c2707a0-87fd-4dba-96bb-b14739c19597: start 6c2707a0-87fd-4dba-96bb-b14739c19597@group-931A667C2C5B-LeaderElection40
2022-06-20 01:36:28,130 [grpc-default-executor-0] INFO  server.RaftServer$Division (RaftServerImpl.java:requestVote(1184)) - 5e432c75-8719-4a7d-ad09-7985e0971b8b@group-931A667C2C5B replies to ELECTION vote request: fd1f8b8e-2a75-4423-a446-fc45b4d61a4d<-5e432c75-8719-4a7d-ad09-7985e0971b8b#0:OK-t3. Peer's state: 5e432c75-8719-4a7d-ad09-7985e0971b8b@group-931A667C2C5B:t3, leader=null, voted=fd1f8b8e-2a75-4423-a446-fc45b4d61a4d, raftlog=5e432c75-8719-4a7d-ad09-7985e0971b8b@group-931A667C2C5B-SegmentedRaftLog:OPENED:c-1, conf=-1: [fd1f8b8e-2a75-4423-a446-fc45b4d61a4d|rpc:10.1.0.17:35727|dataStream:|priority:0, 5e432c75-8719-4a7d-ad09-7985e0971b8b|rpc:10.1.0.17:44011|dataStream:|priority:0, 6c2707a0-87fd-4dba-96bb-b14739c19597|rpc:10.1.0.17:37095|dataStream:|priority:1], old=null
2022-06-20 01:36:28,136 [grpc-default-executor-5] INFO  impl.VoteContext (VoteContext.java:log(48)) - 6c2707a0-87fd-4dba-96bb-b14739c19597@group-931A667C2C5B-CANDIDATE: reject ELECTION from fd1f8b8e-2a75-4423-a446-fc45b4d61a4d: our priority 1 > candidate's priority 0
2022-06-20 01:36:28,136 [grpc-default-executor-5] INFO  server.RaftServer$Division (RaftServerImpl.java:setRole(299)) - 6c2707a0-87fd-4dba-96bb-b14739c19597@group-931A667C2C5B: changes role from CANDIDATE to FOLLOWER at term 3 for candidate:fd1f8b8e-2a75-4423-a446-fc45b4d61a4d
2022-06-20 01:36:28,136 [grpc-default-executor-5] INFO  impl.RoleInfo (RoleInfo.java:shutdownLeaderElection(130)) - 6c2707a0-87fd-4dba-96bb-b14739c19597: shutdown 6c2707a0-87fd-4dba-96bb-b14739c19597@group-931A667C2C5B-LeaderElection40
2022-06-20 01:36:28,136 [grpc-default-executor-5] INFO  impl.RoleInfo (RoleInfo.java:updateAndGet(139)) - 6c2707a0-87fd-4dba-96bb-b14739c19597: start 6c2707a0-87fd-4dba-96bb-b14739c19597@group-931A667C2C5B-FollowerState
2022-06-20 01:36:28,137 [6c2707a0-87fd-4dba-96bb-b14739c19597@group-931A667C2C5B-LeaderElection40] INFO  impl.LeaderElection (LeaderElection.java:run(231)) - 6c2707a0-87fd-4dba-96bb-b14739c19597@group-931A667C2C5B-LeaderElection40: skip running since this is already CLOSING
2022-06-20 01:36:28,139 [grpc-default-executor-5] INFO  server.RaftServer$Division (RaftServerImpl.java:requestVote(1184)) - 6c2707a0-87fd-4dba-96bb-b14739c19597@group-931A667C2C5B replies to ELECTION vote request: fd1f8b8e-2a75-4423-a446-fc45b4d61a4d<-6c2707a0-87fd-4dba-96bb-b14739c19597#0:FAIL-t3. Peer's state: 6c2707a0-87fd-4dba-96bb-b14739c19597@group-931A667C2C5B:t3, leader=null, voted=null, raftlog=6c2707a0-87fd-4dba-96bb-b14739c19597@group-931A667C2C5B-SegmentedRaftLog:OPENED:c-1, conf=-1: [fd1f8b8e-2a75-4423-a446-fc45b4d61a4d|rpc:10.1.0.17:35727|priority:0, 5e432c75-8719-4a7d-ad09-7985e0971b8b|rpc:10.1.0.17:44011|priority:0, 6c2707a0-87fd-4dba-96bb-b14739c19597|rpc:10.1.0.17:37095|priority:1], old=null
2022-06-20 01:36:28,143 [fd1f8b8e-2a75-4423-a446-fc45b4d61a4d@group-931A667C2C5B-LeaderElection39] INFO  impl.LeaderElection (LeaderElection.java:logAndReturn(90)) - fd1f8b8e-2a75-4423-a446-fc45b4d61a4d@group-931A667C2C5B-LeaderElection39: ELECTION REJECTED received 2 response(s) and 0 exception(s):
2022-06-20 01:36:28,143 [fd1f8b8e-2a75-4423-a446-fc45b4d61a4d@group-931A667C2C5B-LeaderElection39] INFO  impl.LeaderElection (LeaderElection.java:logAndReturn(94)) -   Response 0: fd1f8b8e-2a75-4423-a446-fc45b4d61a4d<-5e432c75-8719-4a7d-ad09-7985e0971b8b#0:OK-t3
2022-06-20 01:36:28,143 [fd1f8b8e-2a75-4423-a446-fc45b4d61a4d@group-931A667C2C5B-LeaderElection39] INFO  impl.LeaderElection (LeaderElection.java:logAndReturn(94)) -   Response 1: fd1f8b8e-2a75-4423-a446-fc45b4d61a4d<-6c2707a0-87fd-4dba-96bb-b14739c19597#0:FAIL-t3
2022-06-20 01:36:28,143 [fd1f8b8e-2a75-4423-a446-fc45b4d61a4d@group-931A667C2C5B-LeaderElection39] INFO  impl.LeaderElection (LeaderElection.java:askForVotes(312)) - fd1f8b8e-2a75-4423-a446-fc45b4d61a4d@group-931A667C2C5B-LeaderElection39 ELECTION round 0: result REJECTED
2022-06-20 01:36:28,143 [fd1f8b8e-2a75-4423-a446-fc45b4d61a4d@group-931A667C2C5B-LeaderElection39] INFO  server.RaftServer$Division (RaftServerImpl.java:setRole(299)) - fd1f8b8e-2a75-4423-a446-fc45b4d61a4d@group-931A667C2C5B: changes role from CANDIDATE to FOLLOWER at term 3 for REJECTED
2022-06-20 01:36:28,143 [fd1f8b8e-2a75-4423-a446-fc45b4d61a4d@group-931A667C2C5B-LeaderElection39] INFO  impl.RoleInfo (RoleInfo.java:shutdownLeaderElection(130)) - fd1f8b8e-2a75-4423-a446-fc45b4d61a4d: shutdown fd1f8b8e-2a75-4423-a446-fc45b4d61a4d@group-931A667C2C5B-LeaderElection39
2022-06-20 01:36:28,143 [fd1f8b8e-2a75-4423-a446-fc45b4d61a4d@group-931A667C2C5B-LeaderElection39] INFO  impl.RoleInfo (RoleInfo.java:updateAndGet(139)) - fd1f8b8e-2a75-4423-a446-fc45b4d61a4d: start fd1f8b8e-2a75-4423-a446-fc45b4d61a4d@group-931A667C2C5B-FollowerState
2022-06-20 01:36:28,263 [Mini-Cluster-Provider-Reap] INFO  statemachine.DatanodeStateMachine (DatanodeStateMachine.java:stopDaemon(580)) - Ozone container server stopped.
2022-06-20 01:36:28,297 [Mini-Cluster-Provider-Reap] INFO  handler.ContextHandler (ContextHandler.java:doStop(1153)) - Stopped o.e.j.w.WebAppContext@b788dc2{hddsDatanode,/,null,STOPPED}{jar:file:/home/runner/.m2/repository/org/apache/ozone/hdds-container-service/1.3.0-SNAPSHOT/hdds-container-service-1.3.0-SNAPSHOT.jar!/webapps/hddsDatanode}
2022-06-20 01:36:28,302 [Mini-Cluster-Provider-Reap] INFO  server.AbstractConnector (AbstractConnector.java:doStop(381)) - Stopped ServerConnector@7ecb9e17{HTTP/1.1, (http/1.1)}{0.0.0.0:45487}
2022-06-20 01:36:28,302 [Mini-Cluster-Provider-Reap] INFO  server.session (HouseKeeper.java:stopScavenging(149)) - node0 Stopped scavenging
2022-06-20 01:36:28,303 [Mini-Cluster-Provider-Reap] INFO  handler.ContextHandler (ContextHandler.java:doStop(1153)) - Stopped o.e.j.s.ServletContextHandler@4ac19bc6{static,/static,jar:file:/home/runner/.m2/repository/org/apache/ozone/hdds-container-service/1.3.0-SNAPSHOT/hdds-container-service-1.3.0-SNAPSHOT.jar!/webapps/static,STOPPED}
2022-06-20 01:36:28,303 [Mini-Cluster-Provider-Reap] INFO  handler.ContextHandler (ContextHandler.java:doStop(1153)) - Stopped o.e.j.s.ServletContextHandler@49d543a9{logs,/logs,file:///home/runner/work/ozone/ozone/hadoop-ozone/integration-test/target/log,STOPPED}
2022-06-20 01:36:28,305 [Mini-Cluster-Provider-Reap] INFO  ozone.MiniOzoneClusterImpl (MiniOzoneClusterImpl.java:stopSCM(545)) - Stopping the StorageContainerManager
2022-06-20 01:36:28,305 [Mini-Cluster-Provider-Reap] INFO  server.StorageContainerManager (StorageContainerManager.java:stop(1501)) - Container Balancer is not running.
2022-06-20 01:36:28,305 [Mini-Cluster-Provider-Reap] INFO  server.StorageContainerManager (StorageContainerManager.java:stop(1508)) - Stopping Replication Manager Service.
2022-06-20 01:36:28,305 [Mini-Cluster-Provider-Reap] INFO  replication.ReplicationManager (ReplicationManager.java:stop(212)) - Stopping Replication Monitor Thread.
2022-06-20 01:36:28,306 [ReplicationMonitor] INFO  replication.ReplicationManager (ReplicationManager.java:run(270)) - Replication Monitor Thread is stopped
2022-06-20 01:36:28,306 [Mini-Cluster-Provider-Reap] INFO  server.StorageContainerManager (StorageContainerManager.java:stop(1515)) - Stopping the Datanode Admin Monitor.
2022-06-20 01:36:28,306 [Mini-Cluster-Provider-Reap] INFO  server.StorageContainerManager (StorageContainerManager.java:stop(1522)) - Stopping Lease Manager of the command watchers
2022-06-20 01:36:28,307 [Mini-Cluster-Provider-Reap] INFO  server.StorageContainerManager (StorageContainerManager.java:stop(1529)) - Stopping datanode service RPC server
2022-06-20 01:36:28,307 [Mini-Cluster-Provider-Reap] INFO  server.SCMDatanodeProtocolServer (SCMDatanodeProtocolServer.java:stop(400)) - Stopping the RPC server for DataNodes
2022-06-20 01:36:28,307 [Mini-Cluster-Provider-Reap] INFO  ipc.Server (Server.java:stop(3414)) - Stopping server on 36329
2022-06-20 01:36:28,310 [IPC Server listener on 0] INFO  ipc.Server (Server.java:run(1376)) - Stopping IPC Server listener on 0
2022-06-20 01:36:28,311 [IPC Server Responder] INFO  ipc.Server (Server.java:run(1512)) - Stopping IPC Server Responder
2022-06-20 01:36:28,403 [SCM Heartbeat Processing Thread - 0] WARN  node.NodeStateManager (NodeStateManager.java:scheduleNextHealthCheck(848)) - Current Thread is interrupted, shutting down HB processing thread for Node Manager.
2022-06-20 01:36:28,404 [Mini-Cluster-Provider-Reap] INFO  server.StorageContainerManager (StorageContainerManager.java:stop(1537)) - Stopping block service RPC server
2022-06-20 01:36:28,404 [Mini-Cluster-Provider-Reap] INFO  server.SCMBlockProtocolServer (SCMBlockProtocolServer.java:stop(160)) - Stopping the RPC server for Block Protocol
2022-06-20 01:36:28,404 [Mini-Cluster-Provider-Reap] INFO  ipc.Server (Server.java:stop(3414)) - Stopping server on 45831
2022-06-20 01:36:28,410 [Mini-Cluster-Provider-Reap] INFO  server.StorageContainerManager (StorageContainerManager.java:stop(1544)) - Stopping the StorageContainerLocationProtocol RPC server
2022-06-20 01:36:28,410 [IPC Server Responder] INFO  ipc.Server (Server.java:run(1512)) - Stopping IPC Server Responder
2022-06-20 01:36:28,410 [IPC Server listener on 0] INFO  ipc.Server (Server.java:run(1376)) - Stopping IPC Server listener on 0
2022-06-20 01:36:28,410 [Mini-Cluster-Provider-Reap] INFO  server.SCMClientProtocolServer (SCMClientProtocolServer.java:stop(178)) - Stopping the RPC server for Client Protocol
2022-06-20 01:36:28,411 [Mini-Cluster-Provider-Reap] INFO  ipc.Server (Server.java:stop(3414)) - Stopping server on 44655
2022-06-20 01:36:28,412 [Mini-Cluster-Provider-Reap] INFO  server.StorageContainerManager (StorageContainerManager.java:stop(1551)) - Stopping Storage Container Manager HTTP server.
2022-06-20 01:36:28,412 [IPC Server Responder] INFO  ipc.Server (Server.java:run(1512)) - Stopping IPC Server Responder
2022-06-20 01:36:28,413 [IPC Server listener on 0] INFO  ipc.Server (Server.java:run(1376)) - Stopping IPC Server listener on 0
2022-06-20 01:36:28,416 [Mini-Cluster-Provider-Reap] INFO  handler.ContextHandler (ContextHandler.java:doStop(1153)) - Stopped o.e.j.w.WebAppContext@4d9d2a60{scm,/,null,STOPPED}{file:/home/runner/work/ozone/ozone/hadoop-ozone/integration-test/target/test-classes/webapps/scm}
2022-06-20 01:36:28,416 [Mini-Cluster-Provider-Reap] INFO  server.AbstractConnector (AbstractConnector.java:doStop(381)) - Stopped ServerConnector@23b3af40{HTTP/1.1, (http/1.1)}{0.0.0.0:0}
2022-06-20 01:36:28,416 [Mini-Cluster-Provider-Reap] INFO  server.session (HouseKeeper.java:stopScavenging(149)) - node0 Stopped scavenging
2022-06-20 01:36:28,417 [Mini-Cluster-Provider-Reap] INFO  handler.ContextHandler (ContextHandler.java:doStop(1153)) - Stopped o.e.j.s.ServletContextHandler@91c0576{static,/static,file:///home/runner/work/ozone/ozone/hadoop-ozone/integration-test/target/test-classes/webapps/static,STOPPED}
2022-06-20 01:36:28,417 [Mini-Cluster-Provider-Reap] INFO  handler.ContextHandler (ContextHandler.java:doStop(1153)) - Stopped o.e.j.s.ServletContextHandler@41dba13d{logs,/logs,file:///home/runner/work/ozone/ozone/hadoop-ozone/integration-test/target/log,STOPPED}
[...]
	at org.junit.platform.engine.support.hierarchical.NodeTestTask.execute(NodeTestTask.java:95)
	at java.util.ArrayList.forEach(ArrayList.java:1259)
	at org.junit.platform.engine.support.hierarchical.SameThreadHierarchicalTestExecutorService.invokeAll(SameThreadHierarchicalTestExecutorService.java:41)
	at org.junit.platform.engine.support.hierarchical.NodeTestTask.lambda$executeRecursively$6(NodeTestTask.java:155)
	at org.junit.platform.engine.support.hierarchical.ThrowableCollector.execute(ThrowableCollector.java:73)
	at org.junit.platform.engine.support.hierarchical.NodeTestTask.lambda$executeRecursively$8(NodeTestTask.java:141)
	at org.junit.platform.engine.support.hierarchical.Node.around(Node.java:137)
	at org.junit.platform.engine.support.hierarchical.NodeTestTask.lambda$executeRecursively$9(NodeTestTask.java:139)
	at org.junit.platform.engine.support.hierarchical.ThrowableCollector.execute(ThrowableCollector.java:73)
	at org.junit.platform.engine.support.hierarchical.NodeTestTask.executeRecursively(NodeTestTask.java:138)
	at org.junit.platform.engine.support.hierarchical.NodeTestTask.execute(NodeTestTask.java:95)
	at org.junit.platform.engine.support.hierarchical.SameThreadHierarchicalTestExecutorService.submit(SameThreadHierarchicalTestExecutorService.java:35)
	at org.junit.platform.engine.support.hierarchical.HierarchicalTestExecutor.execute(HierarchicalTestExecutor.java:57)
	at org.junit.platform.engine.support.hierarchical.HierarchicalTestEngine.execute(HierarchicalTestEngine.java:54)
	at org.junit.platform.launcher.core.EngineExecutionOrchestrator.execute(EngineExecutionOrchestrator.java:107)
	at org.junit.platform.launcher.core.EngineExecutionOrchestrator.execute(EngineExecutionOrchestrator.java:88)
	at org.junit.platform.launcher.core.EngineExecutionOrchestrator.lambda$execute$0(EngineExecutionOrchestrator.java:54)
	at org.junit.platform.launcher.core.EngineExecutionOrchestrator.withInterceptedStreams(EngineExecutionOrchestrator.java:67)
	at org.junit.platform.launcher.core.EngineExecutionOrchestrator.execute(EngineExecutionOrchestrator.java:52)
	at org.junit.platform.launcher.core.DefaultLauncher.execute(DefaultLauncher.java:114)
	at org.junit.platform.launcher.core.DefaultLauncher.execute(DefaultLauncher.java:86)
	at org.junit.platform.launcher.core.DefaultLauncherSession$DelegatingLauncher.execute(DefaultLauncherSession.java:86)
	at org.junit.platform.launcher.core.SessionPerRequestLauncher.execute(SessionPerRequestLauncher.java:53)
	at org.apache.maven.surefire.junitplatform.JUnitPlatformProvider.execute(JUnitPlatformProvider.java:188)
	at org.apache.maven.surefire.junitplatform.JUnitPlatformProvider.invokeAllTests(JUnitPlatformProvider.java:154)
	at org.apache.maven.surefire.junitplatform.JUnitPlatformProvider.invoke(JUnitPlatformProvider.java:124)
	at org.apache.maven.surefire.booter.ForkedBooter.runSuitesInProcess(ForkedBooter.java:428)
	at org.apache.maven.surefire.booter.ForkedBooter.execute(ForkedBooter.java:162)
	at org.apache.maven.surefire.booter.ForkedBooter.run(ForkedBooter.java:562)
	at org.apache.maven.surefire.booter.ForkedBooter.main(ForkedBooter.java:548)
]]></error>
  </testcase>
  <testcase name="testEnteringMaintenanceNodeCompletesAfterSCMRestart" classname="org.apache.hadoop.ozone.scm.node.TestDecommissionAndMaintenance" time="100.021">
    <error type="java.io.IOException"><![CDATA[java.io.IOException: Failed to obtain available cluster in time
	at org.apache.hadoop.ozone.MiniOzoneClusterProvider.provide(MiniOzoneClusterProvider.java:162)
	at org.apache.hadoop.ozone.scm.node.TestDecommissionAndMaintenance.setUp(TestDecommissionAndMaintenance.java:145)
	at sun.reflect.NativeMethodAccessorImpl.invoke0(Native Method)
	at sun.reflect.NativeMethodAccessorImpl.invoke(NativeMethodAccessorImpl.java:62)
	at sun.reflect.DelegatingMethodAccessorImpl.invoke(DelegatingMethodAccessorImpl.java:43)
	at java.lang.reflect.Method.invoke(Method.java:498)
	at org.junit.platform.commons.util.ReflectionUtils.invokeMethod(ReflectionUtils.java:725)
	at org.junit.jupiter.engine.execution.MethodInvocation.proceed(MethodInvocation.java:60)
	at org.junit.jupiter.engine.execution.InvocationInterceptorChain$ValidatingInvocation.proceed(InvocationInterceptorChain.java:131)
	at org.junit.jupiter.engine.extension.TimeoutExtension.intercept(TimeoutExtension.java:149)
	at org.junit.jupiter.engine.extension.TimeoutExtension.interceptLifecycleMethod(TimeoutExtension.java:126)
	at org.junit.jupiter.engine.extension.TimeoutExtension.interceptBeforeEachMethod(TimeoutExtension.java:76)
	at org.junit.jupiter.engine.execution.ExecutableInvoker$ReflectiveInterceptorCall.lambda$ofVoidMethod$0(ExecutableInvoker.java:115)
	at org.junit.jupiter.engine.execution.ExecutableInvoker.lambda$invoke$0(ExecutableInvoker.java:105)
	at org.junit.jupiter.engine.execution.InvocationInterceptorChain$InterceptedInvocation.proceed(InvocationInterceptorChain.java:106)
	at org.junit.jupiter.engine.execution.InvocationInterceptorChain.proceed(InvocationInterceptorChain.java:64)
	at org.junit.jupiter.engine.execution.InvocationInterceptorChain.chainAndInvoke(InvocationInterceptorChain.java:45)
	at org.junit.jupiter.engine.execution.InvocationInterceptorChain.invoke(InvocationInterceptorChain.java:37)
	at org.junit.jupiter.engine.execution.ExecutableInvoker.invoke(ExecutableInvoker.java:104)
	at org.junit.jupiter.engine.execution.ExecutableInvoker.invoke(ExecutableInvoker.java:98)
	at org.junit.jupiter.engine.descriptor.ClassBasedTestDescriptor.invokeMethodInExtensionContext(ClassBasedTestDescriptor.java:506)
	at org.junit.jupiter.engine.descriptor.ClassBasedTestDescriptor.lambda$synthesizeBeforeEachMethodAdapter$21(ClassBasedTestDescriptor.java:491)
	at org.junit.jupiter.engine.descriptor.TestMethodTestDescriptor.lambda$invokeBeforeEachMethods$3(TestMethodTestDescriptor.java:171)
	at org.junit.jupiter.engine.descriptor.TestMethodTestDescriptor.lambda$invokeBeforeMethodsOrCallbacksUntilExceptionOccurs$6(TestMethodTestDescriptor.java:199)
	at org.junit.platform.engine.support.hierarchical.ThrowableCollector.execute(ThrowableCollector.java:73)
	at org.junit.jupiter.engine.descriptor.TestMethodTestDescriptor.invokeBeforeMethodsOrCallbacksUntilExceptionOccurs(TestMethodTestDescriptor.java:199)
	at org.junit.jupiter.engine.descriptor.TestMethodTestDescriptor.invokeBeforeEachMethods(TestMethodTestDescriptor.java:168)
	at org.junit.jupiter.engine.descriptor.TestMethodTestDescriptor.execute(TestMethodTestDescriptor.java:131)
	at org.junit.jupiter.engine.descriptor.TestMethodTestDescriptor.execute(TestMethodTestDescriptor.java:66)
	at org.junit.platform.engine.support.hierarchical.NodeTestTask.lambda$executeRecursively$6(NodeTestTask.java:151)
	at org.junit.platform.engine.support.hierarchical.ThrowableCollector.execute(ThrowableCollector.java:73)
	at org.junit.platform.engine.support.hierarchical.NodeTestTask.lambda$executeRecursively$8(NodeTestTask.java:141)
	at org.junit.platform.engine.support.hierarchical.Node.around(Node.java:137)
	at org.junit.platform.engine.support.hierarchical.NodeTestTask.lambda$executeRecursively$9(NodeTestTask.java:139)
	at org.junit.platform.engine.support.hierarchical.ThrowableCollector.execute(ThrowableCollector.java:73)
	at org.junit.platform.engine.support.hierarchical.NodeTestTask.executeRecursively(NodeTestTask.java:138)
	at org.junit.platform.engine.support.hierarchical.NodeTestTask.execute(NodeTestTask.java:95)
	at java.util.ArrayList.forEach(ArrayList.java:1259)
	at org.junit.platform.engine.support.hierarchical.SameThreadHierarchicalTestExecutorService.invokeAll(SameThreadHierarchicalTestExecutorService.java:41)
	at org.junit.platform.engine.support.hierarchical.NodeTestTask.lambda$executeRecursively$6(NodeTestTask.java:155)
	at org.junit.platform.engine.support.hierarchical.ThrowableCollector.execute(ThrowableCollector.java:73)
	at org.junit.platform.engine.support.hierarchical.NodeTestTask.lambda$executeRecursively$8(NodeTestTask.java:141)
	at org.junit.platform.engine.support.hierarchical.Node.around(Node.java:137)
	at org.junit.platform.engine.support.hierarchical.NodeTestTask.lambda$executeRecursively$9(NodeTestTask.java:139)
	at org.junit.platform.engine.support.hierarchical.ThrowableCollector.execute(ThrowableCollector.java:73)
	at org.junit.platform.engine.support.hierarchical.NodeTestTask.executeRecursively(NodeTestTask.java:138)
	at org.junit.platform.engine.support.hierarchical.NodeTestTask.execute(NodeTestTask.java:95)
	at java.util.ArrayList.forEach(ArrayList.java:1259)
	at org.junit.platform.engine.support.hierarchical.SameThreadHierarchicalTestExecutorService.invokeAll(SameThreadHierarchicalTestExecutorService.java:41)
	at org.junit.platform.engine.support.hierarchical.NodeTestTask.lambda$executeRecursively$6(NodeTestTask.java:155)
	at org.junit.platform.engine.support.hierarchical.ThrowableCollector.execute(ThrowableCollector.java:73)
	at org.junit.platform.engine.support.hierarchical.NodeTestTask.lambda$executeRecursively$8(NodeTestTask.java:141)
	at org.junit.platform.engine.support.hierarchical.Node.around(Node.java:137)
	at org.junit.platform.engine.support.hierarchical.NodeTestTask.lambda$executeRecursively$9(NodeTestTask.java:139)
	at org.junit.platform.engine.support.hierarchical.ThrowableCollector.execute(ThrowableCollector.java:73)
	at org.junit.platform.engine.support.hierarchical.NodeTestTask.executeRecursively(NodeTestTask.java:138)
	at org.junit.platform.engine.support.hierarchical.NodeTestTask.execute(NodeTestTask.java:95)
	at org.junit.platform.engine.support.hierarchical.SameThreadHierarchicalTestExecutorService.submit(SameThreadHierarchicalTestExecutorService.java:35)
	at org.junit.platform.engine.support.hierarchical.HierarchicalTestExecutor.execute(HierarchicalTestExecutor.java:57)
	at org.junit.platform.engine.support.hierarchical.HierarchicalTestEngine.execute(HierarchicalTestEngine.java:54)
	at org.junit.platform.launcher.core.EngineExecutionOrchestrator.execute(EngineExecutionOrchestrator.java:107)
	at org.junit.platform.launcher.core.EngineExecutionOrchestrator.execute(EngineExecutionOrchestrator.java:88)
	at org.junit.platform.launcher.core.EngineExecutionOrchestrator.lambda$execute$0(EngineExecutionOrchestrator.java:54)
	at org.junit.platform.launcher.core.EngineExecutionOrchestrator.withInterceptedStreams(EngineExecutionOrchestrator.java:67)
	at org.junit.platform.launcher.core.EngineExecutionOrchestrator.execute(EngineExecutionOrchestrator.java:52)
	at org.junit.platform.launcher.core.DefaultLauncher.execute(DefaultLauncher.java:114)
	at org.junit.platform.launcher.core.DefaultLauncher.execute(DefaultLauncher.java:86)
	at org.junit.platform.launcher.core.DefaultLauncherSession$DelegatingLauncher.execute(DefaultLauncherSession.java:86)
	at org.junit.platform.launcher.core.SessionPerRequestLauncher.execute(SessionPerRequestLauncher.java:53)
	at org.apache.maven.surefire.junitplatform.JUnitPlatformProvider.execute(JUnitPlatformProvider.java:188)
	at org.apache.maven.surefire.junitplatform.JUnitPlatformProvider.invokeAllTests(JUnitPlatformProvider.java:154)
	at org.apache.maven.surefire.junitplatform.JUnitPlatformProvider.invoke(JUnitPlatformProvider.java:124)
	at org.apache.maven.surefire.booter.ForkedBooter.runSuitesInProcess(ForkedBooter.java:428)
	at org.apache.maven.surefire.booter.ForkedBooter.execute(ForkedBooter.java:162)
	at org.apache.maven.surefire.booter.ForkedBooter.run(ForkedBooter.java:562)
	at org.apache.maven.surefire.booter.ForkedBooter.main(ForkedBooter.java:548)
]]></error>
  </testcase>
  <testcase name="testDecommissioningNodesCompleteDecommissionOnSCMRestart" classname="org.apache.hadoop.ozone.scm.node.TestDecommissionAndMaintenance" time="100.005">
    <error type="java.io.IOException"><![CDATA[java.io.IOException: Failed to obtain available cluster in time
	at org.apache.hadoop.ozone.MiniOzoneClusterProvider.provide(MiniOzoneClusterProvider.java:162)
	at org.apache.hadoop.ozone.scm.node.TestDecommissionAndMaintenance.setUp(TestDecommissionAndMaintenance.java:145)
	at sun.reflect.NativeMethodAccessorImpl.invoke0(Native Method)
	at sun.reflect.NativeMethodAccessorImpl.invoke(NativeMethodAccessorImpl.java:62)
	at sun.reflect.DelegatingMethodAccessorImpl.invoke(DelegatingMethodAccessorImpl.java:43)
	at java.lang.reflect.Method.invoke(Method.java:498)
	at org.junit.platform.commons.util.ReflectionUtils.invokeMethod(ReflectionUtils.java:725)
	at org.junit.jupiter.engine.execution.MethodInvocation.proceed(MethodInvocation.java:60)
	at org.junit.jupiter.engine.execution.InvocationInterceptorChain$ValidatingInvocation.proceed(InvocationInterceptorChain.java:131)
	at org.junit.jupiter.engine.extension.TimeoutExtension.intercept(TimeoutExtension.java:149)
	at org.junit.jupiter.engine.extension.TimeoutExtension.interceptLifecycleMethod(TimeoutExtension.java:126)
	at org.junit.jupiter.engine.extension.TimeoutExtension.interceptBeforeEachMethod(TimeoutExtension.java:76)
	at org.junit.jupiter.engine.execution.ExecutableInvoker$ReflectiveInterceptorCall.lambda$ofVoidMethod$0(ExecutableInvoker.java:115)
	at org.junit.jupiter.engine.execution.ExecutableInvoker.lambda$invoke$0(ExecutableInvoker.java:105)
	at org.junit.jupiter.engine.execution.InvocationInterceptorChain$InterceptedInvocation.proceed(InvocationInterceptorChain.java:106)
	at org.junit.jupiter.engine.execution.InvocationInterceptorChain.proceed(InvocationInterceptorChain.java:64)
	at org.junit.jupiter.engine.execution.InvocationInterceptorChain.chainAndInvoke(InvocationInterceptorChain.java:45)
	at org.junit.jupiter.engine.execution.InvocationInterceptorChain.invoke(InvocationInterceptorChain.java:37)
	at org.junit.jupiter.engine.execution.ExecutableInvoker.invoke(ExecutableInvoker.java:104)
	at org.junit.jupiter.engine.execution.ExecutableInvoker.invoke(ExecutableInvoker.java:98)
	at org.junit.jupiter.engine.descriptor.ClassBasedTestDescriptor.invokeMethodInExtensionContext(ClassBasedTestDescriptor.java:506)
	at org.junit.jupiter.engine.descriptor.ClassBasedTestDescriptor.lambda$synthesizeBeforeEachMethodAdapter$21(ClassBasedTestDescriptor.java:491)
	at org.junit.jupiter.engine.descriptor.TestMethodTestDescriptor.lambda$invokeBeforeEachMethods$3(TestMethodTestDescriptor.java:171)
	at org.junit.jupiter.engine.descriptor.TestMethodTestDescriptor.lambda$invokeBeforeMethodsOrCallbacksUntilExceptionOccurs$6(TestMethodTestDescriptor.java:199)
	at org.junit.platform.engine.support.hierarchical.ThrowableCollector.execute(ThrowableCollector.java:73)
	at org.junit.jupiter.engine.descriptor.TestMethodTestDescriptor.invokeBeforeMethodsOrCallbacksUntilExceptionOccurs(TestMethodTestDescriptor.java:199)
	at org.junit.jupiter.engine.descriptor.TestMethodTestDescriptor.invokeBeforeEachMethods(TestMethodTestDescriptor.java:168)
	at org.junit.jupiter.engine.descriptor.TestMethodTestDescriptor.execute(TestMethodTestDescriptor.java:131)
	at org.junit.jupiter.engine.descriptor.TestMethodTestDescriptor.execute(TestMethodTestDescriptor.java:66)
	at org.junit.platform.engine.support.hierarchical.NodeTestTask.lambda$executeRecursively$6(NodeTestTask.java:151)
	at org.junit.platform.engine.support.hierarchical.ThrowableCollector.execute(ThrowableCollector.java:73)
	at org.junit.platform.engine.support.hierarchical.NodeTestTask.lambda$executeRecursively$8(NodeTestTask.java:141)
	at org.junit.platform.engine.support.hierarchical.Node.around(Node.java:137)
	at org.junit.platform.engine.support.hierarchical.NodeTestTask.lambda$executeRecursively$9(NodeTestTask.java:139)
	at org.junit.platform.engine.support.hierarchical.ThrowableCollector.execute(ThrowableCollector.java:73)
	at org.junit.platform.engine.support.hierarchical.NodeTestTask.executeRecursively(NodeTestTask.java:138)
	at org.junit.platform.engine.support.hierarchical.NodeTestTask.execute(NodeTestTask.java:95)
	at java.util.ArrayList.forEach(ArrayList.java:1259)
	at org.junit.platform.engine.support.hierarchical.SameThreadHierarchicalTestExecutorService.invokeAll(SameThreadHierarchicalTestExecutorService.java:41)
	at org.junit.platform.engine.support.hierarchical.NodeTestTask.lambda$executeRecursively$6(NodeTestTask.java:155)
	at org.junit.platform.engine.support.hierarchical.ThrowableCollector.execute(ThrowableCollector.java:73)
	at org.junit.platform.engine.support.hierarchical.NodeTestTask.lambda$executeRecursively$8(NodeTestTask.java:141)
	at org.junit.platform.engine.support.hierarchical.Node.around(Node.java:137)
	at org.junit.platform.engine.support.hierarchical.NodeTestTask.lambda$executeRecursively$9(NodeTestTask.java:139)
	at org.junit.platform.engine.support.hierarchical.ThrowableCollector.execute(ThrowableCollector.java:73)
	at org.junit.platform.engine.support.hierarchical.NodeTestTask.executeRecursively(NodeTestTask.java:138)
	at org.junit.platform.engine.support.hierarchical.NodeTestTask.execute(NodeTestTask.java:95)
	at java.util.ArrayList.forEach(ArrayList.java:1259)
	at org.junit.platform.engine.support.hierarchical.SameThreadHierarchicalTestExecutorService.invokeAll(SameThreadHierarchicalTestExecutorService.java:41)
	at org.junit.platform.engine.support.hierarchical.NodeTestTask.lambda$executeRecursively$6(NodeTestTask.java:155)
	at org.junit.platform.engine.support.hierarchical.ThrowableCollector.execute(ThrowableCollector.java:73)
	at org.junit.platform.engine.support.hierarchical.NodeTestTask.lambda$executeRecursively$8(NodeTestTask.java:141)
	at org.junit.platform.engine.support.hierarchical.Node.around(Node.java:137)
	at org.junit.platform.engine.support.hierarchical.NodeTestTask.lambda$executeRecursively$9(NodeTestTask.java:139)
	at org.junit.platform.engine.support.hierarchical.ThrowableCollector.execute(ThrowableCollector.java:73)
	at org.junit.platform.engine.support.hierarchical.NodeTestTask.executeRecursively(NodeTestTask.java:138)
	at org.junit.platform.engine.support.hierarchical.NodeTestTask.execute(NodeTestTask.java:95)
	at org.junit.platform.engine.support.hierarchical.SameThreadHierarchicalTestExecutorService.submit(SameThreadHierarchicalTestExecutorService.java:35)
	at org.junit.platform.engine.support.hierarchical.HierarchicalTestExecutor.execute(HierarchicalTestExecutor.java:57)
	at org.junit.platform.engine.support.hierarchical.HierarchicalTestEngine.execute(HierarchicalTestEngine.java:54)
	at org.junit.platform.launcher.core.EngineExecutionOrchestrator.execute(EngineExecutionOrchestrator.java:107)
	at org.junit.platform.launcher.core.EngineExecutionOrchestrator.execute(EngineExecutionOrchestrator.java:88)
	at org.junit.platform.launcher.core.EngineExecutionOrchestrator.lambda$execute$0(EngineExecutionOrchestrator.java:54)
	at org.junit.platform.launcher.core.EngineExecutionOrchestrator.withInterceptedStreams(EngineExecutionOrchestrator.java:67)
	at org.junit.platform.launcher.core.EngineExecutionOrchestrator.execute(EngineExecutionOrchestrator.java:52)
	at org.junit.platform.launcher.core.DefaultLauncher.execute(DefaultLauncher.java:114)
	at org.junit.platform.launcher.core.DefaultLauncher.execute(DefaultLauncher.java:86)
	at org.junit.platform.launcher.core.DefaultLauncherSession$DelegatingLauncher.execute(DefaultLauncherSession.java:86)
	at org.junit.platform.launcher.core.SessionPerRequestLauncher.execute(SessionPerRequestLauncher.java:53)
	at org.apache.maven.surefire.junitplatform.JUnitPlatformProvider.execute(JUnitPlatformProvider.java:188)
	at org.apache.maven.surefire.junitplatform.JUnitPlatformProvider.invokeAllTests(JUnitPlatformProvider.java:154)
	at org.apache.maven.surefire.junitplatform.JUnitPlatformProvider.invoke(JUnitPlatformProvider.java:124)
	at org.apache.maven.surefire.booter.ForkedBooter.runSuitesInProcess(ForkedBooter.java:428)
	at org.apache.maven.surefire.booter.ForkedBooter.execute(ForkedBooter.java:162)
	at org.apache.maven.surefire.booter.ForkedBooter.run(ForkedBooter.java:562)
	at org.apache.maven.surefire.booter.ForkedBooter.main(ForkedBooter.java:548)
]]></error>
  </testcase>
</testsuite>