# JRE version: OpenJDK Runtime Environment (8.0_322-b06) (build 1.8.0_322-b06)
# Java VM: OpenJDK 64-Bit Server VM (25.322-b06 mixed mode linux-amd64 compressed oops)
Heap:
 PSYoungGen      total 431616K, used 84192K [0x00000000d5580000, 0x00000000f9800000, 0x0000000100000000)
  eden space 398848K, 16% used [0x00000000d5580000,0x00000000d96c9118,0x00000000edb00000)
  from space 32768K, 52% used [0x00000000edb00000,0x00000000eebeef28,0x00000000efb00000)
  to   space 32768K, 0% used [0x00000000f7800000,0x00000000f7800000,0x00000000f9800000)
 ParOldGen       total 153088K, used 70568K [0x0000000080000000, 0x0000000089580000, 0x00000000d5580000)
  object space 153088K, 46% used [0x0000000080000000,0x00000000844ea2e0,0x0000000089580000)
 Metaspace       used 72435K, capacity 76222K, committed 76248K, reserved 1116160K
  class space    used 8559K, capacity 9172K, committed 9176K, reserved 1048576K
GC Heap History (10 events):
Event: 17.092 GC heap before
{Heap before GC invocations=14 (full 2):
 PSYoungGen      total 237056K, used 237053K [0x00000000d5580000, 0x00000000e9f80000, 0x0000000100000000)
  eden space 224256K, 100% used [0x00000000d5580000,0x00000000e3080000,0x00000000e3080000)
  from space 12800K, 99% used [0x00000000e3080000,0x00000000e3cff4f8,0x00000000e3d00000)
  to   space 18944K, 0% used [0x00000000e8d00000,0x00000000e8d00000,0x00000000e9f80000)
 ParOldGen       total 79872K, used 31933K [0x0000000080000000, 0x0000000084e00000, 0x00000000d5580000)
  object space 79872K, 39% used [0x0000000080000000,0x0000000081f2f560,0x0000000084e00000)
 Metaspace       used 55408K, capacity 58044K, committed 58456K, reserved 1099776K
  class space    used 6709K, capacity 7173K, committed 7256K, reserved 1048576K
Event: 17.105 GC heap after
Heap after GC invocations=14 (full 2):
 PSYoungGen      total 304640K, used 11884K [0x00000000d5580000, 0x00000000e9900000, 0x0000000100000000)
  eden space 292352K, 0% used [0x00000000d5580000,0x00000000d5580000,0x00000000e7300000)
  from space 12288K, 96% used [0x00000000e8d00000,0x00000000e989b108,0x00000000e9900000)
  to   space 18944K, 0% used [0x00000000e7400000,0x00000000e7400000,0x00000000e8680000)
 ParOldGen       total 79872K, used 33952K [0x0000000080000000, 0x0000000084e00000, 0x00000000d5580000)
  object space 79872K, 42% used [0x0000000080000000,0x0000000082128310,0x0000000084e00000)
 Metaspace       used 55408K, capacity 58044K, committed 58456K, reserved 1099776K
  class space    used 6709K, capacity 7173K, committed 7256K, reserved 1048576K
}
Event: 17.618 GC heap before
{Heap before GC invocations=15 (full 2):
 PSYoungGen      total 304640K, used 289635K [0x00000000d5580000, 0x00000000e9900000, 0x0000000100000000)
  eden space 292352K, 95% used [0x00000000d5580000,0x00000000e64bdc98,0x00000000e7300000)
  from space 12288K, 96% used [0x00000000e8d00000,0x00000000e989b108,0x00000000e9900000)
  to   space 18944K, 0% used [0x00000000e7400000,0x00000000e7400000,0x00000000e8680000)
 ParOldGen       total 79872K, used 33952K [0x0000000080000000, 0x0000000084e00000, 0x00000000d5580000)
  object space 79872K, 42% used [0x0000000080000000,0x0000000082128310,0x0000000084e00000)
 Metaspace       used 55988K, capacity 58660K, committed 58968K, reserved 1101824K
  class space    used 6756K, capacity 7205K, committed 7256K, reserved 1048576K
Event: 17.650 GC heap after
Heap after GC invocations=15 (full 2):
 PSYoungGen      total 312320K, used 18932K [0x00000000d5580000, 0x00000000f2480000, 0x0000000100000000)
  eden space 293376K, 0% used [0x00000000d5580000,0x00000000d5580000,0x00000000e7400000)
  from space 18944K, 99% used [0x00000000e7400000,0x00000000e867d000,0x00000000e8680000)
  to   space 33792K, 0% used [0x00000000f0380000,0x00000000f0380000,0x00000000f2480000)
 ParOldGen       total 79872K, used 66477K [0x0000000080000000, 0x0000000084e00000, 0x00000000d5580000)
  object space 79872K, 83% used [0x0000000080000000,0x00000000840eb6a0,0x0000000084e00000)
 Metaspace       used 55988K, capacity 58660K, committed 58968K, reserved 1101824K
  class space    used 6756K, capacity 7205K, committed 7256K, reserved 1048576K
}
Event: 17.650 GC heap before
{Heap before GC invocations=16 (full 3):
 PSYoungGen      total 312320K, used 18932K [0x00000000d5580000, 0x00000000f2480000, 0x0000000100000000)
  eden space 293376K, 0% used [0x00000000d5580000,0x00000000d5580000,0x00000000e7400000)
  from space 18944K, 99% used [0x00000000e7400000,0x00000000e867d000,0x00000000e8680000)
  to   space 33792K, 0% used [0x00000000f0380000,0x00000000f0380000,0x00000000f2480000)
 ParOldGen       total 79872K, used 66477K [0x0000000080000000, 0x0000000084e00000, 0x00000000d5580000)
  object space 79872K, 83% used [0x0000000080000000,0x00000000840eb6a0,0x0000000084e00000)
 Metaspace       used 55988K, capacity 58660K, committed 58968K, reserved 1101824K
  class space    used 6756K, capacity 7205K, committed 7256K, reserved 1048576K
Event: 17.769 GC heap after
Heap after GC invocations=16 (full 3):
 PSYoungGen      total 312320K, used 0K [0x00000000d5580000, 0x00000000f2480000, 0x0000000100000000)
  eden space 293376K, 0% used [0x00000000d5580000,0x00000000d5580000,0x00000000e7400000)
  from space 18944K, 0% used [0x00000000e7400000,0x00000000e7400000,0x00000000e8680000)
  to   space 33792K, 0% used [0x00000000f0380000,0x00000000f0380000,0x00000000f2480000)
 ParOldGen       total 153088K, used 66471K [0x0000000080000000, 0x0000000089580000, 0x00000000d5580000)
  object space 153088K, 43% used [0x0000000080000000,0x00000000840e9f78,0x0000000089580000)
 Metaspace       used 55988K, capacity 58660K, committed 58968K, reserved 1101824K
  class space    used 6756K, capacity 7205K, committed 7256K, reserved 1048576K
}
Event: 19.277 GC heap before
{Heap before GC invocations=17 (full 3):
 PSYoungGen      total 312320K, used 293376K [0x00000000d5580000, 0x00000000f2480000, 0x0000000100000000)
  eden space 293376K, 100% used [0x00000000d5580000,0x00000000e7400000,0x00000000e7400000)
  from space 18944K, 0% used [0x00000000e7400000,0x00000000e7400000,0x00000000e8680000)
  to   space 33792K, 0% used [0x00000000f0380000,0x00000000f0380000,0x00000000f2480000)
 ParOldGen       total 153088K, used 66471K [0x0000000080000000, 0x0000000089580000, 0x00000000d5580000)
  object space 153088K, 43% used [0x0000000080000000,0x00000000840e9f78,0x0000000089580000)
 Metaspace       used 62171K, capacity 65006K, committed 65496K, reserved 1107968K
  class space    used 7362K, capacity 7834K, committed 7896K, reserved 1048576K
Event: 19.292 GC heap after
Heap after GC invocations=17 (full 3):
 PSYoungGen      total 422912K, used 16062K [0x00000000d5580000, 0x00000000f1b00000, 0x0000000100000000)
  eden space 398848K, 0% used [0x00000000d5580000,0x00000000d5580000,0x00000000edb00000)
  from space 24064K, 66% used [0x00000000f0380000,0x00000000f132fa68,0x00000000f1b00000)
  to   space 32768K, 0% used [0x00000000edb00000,0x00000000edb00000,0x00000000efb00000)
 ParOldGen       total 153088K, used 66479K [0x0000000080000000, 0x0000000089580000, 0x00000000d5580000)
  object space 153088K, 43% used [0x0000000080000000,0x00000000840ebf78,0x0000000089580000)
 Metaspace       used 62171K, capacity 65006K, committed 65496K, reserved 1107968K
  class space    used 7362K, capacity 7834K, committed 7896K, reserved 1048576K
}
Event: 31.864 GC heap before
{Heap before GC invocations=18 (full 3):
 PSYoungGen      total 422912K, used 414910K [0x00000000d5580000, 0x00000000f1b00000, 0x0000000100000000)
  eden space 398848K, 100% used [0x00000000d5580000,0x00000000edb00000,0x00000000edb00000)
  from space 24064K, 66% used [0x00000000f0380000,0x00000000f132fa68,0x00000000f1b00000)
  to   space 32768K, 0% used [0x00000000edb00000,0x00000000edb00000,0x00000000efb00000)
 ParOldGen       total 153088K, used 66479K [0x0000000080000000, 0x0000000089580000, 0x00000000d5580000)
  object space 153088K, 43% used [0x0000000080000000,0x00000000840ebf78,0x0000000089580000)
 Metaspace       used 70692K, capacity 74162K, committed 74328K, reserved 1114112K
  class space    used 8376K, capacity 8958K, committed 9048K, reserved 1048576K
Event: 31.885 GC heap after
Heap after GC invocations=18 (full 3):
 PSYoungGen      total 431616K, used 17339K [0x00000000d5580000, 0x00000000f9800000, 0x0000000100000000)
  eden space 398848K, 0% used [0x00000000d5580000,0x00000000d5580000,0x00000000edb00000)
  from space 32768K, 52% used [0x00000000edb00000,0x00000000eebeef28,0x00000000efb00000)
  to   space 32768K, 0% used [0x00000000f7800000,0x00000000f7800000,0x00000000f9800000)
 ParOldGen       total 153088K, used 70568K [0x0000000080000000, 0x0000000089580000, 0x00000000d5580000)
  object space 153088K, 46% used [0x0000000080000000,0x00000000844ea2e0,0x0000000089580000)
 Metaspace       used 70692K, capacity 74162K, committed 74328K, reserved 1114112K
  class space    used 8376K, capacity 8958K, committed 9048K, reserved 1048576K
}

