# JRE version: OpenJDK Runtime Environment (8.0_362-b09) (build 1.8.0_362-b09)
# Java VM: OpenJDK 64-Bit Server VM (25.362-b09 mixed mode linux-amd64 compressed oops)
Heap:
 PSYoungGen      total 769024K, used 257624K [0x000000076ab00000, 0x00000007a9480000, 0x00000007c0000000)
  eden space 556032K, 16% used [0x000000076ab00000,0x000000077067dbd0,0x000000078ca00000)
  from space 212992K, 76% used [0x000000079ab80000,0x00000007a4b987a0,0x00000007a7b80000)
  to   space 230912K, 0% used [0x000000078ca00000,0x000000078ca00000,0x000000079ab80000)
 ParOldGen       total 634368K, used 466670K [0x00000006c0000000, 0x00000006e6b80000, 0x000000076ab00000)
  object space 634368K, 73% used [0x00000006c0000000,0x00000006dc7bba50,0x00000006e6b80000)
 Metaspace       used 90565K, capacity 95966K, committed 96216K, reserved 1134592K
  class space    used 10263K, capacity 11159K, committed 11264K, reserved 1048576K
GC Heap History (10 events):
Event: 26.075 GC heap before
{Heap before GC invocations=26 (full 6):
 PSYoungGen      total 535040K, used 101872K [0x000000076ab00000, 0x00000007a0180000, 0x00000007c0000000)
  eden space 433152K, 0% used [0x000000076ab00000,0x000000076ab00000,0x0000000785200000)
  from space 101888K, 99% used [0x0000000790300000,0x000000079667c088,0x0000000796680000)
  to   space 181248K, 0% used [0x0000000785200000,0x0000000785200000,0x0000000790300000)
 ParOldGen       total 365056K, used 345765K [0x00000006c0000000, 0x00000006d6480000, 0x000000076ab00000)
  object space 365056K, 94% used [0x00000006c0000000,0x00000006d51a9720,0x00000006d6480000)
 Metaspace       used 81005K, capacity 85132K, committed 85464K, reserved 1124352K
  class space    used 9408K, capacity 10128K, committed 10240K, reserved 1048576K
Event: 26.353 GC heap after
Heap after GC invocations=26 (full 6):
 PSYoungGen      total 535040K, used 68949K [0x000000076ab00000, 0x00000007a0180000, 0x00000007c0000000)
  eden space 433152K, 0% used [0x000000076ab00000,0x000000076ab00000,0x0000000785200000)
  from space 101888K, 67% used [0x0000000790300000,0x0000000794655450,0x0000000796680000)
  to   space 181248K, 0% used [0x0000000785200000,0x0000000785200000,0x0000000790300000)
 ParOldGen       total 634368K, used 362889K [0x00000006c0000000, 0x00000006e6b80000, 0x000000076ab00000)
  object space 634368K, 57% used [0x00000006c0000000,0x00000006d6262468,0x00000006e6b80000)
 Metaspace       used 81001K, capacity 85120K, committed 85464K, reserved 1124352K
  class space    used 9407K, capacity 10126K, committed 10240K, reserved 1048576K
}
Event: 32.915 GC heap before
{Heap before GC invocations=27 (full 6):
 PSYoungGen      total 535040K, used 502101K [0x000000076ab00000, 0x00000007a0180000, 0x00000007c0000000)
  eden space 433152K, 100% used [0x000000076ab00000,0x0000000785200000,0x0000000785200000)
  from space 101888K, 67% used [0x0000000790300000,0x0000000794655450,0x0000000796680000)
  to   space 181248K, 0% used [0x0000000785200000,0x0000000785200000,0x0000000790300000)
 ParOldGen       total 634368K, used 362898K [0x00000006c0000000, 0x00000006e6b80000, 0x000000076ab00000)
  object space 634368K, 57% used [0x00000006c0000000,0x00000006d6264968,0x00000006e6b80000)
 Metaspace       used 84951K, capacity 89636K, committed 89816K, reserved 1128448K
  class space    used 9843K, capacity 10630K, committed 10752K, reserved 1048576K
Event: 32.984 GC heap after
Heap after GC invocations=27 (full 6):
 PSYoungGen      total 614400K, used 95348K [0x000000076ab00000, 0x000000079f780000, 0x00000007c0000000)
  eden space 433152K, 0% used [0x000000076ab00000,0x000000076ab00000,0x0000000785200000)
  from space 181248K, 52% used [0x0000000785200000,0x000000078af1d218,0x0000000790300000)
  to   space 181760K, 0% used [0x0000000794600000,0x0000000794600000,0x000000079f780000)
 ParOldGen       total 634368K, used 431694K [0x00000006c0000000, 0x00000006e6b80000, 0x000000076ab00000)
  object space 634368K, 68% used [0x00000006c0000000,0x00000006da593b18,0x00000006e6b80000)
 Metaspace       used 84951K, capacity 89636K, committed 89816K, reserved 1128448K
  class space    used 9843K, capacity 10630K, committed 10752K, reserved 1048576K
}
Event: 33.686 GC heap before
{Heap before GC invocations=28 (full 6):
 PSYoungGen      total 614400K, used 528500K [0x000000076ab00000, 0x000000079f780000, 0x00000007c0000000)
  eden space 433152K, 100% used [0x000000076ab00000,0x0000000785200000,0x0000000785200000)
  from space 181248K, 52% used [0x0000000785200000,0x000000078af1d218,0x0000000790300000)
  to   space 181760K, 0% used [0x0000000794600000,0x0000000794600000,0x000000079f780000)
 ParOldGen       total 634368K, used 431720K [0x00000006c0000000, 0x00000006e6b80000, 0x000000076ab00000)
  object space 634368K, 68% used [0x00000006c0000000,0x00000006da59a170,0x00000006e6b80000)
 Metaspace       used 85040K, capacity 89672K, committed 89816K, reserved 1128448K
  class space    used 9851K, capacity 10638K, committed 10752K, reserved 1048576K
Event: 33.749 GC heap after
Heap after GC invocations=28 (full 6):
 PSYoungGen      total 665088K, used 143699K [0x000000076ab00000, 0x00000007a2f00000, 0x00000007c0000000)
  eden space 483328K, 0% used [0x000000076ab00000,0x000000076ab00000,0x0000000788300000)
  from space 181760K, 79% used [0x0000000794600000,0x000000079d254d58,0x000000079f780000)
  to   space 199680K, 0% used [0x0000000788300000,0x0000000788300000,0x0000000794600000)
 ParOldGen       total 634368K, used 431728K [0x00000006c0000000, 0x00000006e6b80000, 0x000000076ab00000)
  object space 634368K, 68% used [0x00000006c0000000,0x00000006da59c170,0x00000006e6b80000)
 Metaspace       used 85040K, capacity 89672K, committed 89816K, reserved 1128448K
  class space    used 9851K, capacity 10638K, committed 10752K, reserved 1048576K
}
Event: 37.784 GC heap before
{Heap before GC invocations=29 (full 6):
 PSYoungGen      total 665088K, used 627027K [0x000000076ab00000, 0x00000007a2f00000, 0x00000007c0000000)
  eden space 483328K, 100% used [0x000000076ab00000,0x0000000788300000,0x0000000788300000)
  from space 181760K, 79% used [0x0000000794600000,0x000000079d254d58,0x000000079f780000)
  to   space 199680K, 0% used [0x0000000788300000,0x0000000788300000,0x0000000794600000)
 ParOldGen       total 634368K, used 431728K [0x00000006c0000000, 0x00000006e6b80000, 0x000000076ab00000)
  object space 634368K, 68% used [0x00000006c0000000,0x00000006da59c170,0x00000006e6b80000)
 Metaspace       used 86444K, capacity 91306K, committed 91480K, reserved 1130496K
  class space    used 9955K, capacity 10779K, committed 10880K, reserved 1048576K
Event: 37.836 GC heap after
Heap after GC invocations=29 (full 6):
 PSYoungGen      total 683008K, used 142780K [0x000000076ab00000, 0x00000007a7b80000, 0x00000007c0000000)
  eden space 483328K, 0% used [0x000000076ab00000,0x000000076ab00000,0x0000000788300000)
  from space 199680K, 71% used [0x0000000788300000,0x0000000790e6f188,0x0000000794600000)
  to   space 212992K, 0% used [0x000000079ab80000,0x000000079ab80000,0x00000007a7b80000)
 ParOldGen       total 634368K, used 466662K [0x00000006c0000000, 0x00000006e6b80000, 0x000000076ab00000)
  object space 634368K, 73% used [0x00000006c0000000,0x00000006dc7b9a50,0x00000006e6b80000)
 Metaspace       used 86444K, capacity 91306K, committed 91480K, reserved 1130496K
  class space    used 9955K, capacity 10779K, committed 10880K, reserved 1048576K
}
Event: 48.085 GC heap before
{Heap before GC invocations=30 (full 6):
 PSYoungGen      total 683008K, used 626108K [0x000000076ab00000, 0x00000007a7b80000, 0x00000007c0000000)
  eden space 483328K, 100% used [0x000000076ab00000,0x0000000788300000,0x0000000788300000)
  from space 199680K, 71% used [0x0000000788300000,0x0000000790e6f188,0x0000000794600000)
  to   space 212992K, 0% used [0x000000079ab80000,0x000000079ab80000,0x00000007a7b80000)
 ParOldGen       total 634368K, used 466662K [0x00000006c0000000, 0x00000006e6b80000, 0x000000076ab00000)
  object space 634368K, 73% used [0x00000006c0000000,0x00000006dc7b9a50,0x00000006e6b80000)
 Metaspace       used 90551K, capacity 95966K, committed 96216K, reserved 1134592K
  class space    used 10263K, capacity 11159K, committed 11264K, reserved 1048576K
Event: 48.161 GC heap after
Heap after GC invocations=30 (full 6):
 PSYoungGen      total 769024K, used 163937K [0x000000076ab00000, 0x00000007a9480000, 0x00000007c0000000)
  eden space 556032K, 0% used [0x000000076ab00000,0x000000076ab00000,0x000000078ca00000)
  from space 212992K, 76% used [0x000000079ab80000,0x00000007a4b987a0,0x00000007a7b80000)
  to   space 230912K, 0% used [0x000000078ca00000,0x000000078ca00000,0x000000079ab80000)
 ParOldGen       total 634368K, used 466670K [0x00000006c0000000, 0x00000006e6b80000, 0x000000076ab00000)
  object space 634368K, 73% used [0x00000006c0000000,0x00000006dc7bba50,0x00000006e6b80000)
 Metaspace       used 90551K, capacity 95966K, committed 96216K, reserved 1134592K
  class space    used 10263K, capacity 11159K, committed 11264K, reserved 1048576K
}

