-------------------------------------------------------------------------------
Test set: org.apache.hadoop.ozone.om.TestRecursiveAclWithFSO
-------------------------------------------------------------------------------
Tests run: 1, Failures: 1, Errors: 0, Skipped: 0, Time elapsed: 27.686 s <<< FAILURE! - in org.apache.hadoop.ozone.om.TestRecursiveAclWithFSO
org.apache.hadoop.ozone.om.TestRecursiveAclWithFSO.testKeyDeleteAndRenameWithoutPermission  Time elapsed: 27.67 s  <<< FAILURE!
java.lang.AssertionError: Should throw permission denied !
	at org.junit.Assert.fail(Assert.java:89)
	at org.apache.hadoop.ozone.om.TestRecursiveAclWithFSO.testKeyDeleteAndRenameWithoutPermission(TestRecursiveAclWithFSO.java:207)
	at sun.reflect.NativeMethodAccessorImpl.invoke0(Native Method)
	at sun.reflect.NativeMethodAccessorImpl.invoke(NativeMethodAccessorImpl.java:62)
	at sun.reflect.DelegatingMethodAccessorImpl.invoke(DelegatingMethodAccessorImpl.java:43)
	at java.lang.reflect.Method.invoke(Method.java:498)
	at org.junit.runners.model.FrameworkMethod$1.runReflectiveCall(FrameworkMethod.java:59)
	at org.junit.internal.runners.model.ReflectiveCallable.run(ReflectiveCallable.java:12)
	at org.junit.runners.model.FrameworkMethod.invokeExplosively(FrameworkMethod.java:56)
	at org.junit.internal.runners.statements.InvokeMethod.evaluate(InvokeMethod.java:17)
	at org.junit.internal.runners.statements.RunBefores.evaluate(RunBefores.java:26)
	at org.junit.internal.runners.statements.RunAfters.evaluate(RunAfters.java:27)
	at org.junit.internal.runners.statements.FailOnTimeout$CallableStatement.call(FailOnTimeout.java:288)
	at org.junit.internal.runners.statements.FailOnTimeout$CallableStatement.call(FailOnTimeout.java:282)
	at java.util.concurrent.FutureTask.run(FutureTask.java:266)
	at java.lang.Thread.run(Thread.java:750)

