Apache Maven 3.9.9 (8e8579a9e76f7d015ee5ec7bfcdc97d260186937)
Maven home: /usr/share/apache-maven-3.9.9
Java version: 21.0.6, vendor: Eclipse Adoptium, runtime: /usr/lib/jvm/temurin-21-jdk-amd64
Default locale: en, platform encoding: UTF-8
OS name: "linux", version: "6.8.0-1021-azure", arch: "amd64", family: "unix"
[INFO] Scanning for projects...
[INFO] ------------------------------------------------------------------------
[INFO] Detecting the operating system and CPU architecture
[INFO] ------------------------------------------------------------------------
[INFO] os.detected.name: linux
[INFO] os.detected.arch: x86_64
[INFO] os.detected.bitness: 64
[INFO] os.detected.version: 6.8
[INFO] os.detected.version.major: 6
[INFO] os.detected.version.minor: 8
[INFO] os.detected.release: ubuntu
[INFO] os.detected.release.version: 24.04
[INFO] os.detected.release.like.ubuntu: true
[INFO] os.detected.release.like.debian: true
[INFO] os.detected.classifier: linux-x86_64
[INFO] ------------------------------------------------------------------------
[INFO] Reactor Build Order:
[INFO] 
[INFO] Apache Ozone Main                                                  [pom]
[INFO] Apache Ozone Dev Support                                           [jar]
[INFO] Apache Ozone HDDS                                                  [pom]
[INFO] Apache Ozone Annotation Processing                                 [jar]
[INFO] Apache Ozone HDDS Config                                           [jar]
[INFO] Apache Ozone HDDS Hadoop Client dependencies                       [jar]
[INFO] Apache Ozone HDDS Client Interface                                 [jar]
[INFO] Apache Ozone HDDS Admin Interface                                  [jar]
[INFO] Apache Ozone HDDS Test Utils                                       [jar]
[INFO] Apache Ozone HDDS Common                                           [jar]
[INFO] Apache Ozone HDDS Erasurecode                                      [jar]
[INFO] Apache Ozone HDDS Client                                           [jar]
[INFO] Apache Ozone HDDS Server Interface                                 [jar]
[INFO] Apache Ozone HDDS Managed RocksDB                                  [jar]
[INFO] Apache Ozone HDDS Hadoop Server dependencies                       [jar]
[INFO] Apache Ozone HDDS RocksDB Tools                                    [jar]
[INFO] Apache Ozone Checkpoint Differ for RocksDB                         [jar]
[INFO] Apache Ozone HDDS Server Framework                                 [jar]
[INFO] Apache Ozone Documentation                                         [jar]
[INFO] Apache Ozone HDDS Container Service                                [jar]
[INFO] Apache Ozone HDDS Crypto                                           [jar]
[INFO] Apache Ozone HDDS Crypto - Default                                 [jar]
[INFO] Apache Ozone HDDS SCM Server                                       [jar]
[INFO] Apache Ozone HDDS Tools                                            [jar]
[INFO] Apache Ozone                                                       [pom]
[INFO] Apache Ozone Client Interface                                      [jar]
[INFO] Apache Ozone Common                                                [jar]
[INFO] Apache Ozone Client                                                [jar]
[INFO] Apache Ozone FileSystem Common                                     [jar]
[INFO] Apache Ozone FileSystem                                            [jar]
[INFO] Apache Ozone CLI Shell                                             [jar]
[INFO] Apache Ozone CSI service                                           [jar]
[INFO] Apache Ozone Datanode                                              [jar]
[INFO] Apache Ozone HttpFS                                                [jar]
[INFO] Apache Ozone Storage Interface                                     [jar]
[INFO] Apache Ozone Manager Server                                        [jar]
[INFO] Apache Ozone Insight Tool                                          [jar]
[INFO] Apache Ozone Recon CodeGen                                         [jar]
[INFO] Apache Ozone Recon                                                 [jar]
[INFO] Apache Ozone S3 Secret Store                                       [jar]
[INFO] Apache Ozone S3 Gateway                                            [jar]
[INFO] Apache Ozone Tools                                                 [jar]
[INFO] Apache Ozone FileSystem Shaded                                     [jar]
[INFO] Apache Ozone FS Hadoop 2.x compatibility                           [jar]
[INFO] Apache Ozone FS Hadoop 3.x compatibility                           [jar]
[INFO] Apache Ozone FS Hadoop shaded 3.x compatibility                    [jar]
[INFO] Apache Ozone Distribution                                          [jar]
[INFO] Apache Ozone Mini Cluster                                          [jar]
[INFO] Apache Ozone Integration Tests                                     [jar]
[INFO] Apache Ozone Fault Injection Tests                                 [pom]
[INFO] Apache Ozone Mini Ozone Chaos Tests                                [jar]
[INFO] Apache Ozone Network Tests                                         [jar]
[INFO] Apache Ozone S3 Integration Tests                                  [jar]
[INFO] 
[INFO] --------------------< org.apache.ozone:ozone-main >---------------------
[INFO] Building Apache Ozone Main 2.1.0-SNAPSHOT                         [1/53]
[INFO]   from pom.xml
[INFO] --------------------------------[ pom ]---------------------------------
[INFO] 
[INFO] --- antrun:3.1.0:run (create-testdirs) @ ozone-main ---
[INFO] Executing tasks
[INFO]     [mkdir] Created dir: /home/runner/work/ozone/ozone/target/test-dir
[INFO] Executed tasks
[INFO] 
[INFO] --- enforcer:3.5.0:enforce (enforce-property) @ ozone-main ---
[INFO] Rule 0: org.apache.maven.enforcer.rules.property.RequireProperty passed
[INFO] Rule 1: org.apache.maven.enforcer.rules.version.RequireMavenVersion passed
[INFO] Rule 2: org.apache.maven.enforcer.rules.version.RequireJavaVersion passed
[INFO] 
[INFO] --- sortpom:3.0.1:verify (default) @ ozone-main ---
[INFO] Verifying file /home/runner/work/ozone/ozone/pom.xml
[INFO] 
[INFO] --- jacoco:0.8.12:prepare-agent (default-prepare-agent) @ ozone-main ---
[INFO] argLine set to -javaagent:/home/runner/.m2/repository/org/jacoco/org.jacoco.agent/0.8.12/org.jacoco.agent-0.8.12-runtime.jar=destfile=/home/runner/work/ozone/ozone/target/jacoco.exec,includes=org.apache.hadoop.hdds.*:org.apache.hadoop.ozone.*:org.apache.hadoop.fs.ozone.*:org.apache.ozone.*
[INFO] 
[INFO] --- enforcer:3.5.0:enforce (banned-rocksdb-imports) @ ozone-main ---
[INFO] Rule 0: org.apache.maven.plugins.enforcer.RestrictImports passed
[INFO] 
[INFO] --- enforcer:3.5.0:enforce (ban-imports) @ ozone-main ---
[INFO] Rule 0: org.apache.maven.plugins.enforcer.RestrictImports passed
[INFO] Rule 1: org.apache.maven.plugins.enforcer.RestrictImports passed
[INFO] Rule 2: org.apache.maven.plugins.enforcer.RestrictImports passed
[INFO] Rule 3: org.apache.maven.plugins.enforcer.RestrictImports passed
[WARNING] EXPERIMENTAL FEATURE enabled. You have enabled full-compilation-unit parsing. Please be aware that experimental features might get removed or changed. Please share your feedback!
[INFO] Rule 4: org.apache.maven.plugins.enforcer.RestrictImports passed
[INFO] Rule 5: org.apache.maven.plugins.enforcer.RestrictImports passed
[INFO] Rule 6: org.apache.maven.plugins.enforcer.RestrictImports passed
[INFO] Rule 7: org.apache.maven.plugins.enforcer.RestrictImports passed
[INFO] 
[INFO] --- enforcer:3.5.0:enforce (ban-annotations) @ ozone-main ---
[INFO] Rule 0: org.apache.maven.plugins.enforcer.RestrictImports passed
[INFO] 
[INFO] --- dependency:3.8.1:build-classpath (add-classpath-descriptor) @ ozone-main ---
[INFO] Skipping plugin execution
[INFO] 
[INFO] --- dependency:3.8.1:copy-dependencies (copy-jars) @ ozone-main ---
[INFO] Skipping plugin execution
[INFO] 
[INFO] --- dependency:3.8.1:analyze-only (analyze) @ ozone-main ---
[INFO] Skipping pom project
[INFO] 
[INFO] -----------------< org.apache.ozone:ozone-dev-support >-----------------
[INFO] Building Apache Ozone Dev Support 2.1.0-SNAPSHOT                  [2/53]
[INFO]   from dev-support/pom.xml
[INFO] --------------------------------[ jar ]---------------------------------
[INFO] 
[INFO] --- resources:3.3.0:copy-resources (copy-resources) @ ozone-dev-support ---
[INFO] Copying 2 resources
[INFO] 
[INFO] --- antrun:3.1.0:run (create-testdirs) @ ozone-dev-support ---
[INFO] Executing tasks
[INFO]     [mkdir] Created dir: /home/runner/work/ozone/ozone/dev-support/target/test-dir
[INFO] Executed tasks
[INFO] 
[INFO] --- sortpom:3.0.1:verify (default) @ ozone-dev-support ---
[INFO] Verifying file /home/runner/work/ozone/ozone/dev-support/pom.xml
[INFO] 
[INFO] --- jacoco:0.8.12:prepare-agent (default-prepare-agent) @ ozone-dev-support ---
[INFO] argLine set to -javaagent:/home/runner/.m2/repository/org/jacoco/org.jacoco.agent/0.8.12/org.jacoco.agent-0.8.12-runtime.jar=destfile=/home/runner/work/ozone/ozone/dev-support/target/jacoco.exec,includes=org.apache.hadoop.hdds.*:org.apache.hadoop.ozone.*:org.apache.hadoop.fs.ozone.*:org.apache.ozone.*
[INFO] 
[INFO] --- enforcer:3.5.0:enforce (banned-rocksdb-imports) @ ozone-dev-support ---
[INFO] Rule 0: org.apache.maven.plugins.enforcer.RestrictImports passed
[INFO] 
[INFO] --- enforcer:3.5.0:enforce (ban-imports) @ ozone-dev-support ---
[INFO] Rule 0: org.apache.maven.plugins.enforcer.RestrictImports passed
[INFO] Rule 1: org.apache.maven.plugins.enforcer.RestrictImports passed
[INFO] Rule 2: org.apache.maven.plugins.enforcer.RestrictImports passed
[INFO] Rule 3: org.apache.maven.plugins.enforcer.RestrictImports passed
[WARNING] EXPERIMENTAL FEATURE enabled. You have enabled full-compilation-unit parsing. Please be aware that experimental features might get removed or changed. Please share your feedback!
[INFO] Rule 4: org.apache.maven.plugins.enforcer.RestrictImports passed
[INFO] Rule 5: org.apache.maven.plugins.enforcer.RestrictImports passed
[INFO] Rule 6: org.apache.maven.plugins.enforcer.RestrictImports passed
[INFO] Rule 7: org.apache.maven.plugins.enforcer.RestrictImports passed
[INFO] 
[INFO] --- enforcer:3.5.0:enforce (ban-annotations) @ ozone-dev-support ---
[INFO] Rule 0: org.apache.maven.plugins.enforcer.RestrictImports passed
[INFO] 
[INFO] --- resources:3.3.0:resources (default-resources) @ ozone-dev-support ---
[INFO] Copying 2 resources to META-INF
[INFO] 
[INFO] --- remote-resources:3.3.0:bundle (default) @ ozone-dev-support ---
[INFO] Writing META-INF/maven/remote-resources.xml descriptor with 2 entries
[INFO] 
[INFO] --- compiler:3.9.0:compile (default-compile) @ ozone-dev-support ---
[INFO] No sources to compile
[INFO] 
[INFO] --- resources:3.3.0:testResources (default-testResources) @ ozone-dev-support ---
[INFO] skip non existing resourceDirectory /home/runner/work/ozone/ozone/dev-support/src/test/resources
[INFO] 
[INFO] --- compiler:3.9.0:testCompile (default-testCompile) @ ozone-dev-support ---
[INFO] No sources to compile
[INFO] 
[INFO] --- surefire:3.5.2:test (default-test) @ ozone-dev-support ---
[INFO] No tests to run.
[INFO] Using auto detected provider org.apache.maven.surefire.junitplatform.JUnitPlatformProvider
[INFO] No tests to run.
[INFO] 
[INFO] --- dependency:3.8.1:build-classpath (add-classpath-descriptor) @ ozone-dev-support ---
[INFO] Skipping plugin execution
[INFO] 
[INFO] --- dependency:3.8.1:copy-dependencies (copy-jars) @ ozone-dev-support ---
[INFO] Skipping plugin execution
[INFO] 
[INFO] --- jar:3.4.2:jar (default-jar) @ ozone-dev-support ---
[INFO] Building jar: /home/runner/work/ozone/ozone/dev-support/target/ozone-dev-support-2.1.0-SNAPSHOT.jar
[INFO] 
[INFO] --- dependency:3.8.1:analyze-only (analyze) @ ozone-dev-support ---
[INFO] No dependency problems found
[INFO] 
[INFO] -----------------------< org.apache.ozone:hdds >------------------------
[INFO] Building Apache Ozone HDDS 2.1.0-SNAPSHOT                         [3/53]
[INFO]   from hadoop-hdds/pom.xml
[INFO] --------------------------------[ pom ]---------------------------------
[INFO] 
[INFO] --- antrun:3.1.0:run (create-testdirs) @ hdds ---
[INFO] Executing tasks
[INFO]     [mkdir] Created dir: /home/runner/work/ozone/ozone/hadoop-hdds/target/test-dir
[INFO] Executed tasks
[INFO] 
[INFO] --- sortpom:3.0.1:verify (default) @ hdds ---
[INFO] Verifying file /home/runner/work/ozone/ozone/hadoop-hdds/pom.xml
[INFO] 
[INFO] --- jacoco:0.8.12:prepare-agent (default-prepare-agent) @ hdds ---
[INFO] argLine set to -javaagent:/home/runner/.m2/repository/org/jacoco/org.jacoco.agent/0.8.12/org.jacoco.agent-0.8.12-runtime.jar=destfile=/home/runner/work/ozone/ozone/hadoop-hdds/target/jacoco.exec,includes=org.apache.hadoop.hdds.*:org.apache.hadoop.ozone.*:org.apache.hadoop.fs.ozone.*:org.apache.ozone.*
[INFO] 
[INFO] --- enforcer:3.5.0:enforce (banned-rocksdb-imports) @ hdds ---
[INFO] Rule 0: org.apache.maven.plugins.enforcer.RestrictImports passed
[INFO] 
[INFO] --- enforcer:3.5.0:enforce (ban-imports) @ hdds ---
[INFO] Rule 0: org.apache.maven.plugins.enforcer.RestrictImports passed
[INFO] Rule 1: org.apache.maven.plugins.enforcer.RestrictImports passed
[INFO] Rule 2: org.apache.maven.plugins.enforcer.RestrictImports passed
[INFO] Rule 3: org.apache.maven.plugins.enforcer.RestrictImports passed
[WARNING] EXPERIMENTAL FEATURE enabled. You have enabled full-compilation-unit parsing. Please be aware that experimental features might get removed or changed. Please share your feedback!
[INFO] Rule 4: org.apache.maven.plugins.enforcer.RestrictImports passed
[INFO] Rule 5: org.apache.maven.plugins.enforcer.RestrictImports passed
[INFO] Rule 6: org.apache.maven.plugins.enforcer.RestrictImports passed
[INFO] Rule 7: org.apache.maven.plugins.enforcer.RestrictImports passed
[INFO] 
[INFO] --- enforcer:3.5.0:enforce (ban-annotations) @ hdds ---
[INFO] Rule 0: org.apache.maven.plugins.enforcer.RestrictImports passed
[INFO] 
[INFO] --- remote-resources:3.3.0:process (default) @ hdds ---
[INFO] Preparing remote bundle org.apache.ozone:ozone-dev-support:2.1.0-SNAPSHOT
[INFO] Copying 2 resources from 1 bundle.
[INFO] 
[INFO] --- dependency:3.8.1:build-classpath (add-classpath-descriptor) @ hdds ---
[INFO] Skipping plugin execution
[INFO] 
[INFO] --- dependency:3.8.1:copy-dependencies (copy-jars) @ hdds ---
[INFO] Skipping plugin execution
[INFO] 
[INFO] --- jar:3.4.2:test-jar (default) @ hdds ---
[WARNING] JAR will be empty - no content was marked for inclusion!
[INFO] Building jar: /home/runner/work/ozone/ozone/hadoop-hdds/target/hdds-2.1.0-SNAPSHOT-tests.jar
[INFO] 
[INFO] --- dependency:3.8.1:analyze-only (analyze) @ hdds ---
[INFO] Skipping pom project
[INFO] 
[INFO] ------------< org.apache.ozone:hdds-annotation-processing >-------------
[INFO] Building Apache Ozone Annotation Processing 2.1.0-SNAPSHOT        [4/53]
[INFO]   from hadoop-hdds/annotations/pom.xml
[INFO] --------------------------------[ jar ]---------------------------------
[INFO] 
[INFO] --- antrun:3.1.0:run (create-testdirs) @ hdds-annotation-processing ---
[INFO] Executing tasks
[INFO]     [mkdir] Created dir: /home/runner/work/ozone/ozone/hadoop-hdds/annotations/target/test-dir
[INFO] Executed tasks
[INFO] 
[INFO] --- sortpom:3.0.1:verify (default) @ hdds-annotation-processing ---
[INFO] Verifying file /home/runner/work/ozone/ozone/hadoop-hdds/annotations/pom.xml
[INFO] 
[INFO] --- jacoco:0.8.12:prepare-agent (default-prepare-agent) @ hdds-annotation-processing ---
[INFO] argLine set to -javaagent:/home/runner/.m2/repository/org/jacoco/org.jacoco.agent/0.8.12/org.jacoco.agent-0.8.12-runtime.jar=destfile=/home/runner/work/ozone/ozone/hadoop-hdds/annotations/target/jacoco.exec,includes=org.apache.hadoop.hdds.*:org.apache.hadoop.ozone.*:org.apache.hadoop.fs.ozone.*:org.apache.ozone.*
[INFO] 
[INFO] --- enforcer:3.5.0:enforce (banned-rocksdb-imports) @ hdds-annotation-processing ---
[INFO] Rule 0: org.apache.maven.plugins.enforcer.RestrictImports passed
[INFO] 
[INFO] --- enforcer:3.5.0:enforce (ban-imports) @ hdds-annotation-processing ---
[INFO] Rule 0: org.apache.maven.plugins.enforcer.RestrictImports passed
[INFO] Rule 1: org.apache.maven.plugins.enforcer.RestrictImports passed
[INFO] Rule 2: org.apache.maven.plugins.enforcer.RestrictImports passed
[INFO] Rule 3: org.apache.maven.plugins.enforcer.RestrictImports passed
[WARNING] EXPERIMENTAL FEATURE enabled. You have enabled full-compilation-unit parsing. Please be aware that experimental features might get removed or changed. Please share your feedback!
[INFO] Rule 4: org.apache.maven.plugins.enforcer.RestrictImports passed
[INFO] Rule 5: org.apache.maven.plugins.enforcer.RestrictImports passed
[INFO] Rule 6: org.apache.maven.plugins.enforcer.RestrictImports passed
[INFO] Rule 7: org.apache.maven.plugins.enforcer.RestrictImports passed
[INFO] 
[INFO] --- enforcer:3.5.0:enforce (ban-annotations) @ hdds-annotation-processing ---
[INFO] Rule 0: org.apache.maven.plugins.enforcer.RestrictImports passed
[INFO] 
[INFO] --- remote-resources:3.3.0:process (default) @ hdds-annotation-processing ---
[INFO] Preparing remote bundle org.apache.ozone:ozone-dev-support:2.1.0-SNAPSHOT
[INFO] Copying 2 resources from 1 bundle.
[INFO] 
[INFO] --- resources:3.3.0:resources (default-resources) @ hdds-annotation-processing ---
[INFO] skip non existing resourceDirectory /home/runner/work/ozone/ozone/hadoop-hdds/annotations/src/main/resources
[INFO] Copying 2 resources
[INFO] 
[INFO] --- compiler:3.9.0:compile (default-compile) @ hdds-annotation-processing ---
[INFO] Compiling 3 source files to /home/runner/work/ozone/ozone/hadoop-hdds/annotations/target/classes
[INFO] 
[INFO] --- resources:3.3.0:testResources (default-testResources) @ hdds-annotation-processing ---
[INFO] Not copying test resources
[INFO] 
[INFO] --- compiler:3.9.0:testCompile (default-testCompile) @ hdds-annotation-processing ---
[INFO] Skipped
[INFO] 
[INFO] --- surefire:3.5.2:test (default-test) @ hdds-annotation-processing ---
[INFO] No tests to run.
[INFO] Skipped
[INFO] 
[INFO] --- dependency:3.8.1:build-classpath (add-classpath-descriptor) @ hdds-annotation-processing ---
[INFO] Skipping plugin execution
[INFO] 
[INFO] --- dependency:3.8.1:copy-dependencies (copy-jars) @ hdds-annotation-processing ---
[INFO] Skipping plugin execution
[INFO] 
[INFO] --- jar:3.4.2:jar (default-jar) @ hdds-annotation-processing ---
[INFO] Building jar: /home/runner/work/ozone/ozone/hadoop-hdds/annotations/target/hdds-annotation-processing-2.1.0-SNAPSHOT.jar
[INFO] 
[INFO] --- jar:3.4.2:test-jar (default) @ hdds-annotation-processing ---
[INFO] Skipping packaging of the test-jar
[INFO] 
[INFO] --- dependency:3.8.1:analyze-only (analyze) @ hdds-annotation-processing ---
[INFO] No dependency problems found
[INFO] 
[INFO] --------------------< org.apache.ozone:hdds-config >--------------------
[INFO] Building Apache Ozone HDDS Config 2.1.0-SNAPSHOT                  [5/53]
[INFO]   from hadoop-hdds/config/pom.xml
[INFO] --------------------------------[ jar ]---------------------------------
[INFO] 
[INFO] --- antrun:3.1.0:run (create-testdirs) @ hdds-config ---
[INFO] Executing tasks
[INFO]     [mkdir] Created dir: /home/runner/work/ozone/ozone/hadoop-hdds/config/target/test-dir
[INFO] Executed tasks
[INFO] 
[INFO] --- sortpom:3.0.1:verify (default) @ hdds-config ---
[INFO] Verifying file /home/runner/work/ozone/ozone/hadoop-hdds/config/pom.xml
[INFO] 
[INFO] --- jacoco:0.8.12:prepare-agent (default-prepare-agent) @ hdds-config ---
[INFO] argLine set to -javaagent:/home/runner/.m2/repository/org/jacoco/org.jacoco.agent/0.8.12/org.jacoco.agent-0.8.12-runtime.jar=destfile=/home/runner/work/ozone/ozone/hadoop-hdds/config/target/jacoco.exec,includes=org.apache.hadoop.hdds.*:org.apache.hadoop.ozone.*:org.apache.hadoop.fs.ozone.*:org.apache.ozone.*
[INFO] 
[INFO] --- enforcer:3.5.0:enforce (banned-rocksdb-imports) @ hdds-config ---
[INFO] Rule 0: org.apache.maven.plugins.enforcer.RestrictImports passed
[INFO] 
[INFO] --- enforcer:3.5.0:enforce (ban-imports) @ hdds-config ---
[INFO] Rule 0: org.apache.maven.plugins.enforcer.RestrictImports passed
[INFO] Rule 1: org.apache.maven.plugins.enforcer.RestrictImports passed
[INFO] Rule 2: org.apache.maven.plugins.enforcer.RestrictImports passed
[INFO] Rule 3: org.apache.maven.plugins.enforcer.RestrictImports passed
[WARNING] EXPERIMENTAL FEATURE enabled. You have enabled full-compilation-unit parsing. Please be aware that experimental features might get removed or changed. Please share your feedback!
[INFO] Rule 4: org.apache.maven.plugins.enforcer.RestrictImports passed
[INFO] Rule 5: org.apache.maven.plugins.enforcer.RestrictImports passed
[INFO] Rule 6: org.apache.maven.plugins.enforcer.RestrictImports passed
[INFO] Rule 7: org.apache.maven.plugins.enforcer.RestrictImports passed
[INFO] 
[INFO] --- enforcer:3.5.0:enforce (ban-annotations) @ hdds-config ---
[INFO] Rule 0: org.apache.maven.plugins.enforcer.RestrictImports passed
[INFO] 
[INFO] --- remote-resources:3.3.0:process (default) @ hdds-config ---
[INFO] Preparing remote bundle org.apache.ozone:ozone-dev-support:2.1.0-SNAPSHOT
[INFO] Copying 2 resources from 1 bundle.
[INFO] 
[INFO] --- resources:3.3.0:resources (default-resources) @ hdds-config ---
[INFO] skip non existing resourceDirectory /home/runner/work/ozone/ozone/hadoop-hdds/config/src/main/resources
[INFO] Copying 2 resources
[INFO] 
[INFO] --- compiler:3.9.0:compile (default-compile) @ hdds-config ---
[INFO] Compiling 18 source files to /home/runner/work/ozone/ozone/hadoop-hdds/config/target/classes
[INFO] 
[INFO] --- resources:3.3.0:testResources (default-testResources) @ hdds-config ---
[INFO] Copying 1 resource
[INFO] Copying 2 resources
[INFO] 
[INFO] --- compiler:3.9.0:testCompile (default-testCompile) @ hdds-config ---
[INFO] Compiling 9 source files to /home/runner/work/ozone/ozone/hadoop-hdds/config/target/test-classes
[INFO] 
[INFO] --- surefire:3.5.2:test (default-test) @ hdds-config ---
[INFO] Using auto detected provider org.apache.maven.surefire.junitplatform.JUnitPlatformProvider
[INFO] Using auto detected provider org.apache.maven.surefire.junitplatform.JUnitPlatformProvider
[INFO] Using auto detected provider org.apache.maven.surefire.junitplatform.JUnitPlatformProvider
[INFO] 
[INFO] -------------------------------------------------------
[INFO]  T E S T S
[INFO] -------------------------------------------------------
[INFO] 
[INFO] Results:
[INFO] 
[INFO] Tests run: 0, Failures: 0, Errors: 0, Skipped: 0
[INFO] 
[INFO] 
[INFO] --- dependency:3.8.1:build-classpath (add-classpath-descriptor) @ hdds-config ---
[INFO] Skipping plugin execution
[INFO] 
[INFO] --- dependency:3.8.1:copy-dependencies (copy-jars) @ hdds-config ---
[INFO] Skipping plugin execution
[INFO] 
[INFO] --- jar:3.4.2:jar (default-jar) @ hdds-config ---
[INFO] Building jar: /home/runner/work/ozone/ozone/hadoop-hdds/config/target/hdds-config-2.1.0-SNAPSHOT.jar
[INFO] 
[INFO] --- jar:3.4.2:test-jar (default) @ hdds-config ---
[INFO] Building jar: /home/runner/work/ozone/ozone/hadoop-hdds/config/target/hdds-config-2.1.0-SNAPSHOT-tests.jar
[INFO] 
[INFO] --- dependency:3.8.1:analyze-only (analyze) @ hdds-config ---
[INFO] No dependency problems found
[INFO] 
[INFO] -----------< org.apache.ozone:hdds-hadoop-dependency-client >-----------
[INFO] Building Apache Ozone HDDS Hadoop Client dependencies 2.1.0-SNAPSHOT [6/53]
[INFO]   from hadoop-hdds/hadoop-dependency-client/pom.xml
[INFO] --------------------------------[ jar ]---------------------------------
[INFO] 
[INFO] --- antrun:3.1.0:run (create-testdirs) @ hdds-hadoop-dependency-client ---
[INFO] Executing tasks
[INFO]     [mkdir] Created dir: /home/runner/work/ozone/ozone/hadoop-hdds/hadoop-dependency-client/target/test-dir
[INFO] Executed tasks
[INFO] 
[INFO] --- sortpom:3.0.1:verify (default) @ hdds-hadoop-dependency-client ---
[INFO] Verifying file /home/runner/work/ozone/ozone/hadoop-hdds/hadoop-dependency-client/pom.xml
[INFO] 
[INFO] --- jacoco:0.8.12:prepare-agent (default-prepare-agent) @ hdds-hadoop-dependency-client ---
[INFO] argLine set to -javaagent:/home/runner/.m2/repository/org/jacoco/org.jacoco.agent/0.8.12/org.jacoco.agent-0.8.12-runtime.jar=destfile=/home/runner/work/ozone/ozone/hadoop-hdds/hadoop-dependency-client/target/jacoco.exec,includes=org.apache.hadoop.hdds.*:org.apache.hadoop.ozone.*:org.apache.hadoop.fs.ozone.*:org.apache.ozone.*
[INFO] 
[INFO] --- enforcer:3.5.0:enforce (banned-rocksdb-imports) @ hdds-hadoop-dependency-client ---
[INFO] Rule 0: org.apache.maven.plugins.enforcer.RestrictImports passed
[INFO] 
[INFO] --- enforcer:3.5.0:enforce (ban-imports) @ hdds-hadoop-dependency-client ---
[INFO] Rule 0: org.apache.maven.plugins.enforcer.RestrictImports passed
[INFO] Rule 1: org.apache.maven.plugins.enforcer.RestrictImports passed
[INFO] Rule 2: org.apache.maven.plugins.enforcer.RestrictImports passed
[INFO] Rule 3: org.apache.maven.plugins.enforcer.RestrictImports passed
[WARNING] EXPERIMENTAL FEATURE enabled. You have enabled full-compilation-unit parsing. Please be aware that experimental features might get removed or changed. Please share your feedback!
[INFO] Rule 4: org.apache.maven.plugins.enforcer.RestrictImports passed
[INFO] Rule 5: org.apache.maven.plugins.enforcer.RestrictImports passed
[INFO] Rule 6: org.apache.maven.plugins.enforcer.RestrictImports passed
[INFO] Rule 7: org.apache.maven.plugins.enforcer.RestrictImports passed
[INFO] 
[INFO] --- enforcer:3.5.0:enforce (ban-annotations) @ hdds-hadoop-dependency-client ---
[INFO] Rule 0: org.apache.maven.plugins.enforcer.RestrictImports passed
[INFO] 
[INFO] --- remote-resources:3.3.0:process (default) @ hdds-hadoop-dependency-client ---
[INFO] Preparing remote bundle org.apache.ozone:ozone-dev-support:2.1.0-SNAPSHOT
[INFO] Copying 2 resources from 1 bundle.
[INFO] 
[INFO] --- resources:3.3.0:resources (default-resources) @ hdds-hadoop-dependency-client ---
[INFO] skip non existing resourceDirectory /home/runner/work/ozone/ozone/hadoop-hdds/hadoop-dependency-client/src/main/resources
[INFO] Copying 2 resources
[INFO] 
[INFO] --- compiler:3.9.0:compile (default-compile) @ hdds-hadoop-dependency-client ---
[INFO] No sources to compile
[INFO] 
[INFO] --- resources:3.3.0:testResources (default-testResources) @ hdds-hadoop-dependency-client ---
[INFO] Not copying test resources
[INFO] 
[INFO] --- compiler:3.9.0:testCompile (default-testCompile) @ hdds-hadoop-dependency-client ---
[INFO] Skipped
[INFO] 
[INFO] --- surefire:3.5.2:test (default-test) @ hdds-hadoop-dependency-client ---
[INFO] No tests to run.
[INFO] Skipped
[INFO] 
[INFO] --- dependency:3.8.1:build-classpath (add-classpath-descriptor) @ hdds-hadoop-dependency-client ---
[INFO] Skipping plugin execution
[INFO] 
[INFO] --- dependency:3.8.1:copy-dependencies (copy-jars) @ hdds-hadoop-dependency-client ---
[INFO] Skipping plugin execution
[INFO] 
[INFO] --- jar:3.4.2:jar (default-jar) @ hdds-hadoop-dependency-client ---
[INFO] Building jar: /home/runner/work/ozone/ozone/hadoop-hdds/hadoop-dependency-client/target/hdds-hadoop-dependency-client-2.1.0-SNAPSHOT.jar
[INFO] 
[INFO] --- jar:3.4.2:test-jar (default) @ hdds-hadoop-dependency-client ---
[INFO] Skipping packaging of the test-jar
[INFO] 
[INFO] --- dependency:3.8.1:analyze-only (analyze) @ hdds-hadoop-dependency-client ---
[WARNING] Unused declared dependencies found:
[WARNING]    com.nimbusds:nimbus-jose-jwt:jar:9.40:compile
[WARNING]    org.apache.hadoop:hadoop-common:jar:3.4.1:compile
[WARNING]    org.apache.hadoop:hadoop-annotations:jar:3.4.1:compile
[WARNING]    org.apache.hadoop:hadoop-hdfs-client:jar:3.4.1:compile
[WARNING]    org.xerial.snappy:snappy-java:jar:1.1.10.7:compile
[INFO] 
[INFO] ---------------< org.apache.ozone:hdds-interface-client >---------------
[INFO] Building Apache Ozone HDDS Client Interface 2.1.0-SNAPSHOT        [7/53]
[INFO]   from hadoop-hdds/interface-client/pom.xml
[INFO] --------------------------------[ jar ]---------------------------------
[INFO] 
[INFO] --- antrun:3.1.0:run (create-testdirs) @ hdds-interface-client ---
[INFO] Executing tasks
[INFO]     [mkdir] Created dir: /home/runner/work/ozone/ozone/hadoop-hdds/interface-client/target/test-dir
[INFO] Executed tasks
[INFO] 
[INFO] --- sortpom:3.0.1:verify (default) @ hdds-interface-client ---
[INFO] Verifying file /home/runner/work/ozone/ozone/hadoop-hdds/interface-client/pom.xml
[INFO] 
[INFO] --- jacoco:0.8.12:prepare-agent (default-prepare-agent) @ hdds-interface-client ---
[INFO] argLine set to -javaagent:/home/runner/.m2/repository/org/jacoco/org.jacoco.agent/0.8.12/org.jacoco.agent-0.8.12-runtime.jar=destfile=/home/runner/work/ozone/ozone/hadoop-hdds/interface-client/target/jacoco.exec,includes=org.apache.hadoop.hdds.*:org.apache.hadoop.ozone.*:org.apache.hadoop.fs.ozone.*:org.apache.ozone.*
[INFO] 
[INFO] --- protobuf:0.6.1:compile (compile-protoc-grpc) @ hdds-interface-client ---
[INFO] Compiling 1 proto file(s) to /home/runner/work/ozone/ozone/hadoop-hdds/interface-client/target/generated-sources/java
[INFO] 
[INFO] --- protobuf:0.6.1:compile-custom (compile-protoc-grpc) @ hdds-interface-client ---
[INFO] Compiling 1 proto file(s) to /home/runner/work/ozone/ozone/hadoop-hdds/interface-client/target/generated-sources/java
[INFO] 
[INFO] --- protobuf:0.6.1:compile (compile-protoc-2) @ hdds-interface-client ---
[INFO] Compiling 2 proto file(s) to /home/runner/work/ozone/ozone/hadoop-hdds/interface-client/target/generated-sources/java
[INFO] 
[INFO] --- protobuf:0.6.1:compile (compile-protoc-3) @ hdds-interface-client ---
[INFO] Compiling 2 proto file(s) to /home/runner/work/ozone/ozone/hadoop-hdds/interface-client/target/generated-sources/java/proto3
[INFO] 
[INFO] --- antrun:3.1.0:run (default) @ hdds-interface-client ---
[INFO] Executing tasks
[INFO]      [move] Moving 2 files to /home/runner/work/ozone/ozone/hadoop-hdds/interface-client/target/generated-sources
[INFO] Executed tasks
[INFO] 
[INFO] --- enforcer:3.5.0:enforce (banned-rocksdb-imports) @ hdds-interface-client ---
[INFO] Rule 0: org.apache.maven.plugins.enforcer.RestrictImports passed
[INFO] Rule 1: org.apache.maven.enforcer.rules.version.RequireMavenVersion passed
[INFO] Rule 2: org.apache.maven.enforcer.rules.version.RequireJavaVersion passed
[INFO] 
[INFO] --- enforcer:3.5.0:enforce (ban-imports) @ hdds-interface-client ---
[INFO] Rule 0: org.apache.maven.plugins.enforcer.RestrictImports passed
[INFO] Rule 1: org.apache.maven.plugins.enforcer.RestrictImports passed
[INFO] Rule 2: org.apache.maven.plugins.enforcer.RestrictImports passed
[INFO] Rule 3: org.apache.maven.plugins.enforcer.RestrictImports passed
[WARNING] EXPERIMENTAL FEATURE enabled. You have enabled full-compilation-unit parsing. Please be aware that experimental features might get removed or changed. Please share your feedback!
[INFO] Rule 4: org.apache.maven.plugins.enforcer.RestrictImports passed
[INFO] Rule 5: org.apache.maven.plugins.enforcer.RestrictImports passed
[INFO] Rule 6: org.apache.maven.plugins.enforcer.RestrictImports passed
[INFO] Rule 7: org.apache.maven.plugins.enforcer.RestrictImports passed
[INFO] 
[INFO] --- enforcer:3.5.0:enforce (ban-annotations) @ hdds-interface-client ---
[INFO] Rule 0: org.apache.maven.plugins.enforcer.RestrictImports passed
[INFO] 
[INFO] --- remote-resources:3.3.0:process (default) @ hdds-interface-client ---
[INFO] Preparing remote bundle org.apache.ozone:ozone-dev-support:2.1.0-SNAPSHOT
[INFO] Copying 2 resources from 1 bundle.
[INFO] 
[INFO] --- resources:3.3.0:resources (default-resources) @ hdds-interface-client ---
[INFO] Copying 1 resource
[INFO] Copying 1 resource
[INFO] Copying 1 resource
[INFO] Copying 2 resources
[INFO] Copying 2 resources
[INFO] Copying 2 resources
[INFO] 
[INFO] --- compiler:3.9.0:compile (default-compile) @ hdds-interface-client ---
[INFO] Compiling 7 source files to /home/runner/work/ozone/ozone/hadoop-hdds/interface-client/target/classes
[INFO] 
[INFO] --- protobuf:0.6.1:test-compile (compile-protoc-grpc) @ hdds-interface-client ---
[INFO] /home/runner/work/ozone/ozone/hadoop-hdds/interface-client/src/test/proto does not exist. Review the configuration or consider disabling the plugin.
[INFO] 
[INFO] --- protobuf:0.6.1:test-compile-custom (compile-protoc-grpc) @ hdds-interface-client ---
[INFO] /home/runner/work/ozone/ozone/hadoop-hdds/interface-client/src/test/proto does not exist. Review the configuration or consider disabling the plugin.
[INFO] 
[INFO] --- protobuf:0.6.1:test-compile (compile-protoc-2) @ hdds-interface-client ---
[INFO] /home/runner/work/ozone/ozone/hadoop-hdds/interface-client/src/test/proto does not exist. Review the configuration or consider disabling the plugin.
[INFO] 
[INFO] --- protobuf:0.6.1:test-compile (compile-protoc-3) @ hdds-interface-client ---
[INFO] /home/runner/work/ozone/ozone/hadoop-hdds/interface-client/src/test/proto does not exist. Review the configuration or consider disabling the plugin.
[INFO] 
[INFO] --- resources:3.3.0:testResources (default-testResources) @ hdds-interface-client ---
[INFO] Not copying test resources
[INFO] 
[INFO] --- compiler:3.9.0:testCompile (default-testCompile) @ hdds-interface-client ---
[INFO] Skipped
[INFO] 
[INFO] --- surefire:3.5.2:test (default-test) @ hdds-interface-client ---
[INFO] No tests to run.
[INFO] Skipped
[INFO] 
[INFO] --- dependency:3.8.1:build-classpath (add-classpath-descriptor) @ hdds-interface-client ---
[INFO] Skipping plugin execution
[INFO] 
[INFO] --- dependency:3.8.1:copy-dependencies (copy-jars) @ hdds-interface-client ---
[INFO] Skipping plugin execution
[INFO] 
[INFO] --- jar:3.4.2:jar (default-jar) @ hdds-interface-client ---
[INFO] Building jar: /home/runner/work/ozone/ozone/hadoop-hdds/interface-client/target/hdds-interface-client-2.1.0-SNAPSHOT.jar
[INFO] 
[INFO] --- jar:3.4.2:test-jar (default) @ hdds-interface-client ---
[INFO] Skipping packaging of the test-jar
[INFO] 
[INFO] --- dependency:3.8.1:analyze-only (analyze) @ hdds-interface-client ---
[WARNING] Unused declared dependencies found:
[WARNING]    javax.annotation:javax.annotation-api:jar:1.3.2:compile
[INFO] 
[INFO] --- proto-backwards-compatibility:1.0.7:backwards-compatibility-check (default) @ hdds-interface-client ---
[INFO] protolock cmd line: /home/runner/work/ozone/ozone/hadoop-hdds/interface-client/target/protolock-bin/protolock status --lockdir=/home/runner/work/ozone/ozone/hadoop-hdds/interface-client/target/classes --protoroot=/home/runner/work/ozone/ozone/hadoop-hdds/interface-client/target/classes
[INFO] protolock cmd line: /home/runner/work/ozone/ozone/hadoop-hdds/interface-client/target/protolock-bin/protolock commit --lockdir=/home/runner/work/ozone/ozone/hadoop-hdds/interface-client/target/classes --protoroot=/home/runner/work/ozone/ozone/hadoop-hdds/interface-client/target/classes
[INFO] Backwards compatibility check passed.
[INFO] 
[INFO] ---------------< org.apache.ozone:hdds-interface-admin >----------------
[INFO] Building Apache Ozone HDDS Admin Interface 2.1.0-SNAPSHOT         [8/53]
[INFO]   from hadoop-hdds/interface-admin/pom.xml
[INFO] --------------------------------[ jar ]---------------------------------
[INFO] 
[INFO] --- antrun:3.1.0:run (create-testdirs) @ hdds-interface-admin ---
[INFO] Executing tasks
[INFO]     [mkdir] Created dir: /home/runner/work/ozone/ozone/hadoop-hdds/interface-admin/target/test-dir
[INFO] Executed tasks
[INFO] 
[INFO] --- sortpom:3.0.1:verify (default) @ hdds-interface-admin ---
[INFO] Verifying file /home/runner/work/ozone/ozone/hadoop-hdds/interface-admin/pom.xml
[INFO] 
[INFO] --- jacoco:0.8.12:prepare-agent (default-prepare-agent) @ hdds-interface-admin ---
[INFO] argLine set to -javaagent:/home/runner/.m2/repository/org/jacoco/org.jacoco.agent/0.8.12/org.jacoco.agent-0.8.12-runtime.jar=destfile=/home/runner/work/ozone/ozone/hadoop-hdds/interface-admin/target/jacoco.exec,includes=org.apache.hadoop.hdds.*:org.apache.hadoop.ozone.*:org.apache.hadoop.fs.ozone.*:org.apache.ozone.*
[INFO] 
[INFO] --- protobuf:0.6.1:compile (compile-protoc-2) @ hdds-interface-admin ---
[INFO] Compiling 1 proto file(s) to /home/runner/work/ozone/ozone/hadoop-hdds/interface-admin/target/generated-sources/java
[INFO] 
[INFO] --- enforcer:3.5.0:enforce (banned-rocksdb-imports) @ hdds-interface-admin ---
[INFO] Rule 0: org.apache.maven.plugins.enforcer.RestrictImports passed
[INFO] 
[INFO] --- enforcer:3.5.0:enforce (ban-imports) @ hdds-interface-admin ---
[INFO] Rule 0: org.apache.maven.plugins.enforcer.RestrictImports passed
[INFO] Rule 1: org.apache.maven.plugins.enforcer.RestrictImports passed
[INFO] Rule 2: org.apache.maven.plugins.enforcer.RestrictImports passed
[INFO] Rule 3: org.apache.maven.plugins.enforcer.RestrictImports passed
[WARNING] EXPERIMENTAL FEATURE enabled. You have enabled full-compilation-unit parsing. Please be aware that experimental features might get removed or changed. Please share your feedback!
[INFO] Rule 4: org.apache.maven.plugins.enforcer.RestrictImports passed
[INFO] Rule 5: org.apache.maven.plugins.enforcer.RestrictImports passed
[INFO] Rule 6: org.apache.maven.plugins.enforcer.RestrictImports passed
[INFO] Rule 7: org.apache.maven.plugins.enforcer.RestrictImports passed
[INFO] 
[INFO] --- enforcer:3.5.0:enforce (ban-annotations) @ hdds-interface-admin ---
[INFO] Rule 0: org.apache.maven.plugins.enforcer.RestrictImports passed
[INFO] 
[INFO] --- remote-resources:3.3.0:process (default) @ hdds-interface-admin ---
[INFO] Preparing remote bundle org.apache.ozone:ozone-dev-support:2.1.0-SNAPSHOT
[INFO] Copying 2 resources from 1 bundle.
[INFO] 
[INFO] --- resources:3.3.0:resources (default-resources) @ hdds-interface-admin ---
[INFO] Copying 1 resource
[INFO] Copying 1 resource
[INFO] Copying 2 resources
[INFO] 
[INFO] --- compiler:3.9.0:compile (default-compile) @ hdds-interface-admin ---
[INFO] Compiling 1 source file to /home/runner/work/ozone/ozone/hadoop-hdds/interface-admin/target/classes
[INFO] 
[INFO] --- protobuf:0.6.1:test-compile (compile-protoc-2) @ hdds-interface-admin ---
[INFO] /home/runner/work/ozone/ozone/hadoop-hdds/interface-admin/src/test/proto does not exist. Review the configuration or consider disabling the plugin.
[INFO] 
[INFO] --- resources:3.3.0:testResources (default-testResources) @ hdds-interface-admin ---
[INFO] Not copying test resources
[INFO] 
[INFO] --- compiler:3.9.0:testCompile (default-testCompile) @ hdds-interface-admin ---
[INFO] Skipped
[INFO] 
[INFO] --- surefire:3.5.2:test (default-test) @ hdds-interface-admin ---
[INFO] No tests to run.
[INFO] Skipped
[INFO] 
[INFO] --- dependency:3.8.1:build-classpath (add-classpath-descriptor) @ hdds-interface-admin ---
[INFO] Skipping plugin execution
[INFO] 
[INFO] --- dependency:3.8.1:copy-dependencies (copy-jars) @ hdds-interface-admin ---
[INFO] Skipping plugin execution
[INFO] 
[INFO] --- jar:3.4.2:jar (default-jar) @ hdds-interface-admin ---
[INFO] Building jar: /home/runner/work/ozone/ozone/hadoop-hdds/interface-admin/target/hdds-interface-admin-2.1.0-SNAPSHOT.jar
[INFO] 
[INFO] --- jar:3.4.2:test-jar (default) @ hdds-interface-admin ---
[INFO] Skipping packaging of the test-jar
[INFO] 
[INFO] --- dependency:3.8.1:analyze-only (analyze) @ hdds-interface-admin ---
[INFO] No dependency problems found
[INFO] 
[INFO] --- proto-backwards-compatibility:1.0.7:backwards-compatibility-check (default) @ hdds-interface-admin ---
[INFO] protolock cmd line: /home/runner/work/ozone/ozone/hadoop-hdds/interface-admin/target/protolock-bin/protolock status --lockdir=/home/runner/work/ozone/ozone/hadoop-hdds/interface-admin/target/classes --protoroot=/home/runner/work/ozone/ozone/hadoop-hdds/interface-admin/target/classes
[INFO] protolock cmd line: /home/runner/work/ozone/ozone/hadoop-hdds/interface-admin/target/protolock-bin/protolock commit --lockdir=/home/runner/work/ozone/ozone/hadoop-hdds/interface-admin/target/classes --protoroot=/home/runner/work/ozone/ozone/hadoop-hdds/interface-admin/target/classes
[INFO] Backwards compatibility check passed.
[INFO] 
[INFO] ------------------< org.apache.ozone:hdds-test-utils >------------------
[INFO] Building Apache Ozone HDDS Test Utils 2.1.0-SNAPSHOT              [9/53]
[INFO]   from hadoop-hdds/test-utils/pom.xml
[INFO] --------------------------------[ jar ]---------------------------------
[INFO] 
[INFO] --- antrun:3.1.0:run (create-testdirs) @ hdds-test-utils ---
[INFO] Executing tasks
[INFO]     [mkdir] Created dir: /home/runner/work/ozone/ozone/hadoop-hdds/test-utils/target/test-dir
[INFO] Executed tasks
[INFO] 
[INFO] --- sortpom:3.0.1:verify (default) @ hdds-test-utils ---
[INFO] Verifying file /home/runner/work/ozone/ozone/hadoop-hdds/test-utils/pom.xml
[INFO] 
[INFO] --- jacoco:0.8.12:prepare-agent (default-prepare-agent) @ hdds-test-utils ---
[INFO] argLine set to -javaagent:/home/runner/.m2/repository/org/jacoco/org.jacoco.agent/0.8.12/org.jacoco.agent-0.8.12-runtime.jar=destfile=/home/runner/work/ozone/ozone/hadoop-hdds/test-utils/target/jacoco.exec,includes=org.apache.hadoop.hdds.*:org.apache.hadoop.ozone.*:org.apache.hadoop.fs.ozone.*:org.apache.ozone.*
[INFO] 
[INFO] --- enforcer:3.5.0:enforce (banned-rocksdb-imports) @ hdds-test-utils ---
[INFO] Rule 0: org.apache.maven.plugins.enforcer.RestrictImports passed
[INFO] 
[INFO] --- enforcer:3.5.0:enforce (ban-imports) @ hdds-test-utils ---
[INFO] Rule 0: org.apache.maven.plugins.enforcer.RestrictImports passed
[INFO] Rule 1: org.apache.maven.plugins.enforcer.RestrictImports passed
[INFO] Rule 2: org.apache.maven.plugins.enforcer.RestrictImports passed
[INFO] Rule 3: org.apache.maven.plugins.enforcer.RestrictImports passed
[WARNING] EXPERIMENTAL FEATURE enabled. You have enabled full-compilation-unit parsing. Please be aware that experimental features might get removed or changed. Please share your feedback!
[INFO] Rule 4: org.apache.maven.plugins.enforcer.RestrictImports passed
[INFO] Rule 5: org.apache.maven.plugins.enforcer.RestrictImports passed
[INFO] Rule 6: org.apache.maven.plugins.enforcer.RestrictImports passed
[INFO] Rule 7: org.apache.maven.plugins.enforcer.RestrictImports passed
[INFO] 
[INFO] --- enforcer:3.5.0:enforce (ban-annotations) @ hdds-test-utils ---
[INFO] Rule 0: org.apache.maven.plugins.enforcer.RestrictImports passed
[INFO] 
[INFO] --- remote-resources:3.3.0:process (default) @ hdds-test-utils ---
[INFO] Preparing remote bundle org.apache.ozone:ozone-dev-support:2.1.0-SNAPSHOT
[INFO] Copying 2 resources from 1 bundle.
[INFO] 
[INFO] --- resources:3.3.0:resources (default-resources) @ hdds-test-utils ---
[INFO] skip non existing resourceDirectory /home/runner/work/ozone/ozone/hadoop-hdds/test-utils/src/main/resources
[INFO] Copying 2 resources
[INFO] 
[INFO] --- compiler:3.9.0:compile (default-compile) @ hdds-test-utils ---
[INFO] No sources to compile
[INFO] 
[INFO] --- resources:3.3.0:testResources (default-testResources) @ hdds-test-utils ---
[INFO] Copying 1 resource
[INFO] Copying 2 resources
[INFO] 
[INFO] --- compiler:3.9.0:testCompile (default-testCompile) @ hdds-test-utils ---
[INFO] Compiling 19 source files to /home/runner/work/ozone/ozone/hadoop-hdds/test-utils/target/test-classes
[INFO] /home/runner/work/ozone/ozone/hadoop-hdds/test-utils/src/test/java/org/apache/ozone/test/GenericTestUtils.java: /home/runner/work/ozone/ozone/hadoop-hdds/test-utils/src/test/java/org/apache/ozone/test/GenericTestUtils.java uses unchecked or unsafe operations.
[INFO] /home/runner/work/ozone/ozone/hadoop-hdds/test-utils/src/test/java/org/apache/ozone/test/GenericTestUtils.java: Recompile with -Xlint:unchecked for details.
[INFO] 
[INFO] --- surefire:3.5.2:test (default-test) @ hdds-test-utils ---
[INFO] Using auto detected provider org.apache.maven.surefire.junitplatform.JUnitPlatformProvider
[INFO] Using auto detected provider org.apache.maven.surefire.junitplatform.JUnitPlatformProvider
[INFO] Using auto detected provider org.apache.maven.surefire.junitplatform.JUnitPlatformProvider
[INFO] 
[INFO] -------------------------------------------------------
[INFO]  T E S T S
[INFO] -------------------------------------------------------
[INFO] 
[INFO] Results:
[INFO] 
[INFO] Tests run: 0, Failures: 0, Errors: 0, Skipped: 0
[INFO] 
[INFO] 
[INFO] --- dependency:3.8.1:build-classpath (add-classpath-descriptor) @ hdds-test-utils ---
[INFO] Skipping plugin execution
[INFO] 
[INFO] --- dependency:3.8.1:copy-dependencies (copy-jars) @ hdds-test-utils ---
[INFO] Skipping plugin execution
[INFO] 
[INFO] --- jar:3.4.2:jar (default-jar) @ hdds-test-utils ---
[INFO] Building jar: /home/runner/work/ozone/ozone/hadoop-hdds/test-utils/target/hdds-test-utils-2.1.0-SNAPSHOT.jar
[INFO] 
[INFO] --- jar:3.4.2:test-jar (default) @ hdds-test-utils ---
[INFO] Building jar: /home/runner/work/ozone/ozone/hadoop-hdds/test-utils/target/hdds-test-utils-2.1.0-SNAPSHOT-tests.jar
[INFO] 
[INFO] --- dependency:3.8.1:analyze-only (analyze) @ hdds-test-utils ---
[WARNING] Used undeclared dependencies found:
[WARNING]    org.junit.platform:junit-platform-engine:jar:1.12.1:provided
[INFO] 
[INFO] --------------------< org.apache.ozone:hdds-common >--------------------
[INFO] Building Apache Ozone HDDS Common 2.1.0-SNAPSHOT                 [10/53]
[INFO]   from hadoop-hdds/common/pom.xml
[INFO] --------------------------------[ jar ]---------------------------------
[INFO] 
[INFO] --- antrun:3.1.0:run (create-testdirs) @ hdds-common ---
[INFO] Executing tasks
[INFO]     [mkdir] Created dir: /home/runner/work/ozone/ozone/hadoop-hdds/common/target/test-dir
[INFO] Executed tasks
[INFO] 
[INFO] --- sortpom:3.0.1:verify (default) @ hdds-common ---
[INFO] Verifying file /home/runner/work/ozone/ozone/hadoop-hdds/common/pom.xml
[INFO] 
[INFO] --- jacoco:0.8.12:prepare-agent (default-prepare-agent) @ hdds-common ---
[INFO] argLine set to -javaagent:/home/runner/.m2/repository/org/jacoco/org.jacoco.agent/0.8.12/org.jacoco.agent-0.8.12-runtime.jar=destfile=/home/runner/work/ozone/ozone/hadoop-hdds/common/target/jacoco.exec,includes=org.apache.hadoop.hdds.*:org.apache.hadoop.ozone.*:org.apache.hadoop.fs.ozone.*:org.apache.ozone.*
[INFO] 
[INFO] --- enforcer:3.5.0:enforce (banned-rocksdb-imports) @ hdds-common ---
[INFO] Rule 0: org.apache.maven.plugins.enforcer.RestrictImports passed
[INFO] 
[INFO] --- enforcer:3.5.0:enforce (ban-imports) @ hdds-common ---
[INFO] Rule 0: org.apache.maven.plugins.enforcer.RestrictImports passed
[INFO] Rule 1: org.apache.maven.plugins.enforcer.RestrictImports passed
[INFO] Rule 2: org.apache.maven.plugins.enforcer.RestrictImports passed
[INFO] Rule 3: org.apache.maven.plugins.enforcer.RestrictImports passed
[WARNING] EXPERIMENTAL FEATURE enabled. You have enabled full-compilation-unit parsing. Please be aware that experimental features might get removed or changed. Please share your feedback!
[INFO] Rule 4: org.apache.maven.plugins.enforcer.RestrictImports passed
[INFO] Rule 5: org.apache.maven.plugins.enforcer.RestrictImports passed
[INFO] Rule 6: org.apache.maven.plugins.enforcer.RestrictImports passed
[INFO] Rule 7: org.apache.maven.plugins.enforcer.RestrictImports passed
[INFO] 
[INFO] --- enforcer:3.5.0:enforce (ban-annotations) @ hdds-common ---
[INFO] Rule 0: org.apache.maven.plugins.enforcer.RestrictImports passed
[INFO] 
[INFO] --- remote-resources:3.3.0:process (default) @ hdds-common ---
[INFO] Preparing remote bundle org.apache.ozone:ozone-dev-support:2.1.0-SNAPSHOT
[INFO] Copying 2 resources from 1 bundle.
[INFO] 
[INFO] --- hadoops:3.4.1:version-info (version-info) @ hdds-common ---
[INFO] SCM: GIT
[INFO] Computed MD5: b0a1aacc1f41bddcc14925344e8b25c
[INFO] 
[INFO] --- resources:3.3.0:resources (default-resources) @ hdds-common ---
[INFO] Copying 4 resources
[INFO] Copying 1 resource
[INFO] Copying 2 resources
[INFO] The encoding used to copy filtered properties files have not been set. This means that the same encoding will be used to copy filtered properties files as when copying other filtered resources. This might not be what you want! Run your build with --debug to see which files might be affected. Read more at https://maven.apache.org/plugins/maven-resources-plugin/examples/filtering-properties-files.html
[INFO] 
[INFO] --- compiler:3.9.0:compile (default-compile) @ hdds-common ---
[INFO] Compiling 271 source files to /home/runner/work/ozone/ozone/hadoop-hdds/common/target/classes
[INFO] /home/runner/work/ozone/ozone/hadoop-hdds/common/src/main/java/org/apache/hadoop/hdds/scm/pipeline/Pipeline.java: Some input files use or override a deprecated API.
[INFO] /home/runner/work/ozone/ozone/hadoop-hdds/common/src/main/java/org/apache/hadoop/hdds/scm/pipeline/Pipeline.java: Recompile with -Xlint:deprecation for details.
[INFO] /home/runner/work/ozone/ozone/hadoop-hdds/common/src/main/java/org/apache/hadoop/hdds/utils/db/Proto3Codec.java: Some input files use unchecked or unsafe operations.
[INFO] /home/runner/work/ozone/ozone/hadoop-hdds/common/src/main/java/org/apache/hadoop/hdds/utils/db/Proto3Codec.java: Recompile with -Xlint:unchecked for details.
[INFO] 
[INFO] --- resources:3.3.0:testResources (default-testResources) @ hdds-common ---
[INFO] Copying 20 resources
[INFO] Copying 2 resources
[INFO] 
[INFO] --- compiler:3.9.0:testCompile (default-testCompile) @ hdds-common ---
[INFO] Compiling 70 source files to /home/runner/work/ozone/ozone/hadoop-hdds/common/target/test-classes
[INFO] /home/runner/work/ozone/ozone/hadoop-hdds/common/src/test/java/org/apache/hadoop/ozone/common/TestChecksumImplsComputeSameValues.java: Some input files use or override a deprecated API.
[INFO] /home/runner/work/ozone/ozone/hadoop-hdds/common/src/test/java/org/apache/hadoop/ozone/common/TestChecksumImplsComputeSameValues.java: Recompile with -Xlint:deprecation for details.
[INFO] /home/runner/work/ozone/ozone/hadoop-hdds/common/src/test/java/org/apache/hadoop/hdds/client/TestECReplicationConfig.java: Some input files use unchecked or unsafe operations.
[INFO] /home/runner/work/ozone/ozone/hadoop-hdds/common/src/test/java/org/apache/hadoop/hdds/client/TestECReplicationConfig.java: Recompile with -Xlint:unchecked for details.
[INFO] 
[INFO] --- surefire:3.5.2:test (default-test) @ hdds-common ---
[INFO] Using auto detected provider org.apache.maven.surefire.junitplatform.JUnitPlatformProvider
[INFO] Using auto detected provider org.apache.maven.surefire.junitplatform.JUnitPlatformProvider
[INFO] Using auto detected provider org.apache.maven.surefire.junitplatform.JUnitPlatformProvider
[INFO] 
[INFO] -------------------------------------------------------
[INFO]  T E S T S
[INFO] -------------------------------------------------------
[INFO] 
[INFO] Results:
[INFO] 
[INFO] Tests run: 0, Failures: 0, Errors: 0, Skipped: 0
[INFO] 
[INFO] 
[INFO] --- dependency:3.8.1:build-classpath (add-classpath-descriptor) @ hdds-common ---
[INFO] Skipping plugin execution
[INFO] 
[INFO] --- dependency:3.8.1:copy-dependencies (copy-jars) @ hdds-common ---
[INFO] Skipping plugin execution
[INFO] 
[INFO] --- jar:3.4.2:jar (default-jar) @ hdds-common ---
[INFO] Building jar: /home/runner/work/ozone/ozone/hadoop-hdds/common/target/hdds-common-2.1.0-SNAPSHOT.jar
[INFO] 
[INFO] --- jar:3.4.2:test-jar (default) @ hdds-common ---
[INFO] Building jar: /home/runner/work/ozone/ozone/hadoop-hdds/common/target/hdds-common-2.1.0-SNAPSHOT-tests.jar
[INFO] 
[INFO] --- dependency:3.8.1:analyze-only (analyze) @ hdds-common ---
[WARNING] Used undeclared dependencies found:
[WARNING]    org.apache.hadoop:hadoop-common:jar:3.4.1:compile
[WARNING] Unused declared dependencies found:
[WARNING]    io.grpc:grpc-api:jar:1.58.0:compile
[WARNING]    javax.annotation:javax.annotation-api:jar:1.3.2:compile
[WARNING]    org.reflections:reflections:jar:0.10.2:compile
[WARNING]    org.apache.ratis:ratis-metrics-dropwizard3:jar:3.1.2:compile
[WARNING]    org.apache.ozone:hdds-annotation-processing:jar:2.1.0-SNAPSHOT:compile
[WARNING]    com.google.errorprone:error_prone_annotations:jar:2.29.2:compile
[WARNING]    org.jetbrains.kotlin:kotlin-stdlib:jar:1.9.25:compile
[WARNING]    io.jaegertracing:jaeger-client:jar:1.8.1:compile
[WARNING]    org.apache.ozone:hdds-hadoop-dependency-client:jar:2.1.0-SNAPSHOT:compile
[WARNING]    io.dropwizard.metrics:metrics-core:jar:3.2.6:compile
[WARNING] Non-test scoped test only dependencies found:
[WARNING]    org.bouncycastle:bcutil-jdk18on:jar:1.80:compile
[INFO] 
[INFO] -----------------< org.apache.ozone:hdds-erasurecode >------------------
[INFO] Building Apache Ozone HDDS Erasurecode 2.1.0-SNAPSHOT            [11/53]
[INFO]   from hadoop-hdds/erasurecode/pom.xml
[INFO] --------------------------------[ jar ]---------------------------------
[INFO] 
[INFO] --- antrun:3.1.0:run (create-testdirs) @ hdds-erasurecode ---
[INFO] Executing tasks
[INFO]     [mkdir] Created dir: /home/runner/work/ozone/ozone/hadoop-hdds/erasurecode/target/test-dir
[INFO] Executed tasks
[INFO] 
[INFO] --- sortpom:3.0.1:verify (default) @ hdds-erasurecode ---
[INFO] Verifying file /home/runner/work/ozone/ozone/hadoop-hdds/erasurecode/pom.xml
[INFO] 
[INFO] --- jacoco:0.8.12:prepare-agent (default-prepare-agent) @ hdds-erasurecode ---
[INFO] argLine set to -javaagent:/home/runner/.m2/repository/org/jacoco/org.jacoco.agent/0.8.12/org.jacoco.agent-0.8.12-runtime.jar=destfile=/home/runner/work/ozone/ozone/hadoop-hdds/erasurecode/target/jacoco.exec,includes=org.apache.hadoop.hdds.*:org.apache.hadoop.ozone.*:org.apache.hadoop.fs.ozone.*:org.apache.ozone.*
[INFO] 
[INFO] --- enforcer:3.5.0:enforce (banned-rocksdb-imports) @ hdds-erasurecode ---
[INFO] Rule 0: org.apache.maven.plugins.enforcer.RestrictImports passed
[INFO] 
[INFO] --- enforcer:3.5.0:enforce (ban-imports) @ hdds-erasurecode ---
[INFO] Rule 0: org.apache.maven.plugins.enforcer.RestrictImports passed
[INFO] Rule 1: org.apache.maven.plugins.enforcer.RestrictImports passed
[INFO] Rule 2: org.apache.maven.plugins.enforcer.RestrictImports passed
[INFO] Rule 3: org.apache.maven.plugins.enforcer.RestrictImports passed
[WARNING] EXPERIMENTAL FEATURE enabled. You have enabled full-compilation-unit parsing. Please be aware that experimental features might get removed or changed. Please share your feedback!
[INFO] Rule 4: org.apache.maven.plugins.enforcer.RestrictImports passed
[INFO] Rule 5: org.apache.maven.plugins.enforcer.RestrictImports passed
[INFO] Rule 6: org.apache.maven.plugins.enforcer.RestrictImports passed
[INFO] Rule 7: org.apache.maven.plugins.enforcer.RestrictImports passed
[INFO] 
[INFO] --- enforcer:3.5.0:enforce (ban-annotations) @ hdds-erasurecode ---
[INFO] Rule 0: org.apache.maven.plugins.enforcer.RestrictImports passed
[INFO] 
[INFO] --- remote-resources:3.3.0:process (default) @ hdds-erasurecode ---
[INFO] Preparing remote bundle org.apache.ozone:ozone-dev-support:2.1.0-SNAPSHOT
[INFO] Copying 2 resources from 1 bundle.
[INFO] 
[INFO] --- resources:3.3.0:resources (default-resources) @ hdds-erasurecode ---
[INFO] Copying 1 resource
[INFO] Copying 2 resources
[INFO] 
[INFO] --- compiler:3.9.0:compile (default-compile) @ hdds-erasurecode ---
[INFO] Compiling 39 source files to /home/runner/work/ozone/ozone/hadoop-hdds/erasurecode/target/classes
[INFO] 
[INFO] --- resources:3.3.0:testResources (default-testResources) @ hdds-erasurecode ---
[INFO] skip non existing resourceDirectory /home/runner/work/ozone/ozone/hadoop-hdds/erasurecode/src/test/resources
[INFO] Copying 2 resources
[INFO] 
[INFO] --- compiler:3.9.0:testCompile (default-testCompile) @ hdds-erasurecode ---
[INFO] Compiling 17 source files to /home/runner/work/ozone/ozone/hadoop-hdds/erasurecode/target/test-classes
[INFO] 
[INFO] --- surefire:3.5.2:test (default-test) @ hdds-erasurecode ---
[INFO] Using auto detected provider org.apache.maven.surefire.junitplatform.JUnitPlatformProvider
[INFO] Using auto detected provider org.apache.maven.surefire.junitplatform.JUnitPlatformProvider
[INFO] Using auto detected provider org.apache.maven.surefire.junitplatform.JUnitPlatformProvider
[INFO] 
[INFO] -------------------------------------------------------
[INFO]  T E S T S
[INFO] -------------------------------------------------------
[INFO] 
[INFO] Results:
[INFO] 
[INFO] Tests run: 0, Failures: 0, Errors: 0, Skipped: 0
[INFO] 
[INFO] 
[INFO] --- dependency:3.8.1:build-classpath (add-classpath-descriptor) @ hdds-erasurecode ---
[INFO] Skipping plugin execution
[INFO] 
[INFO] --- dependency:3.8.1:copy-dependencies (copy-jars) @ hdds-erasurecode ---
[INFO] Skipping plugin execution
[INFO] 
[INFO] --- jar:3.4.2:jar (default-jar) @ hdds-erasurecode ---
[INFO] Building jar: /home/runner/work/ozone/ozone/hadoop-hdds/erasurecode/target/hdds-erasurecode-2.1.0-SNAPSHOT.jar
[INFO] 
[INFO] --- jar:3.4.2:test-jar (default) @ hdds-erasurecode ---
[INFO] Building jar: /home/runner/work/ozone/ozone/hadoop-hdds/erasurecode/target/hdds-erasurecode-2.1.0-SNAPSHOT-tests.jar
[INFO] 
[INFO] --- dependency:3.8.1:analyze-only (analyze) @ hdds-erasurecode ---
[WARNING] Used undeclared dependencies found:
[WARNING]    org.apache.commons:commons-lang3:jar:3.17.0:compile
[WARNING]    org.apache.hadoop:hadoop-common:jar:3.4.1:compile
[WARNING] Non-test scoped test only dependencies found:
[WARNING]    org.apache.commons:commons-lang3:jar:3.17.0:compile
[INFO] 
[INFO] --------------------< org.apache.ozone:hdds-client >--------------------
[INFO] Building Apache Ozone HDDS Client 2.1.0-SNAPSHOT                 [12/53]
[INFO]   from hadoop-hdds/client/pom.xml
[INFO] --------------------------------[ jar ]---------------------------------
[INFO] 
[INFO] --- antrun:3.1.0:run (create-testdirs) @ hdds-client ---
[INFO] Executing tasks
[INFO]     [mkdir] Created dir: /home/runner/work/ozone/ozone/hadoop-hdds/client/target/test-dir
[INFO] Executed tasks
[INFO] 
[INFO] --- sortpom:3.0.1:verify (default) @ hdds-client ---
[INFO] Verifying file /home/runner/work/ozone/ozone/hadoop-hdds/client/pom.xml
[INFO] 
[INFO] --- jacoco:0.8.12:prepare-agent (default-prepare-agent) @ hdds-client ---
[INFO] argLine set to -javaagent:/home/runner/.m2/repository/org/jacoco/org.jacoco.agent/0.8.12/org.jacoco.agent-0.8.12-runtime.jar=destfile=/home/runner/work/ozone/ozone/hadoop-hdds/client/target/jacoco.exec,includes=org.apache.hadoop.hdds.*:org.apache.hadoop.ozone.*:org.apache.hadoop.fs.ozone.*:org.apache.ozone.*
[INFO] 
[INFO] --- enforcer:3.5.0:enforce (banned-rocksdb-imports) @ hdds-client ---
[INFO] Rule 0: org.apache.maven.plugins.enforcer.RestrictImports passed
[INFO] 
[INFO] --- enforcer:3.5.0:enforce (ban-imports) @ hdds-client ---
[INFO] Rule 0: org.apache.maven.plugins.enforcer.RestrictImports passed
[INFO] Rule 1: org.apache.maven.plugins.enforcer.RestrictImports passed
[INFO] Rule 2: org.apache.maven.plugins.enforcer.RestrictImports passed
[INFO] Rule 3: org.apache.maven.plugins.enforcer.RestrictImports passed
[WARNING] EXPERIMENTAL FEATURE enabled. You have enabled full-compilation-unit parsing. Please be aware that experimental features might get removed or changed. Please share your feedback!
[INFO] Rule 4: org.apache.maven.plugins.enforcer.RestrictImports passed
[INFO] Rule 5: org.apache.maven.plugins.enforcer.RestrictImports passed
[INFO] Rule 6: org.apache.maven.plugins.enforcer.RestrictImports passed
[INFO] Rule 7: org.apache.maven.plugins.enforcer.RestrictImports passed
[INFO] 
[INFO] --- enforcer:3.5.0:enforce (ban-annotations) @ hdds-client ---
[INFO] Rule 0: org.apache.maven.plugins.enforcer.RestrictImports passed
[INFO] 
[INFO] --- remote-resources:3.3.0:process (default) @ hdds-client ---
[INFO] Preparing remote bundle org.apache.ozone:ozone-dev-support:2.1.0-SNAPSHOT
[INFO] Copying 2 resources from 1 bundle.
[INFO] 
[INFO] --- resources:3.3.0:resources (default-resources) @ hdds-client ---
[INFO] skip non existing resourceDirectory /home/runner/work/ozone/ozone/hadoop-hdds/client/src/main/resources
[INFO] Copying 2 resources
[INFO] 
[INFO] --- compiler:3.9.0:compile (default-compile) @ hdds-client ---
[INFO] Compiling 48 source files to /home/runner/work/ozone/ozone/hadoop-hdds/client/target/classes
[INFO] /home/runner/work/ozone/ozone/hadoop-hdds/client/src/main/java/org/apache/hadoop/ozone/client/io/ECBlockInputStream.java: Some input files use or override a deprecated API.
[INFO] /home/runner/work/ozone/ozone/hadoop-hdds/client/src/main/java/org/apache/hadoop/ozone/client/io/ECBlockInputStream.java: Recompile with -Xlint:deprecation for details.
[INFO] /home/runner/work/ozone/ozone/hadoop-hdds/client/src/main/java/org/apache/hadoop/hdds/scm/client/HddsClientUtils.java: /home/runner/work/ozone/ozone/hadoop-hdds/client/src/main/java/org/apache/hadoop/hdds/scm/client/HddsClientUtils.java uses unchecked or unsafe operations.
[INFO] /home/runner/work/ozone/ozone/hadoop-hdds/client/src/main/java/org/apache/hadoop/hdds/scm/client/HddsClientUtils.java: Recompile with -Xlint:unchecked for details.
[INFO] 
[INFO] --- resources:3.3.0:testResources (default-testResources) @ hdds-client ---
[INFO] Copying 1 resource
[INFO] Copying 2 resources
[INFO] 
[INFO] --- compiler:3.9.0:testCompile (default-testCompile) @ hdds-client ---
[INFO] Compiling 17 source files to /home/runner/work/ozone/ozone/hadoop-hdds/client/target/test-classes
[INFO] /home/runner/work/ozone/ozone/hadoop-hdds/client/src/test/java/org/apache/hadoop/hdds/scm/storage/TestBlockOutputStreamCorrectness.java: Some input files use or override a deprecated API.
[INFO] /home/runner/work/ozone/ozone/hadoop-hdds/client/src/test/java/org/apache/hadoop/hdds/scm/storage/TestBlockOutputStreamCorrectness.java: Recompile with -Xlint:deprecation for details.
[INFO] /home/runner/work/ozone/ozone/hadoop-hdds/client/src/test/java/org/apache/hadoop/hdds/scm/storage/TestBlockInputStream.java: /home/runner/work/ozone/ozone/hadoop-hdds/client/src/test/java/org/apache/hadoop/hdds/scm/storage/TestBlockInputStream.java uses unchecked or unsafe operations.
[INFO] /home/runner/work/ozone/ozone/hadoop-hdds/client/src/test/java/org/apache/hadoop/hdds/scm/storage/TestBlockInputStream.java: Recompile with -Xlint:unchecked for details.
[INFO] 
[INFO] --- surefire:3.5.2:test (default-test) @ hdds-client ---
[INFO] Using auto detected provider org.apache.maven.surefire.junitplatform.JUnitPlatformProvider
[INFO] Using auto detected provider org.apache.maven.surefire.junitplatform.JUnitPlatformProvider
[INFO] Using auto detected provider org.apache.maven.surefire.junitplatform.JUnitPlatformProvider
[INFO] 
[INFO] -------------------------------------------------------
[INFO]  T E S T S
[INFO] -------------------------------------------------------
[INFO] 
[INFO] Results:
[INFO] 
[INFO] Tests run: 0, Failures: 0, Errors: 0, Skipped: 0
[INFO] 
[INFO] 
[INFO] --- dependency:3.8.1:build-classpath (add-classpath-descriptor) @ hdds-client ---
[INFO] Skipping plugin execution
[INFO] 
[INFO] --- dependency:3.8.1:copy-dependencies (copy-jars) @ hdds-client ---
[INFO] Skipping plugin execution
[INFO] 
[INFO] --- jar:3.4.2:jar (default-jar) @ hdds-client ---
[INFO] Building jar: /home/runner/work/ozone/ozone/hadoop-hdds/client/target/hdds-client-2.1.0-SNAPSHOT.jar
[INFO] 
[INFO] --- jar:3.4.2:test-jar (default) @ hdds-client ---
[INFO] Building jar: /home/runner/work/ozone/ozone/hadoop-hdds/client/target/hdds-client-2.1.0-SNAPSHOT-tests.jar
[INFO] 
[INFO] --- dependency:3.8.1:analyze-only (analyze) @ hdds-client ---
[WARNING] Used undeclared dependencies found:
[WARNING]    org.apache.hadoop:hadoop-common:jar:3.4.1:compile
[INFO] 
[INFO] ---------------< org.apache.ozone:hdds-interface-server >---------------
[INFO] Building Apache Ozone HDDS Server Interface 2.1.0-SNAPSHOT       [13/53]
[INFO]   from hadoop-hdds/interface-server/pom.xml
[INFO] --------------------------------[ jar ]---------------------------------
[INFO] 
[INFO] --- antrun:3.1.0:run (create-testdirs) @ hdds-interface-server ---
[INFO] Executing tasks
[INFO]     [mkdir] Created dir: /home/runner/work/ozone/ozone/hadoop-hdds/interface-server/target/test-dir
[INFO] Executed tasks
[INFO] 
[INFO] --- sortpom:3.0.1:verify (default) @ hdds-interface-server ---
[INFO] Verifying file /home/runner/work/ozone/ozone/hadoop-hdds/interface-server/pom.xml
[INFO] 
[INFO] --- jacoco:0.8.12:prepare-agent (default-prepare-agent) @ hdds-interface-server ---
[INFO] argLine set to -javaagent:/home/runner/.m2/repository/org/jacoco/org.jacoco.agent/0.8.12/org.jacoco.agent-0.8.12-runtime.jar=destfile=/home/runner/work/ozone/ozone/hadoop-hdds/interface-server/target/jacoco.exec,includes=org.apache.hadoop.hdds.*:org.apache.hadoop.ozone.*:org.apache.hadoop.fs.ozone.*:org.apache.ozone.*
[INFO] 
[INFO] --- protobuf:0.6.1:compile (compile-protoc-3) @ hdds-interface-server ---
[INFO] Compiling 2 proto file(s) to /home/runner/work/ozone/ozone/hadoop-hdds/interface-server/target/generated-sources/java
[INFO] 
[INFO] --- protobuf:0.6.1:compile-custom (compile-protoc-3) @ hdds-interface-server ---
[INFO] Compiling 2 proto file(s) to /home/runner/work/ozone/ozone/hadoop-hdds/interface-server/target/generated-sources/java
[INFO] 
[INFO] --- protobuf:0.6.1:compile (compile-protoc-2) @ hdds-interface-server ---
[INFO] Compiling 5 proto file(s) to /home/runner/work/ozone/ozone/hadoop-hdds/interface-server/target/generated-sources/java
[INFO] 
[INFO] --- antrun:3.1.0:run (default) @ hdds-interface-server ---
[INFO] Executing tasks
[INFO] Executed tasks
[INFO] 
[INFO] --- enforcer:3.5.0:enforce (banned-rocksdb-imports) @ hdds-interface-server ---
[INFO] Rule 0: org.apache.maven.plugins.enforcer.RestrictImports passed
[INFO] 
[INFO] --- enforcer:3.5.0:enforce (ban-imports) @ hdds-interface-server ---
[INFO] Rule 0: org.apache.maven.plugins.enforcer.RestrictImports passed
[INFO] Rule 1: org.apache.maven.plugins.enforcer.RestrictImports passed
[INFO] Rule 2: org.apache.maven.plugins.enforcer.RestrictImports passed
[INFO] Rule 3: org.apache.maven.plugins.enforcer.RestrictImports passed
[WARNING] EXPERIMENTAL FEATURE enabled. You have enabled full-compilation-unit parsing. Please be aware that experimental features might get removed or changed. Please share your feedback!
[INFO] Rule 4: org.apache.maven.plugins.enforcer.RestrictImports passed
[INFO] Rule 5: org.apache.maven.plugins.enforcer.RestrictImports passed
[INFO] Rule 6: org.apache.maven.plugins.enforcer.RestrictImports passed
[INFO] Rule 7: org.apache.maven.plugins.enforcer.RestrictImports passed
[INFO] 
[INFO] --- enforcer:3.5.0:enforce (ban-annotations) @ hdds-interface-server ---
[INFO] Rule 0: org.apache.maven.plugins.enforcer.RestrictImports passed
[INFO] 
[INFO] --- remote-resources:3.3.0:process (default) @ hdds-interface-server ---
[INFO] Preparing remote bundle org.apache.ozone:ozone-dev-support:2.1.0-SNAPSHOT
[INFO] Copying 2 resources from 1 bundle.
[INFO] 
[INFO] --- resources:3.3.0:resources (default-resources) @ hdds-interface-server ---
[INFO] Copying 1 resource
[INFO] Copying 2 resources
[INFO] Copying 2 resources
[INFO] Copying 5 resources
[INFO] Copying 2 resources
[INFO] 
[INFO] --- compiler:3.9.0:compile (default-compile) @ hdds-interface-server ---
[INFO] Compiling 9 source files to /home/runner/work/ozone/ozone/hadoop-hdds/interface-server/target/classes
[INFO] 
[INFO] --- protobuf:0.6.1:test-compile (compile-protoc-3) @ hdds-interface-server ---
[INFO] /home/runner/work/ozone/ozone/hadoop-hdds/interface-server/src/test/proto does not exist. Review the configuration or consider disabling the plugin.
[INFO] 
[INFO] --- protobuf:0.6.1:test-compile-custom (compile-protoc-3) @ hdds-interface-server ---
[INFO] /home/runner/work/ozone/ozone/hadoop-hdds/interface-server/src/test/proto does not exist. Review the configuration or consider disabling the plugin.
[INFO] 
[INFO] --- protobuf:0.6.1:test-compile (compile-protoc-2) @ hdds-interface-server ---
[INFO] /home/runner/work/ozone/ozone/hadoop-hdds/interface-server/src/test/proto does not exist. Review the configuration or consider disabling the plugin.
[INFO] 
[INFO] --- resources:3.3.0:testResources (default-testResources) @ hdds-interface-server ---
[INFO] Not copying test resources
[INFO] 
[INFO] --- compiler:3.9.0:testCompile (default-testCompile) @ hdds-interface-server ---
[INFO] Skipped
[INFO] 
[INFO] --- surefire:3.5.2:test (default-test) @ hdds-interface-server ---
[INFO] No tests to run.
[INFO] Skipped
[INFO] 
[INFO] --- dependency:3.8.1:build-classpath (add-classpath-descriptor) @ hdds-interface-server ---
[INFO] Skipping plugin execution
[INFO] 
[INFO] --- dependency:3.8.1:copy-dependencies (copy-jars) @ hdds-interface-server ---
[INFO] Skipping plugin execution
[INFO] 
[INFO] --- jar:3.4.2:jar (default-jar) @ hdds-interface-server ---
[INFO] Building jar: /home/runner/work/ozone/ozone/hadoop-hdds/interface-server/target/hdds-interface-server-2.1.0-SNAPSHOT.jar
[INFO] 
[INFO] --- jar:3.4.2:test-jar (default) @ hdds-interface-server ---
[INFO] Skipping packaging of the test-jar
[INFO] 
[INFO] --- dependency:3.8.1:analyze-only (analyze) @ hdds-interface-server ---
[INFO] No dependency problems found
[INFO] 
[INFO] --- proto-backwards-compatibility:1.0.7:backwards-compatibility-check (default) @ hdds-interface-server ---
[INFO] protolock cmd line: /home/runner/work/ozone/ozone/hadoop-hdds/interface-server/target/protolock-bin/protolock status --lockdir=/home/runner/work/ozone/ozone/hadoop-hdds/interface-server/target/classes --protoroot=/home/runner/work/ozone/ozone/hadoop-hdds/interface-server/target/classes
[INFO] protolock cmd line: /home/runner/work/ozone/ozone/hadoop-hdds/interface-server/target/protolock-bin/protolock commit --lockdir=/home/runner/work/ozone/ozone/hadoop-hdds/interface-server/target/classes --protoroot=/home/runner/work/ozone/ozone/hadoop-hdds/interface-server/target/classes
[INFO] Backwards compatibility check passed.
[INFO] 
[INFO] ---------------< org.apache.ozone:hdds-managed-rocksdb >----------------
[INFO] Building Apache Ozone HDDS Managed RocksDB 2.1.0-SNAPSHOT        [14/53]
[INFO]   from hadoop-hdds/managed-rocksdb/pom.xml
[INFO] --------------------------------[ jar ]---------------------------------
[INFO] 
[INFO] --- antrun:3.1.0:run (create-testdirs) @ hdds-managed-rocksdb ---
[INFO] Executing tasks
[INFO]     [mkdir] Created dir: /home/runner/work/ozone/ozone/hadoop-hdds/managed-rocksdb/target/test-dir
[INFO] Executed tasks
[INFO] 
[INFO] --- sortpom:3.0.1:verify (default) @ hdds-managed-rocksdb ---
[INFO] Verifying file /home/runner/work/ozone/ozone/hadoop-hdds/managed-rocksdb/pom.xml
[INFO] 
[INFO] --- jacoco:0.8.12:prepare-agent (default-prepare-agent) @ hdds-managed-rocksdb ---
[INFO] argLine set to -javaagent:/home/runner/.m2/repository/org/jacoco/org.jacoco.agent/0.8.12/org.jacoco.agent-0.8.12-runtime.jar=destfile=/home/runner/work/ozone/ozone/hadoop-hdds/managed-rocksdb/target/jacoco.exec,includes=org.apache.hadoop.hdds.*:org.apache.hadoop.ozone.*:org.apache.hadoop.fs.ozone.*:org.apache.ozone.*
[INFO] 
[INFO] --- enforcer:3.5.0:enforce (banned-rocksdb-imports) @ hdds-managed-rocksdb ---
[INFO] Rule 0: org.apache.maven.plugins.enforcer.RestrictImports passed
[INFO] 
[INFO] --- enforcer:3.5.0:enforce (ban-imports) @ hdds-managed-rocksdb ---
[INFO] Rule 0: org.apache.maven.plugins.enforcer.RestrictImports passed
[INFO] Rule 1: org.apache.maven.plugins.enforcer.RestrictImports passed
[INFO] Rule 2: org.apache.maven.plugins.enforcer.RestrictImports passed
[INFO] Rule 3: org.apache.maven.plugins.enforcer.RestrictImports passed
[WARNING] EXPERIMENTAL FEATURE enabled. You have enabled full-compilation-unit parsing. Please be aware that experimental features might get removed or changed. Please share your feedback!
[INFO] Rule 4: org.apache.maven.plugins.enforcer.RestrictImports passed
[INFO] Rule 5: org.apache.maven.plugins.enforcer.RestrictImports passed
[INFO] Rule 6: org.apache.maven.plugins.enforcer.RestrictImports passed
[INFO] Rule 7: org.apache.maven.plugins.enforcer.RestrictImports passed
[INFO] 
[INFO] --- enforcer:3.5.0:enforce (ban-annotations) @ hdds-managed-rocksdb ---
[INFO] Rule 0: org.apache.maven.plugins.enforcer.RestrictImports passed
[INFO] 
[INFO] --- remote-resources:3.3.0:process (default) @ hdds-managed-rocksdb ---
[INFO] Preparing remote bundle org.apache.ozone:ozone-dev-support:2.1.0-SNAPSHOT
[INFO] Copying 2 resources from 1 bundle.
[INFO] 
[INFO] --- resources:3.3.0:resources (default-resources) @ hdds-managed-rocksdb ---
[INFO] skip non existing resourceDirectory /home/runner/work/ozone/ozone/hadoop-hdds/managed-rocksdb/src/main/resources
[INFO] Copying 2 resources
[INFO] 
[INFO] --- compiler:3.9.0:compile (default-compile) @ hdds-managed-rocksdb ---
[INFO] Compiling 28 source files to /home/runner/work/ozone/ozone/hadoop-hdds/managed-rocksdb/target/classes
[INFO] 
[INFO] --- resources:3.3.0:testResources (default-testResources) @ hdds-managed-rocksdb ---
[INFO] Not copying test resources
[INFO] 
[INFO] --- compiler:3.9.0:testCompile (default-testCompile) @ hdds-managed-rocksdb ---
[INFO] Skipped
[INFO] 
[INFO] --- surefire:3.5.2:test (default-test) @ hdds-managed-rocksdb ---
[INFO] No tests to run.
[INFO] Skipped
[INFO] 
[INFO] --- dependency:3.8.1:build-classpath (add-classpath-descriptor) @ hdds-managed-rocksdb ---
[INFO] Skipping plugin execution
[INFO] 
[INFO] --- dependency:3.8.1:copy-dependencies (copy-jars) @ hdds-managed-rocksdb ---
[INFO] Skipping plugin execution
[INFO] 
[INFO] --- jar:3.4.2:jar (default-jar) @ hdds-managed-rocksdb ---
[INFO] Building jar: /home/runner/work/ozone/ozone/hadoop-hdds/managed-rocksdb/target/hdds-managed-rocksdb-2.1.0-SNAPSHOT.jar
[INFO] 
[INFO] --- jar:3.4.2:test-jar (default) @ hdds-managed-rocksdb ---
[INFO] Skipping packaging of the test-jar
[INFO] 
[INFO] --- dependency:3.8.1:analyze-only (analyze) @ hdds-managed-rocksdb ---
[WARNING] Used undeclared dependencies found:
[WARNING]    commons-io:commons-io:jar:2.18.0:compile
[WARNING]    org.apache.hadoop:hadoop-common:jar:3.4.1:compile
[INFO] 
[INFO] -----------< org.apache.ozone:hdds-hadoop-dependency-server >-----------
[INFO] Building Apache Ozone HDDS Hadoop Server dependencies 2.1.0-SNAPSHOT [15/53]
[INFO]   from hadoop-hdds/hadoop-dependency-server/pom.xml
[INFO] --------------------------------[ jar ]---------------------------------
[INFO] 
[INFO] --- antrun:3.1.0:run (create-testdirs) @ hdds-hadoop-dependency-server ---
[INFO] Executing tasks
[INFO]     [mkdir] Created dir: /home/runner/work/ozone/ozone/hadoop-hdds/hadoop-dependency-server/target/test-dir
[INFO] Executed tasks
[INFO] 
[INFO] --- sortpom:3.0.1:verify (default) @ hdds-hadoop-dependency-server ---
[INFO] Verifying file /home/runner/work/ozone/ozone/hadoop-hdds/hadoop-dependency-server/pom.xml
[INFO] 
[INFO] --- jacoco:0.8.12:prepare-agent (default-prepare-agent) @ hdds-hadoop-dependency-server ---
[INFO] argLine set to -javaagent:/home/runner/.m2/repository/org/jacoco/org.jacoco.agent/0.8.12/org.jacoco.agent-0.8.12-runtime.jar=destfile=/home/runner/work/ozone/ozone/hadoop-hdds/hadoop-dependency-server/target/jacoco.exec,includes=org.apache.hadoop.hdds.*:org.apache.hadoop.ozone.*:org.apache.hadoop.fs.ozone.*:org.apache.ozone.*
[INFO] 
[INFO] --- enforcer:3.5.0:enforce (banned-rocksdb-imports) @ hdds-hadoop-dependency-server ---
[INFO] Rule 0: org.apache.maven.plugins.enforcer.RestrictImports passed
[INFO] 
[INFO] --- enforcer:3.5.0:enforce (ban-imports) @ hdds-hadoop-dependency-server ---
[INFO] Rule 0: org.apache.maven.plugins.enforcer.RestrictImports passed
[INFO] Rule 1: org.apache.maven.plugins.enforcer.RestrictImports passed
[INFO] Rule 2: org.apache.maven.plugins.enforcer.RestrictImports passed
[INFO] Rule 3: org.apache.maven.plugins.enforcer.RestrictImports passed
[WARNING] EXPERIMENTAL FEATURE enabled. You have enabled full-compilation-unit parsing. Please be aware that experimental features might get removed or changed. Please share your feedback!
[INFO] Rule 4: org.apache.maven.plugins.enforcer.RestrictImports passed
[INFO] Rule 5: org.apache.maven.plugins.enforcer.RestrictImports passed
[INFO] Rule 6: org.apache.maven.plugins.enforcer.RestrictImports passed
[INFO] Rule 7: org.apache.maven.plugins.enforcer.RestrictImports passed
[INFO] 
[INFO] --- enforcer:3.5.0:enforce (ban-annotations) @ hdds-hadoop-dependency-server ---
[INFO] Rule 0: org.apache.maven.plugins.enforcer.RestrictImports passed
[INFO] 
[INFO] --- remote-resources:3.3.0:process (default) @ hdds-hadoop-dependency-server ---
[INFO] Preparing remote bundle org.apache.ozone:ozone-dev-support:2.1.0-SNAPSHOT
[INFO] Copying 2 resources from 1 bundle.
[INFO] 
[INFO] --- resources:3.3.0:resources (default-resources) @ hdds-hadoop-dependency-server ---
[INFO] skip non existing resourceDirectory /home/runner/work/ozone/ozone/hadoop-hdds/hadoop-dependency-server/src/main/resources
[INFO] Copying 2 resources
[INFO] 
[INFO] --- compiler:3.9.0:compile (default-compile) @ hdds-hadoop-dependency-server ---
[INFO] No sources to compile
[INFO] 
[INFO] --- resources:3.3.0:testResources (default-testResources) @ hdds-hadoop-dependency-server ---
[INFO] Not copying test resources
[INFO] 
[INFO] --- compiler:3.9.0:testCompile (default-testCompile) @ hdds-hadoop-dependency-server ---
[INFO] Skipped
[INFO] 
[INFO] --- surefire:3.5.2:test (default-test) @ hdds-hadoop-dependency-server ---
[INFO] No tests to run.
[INFO] Skipped
[INFO] 
[INFO] --- dependency:3.8.1:build-classpath (add-classpath-descriptor) @ hdds-hadoop-dependency-server ---
[INFO] Skipping plugin execution
[INFO] 
[INFO] --- dependency:3.8.1:copy-dependencies (copy-jars) @ hdds-hadoop-dependency-server ---
[INFO] Skipping plugin execution
[INFO] 
[INFO] --- jar:3.4.2:jar (default-jar) @ hdds-hadoop-dependency-server ---
[INFO] Building jar: /home/runner/work/ozone/ozone/hadoop-hdds/hadoop-dependency-server/target/hdds-hadoop-dependency-server-2.1.0-SNAPSHOT.jar
[INFO] 
[INFO] --- jar:3.4.2:test-jar (default) @ hdds-hadoop-dependency-server ---
[INFO] Skipping packaging of the test-jar
[INFO] 
[INFO] --- dependency:3.8.1:analyze-only (analyze) @ hdds-hadoop-dependency-server ---
[WARNING] Unused declared dependencies found:
[WARNING]    com.nimbusds:nimbus-jose-jwt:jar:9.40:compile
[WARNING]    org.apache.kerby:kerb-util:jar:1.0.1:compile
[WARNING]    org.apache.hadoop:hadoop-common:jar:3.4.1:compile
[WARNING]    org.apache.hadoop:hadoop-annotations:jar:3.4.1:compile
[WARNING]    org.apache.kerby:kerb-core:jar:1.0.1:compile
[WARNING]    org.apache.hadoop:hadoop-auth:jar:3.4.1:compile
[WARNING]    org.apache.hadoop:hadoop-hdfs:jar:3.4.1:compile
[WARNING]    org.xerial.snappy:snappy-java:jar:1.1.10.7:compile
[WARNING]    commons-cli:commons-cli:jar:1.8.0:compile
[INFO] 
[INFO] -----------------< org.apache.ozone:hdds-rocks-native >-----------------
[INFO] Building Apache Ozone HDDS RocksDB Tools 2.1.0-SNAPSHOT          [16/53]
[INFO]   from hadoop-hdds/rocks-native/pom.xml
[INFO] --------------------------------[ jar ]---------------------------------
[INFO] 
[INFO] --- antrun:3.1.0:run (create-testdirs) @ hdds-rocks-native ---
[INFO] Executing tasks
[INFO]     [mkdir] Created dir: /home/runner/work/ozone/ozone/hadoop-hdds/rocks-native/target/test-dir
[INFO] Executed tasks
[INFO] 
[INFO] --- sortpom:3.0.1:verify (default) @ hdds-rocks-native ---
[INFO] Verifying file /home/runner/work/ozone/ozone/hadoop-hdds/rocks-native/pom.xml
[INFO] 
[INFO] --- dependency:3.8.1:unpack (unpack-dependency) @ hdds-rocks-native ---
[INFO] Configured Artifact: org.rocksdb:rocksdbjni:?:jar
[INFO] 
[INFO] --- jacoco:0.8.12:prepare-agent (default-prepare-agent) @ hdds-rocks-native ---
[INFO] argLine set to -javaagent:/home/runner/.m2/repository/org/jacoco/org.jacoco.agent/0.8.12/org.jacoco.agent-0.8.12-runtime.jar=destfile=/home/runner/work/ozone/ozone/hadoop-hdds/rocks-native/target/jacoco.exec,includes=org.apache.hadoop.hdds.*:org.apache.hadoop.ozone.*:org.apache.hadoop.fs.ozone.*:org.apache.ozone.*
[INFO] 
[INFO] --- exec:3.5.0:java (set-property) @ hdds-rocks-native ---
[INFO] 
[INFO] --- properties:1.2.1:read-project-properties (read-property-from-file) @ hdds-rocks-native ---
[WARNING] Unknown properties resource extension: 'txt' assume as: 'properties'
[INFO] Loading 1 properties from File: /home/runner/work/ozone/ozone/hadoop-hdds/rocks-native/target/propertyFile.txt
[INFO] 
[INFO] --- build-helper:3.6.0:cpu-count (get-cpu-count) @ hdds-rocks-native ---
[INFO] CPU count: 4
[INFO] 
[INFO] --- download:1.9.0:wget (rocksdb source download) @ hdds-rocks-native ---
[INFO] 
[INFO] --- antrun:3.1.0:run (unzip-artifact) @ hdds-rocks-native ---
[INFO] Executing tasks
[INFO]     [untar] Expanding: /home/runner/work/ozone/ozone/hadoop-hdds/rocks-native/target/rocksdb/rocksdb-v7.7.3.tar.gz into /home/runner/work/ozone/ozone/hadoop-hdds/rocks-native/target/rocksdb
[INFO] Executed tasks
[INFO] 
[INFO] --- patch:1.1.1:apply (patch) @ hdds-rocks-native ---
[INFO] Applying patch: rocks-native.patch
[INFO] 
[INFO] --- enforcer:3.5.0:enforce (banned-rocksdb-imports) @ hdds-rocks-native ---
[INFO] Rule 0: org.apache.maven.plugins.enforcer.RestrictImports passed
[INFO] 
[INFO] --- enforcer:3.5.0:enforce (ban-imports) @ hdds-rocks-native ---
[INFO] Rule 0: org.apache.maven.plugins.enforcer.RestrictImports passed
[INFO] Rule 1: org.apache.maven.plugins.enforcer.RestrictImports passed
[INFO] Rule 2: org.apache.maven.plugins.enforcer.RestrictImports passed
[INFO] Rule 3: org.apache.maven.plugins.enforcer.RestrictImports passed
[WARNING] EXPERIMENTAL FEATURE enabled. You have enabled full-compilation-unit parsing. Please be aware that experimental features might get removed or changed. Please share your feedback!
[INFO] Rule 4: org.apache.maven.plugins.enforcer.RestrictImports passed
[INFO] Rule 5: org.apache.maven.plugins.enforcer.RestrictImports passed
[INFO] Rule 6: org.apache.maven.plugins.enforcer.RestrictImports passed
[INFO] Rule 7: org.apache.maven.plugins.enforcer.RestrictImports passed
[INFO] 
[INFO] --- enforcer:3.5.0:enforce (ban-annotations) @ hdds-rocks-native ---
[INFO] Rule 0: org.apache.maven.plugins.enforcer.RestrictImports passed
[INFO] 
[INFO] --- remote-resources:3.3.0:process (default) @ hdds-rocks-native ---
[INFO] Preparing remote bundle org.apache.ozone:ozone-dev-support:2.1.0-SNAPSHOT
[INFO] Copying 2 resources from 1 bundle.
[INFO] 
[INFO] --- antrun:3.1.0:run (build-rocksjava) @ hdds-rocks-native ---
[INFO] Executing tasks
[INFO]      [exec] $DEBUG_LEVEL is 0
[INFO]      [exec] $DEBUG_LEVEL is 0
[INFO]      [exec]   CC       tools/raw_sst_file_iterator.o
[INFO]      [exec]   CC       tools/raw_sst_file_reader.o
[INFO]      [exec]   AR       librocksdb_tools.a
[INFO]      [exec] /usr/bin/ar: creating librocksdb_tools.a
[INFO] Executed tasks
[INFO] 
[INFO] --- resources:3.3.0:resources (default-resources) @ hdds-rocks-native ---
[INFO] skip non existing resourceDirectory /home/runner/work/ozone/ozone/hadoop-hdds/rocks-native/src/main/resources
[INFO] Copying 2 resources
[INFO] 
[INFO] --- compiler:3.9.0:compile (default-compile) @ hdds-rocks-native ---
[INFO] Compiling 7 source files to /home/runner/work/ozone/ozone/hadoop-hdds/rocks-native/target/classes
[INFO] 
[INFO] --- antrun:3.1.0:run (build-rocks-tools) @ hdds-rocks-native ---
[INFO] Executing tasks
[INFO]     [mkdir] Created dir: /home/runner/work/ozone/ozone/hadoop-hdds/rocks-native/target/native/rocksdb
[INFO]      [copy] Copying 1 file to /home/runner/work/ozone/ozone/hadoop-hdds/rocks-native/target/native/rocksdb
[INFO]      [exec] -- Configuring incomplete, errors occurred!
[INFO]      [exec] CMake Error at CMakeLists.txt:23 (cmake_minimum_required):
[INFO]      [exec]   Compatibility with CMake < 3.5 has been removed from CMake.
[INFO]      [exec] 
[INFO]      [exec]   Update the VERSION argument <min> value.  Or, use the <min>...<max> syntax
[INFO]      [exec]   to tell CMake that the project requires at least <min> but has been updated
[INFO]      [exec]   to work with policies introduced by <max> or earlier.
[INFO]      [exec] 
[INFO]      [exec]   Or, add -DCMAKE_POLICY_VERSION_MINIMUM=3.5 to try configuring anyway.
[INFO]      [exec] 
[INFO]      [exec] 
[INFO] 
[INFO] -------------< org.apache.ozone:rocksdb-checkpoint-differ >-------------
[INFO] Building Apache Ozone Checkpoint Differ for RocksDB 2.1.0-SNAPSHOT [17/53]
[INFO]   from hadoop-hdds/rocksdb-checkpoint-differ/pom.xml
[INFO] --------------------------------[ jar ]---------------------------------
[INFO] 
[INFO] ---------------< org.apache.ozone:hdds-server-framework >---------------
[INFO] Building Apache Ozone HDDS Server Framework 2.1.0-SNAPSHOT       [18/53]
[INFO]   from hadoop-hdds/framework/pom.xml
[INFO] --------------------------------[ jar ]---------------------------------
[INFO] 
[INFO] ---------------------< org.apache.ozone:hdds-docs >---------------------
[INFO] Building Apache Ozone Documentation 2.1.0-SNAPSHOT               [19/53]
[INFO]   from hadoop-hdds/docs/pom.xml
[INFO] --------------------------------[ jar ]---------------------------------
[INFO] 
[INFO] --- antrun:3.1.0:run (create-testdirs) @ hdds-docs ---
[INFO] Executing tasks
[INFO]     [mkdir] Created dir: /home/runner/work/ozone/ozone/hadoop-hdds/docs/target/test-dir
[INFO] Executed tasks
[INFO] 
[INFO] --- sortpom:3.0.1:verify (default) @ hdds-docs ---
[INFO] Verifying file /home/runner/work/ozone/ozone/hadoop-hdds/docs/pom.xml
[INFO] 
[INFO] --- jacoco:0.8.12:prepare-agent (default-prepare-agent) @ hdds-docs ---
[INFO] argLine set to -javaagent:/home/runner/.m2/repository/org/jacoco/org.jacoco.agent/0.8.12/org.jacoco.agent-0.8.12-runtime.jar=destfile=/home/runner/work/ozone/ozone/hadoop-hdds/docs/target/jacoco.exec,includes=org.apache.hadoop.hdds.*:org.apache.hadoop.ozone.*:org.apache.hadoop.fs.ozone.*:org.apache.ozone.*
[INFO] 
[INFO] --- enforcer:3.5.0:enforce (banned-rocksdb-imports) @ hdds-docs ---
[INFO] Rule 0: org.apache.maven.plugins.enforcer.RestrictImports passed
[INFO] 
[INFO] --- enforcer:3.5.0:enforce (ban-imports) @ hdds-docs ---
[INFO] Rule 0: org.apache.maven.plugins.enforcer.RestrictImports passed
[INFO] Rule 1: org.apache.maven.plugins.enforcer.RestrictImports passed
[INFO] Rule 2: org.apache.maven.plugins.enforcer.RestrictImports passed
[INFO] Rule 3: org.apache.maven.plugins.enforcer.RestrictImports passed
[WARNING] EXPERIMENTAL FEATURE enabled. You have enabled full-compilation-unit parsing. Please be aware that experimental features might get removed or changed. Please share your feedback!
[INFO] Rule 4: org.apache.maven.plugins.enforcer.RestrictImports passed
[INFO] Rule 5: org.apache.maven.plugins.enforcer.RestrictImports passed
[INFO] Rule 6: org.apache.maven.plugins.enforcer.RestrictImports passed
[INFO] Rule 7: org.apache.maven.plugins.enforcer.RestrictImports passed
[INFO] 
[INFO] --- enforcer:3.5.0:enforce (ban-annotations) @ hdds-docs ---
[INFO] Rule 0: org.apache.maven.plugins.enforcer.RestrictImports passed
[INFO] 
[INFO] --- remote-resources:3.3.0:process (default) @ hdds-docs ---
[INFO] Preparing remote bundle org.apache.ozone:ozone-dev-support:2.1.0-SNAPSHOT
[INFO] Copying 2 resources from 1 bundle.
[INFO] 
[INFO] --- resources:3.3.0:resources (default-resources) @ hdds-docs ---
[INFO] skip non existing resourceDirectory /home/runner/work/ozone/ozone/hadoop-hdds/docs/src/main/resources
[INFO] Copying 2 resources
[INFO] 
[INFO] --- compiler:3.9.0:compile (default-compile) @ hdds-docs ---
[INFO] No sources to compile
[INFO] 
[INFO] --- exec:3.5.0:exec (default) @ hdds-docs ---
mkdir: created directory '/home/runner/work/ozone/ozone/.dev-tools'
mkdir: created directory '/home/runner/work/ozone/ozone/.dev-tools/hugo'
~/work/ozone/ozone/.dev-tools/hugo ~/work/ozone/ozone
Installed hugo in /home/runner/work/ozone/ozone/.dev-tools/hugo
~/work/ozone/ozone
Start building sites  
hugo v0.141.0-e7bd51698e5c3778a86003018702b1a7dcb9559a linux/amd64 BuildDate=2025-01-16T13:11:18Z VendorInfo=gohugoio


                   | EN  | ZH  
-------------------+-----+-----
  Pages            | 113 | 63  
  Paginator pages  |   0 |  0  
  Non-page files   |  33 | 33  
  Static files     |  32 | 32  
  Processed images |   0 |  0  
  Aliases          |   1 |  0  
  Cleaned          |   0 |  0  

Total in 342 ms
/home/runner/work/ozone/ozone
[INFO] 
[INFO] --- resources:3.3.0:testResources (default-testResources) @ hdds-docs ---
[INFO] Not copying test resources
[INFO] 
[INFO] --- compiler:3.9.0:testCompile (default-testCompile) @ hdds-docs ---
[INFO] Skipped
[INFO] 
[INFO] --- surefire:3.5.2:test (default-test) @ hdds-docs ---
[INFO] No tests to run.
[INFO] Skipped
[INFO] 
[INFO] --- dependency:3.8.1:build-classpath (add-classpath-descriptor) @ hdds-docs ---
[INFO] Skipping plugin execution
[INFO] 
[INFO] --- dependency:3.8.1:copy-dependencies (copy-jars) @ hdds-docs ---
[INFO] Skipping plugin execution
[INFO] 
[INFO] --- jar:3.4.2:jar (default-jar) @ hdds-docs ---
[INFO] Building jar: /home/runner/work/ozone/ozone/hadoop-hdds/docs/target/hdds-docs-2.1.0-SNAPSHOT.jar
[INFO] 
[INFO] --- jar:3.4.2:test-jar (default) @ hdds-docs ---
[INFO] Skipping packaging of the test-jar
[INFO] 
[INFO] --- dependency:3.8.1:analyze-only (analyze) @ hdds-docs ---
[INFO] No dependency problems found
[INFO] 
[INFO] --------------< org.apache.ozone:hdds-container-service >---------------
[INFO] Building Apache Ozone HDDS Container Service 2.1.0-SNAPSHOT      [20/53]
[INFO]   from hadoop-hdds/container-service/pom.xml
[INFO] --------------------------------[ jar ]---------------------------------
[INFO] 
[INFO] ------------------< org.apache.ozone:hdds-crypto-api >------------------
[INFO] Building Apache Ozone HDDS Crypto 2.1.0-SNAPSHOT                 [21/53]
[INFO]   from hadoop-hdds/crypto-api/pom.xml
[INFO] --------------------------------[ jar ]---------------------------------
[INFO] 
[INFO] --- antrun:3.1.0:run (create-testdirs) @ hdds-crypto-api ---
[INFO] Executing tasks
[INFO]     [mkdir] Created dir: /home/runner/work/ozone/ozone/hadoop-hdds/crypto-api/target/test-dir
[INFO] Executed tasks
[INFO] 
[INFO] --- sortpom:3.0.1:verify (default) @ hdds-crypto-api ---
[INFO] Verifying file /home/runner/work/ozone/ozone/hadoop-hdds/crypto-api/pom.xml
[INFO] 
[INFO] --- jacoco:0.8.12:prepare-agent (default-prepare-agent) @ hdds-crypto-api ---
[INFO] argLine set to -javaagent:/home/runner/.m2/repository/org/jacoco/org.jacoco.agent/0.8.12/org.jacoco.agent-0.8.12-runtime.jar=destfile=/home/runner/work/ozone/ozone/hadoop-hdds/crypto-api/target/jacoco.exec,includes=org.apache.hadoop.hdds.*:org.apache.hadoop.ozone.*:org.apache.hadoop.fs.ozone.*:org.apache.ozone.*
[INFO] 
[INFO] --- enforcer:3.5.0:enforce (banned-rocksdb-imports) @ hdds-crypto-api ---
[INFO] Rule 0: org.apache.maven.plugins.enforcer.RestrictImports passed
[INFO] 
[INFO] --- enforcer:3.5.0:enforce (ban-imports) @ hdds-crypto-api ---
[INFO] Rule 0: org.apache.maven.plugins.enforcer.RestrictImports passed
[INFO] Rule 1: org.apache.maven.plugins.enforcer.RestrictImports passed
[INFO] Rule 2: org.apache.maven.plugins.enforcer.RestrictImports passed
[INFO] Rule 3: org.apache.maven.plugins.enforcer.RestrictImports passed
[WARNING] EXPERIMENTAL FEATURE enabled. You have enabled full-compilation-unit parsing. Please be aware that experimental features might get removed or changed. Please share your feedback!
[INFO] Rule 4: org.apache.maven.plugins.enforcer.RestrictImports passed
[INFO] Rule 5: org.apache.maven.plugins.enforcer.RestrictImports passed
[INFO] Rule 6: org.apache.maven.plugins.enforcer.RestrictImports passed
[INFO] Rule 7: org.apache.maven.plugins.enforcer.RestrictImports passed
[INFO] 
[INFO] --- enforcer:3.5.0:enforce (ban-annotations) @ hdds-crypto-api ---
[INFO] Rule 0: org.apache.maven.plugins.enforcer.RestrictImports passed
[INFO] 
[INFO] --- remote-resources:3.3.0:process (default) @ hdds-crypto-api ---
[INFO] Preparing remote bundle org.apache.ozone:ozone-dev-support:2.1.0-SNAPSHOT
[INFO] Copying 2 resources from 1 bundle.
[INFO] 
[INFO] --- resources:3.3.0:resources (default-resources) @ hdds-crypto-api ---
[INFO] skip non existing resourceDirectory /home/runner/work/ozone/ozone/hadoop-hdds/crypto-api/src/main/resources
[INFO] Copying 2 resources
[INFO] 
[INFO] --- compiler:3.9.0:compile (default-compile) @ hdds-crypto-api ---
[INFO] No sources to compile
[INFO] 
[INFO] --- resources:3.3.0:testResources (default-testResources) @ hdds-crypto-api ---
[INFO] Not copying test resources
[INFO] 
[INFO] --- compiler:3.9.0:testCompile (default-testCompile) @ hdds-crypto-api ---
[INFO] Skipped
[INFO] 
[INFO] --- surefire:3.5.2:test (default-test) @ hdds-crypto-api ---
[INFO] No tests to run.
[INFO] Skipped
[INFO] 
[INFO] --- dependency:3.8.1:build-classpath (add-classpath-descriptor) @ hdds-crypto-api ---
[INFO] Skipping plugin execution
[INFO] 
[INFO] --- dependency:3.8.1:copy-dependencies (copy-jars) @ hdds-crypto-api ---
[INFO] Skipping plugin execution
[INFO] 
[INFO] --- jar:3.4.2:jar (default-jar) @ hdds-crypto-api ---
[INFO] Building jar: /home/runner/work/ozone/ozone/hadoop-hdds/crypto-api/target/hdds-crypto-api-2.1.0-SNAPSHOT.jar
[INFO] 
[INFO] --- jar:3.4.2:test-jar (default) @ hdds-crypto-api ---
[INFO] Skipping packaging of the test-jar
[INFO] 
[INFO] --- dependency:3.8.1:analyze-only (analyze) @ hdds-crypto-api ---
[INFO] No dependency problems found
[INFO] 
[INFO] ----------------< org.apache.ozone:hdds-crypto-default >----------------
[INFO] Building Apache Ozone HDDS Crypto - Default 2.1.0-SNAPSHOT       [22/53]
[INFO]   from hadoop-hdds/crypto-default/pom.xml
[INFO] --------------------------------[ jar ]---------------------------------
[INFO] 
[INFO] --- antrun:3.1.0:run (create-testdirs) @ hdds-crypto-default ---
[INFO] Executing tasks
[INFO]     [mkdir] Created dir: /home/runner/work/ozone/ozone/hadoop-hdds/crypto-default/target/test-dir
[INFO] Executed tasks
[INFO] 
[INFO] --- sortpom:3.0.1:verify (default) @ hdds-crypto-default ---
[INFO] Verifying file /home/runner/work/ozone/ozone/hadoop-hdds/crypto-default/pom.xml
[INFO] 
[INFO] --- jacoco:0.8.12:prepare-agent (default-prepare-agent) @ hdds-crypto-default ---
[INFO] argLine set to -javaagent:/home/runner/.m2/repository/org/jacoco/org.jacoco.agent/0.8.12/org.jacoco.agent-0.8.12-runtime.jar=destfile=/home/runner/work/ozone/ozone/hadoop-hdds/crypto-default/target/jacoco.exec,includes=org.apache.hadoop.hdds.*:org.apache.hadoop.ozone.*:org.apache.hadoop.fs.ozone.*:org.apache.ozone.*
[INFO] 
[INFO] --- enforcer:3.5.0:enforce (banned-rocksdb-imports) @ hdds-crypto-default ---
[INFO] Rule 0: org.apache.maven.plugins.enforcer.RestrictImports passed
[INFO] 
[INFO] --- enforcer:3.5.0:enforce (ban-imports) @ hdds-crypto-default ---
[INFO] Rule 0: org.apache.maven.plugins.enforcer.RestrictImports passed
[INFO] Rule 1: org.apache.maven.plugins.enforcer.RestrictImports passed
[INFO] Rule 2: org.apache.maven.plugins.enforcer.RestrictImports passed
[INFO] Rule 3: org.apache.maven.plugins.enforcer.RestrictImports passed
[WARNING] EXPERIMENTAL FEATURE enabled. You have enabled full-compilation-unit parsing. Please be aware that experimental features might get removed or changed. Please share your feedback!
[INFO] Rule 4: org.apache.maven.plugins.enforcer.RestrictImports passed
[INFO] Rule 5: org.apache.maven.plugins.enforcer.RestrictImports passed
[INFO] Rule 6: org.apache.maven.plugins.enforcer.RestrictImports passed
[INFO] Rule 7: org.apache.maven.plugins.enforcer.RestrictImports passed
[INFO] 
[INFO] --- enforcer:3.5.0:enforce (ban-annotations) @ hdds-crypto-default ---
[INFO] Rule 0: org.apache.maven.plugins.enforcer.RestrictImports passed
[INFO] 
[INFO] --- remote-resources:3.3.0:process (default) @ hdds-crypto-default ---
[INFO] Preparing remote bundle org.apache.ozone:ozone-dev-support:2.1.0-SNAPSHOT
[INFO] Copying 2 resources from 1 bundle.
[INFO] 
[INFO] --- resources:3.3.0:resources (default-resources) @ hdds-crypto-default ---
[INFO] skip non existing resourceDirectory /home/runner/work/ozone/ozone/hadoop-hdds/crypto-default/src/main/resources
[INFO] Copying 2 resources
[INFO] 
[INFO] --- compiler:3.9.0:compile (default-compile) @ hdds-crypto-default ---
[INFO] No sources to compile
[INFO] 
[INFO] --- resources:3.3.0:testResources (default-testResources) @ hdds-crypto-default ---
[INFO] Not copying test resources
[INFO] 
[INFO] --- compiler:3.9.0:testCompile (default-testCompile) @ hdds-crypto-default ---
[INFO] Skipped
[INFO] 
[INFO] --- surefire:3.5.2:test (default-test) @ hdds-crypto-default ---
[INFO] No tests to run.
[INFO] Skipped
[INFO] 
[INFO] --- dependency:3.8.1:build-classpath (add-classpath-descriptor) @ hdds-crypto-default ---
[INFO] Skipping plugin execution
[INFO] 
[INFO] --- dependency:3.8.1:copy-dependencies (copy-jars) @ hdds-crypto-default ---
[INFO] Skipping plugin execution
[INFO] 
[INFO] --- jar:3.4.2:jar (default-jar) @ hdds-crypto-default ---
[INFO] Building jar: /home/runner/work/ozone/ozone/hadoop-hdds/crypto-default/target/hdds-crypto-default-2.1.0-SNAPSHOT.jar
[INFO] 
[INFO] --- jar:3.4.2:test-jar (default) @ hdds-crypto-default ---
[INFO] Skipping packaging of the test-jar
[INFO] 
[INFO] --- dependency:3.8.1:analyze-only (analyze) @ hdds-crypto-default ---
[INFO] No dependency problems found
[INFO] 
[INFO] ------------------< org.apache.ozone:hdds-server-scm >------------------
[INFO] Building Apache Ozone HDDS SCM Server 2.1.0-SNAPSHOT             [23/53]
[INFO]   from hadoop-hdds/server-scm/pom.xml
[INFO] --------------------------------[ jar ]---------------------------------
[INFO] 
[INFO] --------------------< org.apache.ozone:hdds-tools >---------------------
[INFO] Building Apache Ozone HDDS Tools 2.1.0-SNAPSHOT                  [24/53]
[INFO]   from hadoop-hdds/tools/pom.xml
[INFO] --------------------------------[ jar ]---------------------------------
[INFO] 
[INFO] -----------------------< org.apache.ozone:ozone >-----------------------
[INFO] Building Apache Ozone 2.1.0-SNAPSHOT                             [25/53]
[INFO]   from hadoop-ozone/pom.xml
[INFO] --------------------------------[ pom ]---------------------------------
[INFO] 
[INFO] --- antrun:3.1.0:run (create-testdirs) @ ozone ---
[INFO] Executing tasks
[INFO]     [mkdir] Created dir: /home/runner/work/ozone/ozone/hadoop-ozone/target/test-dir
[INFO] Executed tasks
[INFO] 
[INFO] --- sortpom:3.0.1:verify (default) @ ozone ---
[INFO] Verifying file /home/runner/work/ozone/ozone/hadoop-ozone/pom.xml
[INFO] 
[INFO] --- jacoco:0.8.12:prepare-agent (default-prepare-agent) @ ozone ---
[INFO] argLine set to -javaagent:/home/runner/.m2/repository/org/jacoco/org.jacoco.agent/0.8.12/org.jacoco.agent-0.8.12-runtime.jar=destfile=/home/runner/work/ozone/ozone/hadoop-ozone/target/jacoco.exec,includes=org.apache.hadoop.hdds.*:org.apache.hadoop.ozone.*:org.apache.hadoop.fs.ozone.*:org.apache.ozone.*
[INFO] 
[INFO] --- enforcer:3.5.0:enforce (banned-rocksdb-imports) @ ozone ---
[INFO] Rule 0: org.apache.maven.plugins.enforcer.RestrictImports passed
[INFO] 
[INFO] --- enforcer:3.5.0:enforce (ban-imports) @ ozone ---
[INFO] Rule 0: org.apache.maven.plugins.enforcer.RestrictImports passed
[INFO] Rule 1: org.apache.maven.plugins.enforcer.RestrictImports passed
[INFO] Rule 2: org.apache.maven.plugins.enforcer.RestrictImports passed
[INFO] Rule 3: org.apache.maven.plugins.enforcer.RestrictImports passed
[WARNING] EXPERIMENTAL FEATURE enabled. You have enabled full-compilation-unit parsing. Please be aware that experimental features might get removed or changed. Please share your feedback!
[INFO] Rule 4: org.apache.maven.plugins.enforcer.RestrictImports passed
[INFO] Rule 5: org.apache.maven.plugins.enforcer.RestrictImports passed
[INFO] Rule 6: org.apache.maven.plugins.enforcer.RestrictImports passed
[INFO] Rule 7: org.apache.maven.plugins.enforcer.RestrictImports passed
[INFO] 
[INFO] --- enforcer:3.5.0:enforce (ban-annotations) @ ozone ---
[INFO] Rule 0: org.apache.maven.plugins.enforcer.RestrictImports passed
[INFO] 
[INFO] --- remote-resources:3.3.0:process (default) @ ozone ---
[INFO] Preparing remote bundle org.apache.ozone:ozone-dev-support:2.1.0-SNAPSHOT
[INFO] Copying 2 resources from 1 bundle.
[INFO] 
[INFO] --- dependency:3.8.1:build-classpath (add-classpath-descriptor) @ ozone ---
[INFO] Skipping plugin execution
[INFO] 
[INFO] --- dependency:3.8.1:copy-dependencies (copy-jars) @ ozone ---
[INFO] Skipping plugin execution
[INFO] 
[INFO] --- jar:3.4.2:test-jar (default) @ ozone ---
[WARNING] JAR will be empty - no content was marked for inclusion!
[INFO] Building jar: /home/runner/work/ozone/ozone/hadoop-ozone/target/ozone-2.1.0-SNAPSHOT-tests.jar
[INFO] 
[INFO] --- dependency:3.8.1:analyze-only (analyze) @ ozone ---
[INFO] Skipping pom project
[INFO] 
[INFO] --------------< org.apache.ozone:ozone-interface-client >---------------
[INFO] Building Apache Ozone Client Interface 2.1.0-SNAPSHOT            [26/53]
[INFO]   from hadoop-ozone/interface-client/pom.xml
[INFO] --------------------------------[ jar ]---------------------------------
[INFO] 
[INFO] --- antrun:3.1.0:run (create-testdirs) @ ozone-interface-client ---
[INFO] Executing tasks
[INFO]     [mkdir] Created dir: /home/runner/work/ozone/ozone/hadoop-ozone/interface-client/target/test-dir
[INFO] Executed tasks
[INFO] 
[INFO] --- sortpom:3.0.1:verify (default) @ ozone-interface-client ---
[INFO] Verifying file /home/runner/work/ozone/ozone/hadoop-ozone/interface-client/pom.xml
[INFO] 
[INFO] --- jacoco:0.8.12:prepare-agent (default-prepare-agent) @ ozone-interface-client ---
[INFO] argLine set to -javaagent:/home/runner/.m2/repository/org/jacoco/org.jacoco.agent/0.8.12/org.jacoco.agent-0.8.12-runtime.jar=destfile=/home/runner/work/ozone/ozone/hadoop-ozone/interface-client/target/jacoco.exec,includes=org.apache.hadoop.hdds.*:org.apache.hadoop.ozone.*:org.apache.hadoop.fs.ozone.*:org.apache.ozone.*
[INFO] 
[INFO] --- protobuf:0.6.1:compile (compile-protoc-OmGrpc) @ ozone-interface-client ---
[INFO] Compiling 4 proto file(s) to /home/runner/work/ozone/ozone/hadoop-ozone/interface-client/target/generated-sources/protobuf/java
[INFO] 
[INFO] --- protobuf:0.6.1:compile-custom (compile-protoc-OmGrpc) @ ozone-interface-client ---
[INFO] Compiling 4 proto file(s) to /home/runner/work/ozone/ozone/hadoop-ozone/interface-client/target/generated-sources/protobuf/java
[INFO] 
[INFO] --- protobuf:0.6.1:compile (compile-protoc3) @ ozone-interface-client ---
[INFO] Compiling 4 proto file(s) to /home/runner/work/ozone/ozone/hadoop-ozone/interface-client/target/generated-sources/protobuf/java/proto3
[INFO] 
[INFO] --- antrun:3.1.0:run (default) @ ozone-interface-client ---
[INFO] Executing tasks
[INFO]      [move] Moving 4 files to /home/runner/work/ozone/ozone/hadoop-ozone/interface-client/target/generated-sources/protobuf
[INFO] Executed tasks
[INFO] 
[INFO] --- enforcer:3.5.0:enforce (banned-rocksdb-imports) @ ozone-interface-client ---
[INFO] Rule 0: org.apache.maven.plugins.enforcer.RestrictImports passed
[INFO] 
[INFO] --- enforcer:3.5.0:enforce (ban-imports) @ ozone-interface-client ---
[INFO] Rule 0: org.apache.maven.plugins.enforcer.RestrictImports passed
[INFO] Rule 1: org.apache.maven.plugins.enforcer.RestrictImports passed
[INFO] Rule 2: org.apache.maven.plugins.enforcer.RestrictImports passed
[INFO] Rule 3: org.apache.maven.plugins.enforcer.RestrictImports passed
[WARNING] EXPERIMENTAL FEATURE enabled. You have enabled full-compilation-unit parsing. Please be aware that experimental features might get removed or changed. Please share your feedback!
[INFO] Rule 4: org.apache.maven.plugins.enforcer.RestrictImports passed
[INFO] Rule 5: org.apache.maven.plugins.enforcer.RestrictImports passed
[INFO] Rule 6: org.apache.maven.plugins.enforcer.RestrictImports passed
[INFO] Rule 7: org.apache.maven.plugins.enforcer.RestrictImports passed
[INFO] 
[INFO] --- enforcer:3.5.0:enforce (ban-annotations) @ ozone-interface-client ---
[INFO] Rule 0: org.apache.maven.plugins.enforcer.RestrictImports passed
[INFO] 
[INFO] --- remote-resources:3.3.0:process (default) @ ozone-interface-client ---
[INFO] Preparing remote bundle org.apache.ozone:ozone-dev-support:2.1.0-SNAPSHOT
[INFO] Copying 2 resources from 1 bundle.
[INFO] 
[INFO] --- resources:3.3.0:resources (default-resources) @ ozone-interface-client ---
[INFO] Copying 1 resource
[INFO] Copying 4 resources
[INFO] Copying 4 resources
[INFO] Copying 4 resources
[INFO] Copying 2 resources
[INFO] 
[INFO] --- compiler:3.9.0:compile (default-compile) @ ozone-interface-client ---
[INFO] Compiling 11 source files to /home/runner/work/ozone/ozone/hadoop-ozone/interface-client/target/classes
[INFO] /home/runner/work/ozone/ozone/hadoop-ozone/interface-client/target/generated-sources/protobuf/java/org/apache/hadoop/ozone/protocol/proto3/OzoneManagerProtocolProtos.java: /home/runner/work/ozone/ozone/hadoop-ozone/interface-client/target/generated-sources/protobuf/java/org/apache/hadoop/ozone/protocol/proto3/OzoneManagerProtocolProtos.java uses or overrides a deprecated API.
[INFO] /home/runner/work/ozone/ozone/hadoop-ozone/interface-client/target/generated-sources/protobuf/java/org/apache/hadoop/ozone/protocol/proto3/OzoneManagerProtocolProtos.java: Recompile with -Xlint:deprecation for details.
[INFO] 
[INFO] --- protobuf:0.6.1:test-compile (compile-protoc-OmGrpc) @ ozone-interface-client ---
[INFO] /home/runner/work/ozone/ozone/hadoop-ozone/interface-client/src/test/proto does not exist. Review the configuration or consider disabling the plugin.
[INFO] 
[INFO] --- protobuf:0.6.1:test-compile-custom (compile-protoc-OmGrpc) @ ozone-interface-client ---
[INFO] /home/runner/work/ozone/ozone/hadoop-ozone/interface-client/src/test/proto does not exist. Review the configuration or consider disabling the plugin.
[INFO] 
[INFO] --- protobuf:0.6.1:test-compile (compile-protoc3) @ ozone-interface-client ---
[INFO] /home/runner/work/ozone/ozone/hadoop-ozone/interface-client/src/test/proto does not exist. Review the configuration or consider disabling the plugin.
[INFO] 
[INFO] --- resources:3.3.0:testResources (default-testResources) @ ozone-interface-client ---
[INFO] Not copying test resources
[INFO] 
[INFO] --- compiler:3.9.0:testCompile (default-testCompile) @ ozone-interface-client ---
[INFO] Skipped
[INFO] 
[INFO] --- surefire:3.5.2:test (default-test) @ ozone-interface-client ---
[INFO] No tests to run.
[INFO] Skipped
[INFO] 
[INFO] --- dependency:3.8.1:build-classpath (add-classpath-descriptor) @ ozone-interface-client ---
[INFO] Skipping plugin execution
[INFO] 
[INFO] --- dependency:3.8.1:copy-dependencies (copy-jars) @ ozone-interface-client ---
[INFO] Skipping plugin execution
[INFO] 
[INFO] --- jar:3.4.2:jar (default-jar) @ ozone-interface-client ---
[INFO] Building jar: /home/runner/work/ozone/ozone/hadoop-ozone/interface-client/target/ozone-interface-client-2.1.0-SNAPSHOT.jar
[INFO] 
[INFO] --- jar:3.4.2:test-jar (default) @ ozone-interface-client ---
[INFO] Skipping packaging of the test-jar
[INFO] 
[INFO] --- dependency:3.8.1:analyze-only (analyze) @ ozone-interface-client ---
[WARNING] Unused declared dependencies found:
[WARNING]    io.netty:netty-handler-proxy:jar:4.1.109.Final:compile
[WARNING]    io.netty:netty-codec-http2:jar:4.1.109.Final:compile
[INFO] 
[INFO] --- proto-backwards-compatibility:1.0.7:backwards-compatibility-check (default) @ ozone-interface-client ---
[INFO] protolock cmd line: /home/runner/work/ozone/ozone/hadoop-ozone/interface-client/target/protolock-bin/protolock status --lockdir=/home/runner/work/ozone/ozone/hadoop-ozone/interface-client/target/classes --protoroot=/home/runner/work/ozone/ozone/hadoop-ozone/interface-client/target/classes
[INFO] protolock cmd line: /home/runner/work/ozone/ozone/hadoop-ozone/interface-client/target/protolock-bin/protolock commit --lockdir=/home/runner/work/ozone/ozone/hadoop-ozone/interface-client/target/classes --protoroot=/home/runner/work/ozone/ozone/hadoop-ozone/interface-client/target/classes
[INFO] Backwards compatibility check passed.
[INFO] 
[INFO] -------------------< org.apache.ozone:ozone-common >--------------------
[INFO] Building Apache Ozone Common 2.1.0-SNAPSHOT                      [27/53]
[INFO]   from hadoop-ozone/common/pom.xml
[INFO] --------------------------------[ jar ]---------------------------------
[INFO] 
[INFO] --- antrun:3.1.0:run (create-testdirs) @ ozone-common ---
[INFO] Executing tasks
[INFO]     [mkdir] Created dir: /home/runner/work/ozone/ozone/hadoop-ozone/common/target/test-dir
[INFO] Executed tasks
[INFO] 
[INFO] --- sortpom:3.0.1:verify (default) @ ozone-common ---
[INFO] Verifying file /home/runner/work/ozone/ozone/hadoop-ozone/common/pom.xml
[INFO] 
[INFO] --- jacoco:0.8.12:prepare-agent (default-prepare-agent) @ ozone-common ---
[INFO] argLine set to -javaagent:/home/runner/.m2/repository/org/jacoco/org.jacoco.agent/0.8.12/org.jacoco.agent-0.8.12-runtime.jar=destfile=/home/runner/work/ozone/ozone/hadoop-ozone/common/target/jacoco.exec,includes=org.apache.hadoop.hdds.*:org.apache.hadoop.ozone.*:org.apache.hadoop.fs.ozone.*:org.apache.ozone.*
[INFO] 
[INFO] --- enforcer:3.5.0:enforce (banned-rocksdb-imports) @ ozone-common ---
[INFO] Rule 0: org.apache.maven.plugins.enforcer.RestrictImports passed
[INFO] 
[INFO] --- enforcer:3.5.0:enforce (ban-imports) @ ozone-common ---
[INFO] Rule 0: org.apache.maven.plugins.enforcer.RestrictImports passed
[INFO] Rule 1: org.apache.maven.plugins.enforcer.RestrictImports passed
[INFO] Rule 2: org.apache.maven.plugins.enforcer.RestrictImports passed
[INFO] Rule 3: org.apache.maven.plugins.enforcer.RestrictImports passed
[WARNING] EXPERIMENTAL FEATURE enabled. You have enabled full-compilation-unit parsing. Please be aware that experimental features might get removed or changed. Please share your feedback!
[INFO] Rule 4: org.apache.maven.plugins.enforcer.RestrictImports passed
[INFO] Rule 5: org.apache.maven.plugins.enforcer.RestrictImports passed
[INFO] Rule 6: org.apache.maven.plugins.enforcer.RestrictImports passed
[INFO] Rule 7: org.apache.maven.plugins.enforcer.RestrictImports passed
[INFO] 
[INFO] --- enforcer:3.5.0:enforce (ban-annotations) @ ozone-common ---
[INFO] Rule 0: org.apache.maven.plugins.enforcer.RestrictImports passed
[INFO] 
[INFO] --- remote-resources:3.3.0:process (default) @ ozone-common ---
[INFO] Preparing remote bundle org.apache.ozone:ozone-dev-support:2.1.0-SNAPSHOT
[INFO] Copying 2 resources from 1 bundle.
[INFO] 
[INFO] --- hadoops:3.4.1:version-info (version-info) @ ozone-common ---
[INFO] SCM: GIT
[INFO] Computed MD5: f62f294c32c17690631d9e7f1ab6b3c
[INFO] 
[INFO] --- resources:3.3.0:resources (default-resources) @ ozone-common ---
[INFO] Copying 0 resource
[INFO] Copying 1 resource
[INFO] Copying 2 resources
[INFO] The encoding used to copy filtered properties files have not been set. This means that the same encoding will be used to copy filtered properties files as when copying other filtered resources. This might not be what you want! Run your build with --debug to see which files might be affected. Read more at https://maven.apache.org/plugins/maven-resources-plugin/examples/filtering-properties-files.html
[INFO] 
[INFO] --- compiler:3.9.0:compile (default-compile) @ ozone-common ---
[INFO] Compiling 174 source files to /home/runner/work/ozone/ozone/hadoop-ozone/common/target/classes
[INFO] /home/runner/work/ozone/ozone/hadoop-ozone/common/src/main/java/org/apache/hadoop/ozone/om/ha/OMFailoverProxyProviderBase.java: Some input files use or override a deprecated API.
[INFO] /home/runner/work/ozone/ozone/hadoop-ozone/common/src/main/java/org/apache/hadoop/ozone/om/ha/OMFailoverProxyProviderBase.java: Recompile with -Xlint:deprecation for details.
[INFO] /home/runner/work/ozone/ozone/hadoop-ozone/common/src/main/java/org/apache/hadoop/ozone/om/ha/HadoopRpcOMFailoverProxyProvider.java: Some input files use unchecked or unsafe operations.
[INFO] /home/runner/work/ozone/ozone/hadoop-ozone/common/src/main/java/org/apache/hadoop/ozone/om/ha/HadoopRpcOMFailoverProxyProvider.java: Recompile with -Xlint:unchecked for details.
[INFO] 
[INFO] --- resources:3.3.0:testResources (default-testResources) @ ozone-common ---
[INFO] Copying 1 resource
[INFO] Copying 2 resources
[INFO] 
[INFO] --- compiler:3.9.0:testCompile (default-testCompile) @ ozone-common ---
[INFO] Compiling 33 source files to /home/runner/work/ozone/ozone/hadoop-ozone/common/target/test-classes
[INFO] /home/runner/work/ozone/ozone/hadoop-ozone/common/src/test/java/org/apache/hadoop/ozone/security/TestGDPRSymmetricKey.java: Some input files use or override a deprecated API.
[INFO] /home/runner/work/ozone/ozone/hadoop-ozone/common/src/test/java/org/apache/hadoop/ozone/security/TestGDPRSymmetricKey.java: Recompile with -Xlint:deprecation for details.
[INFO] /home/runner/work/ozone/ozone/hadoop-ozone/common/src/test/java/org/apache/hadoop/ozone/om/protocolPB/grpc/TestClientAddressClientInterceptor.java: Some input files use unchecked or unsafe operations.
[INFO] /home/runner/work/ozone/ozone/hadoop-ozone/common/src/test/java/org/apache/hadoop/ozone/om/protocolPB/grpc/TestClientAddressClientInterceptor.java: Recompile with -Xlint:unchecked for details.
[INFO] 
[INFO] --- surefire:3.5.2:test (default-test) @ ozone-common ---
[INFO] Using auto detected provider org.apache.maven.surefire.junitplatform.JUnitPlatformProvider
[INFO] Using auto detected provider org.apache.maven.surefire.junitplatform.JUnitPlatformProvider
[INFO] Using auto detected provider org.apache.maven.surefire.junitplatform.JUnitPlatformProvider
[INFO] 
[INFO] -------------------------------------------------------
[INFO]  T E S T S
[INFO] -------------------------------------------------------
[INFO] 
[INFO] Results:
[INFO] 
[INFO] Tests run: 0, Failures: 0, Errors: 0, Skipped: 0
[INFO] 
[INFO] 
[INFO] --- dependency:3.8.1:build-classpath (add-classpath-descriptor) @ ozone-common ---
[INFO] Skipping plugin execution
[INFO] 
[INFO] --- dependency:3.8.1:copy-dependencies (copy-jars) @ ozone-common ---
[INFO] Skipping plugin execution
[INFO] 
[INFO] --- jar:3.4.2:jar (default-jar) @ ozone-common ---
[INFO] Building jar: /home/runner/work/ozone/ozone/hadoop-ozone/common/target/ozone-common-2.1.0-SNAPSHOT.jar
[INFO] 
[INFO] --- jar:3.4.2:test-jar (default) @ ozone-common ---
[INFO] Building jar: /home/runner/work/ozone/ozone/hadoop-ozone/common/target/ozone-common-2.1.0-SNAPSHOT-tests.jar
[INFO] 
[INFO] --- dependency:3.8.1:analyze-only (analyze) @ ozone-common ---
[WARNING] Used undeclared dependencies found:
[WARNING]    org.apache.hadoop:hadoop-common:jar:3.4.1:compile
[WARNING]    org.apache.hadoop:hadoop-hdfs-client:jar:3.4.1:compile
[WARNING] Unused declared dependencies found:
[WARNING]    io.netty:netty-handler-proxy:jar:4.1.109.Final:compile
[WARNING]    io.netty:netty-codec-http2:jar:4.1.109.Final:compile
[WARNING]    org.apache.ozone:hdds-hadoop-dependency-client:jar:2.1.0-SNAPSHOT:compile
[WARNING] Non-test scoped test only dependencies found:
[WARNING]    io.grpc:grpc-stub:jar:1.58.0:compile
[INFO] 
[INFO] -------------------< org.apache.ozone:ozone-client >--------------------
[INFO] Building Apache Ozone Client 2.1.0-SNAPSHOT                      [28/53]
[INFO]   from hadoop-ozone/client/pom.xml
[INFO] --------------------------------[ jar ]---------------------------------
[INFO] 
[INFO] --- antrun:3.1.0:run (create-testdirs) @ ozone-client ---
[INFO] Executing tasks
[INFO]     [mkdir] Created dir: /home/runner/work/ozone/ozone/hadoop-ozone/client/target/test-dir
[INFO] Executed tasks
[INFO] 
[INFO] --- sortpom:3.0.1:verify (default) @ ozone-client ---
[INFO] Verifying file /home/runner/work/ozone/ozone/hadoop-ozone/client/pom.xml
[INFO] 
[INFO] --- jacoco:0.8.12:prepare-agent (default-prepare-agent) @ ozone-client ---
[INFO] argLine set to -javaagent:/home/runner/.m2/repository/org/jacoco/org.jacoco.agent/0.8.12/org.jacoco.agent-0.8.12-runtime.jar=destfile=/home/runner/work/ozone/ozone/hadoop-ozone/client/target/jacoco.exec,includes=org.apache.hadoop.hdds.*:org.apache.hadoop.ozone.*:org.apache.hadoop.fs.ozone.*:org.apache.ozone.*
[INFO] 
[INFO] --- enforcer:3.5.0:enforce (banned-rocksdb-imports) @ ozone-client ---
[INFO] Rule 0: org.apache.maven.plugins.enforcer.RestrictImports passed
[INFO] 
[INFO] --- enforcer:3.5.0:enforce (ban-imports) @ ozone-client ---
[INFO] Rule 0: org.apache.maven.plugins.enforcer.RestrictImports passed
[INFO] Rule 1: org.apache.maven.plugins.enforcer.RestrictImports passed
[INFO] Rule 2: org.apache.maven.plugins.enforcer.RestrictImports passed
[INFO] Rule 3: org.apache.maven.plugins.enforcer.RestrictImports passed
[WARNING] EXPERIMENTAL FEATURE enabled. You have enabled full-compilation-unit parsing. Please be aware that experimental features might get removed or changed. Please share your feedback!
[INFO] Rule 4: org.apache.maven.plugins.enforcer.RestrictImports passed
[INFO] Rule 5: org.apache.maven.plugins.enforcer.RestrictImports passed
[INFO] Rule 6: org.apache.maven.plugins.enforcer.RestrictImports passed
[INFO] Rule 7: org.apache.maven.plugins.enforcer.RestrictImports passed
[INFO] 
[INFO] --- enforcer:3.5.0:enforce (ban-annotations) @ ozone-client ---
[INFO] Rule 0: org.apache.maven.plugins.enforcer.RestrictImports passed
[INFO] 
[INFO] --- remote-resources:3.3.0:process (default) @ ozone-client ---
[INFO] Preparing remote bundle org.apache.ozone:ozone-dev-support:2.1.0-SNAPSHOT
[INFO] Copying 2 resources from 1 bundle.
[INFO] 
[INFO] --- resources:3.3.0:resources (default-resources) @ ozone-client ---
[INFO] skip non existing resourceDirectory /home/runner/work/ozone/ozone/hadoop-ozone/client/src/main/resources
[INFO] Copying 2 resources
[INFO] 
[INFO] --- compiler:3.9.0:compile (default-compile) @ ozone-client ---
[INFO] Compiling 49 source files to /home/runner/work/ozone/ozone/hadoop-ozone/client/target/classes
[INFO] /home/runner/work/ozone/ozone/hadoop-ozone/client/src/main/java/org/apache/hadoop/ozone/client/io/BlockDataStreamOutputEntryPool.java: Some input files use or override a deprecated API.
[INFO] /home/runner/work/ozone/ozone/hadoop-ozone/client/src/main/java/org/apache/hadoop/ozone/client/io/BlockDataStreamOutputEntryPool.java: Recompile with -Xlint:deprecation for details.
[INFO] /home/runner/work/ozone/ozone/hadoop-ozone/client/src/main/java/org/apache/hadoop/ozone/client/OzoneBucket.java: Some input files use unchecked or unsafe operations.
[INFO] /home/runner/work/ozone/ozone/hadoop-ozone/client/src/main/java/org/apache/hadoop/ozone/client/OzoneBucket.java: Recompile with -Xlint:unchecked for details.
[INFO] 
[INFO] --- resources:3.3.0:testResources (default-testResources) @ ozone-client ---
[INFO] skip non existing resourceDirectory /home/runner/work/ozone/ozone/hadoop-ozone/client/src/test/resources
[INFO] Copying 2 resources
[INFO] 
[INFO] --- compiler:3.9.0:testCompile (default-testCompile) @ ozone-client ---
[INFO] Compiling 20 source files to /home/runner/work/ozone/ozone/hadoop-ozone/client/target/test-classes
[INFO] /home/runner/work/ozone/ozone/hadoop-ozone/client/src/test/java/org/apache/hadoop/ozone/client/checksum/TestFileChecksumHelper.java: Some input files use or override a deprecated API.
[INFO] /home/runner/work/ozone/ozone/hadoop-ozone/client/src/test/java/org/apache/hadoop/ozone/client/checksum/TestFileChecksumHelper.java: Recompile with -Xlint:deprecation for details.
[INFO] /home/runner/work/ozone/ozone/hadoop-ozone/client/src/test/java/org/apache/hadoop/ozone/client/MockDatanodeStorage.java: /home/runner/work/ozone/ozone/hadoop-ozone/client/src/test/java/org/apache/hadoop/ozone/client/MockDatanodeStorage.java uses unchecked or unsafe operations.
[INFO] /home/runner/work/ozone/ozone/hadoop-ozone/client/src/test/java/org/apache/hadoop/ozone/client/MockDatanodeStorage.java: Recompile with -Xlint:unchecked for details.
[INFO] 
[INFO] --- surefire:3.5.2:test (default-test) @ ozone-client ---
[INFO] Using auto detected provider org.apache.maven.surefire.junitplatform.JUnitPlatformProvider
[INFO] Using auto detected provider org.apache.maven.surefire.junitplatform.JUnitPlatformProvider
[INFO] Using auto detected provider org.apache.maven.surefire.junitplatform.JUnitPlatformProvider
[INFO] 
[INFO] -------------------------------------------------------
[INFO]  T E S T S
[INFO] -------------------------------------------------------
[INFO] 
[INFO] Results:
[INFO] 
[INFO] Tests run: 0, Failures: 0, Errors: 0, Skipped: 0
[INFO] 
[INFO] 
[INFO] --- dependency:3.8.1:build-classpath (add-classpath-descriptor) @ ozone-client ---
[INFO] Skipping plugin execution
[INFO] 
[INFO] --- dependency:3.8.1:copy-dependencies (copy-jars) @ ozone-client ---
[INFO] Skipping plugin execution
[INFO] 
[INFO] --- jar:3.4.2:jar (default-jar) @ ozone-client ---
[INFO] Building jar: /home/runner/work/ozone/ozone/hadoop-ozone/client/target/ozone-client-2.1.0-SNAPSHOT.jar
[INFO] 
[INFO] --- jar:3.4.2:test-jar (default) @ ozone-client ---
[INFO] Building jar: /home/runner/work/ozone/ozone/hadoop-ozone/client/target/ozone-client-2.1.0-SNAPSHOT-tests.jar
[INFO] 
[INFO] --- dependency:3.8.1:analyze-only (analyze) @ ozone-client ---
[WARNING] Used undeclared dependencies found:
[WARNING]    org.apache.hadoop:hadoop-common:jar:3.4.1:compile
[INFO] 
[INFO] --------------< org.apache.ozone:ozone-filesystem-common >--------------
[INFO] Building Apache Ozone FileSystem Common 2.1.0-SNAPSHOT           [29/53]
[INFO]   from hadoop-ozone/ozonefs-common/pom.xml
[INFO] --------------------------------[ jar ]---------------------------------
[INFO] 
[INFO] --- antrun:3.1.0:run (create-testdirs) @ ozone-filesystem-common ---
[INFO] Executing tasks
[INFO]     [mkdir] Created dir: /home/runner/work/ozone/ozone/hadoop-ozone/ozonefs-common/target/test-dir
[INFO] Executed tasks
[INFO] 
[INFO] --- sortpom:3.0.1:verify (default) @ ozone-filesystem-common ---
[INFO] Verifying file /home/runner/work/ozone/ozone/hadoop-ozone/ozonefs-common/pom.xml
[INFO] 
[INFO] --- jacoco:0.8.12:prepare-agent (default-prepare-agent) @ ozone-filesystem-common ---
[INFO] argLine set to -javaagent:/home/runner/.m2/repository/org/jacoco/org.jacoco.agent/0.8.12/org.jacoco.agent-0.8.12-runtime.jar=destfile=/home/runner/work/ozone/ozone/hadoop-ozone/ozonefs-common/target/jacoco.exec,includes=org.apache.hadoop.hdds.*:org.apache.hadoop.ozone.*:org.apache.hadoop.fs.ozone.*:org.apache.ozone.*
[INFO] 
[INFO] --- enforcer:3.5.0:enforce (banned-rocksdb-imports) @ ozone-filesystem-common ---
[INFO] Rule 0: org.apache.maven.plugins.enforcer.RestrictImports passed
[INFO] 
[INFO] --- enforcer:3.5.0:enforce (ban-imports) @ ozone-filesystem-common ---
[INFO] Rule 0: org.apache.maven.plugins.enforcer.RestrictImports passed
[INFO] Rule 1: org.apache.maven.plugins.enforcer.RestrictImports passed
[INFO] Rule 2: org.apache.maven.plugins.enforcer.RestrictImports passed
[INFO] Rule 3: org.apache.maven.plugins.enforcer.RestrictImports passed
[WARNING] EXPERIMENTAL FEATURE enabled. You have enabled full-compilation-unit parsing. Please be aware that experimental features might get removed or changed. Please share your feedback!
[INFO] Rule 4: org.apache.maven.plugins.enforcer.RestrictImports passed
[INFO] Rule 5: org.apache.maven.plugins.enforcer.RestrictImports passed
[INFO] Rule 6: org.apache.maven.plugins.enforcer.RestrictImports passed
[INFO] Rule 7: org.apache.maven.plugins.enforcer.RestrictImports passed
[INFO] 
[INFO] --- enforcer:3.5.0:enforce (ban-annotations) @ ozone-filesystem-common ---
[INFO] Rule 0: org.apache.maven.plugins.enforcer.RestrictImports passed
[INFO] 
[INFO] --- remote-resources:3.3.0:process (default) @ ozone-filesystem-common ---
[INFO] Preparing remote bundle org.apache.ozone:ozone-dev-support:2.1.0-SNAPSHOT
[INFO] Copying 2 resources from 1 bundle.
[INFO] 
[INFO] --- resources:3.3.0:resources (default-resources) @ ozone-filesystem-common ---
[INFO] skip non existing resourceDirectory /home/runner/work/ozone/ozone/hadoop-ozone/ozonefs-common/src/main/resources
[INFO] Copying 2 resources
[INFO] 
[INFO] --- compiler:3.9.0:compile (default-compile) @ ozone-filesystem-common ---
[INFO] Compiling 32 source files to /home/runner/work/ozone/ozone/hadoop-ozone/ozonefs-common/target/classes
[INFO] /home/runner/work/ozone/ozone/hadoop-ozone/ozonefs-common/src/main/java/org/apache/hadoop/fs/ozone/BasicRootedOzoneFileSystem.java: Some input files use or override a deprecated API.
[INFO] /home/runner/work/ozone/ozone/hadoop-ozone/ozonefs-common/src/main/java/org/apache/hadoop/fs/ozone/BasicRootedOzoneFileSystem.java: Recompile with -Xlint:deprecation for details.
[INFO] /home/runner/work/ozone/ozone/hadoop-ozone/ozonefs-common/src/main/java/org/apache/hadoop/fs/ozone/OzoneDelegationTokenRenewer.java: /home/runner/work/ozone/ozone/hadoop-ozone/ozonefs-common/src/main/java/org/apache/hadoop/fs/ozone/OzoneDelegationTokenRenewer.java uses unchecked or unsafe operations.
[INFO] /home/runner/work/ozone/ozone/hadoop-ozone/ozonefs-common/src/main/java/org/apache/hadoop/fs/ozone/OzoneDelegationTokenRenewer.java: Recompile with -Xlint:unchecked for details.
[INFO] 
[INFO] --- resources:3.3.0:testResources (default-testResources) @ ozone-filesystem-common ---
[INFO] Copying 2 resources
[INFO] Copying 2 resources
[INFO] 
[INFO] --- compiler:3.9.0:testCompile (default-testCompile) @ ozone-filesystem-common ---
[INFO] Compiling 6 source files to /home/runner/work/ozone/ozone/hadoop-ozone/ozonefs-common/target/test-classes
[INFO] /home/runner/work/ozone/ozone/hadoop-ozone/ozonefs-common/src/test/java/org/apache/hadoop/fs/ozone/TestBasicOzoneFileSystems.java: Some input files use or override a deprecated API.
[INFO] /home/runner/work/ozone/ozone/hadoop-ozone/ozonefs-common/src/test/java/org/apache/hadoop/fs/ozone/TestBasicOzoneFileSystems.java: Recompile with -Xlint:deprecation for details.
[INFO] 
[INFO] --- surefire:3.5.2:test (default-test) @ ozone-filesystem-common ---
[INFO] Using auto detected provider org.apache.maven.surefire.junitplatform.JUnitPlatformProvider
[INFO] Using auto detected provider org.apache.maven.surefire.junitplatform.JUnitPlatformProvider
[INFO] Using auto detected provider org.apache.maven.surefire.junitplatform.JUnitPlatformProvider
[INFO] 
[INFO] -------------------------------------------------------
[INFO]  T E S T S
[INFO] -------------------------------------------------------
[INFO] 
[INFO] Results:
[INFO] 
[INFO] Tests run: 0, Failures: 0, Errors: 0, Skipped: 0
[INFO] 
[INFO] 
[INFO] --- dependency:3.8.1:build-classpath (add-classpath-descriptor) @ ozone-filesystem-common ---
[INFO] Skipping plugin execution
[INFO] 
[INFO] --- dependency:3.8.1:copy-dependencies (copy-jars) @ ozone-filesystem-common ---
[INFO] Skipping plugin execution
[INFO] 
[INFO] --- jar:3.4.2:jar (default-jar) @ ozone-filesystem-common ---
[INFO] Building jar: /home/runner/work/ozone/ozone/hadoop-ozone/ozonefs-common/target/ozone-filesystem-common-2.1.0-SNAPSHOT.jar
[INFO] 
[INFO] --- jar:3.4.2:test-jar (default) @ ozone-filesystem-common ---
[INFO] Building jar: /home/runner/work/ozone/ozone/hadoop-ozone/ozonefs-common/target/ozone-filesystem-common-2.1.0-SNAPSHOT-tests.jar
[INFO] 
[INFO] --- dependency:3.8.1:analyze-only (analyze) @ ozone-filesystem-common ---
[WARNING] Used undeclared dependencies found:
[WARNING]    org.apache.hadoop:hadoop-common:jar:3.4.1:compile
[WARNING]    org.apache.hadoop:hadoop-hdfs-client:jar:3.4.1:compile
[WARNING] Unused declared dependencies found:
[WARNING]    org.apache.ozone:hdds-hadoop-dependency-client:jar:2.1.0-SNAPSHOT:compile
[INFO] 
[INFO] -----------------< org.apache.ozone:ozone-filesystem >------------------
[INFO] Building Apache Ozone FileSystem 2.1.0-SNAPSHOT                  [30/53]
[INFO]   from hadoop-ozone/ozonefs/pom.xml
[INFO] --------------------------------[ jar ]---------------------------------
[INFO] 
[INFO] --- antrun:3.1.0:run (create-testdirs) @ ozone-filesystem ---
[INFO] Executing tasks
[INFO]     [mkdir] Created dir: /home/runner/work/ozone/ozone/hadoop-ozone/ozonefs/target/test-dir
[INFO] Executed tasks
[INFO] 
[INFO] --- sortpom:3.0.1:verify (default) @ ozone-filesystem ---
[INFO] Verifying file /home/runner/work/ozone/ozone/hadoop-ozone/ozonefs/pom.xml
[INFO] 
[INFO] --- jacoco:0.8.12:prepare-agent (default-prepare-agent) @ ozone-filesystem ---
[INFO] argLine set to -javaagent:/home/runner/.m2/repository/org/jacoco/org.jacoco.agent/0.8.12/org.jacoco.agent-0.8.12-runtime.jar=destfile=/home/runner/work/ozone/ozone/hadoop-ozone/ozonefs/target/jacoco.exec,includes=org.apache.hadoop.hdds.*:org.apache.hadoop.ozone.*:org.apache.hadoop.fs.ozone.*:org.apache.ozone.*
[INFO] 
[INFO] --- enforcer:3.5.0:enforce (banned-rocksdb-imports) @ ozone-filesystem ---
[INFO] Rule 0: org.apache.maven.plugins.enforcer.RestrictImports passed
[INFO] 
[INFO] --- enforcer:3.5.0:enforce (ban-imports) @ ozone-filesystem ---
[INFO] Rule 0: org.apache.maven.plugins.enforcer.RestrictImports passed
[INFO] Rule 1: org.apache.maven.plugins.enforcer.RestrictImports passed
[INFO] Rule 2: org.apache.maven.plugins.enforcer.RestrictImports passed
[INFO] Rule 3: org.apache.maven.plugins.enforcer.RestrictImports passed
[WARNING] EXPERIMENTAL FEATURE enabled. You have enabled full-compilation-unit parsing. Please be aware that experimental features might get removed or changed. Please share your feedback!
[INFO] Rule 4: org.apache.maven.plugins.enforcer.RestrictImports passed
[INFO] Rule 5: org.apache.maven.plugins.enforcer.RestrictImports passed
[INFO] Rule 6: org.apache.maven.plugins.enforcer.RestrictImports passed
[INFO] Rule 7: org.apache.maven.plugins.enforcer.RestrictImports passed
[INFO] 
[INFO] --- enforcer:3.5.0:enforce (ban-annotations) @ ozone-filesystem ---
[INFO] Rule 0: org.apache.maven.plugins.enforcer.RestrictImports passed
[INFO] 
[INFO] --- remote-resources:3.3.0:process (default) @ ozone-filesystem ---
[INFO] Preparing remote bundle org.apache.ozone:ozone-dev-support:2.1.0-SNAPSHOT
[INFO] Copying 2 resources from 1 bundle.
[INFO] 
[INFO] --- resources:3.3.0:resources (default-resources) @ ozone-filesystem ---
[INFO] Copying 4 resources
[INFO] Copying 2 resources
[INFO] 
[INFO] --- compiler:3.9.0:compile (default-compile) @ ozone-filesystem ---
[INFO] Compiling 7 source files to /home/runner/work/ozone/ozone/hadoop-ozone/ozonefs/target/classes
[INFO] 
[INFO] --- dependency:3.8.1:list (deplist) @ ozone-filesystem ---
[INFO] Can't extract module name from hdds-interface-admin-2.1.0-SNAPSHOT.jar: hdds.interface.admin: Invalid module name: 'interface' is not a Java identifier
[INFO] Can't extract module name from hdds-interface-client-2.1.0-SNAPSHOT.jar: hdds.interface.client: Invalid module name: 'interface' is not a Java identifier
[INFO] Can't extract module name from hadoop-shaded-protobuf_3_25-1.4.0.jar: hadoop.shaded.protobuf.3.25: Invalid module name: '3' is not a Java identifier
[INFO] Can't extract module name from ozone-interface-client-2.1.0-SNAPSHOT.jar: ozone.interface.client: Invalid module name: 'interface' is not a Java identifier
[INFO] 
[INFO] --- resources:3.3.0:testResources (default-testResources) @ ozone-filesystem ---
[INFO] skip non existing resourceDirectory /home/runner/work/ozone/ozone/hadoop-ozone/ozonefs/src/test/resources
[INFO] Copying 2 resources
[INFO] 
[INFO] --- compiler:3.9.0:testCompile (default-testCompile) @ ozone-filesystem ---
[INFO] No sources to compile
[INFO] 
[INFO] --- surefire:3.5.2:test (default-test) @ ozone-filesystem ---
[INFO] Using auto detected provider org.apache.maven.surefire.junitplatform.JUnitPlatformProvider
[INFO] 
[INFO] --- dependency:3.8.1:build-classpath (add-classpath-descriptor) @ ozone-filesystem ---
[INFO] Skipping plugin execution
[INFO] 
[INFO] --- dependency:3.8.1:copy-dependencies (copy-jars) @ ozone-filesystem ---
[INFO] Skipping plugin execution
[INFO] 
[INFO] --- jar:3.4.2:jar (default-jar) @ ozone-filesystem ---
[INFO] Building jar: /home/runner/work/ozone/ozone/hadoop-ozone/ozonefs/target/ozone-filesystem-2.1.0-SNAPSHOT.jar
[INFO] 
[INFO] --- jar:3.4.2:test-jar (default) @ ozone-filesystem ---
[INFO] Building jar: /home/runner/work/ozone/ozone/hadoop-ozone/ozonefs/target/ozone-filesystem-2.1.0-SNAPSHOT-tests.jar
[INFO] 
[INFO] --- dependency:3.8.1:analyze-only (analyze) @ ozone-filesystem ---
[WARNING] Used undeclared dependencies found:
[WARNING]    org.apache.hadoop:hadoop-common:jar:3.4.1:compile
[WARNING] Unused declared dependencies found:
[WARNING]    org.apache.ozone:ozone-client:jar:2.1.0-SNAPSHOT:compile
[INFO] 
[INFO] ------------------< org.apache.ozone:ozone-cli-shell >------------------
[INFO] Building Apache Ozone CLI Shell 2.1.0-SNAPSHOT                   [31/53]
[INFO]   from hadoop-ozone/cli-shell/pom.xml
[INFO] --------------------------------[ jar ]---------------------------------
[INFO] 
[INFO] --- antrun:3.1.0:run (create-testdirs) @ ozone-cli-shell ---
[INFO] Executing tasks
[INFO]     [mkdir] Created dir: /home/runner/work/ozone/ozone/hadoop-ozone/cli-shell/target/test-dir
[INFO] Executed tasks
[INFO] 
[INFO] --- sortpom:3.0.1:verify (default) @ ozone-cli-shell ---
[INFO] Verifying file /home/runner/work/ozone/ozone/hadoop-ozone/cli-shell/pom.xml
[INFO] 
[INFO] --- jacoco:0.8.12:prepare-agent (default-prepare-agent) @ ozone-cli-shell ---
[INFO] argLine set to -javaagent:/home/runner/.m2/repository/org/jacoco/org.jacoco.agent/0.8.12/org.jacoco.agent-0.8.12-runtime.jar=destfile=/home/runner/work/ozone/ozone/hadoop-ozone/cli-shell/target/jacoco.exec,includes=org.apache.hadoop.hdds.*:org.apache.hadoop.ozone.*:org.apache.hadoop.fs.ozone.*:org.apache.ozone.*
[INFO] 
[INFO] --- enforcer:3.5.0:enforce (banned-rocksdb-imports) @ ozone-cli-shell ---
[INFO] Rule 0: org.apache.maven.plugins.enforcer.RestrictImports passed
[INFO] 
[INFO] --- enforcer:3.5.0:enforce (ban-imports) @ ozone-cli-shell ---
[INFO] Rule 0: org.apache.maven.plugins.enforcer.RestrictImports passed
[INFO] Rule 1: org.apache.maven.plugins.enforcer.RestrictImports passed
[INFO] Rule 2: org.apache.maven.plugins.enforcer.RestrictImports passed
[INFO] Rule 3: org.apache.maven.plugins.enforcer.RestrictImports passed
[WARNING] EXPERIMENTAL FEATURE enabled. You have enabled full-compilation-unit parsing. Please be aware that experimental features might get removed or changed. Please share your feedback!
[INFO] Rule 4: org.apache.maven.plugins.enforcer.RestrictImports passed
[INFO] Rule 5: org.apache.maven.plugins.enforcer.RestrictImports passed
[INFO] Rule 6: org.apache.maven.plugins.enforcer.RestrictImports passed
[INFO] Rule 7: org.apache.maven.plugins.enforcer.RestrictImports passed
[INFO] 
[INFO] --- enforcer:3.5.0:enforce (ban-annotations) @ ozone-cli-shell ---
[INFO] Rule 0: org.apache.maven.plugins.enforcer.RestrictImports passed
[INFO] 
[INFO] --- remote-resources:3.3.0:process (default) @ ozone-cli-shell ---
[INFO] Preparing remote bundle org.apache.ozone:ozone-dev-support:2.1.0-SNAPSHOT
[INFO] Copying 2 resources from 1 bundle.
[INFO] 
[INFO] --- resources:3.3.0:resources (default-resources) @ ozone-cli-shell ---
[INFO] skip non existing resourceDirectory /home/runner/work/ozone/ozone/hadoop-ozone/cli-shell/src/main/resources
[INFO] Copying 2 resources
[INFO] 
[INFO] --- compiler:3.9.0:compile (default-compile) @ ozone-cli-shell ---
[INFO] Compiling 120 source files to /home/runner/work/ozone/ozone/hadoop-ozone/cli-shell/target/classes
[INFO] /home/runner/work/ozone/ozone/hadoop-ozone/cli-shell/src/main/java/org/apache/hadoop/ozone/shell/ReplicationOptions.java: Some input files use or override a deprecated API.
[INFO] /home/runner/work/ozone/ozone/hadoop-ozone/cli-shell/src/main/java/org/apache/hadoop/ozone/shell/ReplicationOptions.java: Recompile with -Xlint:deprecation for details.
[INFO] /home/runner/work/ozone/ozone/hadoop-ozone/cli-shell/src/main/java/org/apache/hadoop/ozone/shell/token/TokenOption.java: /home/runner/work/ozone/ozone/hadoop-ozone/cli-shell/src/main/java/org/apache/hadoop/ozone/shell/token/TokenOption.java uses unchecked or unsafe operations.
[INFO] /home/runner/work/ozone/ozone/hadoop-ozone/cli-shell/src/main/java/org/apache/hadoop/ozone/shell/token/TokenOption.java: Recompile with -Xlint:unchecked for details.
[INFO] 
[INFO] --- resources:3.3.0:testResources (default-testResources) @ ozone-cli-shell ---
[INFO] skip non existing resourceDirectory /home/runner/work/ozone/ozone/hadoop-ozone/cli-shell/src/test/resources
[INFO] Copying 2 resources
[INFO] 
[INFO] --- compiler:3.9.0:testCompile (default-testCompile) @ ozone-cli-shell ---
[INFO] Compiling 5 source files to /home/runner/work/ozone/ozone/hadoop-ozone/cli-shell/target/test-classes
[INFO] 
[INFO] --- surefire:3.5.2:test (default-test) @ ozone-cli-shell ---
[INFO] Using auto detected provider org.apache.maven.surefire.junitplatform.JUnitPlatformProvider
[INFO] Using auto detected provider org.apache.maven.surefire.junitplatform.JUnitPlatformProvider
[INFO] Using auto detected provider org.apache.maven.surefire.junitplatform.JUnitPlatformProvider
[INFO] 
[INFO] -------------------------------------------------------
[INFO]  T E S T S
[INFO] -------------------------------------------------------
[INFO] 
[INFO] Results:
[INFO] 
[INFO] Tests run: 0, Failures: 0, Errors: 0, Skipped: 0
[INFO] 
[INFO] 
[INFO] --- dependency:3.8.1:build-classpath (add-classpath-descriptor) @ ozone-cli-shell ---
[INFO] Wrote classpath file '/home/runner/work/ozone/ozone/hadoop-ozone/cli-shell/target/classes/ozone-cli-shell.classpath'.
[INFO] 
[INFO] --- dependency:3.8.1:copy-dependencies (copy-jars) @ ozone-cli-shell ---
[INFO] 
[INFO] --- jar:3.4.2:jar (default-jar) @ ozone-cli-shell ---
[INFO] Building jar: /home/runner/work/ozone/ozone/hadoop-ozone/cli-shell/target/ozone-cli-shell-2.1.0-SNAPSHOT.jar
[INFO] 
[INFO] --- jar:3.4.2:test-jar (default) @ ozone-cli-shell ---
[INFO] Building jar: /home/runner/work/ozone/ozone/hadoop-ozone/cli-shell/target/ozone-cli-shell-2.1.0-SNAPSHOT-tests.jar
[INFO] 
[INFO] --- dependency:3.8.1:analyze-only (analyze) @ ozone-cli-shell ---
[WARNING] Used undeclared dependencies found:
[WARNING]    org.apache.hadoop:hadoop-common:jar:3.4.1:compile
[WARNING]    org.apache.hadoop:hadoop-hdfs-client:jar:3.4.1:compile
[INFO] 
[INFO] ---------------------< org.apache.ozone:ozone-csi >---------------------
[INFO] Building Apache Ozone CSI service 2.1.0-SNAPSHOT                 [32/53]
[INFO]   from hadoop-ozone/csi/pom.xml
[INFO] --------------------------------[ jar ]---------------------------------
[INFO] 
[INFO] ------------------< org.apache.ozone:ozone-datanode >-------------------
[INFO] Building Apache Ozone Datanode 2.1.0-SNAPSHOT                    [33/53]
[INFO]   from hadoop-ozone/datanode/pom.xml
[INFO] --------------------------------[ jar ]---------------------------------
[INFO] 
[INFO] ----------------< org.apache.ozone:ozone-httpfsgateway >----------------
[INFO] Building Apache Ozone HttpFS 2.1.0-SNAPSHOT                      [34/53]
[INFO]   from hadoop-ozone/httpfsgateway/pom.xml
[INFO] --------------------------------[ jar ]---------------------------------
[INFO] 
[INFO] --------------< org.apache.ozone:ozone-interface-storage >--------------
[INFO] Building Apache Ozone Storage Interface 2.1.0-SNAPSHOT           [35/53]
[INFO]   from hadoop-ozone/interface-storage/pom.xml
[INFO] --------------------------------[ jar ]---------------------------------
[INFO] 
[INFO] -------------------< org.apache.ozone:ozone-manager >-------------------
[INFO] Building Apache Ozone Manager Server 2.1.0-SNAPSHOT              [36/53]
[INFO]   from hadoop-ozone/ozone-manager/pom.xml
[INFO] --------------------------------[ jar ]---------------------------------
[INFO] 
[INFO] -------------------< org.apache.ozone:ozone-insight >-------------------
[INFO] Building Apache Ozone Insight Tool 2.1.0-SNAPSHOT                [37/53]
[INFO]   from hadoop-ozone/insight/pom.xml
[INFO] --------------------------------[ jar ]---------------------------------
[INFO] 
[INFO] ----------------< org.apache.ozone:ozone-reconcodegen >-----------------
[INFO] Building Apache Ozone Recon CodeGen 2.1.0-SNAPSHOT               [38/53]
[INFO]   from hadoop-ozone/recon-codegen/pom.xml
[INFO] --------------------------------[ jar ]---------------------------------
[INFO] 
[INFO] --- antrun:3.1.0:run (create-testdirs) @ ozone-reconcodegen ---
[INFO] Executing tasks
[INFO]     [mkdir] Created dir: /home/runner/work/ozone/ozone/hadoop-ozone/recon-codegen/target/test-dir
[INFO] Executed tasks
[INFO] 
[INFO] --- sortpom:3.0.1:verify (default) @ ozone-reconcodegen ---
[INFO] Verifying file /home/runner/work/ozone/ozone/hadoop-ozone/recon-codegen/pom.xml
[INFO] 
[INFO] --- jacoco:0.8.12:prepare-agent (default-prepare-agent) @ ozone-reconcodegen ---
[INFO] argLine set to -javaagent:/home/runner/.m2/repository/org/jacoco/org.jacoco.agent/0.8.12/org.jacoco.agent-0.8.12-runtime.jar=destfile=/home/runner/work/ozone/ozone/hadoop-ozone/recon-codegen/target/jacoco.exec,includes=org.apache.hadoop.hdds.*:org.apache.hadoop.ozone.*:org.apache.hadoop.fs.ozone.*:org.apache.ozone.*
[INFO] 
[INFO] --- enforcer:3.5.0:enforce (banned-rocksdb-imports) @ ozone-reconcodegen ---
[INFO] Rule 0: org.apache.maven.plugins.enforcer.RestrictImports passed
[INFO] 
[INFO] --- enforcer:3.5.0:enforce (ban-imports) @ ozone-reconcodegen ---
[INFO] Rule 0: org.apache.maven.plugins.enforcer.RestrictImports passed
[INFO] Rule 1: org.apache.maven.plugins.enforcer.RestrictImports passed
[INFO] Rule 2: org.apache.maven.plugins.enforcer.RestrictImports passed
[INFO] Rule 3: org.apache.maven.plugins.enforcer.RestrictImports passed
[WARNING] EXPERIMENTAL FEATURE enabled. You have enabled full-compilation-unit parsing. Please be aware that experimental features might get removed or changed. Please share your feedback!
[INFO] Rule 4: org.apache.maven.plugins.enforcer.RestrictImports passed
[INFO] Rule 5: org.apache.maven.plugins.enforcer.RestrictImports passed
[INFO] Rule 6: org.apache.maven.plugins.enforcer.RestrictImports passed
[INFO] Rule 7: org.apache.maven.plugins.enforcer.RestrictImports passed
[INFO] 
[INFO] --- enforcer:3.5.0:enforce (ban-annotations) @ ozone-reconcodegen ---
[INFO] Rule 0: org.apache.maven.plugins.enforcer.RestrictImports passed
[INFO] 
[INFO] --- remote-resources:3.3.0:process (default) @ ozone-reconcodegen ---
[INFO] Preparing remote bundle org.apache.ozone:ozone-dev-support:2.1.0-SNAPSHOT
[INFO] Copying 2 resources from 1 bundle.
[INFO] 
[INFO] --- resources:3.3.0:resources (default-resources) @ ozone-reconcodegen ---
[INFO] skip non existing resourceDirectory /home/runner/work/ozone/ozone/hadoop-ozone/recon-codegen/src/main/resources
[INFO] Copying 2 resources
[INFO] 
[INFO] --- compiler:3.9.0:compile (default-compile) @ ozone-reconcodegen ---
[INFO] Compiling 13 source files to /home/runner/work/ozone/ozone/hadoop-ozone/recon-codegen/target/classes
[INFO] 
[INFO] --- resources:3.3.0:testResources (default-testResources) @ ozone-reconcodegen ---
[INFO] Not copying test resources
[INFO] 
[INFO] --- compiler:3.9.0:testCompile (default-testCompile) @ ozone-reconcodegen ---
[INFO] Skipped
[INFO] 
[INFO] --- surefire:3.5.2:test (default-test) @ ozone-reconcodegen ---
[INFO] No tests to run.
[INFO] Skipped
[INFO] 
[INFO] --- dependency:3.8.1:build-classpath (add-classpath-descriptor) @ ozone-reconcodegen ---
[INFO] Skipping plugin execution
[INFO] 
[INFO] --- dependency:3.8.1:copy-dependencies (copy-jars) @ ozone-reconcodegen ---
[INFO] Skipping plugin execution
[INFO] 
[INFO] --- jar:3.4.2:jar (default-jar) @ ozone-reconcodegen ---
[INFO] Building jar: /home/runner/work/ozone/ozone/hadoop-ozone/recon-codegen/target/ozone-reconcodegen-2.1.0-SNAPSHOT.jar
[INFO] 
[INFO] --- jar:3.4.2:test-jar (default) @ ozone-reconcodegen ---
[INFO] Skipping packaging of the test-jar
[INFO] 
[INFO] --- dependency:3.8.1:analyze-only (analyze) @ ozone-reconcodegen ---
[WARNING] Used undeclared dependencies found:
[WARNING]    org.apache.hadoop:hadoop-common:jar:3.4.1:compile
[WARNING] Unused declared dependencies found:
[WARNING]    org.apache.ozone:ozone-common:jar:2.1.0-SNAPSHOT:compile
[WARNING]    org.springframework:spring-jdbc:jar:5.3.39:compile
[INFO] 
[INFO] --------------------< org.apache.ozone:ozone-recon >--------------------
[INFO] Building Apache Ozone Recon 2.1.0-SNAPSHOT                       [39/53]
[INFO]   from hadoop-ozone/recon/pom.xml
[INFO] --------------------------------[ jar ]---------------------------------
[INFO] 
[INFO] ---------------< org.apache.ozone:ozone-s3-secret-store >---------------
[INFO] Building Apache Ozone S3 Secret Store 2.1.0-SNAPSHOT             [40/53]
[INFO]   from hadoop-ozone/s3-secret-store/pom.xml
[INFO] --------------------------------[ jar ]---------------------------------
[INFO] 
[INFO] ------------------< org.apache.ozone:ozone-s3gateway >------------------
[INFO] Building Apache Ozone S3 Gateway 2.1.0-SNAPSHOT                  [41/53]
[INFO]   from hadoop-ozone/s3gateway/pom.xml
[INFO] --------------------------------[ jar ]---------------------------------
[INFO] 
[INFO] --------------------< org.apache.ozone:ozone-tools >--------------------
[INFO] Building Apache Ozone Tools 2.1.0-SNAPSHOT                       [42/53]
[INFO]   from hadoop-ozone/tools/pom.xml
[INFO] --------------------------------[ jar ]---------------------------------
[INFO] 
[INFO] --------------< org.apache.ozone:ozone-filesystem-shaded >--------------
[INFO] Building Apache Ozone FileSystem Shaded 2.1.0-SNAPSHOT           [43/53]
[INFO]   from hadoop-ozone/ozonefs-shaded/pom.xml
[INFO] --------------------------------[ jar ]---------------------------------
[INFO] 
[INFO] --- dependency:3.8.1:unpack-dependencies (unpack-dependencies) @ ozone-filesystem-shaded ---
[INFO] 
[INFO] --- antrun:3.1.0:run (create-testdirs) @ ozone-filesystem-shaded ---
[INFO] Executing tasks
[INFO]     [mkdir] Created dir: /home/runner/work/ozone/ozone/hadoop-ozone/ozonefs-shaded/target/test-dir
[INFO] Executed tasks
[INFO] 
[INFO] --- sortpom:3.0.1:verify (default) @ ozone-filesystem-shaded ---
[INFO] Verifying file /home/runner/work/ozone/ozone/hadoop-ozone/ozonefs-shaded/pom.xml
[INFO] 
[INFO] --- jacoco:0.8.12:prepare-agent (default-prepare-agent) @ ozone-filesystem-shaded ---
[INFO] argLine set to -javaagent:/home/runner/.m2/repository/org/jacoco/org.jacoco.agent/0.8.12/org.jacoco.agent-0.8.12-runtime.jar=destfile=/home/runner/work/ozone/ozone/hadoop-ozone/ozonefs-shaded/target/jacoco.exec,includes=org.apache.hadoop.hdds.*:org.apache.hadoop.ozone.*:org.apache.hadoop.fs.ozone.*:org.apache.ozone.*
[INFO] 
[INFO] --- copy-rename:1.0.1:rename (rename-file) @ ozone-filesystem-shaded ---
[INFO] Renamed /home/runner/work/ozone/ozone/hadoop-ozone/ozonefs-shaded/target/classes/META-INF/native/libnetty_resolver_dns_native_macos_x86_64.jnilib to /home/runner/work/ozone/ozone/hadoop-ozone/ozonefs-shaded/target/classes/META-INF/native/liborg_apache_ozone_shaded_org_apache_ratis_thirdparty_netty_resolver_dns_native_macos_x86_64.jnilib
[INFO] Renamed /home/runner/work/ozone/ozone/hadoop-ozone/ozonefs-shaded/target/classes/META-INF/native/libnetty_transport_native_epoll_aarch_64.so to /home/runner/work/ozone/ozone/hadoop-ozone/ozonefs-shaded/target/classes/META-INF/native/liborg_apache_ozone_shaded_org_apache_ratis_thirdparty_netty_transport_native_epoll_aarch_64.so
[INFO] Renamed /home/runner/work/ozone/ozone/hadoop-ozone/ozonefs-shaded/target/classes/META-INF/native/libnetty_transport_native_epoll_x86_64.so to /home/runner/work/ozone/ozone/hadoop-ozone/ozonefs-shaded/target/classes/META-INF/native/liborg_apache_ozone_shaded_org_apache_ratis_thirdparty_netty_transport_native_epoll_x86_64.so
[INFO] Renamed /home/runner/work/ozone/ozone/hadoop-ozone/ozonefs-shaded/target/classes/META-INF/native/libnetty_transport_native_kqueue_x86_64.jnilib to /home/runner/work/ozone/ozone/hadoop-ozone/ozonefs-shaded/target/classes/META-INF/native/liborg_apache_ozone_shaded_org_apache_ratis_thirdparty_netty_transport_native_kqueue_x86_64.jnilib
[INFO] Renamed /home/runner/work/ozone/ozone/hadoop-ozone/ozonefs-shaded/target/classes/META-INF/native/libnetty_tcnative_linux_aarch_64.so to /home/runner/work/ozone/ozone/hadoop-ozone/ozonefs-shaded/target/classes/META-INF/native/liborg_apache_ozone_shaded_org_apache_ratis_thirdparty_netty_tcnative_linux_aarch_64.so
[INFO] Renamed /home/runner/work/ozone/ozone/hadoop-ozone/ozonefs-shaded/target/classes/META-INF/native/libnetty_tcnative_linux_x86_64.so to /home/runner/work/ozone/ozone/hadoop-ozone/ozonefs-shaded/target/classes/META-INF/native/liborg_apache_ozone_shaded_org_apache_ratis_thirdparty_netty_tcnative_linux_x86_64.so
[INFO] Renamed /home/runner/work/ozone/ozone/hadoop-ozone/ozonefs-shaded/target/classes/META-INF/native/libnetty_tcnative_osx_aarch_64.jnilib to /home/runner/work/ozone/ozone/hadoop-ozone/ozonefs-shaded/target/classes/META-INF/native/liborg_apache_ozone_shaded_org_apache_ratis_thirdparty_netty_tcnative_osx_aarch_64.jnilib
[INFO] Renamed /home/runner/work/ozone/ozone/hadoop-ozone/ozonefs-shaded/target/classes/META-INF/native/libnetty_tcnative_osx_x86_64.jnilib to /home/runner/work/ozone/ozone/hadoop-ozone/ozonefs-shaded/target/classes/META-INF/native/liborg_apache_ozone_shaded_org_apache_ratis_thirdparty_libnetty_tcnative_osx_x86_64.jnilib
[INFO] Renamed /home/runner/work/ozone/ozone/hadoop-ozone/ozonefs-shaded/target/classes/META-INF/native/netty_tcnative_windows_x86_64.dll to /home/runner/work/ozone/ozone/hadoop-ozone/ozonefs-shaded/target/classes/META-INF/native/org_apache_ozone_shaded_org_apache_ratis_thirdparty_netty_tcnative_windows_x86_64.dll
[INFO] 
[INFO] --- enforcer:3.5.0:enforce (banned-rocksdb-imports) @ ozone-filesystem-shaded ---
[INFO] Rule 0: org.apache.maven.plugins.enforcer.RestrictImports passed
[INFO] 
[INFO] --- enforcer:3.5.0:enforce (ban-imports) @ ozone-filesystem-shaded ---
[INFO] Rule 0: org.apache.maven.plugins.enforcer.RestrictImports passed
[INFO] Rule 1: org.apache.maven.plugins.enforcer.RestrictImports passed
[INFO] Rule 2: org.apache.maven.plugins.enforcer.RestrictImports passed
[INFO] Rule 3: org.apache.maven.plugins.enforcer.RestrictImports passed
[WARNING] EXPERIMENTAL FEATURE enabled. You have enabled full-compilation-unit parsing. Please be aware that experimental features might get removed or changed. Please share your feedback!
[INFO] Rule 4: org.apache.maven.plugins.enforcer.RestrictImports passed
[INFO] Rule 5: org.apache.maven.plugins.enforcer.RestrictImports passed
[INFO] Rule 6: org.apache.maven.plugins.enforcer.RestrictImports passed
[INFO] Rule 7: org.apache.maven.plugins.enforcer.RestrictImports passed
[INFO] 
[INFO] --- enforcer:3.5.0:enforce (ban-annotations) @ ozone-filesystem-shaded ---
[INFO] Rule 0: org.apache.maven.plugins.enforcer.RestrictImports passed
[INFO] 
[INFO] --- remote-resources:3.3.0:process (default) @ ozone-filesystem-shaded ---
[INFO] Preparing remote bundle org.apache.ozone:ozone-dev-support:2.1.0-SNAPSHOT
[INFO] Copying 2 resources from 1 bundle.
[INFO] 
[INFO] --- resources:3.3.0:resources (default-resources) @ ozone-filesystem-shaded ---
[INFO] skip non existing resourceDirectory /home/runner/work/ozone/ozone/hadoop-ozone/ozonefs-shaded/src/main/resources
[INFO] Copying 2 resources
[INFO] 
[INFO] --- compiler:3.9.0:compile (default-compile) @ ozone-filesystem-shaded ---
[INFO] No sources to compile
[INFO] 
[INFO] --- resources:3.3.0:testResources (default-testResources) @ ozone-filesystem-shaded ---
[INFO] Not copying test resources
[INFO] 
[INFO] --- compiler:3.9.0:testCompile (default-testCompile) @ ozone-filesystem-shaded ---
[INFO] Skipped
[INFO] 
[INFO] --- surefire:3.5.2:test (default-test) @ ozone-filesystem-shaded ---
[INFO] No tests to run.
[INFO] Skipped
[INFO] 
[INFO] --- dependency:3.8.1:build-classpath (add-classpath-descriptor) @ ozone-filesystem-shaded ---
[INFO] Skipping plugin execution
[INFO] 
[INFO] --- dependency:3.8.1:copy-dependencies (copy-jars) @ ozone-filesystem-shaded ---
[INFO] Skipping plugin execution
[INFO] 
[INFO] --- jar:3.4.2:jar (default-jar) @ ozone-filesystem-shaded ---
[INFO] Building jar: /home/runner/work/ozone/ozone/hadoop-ozone/ozonefs-shaded/target/ozone-filesystem-shaded-2.1.0-SNAPSHOT.jar
[INFO] 
[INFO] --- shade:3.6.0:shade (default) @ ozone-filesystem-shaded ---
[INFO] Including com.google.protobuf:protobuf-java:jar:2.5.0 in the shaded jar.
[INFO] Including io.netty:netty-resolver-dns-native-macos:jar:osx-x86_64:4.1.109.Final in the shaded jar.
[INFO] Including io.netty:netty-resolver-dns-classes-macos:jar:4.1.109.Final in the shaded jar.
[INFO] Including io.netty:netty-resolver-dns:jar:4.1.109.Final in the shaded jar.
[INFO] Including io.netty:netty-codec:jar:4.1.109.Final in the shaded jar.
[INFO] Including io.netty:netty-codec-dns:jar:4.1.109.Final in the shaded jar.
[INFO] Including io.netty:netty-tcnative-boringssl-static:jar:2.0.65.Final in the shaded jar.
[INFO] Including io.netty:netty-tcnative-classes:jar:2.0.65.Final in the shaded jar.
[INFO] Including io.netty:netty-tcnative-boringssl-static:jar:linux-x86_64:2.0.65.Final in the shaded jar.
[INFO] Including io.netty:netty-tcnative-boringssl-static:jar:linux-aarch_64:2.0.65.Final in the shaded jar.
[INFO] Including io.netty:netty-tcnative-boringssl-static:jar:osx-x86_64:2.0.65.Final in the shaded jar.
[INFO] Including io.netty:netty-tcnative-boringssl-static:jar:osx-aarch_64:2.0.65.Final in the shaded jar.
[INFO] Including io.netty:netty-tcnative-boringssl-static:jar:windows-x86_64:2.0.65.Final in the shaded jar.
[INFO] Including io.netty:netty-transport-native-epoll:jar:linux-aarch_64:4.1.109.Final in the shaded jar.
[INFO] Including io.netty:netty-common:jar:4.1.109.Final in the shaded jar.
[INFO] Including io.netty:netty-buffer:jar:4.1.109.Final in the shaded jar.
[INFO] Including io.netty:netty-transport:jar:4.1.109.Final in the shaded jar.
[INFO] Including io.netty:netty-resolver:jar:4.1.109.Final in the shaded jar.
[INFO] Including io.netty:netty-transport-native-unix-common:jar:4.1.109.Final in the shaded jar.
[INFO] Including io.netty:netty-transport-classes-epoll:jar:4.1.109.Final in the shaded jar.
[INFO] Including io.netty:netty-transport-native-epoll:jar:linux-x86_64:4.1.109.Final in the shaded jar.
[INFO] Including io.netty:netty-transport-native-kqueue:jar:osx-x86_64:4.1.109.Final in the shaded jar.
[INFO] Including io.netty:netty-transport-classes-kqueue:jar:4.1.109.Final in the shaded jar.
[INFO] Including org.apache.ozone:ozone-filesystem-common:jar:2.1.0-SNAPSHOT in the shaded jar.
[INFO] Including com.google.guava:guava:jar:32.1.3-jre in the shaded jar.
[INFO] Including com.google.guava:failureaccess:jar:1.0.1 in the shaded jar.
[INFO] Including com.google.guava:listenablefuture:jar:9999.0-empty-to-avoid-conflict-with-guava in the shaded jar.
[INFO] Including org.checkerframework:checker-qual:jar:3.37.0 in the shaded jar.
[INFO] Including com.google.errorprone:error_prone_annotations:jar:2.29.2 in the shaded jar.
[INFO] Including com.google.j2objc:j2objc-annotations:jar:2.8 in the shaded jar.
[INFO] Including commons-collections:commons-collections:jar:3.2.2 in the shaded jar.
[INFO] Including io.opentracing:opentracing-api:jar:0.33.0 in the shaded jar.
[INFO] Including io.opentracing:opentracing-util:jar:0.33.0 in the shaded jar.
[INFO] Including io.opentracing:opentracing-noop:jar:0.33.0 in the shaded jar.
[INFO] Including jakarta.annotation:jakarta.annotation-api:jar:2.1.1 in the shaded jar.
[INFO] Including org.apache.commons:commons-lang3:jar:3.17.0 in the shaded jar.
[INFO] Including org.apache.httpcomponents:httpclient:jar:4.5.14 in the shaded jar.
[INFO] Including org.apache.httpcomponents:httpcore:jar:4.4.16 in the shaded jar.
[INFO] Including commons-logging:commons-logging:jar:1.2 in the shaded jar.
[INFO] Including commons-codec:commons-codec:jar:1.17.1 in the shaded jar.
[INFO] Including org.apache.ozone:hdds-client:jar:2.1.0-SNAPSHOT in the shaded jar.
[INFO] Including org.apache.ozone:hdds-erasurecode:jar:2.1.0-SNAPSHOT in the shaded jar.
[INFO] Including org.apache.ratis:ratis-client:jar:3.1.2 in the shaded jar.
[INFO] Including org.apache.ratis:ratis-grpc:jar:3.1.2 in the shaded jar.
[INFO] Including org.apache.ratis:ratis-proto:jar:3.1.2 in the shaded jar.
[INFO] Including org.apache.ratis:ratis-thirdparty-misc:jar:1.0.6 in the shaded jar.
[INFO] Including org.apache.ozone:hdds-common:jar:2.1.0-SNAPSHOT in the shaded jar.
[INFO] Including com.fasterxml.jackson.core:jackson-annotations:jar:2.16.2 in the shaded jar.
[INFO] Including com.fasterxml.jackson.core:jackson-core:jar:2.16.2 in the shaded jar.
[INFO] Including com.fasterxml.jackson.core:jackson-databind:jar:2.16.2 in the shaded jar.
[INFO] Including com.fasterxml.jackson.datatype:jackson-datatype-jsr310:jar:2.16.2 in the shaded jar.
[INFO] Including com.github.stephenc.jcip:jcip-annotations:jar:1.0-1 in the shaded jar.
[INFO] Including commons-io:commons-io:jar:2.18.0 in the shaded jar.
[INFO] Including commons-validator:commons-validator:jar:1.6 in the shaded jar.
[INFO] Including commons-beanutils:commons-beanutils:jar:1.9.4 in the shaded jar.
[INFO] Including commons-digester:commons-digester:jar:1.8.1 in the shaded jar.
[INFO] Including info.picocli:picocli:jar:4.7.5 in the shaded jar.
[INFO] Including io.dropwizard.metrics:metrics-core:jar:3.2.6 in the shaded jar.
[INFO] Including io.grpc:grpc-api:jar:1.58.0 in the shaded jar.
[INFO] Including io.jaegertracing:jaeger-client:jar:1.8.1 in the shaded jar.
[INFO] Including io.jaegertracing:jaeger-thrift:jar:1.8.1 in the shaded jar.
[INFO] Including org.apache.thrift:libthrift:jar:0.15.0 in the shaded jar.
[INFO] Including com.squareup.okhttp3:okhttp:jar:4.12.0 in the shaded jar.
[INFO] Including com.squareup.okio:okio:jar:3.6.0 in the shaded jar.
[INFO] Including com.squareup.okio:okio-jvm:jar:3.6.0 in the shaded jar.
[INFO] Including org.jetbrains.kotlin:kotlin-stdlib-common:jar:1.9.25 in the shaded jar.
[INFO] Including org.jetbrains.kotlin:kotlin-stdlib-jdk8:jar:1.9.25 in the shaded jar.
[INFO] Including org.jetbrains.kotlin:kotlin-stdlib-jdk7:jar:1.9.25 in the shaded jar.
[INFO] Including io.jaegertracing:jaeger-tracerresolver:jar:1.8.1 in the shaded jar.
[INFO] Including io.opentracing.contrib:opentracing-tracerresolver:jar:0.1.8 in the shaded jar.
[INFO] Including io.jaegertracing:jaeger-core:jar:1.8.1 in the shaded jar.
[INFO] Including com.google.code.gson:gson:jar:2.10.1 in the shaded jar.
[INFO] Including jakarta.xml.bind:jakarta.xml.bind-api:jar:2.3.3 in the shaded jar.
[INFO] Including jakarta.activation:jakarta.activation-api:jar:1.2.2 in the shaded jar.
[INFO] Including javax.annotation:javax.annotation-api:jar:1.3.2 in the shaded jar.
[INFO] Including org.apache.ozone:hdds-annotation-processing:jar:2.1.0-SNAPSHOT in the shaded jar.
[INFO] Including org.apache.ozone:hdds-interface-admin:jar:2.1.0-SNAPSHOT in the shaded jar.
[INFO] Including org.apache.ratis:ratis-metrics-dropwizard3:jar:3.1.2 in the shaded jar.
[INFO] Including org.apache.ratis:ratis-metrics-api:jar:3.1.2 in the shaded jar.
[INFO] Including org.apache.ratis:ratis-netty:jar:3.1.2 in the shaded jar.
[INFO] Including org.apache.ratis:ratis-server-api:jar:3.1.2 in the shaded jar.
[INFO] Including org.bouncycastle:bcpkix-jdk18on:jar:1.80 in the shaded jar.
[INFO] Including org.bouncycastle:bcprov-jdk18on:jar:1.80 in the shaded jar.
[INFO] Including org.bouncycastle:bcutil-jdk18on:jar:1.80 in the shaded jar.
[INFO] Including org.jetbrains.kotlin:kotlin-stdlib:jar:1.9.25 in the shaded jar.
[INFO] Including org.jetbrains:annotations:jar:13.0 in the shaded jar.
[INFO] Including org.reflections:reflections:jar:0.10.2 in the shaded jar.
[INFO] Including org.javassist:javassist:jar:3.30.2-GA in the shaded jar.
[INFO] Including org.yaml:snakeyaml:jar:2.0 in the shaded jar.
[INFO] Including org.apache.ozone:hdds-config:jar:2.1.0-SNAPSHOT in the shaded jar.
[INFO] Including org.apache.ozone:hdds-hadoop-dependency-client:jar:2.1.0-SNAPSHOT in the shaded jar.
[INFO] Including com.nimbusds:nimbus-jose-jwt:jar:9.40 in the shaded jar.
[INFO] Including org.apache.ozone:hdds-interface-client:jar:2.1.0-SNAPSHOT in the shaded jar.
[INFO] Including org.apache.ozone:ozone-client:jar:2.1.0-SNAPSHOT in the shaded jar.
[INFO] Including org.apache.ozone:ozone-interface-client:jar:2.1.0-SNAPSHOT in the shaded jar.
[INFO] Including io.grpc:grpc-protobuf:jar:1.58.0 in the shaded jar.
[INFO] Including com.google.api.grpc:proto-google-common-protos:jar:2.22.0 in the shaded jar.
[INFO] Including io.grpc:grpc-protobuf-lite:jar:1.58.0 in the shaded jar.
[INFO] Including org.apache.ozone:ozone-common:jar:2.1.0-SNAPSHOT in the shaded jar.
[INFO] Including io.grpc:grpc-netty:jar:1.58.0 in the shaded jar.
[INFO] Including io.grpc:grpc-core:jar:1.58.0 in the shaded jar.
[INFO] Including com.google.android:annotations:jar:4.1.1.4 in the shaded jar.
[INFO] Including org.codehaus.mojo:animal-sniffer-annotations:jar:1.23 in the shaded jar.
[INFO] Including io.grpc:grpc-context:jar:1.58.0 in the shaded jar.
[INFO] Including io.grpc:grpc-util:jar:1.58.0 in the shaded jar.
[INFO] Including io.perfmark:perfmark-api:jar:0.26.0 in the shaded jar.
[INFO] Including io.grpc:grpc-stub:jar:1.58.0 in the shaded jar.
[INFO] Including io.netty:netty-codec-http2:jar:4.1.109.Final in the shaded jar.
[INFO] Including io.netty:netty-codec-http:jar:4.1.109.Final in the shaded jar.
[INFO] Including io.netty:netty-handler:jar:4.1.109.Final in the shaded jar.
[INFO] Including io.netty:netty-handler-proxy:jar:4.1.109.Final in the shaded jar.
[INFO] Including io.netty:netty-codec-socks:jar:4.1.109.Final in the shaded jar.
[INFO] Including org.apache.ratis:ratis-common:jar:3.1.2 in the shaded jar.
[INFO] Excluding org.xerial.snappy:snappy-java:jar:1.1.10.7 from the shaded jar.
[INFO] Dependency-reduced POM written at: /home/runner/work/ozone/ozone/hadoop-ozone/ozonefs-shaded/dependency-reduced-pom.xml
[WARNING] Discovered module-info.class. Shading will break its strong encapsulation.
[WARNING] Discovered module-info.class. Shading will break its strong encapsulation.
[WARNING] Discovered module-info.class. Shading will break its strong encapsulation.
[WARNING] Discovered module-info.class. Shading will break its strong encapsulation.
[WARNING] netty-codec-4.1.109.Final.jar, ratis-thirdparty-misc-1.0.6.jar define 4 overlapping resources: 
[WARNING]   - META-INF/maven/io.netty/netty-codec/pom.properties
[WARNING]   - META-INF/maven/io.netty/netty-codec/pom.xml
[WARNING]   - META-INF/native-image/io.netty/netty-codec/generated/handlers/reflect-config.json
[WARNING]   - META-INF/native-image/io.netty/netty-codec/native-image.properties
[WARNING] bcpkix-jdk18on-1.80.jar, bcprov-jdk18on-1.80.jar, bcutil-jdk18on-1.80.jar, commons-codec-1.17.1.jar, commons-io-2.18.0.jar, commons-lang3-3.17.0.jar, error_prone_annotations-2.29.2.jar, gson-2.10.1.jar, jackson-core-2.16.2.jar, jackson-databind-2.16.2.jar, jackson-datatype-jsr310-2.16.2.jar, kotlin-stdlib-1.9.25.jar, kotlin-stdlib-jdk7-1.9.25.jar, kotlin-stdlib-jdk8-1.9.25.jar, nimbus-jose-jwt-9.40.jar, picocli-4.7.5.jar, ratis-thirdparty-misc-1.0.6.jar, snakeyaml-2.0.jar define 1 overlapping classes: 
[WARNING]   - META-INF.versions.9.module-info
[WARNING] netty-codec-http-4.1.109.Final.jar, ratis-thirdparty-misc-1.0.6.jar define 4 overlapping resources: 
[WARNING]   - META-INF/maven/io.netty/netty-codec-http/pom.properties
[WARNING]   - META-INF/maven/io.netty/netty-codec-http/pom.xml
[WARNING]   - META-INF/native-image/io.netty/netty-codec-http/generated/handlers/reflect-config.json
[WARNING]   - META-INF/native-image/io.netty/netty-codec-http/native-image.properties
[WARNING] netty-transport-4.1.109.Final.jar, ratis-thirdparty-misc-1.0.6.jar define 4 overlapping resources: 
[WARNING]   - META-INF/maven/io.netty/netty-transport/pom.properties
[WARNING]   - META-INF/maven/io.netty/netty-transport/pom.xml
[WARNING]   - META-INF/native-image/io.netty/netty-transport/generated/handlers/reflect-config.json
[WARNING]   - META-INF/native-image/io.netty/netty-transport/reflect-config.json
[WARNING] httpclient-4.5.14.jar, httpcore-4.4.16.jar, ratis-client-3.1.2.jar, ratis-common-3.1.2.jar, ratis-grpc-3.1.2.jar, ratis-metrics-api-3.1.2.jar, ratis-metrics-dropwizard3-3.1.2.jar, ratis-netty-3.1.2.jar, ratis-proto-3.1.2.jar, ratis-server-api-3.1.2.jar, ratis-thirdparty-misc-1.0.6.jar define 1 overlapping resource: 
[WARNING]   - META-INF/DEPENDENCIES
[WARNING] netty-transport-native-unix-common-4.1.109.Final.jar, ratis-thirdparty-misc-1.0.6.jar define 2 overlapping resources: 
[WARNING]   - META-INF/maven/io.netty/netty-transport-native-unix-common/pom.properties
[WARNING]   - META-INF/maven/io.netty/netty-transport-native-unix-common/pom.xml
[WARNING] bcpkix-jdk18on-1.80.jar, bcprov-jdk18on-1.80.jar, bcutil-jdk18on-1.80.jar define 1 overlapping resource: 
[WARNING]   - META-INF/versions/9/OSGI-INF/MANIFEST.MF
[WARNING] netty-transport-classes-epoll-4.1.109.Final.jar, ratis-thirdparty-misc-1.0.6.jar define 6 overlapping resources: 
[WARNING]   - META-INF/maven/io.netty/netty-transport-classes-epoll/pom.properties
[WARNING]   - META-INF/maven/io.netty/netty-transport-classes-epoll/pom.xml
[WARNING]   - META-INF/native-image/io.netty/netty-transport-classes-epoll/jni-config.json
[WARNING]   - META-INF/native-image/io.netty/netty-transport-classes-epoll/native-image.properties
[WARNING]   - META-INF/native-image/io.netty/netty-transport-classes-epoll/reflect-config.json
[WARNING]   - META-INF/native-image/io.netty/netty-transport-classes-epoll/resource-config.json
[WARNING] ratis-client-3.1.2.jar, ratis-common-3.1.2.jar, ratis-grpc-3.1.2.jar, ratis-metrics-api-3.1.2.jar, ratis-metrics-dropwizard3-3.1.2.jar, ratis-netty-3.1.2.jar, ratis-proto-3.1.2.jar, ratis-server-api-3.1.2.jar define 1 overlapping resource: 
[WARNING]   - ratis-version.properties
[WARNING] annotations-4.1.1.4.jar, ratis-thirdparty-misc-1.0.6.jar define 2 overlapping resources: 
[WARNING]   - META-INF/maven/com.google.android/annotations/pom.properties
[WARNING]   - META-INF/maven/com.google.android/annotations/pom.xml
[WARNING] checker-qual-3.37.0.jar, commons-beanutils-1.9.4.jar, commons-codec-1.17.1.jar, commons-collections-3.2.2.jar, commons-digester-1.8.1.jar, commons-io-2.18.0.jar, commons-lang3-3.17.0.jar, commons-logging-1.2.jar, commons-validator-1.6.jar, hdds-annotation-processing-2.1.0-SNAPSHOT.jar, hdds-client-2.1.0-SNAPSHOT.jar, hdds-common-2.1.0-SNAPSHOT.jar, hdds-config-2.1.0-SNAPSHOT.jar, hdds-erasurecode-2.1.0-SNAPSHOT.jar, hdds-hadoop-dependency-client-2.1.0-SNAPSHOT.jar, hdds-interface-admin-2.1.0-SNAPSHOT.jar, hdds-interface-client-2.1.0-SNAPSHOT.jar, javax.annotation-api-1.3.2.jar, libthrift-0.15.0.jar, netty-tcnative-boringssl-static-2.0.65.Final-linux-aarch_64.jar, netty-tcnative-boringssl-static-2.0.65.Final-linux-x86_64.jar, netty-tcnative-boringssl-static-2.0.65.Final-osx-aarch_64.jar, netty-tcnative-boringssl-static-2.0.65.Final-osx-x86_64.jar, netty-tcnative-boringssl-static-2.0.65.Final-windows-x86_64.jar, ozone-client-2.1.0-SNAPSHOT.jar, ozone-common-2.1.0-SNAPSHOT.jar, ozone-filesystem-common-2.1.0-SNAPSHOT.jar, ozone-filesystem-shaded-2.1.0-SNAPSHOT.jar, ozone-interface-client-2.1.0-SNAPSHOT.jar, ratis-thirdparty-misc-1.0.6.jar define 1 overlapping resource: 
[WARNING]   - META-INF/LICENSE.txt
[WARNING] listenablefuture-9999.0-empty-to-avoid-conflict-with-guava.jar, ratis-thirdparty-misc-1.0.6.jar define 2 overlapping resources: 
[WARNING]   - META-INF/maven/com.google.guava/listenablefuture/pom.properties
[WARNING]   - META-INF/maven/com.google.guava/listenablefuture/pom.xml
[WARNING] netty-handler-4.1.109.Final.jar, ratis-thirdparty-misc-1.0.6.jar define 4 overlapping resources: 
[WARNING]   - META-INF/maven/io.netty/netty-handler/pom.properties
[WARNING]   - META-INF/maven/io.netty/netty-handler/pom.xml
[WARNING]   - META-INF/native-image/io.netty/netty-handler/generated/handlers/reflect-config.json
[WARNING]   - META-INF/native-image/io.netty/netty-handler/native-image.properties
[WARNING] jcip-annotations-1.0-1.jar, nimbus-jose-jwt-9.40.jar define 2 overlapping resources: 
[WARNING]   - META-INF/maven/com.github.stephenc.jcip/jcip-annotations/pom.properties
[WARNING]   - META-INF/maven/com.github.stephenc.jcip/jcip-annotations/pom.xml
[WARNING] guava-32.1.3-jre.jar, ratis-thirdparty-misc-1.0.6.jar define 10 overlapping resources: 
[WARNING]   - META-INF/maven/com.google.guava/guava/pom.properties
[WARNING]   - META-INF/maven/com.google.guava/guava/pom.xml
[WARNING]   - META-INF/proguard/base.pro
[WARNING]   - META-INF/proguard/cache.pro
[WARNING]   - META-INF/proguard/collect.pro
[WARNING]   - META-INF/proguard/concurrent.pro
[WARNING]   - META-INF/proguard/hash.pro
[WARNING]   - META-INF/proguard/io.pro
[WARNING]   - META-INF/proguard/primitives.pro
[WARNING]   - META-INF/proguard/reflect.pro
[WARNING] gson-2.10.1.jar, nimbus-jose-jwt-9.40.jar, ratis-thirdparty-misc-1.0.6.jar define 2 overlapping resources: 
[WARNING]   - META-INF/maven/com.google.code.gson/gson/pom.properties
[WARNING]   - META-INF/maven/com.google.code.gson/gson/pom.xml
[WARNING] netty-transport-native-kqueue-4.1.109.Final-osx-x86_64.jar, ratis-thirdparty-misc-1.0.6.jar define 2 overlapping resources: 
[WARNING]   - META-INF/maven/io.netty/netty-transport-native-kqueue/pom.properties
[WARNING]   - META-INF/maven/io.netty/netty-transport-native-kqueue/pom.xml
[WARNING] guava-32.1.3-jre.jar, httpclient-4.5.14.jar, httpcore-4.4.16.jar, jackson-annotations-2.16.2.jar, jackson-core-2.16.2.jar, jackson-databind-2.16.2.jar, jackson-datatype-jsr310-2.16.2.jar, ratis-client-3.1.2.jar, ratis-common-3.1.2.jar, ratis-grpc-3.1.2.jar, ratis-metrics-api-3.1.2.jar, ratis-metrics-dropwizard3-3.1.2.jar, ratis-netty-3.1.2.jar, ratis-proto-3.1.2.jar, ratis-server-api-3.1.2.jar, ratis-thirdparty-misc-1.0.6.jar define 1 overlapping resource: 
[WARNING]   - META-INF/LICENSE
[WARNING] netty-buffer-4.1.109.Final.jar, ratis-thirdparty-misc-1.0.6.jar define 3 overlapping resources: 
[WARNING]   - META-INF/maven/io.netty/netty-buffer/pom.properties
[WARNING]   - META-INF/maven/io.netty/netty-buffer/pom.xml
[WARNING]   - META-INF/native-image/io.netty/netty-buffer/native-image.properties
[WARNING] netty-resolver-4.1.109.Final.jar, ratis-thirdparty-misc-1.0.6.jar define 2 overlapping resources: 
[WARNING]   - META-INF/maven/io.netty/netty-resolver/pom.properties
[WARNING]   - META-INF/maven/io.netty/netty-resolver/pom.xml
[WARNING] netty-resolver-dns-4.1.109.Final.jar, ratis-thirdparty-misc-1.0.6.jar define 4 overlapping resources: 
[WARNING]   - META-INF/maven/io.netty/netty-resolver-dns/pom.properties
[WARNING]   - META-INF/maven/io.netty/netty-resolver-dns/pom.xml
[WARNING]   - META-INF/native-image/io.netty/netty-resolver-dns/generated/handlers/reflect-config.json
[WARNING]   - META-INF/native-image/io.netty/netty-resolver-dns/native-image.properties
[WARNING] netty-resolver-dns-classes-macos-4.1.109.Final.jar, ratis-thirdparty-misc-1.0.6.jar define 2 overlapping resources: 
[WARNING]   - META-INF/maven/io.netty/netty-resolver-dns-classes-macos/pom.properties
[WARNING]   - META-INF/maven/io.netty/netty-resolver-dns-classes-macos/pom.xml
[WARNING] netty-resolver-dns-native-macos-4.1.109.Final-osx-x86_64.jar, ratis-thirdparty-misc-1.0.6.jar define 2 overlapping resources: 
[WARNING]   - META-INF/maven/io.netty/netty-resolver-dns-native-macos/pom.properties
[WARNING]   - META-INF/maven/io.netty/netty-resolver-dns-native-macos/pom.xml
[WARNING] httpclient-4.5.14.jar, httpcore-4.4.16.jar, jackson-annotations-2.16.2.jar, jackson-core-2.16.2.jar, jackson-databind-2.16.2.jar, jackson-datatype-jsr310-2.16.2.jar, ratis-client-3.1.2.jar, ratis-common-3.1.2.jar, ratis-grpc-3.1.2.jar, ratis-metrics-api-3.1.2.jar, ratis-metrics-dropwizard3-3.1.2.jar, ratis-netty-3.1.2.jar, ratis-proto-3.1.2.jar, ratis-server-api-3.1.2.jar, ratis-thirdparty-misc-1.0.6.jar define 1 overlapping resource: 
[WARNING]   - META-INF/NOTICE
[WARNING] animal-sniffer-annotations-1.23.jar, annotations-13.0.jar, annotations-4.1.1.4.jar, bcpkix-jdk18on-1.80.jar, bcprov-jdk18on-1.80.jar, bcutil-jdk18on-1.80.jar, checker-qual-3.37.0.jar, commons-beanutils-1.9.4.jar, commons-codec-1.17.1.jar, commons-collections-3.2.2.jar, commons-digester-1.8.1.jar, commons-io-2.18.0.jar, commons-lang3-3.17.0.jar, commons-logging-1.2.jar, commons-validator-1.6.jar, error_prone_annotations-2.29.2.jar, failureaccess-1.0.1.jar, grpc-api-1.58.0.jar, grpc-context-1.58.0.jar, grpc-core-1.58.0.jar, grpc-netty-1.58.0.jar, grpc-protobuf-1.58.0.jar, grpc-protobuf-lite-1.58.0.jar, grpc-stub-1.58.0.jar, grpc-util-1.58.0.jar, gson-2.10.1.jar, guava-32.1.3-jre.jar, hdds-annotation-processing-2.1.0-SNAPSHOT.jar, hdds-client-2.1.0-SNAPSHOT.jar, hdds-common-2.1.0-SNAPSHOT.jar, hdds-config-2.1.0-SNAPSHOT.jar, hdds-erasurecode-2.1.0-SNAPSHOT.jar, hdds-hadoop-dependency-client-2.1.0-SNAPSHOT.jar, hdds-interface-admin-2.1.0-SNAPSHOT.jar, hdds-interface-client-2.1.0-SNAPSHOT.jar, httpclient-4.5.14.jar, httpcore-4.4.16.jar, j2objc-annotations-2.8.jar, jackson-annotations-2.16.2.jar, jackson-core-2.16.2.jar, jackson-databind-2.16.2.jar, jackson-datatype-jsr310-2.16.2.jar, jaeger-client-1.8.1.jar, jaeger-core-1.8.1.jar, jaeger-thrift-1.8.1.jar, jaeger-tracerresolver-1.8.1.jar, jakarta.activation-api-1.2.2.jar, jakarta.annotation-api-2.1.1.jar, jakarta.xml.bind-api-2.3.3.jar, javassist-3.30.2-GA.jar, javax.annotation-api-1.3.2.jar, jcip-annotations-1.0-1.jar, kotlin-stdlib-1.9.25.jar, kotlin-stdlib-common-1.9.25.jar, kotlin-stdlib-jdk7-1.9.25.jar, kotlin-stdlib-jdk8-1.9.25.jar, libthrift-0.15.0.jar, listenablefuture-9999.0-empty-to-avoid-conflict-with-guava.jar, metrics-core-3.2.6.jar, netty-buffer-4.1.109.Final.jar, netty-codec-4.1.109.Final.jar, netty-codec-dns-4.1.109.Final.jar, netty-codec-http-4.1.109.Final.jar, netty-codec-http2-4.1.109.Final.jar, netty-codec-socks-4.1.109.Final.jar, netty-common-4.1.109.Final.jar, netty-handler-4.1.109.Final.jar, netty-handler-proxy-4.1.109.Final.jar, netty-resolver-4.1.109.Final.jar, netty-resolver-dns-4.1.109.Final.jar, netty-resolver-dns-classes-macos-4.1.109.Final.jar, netty-resolver-dns-native-macos-4.1.109.Final-osx-x86_64.jar, netty-tcnative-boringssl-static-2.0.65.Final-linux-aarch_64.jar, netty-tcnative-boringssl-static-2.0.65.Final-linux-x86_64.jar, netty-tcnative-boringssl-static-2.0.65.Final-osx-aarch_64.jar, netty-tcnative-boringssl-static-2.0.65.Final-osx-x86_64.jar, netty-tcnative-boringssl-static-2.0.65.Final-windows-x86_64.jar, netty-tcnative-boringssl-static-2.0.65.Final.jar, netty-tcnative-classes-2.0.65.Final.jar, netty-transport-4.1.109.Final.jar, netty-transport-classes-epoll-4.1.109.Final.jar, netty-transport-classes-kqueue-4.1.109.Final.jar, netty-transport-native-epoll-4.1.109.Final-linux-aarch_64.jar, netty-transport-native-epoll-4.1.109.Final-linux-x86_64.jar, netty-transport-native-kqueue-4.1.109.Final-osx-x86_64.jar, netty-transport-native-unix-common-4.1.109.Final.jar, nimbus-jose-jwt-9.40.jar, okhttp-4.12.0.jar, okio-3.6.0.jar, okio-jvm-3.6.0.jar, opentracing-api-0.33.0.jar, opentracing-noop-0.33.0.jar, opentracing-tracerresolver-0.1.8.jar, opentracing-util-0.33.0.jar, ozone-client-2.1.0-SNAPSHOT.jar, ozone-common-2.1.0-SNAPSHOT.jar, ozone-filesystem-common-2.1.0-SNAPSHOT.jar, ozone-filesystem-shaded-2.1.0-SNAPSHOT.jar, ozone-interface-client-2.1.0-SNAPSHOT.jar, perfmark-api-0.26.0.jar, picocli-4.7.5.jar, proto-google-common-protos-2.22.0.jar, protobuf-java-2.5.0.jar, ratis-client-3.1.2.jar, ratis-common-3.1.2.jar, ratis-grpc-3.1.2.jar, ratis-metrics-api-3.1.2.jar, ratis-metrics-dropwizard3-3.1.2.jar, ratis-netty-3.1.2.jar, ratis-proto-3.1.2.jar, ratis-server-api-3.1.2.jar, ratis-thirdparty-misc-1.0.6.jar, reflections-0.10.2.jar, snakeyaml-2.0.jar define 1 overlapping resource: 
[WARNING]   - META-INF/MANIFEST.MF
[WARNING] netty-buffer-4.1.109.Final.jar, netty-codec-4.1.109.Final.jar, netty-codec-dns-4.1.109.Final.jar, netty-codec-http-4.1.109.Final.jar, netty-codec-http2-4.1.109.Final.jar, netty-codec-socks-4.1.109.Final.jar, netty-common-4.1.109.Final.jar, netty-handler-4.1.109.Final.jar, netty-handler-proxy-4.1.109.Final.jar, netty-resolver-4.1.109.Final.jar, netty-resolver-dns-4.1.109.Final.jar, netty-resolver-dns-classes-macos-4.1.109.Final.jar, netty-resolver-dns-native-macos-4.1.109.Final-osx-x86_64.jar, netty-transport-4.1.109.Final.jar, netty-transport-classes-epoll-4.1.109.Final.jar, netty-transport-classes-kqueue-4.1.109.Final.jar, netty-transport-native-epoll-4.1.109.Final-linux-aarch_64.jar, netty-transport-native-epoll-4.1.109.Final-linux-x86_64.jar, netty-transport-native-kqueue-4.1.109.Final-osx-x86_64.jar, netty-transport-native-unix-common-4.1.109.Final.jar, ratis-thirdparty-misc-1.0.6.jar define 1 overlapping resource: 
[WARNING]   - META-INF/io.netty.versions.properties
[WARNING] netty-transport-classes-kqueue-4.1.109.Final.jar, ratis-thirdparty-misc-1.0.6.jar define 2 overlapping resources: 
[WARNING]   - META-INF/maven/io.netty/netty-transport-classes-kqueue/pom.properties
[WARNING]   - META-INF/maven/io.netty/netty-transport-classes-kqueue/pom.xml
[WARNING] hdds-interface-admin-2.1.0-SNAPSHOT.jar, hdds-interface-client-2.1.0-SNAPSHOT.jar, ozone-interface-client-2.1.0-SNAPSHOT.jar define 1 overlapping resource: 
[WARNING]   - proto.lock
[WARNING] netty-tcnative-boringssl-static-2.0.65.Final-linux-aarch_64.jar, netty-tcnative-boringssl-static-2.0.65.Final-linux-x86_64.jar, netty-tcnative-boringssl-static-2.0.65.Final-osx-aarch_64.jar, netty-tcnative-boringssl-static-2.0.65.Final-osx-x86_64.jar, netty-tcnative-boringssl-static-2.0.65.Final-windows-x86_64.jar, netty-tcnative-boringssl-static-2.0.65.Final.jar, ratis-thirdparty-misc-1.0.6.jar define 2 overlapping resources: 
[WARNING]   - META-INF/maven/io.netty/netty-tcnative-boringssl-static/pom.properties
[WARNING]   - META-INF/maven/io.netty/netty-tcnative-boringssl-static/pom.xml
[WARNING] netty-tcnative-boringssl-static-2.0.65.Final-linux-aarch_64.jar, netty-tcnative-boringssl-static-2.0.65.Final-linux-x86_64.jar, netty-tcnative-boringssl-static-2.0.65.Final-osx-aarch_64.jar, netty-tcnative-boringssl-static-2.0.65.Final-osx-x86_64.jar, netty-tcnative-boringssl-static-2.0.65.Final-windows-x86_64.jar, ratis-thirdparty-misc-1.0.6.jar define 4 overlapping resources: 
[WARNING]   - META-INF/license/LICENSE.aix-netbsd.txt
[WARNING]   - META-INF/license/LICENSE.boringssl.txt
[WARNING]   - META-INF/license/LICENSE.mvn-wrapper.txt
[WARNING]   - META-INF/license/LICENSE.tomcat-native.txt
[WARNING] netty-codec-dns-4.1.109.Final.jar, ratis-thirdparty-misc-1.0.6.jar define 3 overlapping resources: 
[WARNING]   - META-INF/maven/io.netty/netty-codec-dns/pom.properties
[WARNING]   - META-INF/maven/io.netty/netty-codec-dns/pom.xml
[WARNING]   - META-INF/native-image/io.netty/netty-codec-dns/generated/handlers/reflect-config.json
[WARNING] failureaccess-1.0.1.jar, ratis-thirdparty-misc-1.0.6.jar define 2 overlapping resources: 
[WARNING]   - META-INF/maven/com.google.guava/failureaccess/pom.properties
[WARNING]   - META-INF/maven/com.google.guava/failureaccess/pom.xml
[WARNING] okio-3.6.0.jar, okio-jvm-3.6.0.jar define 1 overlapping resource: 
[WARNING]   - META-INF/okio.kotlin_module
[WARNING] jakarta.activation-api-1.2.2.jar, jakarta.annotation-api-2.1.1.jar, jakarta.xml.bind-api-2.3.3.jar define 2 overlapping resources: 
[WARNING]   - META-INF/LICENSE.md
[WARNING]   - META-INF/NOTICE.md
[WARNING] netty-codec-http2-4.1.109.Final.jar, ratis-thirdparty-misc-1.0.6.jar define 4 overlapping resources: 
[WARNING]   - META-INF/maven/io.netty/netty-codec-http2/pom.properties
[WARNING]   - META-INF/maven/io.netty/netty-codec-http2/pom.xml
[WARNING]   - META-INF/native-image/io.netty/netty-codec-http2/generated/handlers/reflect-config.json
[WARNING]   - META-INF/native-image/io.netty/netty-codec-http2/native-image.properties
[WARNING] commons-beanutils-1.9.4.jar, commons-codec-1.17.1.jar, commons-collections-3.2.2.jar, commons-digester-1.8.1.jar, commons-io-2.18.0.jar, commons-lang3-3.17.0.jar, commons-logging-1.2.jar, commons-validator-1.6.jar, hdds-annotation-processing-2.1.0-SNAPSHOT.jar, hdds-client-2.1.0-SNAPSHOT.jar, hdds-common-2.1.0-SNAPSHOT.jar, hdds-config-2.1.0-SNAPSHOT.jar, hdds-erasurecode-2.1.0-SNAPSHOT.jar, hdds-hadoop-dependency-client-2.1.0-SNAPSHOT.jar, hdds-interface-admin-2.1.0-SNAPSHOT.jar, hdds-interface-client-2.1.0-SNAPSHOT.jar, libthrift-0.15.0.jar, netty-tcnative-boringssl-static-2.0.65.Final-linux-aarch_64.jar, netty-tcnative-boringssl-static-2.0.65.Final-linux-x86_64.jar, netty-tcnative-boringssl-static-2.0.65.Final-osx-aarch_64.jar, netty-tcnative-boringssl-static-2.0.65.Final-osx-x86_64.jar, netty-tcnative-boringssl-static-2.0.65.Final-windows-x86_64.jar, ozone-client-2.1.0-SNAPSHOT.jar, ozone-common-2.1.0-SNAPSHOT.jar, ozone-filesystem-common-2.1.0-SNAPSHOT.jar, ozone-filesystem-shaded-2.1.0-SNAPSHOT.jar, ozone-interface-client-2.1.0-SNAPSHOT.jar, ratis-thirdparty-misc-1.0.6.jar define 1 overlapping resource: 
[WARNING]   - META-INF/NOTICE.txt
[WARNING] metrics-core-3.2.6.jar, ratis-thirdparty-misc-1.0.6.jar define 2 overlapping resources: 
[WARNING]   - META-INF/maven/io.dropwizard.metrics/metrics-core/pom.properties
[WARNING]   - META-INF/maven/io.dropwizard.metrics/metrics-core/pom.xml
[WARNING] netty-tcnative-classes-2.0.65.Final.jar, ratis-thirdparty-misc-1.0.6.jar define 2 overlapping resources: 
[WARNING]   - META-INF/maven/io.netty/netty-tcnative-classes/pom.properties
[WARNING]   - META-INF/maven/io.netty/netty-tcnative-classes/pom.xml
[WARNING] netty-common-4.1.109.Final.jar, ratis-thirdparty-misc-1.0.6.jar define 5 overlapping resources: 
[WARNING]   - META-INF/maven/io.netty/netty-common/pom.properties
[WARNING]   - META-INF/maven/io.netty/netty-common/pom.xml
[WARNING]   - META-INF/maven/org.jctools/jctools-core/pom.properties
[WARNING]   - META-INF/maven/org.jctools/jctools-core/pom.xml
[WARNING]   - META-INF/native-image/io.netty/netty-common/native-image.properties
[WARNING] netty-transport-native-epoll-4.1.109.Final-linux-aarch_64.jar, netty-transport-native-epoll-4.1.109.Final-linux-x86_64.jar, ratis-thirdparty-misc-1.0.6.jar define 2 overlapping resources: 
[WARNING]   - META-INF/maven/io.netty/netty-transport-native-epoll/pom.properties
[WARNING]   - META-INF/maven/io.netty/netty-transport-native-epoll/pom.xml
[WARNING] maven-shade-plugin has detected that some files are
[WARNING] present in two or more JARs. When this happens, only one
[WARNING] single version of the file is copied to the uber jar.
[WARNING] Usually this is not harmful and you can skip these warnings,
[WARNING] otherwise try to manually exclude artifacts based on
[WARNING] mvn dependency:tree -Ddetail=true and the above output.
[WARNING] See https://maven.apache.org/plugins/maven-shade-plugin/
[INFO] Replacing original artifact with shaded artifact.
[INFO] Replacing /home/runner/work/ozone/ozone/hadoop-ozone/ozonefs-shaded/target/ozone-filesystem-shaded-2.1.0-SNAPSHOT.jar with /home/runner/work/ozone/ozone/hadoop-ozone/ozonefs-shaded/target/ozone-filesystem-shaded-2.1.0-SNAPSHOT-shaded.jar
[INFO] 
[INFO] --- jar:3.4.2:test-jar (default) @ ozone-filesystem-shaded ---
[INFO] Skipping packaging of the test-jar
[INFO] 
[INFO] --- dependency:3.8.1:analyze-only (analyze) @ ozone-filesystem-shaded ---
[WARNING] Unused declared dependencies found:
[WARNING]    io.netty:netty-transport-native-epoll:jar:linux-aarch_64:4.1.109.Final:compile
[WARNING]    io.netty:netty-transport-native-kqueue:jar:osx-x86_64:4.1.109.Final:compile
[WARNING]    com.google.protobuf:protobuf-java:jar:2.5.0:compile
[WARNING]    io.netty:netty-tcnative-boringssl-static:jar:2.0.65.Final:compile
[WARNING]    io.netty:netty-transport-native-epoll:jar:linux-x86_64:4.1.109.Final:compile
[WARNING]    io.netty:netty-resolver-dns-native-macos:jar:osx-x86_64:4.1.109.Final:compile
[WARNING]    org.apache.ozone:ozone-filesystem-common:jar:2.1.0-SNAPSHOT:compile
[INFO] 
[INFO] -------------< org.apache.ozone:ozone-filesystem-hadoop2 >--------------
[INFO] Building Apache Ozone FS Hadoop 2.x compatibility 2.1.0-SNAPSHOT [44/53]
[INFO]   from hadoop-ozone/ozonefs-hadoop2/pom.xml
[INFO] --------------------------------[ jar ]---------------------------------
[INFO] 
[INFO] --- antrun:3.1.0:run (create-testdirs) @ ozone-filesystem-hadoop2 ---
[INFO] Executing tasks
[INFO]     [mkdir] Created dir: /home/runner/work/ozone/ozone/hadoop-ozone/ozonefs-hadoop2/target/test-dir
[INFO] Executed tasks
[INFO] 
[INFO] --- sortpom:3.0.1:verify (default) @ ozone-filesystem-hadoop2 ---
[INFO] Verifying file /home/runner/work/ozone/ozone/hadoop-ozone/ozonefs-hadoop2/pom.xml
[INFO] 
[INFO] --- jacoco:0.8.12:prepare-agent (default-prepare-agent) @ ozone-filesystem-hadoop2 ---
[INFO] argLine set to -javaagent:/home/runner/.m2/repository/org/jacoco/org.jacoco.agent/0.8.12/org.jacoco.agent-0.8.12-runtime.jar=destfile=/home/runner/work/ozone/ozone/hadoop-ozone/ozonefs-hadoop2/target/jacoco.exec,includes=org.apache.hadoop.hdds.*:org.apache.hadoop.ozone.*:org.apache.hadoop.fs.ozone.*:org.apache.ozone.*
[INFO] 
[INFO] --- enforcer:3.5.0:enforce (banned-rocksdb-imports) @ ozone-filesystem-hadoop2 ---
[INFO] Rule 0: org.apache.maven.plugins.enforcer.RestrictImports passed
[INFO] 
[INFO] --- enforcer:3.5.0:enforce (ban-imports) @ ozone-filesystem-hadoop2 ---
[INFO] Rule 0: org.apache.maven.plugins.enforcer.RestrictImports passed
[INFO] Rule 1: org.apache.maven.plugins.enforcer.RestrictImports passed
[INFO] Rule 2: org.apache.maven.plugins.enforcer.RestrictImports passed
[INFO] Rule 3: org.apache.maven.plugins.enforcer.RestrictImports passed
[WARNING] EXPERIMENTAL FEATURE enabled. You have enabled full-compilation-unit parsing. Please be aware that experimental features might get removed or changed. Please share your feedback!
[INFO] Rule 4: org.apache.maven.plugins.enforcer.RestrictImports passed
[INFO] Rule 5: org.apache.maven.plugins.enforcer.RestrictImports passed
[INFO] Rule 6: org.apache.maven.plugins.enforcer.RestrictImports passed
[INFO] Rule 7: org.apache.maven.plugins.enforcer.RestrictImports passed
[INFO] 
[INFO] --- enforcer:3.5.0:enforce (ban-annotations) @ ozone-filesystem-hadoop2 ---
[INFO] Rule 0: org.apache.maven.plugins.enforcer.RestrictImports passed
[INFO] 
[INFO] --- remote-resources:3.3.0:process (default) @ ozone-filesystem-hadoop2 ---
[INFO] Preparing remote bundle org.apache.ozone:ozone-dev-support:2.1.0-SNAPSHOT
[INFO] Copying 2 resources from 1 bundle.
[INFO] 
[INFO] --- resources:3.3.0:resources (default-resources) @ ozone-filesystem-hadoop2 ---
[INFO] Copying 2 resources
[INFO] Copying 2 resources
[INFO] 
[INFO] --- compiler:3.9.0:compile (default-compile) @ ozone-filesystem-hadoop2 ---
[INFO] Compiling 7 source files to /home/runner/work/ozone/ozone/hadoop-ozone/ozonefs-hadoop2/target/classes
[INFO] /home/runner/work/ozone/ozone/hadoop-ozone/ozonefs-hadoop2/src/main/java/org/apache/hadoop/fs/ozone/Hadoop27RpcTransport.java: /home/runner/work/ozone/ozone/hadoop-ozone/ozonefs-hadoop2/src/main/java/org/apache/hadoop/fs/ozone/Hadoop27RpcTransport.java uses unchecked or unsafe operations.
[INFO] /home/runner/work/ozone/ozone/hadoop-ozone/ozonefs-hadoop2/src/main/java/org/apache/hadoop/fs/ozone/Hadoop27RpcTransport.java: Recompile with -Xlint:unchecked for details.
[INFO] 
[INFO] --- resources:3.3.0:testResources (default-testResources) @ ozone-filesystem-hadoop2 ---
[INFO] skip non existing resourceDirectory /home/runner/work/ozone/ozone/hadoop-ozone/ozonefs-hadoop2/src/test/resources
[INFO] Copying 2 resources
[INFO] 
[INFO] --- compiler:3.9.0:testCompile (default-testCompile) @ ozone-filesystem-hadoop2 ---
[INFO] Compiling 1 source file to /home/runner/work/ozone/ozone/hadoop-ozone/ozonefs-hadoop2/target/test-classes
[INFO] 
[INFO] --- surefire:3.5.2:test (default-test) @ ozone-filesystem-hadoop2 ---
[INFO] Using auto detected provider org.apache.maven.surefire.junitplatform.JUnitPlatformProvider
[INFO] Using auto detected provider org.apache.maven.surefire.junitplatform.JUnitPlatformProvider
[INFO] Using auto detected provider org.apache.maven.surefire.junitplatform.JUnitPlatformProvider
[INFO] 
[INFO] -------------------------------------------------------
[INFO]  T E S T S
[INFO] -------------------------------------------------------
[INFO] 
[INFO] Results:
[INFO] 
[INFO] Tests run: 0, Failures: 0, Errors: 0, Skipped: 0
[INFO] 
[INFO] 
[INFO] --- dependency:3.8.1:build-classpath (add-classpath-descriptor) @ ozone-filesystem-hadoop2 ---
[INFO] Skipping plugin execution
[INFO] 
[INFO] --- dependency:3.8.1:copy-dependencies (copy-jars) @ ozone-filesystem-hadoop2 ---
[INFO] Skipping plugin execution
[INFO] 
[INFO] --- dependency:3.8.1:unpack (include-dependencies) @ ozone-filesystem-hadoop2 ---
[INFO] Configured Artifact: org.apache.ozone:ozone-filesystem-shaded:2.1.0-SNAPSHOT:jar
[INFO] 
[INFO] --- jar:3.4.2:jar (default-jar) @ ozone-filesystem-hadoop2 ---
[INFO] Building jar: /home/runner/work/ozone/ozone/hadoop-ozone/ozonefs-hadoop2/target/ozone-filesystem-hadoop2-2.1.0-SNAPSHOT.jar
[INFO] 
[INFO] --- jar:3.4.2:test-jar (default) @ ozone-filesystem-hadoop2 ---
[INFO] Building jar: /home/runner/work/ozone/ozone/hadoop-ozone/ozonefs-hadoop2/target/ozone-filesystem-hadoop2-2.1.0-SNAPSHOT-tests.jar
[INFO] 
[INFO] --- dependency:3.8.1:analyze-only (analyze) @ ozone-filesystem-hadoop2 ---
[WARNING] Used undeclared dependencies found:
[WARNING]    com.google.code.findbugs:jsr305:jar:3.0.2:provided
[WARNING]    javax.annotation:javax.annotation-api:jar:1.3.2:compile
[WARNING]    org.slf4j:slf4j-api:jar:2.0.17:compile
[WARNING]    javax.servlet:servlet-api:jar:2.5:provided
[WARNING]    com.google.android:annotations:jar:4.1.1.4:runtime
[WARNING]    org.apache.hadoop:hadoop-hdfs-client:jar:3.4.1:compile
[WARNING]    org.apache.hadoop.thirdparty:hadoop-shaded-protobuf_3_25:jar:1.4.0:compile
[INFO] 
[INFO] -------------< org.apache.ozone:ozone-filesystem-hadoop3 >--------------
[INFO] Building Apache Ozone FS Hadoop 3.x compatibility 2.1.0-SNAPSHOT [45/53]
[INFO]   from hadoop-ozone/ozonefs-hadoop3/pom.xml
[INFO] --------------------------------[ jar ]---------------------------------
[INFO] 
[INFO] --- antrun:3.1.0:run (create-testdirs) @ ozone-filesystem-hadoop3 ---
[INFO] Executing tasks
[INFO]     [mkdir] Created dir: /home/runner/work/ozone/ozone/hadoop-ozone/ozonefs-hadoop3/target/test-dir
[INFO] Executed tasks
[INFO] 
[INFO] --- sortpom:3.0.1:verify (default) @ ozone-filesystem-hadoop3 ---
[INFO] Verifying file /home/runner/work/ozone/ozone/hadoop-ozone/ozonefs-hadoop3/pom.xml
[INFO] 
[INFO] --- jacoco:0.8.12:prepare-agent (default-prepare-agent) @ ozone-filesystem-hadoop3 ---
[INFO] argLine set to -javaagent:/home/runner/.m2/repository/org/jacoco/org.jacoco.agent/0.8.12/org.jacoco.agent-0.8.12-runtime.jar=destfile=/home/runner/work/ozone/ozone/hadoop-ozone/ozonefs-hadoop3/target/jacoco.exec,includes=org.apache.hadoop.hdds.*:org.apache.hadoop.ozone.*:org.apache.hadoop.fs.ozone.*:org.apache.ozone.*
[INFO] 
[INFO] --- enforcer:3.5.0:enforce (banned-rocksdb-imports) @ ozone-filesystem-hadoop3 ---
[INFO] Rule 0: org.apache.maven.plugins.enforcer.RestrictImports passed
[INFO] 
[INFO] --- enforcer:3.5.0:enforce (ban-imports) @ ozone-filesystem-hadoop3 ---
[INFO] Rule 0: org.apache.maven.plugins.enforcer.RestrictImports passed
[INFO] Rule 1: org.apache.maven.plugins.enforcer.RestrictImports passed
[INFO] Rule 2: org.apache.maven.plugins.enforcer.RestrictImports passed
[INFO] Rule 3: org.apache.maven.plugins.enforcer.RestrictImports passed
[WARNING] EXPERIMENTAL FEATURE enabled. You have enabled full-compilation-unit parsing. Please be aware that experimental features might get removed or changed. Please share your feedback!
[INFO] Rule 4: org.apache.maven.plugins.enforcer.RestrictImports passed
[INFO] Rule 5: org.apache.maven.plugins.enforcer.RestrictImports passed
[INFO] Rule 6: org.apache.maven.plugins.enforcer.RestrictImports passed
[INFO] Rule 7: org.apache.maven.plugins.enforcer.RestrictImports passed
[INFO] 
[INFO] --- enforcer:3.5.0:enforce (ban-annotations) @ ozone-filesystem-hadoop3 ---
[INFO] Rule 0: org.apache.maven.plugins.enforcer.RestrictImports passed
[INFO] 
[INFO] --- remote-resources:3.3.0:process (default) @ ozone-filesystem-hadoop3 ---
[INFO] Preparing remote bundle org.apache.ozone:ozone-dev-support:2.1.0-SNAPSHOT
[INFO] Copying 2 resources from 1 bundle.
[INFO] 
[INFO] --- resources:3.3.0:resources (default-resources) @ ozone-filesystem-hadoop3 ---
[INFO] Copying 4 resources
[INFO] Copying 2 resources
[INFO] 
[INFO] --- compiler:3.9.0:compile (default-compile) @ ozone-filesystem-hadoop3 ---
[INFO] Compiling 5 source files to /home/runner/work/ozone/ozone/hadoop-ozone/ozonefs-hadoop3/target/classes
[INFO] 
[INFO] --- resources:3.3.0:testResources (default-testResources) @ ozone-filesystem-hadoop3 ---
[INFO] Not copying test resources
[INFO] 
[INFO] --- compiler:3.9.0:testCompile (default-testCompile) @ ozone-filesystem-hadoop3 ---
[INFO] Skipped
[INFO] 
[INFO] --- surefire:3.5.2:test (default-test) @ ozone-filesystem-hadoop3 ---
[INFO] No tests to run.
[INFO] Skipped
[INFO] 
[INFO] --- dependency:3.8.1:build-classpath (add-classpath-descriptor) @ ozone-filesystem-hadoop3 ---
[INFO] Skipping plugin execution
[INFO] 
[INFO] --- dependency:3.8.1:copy-dependencies (copy-jars) @ ozone-filesystem-hadoop3 ---
[INFO] Skipping plugin execution
[INFO] 
[INFO] --- dependency:3.8.1:unpack (include-dependencies) @ ozone-filesystem-hadoop3 ---
[INFO] Configured Artifact: org.apache.ozone:ozone-filesystem-shaded:2.1.0-SNAPSHOT:jar
[INFO] 
[INFO] --- jar:3.4.2:jar (default-jar) @ ozone-filesystem-hadoop3 ---
[INFO] Building jar: /home/runner/work/ozone/ozone/hadoop-ozone/ozonefs-hadoop3/target/ozone-filesystem-hadoop3-2.1.0-SNAPSHOT.jar
[INFO] 
[INFO] --- jar:3.4.2:test-jar (default) @ ozone-filesystem-hadoop3 ---
[INFO] Skipping packaging of the test-jar
[INFO] 
[INFO] --- dependency:3.8.1:analyze-only (analyze) @ ozone-filesystem-hadoop3 ---
[WARNING] Used undeclared dependencies found:
[WARNING]    com.google.code.findbugs:jsr305:jar:3.0.2:provided
[WARNING]    org.apache.ratis:ratis-thirdparty-misc:jar:1.0.6:compile
[WARNING]    javax.annotation:javax.annotation-api:jar:1.3.2:compile
[WARNING]    org.slf4j:slf4j-api:jar:2.0.17:compile
[WARNING]    com.google.guava:guava:jar:32.1.3-jre:compile
[WARNING]    javax.servlet:javax.servlet-api:jar:3.1.0:provided
[WARNING]    org.apache.hadoop.thirdparty:hadoop-shaded-protobuf_3_25:jar:1.4.0:provided
[WARNING]    javax.xml.stream:stax-api:jar:1.0-2:provided
[INFO] 
[INFO] ----------< org.apache.ozone:ozone-filesystem-hadoop3-client >----------
[INFO] Building Apache Ozone FS Hadoop shaded 3.x compatibility 2.1.0-SNAPSHOT [46/53]
[INFO]   from hadoop-ozone/ozonefs-hadoop3-client/pom.xml
[INFO] --------------------------------[ jar ]---------------------------------
[INFO] 
[INFO] --- antrun:3.1.0:run (create-testdirs) @ ozone-filesystem-hadoop3-client ---
[INFO] Executing tasks
[INFO]     [mkdir] Created dir: /home/runner/work/ozone/ozone/hadoop-ozone/ozonefs-hadoop3-client/target/test-dir
[INFO] Executed tasks
[INFO] 
[INFO] --- sortpom:3.0.1:verify (default) @ ozone-filesystem-hadoop3-client ---
[INFO] Verifying file /home/runner/work/ozone/ozone/hadoop-ozone/ozonefs-hadoop3-client/pom.xml
[INFO] 
[INFO] --- jacoco:0.8.12:prepare-agent (default-prepare-agent) @ ozone-filesystem-hadoop3-client ---
[INFO] argLine set to -javaagent:/home/runner/.m2/repository/org/jacoco/org.jacoco.agent/0.8.12/org.jacoco.agent-0.8.12-runtime.jar=destfile=/home/runner/work/ozone/ozone/hadoop-ozone/ozonefs-hadoop3-client/target/jacoco.exec,includes=org.apache.hadoop.hdds.*:org.apache.hadoop.ozone.*:org.apache.hadoop.fs.ozone.*:org.apache.ozone.*
[INFO] 
[INFO] --- enforcer:3.5.0:enforce (banned-rocksdb-imports) @ ozone-filesystem-hadoop3-client ---
[INFO] Rule 0: org.apache.maven.plugins.enforcer.RestrictImports passed
[INFO] 
[INFO] --- enforcer:3.5.0:enforce (ban-imports) @ ozone-filesystem-hadoop3-client ---
[INFO] Rule 0: org.apache.maven.plugins.enforcer.RestrictImports passed
[INFO] Rule 1: org.apache.maven.plugins.enforcer.RestrictImports passed
[INFO] Rule 2: org.apache.maven.plugins.enforcer.RestrictImports passed
[INFO] Rule 3: org.apache.maven.plugins.enforcer.RestrictImports passed
[WARNING] EXPERIMENTAL FEATURE enabled. You have enabled full-compilation-unit parsing. Please be aware that experimental features might get removed or changed. Please share your feedback!
[INFO] Rule 4: org.apache.maven.plugins.enforcer.RestrictImports passed
[INFO] Rule 5: org.apache.maven.plugins.enforcer.RestrictImports passed
[INFO] Rule 6: org.apache.maven.plugins.enforcer.RestrictImports passed
[INFO] Rule 7: org.apache.maven.plugins.enforcer.RestrictImports passed
[INFO] 
[INFO] --- enforcer:3.5.0:enforce (ban-annotations) @ ozone-filesystem-hadoop3-client ---
[INFO] Rule 0: org.apache.maven.plugins.enforcer.RestrictImports passed
[INFO] 
[INFO] --- remote-resources:3.3.0:process (default) @ ozone-filesystem-hadoop3-client ---
[INFO] Preparing remote bundle org.apache.ozone:ozone-dev-support:2.1.0-SNAPSHOT
[INFO] Copying 2 resources from 1 bundle.
[INFO] 
[INFO] --- resources:3.3.0:resources (default-resources) @ ozone-filesystem-hadoop3-client ---
[INFO] skip non existing resourceDirectory /home/runner/work/ozone/ozone/hadoop-ozone/ozonefs-hadoop3-client/src/main/resources
[INFO] Copying 2 resources
[INFO] 
[INFO] --- compiler:3.9.0:compile (default-compile) @ ozone-filesystem-hadoop3-client ---
[INFO] No sources to compile
[INFO] 
[INFO] --- resources:3.3.0:testResources (default-testResources) @ ozone-filesystem-hadoop3-client ---
[INFO] Not copying test resources
[INFO] 
[INFO] --- compiler:3.9.0:testCompile (default-testCompile) @ ozone-filesystem-hadoop3-client ---
[INFO] Skipped
[INFO] 
[INFO] --- surefire:3.5.2:test (default-test) @ ozone-filesystem-hadoop3-client ---
[INFO] No tests to run.
[INFO] Skipped
[INFO] 
[INFO] --- dependency:3.8.1:build-classpath (add-classpath-descriptor) @ ozone-filesystem-hadoop3-client ---
[INFO] Skipping plugin execution
[INFO] 
[INFO] --- dependency:3.8.1:copy-dependencies (copy-jars) @ ozone-filesystem-hadoop3-client ---
[INFO] Skipping plugin execution
[INFO] 
[INFO] --- dependency:3.8.1:unpack (include-dependencies) @ ozone-filesystem-hadoop3-client ---
[INFO] Configured Artifact: org.apache.ozone:ozone-filesystem-shaded:2.1.0-SNAPSHOT:jar
[INFO] 
[INFO] --- jar:3.4.2:jar (default-jar) @ ozone-filesystem-hadoop3-client ---
[INFO] Building jar: /home/runner/work/ozone/ozone/hadoop-ozone/ozonefs-hadoop3-client/target/ozone-filesystem-hadoop3-client-2.1.0-SNAPSHOT.jar
[INFO] 
[INFO] --- jar:3.4.2:test-jar (default) @ ozone-filesystem-hadoop3-client ---
[INFO] Skipping packaging of the test-jar
[INFO] 
[INFO] --- shade:3.6.0:shade (default) @ ozone-filesystem-hadoop3-client ---
[INFO] Including org.apache.ozone:ozone-filesystem-hadoop3:jar:2.1.0-SNAPSHOT in the shaded jar.
[INFO] Dependency-reduced POM written at: /home/runner/work/ozone/ozone/hadoop-ozone/ozonefs-hadoop3-client/dependency-reduced-pom.xml
[WARNING] ozone-filesystem-hadoop3-2.1.0-SNAPSHOT.jar, ozone-filesystem-hadoop3-client-2.1.0-SNAPSHOT.jar define 35041 overlapping classes and resources: 
[WARNING]   - DatanodeClientProtocol.proto
[WARNING]   - Examples.proto
[WARNING]   - Experiments.proto
[WARNING]   - Grpc.proto
[WARNING]   - META-INF/DEPENDENCIES
[WARNING]   - META-INF/FastDoubleParser-LICENSE
[WARNING]   - META-INF/FastDoubleParser-NOTICE
[WARNING]   - META-INF/LICENSE
[WARNING]   - META-INF/LICENSE.md
[WARNING]   - META-INF/LICENSE.txt
[WARNING]   - 35031 more...
[WARNING] maven-shade-plugin has detected that some files are
[WARNING] present in two or more JARs. When this happens, only one
[WARNING] single version of the file is copied to the uber jar.
[WARNING] Usually this is not harmful and you can skip these warnings,
[WARNING] otherwise try to manually exclude artifacts based on
[WARNING] mvn dependency:tree -Ddetail=true and the above output.
[WARNING] See https://maven.apache.org/plugins/maven-shade-plugin/
[INFO] Replacing original artifact with shaded artifact.
[INFO] Replacing /home/runner/work/ozone/ozone/hadoop-ozone/ozonefs-hadoop3-client/target/ozone-filesystem-hadoop3-client-2.1.0-SNAPSHOT.jar with /home/runner/work/ozone/ozone/hadoop-ozone/ozonefs-hadoop3-client/target/ozone-filesystem-hadoop3-client-2.1.0-SNAPSHOT-shaded.jar
[INFO] 
[INFO] --- dependency:3.8.1:analyze-only (analyze) @ ozone-filesystem-hadoop3-client ---
[INFO] No dependency problems found
[INFO] 
[INFO] --------------------< org.apache.ozone:ozone-dist >---------------------
[INFO] Building Apache Ozone Distribution 2.1.0-SNAPSHOT                [47/53]
[INFO]   from hadoop-ozone/dist/pom.xml
[INFO] --------------------------------[ jar ]---------------------------------
[INFO] 
[INFO] ----------------< org.apache.ozone:ozone-mini-cluster >-----------------
[INFO] Building Apache Ozone Mini Cluster 2.1.0-SNAPSHOT                [48/53]
[INFO]   from hadoop-ozone/mini-cluster/pom.xml
[INFO] --------------------------------[ jar ]---------------------------------
[INFO] 
[INFO] --------------< org.apache.ozone:ozone-integration-test >---------------
[INFO] Building Apache Ozone Integration Tests 2.1.0-SNAPSHOT           [49/53]
[INFO]   from hadoop-ozone/integration-test/pom.xml
[INFO] --------------------------------[ jar ]---------------------------------
[INFO] 
[INFO] ------------< org.apache.ozone:ozone-fault-injection-test >-------------
[INFO] Building Apache Ozone Fault Injection Tests 2.1.0-SNAPSHOT       [50/53]
[INFO]   from hadoop-ozone/fault-injection-test/pom.xml
[INFO] --------------------------------[ pom ]---------------------------------
[INFO] 
[INFO] --- antrun:3.1.0:run (create-testdirs) @ ozone-fault-injection-test ---
[INFO] Executing tasks
[INFO]     [mkdir] Created dir: /home/runner/work/ozone/ozone/hadoop-ozone/fault-injection-test/target/test-dir
[INFO] Executed tasks
[INFO] 
[INFO] --- sortpom:3.0.1:verify (default) @ ozone-fault-injection-test ---
[INFO] Verifying file /home/runner/work/ozone/ozone/hadoop-ozone/fault-injection-test/pom.xml
[INFO] 
[INFO] --- jacoco:0.8.12:prepare-agent (default-prepare-agent) @ ozone-fault-injection-test ---
[INFO] argLine set to -javaagent:/home/runner/.m2/repository/org/jacoco/org.jacoco.agent/0.8.12/org.jacoco.agent-0.8.12-runtime.jar=destfile=/home/runner/work/ozone/ozone/hadoop-ozone/fault-injection-test/target/jacoco.exec,includes=org.apache.hadoop.hdds.*:org.apache.hadoop.ozone.*:org.apache.hadoop.fs.ozone.*:org.apache.ozone.*
[INFO] 
[INFO] --- enforcer:3.5.0:enforce (banned-rocksdb-imports) @ ozone-fault-injection-test ---
[INFO] Rule 0: org.apache.maven.plugins.enforcer.RestrictImports passed
[INFO] 
[INFO] --- enforcer:3.5.0:enforce (ban-imports) @ ozone-fault-injection-test ---
[INFO] Rule 0: org.apache.maven.plugins.enforcer.RestrictImports passed
[INFO] Rule 1: org.apache.maven.plugins.enforcer.RestrictImports passed
[INFO] Rule 2: org.apache.maven.plugins.enforcer.RestrictImports passed
[INFO] Rule 3: org.apache.maven.plugins.enforcer.RestrictImports passed
[WARNING] EXPERIMENTAL FEATURE enabled. You have enabled full-compilation-unit parsing. Please be aware that experimental features might get removed or changed. Please share your feedback!
[INFO] Rule 4: org.apache.maven.plugins.enforcer.RestrictImports passed
[INFO] Rule 5: org.apache.maven.plugins.enforcer.RestrictImports passed
[INFO] Rule 6: org.apache.maven.plugins.enforcer.RestrictImports passed
[INFO] Rule 7: org.apache.maven.plugins.enforcer.RestrictImports passed
[INFO] 
[INFO] --- enforcer:3.5.0:enforce (ban-annotations) @ ozone-fault-injection-test ---
[INFO] Rule 0: org.apache.maven.plugins.enforcer.RestrictImports passed
[INFO] 
[INFO] --- remote-resources:3.3.0:process (default) @ ozone-fault-injection-test ---
[INFO] Preparing remote bundle org.apache.ozone:ozone-dev-support:2.1.0-SNAPSHOT
[INFO] Copying 2 resources from 1 bundle.
[INFO] 
[INFO] --- dependency:3.8.1:build-classpath (add-classpath-descriptor) @ ozone-fault-injection-test ---
[INFO] Skipping plugin execution
[INFO] 
[INFO] --- dependency:3.8.1:copy-dependencies (copy-jars) @ ozone-fault-injection-test ---
[INFO] Skipping plugin execution
[INFO] 
[INFO] --- jar:3.4.2:test-jar (default) @ ozone-fault-injection-test ---
[WARNING] JAR will be empty - no content was marked for inclusion!
[INFO] Building jar: /home/runner/work/ozone/ozone/hadoop-ozone/fault-injection-test/target/ozone-fault-injection-test-2.1.0-SNAPSHOT-tests.jar
[INFO] 
[INFO] --- dependency:3.8.1:analyze-only (analyze) @ ozone-fault-injection-test ---
[INFO] Skipping pom project
[INFO] 
[INFO] -----------------< org.apache.ozone:mini-chaos-tests >------------------
[INFO] Building Apache Ozone Mini Ozone Chaos Tests 2.1.0-SNAPSHOT      [51/53]
[INFO]   from hadoop-ozone/fault-injection-test/mini-chaos-tests/pom.xml
[INFO] --------------------------------[ jar ]---------------------------------
[INFO] 
[INFO] ----------------< org.apache.ozone:ozone-network-tests >----------------
[INFO] Building Apache Ozone Network Tests 2.1.0-SNAPSHOT               [52/53]
[INFO]   from hadoop-ozone/fault-injection-test/network-tests/pom.xml
[INFO] --------------------------------[ jar ]---------------------------------
[INFO] 
[INFO] --- antrun:3.1.0:run (create-testdirs) @ ozone-network-tests ---
[INFO] Executing tasks
[INFO]     [mkdir] Created dir: /home/runner/work/ozone/ozone/hadoop-ozone/fault-injection-test/network-tests/target/test-dir
[INFO] Executed tasks
[INFO] 
[INFO] --- sortpom:3.0.1:verify (default) @ ozone-network-tests ---
[INFO] Verifying file /home/runner/work/ozone/ozone/hadoop-ozone/fault-injection-test/network-tests/pom.xml
[INFO] 
[INFO] --- jacoco:0.8.12:prepare-agent (default-prepare-agent) @ ozone-network-tests ---
[INFO] argLine set to -javaagent:/home/runner/.m2/repository/org/jacoco/org.jacoco.agent/0.8.12/org.jacoco.agent-0.8.12-runtime.jar=destfile=/home/runner/work/ozone/ozone/hadoop-ozone/fault-injection-test/network-tests/target/jacoco.exec,includes=org.apache.hadoop.hdds.*:org.apache.hadoop.ozone.*:org.apache.hadoop.fs.ozone.*:org.apache.ozone.*
[INFO] 
[INFO] --- enforcer:3.5.0:enforce (banned-rocksdb-imports) @ ozone-network-tests ---
[INFO] Rule 0: org.apache.maven.plugins.enforcer.RestrictImports passed
[INFO] 
[INFO] --- enforcer:3.5.0:enforce (ban-imports) @ ozone-network-tests ---
[INFO] Rule 0: org.apache.maven.plugins.enforcer.RestrictImports passed
[INFO] Rule 1: org.apache.maven.plugins.enforcer.RestrictImports passed
[INFO] Rule 2: org.apache.maven.plugins.enforcer.RestrictImports passed
[INFO] Rule 3: org.apache.maven.plugins.enforcer.RestrictImports passed
[WARNING] EXPERIMENTAL FEATURE enabled. You have enabled full-compilation-unit parsing. Please be aware that experimental features might get removed or changed. Please share your feedback!
[INFO] Rule 4: org.apache.maven.plugins.enforcer.RestrictImports passed
[INFO] Rule 5: org.apache.maven.plugins.enforcer.RestrictImports passed
[INFO] Rule 6: org.apache.maven.plugins.enforcer.RestrictImports passed
[INFO] Rule 7: org.apache.maven.plugins.enforcer.RestrictImports passed
[INFO] 
[INFO] --- enforcer:3.5.0:enforce (ban-annotations) @ ozone-network-tests ---
[INFO] Rule 0: org.apache.maven.plugins.enforcer.RestrictImports passed
[INFO] 
[INFO] --- remote-resources:3.3.0:process (default) @ ozone-network-tests ---
[INFO] Preparing remote bundle org.apache.ozone:ozone-dev-support:2.1.0-SNAPSHOT
[INFO] Copying 2 resources from 1 bundle.
[INFO] 
[INFO] --- resources:3.3.0:resources (default-resources) @ ozone-network-tests ---
[INFO] skip non existing resourceDirectory /home/runner/work/ozone/ozone/hadoop-ozone/fault-injection-test/network-tests/src/main/resources
[INFO] Copying 2 resources
[INFO] 
[INFO] --- resources:3.3.0:copy-resources (copy-resources) @ ozone-network-tests ---
[INFO] Copying 2 resources
[INFO] 
[INFO] --- compiler:3.9.0:compile (default-compile) @ ozone-network-tests ---
[INFO] No sources to compile
[INFO] 
[INFO] --- resources:3.3.0:testResources (default-testResources) @ ozone-network-tests ---
[INFO] Not copying test resources
[INFO] 
[INFO] --- compiler:3.9.0:testCompile (default-testCompile) @ ozone-network-tests ---
[INFO] Skipped
[INFO] 
[INFO] --- surefire:3.5.2:test (default-test) @ ozone-network-tests ---
[INFO] No tests to run.
[INFO] Skipped
[INFO] 
[INFO] --- dependency:3.8.1:build-classpath (add-classpath-descriptor) @ ozone-network-tests ---
[INFO] Skipping plugin execution
[INFO] 
[INFO] --- dependency:3.8.1:copy-dependencies (copy-jars) @ ozone-network-tests ---
[INFO] Skipping plugin execution
[INFO] 
[INFO] --- jar:3.4.2:jar (default-jar) @ ozone-network-tests ---
[INFO] Building jar: /home/runner/work/ozone/ozone/hadoop-ozone/fault-injection-test/network-tests/target/ozone-network-tests-2.1.0-SNAPSHOT.jar
[INFO] 
[INFO] --- jar:3.4.2:test-jar (default) @ ozone-network-tests ---
[INFO] Skipping packaging of the test-jar
[INFO] 
[INFO] --- dependency:3.8.1:analyze-only (analyze) @ ozone-network-tests ---
[INFO] No dependency problems found
[INFO] 
[INFO] -------------< org.apache.ozone:ozone-integration-test-s3 >-------------
[INFO] Building Apache Ozone S3 Integration Tests 2.1.0-SNAPSHOT        [53/53]
[INFO]   from hadoop-ozone/integration-test-s3/pom.xml
[INFO] --------------------------------[ jar ]---------------------------------
[INFO] ------------------------------------------------------------------------
[INFO] Reactor Summary for Apache Ozone Main 2.1.0-SNAPSHOT:
[INFO] 
[INFO] Apache Ozone Main .................................. SUCCESS [  1.855 s]
[INFO] Apache Ozone Dev Support ........................... SUCCESS [  2.240 s]
[INFO] Apache Ozone HDDS .................................. SUCCESS [  0.353 s]
[INFO] Apache Ozone Annotation Processing ................. SUCCESS [  1.719 s]
[INFO] Apache Ozone HDDS Config ........................... SUCCESS [  2.464 s]
[INFO] Apache Ozone HDDS Hadoop Client dependencies ....... SUCCESS [  1.695 s]
[INFO] Apache Ozone HDDS Client Interface ................. SUCCESS [ 10.881 s]
[INFO] Apache Ozone HDDS Admin Interface .................. SUCCESS [  2.837 s]
[INFO] Apache Ozone HDDS Test Utils ....................... SUCCESS [  1.497 s]
[INFO] Apache Ozone HDDS Common ........................... SUCCESS [  6.441 s]
[INFO] Apache Ozone HDDS Erasurecode ...................... SUCCESS [  1.107 s]
[INFO] Apache Ozone HDDS Client ........................... SUCCESS [  1.870 s]
[INFO] Apache Ozone HDDS Server Interface ................. SUCCESS [  3.922 s]
[INFO] Apache Ozone HDDS Managed RocksDB .................. SUCCESS [  0.628 s]
[INFO] Apache Ozone HDDS Hadoop Server dependencies ....... SUCCESS [  0.481 s]
[INFO] Apache Ozone HDDS RocksDB Tools .................... FAILURE [ 31.495 s]
[INFO] Apache Ozone Checkpoint Differ for RocksDB ......... FAILURE [  0.036 s]
[INFO] Apache Ozone HDDS Server Framework ................. FAILURE [  0.101 s]
[INFO] Apache Ozone Documentation ......................... SUCCESS [  6.461 s]
[INFO] Apache Ozone HDDS Container Service ................ FAILURE [  0.065 s]
[INFO] Apache Ozone HDDS Crypto ........................... SUCCESS [  0.124 s]
[INFO] Apache Ozone HDDS Crypto - Default ................. SUCCESS [  0.118 s]
[INFO] Apache Ozone HDDS SCM Server ....................... FAILURE [  0.161 s]
[INFO] Apache Ozone HDDS Tools ............................ FAILURE [  0.060 s]
[INFO] Apache Ozone ....................................... SUCCESS [  0.091 s]
[INFO] Apache Ozone Client Interface ...................... SUCCESS [ 15.138 s]
[INFO] Apache Ozone Common ................................ SUCCESS [  3.522 s]
[INFO] Apache Ozone Client ................................ SUCCESS [  1.974 s]
[INFO] Apache Ozone FileSystem Common ..................... SUCCESS [  1.161 s]
[INFO] Apache Ozone FileSystem ............................ SUCCESS [  0.515 s]
[INFO] Apache Ozone CLI Shell ............................. SUCCESS [  1.647 s]
[INFO] Apache Ozone CSI service ........................... FAILURE [  0.066 s]
[INFO] Apache Ozone Datanode .............................. FAILURE [  0.053 s]
[INFO] Apache Ozone HttpFS ................................ FAILURE [  0.071 s]
[INFO] Apache Ozone Storage Interface ..................... FAILURE [  0.059 s]
[INFO] Apache Ozone Manager Server ........................ FAILURE [  0.265 s]
[INFO] Apache Ozone Insight Tool .......................... FAILURE [  0.123 s]
[INFO] Apache Ozone Recon CodeGen ......................... SUCCESS [  0.789 s]
[INFO] Apache Ozone Recon ................................. FAILURE [  0.099 s]
[INFO] Apache Ozone S3 Secret Store ....................... FAILURE [  0.063 s]
[INFO] Apache Ozone S3 Gateway ............................ FAILURE [  0.044 s]
[INFO] Apache Ozone Tools ................................. FAILURE [  0.089 s]
[INFO] Apache Ozone FileSystem Shaded ..................... SUCCESS [02:41 min]
[INFO] Apache Ozone FS Hadoop 2.x compatibility ........... SUCCESS [ 21.759 s]
[INFO] Apache Ozone FS Hadoop 3.x compatibility ........... SUCCESS [ 16.716 s]
[INFO] Apache Ozone FS Hadoop shaded 3.x compatibility .... SUCCESS [ 53.658 s]
[INFO] Apache Ozone Distribution .......................... FAILURE [  0.076 s]
[INFO] Apache Ozone Mini Cluster .......................... FAILURE [  0.058 s]
[INFO] Apache Ozone Integration Tests ..................... FAILURE [  0.171 s]
[INFO] Apache Ozone Fault Injection Tests ................. SUCCESS [  0.071 s]
[INFO] Apache Ozone Mini Ozone Chaos Tests ................ FAILURE [  0.143 s]
[INFO] Apache Ozone Network Tests ......................... SUCCESS [  0.195 s]
[INFO] Apache Ozone S3 Integration Tests .................. FAILURE [  0.110 s]
[INFO] ------------------------------------------------------------------------
[INFO] BUILD FAILURE
[INFO] ------------------------------------------------------------------------
[INFO] Total time:  06:00 min
[INFO] Finished at: 2025-04-01T21:24:05Z
[INFO] ------------------------------------------------------------------------
[INFO] 578 goals, 578 executed
[INFO] 
[INFO] Publishing build scan...
[INFO] https://develocity.apache.org/s/cuwjmtfidbm5q
[INFO] 
[ERROR] Failed to execute goal org.apache.maven.plugins:maven-antrun-plugin:3.1.0:run (build-rocks-tools) on project hdds-rocks-native: An Ant BuildException has occured: exec returned: 1
[ERROR] around Ant part ...<exec failonerror="true" dir="/home/runner/work/ozone/ozone/hadoop-hdds/rocks-native/target/native/rocksdb" executable="cmake">... @ 6:132 in /home/runner/work/ozone/ozone/hadoop-hdds/rocks-native/target/antrun/build-main.xml
[ERROR] -> [Help 1]
[ERROR] Failed to execute goal on project rocksdb-checkpoint-differ: Could not resolve dependencies for project org.apache.ozone:rocksdb-checkpoint-differ:jar:2.1.0-SNAPSHOT
[ERROR] dependency: org.apache.ozone:hdds-rocks-native:jar:tests:2.1.0-SNAPSHOT (test)
[ERROR] 	Could not find artifact org.apache.ozone:hdds-rocks-native:jar:tests:2.1.0-SNAPSHOT
[ERROR] -> [Help 2]
[ERROR] Failed to execute goal on project hdds-server-framework: Could not resolve dependencies for project org.apache.ozone:hdds-server-framework:jar:2.1.0-SNAPSHOT
[ERROR] dependency: org.apache.ozone:rocksdb-checkpoint-differ:jar:2.1.0-SNAPSHOT (compile)
[ERROR] 	Could not find artifact org.apache.ozone:rocksdb-checkpoint-differ:jar:2.1.0-SNAPSHOT
[ERROR] -> [Help 2]
[ERROR] Failed to execute goal on project hdds-container-service: Could not resolve dependencies for project org.apache.ozone:hdds-container-service:jar:2.1.0-SNAPSHOT
[ERROR] dependency: org.apache.ozone:hdds-server-framework:jar:2.1.0-SNAPSHOT (compile)
[ERROR] 	Could not find artifact org.apache.ozone:hdds-server-framework:jar:2.1.0-SNAPSHOT
[ERROR] dependency: org.apache.ozone:rocksdb-checkpoint-differ:jar:2.1.0-SNAPSHOT (compile)
[ERROR] 	Could not find artifact org.apache.ozone:rocksdb-checkpoint-differ:jar:2.1.0-SNAPSHOT
[ERROR] dependency: org.apache.ozone:hdds-server-framework:jar:tests:2.1.0-SNAPSHOT (test)
[ERROR] 	Could not find artifact org.apache.ozone:hdds-server-framework:jar:tests:2.1.0-SNAPSHOT
[ERROR] -> [Help 2]
[ERROR] Failed to execute goal on project hdds-server-scm: Could not resolve dependencies for project org.apache.ozone:hdds-server-scm:jar:2.1.0-SNAPSHOT
[ERROR] dependency: org.apache.ozone:hdds-container-service:jar:2.1.0-SNAPSHOT (compile)
[ERROR] 	Could not find artifact org.apache.ozone:hdds-container-service:jar:2.1.0-SNAPSHOT
[ERROR] dependency: org.apache.ozone:hdds-server-framework:jar:2.1.0-SNAPSHOT (compile)
[ERROR] 	Could not find artifact org.apache.ozone:hdds-server-framework:jar:2.1.0-SNAPSHOT
[ERROR] dependency: org.apache.ozone:rocksdb-checkpoint-differ:jar:2.1.0-SNAPSHOT (compile)
[ERROR] 	Could not find artifact org.apache.ozone:rocksdb-checkpoint-differ:jar:2.1.0-SNAPSHOT
[ERROR] dependency: org.apache.ozone:hdds-container-service:jar:tests:2.1.0-SNAPSHOT (test)
[ERROR] 	Could not find artifact org.apache.ozone:hdds-container-service:jar:tests:2.1.0-SNAPSHOT
[ERROR] dependency: org.apache.ozone:hdds-server-framework:jar:tests:2.1.0-SNAPSHOT (test)
[ERROR] 	Could not find artifact org.apache.ozone:hdds-server-framework:jar:tests:2.1.0-SNAPSHOT
[ERROR] -> [Help 2]
[ERROR] Failed to execute goal on project hdds-tools: Could not resolve dependencies for project org.apache.ozone:hdds-tools:jar:2.1.0-SNAPSHOT
[ERROR] dependency: org.apache.ozone:hdds-container-service:jar:2.1.0-SNAPSHOT (compile)
[ERROR] 	Could not find artifact org.apache.ozone:hdds-container-service:jar:2.1.0-SNAPSHOT
[ERROR] dependency: org.apache.ozone:hdds-server-framework:jar:2.1.0-SNAPSHOT (compile)
[ERROR] 	Could not find artifact org.apache.ozone:hdds-server-framework:jar:2.1.0-SNAPSHOT
[ERROR] dependency: org.apache.ozone:hdds-container-service:jar:tests:2.1.0-SNAPSHOT (test)
[ERROR] 	Could not find artifact org.apache.ozone:hdds-container-service:jar:tests:2.1.0-SNAPSHOT
[ERROR] dependency: org.apache.ozone:hdds-server-framework:jar:tests:2.1.0-SNAPSHOT (test)
[ERROR] 	Could not find artifact org.apache.ozone:hdds-server-framework:jar:tests:2.1.0-SNAPSHOT
[ERROR] dependency: org.apache.ozone:rocksdb-checkpoint-differ:jar:2.1.0-SNAPSHOT (compile)
[ERROR] 	Could not find artifact org.apache.ozone:rocksdb-checkpoint-differ:jar:2.1.0-SNAPSHOT
[ERROR] -> [Help 2]
[ERROR] Failed to execute goal on project ozone-csi: Could not resolve dependencies for project org.apache.ozone:ozone-csi:jar:2.1.0-SNAPSHOT
[ERROR] dependency: org.apache.ozone:hdds-server-framework:jar:2.1.0-SNAPSHOT (compile)
[ERROR] 	Could not find artifact org.apache.ozone:hdds-server-framework:jar:2.1.0-SNAPSHOT
[ERROR] dependency: org.apache.ozone:rocksdb-checkpoint-differ:jar:2.1.0-SNAPSHOT (compile)
[ERROR] 	Could not find artifact org.apache.ozone:rocksdb-checkpoint-differ:jar:2.1.0-SNAPSHOT
[ERROR] -> [Help 2]
[ERROR] Failed to execute goal on project ozone-datanode: Could not resolve dependencies for project org.apache.ozone:ozone-datanode:jar:2.1.0-SNAPSHOT
[ERROR] dependency: org.apache.ozone:hdds-container-service:jar:2.1.0-SNAPSHOT (compile)
[ERROR] 	Could not find artifact org.apache.ozone:hdds-container-service:jar:2.1.0-SNAPSHOT
[ERROR] dependency: org.apache.ozone:hdds-server-framework:jar:2.1.0-SNAPSHOT (compile)
[ERROR] 	Could not find artifact org.apache.ozone:hdds-server-framework:jar:2.1.0-SNAPSHOT
[ERROR] dependency: org.apache.ozone:rocksdb-checkpoint-differ:jar:2.1.0-SNAPSHOT (compile)
[ERROR] 	Could not find artifact org.apache.ozone:rocksdb-checkpoint-differ:jar:2.1.0-SNAPSHOT
[ERROR] -> [Help 2]
[ERROR] Failed to execute goal on project ozone-httpfsgateway: Could not resolve dependencies for project org.apache.ozone:ozone-httpfsgateway:jar:2.1.0-SNAPSHOT
[ERROR] dependency: org.apache.ozone:hdds-server-framework:jar:2.1.0-SNAPSHOT (compile)
[ERROR] 	Could not find artifact org.apache.ozone:hdds-server-framework:jar:2.1.0-SNAPSHOT
[ERROR] dependency: org.apache.ozone:rocksdb-checkpoint-differ:jar:2.1.0-SNAPSHOT (compile)
[ERROR] 	Could not find artifact org.apache.ozone:rocksdb-checkpoint-differ:jar:2.1.0-SNAPSHOT
[ERROR] -> [Help 2]
[ERROR] Failed to execute goal on project ozone-interface-storage: Could not resolve dependencies for project org.apache.ozone:ozone-interface-storage:jar:2.1.0-SNAPSHOT
[ERROR] dependency: org.apache.ozone:hdds-server-framework:jar:2.1.0-SNAPSHOT (compile)
[ERROR] 	Could not find artifact org.apache.ozone:hdds-server-framework:jar:2.1.0-SNAPSHOT
[ERROR] dependency: org.apache.ozone:rocksdb-checkpoint-differ:jar:2.1.0-SNAPSHOT (compile)
[ERROR] 	Could not find artifact org.apache.ozone:rocksdb-checkpoint-differ:jar:2.1.0-SNAPSHOT
[ERROR] dependency: org.apache.ozone:hdds-server-scm:jar:tests:2.1.0-SNAPSHOT (test)
[ERROR] 	Could not find artifact org.apache.ozone:hdds-server-scm:jar:tests:2.1.0-SNAPSHOT
[ERROR] dependency: org.apache.ozone:hdds-container-service:jar:2.1.0-SNAPSHOT (test)
[ERROR] 	Could not find artifact org.apache.ozone:hdds-container-service:jar:2.1.0-SNAPSHOT
[ERROR] -> [Help 2]
[ERROR] Failed to execute goal on project ozone-manager: Could not resolve dependencies for project org.apache.ozone:ozone-manager:jar:2.1.0-SNAPSHOT
[ERROR] dependency: org.apache.ozone:hdds-server-framework:jar:2.1.0-SNAPSHOT (compile)
[ERROR] 	Could not find artifact org.apache.ozone:hdds-server-framework:jar:2.1.0-SNAPSHOT
[ERROR] dependency: org.apache.ozone:ozone-interface-storage:jar:2.1.0-SNAPSHOT (compile)
[ERROR] 	Could not find artifact org.apache.ozone:ozone-interface-storage:jar:2.1.0-SNAPSHOT
[ERROR] dependency: org.apache.ozone:rocksdb-checkpoint-differ:jar:2.1.0-SNAPSHOT (compile)
[ERROR] 	Could not find artifact org.apache.ozone:rocksdb-checkpoint-differ:jar:2.1.0-SNAPSHOT
[ERROR] dependency: org.apache.ozone:hdds-server-scm:jar:tests:2.1.0-SNAPSHOT (test)
[ERROR] 	Could not find artifact org.apache.ozone:hdds-server-scm:jar:tests:2.1.0-SNAPSHOT
[ERROR] dependency: org.apache.ozone:hdds-container-service:jar:2.1.0-SNAPSHOT (test)
[ERROR] 	Could not find artifact org.apache.ozone:hdds-container-service:jar:2.1.0-SNAPSHOT
[ERROR] -> [Help 2]
[ERROR] Failed to execute goal on project ozone-insight: Could not resolve dependencies for project org.apache.ozone:ozone-insight:jar:2.1.0-SNAPSHOT
[ERROR] dependency: org.apache.ozone:hdds-container-service:jar:2.1.0-SNAPSHOT (compile)
[ERROR] 	Could not find artifact org.apache.ozone:hdds-container-service:jar:2.1.0-SNAPSHOT
[ERROR] dependency: org.apache.ozone:hdds-server-framework:jar:2.1.0-SNAPSHOT (compile)
[ERROR] 	Could not find artifact org.apache.ozone:hdds-server-framework:jar:2.1.0-SNAPSHOT
[ERROR] dependency: org.apache.ozone:rocksdb-checkpoint-differ:jar:2.1.0-SNAPSHOT (compile)
[ERROR] 	Could not find artifact org.apache.ozone:rocksdb-checkpoint-differ:jar:2.1.0-SNAPSHOT
[ERROR] dependency: org.apache.ozone:hdds-server-scm:jar:2.1.0-SNAPSHOT (compile)
[ERROR] 	Could not find artifact org.apache.ozone:hdds-server-scm:jar:2.1.0-SNAPSHOT
[ERROR] dependency: org.apache.ozone:hdds-tools:jar:2.1.0-SNAPSHOT (compile)
[ERROR] 	Could not find artifact org.apache.ozone:hdds-tools:jar:2.1.0-SNAPSHOT
[ERROR] dependency: org.apache.ozone:ozone-manager:jar:2.1.0-SNAPSHOT (compile)
[ERROR] 	Could not find artifact org.apache.ozone:ozone-manager:jar:2.1.0-SNAPSHOT
[ERROR] dependency: org.apache.ozone:ozone-interface-storage:jar:2.1.0-SNAPSHOT (compile)
[ERROR] 	Could not find artifact org.apache.ozone:ozone-interface-storage:jar:2.1.0-SNAPSHOT
[ERROR] -> [Help 2]
[ERROR] Failed to execute goal on project ozone-recon: Could not resolve dependencies for project org.apache.ozone:ozone-recon:jar:2.1.0-SNAPSHOT
[ERROR] dependency: org.apache.ozone:hdds-container-service:jar:2.1.0-SNAPSHOT (compile)
[ERROR] 	Could not find artifact org.apache.ozone:hdds-container-service:jar:2.1.0-SNAPSHOT
[ERROR] dependency: org.apache.ozone:hdds-server-framework:jar:2.1.0-SNAPSHOT (compile)
[ERROR] 	Could not find artifact org.apache.ozone:hdds-server-framework:jar:2.1.0-SNAPSHOT
[ERROR] dependency: org.apache.ozone:rocksdb-checkpoint-differ:jar:2.1.0-SNAPSHOT (compile)
[ERROR] 	Could not find artifact org.apache.ozone:rocksdb-checkpoint-differ:jar:2.1.0-SNAPSHOT
[ERROR] dependency: org.apache.ozone:hdds-server-scm:jar:2.1.0-SNAPSHOT (compile)
[ERROR] 	Could not find artifact org.apache.ozone:hdds-server-scm:jar:2.1.0-SNAPSHOT
[ERROR] dependency: org.apache.ozone:hdds-tools:jar:2.1.0-SNAPSHOT (compile)
[ERROR] 	Could not find artifact org.apache.ozone:hdds-tools:jar:2.1.0-SNAPSHOT
[ERROR] dependency: org.apache.ozone:ozone-interface-storage:jar:2.1.0-SNAPSHOT (compile)
[ERROR] 	Could not find artifact org.apache.ozone:ozone-interface-storage:jar:2.1.0-SNAPSHOT
[ERROR] dependency: org.apache.ozone:ozone-manager:jar:2.1.0-SNAPSHOT (compile)
[ERROR] 	Could not find artifact org.apache.ozone:ozone-manager:jar:2.1.0-SNAPSHOT
[ERROR] -> [Help 2]
[ERROR] Failed to execute goal on project ozone-s3-secret-store: Could not resolve dependencies for project org.apache.ozone:ozone-s3-secret-store:jar:2.1.0-SNAPSHOT
[ERROR] dependency: org.apache.ozone:ozone-manager:jar:2.1.0-SNAPSHOT (compile)
[ERROR] 	Could not find artifact org.apache.ozone:ozone-manager:jar:2.1.0-SNAPSHOT
[ERROR] dependency: org.apache.ozone:hdds-server-framework:jar:2.1.0-SNAPSHOT (compile)
[ERROR] 	Could not find artifact org.apache.ozone:hdds-server-framework:jar:2.1.0-SNAPSHOT
[ERROR] dependency: org.apache.ozone:ozone-interface-storage:jar:2.1.0-SNAPSHOT (compile)
[ERROR] 	Could not find artifact org.apache.ozone:ozone-interface-storage:jar:2.1.0-SNAPSHOT
[ERROR] dependency: org.apache.ozone:rocksdb-checkpoint-differ:jar:2.1.0-SNAPSHOT (compile)
[ERROR] 	Could not find artifact org.apache.ozone:rocksdb-checkpoint-differ:jar:2.1.0-SNAPSHOT
[ERROR] -> [Help 2]
[ERROR] Failed to execute goal on project ozone-s3gateway: Could not resolve dependencies for project org.apache.ozone:ozone-s3gateway:jar:2.1.0-SNAPSHOT
[ERROR] dependency: org.apache.ozone:hdds-server-framework:jar:2.1.0-SNAPSHOT (compile)
[ERROR] 	Could not find artifact org.apache.ozone:hdds-server-framework:jar:2.1.0-SNAPSHOT
[ERROR] dependency: org.apache.ozone:rocksdb-checkpoint-differ:jar:2.1.0-SNAPSHOT (compile)
[ERROR] 	Could not find artifact org.apache.ozone:rocksdb-checkpoint-differ:jar:2.1.0-SNAPSHOT
[ERROR] -> [Help 2]
[ERROR] Failed to execute goal on project ozone-tools: Could not resolve dependencies for project org.apache.ozone:ozone-tools:jar:2.1.0-SNAPSHOT
[ERROR] dependency: org.apache.ozone:hdds-container-service:jar:2.1.0-SNAPSHOT (compile)
[ERROR] 	Could not find artifact org.apache.ozone:hdds-container-service:jar:2.1.0-SNAPSHOT
[ERROR] dependency: org.apache.ozone:hdds-server-framework:jar:2.1.0-SNAPSHOT (compile)
[ERROR] 	Could not find artifact org.apache.ozone:hdds-server-framework:jar:2.1.0-SNAPSHOT
[ERROR] dependency: org.apache.ozone:rocksdb-checkpoint-differ:jar:2.1.0-SNAPSHOT (compile)
[ERROR] 	Could not find artifact org.apache.ozone:rocksdb-checkpoint-differ:jar:2.1.0-SNAPSHOT
[ERROR] dependency: org.apache.ozone:hdds-server-scm:jar:2.1.0-SNAPSHOT (compile)
[ERROR] 	Could not find artifact org.apache.ozone:hdds-server-scm:jar:2.1.0-SNAPSHOT
[ERROR] dependency: org.apache.ozone:hdds-tools:jar:2.1.0-SNAPSHOT (compile)
[ERROR] 	Could not find artifact org.apache.ozone:hdds-tools:jar:2.1.0-SNAPSHOT
[ERROR] dependency: org.apache.ozone:ozone-interface-storage:jar:2.1.0-SNAPSHOT (compile)
[ERROR] 	Could not find artifact org.apache.ozone:ozone-interface-storage:jar:2.1.0-SNAPSHOT
[ERROR] dependency: org.apache.ozone:ozone-manager:jar:2.1.0-SNAPSHOT (compile)
[ERROR] 	Could not find artifact org.apache.ozone:ozone-manager:jar:2.1.0-SNAPSHOT
[ERROR] dependency: org.apache.ozone:ozone-recon:jar:2.1.0-SNAPSHOT (compile)
[ERROR] 	Could not find artifact org.apache.ozone:ozone-recon:jar:2.1.0-SNAPSHOT
[ERROR] -> [Help 2]
[ERROR] Failed to execute goal on project ozone-dist: Could not resolve dependencies for project org.apache.ozone:ozone-dist:jar:2.1.0-SNAPSHOT
[ERROR] dependency: org.apache.ozone:hdds-container-service:jar:2.1.0-SNAPSHOT (compile)
[ERROR] 	Could not find artifact org.apache.ozone:hdds-container-service:jar:2.1.0-SNAPSHOT
[ERROR] dependency: org.apache.ozone:hdds-server-framework:jar:2.1.0-SNAPSHOT (compile)
[ERROR] 	Could not find artifact org.apache.ozone:hdds-server-framework:jar:2.1.0-SNAPSHOT
[ERROR] dependency: org.apache.ozone:hdds-server-scm:jar:2.1.0-SNAPSHOT (compile)
[ERROR] 	Could not find artifact org.apache.ozone:hdds-server-scm:jar:2.1.0-SNAPSHOT
[ERROR] dependency: org.apache.ozone:hdds-tools:jar:2.1.0-SNAPSHOT (compile)
[ERROR] 	Could not find artifact org.apache.ozone:hdds-tools:jar:2.1.0-SNAPSHOT
[ERROR] dependency: org.apache.ozone:ozone-csi:jar:2.1.0-SNAPSHOT (compile)
[ERROR] 	Could not find artifact org.apache.ozone:ozone-csi:jar:2.1.0-SNAPSHOT
[ERROR] dependency: org.apache.ozone:ozone-datanode:jar:2.1.0-SNAPSHOT (compile)
[ERROR] 	Could not find artifact org.apache.ozone:ozone-datanode:jar:2.1.0-SNAPSHOT
[ERROR] dependency: org.apache.ozone:ozone-httpfsgateway:jar:2.1.0-SNAPSHOT (compile)
[ERROR] 	Could not find artifact org.apache.ozone:ozone-httpfsgateway:jar:2.1.0-SNAPSHOT
[ERROR] dependency: org.apache.ozone:ozone-insight:jar:2.1.0-SNAPSHOT (compile)
[ERROR] 	Could not find artifact org.apache.ozone:ozone-insight:jar:2.1.0-SNAPSHOT
[ERROR] dependency: org.apache.ozone:ozone-manager:jar:2.1.0-SNAPSHOT (compile)
[ERROR] 	Could not find artifact org.apache.ozone:ozone-manager:jar:2.1.0-SNAPSHOT
[ERROR] dependency: org.apache.ozone:ozone-interface-storage:jar:2.1.0-SNAPSHOT (compile)
[ERROR] 	Could not find artifact org.apache.ozone:ozone-interface-storage:jar:2.1.0-SNAPSHOT
[ERROR] dependency: org.apache.ozone:rocksdb-checkpoint-differ:jar:2.1.0-SNAPSHOT (compile)
[ERROR] 	Could not find artifact org.apache.ozone:rocksdb-checkpoint-differ:jar:2.1.0-SNAPSHOT
[ERROR] dependency: org.apache.ozone:ozone-recon:jar:2.1.0-SNAPSHOT (compile)
[ERROR] 	Could not find artifact org.apache.ozone:ozone-recon:jar:2.1.0-SNAPSHOT
[ERROR] dependency: org.apache.ozone:ozone-s3-secret-store:jar:2.1.0-SNAPSHOT (compile)
[ERROR] 	Could not find artifact org.apache.ozone:ozone-s3-secret-store:jar:2.1.0-SNAPSHOT
[ERROR] dependency: org.apache.ozone:ozone-s3gateway:jar:2.1.0-SNAPSHOT (compile)
[ERROR] 	Could not find artifact org.apache.ozone:ozone-s3gateway:jar:2.1.0-SNAPSHOT
[ERROR] dependency: org.apache.ozone:ozone-tools:jar:2.1.0-SNAPSHOT (compile)
[ERROR] 	Could not find artifact org.apache.ozone:ozone-tools:jar:2.1.0-SNAPSHOT
[ERROR] -> [Help 2]
[ERROR] Failed to execute goal on project ozone-mini-cluster: Could not resolve dependencies for project org.apache.ozone:ozone-mini-cluster:jar:2.1.0-SNAPSHOT
[ERROR] dependency: org.apache.ozone:hdds-container-service:jar:2.1.0-SNAPSHOT (compile)
[ERROR] 	Could not find artifact org.apache.ozone:hdds-container-service:jar:2.1.0-SNAPSHOT
[ERROR] dependency: org.apache.ozone:hdds-server-framework:jar:2.1.0-SNAPSHOT (compile)
[ERROR] 	Could not find artifact org.apache.ozone:hdds-server-framework:jar:2.1.0-SNAPSHOT
[ERROR] dependency: org.apache.ozone:rocksdb-checkpoint-differ:jar:2.1.0-SNAPSHOT (compile)
[ERROR] 	Could not find artifact org.apache.ozone:rocksdb-checkpoint-differ:jar:2.1.0-SNAPSHOT
[ERROR] dependency: org.apache.ozone:hdds-server-scm:jar:2.1.0-SNAPSHOT (compile)
[ERROR] 	Could not find artifact org.apache.ozone:hdds-server-scm:jar:2.1.0-SNAPSHOT
[ERROR] dependency: org.apache.ozone:hdds-server-scm:jar:tests:2.1.0-SNAPSHOT (compile)
[ERROR] 	Could not find artifact org.apache.ozone:hdds-server-scm:jar:tests:2.1.0-SNAPSHOT
[ERROR] dependency: org.apache.ozone:ozone-manager:jar:2.1.0-SNAPSHOT (compile)
[ERROR] 	Could not find artifact org.apache.ozone:ozone-manager:jar:2.1.0-SNAPSHOT
[ERROR] dependency: org.apache.ozone:ozone-interface-storage:jar:2.1.0-SNAPSHOT (compile)
[ERROR] 	Could not find artifact org.apache.ozone:ozone-interface-storage:jar:2.1.0-SNAPSHOT
[ERROR] dependency: org.apache.ozone:ozone-recon:jar:2.1.0-SNAPSHOT (compile)
[ERROR] 	Could not find artifact org.apache.ozone:ozone-recon:jar:2.1.0-SNAPSHOT
[ERROR] dependency: org.apache.ozone:hdds-tools:jar:2.1.0-SNAPSHOT (compile)
[ERROR] 	Could not find artifact org.apache.ozone:hdds-tools:jar:2.1.0-SNAPSHOT
[ERROR] -> [Help 2]
[ERROR] Failed to execute goal on project ozone-integration-test: Could not resolve dependencies for project org.apache.ozone:ozone-integration-test:jar:2.1.0-SNAPSHOT
[ERROR] dependency: org.apache.ozone:hdds-server-scm:jar:2.1.0-SNAPSHOT (compile)
[ERROR] 	Could not find artifact org.apache.ozone:hdds-server-scm:jar:2.1.0-SNAPSHOT
[ERROR] dependency: org.apache.ozone:hdds-container-service:jar:2.1.0-SNAPSHOT (compile)
[ERROR] 	Could not find artifact org.apache.ozone:hdds-container-service:jar:2.1.0-SNAPSHOT
[ERROR] dependency: org.apache.ozone:hdds-server-framework:jar:2.1.0-SNAPSHOT (compile)
[ERROR] 	Could not find artifact org.apache.ozone:hdds-server-framework:jar:2.1.0-SNAPSHOT
[ERROR] dependency: org.apache.ozone:hdds-tools:jar:2.1.0-SNAPSHOT (compile)
[ERROR] 	Could not find artifact org.apache.ozone:hdds-tools:jar:2.1.0-SNAPSHOT
[ERROR] dependency: org.apache.ozone:ozone-csi:jar:2.1.0-SNAPSHOT (compile)
[ERROR] 	Could not find artifact org.apache.ozone:ozone-csi:jar:2.1.0-SNAPSHOT
[ERROR] dependency: org.apache.ozone:ozone-manager:jar:2.1.0-SNAPSHOT (compile)
[ERROR] 	Could not find artifact org.apache.ozone:ozone-manager:jar:2.1.0-SNAPSHOT
[ERROR] dependency: org.apache.ozone:ozone-interface-storage:jar:2.1.0-SNAPSHOT (compile)
[ERROR] 	Could not find artifact org.apache.ozone:ozone-interface-storage:jar:2.1.0-SNAPSHOT
[ERROR] dependency: org.apache.ozone:rocksdb-checkpoint-differ:jar:2.1.0-SNAPSHOT (compile)
[ERROR] 	Could not find artifact org.apache.ozone:rocksdb-checkpoint-differ:jar:2.1.0-SNAPSHOT
[ERROR] dependency: org.apache.ozone:ozone-recon:jar:2.1.0-SNAPSHOT (compile)
[ERROR] 	Could not find artifact org.apache.ozone:ozone-recon:jar:2.1.0-SNAPSHOT
[ERROR] dependency: org.apache.ozone:ozone-s3gateway:jar:2.1.0-SNAPSHOT (compile)
[ERROR] 	Could not find artifact org.apache.ozone:ozone-s3gateway:jar:2.1.0-SNAPSHOT
[ERROR] dependency: org.apache.ozone:ozone-tools:jar:2.1.0-SNAPSHOT (compile)
[ERROR] 	Could not find artifact org.apache.ozone:ozone-tools:jar:2.1.0-SNAPSHOT
[ERROR] dependency: org.apache.ozone:hdds-container-service:jar:tests:2.1.0-SNAPSHOT (test)
[ERROR] 	Could not find artifact org.apache.ozone:hdds-container-service:jar:tests:2.1.0-SNAPSHOT
[ERROR] dependency: org.apache.ozone:hdds-server-framework:jar:tests:2.1.0-SNAPSHOT (test)
[ERROR] 	Could not find artifact org.apache.ozone:hdds-server-framework:jar:tests:2.1.0-SNAPSHOT
[ERROR] dependency: org.apache.ozone:hdds-server-scm:jar:tests:2.1.0-SNAPSHOT (test)
[ERROR] 	Could not find artifact org.apache.ozone:hdds-server-scm:jar:tests:2.1.0-SNAPSHOT
[ERROR] dependency: org.apache.ozone:ozone-manager:jar:tests:2.1.0-SNAPSHOT (test)
[ERROR] 	Could not find artifact org.apache.ozone:ozone-manager:jar:tests:2.1.0-SNAPSHOT
[ERROR] dependency: org.apache.ozone:ozone-mini-cluster:jar:2.1.0-SNAPSHOT (test)
[ERROR] 	Could not find artifact org.apache.ozone:ozone-mini-cluster:jar:2.1.0-SNAPSHOT
[ERROR] -> [Help 2]
[ERROR] Failed to execute goal on project mini-chaos-tests: Could not resolve dependencies for project org.apache.ozone:mini-chaos-tests:jar:2.1.0-SNAPSHOT
[ERROR] dependency: org.apache.ozone:hdds-container-service:jar:2.1.0-SNAPSHOT (test)
[ERROR] 	Could not find artifact org.apache.ozone:hdds-container-service:jar:2.1.0-SNAPSHOT
[ERROR] dependency: org.apache.ozone:hdds-server-framework:jar:2.1.0-SNAPSHOT (test)
[ERROR] 	Could not find artifact org.apache.ozone:hdds-server-framework:jar:2.1.0-SNAPSHOT
[ERROR] dependency: org.apache.ozone:hdds-server-scm:jar:2.1.0-SNAPSHOT (test)
[ERROR] 	Could not find artifact org.apache.ozone:hdds-server-scm:jar:2.1.0-SNAPSHOT
[ERROR] dependency: org.apache.ozone:hdds-server-scm:jar:tests:2.1.0-SNAPSHOT (test)
[ERROR] 	Could not find artifact org.apache.ozone:hdds-server-scm:jar:tests:2.1.0-SNAPSHOT
[ERROR] dependency: org.apache.ozone:ozone-integration-test:jar:tests:2.1.0-SNAPSHOT (test)
[ERROR] 	Could not find artifact org.apache.ozone:ozone-integration-test:jar:tests:2.1.0-SNAPSHOT
[ERROR] dependency: org.apache.ozone:hdds-tools:jar:2.1.0-SNAPSHOT (test)
[ERROR] 	Could not find artifact org.apache.ozone:hdds-tools:jar:2.1.0-SNAPSHOT
[ERROR] dependency: org.apache.ozone:ozone-csi:jar:2.1.0-SNAPSHOT (test)
[ERROR] 	Could not find artifact org.apache.ozone:ozone-csi:jar:2.1.0-SNAPSHOT
[ERROR] dependency: org.apache.ozone:ozone-s3gateway:jar:2.1.0-SNAPSHOT (test)
[ERROR] 	Could not find artifact org.apache.ozone:ozone-s3gateway:jar:2.1.0-SNAPSHOT
[ERROR] dependency: org.apache.ozone:ozone-manager:jar:2.1.0-SNAPSHOT (test)
[ERROR] 	Could not find artifact org.apache.ozone:ozone-manager:jar:2.1.0-SNAPSHOT
[ERROR] dependency: org.apache.ozone:ozone-interface-storage:jar:2.1.0-SNAPSHOT (test)
[ERROR] 	Could not find artifact org.apache.ozone:ozone-interface-storage:jar:2.1.0-SNAPSHOT
[ERROR] dependency: org.apache.ozone:rocksdb-checkpoint-differ:jar:2.1.0-SNAPSHOT (test)
[ERROR] 	Could not find artifact org.apache.ozone:rocksdb-checkpoint-differ:jar:2.1.0-SNAPSHOT
[ERROR] dependency: org.apache.ozone:ozone-mini-cluster:jar:2.1.0-SNAPSHOT (test)
[ERROR] 	Could not find artifact org.apache.ozone:ozone-mini-cluster:jar:2.1.0-SNAPSHOT
[ERROR] dependency: org.apache.ozone:ozone-recon:jar:2.1.0-SNAPSHOT (test)
[ERROR] 	Could not find artifact org.apache.ozone:ozone-recon:jar:2.1.0-SNAPSHOT
[ERROR] dependency: org.apache.ozone:ozone-tools:jar:2.1.0-SNAPSHOT (test)
[ERROR] 	Could not find artifact org.apache.ozone:ozone-tools:jar:2.1.0-SNAPSHOT
[ERROR] -> [Help 2]
[ERROR] Failed to execute goal on project ozone-integration-test-s3: Could not resolve dependencies for project org.apache.ozone:ozone-integration-test-s3:jar:2.1.0-SNAPSHOT
[ERROR] dependency: org.apache.ozone:hdds-server-framework:jar:2.1.0-SNAPSHOT (test)
[ERROR] 	Could not find artifact org.apache.ozone:hdds-server-framework:jar:2.1.0-SNAPSHOT
[ERROR] dependency: org.apache.ozone:rocksdb-checkpoint-differ:jar:2.1.0-SNAPSHOT (test)
[ERROR] 	Could not find artifact org.apache.ozone:rocksdb-checkpoint-differ:jar:2.1.0-SNAPSHOT
[ERROR] dependency: org.apache.ozone:ozone-mini-cluster:jar:2.1.0-SNAPSHOT (test)
[ERROR] 	Could not find artifact org.apache.ozone:ozone-mini-cluster:jar:2.1.0-SNAPSHOT
[ERROR] dependency: org.apache.ozone:hdds-container-service:jar:2.1.0-SNAPSHOT (test)
[ERROR] 	Could not find artifact org.apache.ozone:hdds-container-service:jar:2.1.0-SNAPSHOT
[ERROR] dependency: org.apache.ozone:hdds-server-scm:jar:2.1.0-SNAPSHOT (test)
[ERROR] 	Could not find artifact org.apache.ozone:hdds-server-scm:jar:2.1.0-SNAPSHOT
[ERROR] dependency: org.apache.ozone:hdds-server-scm:jar:tests:2.1.0-SNAPSHOT (test)
[ERROR] 	Could not find artifact org.apache.ozone:hdds-server-scm:jar:tests:2.1.0-SNAPSHOT
[ERROR] dependency: org.apache.ozone:ozone-manager:jar:2.1.0-SNAPSHOT (test)
[ERROR] 	Could not find artifact org.apache.ozone:ozone-manager:jar:2.1.0-SNAPSHOT
[ERROR] dependency: org.apache.ozone:ozone-interface-storage:jar:2.1.0-SNAPSHOT (test)
[ERROR] 	Could not find artifact org.apache.ozone:ozone-interface-storage:jar:2.1.0-SNAPSHOT
[ERROR] dependency: org.apache.ozone:ozone-recon:jar:2.1.0-SNAPSHOT (test)
[ERROR] 	Could not find artifact org.apache.ozone:ozone-recon:jar:2.1.0-SNAPSHOT
[ERROR] dependency: org.apache.ozone:hdds-tools:jar:2.1.0-SNAPSHOT (test)
[ERROR] 	Could not find artifact org.apache.ozone:hdds-tools:jar:2.1.0-SNAPSHOT
[ERROR] dependency: org.apache.ozone:ozone-s3gateway:jar:2.1.0-SNAPSHOT (test)
[ERROR] 	Could not find artifact org.apache.ozone:ozone-s3gateway:jar:2.1.0-SNAPSHOT
[ERROR] -> [Help 2]
[ERROR] 
[ERROR] To see the full stack trace of the errors, re-run Maven with the -e switch.
[ERROR] Re-run Maven using the -X switch to enable full debug logging.
[ERROR] 
[ERROR] For more information about the errors and possible solutions, please read the following articles:
[ERROR] [Help 1] http://cwiki.apache.org/confluence/display/MAVEN/MojoExecutionException
[ERROR] [Help 2] http://cwiki.apache.org/confluence/display/MAVEN/DependencyResolutionException
[ERROR] 
[ERROR] After correcting the problems, you can resume the build with the command
[ERROR]   mvn <args> -rf :hdds-rocks-native
[INFO] Build failures were ignored.
