# JRE version: OpenJDK Runtime Environment (8.0_372-b07) (build 1.8.0_372-b07)
# Java VM: OpenJDK 64-Bit Server VM (25.372-b07 mixed mode linux-amd64 compressed oops)
Heap:
 PSYoungGen      total 224256K, used 175284K [0x000000076ab00000, 0x000000077cf80000, 0x00000007c0000000)
  eden space 209408K, 76% used [0x000000076ab00000,0x00000007747b01f8,0x0000000777780000)
  from space 14848K, 99% used [0x0000000777780000,0x00000007785fce20,0x0000000778600000)
  to   space 19968K, 0% used [0x000000077bc00000,0x000000077bc00000,0x000000077cf80000)
 ParOldGen       total 90112K, used 26754K [0x00000006c0000000, 0x00000006c5800000, 0x000000076ab00000)
  object space 90112K, 29% used [0x00000006c0000000,0x00000006c1a20b48,0x00000006c5800000)
 Metaspace       used 50876K, capacity 52572K, committed 52992K, reserved 1095680K
  class space    used 6017K, capacity 6373K, committed 6400K, reserved 1048576K
GC Heap History (10 events):
Event: 3.897 GC heap before
{Heap before GC invocations=9 (full 1):
 PSYoungGen      total 118784K, used 109568K [0x000000076ab00000, 0x0000000779c00000, 0x00000007c0000000)
  eden space 109568K, 100% used [0x000000076ab00000,0x0000000771600000,0x0000000771600000)
  from space 9216K, 0% used [0x0000000771600000,0x0000000771600000,0x0000000771f00000)
  to   space 13824K, 0% used [0x0000000778e80000,0x0000000778e80000,0x0000000779c00000)
 ParOldGen       total 62976K, used 14850K [0x00000006c0000000, 0x00000006c3d80000, 0x000000076ab00000)
  object space 62976K, 23% used [0x00000006c0000000,0x00000006c0e80878,0x00000006c3d80000)
 Metaspace       used 28872K, capacity 30194K, committed 30464K, reserved 1075200K
  class space    used 3536K, capacity 3806K, committed 3840K, reserved 1048576K
Event: 3.917 GC heap after
Heap after GC invocations=9 (full 1):
 PSYoungGen      total 170496K, used 9207K [0x000000076ab00000, 0x0000000779780000, 0x00000007c0000000)
  eden space 161280K, 0% used [0x000000076ab00000,0x000000076ab00000,0x0000000774880000)
  from space 9216K, 99% used [0x0000000778e80000,0x000000077977de98,0x0000000779780000)
  to   space 14336K, 0% used [0x0000000777b80000,0x0000000777b80000,0x0000000778980000)
 ParOldGen       total 62976K, used 14858K [0x00000006c0000000, 0x00000006c3d80000, 0x000000076ab00000)
  object space 62976K, 23% used [0x00000006c0000000,0x00000006c0e82878,0x00000006c3d80000)
 Metaspace       used 28872K, capacity 30194K, committed 30464K, reserved 1075200K
  class space    used 3536K, capacity 3806K, committed 3840K, reserved 1048576K
}
Event: 4.550 GC heap before
{Heap before GC invocations=10 (full 1):
 PSYoungGen      total 170496K, used 123245K [0x000000076ab00000, 0x0000000779780000, 0x00000007c0000000)
  eden space 161280K, 70% used [0x000000076ab00000,0x0000000771a5d800,0x0000000774880000)
  from space 9216K, 99% used [0x0000000778e80000,0x000000077977de98,0x0000000779780000)
  to   space 14336K, 0% used [0x0000000777b80000,0x0000000777b80000,0x0000000778980000)
 ParOldGen       total 62976K, used 14858K [0x00000006c0000000, 0x00000006c3d80000, 0x000000076ab00000)
  object space 62976K, 23% used [0x00000006c0000000,0x00000006c0e82878,0x00000006c3d80000)
 Metaspace       used 33838K, capacity 35254K, committed 35456K, reserved 1081344K
  class space    used 4155K, capacity 4424K, committed 4480K, reserved 1048576K
Event: 4.560 GC heap after
Heap after GC invocations=10 (full 1):
 PSYoungGen      total 216064K, used 10632K [0x000000076ab00000, 0x0000000779080000, 0x00000007c0000000)
  eden space 205312K, 0% used [0x000000076ab00000,0x000000076ab00000,0x0000000777380000)
  from space 10752K, 98% used [0x0000000777b80000,0x00000007785e2310,0x0000000778600000)
  to   space 10752K, 0% used [0x0000000778600000,0x0000000778600000,0x0000000779080000)
 ParOldGen       total 62976K, used 14930K [0x00000006c0000000, 0x00000006c3d80000, 0x000000076ab00000)
  object space 62976K, 23% used [0x00000006c0000000,0x00000006c0e94888,0x00000006c3d80000)
 Metaspace       used 33838K, capacity 35254K, committed 35456K, reserved 1081344K
  class space    used 4155K, capacity 4424K, committed 4480K, reserved 1048576K
}
Event: 4.560 GC heap before
{Heap before GC invocations=11 (full 2):
 PSYoungGen      total 216064K, used 10632K [0x000000076ab00000, 0x0000000779080000, 0x00000007c0000000)
  eden space 205312K, 0% used [0x000000076ab00000,0x000000076ab00000,0x0000000777380000)
  from space 10752K, 98% used [0x0000000777b80000,0x00000007785e2310,0x0000000778600000)
  to   space 10752K, 0% used [0x0000000778600000,0x0000000778600000,0x0000000779080000)
 ParOldGen       total 62976K, used 14930K [0x00000006c0000000, 0x00000006c3d80000, 0x000000076ab00000)
  object space 62976K, 23% used [0x00000006c0000000,0x00000006c0e94888,0x00000006c3d80000)
 Metaspace       used 33838K, capacity 35254K, committed 35456K, reserved 1081344K
  class space    used 4155K, capacity 4424K, committed 4480K, reserved 1048576K
Event: 4.630 GC heap after
Heap after GC invocations=11 (full 2):
 PSYoungGen      total 216064K, used 0K [0x000000076ab00000, 0x0000000779080000, 0x00000007c0000000)
  eden space 205312K, 0% used [0x000000076ab00000,0x000000076ab00000,0x0000000777380000)
  from space 10752K, 0% used [0x0000000777b80000,0x0000000777b80000,0x0000000778600000)
  to   space 10752K, 0% used [0x0000000778600000,0x0000000778600000,0x0000000779080000)
 ParOldGen       total 90112K, used 17364K [0x00000006c0000000, 0x00000006c5800000, 0x000000076ab00000)
  object space 90112K, 19% used [0x00000006c0000000,0x00000006c10f5190,0x00000006c5800000)
 Metaspace       used 33838K, capacity 35254K, committed 35456K, reserved 1081344K
  class space    used 4155K, capacity 4424K, committed 4480K, reserved 1048576K
}
Event: 5.531 GC heap before
{Heap before GC invocations=12 (full 2):
 PSYoungGen      total 216064K, used 205312K [0x000000076ab00000, 0x0000000779080000, 0x00000007c0000000)
  eden space 205312K, 100% used [0x000000076ab00000,0x0000000777380000,0x0000000777380000)
  from space 10752K, 0% used [0x0000000777b80000,0x0000000777b80000,0x0000000778600000)
  to   space 10752K, 0% used [0x0000000778600000,0x0000000778600000,0x0000000779080000)
 ParOldGen       total 90112K, used 17364K [0x00000006c0000000, 0x00000006c5800000, 0x000000076ab00000)
  object space 90112K, 19% used [0x00000006c0000000,0x00000006c10f5190,0x00000006c5800000)
 Metaspace       used 40189K, capacity 41720K, committed 42112K, reserved 1085440K
  class space    used 4885K, capacity 5185K, committed 5248K, reserved 1048576K
Event: 5.540 GC heap after
Heap after GC invocations=12 (full 2):
 PSYoungGen      total 220160K, used 8694K [0x000000076ab00000, 0x000000077be00000, 0x00000007c0000000)
  eden space 209408K, 0% used [0x000000076ab00000,0x000000076ab00000,0x0000000777780000)
  from space 10752K, 80% used [0x0000000778600000,0x0000000778e7d860,0x0000000779080000)
  to   space 14848K, 0% used [0x0000000777780000,0x0000000777780000,0x0000000778600000)
 ParOldGen       total 90112K, used 17372K [0x00000006c0000000, 0x00000006c5800000, 0x000000076ab00000)
  object space 90112K, 19% used [0x00000006c0000000,0x00000006c10f7190,0x00000006c5800000)
 Metaspace       used 40189K, capacity 41720K, committed 42112K, reserved 1085440K
  class space    used 4885K, capacity 5185K, committed 5248K, reserved 1048576K
}
Event: 6.453 GC heap before
{Heap before GC invocations=13 (full 2):
 PSYoungGen      total 220160K, used 218102K [0x000000076ab00000, 0x000000077be00000, 0x00000007c0000000)
  eden space 209408K, 100% used [0x000000076ab00000,0x0000000777780000,0x0000000777780000)
  from space 10752K, 80% used [0x0000000778600000,0x0000000778e7d860,0x0000000779080000)
  to   space 14848K, 0% used [0x0000000777780000,0x0000000777780000,0x0000000778600000)
 ParOldGen       total 90112K, used 17372K [0x00000006c0000000, 0x00000006c5800000, 0x000000076ab00000)
  object space 90112K, 19% used [0x00000006c0000000,0x00000006c10f7190,0x00000006c5800000)
 Metaspace       used 45804K, capacity 47396K, committed 47616K, reserved 1091584K
  class space    used 5536K, capacity 5843K, committed 5888K, reserved 1048576K
Event: 6.476 GC heap after
Heap after GC invocations=13 (full 2):
 PSYoungGen      total 224256K, used 14835K [0x000000076ab00000, 0x000000077cf80000, 0x00000007c0000000)
  eden space 209408K, 0% used [0x000000076ab00000,0x000000076ab00000,0x0000000777780000)
  from space 14848K, 99% used [0x0000000777780000,0x00000007785fce20,0x0000000778600000)
  to   space 19968K, 0% used [0x000000077bc00000,0x000000077bc00000,0x000000077cf80000)
 ParOldGen       total 90112K, used 26754K [0x00000006c0000000, 0x00000006c5800000, 0x000000076ab00000)
  object space 90112K, 29% used [0x00000006c0000000,0x00000006c1a20b48,0x00000006c5800000)
 Metaspace       used 45804K, capacity 47396K, committed 47616K, reserved 1091584K
  class space    used 5536K, capacity 5843K, committed 5888K, reserved 1048576K
}

