# JRE version: OpenJDK Runtime Environment (8.0_372-b07) (build 1.8.0_372-b07)
# Java VM: OpenJDK 64-Bit Server VM (25.372-b07 mixed mode linux-amd64 compressed oops)
Heap:
 PSYoungGen      total 245760K, used 173292K [0x000000076ab00000, 0x000000077f100000, 0x00000007c0000000)
  eden space 230912K, 68% used [0x000000076ab00000,0x00000007745be4d8,0x0000000778c80000)
  from space 14848K, 99% used [0x0000000778c80000,0x0000000779afcc58,0x0000000779b00000)
  to   space 20480K, 0% used [0x000000077dd00000,0x000000077dd00000,0x000000077f100000)
 ParOldGen       total 82944K, used 27263K [0x00000006c0000000, 0x00000006c5100000, 0x000000076ab00000)
  object space 82944K, 32% used [0x00000006c0000000,0x00000006c1a9fdd8,0x00000006c5100000)
 Metaspace       used 50922K, capacity 52568K, committed 52992K, reserved 1095680K
  class space    used 6018K, capacity 6373K, committed 6400K, reserved 1048576K
GC Heap History (10 events):
Event: 4.276 GC heap before
{Heap before GC invocations=9 (full 1):
 PSYoungGen      total 119296K, used 110080K [0x000000076ab00000, 0x0000000779d00000, 0x00000007c0000000)
  eden space 110080K, 100% used [0x000000076ab00000,0x0000000771680000,0x0000000771680000)
  from space 9216K, 0% used [0x0000000771680000,0x0000000771680000,0x0000000771f80000)
  to   space 13824K, 0% used [0x0000000778f80000,0x0000000778f80000,0x0000000779d00000)
 ParOldGen       total 59904K, used 14722K [0x00000006c0000000, 0x00000006c3a80000, 0x000000076ab00000)
  object space 59904K, 24% used [0x00000006c0000000,0x00000006c0e60ab8,0x00000006c3a80000)
 Metaspace       used 28839K, capacity 30126K, committed 30464K, reserved 1075200K
  class space    used 3537K, capacity 3806K, committed 3840K, reserved 1048576K
Event: 4.298 GC heap after
Heap after GC invocations=9 (full 1):
 PSYoungGen      total 181248K, used 9254K [0x000000076ab00000, 0x0000000779900000, 0x00000007c0000000)
  eden space 171520K, 0% used [0x000000076ab00000,0x000000076ab00000,0x0000000775280000)
  from space 9728K, 95% used [0x0000000778f80000,0x0000000779889ae0,0x0000000779900000)
  to   space 14336K, 0% used [0x0000000777d00000,0x0000000777d00000,0x0000000778b00000)
 ParOldGen       total 59904K, used 14722K [0x00000006c0000000, 0x00000006c3a80000, 0x000000076ab00000)
  object space 59904K, 24% used [0x00000006c0000000,0x00000006c0e60ab8,0x00000006c3a80000)
 Metaspace       used 28839K, capacity 30126K, committed 30464K, reserved 1075200K
  class space    used 3537K, capacity 3806K, committed 3840K, reserved 1048576K
}
Event: 5.034 GC heap before
{Heap before GC invocations=10 (full 1):
 PSYoungGen      total 181248K, used 129951K [0x000000076ab00000, 0x0000000779900000, 0x00000007c0000000)
  eden space 171520K, 70% used [0x000000076ab00000,0x00000007720de378,0x0000000775280000)
  from space 9728K, 95% used [0x0000000778f80000,0x0000000779889ae0,0x0000000779900000)
  to   space 14336K, 0% used [0x0000000777d00000,0x0000000777d00000,0x0000000778b00000)
 ParOldGen       total 59904K, used 14722K [0x00000006c0000000, 0x00000006c3a80000, 0x000000076ab00000)
  object space 59904K, 24% used [0x00000006c0000000,0x00000006c0e60ab8,0x00000006c3a80000)
 Metaspace       used 33887K, capacity 35244K, committed 35456K, reserved 1081344K
  class space    used 4154K, capacity 4423K, committed 4480K, reserved 1048576K
Event: 5.061 GC heap after
Heap after GC invocations=10 (full 1):
 PSYoungGen      total 229376K, used 10871K [0x000000076ab00000, 0x000000077a980000, 0x00000007c0000000)
  eden space 215040K, 0% used [0x000000076ab00000,0x000000076ab00000,0x0000000777d00000)
  from space 14336K, 75% used [0x0000000777d00000,0x000000077879df38,0x0000000778b00000)
  to   space 14848K, 0% used [0x0000000779b00000,0x0000000779b00000,0x000000077a980000)
 ParOldGen       total 59904K, used 14722K [0x00000006c0000000, 0x00000006c3a80000, 0x000000076ab00000)
  object space 59904K, 24% used [0x00000006c0000000,0x00000006c0e60ab8,0x00000006c3a80000)
 Metaspace       used 33887K, capacity 35244K, committed 35456K, reserved 1081344K
  class space    used 4154K, capacity 4423K, committed 4480K, reserved 1048576K
}
Event: 5.061 GC heap before
{Heap before GC invocations=11 (full 2):
 PSYoungGen      total 229376K, used 10871K [0x000000076ab00000, 0x000000077a980000, 0x00000007c0000000)
  eden space 215040K, 0% used [0x000000076ab00000,0x000000076ab00000,0x0000000777d00000)
  from space 14336K, 75% used [0x0000000777d00000,0x000000077879df38,0x0000000778b00000)
  to   space 14848K, 0% used [0x0000000779b00000,0x0000000779b00000,0x000000077a980000)
 ParOldGen       total 59904K, used 14722K [0x00000006c0000000, 0x00000006c3a80000, 0x000000076ab00000)
  object space 59904K, 24% used [0x00000006c0000000,0x00000006c0e60ab8,0x00000006c3a80000)
 Metaspace       used 33887K, capacity 35244K, committed 35456K, reserved 1081344K
  class space    used 4154K, capacity 4423K, committed 4480K, reserved 1048576K
Event: 5.144 GC heap after
Heap after GC invocations=11 (full 2):
 PSYoungGen      total 229376K, used 0K [0x000000076ab00000, 0x000000077a980000, 0x00000007c0000000)
  eden space 215040K, 0% used [0x000000076ab00000,0x000000076ab00000,0x0000000777d00000)
  from space 14336K, 0% used [0x0000000777d00000,0x0000000777d00000,0x0000000778b00000)
  to   space 14848K, 0% used [0x0000000779b00000,0x0000000779b00000,0x000000077a980000)
 ParOldGen       total 82944K, used 17527K [0x00000006c0000000, 0x00000006c5100000, 0x000000076ab00000)
  object space 82944K, 21% used [0x00000006c0000000,0x00000006c111dc50,0x00000006c5100000)
 Metaspace       used 33887K, capacity 35244K, committed 35456K, reserved 1081344K
  class space    used 4154K, capacity 4423K, committed 4480K, reserved 1048576K
}
Event: 6.152 GC heap before
{Heap before GC invocations=12 (full 2):
 PSYoungGen      total 229376K, used 215040K [0x000000076ab00000, 0x000000077a980000, 0x00000007c0000000)
  eden space 215040K, 100% used [0x000000076ab00000,0x0000000777d00000,0x0000000777d00000)
  from space 14336K, 0% used [0x0000000777d00000,0x0000000777d00000,0x0000000778b00000)
  to   space 14848K, 0% used [0x0000000779b00000,0x0000000779b00000,0x000000077a980000)
 ParOldGen       total 82944K, used 17527K [0x00000006c0000000, 0x00000006c5100000, 0x000000076ab00000)
  object space 82944K, 21% used [0x00000006c0000000,0x00000006c111dc50,0x00000006c5100000)
 Metaspace       used 40175K, capacity 41664K, committed 42112K, reserved 1085440K
  class space    used 4886K, capacity 5187K, committed 5248K, reserved 1048576K
Event: 6.163 GC heap after
Heap after GC invocations=12 (full 2):
 PSYoungGen      total 245760K, used 8581K [0x000000076ab00000, 0x000000077d280000, 0x00000007c0000000)
  eden space 230912K, 0% used [0x000000076ab00000,0x000000076ab00000,0x0000000778c80000)
  from space 14848K, 57% used [0x0000000779b00000,0x000000077a361448,0x000000077a980000)
  to   space 14848K, 0% used [0x0000000778c80000,0x0000000778c80000,0x0000000779b00000)
 ParOldGen       total 82944K, used 17535K [0x00000006c0000000, 0x00000006c5100000, 0x000000076ab00000)
  object space 82944K, 21% used [0x00000006c0000000,0x00000006c111fc50,0x00000006c5100000)
 Metaspace       used 40175K, capacity 41664K, committed 42112K, reserved 1085440K
  class space    used 4886K, capacity 5187K, committed 5248K, reserved 1048576K
}
Event: 7.123 GC heap before
{Heap before GC invocations=13 (full 2):
 PSYoungGen      total 245760K, used 239493K [0x000000076ab00000, 0x000000077d280000, 0x00000007c0000000)
  eden space 230912K, 100% used [0x000000076ab00000,0x0000000778c80000,0x0000000778c80000)
  from space 14848K, 57% used [0x0000000779b00000,0x000000077a361448,0x000000077a980000)
  to   space 14848K, 0% used [0x0000000778c80000,0x0000000778c80000,0x0000000779b00000)
 ParOldGen       total 82944K, used 17535K [0x00000006c0000000, 0x00000006c5100000, 0x000000076ab00000)
  object space 82944K, 21% used [0x00000006c0000000,0x00000006c111fc50,0x00000006c5100000)
 Metaspace       used 46088K, capacity 47680K, committed 47872K, reserved 1091584K
  class space    used 5566K, capacity 5875K, committed 5888K, reserved 1048576K
Event: 7.146 GC heap after
Heap after GC invocations=13 (full 2):
 PSYoungGen      total 245760K, used 14835K [0x000000076ab00000, 0x000000077f100000, 0x00000007c0000000)
  eden space 230912K, 0% used [0x000000076ab00000,0x000000076ab00000,0x0000000778c80000)
  from space 14848K, 99% used [0x0000000778c80000,0x0000000779afcc58,0x0000000779b00000)
  to   space 20480K, 0% used [0x000000077dd00000,0x000000077dd00000,0x000000077f100000)
 ParOldGen       total 82944K, used 27263K [0x00000006c0000000, 0x00000006c5100000, 0x000000076ab00000)
  object space 82944K, 32% used [0x00000006c0000000,0x00000006c1a9fdd8,0x00000006c5100000)
 Metaspace       used 46088K, capacity 47680K, committed 47872K, reserved 1091584K
  class space    used 5566K, capacity 5875K, committed 5888K, reserved 1048576K
}

