# JRE version: OpenJDK Runtime Environment (8.0_372-b07) (build 1.8.0_372-b07)
# Java VM: OpenJDK 64-Bit Server VM (25.372-b07 mixed mode linux-amd64 compressed oops)
Heap:
 PSYoungGen      total 226816K, used 215922K [0x000000076ab00000, 0x000000077d480000, 0x00000007c0000000)
  eden space 211968K, 94% used [0x000000076ab00000,0x0000000776f5e788,0x0000000777a00000)
  from space 14848K, 99% used [0x0000000777a00000,0x000000077887e280,0x0000000778880000)
  to   space 20480K, 0% used [0x000000077c080000,0x000000077c080000,0x000000077d480000)
 ParOldGen       total 90112K, used 27189K [0x00000006c0000000, 0x00000006c5800000, 0x000000076ab00000)
  object space 90112K, 30% used [0x00000006c0000000,0x00000006c1a8d560,0x00000006c5800000)
 Metaspace       used 50902K, capacity 52568K, committed 52992K, reserved 1095680K
  class space    used 6022K, capacity 6373K, committed 6400K, reserved 1048576K
GC Heap History (10 events):
Event: 4.201 GC heap before
{Heap before GC invocations=9 (full 1):
 PSYoungGen      total 119296K, used 110080K [0x000000076ab00000, 0x0000000779d00000, 0x00000007c0000000)
  eden space 110080K, 100% used [0x000000076ab00000,0x0000000771680000,0x0000000771680000)
  from space 9216K, 0% used [0x0000000771680000,0x0000000771680000,0x0000000771f80000)
  to   space 13824K, 0% used [0x0000000778f80000,0x0000000778f80000,0x0000000779d00000)
 ParOldGen       total 61952K, used 14813K [0x00000006c0000000, 0x00000006c3c80000, 0x000000076ab00000)
  object space 61952K, 23% used [0x00000006c0000000,0x00000006c0e776e8,0x00000006c3c80000)
 Metaspace       used 28808K, capacity 30126K, committed 30464K, reserved 1075200K
  class space    used 3542K, capacity 3806K, committed 3840K, reserved 1048576K
Event: 4.216 GC heap after
Heap after GC invocations=9 (full 1):
 PSYoungGen      total 174080K, used 9754K [0x000000076ab00000, 0x0000000779980000, 0x00000007c0000000)
  eden space 163840K, 0% used [0x000000076ab00000,0x000000076ab00000,0x0000000774b00000)
  from space 10240K, 95% used [0x0000000778f80000,0x0000000779906bc8,0x0000000779980000)
  to   space 14336K, 0% used [0x0000000777d80000,0x0000000777d80000,0x0000000778b80000)
 ParOldGen       total 61952K, used 14821K [0x00000006c0000000, 0x00000006c3c80000, 0x000000076ab00000)
  object space 61952K, 23% used [0x00000006c0000000,0x00000006c0e796e8,0x00000006c3c80000)
 Metaspace       used 28808K, capacity 30126K, committed 30464K, reserved 1075200K
  class space    used 3542K, capacity 3806K, committed 3840K, reserved 1048576K
}
Event: 4.869 GC heap before
{Heap before GC invocations=10 (full 1):
 PSYoungGen      total 174080K, used 124923K [0x000000076ab00000, 0x0000000779980000, 0x00000007c0000000)
  eden space 163840K, 70% used [0x000000076ab00000,0x0000000771b780d0,0x0000000774b00000)
  from space 10240K, 95% used [0x0000000778f80000,0x0000000779906bc8,0x0000000779980000)
  to   space 14336K, 0% used [0x0000000777d80000,0x0000000777d80000,0x0000000778b80000)
 ParOldGen       total 61952K, used 14821K [0x00000006c0000000, 0x00000006c3c80000, 0x000000076ab00000)
  object space 61952K, 23% used [0x00000006c0000000,0x00000006c0e796e8,0x00000006c3c80000)
 Metaspace       used 33865K, capacity 35250K, committed 35456K, reserved 1081344K
  class space    used 4158K, capacity 4424K, committed 4480K, reserved 1048576K
Event: 4.882 GC heap after
Heap after GC invocations=10 (full 1):
 PSYoungGen      total 222720K, used 10887K [0x000000076ab00000, 0x0000000779780000, 0x00000007c0000000)
  eden space 211456K, 0% used [0x000000076ab00000,0x000000076ab00000,0x0000000777980000)
  from space 11264K, 96% used [0x0000000777d80000,0x0000000778821cb0,0x0000000778880000)
  to   space 15360K, 0% used [0x0000000778880000,0x0000000778880000,0x0000000779780000)
 ParOldGen       total 61952K, used 14829K [0x00000006c0000000, 0x00000006c3c80000, 0x000000076ab00000)
  object space 61952K, 23% used [0x00000006c0000000,0x00000006c0e7b6e8,0x00000006c3c80000)
 Metaspace       used 33865K, capacity 35250K, committed 35456K, reserved 1081344K
  class space    used 4158K, capacity 4424K, committed 4480K, reserved 1048576K
}
Event: 4.882 GC heap before
{Heap before GC invocations=11 (full 2):
 PSYoungGen      total 222720K, used 10887K [0x000000076ab00000, 0x0000000779780000, 0x00000007c0000000)
  eden space 211456K, 0% used [0x000000076ab00000,0x000000076ab00000,0x0000000777980000)
  from space 11264K, 96% used [0x0000000777d80000,0x0000000778821cb0,0x0000000778880000)
  to   space 15360K, 0% used [0x0000000778880000,0x0000000778880000,0x0000000779780000)
 ParOldGen       total 61952K, used 14829K [0x00000006c0000000, 0x00000006c3c80000, 0x000000076ab00000)
  object space 61952K, 23% used [0x00000006c0000000,0x00000006c0e7b6e8,0x00000006c3c80000)
 Metaspace       used 33865K, capacity 35250K, committed 35456K, reserved 1081344K
  class space    used 4158K, capacity 4424K, committed 4480K, reserved 1048576K
Event: 4.962 GC heap after
Heap after GC invocations=11 (full 2):
 PSYoungGen      total 222720K, used 0K [0x000000076ab00000, 0x0000000779780000, 0x00000007c0000000)
  eden space 211456K, 0% used [0x000000076ab00000,0x000000076ab00000,0x0000000777980000)
  from space 11264K, 0% used [0x0000000777d80000,0x0000000777d80000,0x0000000778880000)
  to   space 15360K, 0% used [0x0000000778880000,0x0000000778880000,0x0000000779780000)
 ParOldGen       total 90112K, used 17524K [0x00000006c0000000, 0x00000006c5800000, 0x000000076ab00000)
  object space 90112K, 19% used [0x00000006c0000000,0x00000006c111d0a8,0x00000006c5800000)
 Metaspace       used 33865K, capacity 35250K, committed 35456K, reserved 1081344K
  class space    used 4158K, capacity 4424K, committed 4480K, reserved 1048576K
}
Event: 5.867 GC heap before
{Heap before GC invocations=12 (full 2):
 PSYoungGen      total 222720K, used 211456K [0x000000076ab00000, 0x0000000779780000, 0x00000007c0000000)
  eden space 211456K, 100% used [0x000000076ab00000,0x0000000777980000,0x0000000777980000)
  from space 11264K, 0% used [0x0000000777d80000,0x0000000777d80000,0x0000000778880000)
  to   space 15360K, 0% used [0x0000000778880000,0x0000000778880000,0x0000000779780000)
 ParOldGen       total 90112K, used 17524K [0x00000006c0000000, 0x00000006c5800000, 0x000000076ab00000)
  object space 90112K, 19% used [0x00000006c0000000,0x00000006c111d0a8,0x00000006c5800000)
 Metaspace       used 40148K, capacity 41658K, committed 42112K, reserved 1085440K
  class space    used 4888K, capacity 5186K, committed 5248K, reserved 1048576K
Event: 5.881 GC heap after
Heap after GC invocations=12 (full 2):
 PSYoungGen      total 227328K, used 8586K [0x000000076ab00000, 0x000000077c580000, 0x00000007c0000000)
  eden space 211968K, 0% used [0x000000076ab00000,0x000000076ab00000,0x0000000777a00000)
  from space 15360K, 55% used [0x0000000778880000,0x00000007790e2868,0x0000000779780000)
  to   space 14848K, 0% used [0x0000000777a00000,0x0000000777a00000,0x0000000778880000)
 ParOldGen       total 90112K, used 17532K [0x00000006c0000000, 0x00000006c5800000, 0x000000076ab00000)
  object space 90112K, 19% used [0x00000006c0000000,0x00000006c111f0a8,0x00000006c5800000)
 Metaspace       used 40148K, capacity 41658K, committed 42112K, reserved 1085440K
  class space    used 4888K, capacity 5186K, committed 5248K, reserved 1048576K
}
Event: 6.760 GC heap before
{Heap before GC invocations=13 (full 2):
 PSYoungGen      total 227328K, used 220554K [0x000000076ab00000, 0x000000077c580000, 0x00000007c0000000)
  eden space 211968K, 100% used [0x000000076ab00000,0x0000000777a00000,0x0000000777a00000)
  from space 15360K, 55% used [0x0000000778880000,0x00000007790e2868,0x0000000779780000)
  to   space 14848K, 0% used [0x0000000777a00000,0x0000000777a00000,0x0000000778880000)
 ParOldGen       total 90112K, used 17532K [0x00000006c0000000, 0x00000006c5800000, 0x000000076ab00000)
  object space 90112K, 19% used [0x00000006c0000000,0x00000006c111f0a8,0x00000006c5800000)
 Metaspace       used 45131K, capacity 46688K, committed 47104K, reserved 1091584K
  class space    used 5473K, capacity 5779K, committed 5888K, reserved 1048576K
Event: 6.784 GC heap after
Heap after GC invocations=13 (full 2):
 PSYoungGen      total 226816K, used 14840K [0x000000076ab00000, 0x000000077d480000, 0x00000007c0000000)
  eden space 211968K, 0% used [0x000000076ab00000,0x000000076ab00000,0x0000000777a00000)
  from space 14848K, 99% used [0x0000000777a00000,0x000000077887e280,0x0000000778880000)
  to   space 20480K, 0% used [0x000000077c080000,0x000000077c080000,0x000000077d480000)
 ParOldGen       total 90112K, used 27189K [0x00000006c0000000, 0x00000006c5800000, 0x000000076ab00000)
  object space 90112K, 30% used [0x00000006c0000000,0x00000006c1a8d560,0x00000006c5800000)
 Metaspace       used 45131K, capacity 46688K, committed 47104K, reserved 1091584K
  class space    used 5473K, capacity 5779K, committed 5888K, reserved 1048576K
}

