# JRE version: OpenJDK Runtime Environment (8.0_372-b07) (build 1.8.0_372-b07)
# Java VM: OpenJDK 64-Bit Server VM (25.372-b07 mixed mode linux-amd64 compressed oops)
Heap:
 PSYoungGen      total 233984K, used 178033K [0x000000076ab00000, 0x000000077e180000, 0x00000007c0000000)
  eden space 219136K, 74% used [0x000000076ab00000,0x0000000774a607d8,0x0000000778100000)
  from space 14848K, 99% used [0x0000000778100000,0x0000000778f7bf30,0x0000000778f80000)
  to   space 20480K, 0% used [0x000000077cd80000,0x000000077cd80000,0x000000077e180000)
 ParOldGen       total 85504K, used 26782K [0x00000006c0000000, 0x00000006c5380000, 0x000000076ab00000)
  object space 85504K, 31% used [0x00000006c0000000,0x00000006c1a27a30,0x00000006c5380000)
 Metaspace       used 50922K, capacity 52552K, committed 52992K, reserved 1095680K
  class space    used 6027K, capacity 6373K, committed 6400K, reserved 1048576K
GC Heap History (10 events):
Event: 3.975 GC heap before
{Heap before GC invocations=9 (full 1):
 PSYoungGen      total 118784K, used 109568K [0x000000076ab00000, 0x0000000779c00000, 0x00000007c0000000)
  eden space 109568K, 100% used [0x000000076ab00000,0x0000000771600000,0x0000000771600000)
  from space 9216K, 0% used [0x0000000771600000,0x0000000771600000,0x0000000771f00000)
  to   space 13824K, 0% used [0x0000000778e80000,0x0000000778e80000,0x0000000779c00000)
 ParOldGen       total 61440K, used 14836K [0x00000006c0000000, 0x00000006c3c00000, 0x000000076ab00000)
  object space 61440K, 24% used [0x00000006c0000000,0x00000006c0e7d298,0x00000006c3c00000)
 Metaspace       used 28897K, capacity 30174K, committed 30464K, reserved 1075200K
  class space    used 3549K, capacity 3806K, committed 3840K, reserved 1048576K
Event: 3.994 GC heap after
Heap after GC invocations=9 (full 1):
 PSYoungGen      total 176640K, used 9729K [0x000000076ab00000, 0x0000000779880000, 0x00000007c0000000)
  eden space 166400K, 0% used [0x000000076ab00000,0x000000076ab00000,0x0000000774d80000)
  from space 10240K, 95% used [0x0000000778e80000,0x0000000779800528,0x0000000779880000)
  to   space 14336K, 0% used [0x0000000777c80000,0x0000000777c80000,0x0000000778a80000)
 ParOldGen       total 61440K, used 14844K [0x00000006c0000000, 0x00000006c3c00000, 0x000000076ab00000)
  object space 61440K, 24% used [0x00000006c0000000,0x00000006c0e7f298,0x00000006c3c00000)
 Metaspace       used 28897K, capacity 30174K, committed 30464K, reserved 1075200K
  class space    used 3549K, capacity 3806K, committed 3840K, reserved 1048576K
}
Event: 4.613 GC heap before
{Heap before GC invocations=10 (full 1):
 PSYoungGen      total 176640K, used 123642K [0x000000076ab00000, 0x0000000779880000, 0x00000007c0000000)
  eden space 166400K, 68% used [0x000000076ab00000,0x0000000771a3e610,0x0000000774d80000)
  from space 10240K, 95% used [0x0000000778e80000,0x0000000779800528,0x0000000779880000)
  to   space 14336K, 0% used [0x0000000777c80000,0x0000000777c80000,0x0000000778a80000)
 ParOldGen       total 61440K, used 14844K [0x00000006c0000000, 0x00000006c3c00000, 0x000000076ab00000)
  object space 61440K, 24% used [0x00000006c0000000,0x00000006c0e7f298,0x00000006c3c00000)
 Metaspace       used 33817K, capacity 35228K, committed 35456K, reserved 1081344K
  class space    used 4158K, capacity 4423K, committed 4480K, reserved 1048576K
Event: 4.631 GC heap after
Heap after GC invocations=10 (full 1):
 PSYoungGen      total 228864K, used 10620K [0x000000076ab00000, 0x0000000779e00000, 0x00000007c0000000)
  eden space 214528K, 0% used [0x000000076ab00000,0x000000076ab00000,0x0000000777c80000)
  from space 14336K, 74% used [0x0000000777c80000,0x00000007786df300,0x0000000778a80000)
  to   space 14848K, 0% used [0x0000000778f80000,0x0000000778f80000,0x0000000779e00000)
 ParOldGen       total 61440K, used 14852K [0x00000006c0000000, 0x00000006c3c00000, 0x000000076ab00000)
  object space 61440K, 24% used [0x00000006c0000000,0x00000006c0e81298,0x00000006c3c00000)
 Metaspace       used 33817K, capacity 35228K, committed 35456K, reserved 1081344K
  class space    used 4158K, capacity 4423K, committed 4480K, reserved 1048576K
}
Event: 4.631 GC heap before
{Heap before GC invocations=11 (full 2):
 PSYoungGen      total 228864K, used 10620K [0x000000076ab00000, 0x0000000779e00000, 0x00000007c0000000)
  eden space 214528K, 0% used [0x000000076ab00000,0x000000076ab00000,0x0000000777c80000)
  from space 14336K, 74% used [0x0000000777c80000,0x00000007786df300,0x0000000778a80000)
  to   space 14848K, 0% used [0x0000000778f80000,0x0000000778f80000,0x0000000779e00000)
 ParOldGen       total 61440K, used 14852K [0x00000006c0000000, 0x00000006c3c00000, 0x000000076ab00000)
  object space 61440K, 24% used [0x00000006c0000000,0x00000006c0e81298,0x00000006c3c00000)
 Metaspace       used 33817K, capacity 35228K, committed 35456K, reserved 1081344K
  class space    used 4158K, capacity 4423K, committed 4480K, reserved 1048576K
Event: 4.703 GC heap after
Heap after GC invocations=11 (full 2):
 PSYoungGen      total 228864K, used 0K [0x000000076ab00000, 0x0000000779e00000, 0x00000007c0000000)
  eden space 214528K, 0% used [0x000000076ab00000,0x000000076ab00000,0x0000000777c80000)
  from space 14336K, 0% used [0x0000000777c80000,0x0000000777c80000,0x0000000778a80000)
  to   space 14848K, 0% used [0x0000000778f80000,0x0000000778f80000,0x0000000779e00000)
 ParOldGen       total 85504K, used 17314K [0x00000006c0000000, 0x00000006c5380000, 0x000000076ab00000)
  object space 85504K, 20% used [0x00000006c0000000,0x00000006c10e8af8,0x00000006c5380000)
 Metaspace       used 33817K, capacity 35228K, committed 35456K, reserved 1081344K
  class space    used 4158K, capacity 4423K, committed 4480K, reserved 1048576K
}
Event: 5.708 GC heap before
{Heap before GC invocations=12 (full 2):
 PSYoungGen      total 228864K, used 214528K [0x000000076ab00000, 0x0000000779e00000, 0x00000007c0000000)
  eden space 214528K, 100% used [0x000000076ab00000,0x0000000777c80000,0x0000000777c80000)
  from space 14336K, 0% used [0x0000000777c80000,0x0000000777c80000,0x0000000778a80000)
  to   space 14848K, 0% used [0x0000000778f80000,0x0000000778f80000,0x0000000779e00000)
 ParOldGen       total 85504K, used 17314K [0x00000006c0000000, 0x00000006c5380000, 0x000000076ab00000)
  object space 85504K, 20% used [0x00000006c0000000,0x00000006c10e8af8,0x00000006c5380000)
 Metaspace       used 40224K, capacity 41706K, committed 42112K, reserved 1085440K
  class space    used 4896K, capacity 5186K, committed 5248K, reserved 1048576K
Event: 5.723 GC heap after
Heap after GC invocations=12 (full 2):
 PSYoungGen      total 233984K, used 8676K [0x000000076ab00000, 0x000000077d080000, 0x00000007c0000000)
  eden space 219136K, 0% used [0x000000076ab00000,0x000000076ab00000,0x0000000778100000)
  from space 14848K, 58% used [0x0000000778f80000,0x00000007797f9148,0x0000000779e00000)
  to   space 14848K, 0% used [0x0000000778100000,0x0000000778100000,0x0000000778f80000)
 ParOldGen       total 85504K, used 17322K [0x00000006c0000000, 0x00000006c5380000, 0x000000076ab00000)
  object space 85504K, 20% used [0x00000006c0000000,0x00000006c10eaaf8,0x00000006c5380000)
 Metaspace       used 40224K, capacity 41706K, committed 42112K, reserved 1085440K
  class space    used 4896K, capacity 5186K, committed 5248K, reserved 1048576K
}
Event: 6.624 GC heap before
{Heap before GC invocations=13 (full 2):
 PSYoungGen      total 233984K, used 227812K [0x000000076ab00000, 0x000000077d080000, 0x00000007c0000000)
  eden space 219136K, 100% used [0x000000076ab00000,0x0000000778100000,0x0000000778100000)
  from space 14848K, 58% used [0x0000000778f80000,0x00000007797f9148,0x0000000779e00000)
  to   space 14848K, 0% used [0x0000000778100000,0x0000000778100000,0x0000000778f80000)
 ParOldGen       total 85504K, used 17322K [0x00000006c0000000, 0x00000006c5380000, 0x000000076ab00000)
  object space 85504K, 20% used [0x00000006c0000000,0x00000006c10eaaf8,0x00000006c5380000)
 Metaspace       used 45725K, capacity 47344K, committed 47616K, reserved 1091584K
  class space    used 5534K, capacity 5875K, committed 5888K, reserved 1048576K
Event: 6.647 GC heap after
Heap after GC invocations=13 (full 2):
 PSYoungGen      total 233984K, used 14831K [0x000000076ab00000, 0x000000077e180000, 0x00000007c0000000)
  eden space 219136K, 0% used [0x000000076ab00000,0x000000076ab00000,0x0000000778100000)
  from space 14848K, 99% used [0x0000000778100000,0x0000000778f7bf30,0x0000000778f80000)
  to   space 20480K, 0% used [0x000000077cd80000,0x000000077cd80000,0x000000077e180000)
 ParOldGen       total 85504K, used 26782K [0x00000006c0000000, 0x00000006c5380000, 0x000000076ab00000)
  object space 85504K, 31% used [0x00000006c0000000,0x00000006c1a27a30,0x00000006c5380000)
 Metaspace       used 45725K, capacity 47344K, committed 47616K, reserved 1091584K
  class space    used 5534K, capacity 5875K, committed 5888K, reserved 1048576K
}

