# JRE version: OpenJDK Runtime Environment (8.0_372-b07) (build 1.8.0_372-b07)
# Java VM: OpenJDK 64-Bit Server VM (25.372-b07 mixed mode linux-amd64 compressed oops)
Heap:
 PSYoungGen      total 269312K, used 21616K [0x000000076ab00000, 0x000000077cb80000, 0x00000007c0000000)
  eden space 255488K, 4% used [0x000000076ab00000,0x000000076b5bc090,0x000000077a480000)
  from space 13824K, 76% used [0x000000077be00000,0x000000077c860178,0x000000077cb80000)
  to   space 19968K, 0% used [0x000000077a480000,0x000000077a480000,0x000000077b800000)
 ParOldGen       total 88576K, used 26672K [0x00000006c0000000, 0x00000006c5680000, 0x000000076ab00000)
  object space 88576K, 30% used [0x00000006c0000000,0x00000006c1a0c0d8,0x00000006c5680000)
 Metaspace       used 51024K, capacity 52716K, committed 52952K, reserved 1095680K
  class space    used 6038K, capacity 6397K, committed 6400K, reserved 1048576K
GC Heap History (10 events):
Event: 4.866 GC heap before
{Heap before GC invocations=10 (full 1):
 PSYoungGen      total 173056K, used 121998K [0x000000076ab00000, 0x0000000779800000, 0x00000007c0000000)
  eden space 163328K, 69% used [0x000000076ab00000,0x000000077191a528,0x0000000774a80000)
  from space 9728K, 95% used [0x0000000778e80000,0x0000000779789618,0x0000000779800000)
  to   space 14336K, 0% used [0x0000000777c00000,0x0000000777c00000,0x0000000778a00000)
 ParOldGen       total 61440K, used 14683K [0x00000006c0000000, 0x00000006c3c00000, 0x000000076ab00000)
  object space 61440K, 23% used [0x00000006c0000000,0x00000006c0e56f00,0x00000006c3c00000)
 Metaspace       used 33702K, capacity 35162K, committed 35416K, reserved 1081344K
  class space    used 4143K, capacity 4414K, committed 4480K, reserved 1048576K
Event: 4.880 GC heap after
Heap after GC invocations=10 (full 1):
 PSYoungGen      total 221696K, used 10477K [0x000000076ab00000, 0x0000000779600000, 0x00000007c0000000)
  eden space 210944K, 0% used [0x000000076ab00000,0x000000076ab00000,0x0000000777900000)
  from space 10752K, 97% used [0x0000000777c00000,0x000000077863b778,0x0000000778680000)
  to   space 14848K, 0% used [0x0000000778780000,0x0000000778780000,0x0000000779600000)
 ParOldGen       total 61440K, used 14755K [0x00000006c0000000, 0x00000006c3c00000, 0x000000076ab00000)
  object space 61440K, 24% used [0x00000006c0000000,0x00000006c0e68f10,0x00000006c3c00000)
 Metaspace       used 33702K, capacity 35162K, committed 35416K, reserved 1081344K
  class space    used 4143K, capacity 4414K, committed 4480K, reserved 1048576K
}
Event: 4.880 GC heap before
{Heap before GC invocations=11 (full 2):
 PSYoungGen      total 221696K, used 10477K [0x000000076ab00000, 0x0000000779600000, 0x00000007c0000000)
  eden space 210944K, 0% used [0x000000076ab00000,0x000000076ab00000,0x0000000777900000)
  from space 10752K, 97% used [0x0000000777c00000,0x000000077863b778,0x0000000778680000)
  to   space 14848K, 0% used [0x0000000778780000,0x0000000778780000,0x0000000779600000)
 ParOldGen       total 61440K, used 14755K [0x00000006c0000000, 0x00000006c3c00000, 0x000000076ab00000)
  object space 61440K, 24% used [0x00000006c0000000,0x00000006c0e68f10,0x00000006c3c00000)
 Metaspace       used 33702K, capacity 35162K, committed 35416K, reserved 1081344K
  class space    used 4143K, capacity 4414K, committed 4480K, reserved 1048576K
Event: 4.964 GC heap after
Heap after GC invocations=11 (full 2):
 PSYoungGen      total 221696K, used 0K [0x000000076ab00000, 0x0000000779600000, 0x00000007c0000000)
  eden space 210944K, 0% used [0x000000076ab00000,0x000000076ab00000,0x0000000777900000)
  from space 10752K, 0% used [0x0000000777c00000,0x0000000777c00000,0x0000000778680000)
  to   space 14848K, 0% used [0x0000000778780000,0x0000000778780000,0x0000000779600000)
 ParOldGen       total 88576K, used 17234K [0x00000006c0000000, 0x00000006c5680000, 0x000000076ab00000)
  object space 88576K, 19% used [0x00000006c0000000,0x00000006c10d4a40,0x00000006c5680000)
 Metaspace       used 33702K, capacity 35162K, committed 35416K, reserved 1081344K
  class space    used 4143K, capacity 4414K, committed 4480K, reserved 1048576K
}
Event: 6.010 GC heap before
{Heap before GC invocations=12 (full 2):
 PSYoungGen      total 221696K, used 210944K [0x000000076ab00000, 0x0000000779600000, 0x00000007c0000000)
  eden space 210944K, 100% used [0x000000076ab00000,0x0000000777900000,0x0000000777900000)
  from space 10752K, 0% used [0x0000000777c00000,0x0000000777c00000,0x0000000778680000)
  to   space 14848K, 0% used [0x0000000778780000,0x0000000778780000,0x0000000779600000)
 ParOldGen       total 88576K, used 17234K [0x00000006c0000000, 0x00000006c5680000, 0x000000076ab00000)
  object space 88576K, 19% used [0x00000006c0000000,0x00000006c10d4a40,0x00000006c5680000)
 Metaspace       used 40299K, capacity 41832K, committed 42072K, reserved 1085440K
  class space    used 4911K, capacity 5215K, committed 5248K, reserved 1048576K
Event: 6.019 GC heap after
Heap after GC invocations=12 (full 2):
 PSYoungGen      total 225792K, used 8872K [0x000000076ab00000, 0x000000077c380000, 0x00000007c0000000)
  eden space 210944K, 0% used [0x000000076ab00000,0x000000076ab00000,0x0000000777900000)
  from space 14848K, 59% used [0x0000000778780000,0x000000077902a1b8,0x0000000779600000)
  to   space 14848K, 0% used [0x0000000777900000,0x0000000777900000,0x0000000778780000)
 ParOldGen       total 88576K, used 17242K [0x00000006c0000000, 0x00000006c5680000, 0x000000076ab00000)
  object space 88576K, 19% used [0x00000006c0000000,0x00000006c10d6a40,0x00000006c5680000)
 Metaspace       used 40299K, capacity 41832K, committed 42072K, reserved 1085440K
  class space    used 4911K, capacity 5215K, committed 5248K, reserved 1048576K
}
Event: 6.807 GC heap before
{Heap before GC invocations=13 (full 2):
 PSYoungGen      total 225792K, used 219816K [0x000000076ab00000, 0x000000077c380000, 0x00000007c0000000)
  eden space 210944K, 100% used [0x000000076ab00000,0x0000000777900000,0x0000000777900000)
  from space 14848K, 59% used [0x0000000778780000,0x000000077902a1b8,0x0000000779600000)
  to   space 14848K, 0% used [0x0000000777900000,0x0000000777900000,0x0000000778780000)
 ParOldGen       total 88576K, used 17242K [0x00000006c0000000, 0x00000006c5680000, 0x000000076ab00000)
  object space 88576K, 19% used [0x00000006c0000000,0x00000006c10d6a40,0x00000006c5680000)
 Metaspace       used 44952K, capacity 46548K, committed 47064K, reserved 1091584K
  class space    used 5473K, capacity 5771K, committed 5888K, reserved 1048576K
Event: 6.829 GC heap after
Heap after GC invocations=13 (full 2):
 PSYoungGen      total 225792K, used 14819K [0x000000076ab00000, 0x000000077d200000, 0x00000007c0000000)
  eden space 210944K, 0% used [0x000000076ab00000,0x000000076ab00000,0x0000000777900000)
  from space 14848K, 99% used [0x0000000777900000,0x0000000778778e80,0x0000000778780000)
  to   space 20480K, 0% used [0x000000077be00000,0x000000077be00000,0x000000077d200000)
 ParOldGen       total 88576K, used 26664K [0x00000006c0000000, 0x00000006c5680000, 0x000000076ab00000)
  object space 88576K, 30% used [0x00000006c0000000,0x00000006c1a0a0d8,0x00000006c5680000)
 Metaspace       used 44952K, capacity 46548K, committed 47064K, reserved 1091584K
  class space    used 5473K, capacity 5771K, committed 5888K, reserved 1048576K
}
Event: 10.354 GC heap before
{Heap before GC invocations=14 (full 2):
 PSYoungGen      total 225792K, used 225763K [0x000000076ab00000, 0x000000077d200000, 0x00000007c0000000)
  eden space 210944K, 100% used [0x000000076ab00000,0x0000000777900000,0x0000000777900000)
  from space 14848K, 99% used [0x0000000777900000,0x0000000778778e80,0x0000000778780000)
  to   space 20480K, 0% used [0x000000077be00000,0x000000077be00000,0x000000077d200000)
 ParOldGen       total 88576K, used 26664K [0x00000006c0000000, 0x00000006c5680000, 0x000000076ab00000)
  object space 88576K, 30% used [0x00000006c0000000,0x00000006c1a0a0d8,0x00000006c5680000)
 Metaspace       used 51021K, capacity 52716K, committed 52952K, reserved 1095680K
  class space    used 6038K, capacity 6397K, committed 6400K, reserved 1048576K
Event: 10.374 GC heap after
Heap after GC invocations=14 (full 2):
 PSYoungGen      total 269312K, used 10624K [0x000000076ab00000, 0x000000077cb80000, 0x00000007c0000000)
  eden space 255488K, 0% used [0x000000076ab00000,0x000000076ab00000,0x000000077a480000)
  from space 13824K, 76% used [0x000000077be00000,0x000000077c860178,0x000000077cb80000)
  to   space 19968K, 0% used [0x000000077a480000,0x000000077a480000,0x000000077b800000)
 ParOldGen       total 88576K, used 26672K [0x00000006c0000000, 0x00000006c5680000, 0x000000076ab00000)
  object space 88576K, 30% used [0x00000006c0000000,0x00000006c1a0c0d8,0x00000006c5680000)
 Metaspace       used 51021K, capacity 52716K, committed 52952K, reserved 1095680K
  class space    used 6038K, capacity 6397K, committed 6400K, reserved 1048576K
}

