# JRE version: OpenJDK Runtime Environment (8.0_372-b07) (build 1.8.0_372-b07)
# Java VM: OpenJDK 64-Bit Server VM (25.372-b07 mixed mode linux-amd64 compressed oops)
Heap:
 PSYoungGen      total 239104K, used 163826K [0x000000076ab00000, 0x000000077e180000, 0x00000007c0000000)
  eden space 224256K, 66% used [0x000000076ab00000,0x0000000773c827c0,0x0000000778600000)
  from space 14848K, 99% used [0x0000000778600000,0x000000077947a080,0x0000000779480000)
  to   space 20480K, 0% used [0x000000077cd80000,0x000000077cd80000,0x000000077e180000)
 ParOldGen       total 84480K, used 26821K [0x00000006c0000000, 0x00000006c5280000, 0x000000076ab00000)
  object space 84480K, 31% used [0x00000006c0000000,0x00000006c1a31458,0x00000006c5280000)
 Metaspace       used 51051K, capacity 52796K, committed 53208K, reserved 1095680K
  class space    used 6042K, capacity 6397K, committed 6400K, reserved 1048576K
GC Heap History (10 events):
Event: 3.996 GC heap before
{Heap before GC invocations=9 (full 1):
 PSYoungGen      total 119296K, used 109568K [0x000000076ab00000, 0x0000000779c00000, 0x00000007c0000000)
  eden space 109568K, 100% used [0x000000076ab00000,0x0000000771600000,0x0000000771600000)
  from space 9728K, 0% used [0x0000000771600000,0x0000000771600000,0x0000000771f80000)
  to   space 13824K, 0% used [0x0000000778e80000,0x0000000778e80000,0x0000000779c00000)
 ParOldGen       total 59904K, used 14710K [0x00000006c0000000, 0x00000006c3a80000, 0x000000076ab00000)
  object space 59904K, 24% used [0x00000006c0000000,0x00000006c0e5dbc0,0x00000006c3a80000)
 Metaspace       used 28943K, capacity 30290K, committed 30464K, reserved 1075200K
  class space    used 3561K, capacity 3830K, committed 3840K, reserved 1048576K
Event: 4.009 GC heap after
Heap after GC invocations=9 (full 1):
 PSYoungGen      total 178688K, used 9757K [0x000000076ab00000, 0x0000000779880000, 0x00000007c0000000)
  eden space 168448K, 0% used [0x000000076ab00000,0x000000076ab00000,0x0000000774f80000)
  from space 10240K, 95% used [0x0000000778e80000,0x0000000779807558,0x0000000779880000)
  to   space 14336K, 0% used [0x0000000777c80000,0x0000000777c80000,0x0000000778a80000)
 ParOldGen       total 59904K, used 14782K [0x00000006c0000000, 0x00000006c3a80000, 0x000000076ab00000)
  object space 59904K, 24% used [0x00000006c0000000,0x00000006c0e6fbd0,0x00000006c3a80000)
 Metaspace       used 28943K, capacity 30290K, committed 30464K, reserved 1075200K
  class space    used 3561K, capacity 3830K, committed 3840K, reserved 1048576K
}
Event: 4.671 GC heap before
{Heap before GC invocations=10 (full 1):
 PSYoungGen      total 178688K, used 122272K [0x000000076ab00000, 0x0000000779880000, 0x00000007c0000000)
  eden space 168448K, 66% used [0x000000076ab00000,0x00000007718e0b50,0x0000000774f80000)
  from space 10240K, 95% used [0x0000000778e80000,0x0000000779807558,0x0000000779880000)
  to   space 14336K, 0% used [0x0000000777c80000,0x0000000777c80000,0x0000000778a80000)
 ParOldGen       total 59904K, used 14782K [0x00000006c0000000, 0x00000006c3a80000, 0x000000076ab00000)
  object space 59904K, 24% used [0x00000006c0000000,0x00000006c0e6fbd0,0x00000006c3a80000)
 Metaspace       used 33781K, capacity 35210K, committed 35416K, reserved 1081344K
  class space    used 4158K, capacity 4446K, committed 4480K, reserved 1048576K
Event: 4.690 GC heap after
Heap after GC invocations=10 (full 1):
 PSYoungGen      total 228864K, used 10550K [0x000000076ab00000, 0x000000077a300000, 0x00000007c0000000)
  eden space 214528K, 0% used [0x000000076ab00000,0x000000076ab00000,0x0000000777c80000)
  from space 14336K, 73% used [0x0000000777c80000,0x00000007786cd940,0x0000000778a80000)
  to   space 14848K, 0% used [0x0000000779480000,0x0000000779480000,0x000000077a300000)
 ParOldGen       total 59904K, used 14790K [0x00000006c0000000, 0x00000006c3a80000, 0x000000076ab00000)
  object space 59904K, 24% used [0x00000006c0000000,0x00000006c0e71bd0,0x00000006c3a80000)
 Metaspace       used 33781K, capacity 35210K, committed 35416K, reserved 1081344K
  class space    used 4158K, capacity 4446K, committed 4480K, reserved 1048576K
}
Event: 4.690 GC heap before
{Heap before GC invocations=11 (full 2):
 PSYoungGen      total 228864K, used 10550K [0x000000076ab00000, 0x000000077a300000, 0x00000007c0000000)
  eden space 214528K, 0% used [0x000000076ab00000,0x000000076ab00000,0x0000000777c80000)
  from space 14336K, 73% used [0x0000000777c80000,0x00000007786cd940,0x0000000778a80000)
  to   space 14848K, 0% used [0x0000000779480000,0x0000000779480000,0x000000077a300000)
 ParOldGen       total 59904K, used 14790K [0x00000006c0000000, 0x00000006c3a80000, 0x000000076ab00000)
  object space 59904K, 24% used [0x00000006c0000000,0x00000006c0e71bd0,0x00000006c3a80000)
 Metaspace       used 33781K, capacity 35210K, committed 35416K, reserved 1081344K
  class space    used 4158K, capacity 4446K, committed 4480K, reserved 1048576K
Event: 4.779 GC heap after
Heap after GC invocations=11 (full 2):
 PSYoungGen      total 228864K, used 0K [0x000000076ab00000, 0x000000077a300000, 0x00000007c0000000)
  eden space 214528K, 0% used [0x000000076ab00000,0x000000076ab00000,0x0000000777c80000)
  from space 14336K, 0% used [0x0000000777c80000,0x0000000777c80000,0x0000000778a80000)
  to   space 14848K, 0% used [0x0000000779480000,0x0000000779480000,0x000000077a300000)
 ParOldGen       total 84480K, used 17297K [0x00000006c0000000, 0x00000006c5280000, 0x000000076ab00000)
  object space 84480K, 20% used [0x00000006c0000000,0x00000006c10e4430,0x00000006c5280000)
 Metaspace       used 33781K, capacity 35210K, committed 35416K, reserved 1081344K
  class space    used 4158K, capacity 4446K, committed 4480K, reserved 1048576K
}
Event: 5.701 GC heap before
{Heap before GC invocations=12 (full 2):
 PSYoungGen      total 228864K, used 214528K [0x000000076ab00000, 0x000000077a300000, 0x00000007c0000000)
  eden space 214528K, 100% used [0x000000076ab00000,0x0000000777c80000,0x0000000777c80000)
  from space 14336K, 0% used [0x0000000777c80000,0x0000000777c80000,0x0000000778a80000)
  to   space 14848K, 0% used [0x0000000779480000,0x0000000779480000,0x000000077a300000)
 ParOldGen       total 84480K, used 17297K [0x00000006c0000000, 0x00000006c5280000, 0x000000076ab00000)
  object space 84480K, 20% used [0x00000006c0000000,0x00000006c10e4430,0x00000006c5280000)
 Metaspace       used 40257K, capacity 41816K, committed 42072K, reserved 1085440K
  class space    used 4908K, capacity 5209K, committed 5248K, reserved 1048576K
Event: 5.710 GC heap after
Heap after GC invocations=12 (full 2):
 PSYoungGen      total 239104K, used 8758K [0x000000076ab00000, 0x000000077cc00000, 0x00000007c0000000)
  eden space 224256K, 0% used [0x000000076ab00000,0x000000076ab00000,0x0000000778600000)
  from space 14848K, 58% used [0x0000000779480000,0x0000000779d0d950,0x000000077a300000)
  to   space 14848K, 0% used [0x0000000778600000,0x0000000778600000,0x0000000779480000)
 ParOldGen       total 84480K, used 17305K [0x00000006c0000000, 0x00000006c5280000, 0x000000076ab00000)
  object space 84480K, 20% used [0x00000006c0000000,0x00000006c10e6430,0x00000006c5280000)
 Metaspace       used 40257K, capacity 41816K, committed 42072K, reserved 1085440K
  class space    used 4908K, capacity 5209K, committed 5248K, reserved 1048576K
}
Event: 6.859 GC heap before
{Heap before GC invocations=13 (full 2):
 PSYoungGen      total 239104K, used 233014K [0x000000076ab00000, 0x000000077cc00000, 0x00000007c0000000)
  eden space 224256K, 100% used [0x000000076ab00000,0x0000000778600000,0x0000000778600000)
  from space 14848K, 58% used [0x0000000779480000,0x0000000779d0d950,0x000000077a300000)
  to   space 14848K, 0% used [0x0000000778600000,0x0000000778600000,0x0000000779480000)
 ParOldGen       total 84480K, used 17305K [0x00000006c0000000, 0x00000006c5280000, 0x000000076ab00000)
  object space 84480K, 20% used [0x00000006c0000000,0x00000006c10e6430,0x00000006c5280000)
 Metaspace       used 46100K, capacity 47748K, committed 48216K, reserved 1091584K
  class space    used 5577K, capacity 5931K, committed 6016K, reserved 1048576K
Event: 6.880 GC heap after
Heap after GC invocations=13 (full 2):
 PSYoungGen      total 239104K, used 14824K [0x000000076ab00000, 0x000000077e180000, 0x00000007c0000000)
  eden space 224256K, 0% used [0x000000076ab00000,0x000000076ab00000,0x0000000778600000)
  from space 14848K, 99% used [0x0000000778600000,0x000000077947a080,0x0000000779480000)
  to   space 20480K, 0% used [0x000000077cd80000,0x000000077cd80000,0x000000077e180000)
 ParOldGen       total 84480K, used 26821K [0x00000006c0000000, 0x00000006c5280000, 0x000000076ab00000)
  object space 84480K, 31% used [0x00000006c0000000,0x00000006c1a31458,0x00000006c5280000)
 Metaspace       used 46100K, capacity 47748K, committed 48216K, reserved 1091584K
  class space    used 5577K, capacity 5931K, committed 6016K, reserved 1048576K
}

