# JRE version: OpenJDK Runtime Environment (8.0_372-b07) (build 1.8.0_372-b07)
# Java VM: OpenJDK 64-Bit Server VM (25.372-b07 mixed mode linux-amd64 compressed oops)
Heap:
 PSYoungGen      total 236032K, used 213412K [0x000000076ab00000, 0x000000077e300000, 0x00000007c0000000)
  eden space 221184K, 89% used [0x000000076ab00000,0x0000000776ced858,0x0000000778300000)
  from space 14848K, 99% used [0x0000000778300000,0x000000077917baf0,0x0000000779180000)
  to   space 20480K, 0% used [0x000000077cf00000,0x000000077cf00000,0x000000077e300000)
 ParOldGen       total 85504K, used 27175K [0x00000006c0000000, 0x00000006c5380000, 0x000000076ab00000)
  object space 85504K, 31% used [0x00000006c0000000,0x00000006c1a89cf0,0x00000006c5380000)
 Metaspace       used 50856K, capacity 52552K, committed 52992K, reserved 1095680K
  class space    used 6022K, capacity 6373K, committed 6400K, reserved 1048576K
GC Heap History (10 events):
Event: 4.134 GC heap before
{Heap before GC invocations=9 (full 1):
 PSYoungGen      total 119296K, used 110080K [0x000000076ab00000, 0x0000000779d00000, 0x00000007c0000000)
  eden space 110080K, 100% used [0x000000076ab00000,0x0000000771680000,0x0000000771680000)
  from space 9216K, 0% used [0x0000000771680000,0x0000000771680000,0x0000000771f80000)
  to   space 13824K, 0% used [0x0000000778f80000,0x0000000778f80000,0x0000000779d00000)
 ParOldGen       total 60928K, used 14807K [0x00000006c0000000, 0x00000006c3b80000, 0x000000076ab00000)
  object space 60928K, 24% used [0x00000006c0000000,0x00000006c0e75d00,0x00000006c3b80000)
 Metaspace       used 28771K, capacity 30110K, committed 30464K, reserved 1075200K
  class space    used 3537K, capacity 3806K, committed 3840K, reserved 1048576K
Event: 4.149 GC heap after
Heap after GC invocations=9 (full 1):
 PSYoungGen      total 177664K, used 9778K [0x000000076ab00000, 0x0000000779980000, 0x00000007c0000000)
  eden space 167424K, 0% used [0x000000076ab00000,0x000000076ab00000,0x0000000774e80000)
  from space 10240K, 95% used [0x0000000778f80000,0x000000077990cba8,0x0000000779980000)
  to   space 14336K, 0% used [0x0000000777d80000,0x0000000777d80000,0x0000000778b80000)
 ParOldGen       total 60928K, used 14815K [0x00000006c0000000, 0x00000006c3b80000, 0x000000076ab00000)
  object space 60928K, 24% used [0x00000006c0000000,0x00000006c0e77d00,0x00000006c3b80000)
 Metaspace       used 28771K, capacity 30110K, committed 30464K, reserved 1075200K
  class space    used 3537K, capacity 3806K, committed 3840K, reserved 1048576K
}
Event: 4.793 GC heap before
{Heap before GC invocations=10 (full 1):
 PSYoungGen      total 177664K, used 127208K [0x000000076ab00000, 0x0000000779980000, 0x00000007c0000000)
  eden space 167424K, 70% used [0x000000076ab00000,0x0000000771dad6f8,0x0000000774e80000)
  from space 10240K, 95% used [0x0000000778f80000,0x000000077990cba8,0x0000000779980000)
  to   space 14336K, 0% used [0x0000000777d80000,0x0000000777d80000,0x0000000778b80000)
 ParOldGen       total 60928K, used 14815K [0x00000006c0000000, 0x00000006c3b80000, 0x000000076ab00000)
  object space 60928K, 24% used [0x00000006c0000000,0x00000006c0e77d00,0x00000006c3b80000)
 Metaspace       used 33834K, capacity 35234K, committed 35456K, reserved 1081344K
  class space    used 4158K, capacity 4424K, committed 4480K, reserved 1048576K
Event: 4.811 GC heap after
Heap after GC invocations=10 (full 1):
 PSYoungGen      total 229888K, used 10866K [0x000000076ab00000, 0x000000077a080000, 0x00000007c0000000)
  eden space 215552K, 0% used [0x000000076ab00000,0x000000076ab00000,0x0000000777d80000)
  from space 14336K, 75% used [0x0000000777d80000,0x000000077881c800,0x0000000778b80000)
  to   space 15360K, 0% used [0x0000000779180000,0x0000000779180000,0x000000077a080000)
 ParOldGen       total 60928K, used 14823K [0x00000006c0000000, 0x00000006c3b80000, 0x000000076ab00000)
  object space 60928K, 24% used [0x00000006c0000000,0x00000006c0e79d00,0x00000006c3b80000)
 Metaspace       used 33834K, capacity 35234K, committed 35456K, reserved 1081344K
  class space    used 4158K, capacity 4424K, committed 4480K, reserved 1048576K
}
Event: 4.811 GC heap before
{Heap before GC invocations=11 (full 2):
 PSYoungGen      total 229888K, used 10866K [0x000000076ab00000, 0x000000077a080000, 0x00000007c0000000)
  eden space 215552K, 0% used [0x000000076ab00000,0x000000076ab00000,0x0000000777d80000)
  from space 14336K, 75% used [0x0000000777d80000,0x000000077881c800,0x0000000778b80000)
  to   space 15360K, 0% used [0x0000000779180000,0x0000000779180000,0x000000077a080000)
 ParOldGen       total 60928K, used 14823K [0x00000006c0000000, 0x00000006c3b80000, 0x000000076ab00000)
  object space 60928K, 24% used [0x00000006c0000000,0x00000006c0e79d00,0x00000006c3b80000)
 Metaspace       used 33834K, capacity 35234K, committed 35456K, reserved 1081344K
  class space    used 4158K, capacity 4424K, committed 4480K, reserved 1048576K
Event: 4.875 GC heap after
Heap after GC invocations=11 (full 2):
 PSYoungGen      total 229888K, used 0K [0x000000076ab00000, 0x000000077a080000, 0x00000007c0000000)
  eden space 215552K, 0% used [0x000000076ab00000,0x000000076ab00000,0x0000000777d80000)
  from space 14336K, 0% used [0x0000000777d80000,0x0000000777d80000,0x0000000778b80000)
  to   space 15360K, 0% used [0x0000000779180000,0x0000000779180000,0x000000077a080000)
 ParOldGen       total 85504K, used 17524K [0x00000006c0000000, 0x00000006c5380000, 0x000000076ab00000)
  object space 85504K, 20% used [0x00000006c0000000,0x00000006c111d0f0,0x00000006c5380000)
 Metaspace       used 33834K, capacity 35234K, committed 35456K, reserved 1081344K
  class space    used 4158K, capacity 4424K, committed 4480K, reserved 1048576K
}
Event: 5.772 GC heap before
{Heap before GC invocations=12 (full 2):
 PSYoungGen      total 229888K, used 215552K [0x000000076ab00000, 0x000000077a080000, 0x00000007c0000000)
  eden space 215552K, 100% used [0x000000076ab00000,0x0000000777d80000,0x0000000777d80000)
  from space 14336K, 0% used [0x0000000777d80000,0x0000000777d80000,0x0000000778b80000)
  to   space 15360K, 0% used [0x0000000779180000,0x0000000779180000,0x000000077a080000)
 ParOldGen       total 85504K, used 17524K [0x00000006c0000000, 0x00000006c5380000, 0x000000076ab00000)
  object space 85504K, 20% used [0x00000006c0000000,0x00000006c111d0f0,0x00000006c5380000)
 Metaspace       used 40155K, capacity 41668K, committed 42112K, reserved 1085440K
  class space    used 4894K, capacity 5191K, committed 5248K, reserved 1048576K
Event: 5.780 GC heap after
Heap after GC invocations=12 (full 2):
 PSYoungGen      total 236544K, used 8699K [0x000000076ab00000, 0x000000077d100000, 0x00000007c0000000)
  eden space 221184K, 0% used [0x000000076ab00000,0x000000076ab00000,0x0000000778300000)
  from space 15360K, 56% used [0x0000000779180000,0x00000007799feed0,0x000000077a080000)
  to   space 14848K, 0% used [0x0000000778300000,0x0000000778300000,0x0000000779180000)
 ParOldGen       total 85504K, used 17532K [0x00000006c0000000, 0x00000006c5380000, 0x000000076ab00000)
  object space 85504K, 20% used [0x00000006c0000000,0x00000006c111f0f0,0x00000006c5380000)
 Metaspace       used 40155K, capacity 41668K, committed 42112K, reserved 1085440K
  class space    used 4894K, capacity 5191K, committed 5248K, reserved 1048576K
}
Event: 6.645 GC heap before
{Heap before GC invocations=13 (full 2):
 PSYoungGen      total 236544K, used 229883K [0x000000076ab00000, 0x000000077d100000, 0x00000007c0000000)
  eden space 221184K, 100% used [0x000000076ab00000,0x0000000778300000,0x0000000778300000)
  from space 15360K, 56% used [0x0000000779180000,0x00000007799feed0,0x000000077a080000)
  to   space 14848K, 0% used [0x0000000778300000,0x0000000778300000,0x0000000779180000)
 ParOldGen       total 85504K, used 17532K [0x00000006c0000000, 0x00000006c5380000, 0x000000076ab00000)
  object space 85504K, 20% used [0x00000006c0000000,0x00000006c111f0f0,0x00000006c5380000)
 Metaspace       used 45096K, capacity 46672K, committed 47104K, reserved 1091584K
  class space    used 5473K, capacity 5779K, committed 5888K, reserved 1048576K
Event: 6.664 GC heap after
Heap after GC invocations=13 (full 2):
 PSYoungGen      total 236032K, used 14830K [0x000000076ab00000, 0x000000077e300000, 0x00000007c0000000)
  eden space 221184K, 0% used [0x000000076ab00000,0x000000076ab00000,0x0000000778300000)
  from space 14848K, 99% used [0x0000000778300000,0x000000077917baf0,0x0000000779180000)
  to   space 20480K, 0% used [0x000000077cf00000,0x000000077cf00000,0x000000077e300000)
 ParOldGen       total 85504K, used 27175K [0x00000006c0000000, 0x00000006c5380000, 0x000000076ab00000)
  object space 85504K, 31% used [0x00000006c0000000,0x00000006c1a89cf0,0x00000006c5380000)
 Metaspace       used 45096K, capacity 46672K, committed 47104K, reserved 1091584K
  class space    used 5473K, capacity 5779K, committed 5888K, reserved 1048576K
}

