# JRE version: OpenJDK Runtime Environment (8.0_372-b07) (build 1.8.0_372-b07)
# Java VM: OpenJDK 64-Bit Server VM (25.372-b07 mixed mode linux-amd64 compressed oops)
Heap:
 PSYoungGen      total 240640K, used 167498K [0x000000076ab00000, 0x000000077e700000, 0x00000007c0000000)
  eden space 225792K, 67% used [0x000000076ab00000,0x0000000774019bb0,0x0000000778780000)
  from space 14848K, 99% used [0x0000000778780000,0x00000007795f8c98,0x0000000779600000)
  to   space 20480K, 0% used [0x000000077d300000,0x000000077d300000,0x000000077e700000)
 ParOldGen       total 84992K, used 27331K [0x00000006c0000000, 0x00000006c5300000, 0x000000076ab00000)
  object space 84992K, 32% used [0x00000006c0000000,0x00000006c1ab0ed8,0x00000006c5300000)
 Metaspace       used 50857K, capacity 52552K, committed 52992K, reserved 1095680K
  class space    used 6017K, capacity 6373K, committed 6400K, reserved 1048576K
GC Heap History (10 events):
Event: 4.522 GC heap before
{Heap before GC invocations=9 (full 1):
 PSYoungGen      total 119296K, used 110080K [0x000000076ab00000, 0x0000000779d00000, 0x00000007c0000000)
  eden space 110080K, 100% used [0x000000076ab00000,0x0000000771680000,0x0000000771680000)
  from space 9216K, 0% used [0x0000000771680000,0x0000000771680000,0x0000000771f80000)
  to   space 13824K, 0% used [0x0000000778f80000,0x0000000778f80000,0x0000000779d00000)
 ParOldGen       total 59904K, used 14724K [0x00000006c0000000, 0x00000006c3a80000, 0x000000076ab00000)
  object space 59904K, 24% used [0x00000006c0000000,0x00000006c0e611a8,0x00000006c3a80000)
 Metaspace       used 28819K, capacity 30102K, committed 30464K, reserved 1075200K
  class space    used 3536K, capacity 3806K, committed 3840K, reserved 1048576K
Event: 4.535 GC heap after
Heap after GC invocations=9 (full 1):
 PSYoungGen      total 180736K, used 9742K [0x000000076ab00000, 0x0000000779980000, 0x00000007c0000000)
  eden space 170496K, 0% used [0x000000076ab00000,0x000000076ab00000,0x0000000775180000)
  from space 10240K, 95% used [0x0000000778f80000,0x0000000779903910,0x0000000779980000)
  to   space 14336K, 0% used [0x0000000777d80000,0x0000000777d80000,0x0000000778b80000)
 ParOldGen       total 59904K, used 14732K [0x00000006c0000000, 0x00000006c3a80000, 0x000000076ab00000)
  object space 59904K, 24% used [0x00000006c0000000,0x00000006c0e631a8,0x00000006c3a80000)
 Metaspace       used 28819K, capacity 30102K, committed 30464K, reserved 1075200K
  class space    used 3536K, capacity 3806K, committed 3840K, reserved 1048576K
}
Event: 5.216 GC heap before
{Heap before GC invocations=10 (full 1):
 PSYoungGen      total 180736K, used 128919K [0x000000076ab00000, 0x0000000779980000, 0x00000007c0000000)
  eden space 170496K, 69% used [0x000000076ab00000,0x0000000771f62470,0x0000000775180000)
  from space 10240K, 95% used [0x0000000778f80000,0x0000000779903910,0x0000000779980000)
  to   space 14336K, 0% used [0x0000000777d80000,0x0000000777d80000,0x0000000778b80000)
 ParOldGen       total 59904K, used 14732K [0x00000006c0000000, 0x00000006c3a80000, 0x000000076ab00000)
  object space 59904K, 24% used [0x00000006c0000000,0x00000006c0e631a8,0x00000006c3a80000)
 Metaspace       used 33811K, capacity 35228K, committed 35456K, reserved 1081344K
  class space    used 4152K, capacity 4423K, committed 4480K, reserved 1048576K
Event: 5.229 GC heap after
Heap after GC invocations=10 (full 1):
 PSYoungGen      total 229888K, used 10767K [0x000000076ab00000, 0x000000077a480000, 0x00000007c0000000)
  eden space 215552K, 0% used [0x000000076ab00000,0x000000076ab00000,0x0000000777d80000)
  from space 14336K, 75% used [0x0000000777d80000,0x0000000778803f20,0x0000000778b80000)
  to   space 14848K, 0% used [0x0000000779600000,0x0000000779600000,0x000000077a480000)
 ParOldGen       total 59904K, used 14804K [0x00000006c0000000, 0x00000006c3a80000, 0x000000076ab00000)
  object space 59904K, 24% used [0x00000006c0000000,0x00000006c0e751b8,0x00000006c3a80000)
 Metaspace       used 33811K, capacity 35228K, committed 35456K, reserved 1081344K
  class space    used 4152K, capacity 4423K, committed 4480K, reserved 1048576K
}
Event: 5.229 GC heap before
{Heap before GC invocations=11 (full 2):
 PSYoungGen      total 229888K, used 10767K [0x000000076ab00000, 0x000000077a480000, 0x00000007c0000000)
  eden space 215552K, 0% used [0x000000076ab00000,0x000000076ab00000,0x0000000777d80000)
  from space 14336K, 75% used [0x0000000777d80000,0x0000000778803f20,0x0000000778b80000)
  to   space 14848K, 0% used [0x0000000779600000,0x0000000779600000,0x000000077a480000)
 ParOldGen       total 59904K, used 14804K [0x00000006c0000000, 0x00000006c3a80000, 0x000000076ab00000)
  object space 59904K, 24% used [0x00000006c0000000,0x00000006c0e751b8,0x00000006c3a80000)
 Metaspace       used 33811K, capacity 35228K, committed 35456K, reserved 1081344K
  class space    used 4152K, capacity 4423K, committed 4480K, reserved 1048576K
Event: 5.306 GC heap after
Heap after GC invocations=11 (full 2):
 PSYoungGen      total 229888K, used 0K [0x000000076ab00000, 0x000000077a480000, 0x00000007c0000000)
  eden space 215552K, 0% used [0x000000076ab00000,0x000000076ab00000,0x0000000777d80000)
  from space 14336K, 0% used [0x0000000777d80000,0x0000000777d80000,0x0000000778b80000)
  to   space 14848K, 0% used [0x0000000779600000,0x0000000779600000,0x000000077a480000)
 ParOldGen       total 84992K, used 17511K [0x00000006c0000000, 0x00000006c5300000, 0x000000076ab00000)
  object space 84992K, 20% used [0x00000006c0000000,0x00000006c1119e30,0x00000006c5300000)
 Metaspace       used 33811K, capacity 35228K, committed 35456K, reserved 1081344K
  class space    used 4152K, capacity 4423K, committed 4480K, reserved 1048576K
}
Event: 6.307 GC heap before
{Heap before GC invocations=12 (full 2):
 PSYoungGen      total 229888K, used 215552K [0x000000076ab00000, 0x000000077a480000, 0x00000007c0000000)
  eden space 215552K, 100% used [0x000000076ab00000,0x0000000777d80000,0x0000000777d80000)
  from space 14336K, 0% used [0x0000000777d80000,0x0000000777d80000,0x0000000778b80000)
  to   space 14848K, 0% used [0x0000000779600000,0x0000000779600000,0x000000077a480000)
 ParOldGen       total 84992K, used 17511K [0x00000006c0000000, 0x00000006c5300000, 0x000000076ab00000)
  object space 84992K, 20% used [0x00000006c0000000,0x00000006c1119e30,0x00000006c5300000)
 Metaspace       used 40161K, capacity 41668K, committed 42112K, reserved 1085440K
  class space    used 4887K, capacity 5191K, committed 5248K, reserved 1048576K
Event: 6.320 GC heap after
Heap after GC invocations=12 (full 2):
 PSYoungGen      total 240640K, used 8579K [0x000000076ab00000, 0x000000077ce80000, 0x00000007c0000000)
  eden space 225792K, 0% used [0x000000076ab00000,0x000000076ab00000,0x0000000778780000)
  from space 14848K, 57% used [0x0000000779600000,0x0000000779e60e28,0x000000077a480000)
  to   space 14848K, 0% used [0x0000000778780000,0x0000000778780000,0x0000000779600000)
 ParOldGen       total 84992K, used 17511K [0x00000006c0000000, 0x00000006c5300000, 0x000000076ab00000)
  object space 84992K, 20% used [0x00000006c0000000,0x00000006c1119e30,0x00000006c5300000)
 Metaspace       used 40161K, capacity 41668K, committed 42112K, reserved 1085440K
  class space    used 4887K, capacity 5191K, committed 5248K, reserved 1048576K
}
Event: 7.265 GC heap before
{Heap before GC invocations=13 (full 2):
 PSYoungGen      total 240640K, used 234371K [0x000000076ab00000, 0x000000077ce80000, 0x00000007c0000000)
  eden space 225792K, 100% used [0x000000076ab00000,0x0000000778780000,0x0000000778780000)
  from space 14848K, 57% used [0x0000000779600000,0x0000000779e60e28,0x000000077a480000)
  to   space 14848K, 0% used [0x0000000778780000,0x0000000778780000,0x0000000779600000)
 ParOldGen       total 84992K, used 17511K [0x00000006c0000000, 0x00000006c5300000, 0x000000076ab00000)
  object space 84992K, 20% used [0x00000006c0000000,0x00000006c1119e30,0x00000006c5300000)
 Metaspace       used 46292K, capacity 47888K, committed 48256K, reserved 1091584K
  class space    used 5586K, capacity 5907K, committed 6016K, reserved 1048576K
Event: 7.285 GC heap after
Heap after GC invocations=13 (full 2):
 PSYoungGen      total 240640K, used 14819K [0x000000076ab00000, 0x000000077e700000, 0x00000007c0000000)
  eden space 225792K, 0% used [0x000000076ab00000,0x000000076ab00000,0x0000000778780000)
  from space 14848K, 99% used [0x0000000778780000,0x00000007795f8c98,0x0000000779600000)
  to   space 20480K, 0% used [0x000000077d300000,0x000000077d300000,0x000000077e700000)
 ParOldGen       total 84992K, used 27331K [0x00000006c0000000, 0x00000006c5300000, 0x000000076ab00000)
  object space 84992K, 32% used [0x00000006c0000000,0x00000006c1ab0ed8,0x00000006c5300000)
 Metaspace       used 46292K, capacity 47888K, committed 48256K, reserved 1091584K
  class space    used 5586K, capacity 5907K, committed 6016K, reserved 1048576K
}

