# JRE version: OpenJDK Runtime Environment (8.0_372-b07) (build 1.8.0_372-b07)
# Java VM: OpenJDK 64-Bit Server VM (25.372-b07 mixed mode linux-amd64 compressed oops)
Heap:
 PSYoungGen      total 248320K, used 139171K [0x000000076ab00000, 0x000000077f500000, 0x00000007c0000000)
  eden space 233472K, 53% used [0x000000076ab00000,0x0000000772470d98,0x0000000778f00000)
  from space 14848K, 99% used [0x0000000778f00000,0x0000000779d780b0,0x0000000779d80000)
  to   space 20992K, 0% used [0x000000077e080000,0x000000077e080000,0x000000077f500000)
 ParOldGen       total 79872K, used 28032K [0x00000006c0000000, 0x00000006c4e00000, 0x000000076ab00000)
  object space 79872K, 35% used [0x00000006c0000000,0x00000006c1b60260,0x00000006c4e00000)
 Metaspace       used 51032K, capacity 52794K, committed 53248K, reserved 1095680K
  class space    used 6031K, capacity 6396K, committed 6400K, reserved 1048576K
GC Heap History (10 events):
Event: 4.168 GC heap before
{Heap before GC invocations=9 (full 1):
 PSYoungGen      total 119296K, used 109568K [0x000000076ab00000, 0x0000000779c00000, 0x00000007c0000000)
  eden space 109568K, 100% used [0x000000076ab00000,0x0000000771600000,0x0000000771600000)
  from space 9728K, 0% used [0x0000000771600000,0x0000000771600000,0x0000000771f80000)
  to   space 13824K, 0% used [0x0000000778e80000,0x0000000778e80000,0x0000000779c00000)
 ParOldGen       total 57856K, used 14691K [0x00000006c0000000, 0x00000006c3880000, 0x000000076ab00000)
  object space 57856K, 25% used [0x00000006c0000000,0x00000006c0e58d00,0x00000006c3880000)
 Metaspace       used 28967K, capacity 30350K, committed 30720K, reserved 1077248K
  class space    used 3552K, capacity 3828K, committed 3840K, reserved 1048576K
Event: 4.184 GC heap after
Heap after GC invocations=9 (full 1):
 PSYoungGen      total 184320K, used 9326K [0x000000076ab00000, 0x0000000779800000, 0x00000007c0000000)
  eden space 174592K, 0% used [0x000000076ab00000,0x000000076ab00000,0x0000000775580000)
  from space 9728K, 95% used [0x0000000778e80000,0x000000077979bad8,0x0000000779800000)
  to   space 14336K, 0% used [0x0000000777c00000,0x0000000777c00000,0x0000000778a00000)
 ParOldGen       total 57856K, used 14691K [0x00000006c0000000, 0x00000006c3880000, 0x000000076ab00000)
  object space 57856K, 25% used [0x00000006c0000000,0x00000006c0e58d00,0x00000006c3880000)
 Metaspace       used 28967K, capacity 30350K, committed 30720K, reserved 1077248K
  class space    used 3552K, capacity 3828K, committed 3840K, reserved 1048576K
}
Event: 4.846 GC heap before
{Heap before GC invocations=10 (full 1):
 PSYoungGen      total 184320K, used 119576K [0x000000076ab00000, 0x0000000779800000, 0x00000007c0000000)
  eden space 174592K, 63% used [0x000000076ab00000,0x00000007716aa650,0x0000000775580000)
  from space 9728K, 95% used [0x0000000778e80000,0x000000077979bad8,0x0000000779800000)
  to   space 14336K, 0% used [0x0000000777c00000,0x0000000777c00000,0x0000000778a00000)
 ParOldGen       total 57856K, used 14691K [0x00000006c0000000, 0x00000006c3880000, 0x000000076ab00000)
  object space 57856K, 25% used [0x00000006c0000000,0x00000006c0e58d00,0x00000006c3880000)
 Metaspace       used 33755K, capacity 35174K, committed 35496K, reserved 1081344K
  class space    used 4135K, capacity 4412K, committed 4480K, reserved 1048576K
Event: 4.857 GC heap after
Heap after GC invocations=10 (full 1):
 PSYoungGen      total 228352K, used 10579K [0x000000076ab00000, 0x000000077ac00000, 0x00000007c0000000)
  eden space 214016K, 0% used [0x000000076ab00000,0x000000076ab00000,0x0000000777c00000)
  from space 14336K, 73% used [0x0000000777c00000,0x0000000778654c08,0x0000000778a00000)
  to   space 14848K, 0% used [0x0000000779d80000,0x0000000779d80000,0x000000077ac00000)
 ParOldGen       total 57856K, used 14699K [0x00000006c0000000, 0x00000006c3880000, 0x000000076ab00000)
  object space 57856K, 25% used [0x00000006c0000000,0x00000006c0e5ad00,0x00000006c3880000)
 Metaspace       used 33755K, capacity 35174K, committed 35496K, reserved 1081344K
  class space    used 4135K, capacity 4412K, committed 4480K, reserved 1048576K
}
Event: 4.857 GC heap before
{Heap before GC invocations=11 (full 2):
 PSYoungGen      total 228352K, used 10579K [0x000000076ab00000, 0x000000077ac00000, 0x00000007c0000000)
  eden space 214016K, 0% used [0x000000076ab00000,0x000000076ab00000,0x0000000777c00000)
  from space 14336K, 73% used [0x0000000777c00000,0x0000000778654c08,0x0000000778a00000)
  to   space 14848K, 0% used [0x0000000779d80000,0x0000000779d80000,0x000000077ac00000)
 ParOldGen       total 57856K, used 14699K [0x00000006c0000000, 0x00000006c3880000, 0x000000076ab00000)
  object space 57856K, 25% used [0x00000006c0000000,0x00000006c0e5ad00,0x00000006c3880000)
 Metaspace       used 33755K, capacity 35174K, committed 35496K, reserved 1081344K
  class space    used 4135K, capacity 4412K, committed 4480K, reserved 1048576K
Event: 4.929 GC heap after
Heap after GC invocations=11 (full 2):
 PSYoungGen      total 228352K, used 0K [0x000000076ab00000, 0x000000077ac00000, 0x00000007c0000000)
  eden space 214016K, 0% used [0x000000076ab00000,0x000000076ab00000,0x0000000777c00000)
  from space 14336K, 0% used [0x0000000777c00000,0x0000000777c00000,0x0000000778a00000)
  to   space 14848K, 0% used [0x0000000779d80000,0x0000000779d80000,0x000000077ac00000)
 ParOldGen       total 79872K, used 17203K [0x00000006c0000000, 0x00000006c4e00000, 0x000000076ab00000)
  object space 79872K, 21% used [0x00000006c0000000,0x00000006c10ccf28,0x00000006c4e00000)
 Metaspace       used 33755K, capacity 35174K, committed 35496K, reserved 1081344K
  class space    used 4135K, capacity 4412K, committed 4480K, reserved 1048576K
}
Event: 5.811 GC heap before
{Heap before GC invocations=12 (full 2):
 PSYoungGen      total 228352K, used 214016K [0x000000076ab00000, 0x000000077ac00000, 0x00000007c0000000)
  eden space 214016K, 100% used [0x000000076ab00000,0x0000000777c00000,0x0000000777c00000)
  from space 14336K, 0% used [0x0000000777c00000,0x0000000777c00000,0x0000000778a00000)
  to   space 14848K, 0% used [0x0000000779d80000,0x0000000779d80000,0x000000077ac00000)
 ParOldGen       total 79872K, used 17203K [0x00000006c0000000, 0x00000006c4e00000, 0x000000076ab00000)
  object space 79872K, 21% used [0x00000006c0000000,0x00000006c10ccf28,0x00000006c4e00000)
 Metaspace       used 40304K, capacity 41876K, committed 42368K, reserved 1087488K
  class space    used 4897K, capacity 5207K, committed 5248K, reserved 1048576K
Event: 5.822 GC heap after
Heap after GC invocations=12 (full 2):
 PSYoungGen      total 248320K, used 8743K [0x000000076ab00000, 0x000000077d300000, 0x00000007c0000000)
  eden space 233472K, 0% used [0x000000076ab00000,0x000000076ab00000,0x0000000778f00000)
  from space 14848K, 58% used [0x0000000779d80000,0x000000077a609e08,0x000000077ac00000)
  to   space 14848K, 0% used [0x0000000778f00000,0x0000000778f00000,0x0000000779d80000)
 ParOldGen       total 79872K, used 17211K [0x00000006c0000000, 0x00000006c4e00000, 0x000000076ab00000)
  object space 79872K, 21% used [0x00000006c0000000,0x00000006c10cef28,0x00000006c4e00000)
 Metaspace       used 40304K, capacity 41876K, committed 42368K, reserved 1087488K
  class space    used 4897K, capacity 5207K, committed 5248K, reserved 1048576K
}
Event: 6.777 GC heap before
{Heap before GC invocations=13 (full 2):
 PSYoungGen      total 248320K, used 242215K [0x000000076ab00000, 0x000000077d300000, 0x00000007c0000000)
  eden space 233472K, 100% used [0x000000076ab00000,0x0000000778f00000,0x0000000778f00000)
  from space 14848K, 58% used [0x0000000779d80000,0x000000077a609e08,0x000000077ac00000)
  to   space 14848K, 0% used [0x0000000778f00000,0x0000000778f00000,0x0000000779d80000)
 ParOldGen       total 79872K, used 17211K [0x00000006c0000000, 0x00000006c4e00000, 0x000000076ab00000)
  object space 79872K, 21% used [0x00000006c0000000,0x00000006c10cef28,0x00000006c4e00000)
 Metaspace       used 46959K, capacity 48612K, committed 49024K, reserved 1091584K
  class space    used 5651K, capacity 5963K, committed 6016K, reserved 1048576K
Event: 6.794 GC heap after
Heap after GC invocations=13 (full 2):
 PSYoungGen      total 248320K, used 14816K [0x000000076ab00000, 0x000000077f500000, 0x00000007c0000000)
  eden space 233472K, 0% used [0x000000076ab00000,0x000000076ab00000,0x0000000778f00000)
  from space 14848K, 99% used [0x0000000778f00000,0x0000000779d780b0,0x0000000779d80000)
  to   space 20992K, 0% used [0x000000077e080000,0x000000077e080000,0x000000077f500000)
 ParOldGen       total 79872K, used 28032K [0x00000006c0000000, 0x00000006c4e00000, 0x000000076ab00000)
  object space 79872K, 35% used [0x00000006c0000000,0x00000006c1b60260,0x00000006c4e00000)
 Metaspace       used 46959K, capacity 48612K, committed 49024K, reserved 1091584K
  class space    used 5651K, capacity 5963K, committed 6016K, reserved 1048576K
}

