# JRE version: OpenJDK Runtime Environment (8.0_372-b07) (build 1.8.0_372-b07)
# Java VM: OpenJDK 64-Bit Server VM (25.372-b07 mixed mode linux-amd64 compressed oops)
Heap:
 PSYoungGen      total 225792K, used 175978K [0x000000076ab00000, 0x000000077d000000, 0x00000007c0000000)
  eden space 210944K, 76% used [0x000000076ab00000,0x000000077485e1a0,0x0000000777900000)
  from space 14848K, 99% used [0x0000000777900000,0x000000077877c860,0x0000000778780000)
  to   space 20480K, 0% used [0x000000077bc00000,0x000000077bc00000,0x000000077d000000)
 ParOldGen       total 89600K, used 27095K [0x00000006c0000000, 0x00000006c5780000, 0x000000076ab00000)
  object space 89600K, 30% used [0x00000006c0000000,0x00000006c1a75da8,0x00000006c5780000)
 Metaspace       used 50898K, capacity 52552K, committed 52992K, reserved 1095680K
  class space    used 6017K, capacity 6373K, committed 6400K, reserved 1048576K
GC Heap History (10 events):
Event: 3.842 GC heap before
{Heap before GC invocations=9 (full 1):
 PSYoungGen      total 119296K, used 110080K [0x000000076ab00000, 0x0000000779d00000, 0x00000007c0000000)
  eden space 110080K, 100% used [0x000000076ab00000,0x0000000771680000,0x0000000771680000)
  from space 9216K, 0% used [0x0000000771680000,0x0000000771680000,0x0000000771f80000)
  to   space 13824K, 0% used [0x0000000778f80000,0x0000000778f80000,0x0000000779d00000)
 ParOldGen       total 61952K, used 14757K [0x00000006c0000000, 0x00000006c3c80000, 0x000000076ab00000)
  object space 61952K, 23% used [0x00000006c0000000,0x00000006c0e69478,0x00000006c3c80000)
 Metaspace       used 28829K, capacity 30174K, committed 30464K, reserved 1075200K
  class space    used 3543K, capacity 3806K, committed 3840K, reserved 1048576K
Event: 3.859 GC heap after
Heap after GC invocations=9 (full 1):
 PSYoungGen      total 173568K, used 9275K [0x000000076ab00000, 0x0000000779900000, 0x00000007c0000000)
  eden space 163840K, 0% used [0x000000076ab00000,0x000000076ab00000,0x0000000774b00000)
  from space 9728K, 95% used [0x0000000778f80000,0x000000077988ed68,0x0000000779900000)
  to   space 14336K, 0% used [0x0000000777d00000,0x0000000777d00000,0x0000000778b00000)
 ParOldGen       total 61952K, used 14757K [0x00000006c0000000, 0x00000006c3c80000, 0x000000076ab00000)
  object space 61952K, 23% used [0x00000006c0000000,0x00000006c0e69478,0x00000006c3c80000)
 Metaspace       used 28829K, capacity 30174K, committed 30464K, reserved 1075200K
  class space    used 3543K, capacity 3806K, committed 3840K, reserved 1048576K
}
Event: 4.502 GC heap before
{Heap before GC invocations=10 (full 1):
 PSYoungGen      total 173568K, used 124365K [0x000000076ab00000, 0x0000000779900000, 0x00000007c0000000)
  eden space 163840K, 70% used [0x000000076ab00000,0x0000000771b648a0,0x0000000774b00000)
  from space 9728K, 95% used [0x0000000778f80000,0x000000077988ed68,0x0000000779900000)
  to   space 14336K, 0% used [0x0000000777d00000,0x0000000777d00000,0x0000000778b00000)
 ParOldGen       total 61952K, used 14757K [0x00000006c0000000, 0x00000006c3c80000, 0x000000076ab00000)
  object space 61952K, 23% used [0x00000006c0000000,0x00000006c0e69478,0x00000006c3c80000)
 Metaspace       used 33820K, capacity 35228K, committed 35456K, reserved 1081344K
  class space    used 4153K, capacity 4423K, committed 4480K, reserved 1048576K
Event: 4.514 GC heap after
Heap after GC invocations=10 (full 1):
 PSYoungGen      total 221696K, used 10632K [0x000000076ab00000, 0x0000000779600000, 0x00000007c0000000)
  eden space 210944K, 0% used [0x000000076ab00000,0x000000076ab00000,0x0000000777900000)
  from space 10752K, 98% used [0x0000000777d00000,0x0000000778762218,0x0000000778780000)
  to   space 14848K, 0% used [0x0000000778780000,0x0000000778780000,0x0000000779600000)
 ParOldGen       total 61952K, used 14829K [0x00000006c0000000, 0x00000006c3c80000, 0x000000076ab00000)
  object space 61952K, 23% used [0x00000006c0000000,0x00000006c0e7b488,0x00000006c3c80000)
 Metaspace       used 33820K, capacity 35228K, committed 35456K, reserved 1081344K
  class space    used 4153K, capacity 4423K, committed 4480K, reserved 1048576K
}
Event: 4.514 GC heap before
{Heap before GC invocations=11 (full 2):
 PSYoungGen      total 221696K, used 10632K [0x000000076ab00000, 0x0000000779600000, 0x00000007c0000000)
  eden space 210944K, 0% used [0x000000076ab00000,0x000000076ab00000,0x0000000777900000)
  from space 10752K, 98% used [0x0000000777d00000,0x0000000778762218,0x0000000778780000)
  to   space 14848K, 0% used [0x0000000778780000,0x0000000778780000,0x0000000779600000)
 ParOldGen       total 61952K, used 14829K [0x00000006c0000000, 0x00000006c3c80000, 0x000000076ab00000)
  object space 61952K, 23% used [0x00000006c0000000,0x00000006c0e7b488,0x00000006c3c80000)
 Metaspace       used 33820K, capacity 35228K, committed 35456K, reserved 1081344K
  class space    used 4153K, capacity 4423K, committed 4480K, reserved 1048576K
Event: 4.589 GC heap after
Heap after GC invocations=11 (full 2):
 PSYoungGen      total 221696K, used 0K [0x000000076ab00000, 0x0000000779600000, 0x00000007c0000000)
  eden space 210944K, 0% used [0x000000076ab00000,0x000000076ab00000,0x0000000777900000)
  from space 10752K, 0% used [0x0000000777d00000,0x0000000777d00000,0x0000000778780000)
  to   space 14848K, 0% used [0x0000000778780000,0x0000000778780000,0x0000000779600000)
 ParOldGen       total 89600K, used 17378K [0x00000006c0000000, 0x00000006c5780000, 0x000000076ab00000)
  object space 89600K, 19% used [0x00000006c0000000,0x00000006c10f8980,0x00000006c5780000)
 Metaspace       used 33820K, capacity 35228K, committed 35456K, reserved 1081344K
  class space    used 4153K, capacity 4423K, committed 4480K, reserved 1048576K
}
Event: 5.469 GC heap before
{Heap before GC invocations=12 (full 2):
 PSYoungGen      total 221696K, used 210944K [0x000000076ab00000, 0x0000000779600000, 0x00000007c0000000)
  eden space 210944K, 100% used [0x000000076ab00000,0x0000000777900000,0x0000000777900000)
  from space 10752K, 0% used [0x0000000777d00000,0x0000000777d00000,0x0000000778780000)
  to   space 14848K, 0% used [0x0000000778780000,0x0000000778780000,0x0000000779600000)
 ParOldGen       total 89600K, used 17378K [0x00000006c0000000, 0x00000006c5780000, 0x000000076ab00000)
  object space 89600K, 19% used [0x00000006c0000000,0x00000006c10f8980,0x00000006c5780000)
 Metaspace       used 40226K, capacity 41732K, committed 42112K, reserved 1085440K
  class space    used 4892K, capacity 5191K, committed 5248K, reserved 1048576K
Event: 5.481 GC heap after
Heap after GC invocations=12 (full 2):
 PSYoungGen      total 225792K, used 8764K [0x000000076ab00000, 0x000000077c500000, 0x00000007c0000000)
  eden space 210944K, 0% used [0x000000076ab00000,0x000000076ab00000,0x0000000777900000)
  from space 14848K, 59% used [0x0000000778780000,0x000000077900f0c0,0x0000000779600000)
  to   space 14848K, 0% used [0x0000000777900000,0x0000000777900000,0x0000000778780000)
 ParOldGen       total 89600K, used 17386K [0x00000006c0000000, 0x00000006c5780000, 0x000000076ab00000)
  object space 89600K, 19% used [0x00000006c0000000,0x00000006c10fa980,0x00000006c5780000)
 Metaspace       used 40226K, capacity 41732K, committed 42112K, reserved 1085440K
  class space    used 4892K, capacity 5191K, committed 5248K, reserved 1048576K
}
Event: 6.351 GC heap before
{Heap before GC invocations=13 (full 2):
 PSYoungGen      total 225792K, used 219708K [0x000000076ab00000, 0x000000077c500000, 0x00000007c0000000)
  eden space 210944K, 100% used [0x000000076ab00000,0x0000000777900000,0x0000000777900000)
  from space 14848K, 59% used [0x0000000778780000,0x000000077900f0c0,0x0000000779600000)
  to   space 14848K, 0% used [0x0000000777900000,0x0000000777900000,0x0000000778780000)
 ParOldGen       total 89600K, used 17386K [0x00000006c0000000, 0x00000006c5780000, 0x000000076ab00000)
  object space 89600K, 19% used [0x00000006c0000000,0x00000006c10fa980,0x00000006c5780000)
 Metaspace       used 45851K, capacity 47440K, committed 47872K, reserved 1091584K
  class space    used 5541K, capacity 5843K, committed 5888K, reserved 1048576K
Event: 6.368 GC heap after
Heap after GC invocations=13 (full 2):
 PSYoungGen      total 225792K, used 14834K [0x000000076ab00000, 0x000000077d000000, 0x00000007c0000000)
  eden space 210944K, 0% used [0x000000076ab00000,0x000000076ab00000,0x0000000777900000)
  from space 14848K, 99% used [0x0000000777900000,0x000000077877c860,0x0000000778780000)
  to   space 20480K, 0% used [0x000000077bc00000,0x000000077bc00000,0x000000077d000000)
 ParOldGen       total 89600K, used 27095K [0x00000006c0000000, 0x00000006c5780000, 0x000000076ab00000)
  object space 89600K, 30% used [0x00000006c0000000,0x00000006c1a75da8,0x00000006c5780000)
 Metaspace       used 45851K, capacity 47440K, committed 47872K, reserved 1091584K
  class space    used 5541K, capacity 5843K, committed 5888K, reserved 1048576K
}

