# JRE version: OpenJDK Runtime Environment (8.0_372-b07) (build 1.8.0_372-b07)
# Java VM: OpenJDK 64-Bit Server VM (25.372-b07 mixed mode linux-amd64 compressed oops)
Heap:
 PSYoungGen      total 236544K, used 146773K [0x000000076ab00000, 0x000000077e480000, 0x00000007c0000000)
  eden space 221696K, 59% used [0x000000076ab00000,0x0000000772bd9788,0x0000000778380000)
  from space 14848K, 99% used [0x0000000778380000,0x00000007791fbfe8,0x0000000779200000)
  to   space 20480K, 0% used [0x000000077d080000,0x000000077d080000,0x000000077e480000)
 ParOldGen       total 84480K, used 27618K [0x00000006c0000000, 0x00000006c5280000, 0x000000076ab00000)
  object space 84480K, 32% used [0x00000006c0000000,0x00000006c1af8b38,0x00000006c5280000)
 Metaspace       used 51003K, capacity 52784K, committed 53248K, reserved 1095680K
  class space    used 6039K, capacity 6395K, committed 6400K, reserved 1048576K
GC Heap History (10 events):
Event: 3.828 GC heap before
{Heap before GC invocations=9 (full 1):
 PSYoungGen      total 119296K, used 109568K [0x000000076ab00000, 0x0000000779c00000, 0x00000007c0000000)
  eden space 109568K, 100% used [0x000000076ab00000,0x0000000771600000,0x0000000771600000)
  from space 9728K, 0% used [0x0000000771600000,0x0000000771600000,0x0000000771f80000)
  to   space 13824K, 0% used [0x0000000778e80000,0x0000000778e80000,0x0000000779c00000)
 ParOldGen       total 60416K, used 14827K [0x00000006c0000000, 0x00000006c3b00000, 0x000000076ab00000)
  object space 60416K, 24% used [0x00000006c0000000,0x00000006c0e7acf8,0x00000006c3b00000)
 Metaspace       used 28952K, capacity 30338K, committed 30464K, reserved 1075200K
  class space    used 3559K, capacity 3826K, committed 3840K, reserved 1048576K
Event: 3.846 GC heap after
Heap after GC invocations=9 (full 1):
 PSYoungGen      total 177152K, used 9684K [0x000000076ab00000, 0x0000000779800000, 0x00000007c0000000)
  eden space 167424K, 0% used [0x000000076ab00000,0x000000076ab00000,0x0000000774e80000)
  from space 9728K, 99% used [0x0000000778e80000,0x00000007797f5340,0x0000000779800000)
  to   space 14336K, 0% used [0x0000000777c00000,0x0000000777c00000,0x0000000778a00000)
 ParOldGen       total 60416K, used 14899K [0x00000006c0000000, 0x00000006c3b00000, 0x000000076ab00000)
  object space 60416K, 24% used [0x00000006c0000000,0x00000006c0e8cd08,0x00000006c3b00000)
 Metaspace       used 28952K, capacity 30338K, committed 30464K, reserved 1075200K
  class space    used 3559K, capacity 3826K, committed 3840K, reserved 1048576K
}
Event: 4.449 GC heap before
{Heap before GC invocations=10 (full 1):
 PSYoungGen      total 177152K, used 122326K [0x000000076ab00000, 0x0000000779800000, 0x00000007c0000000)
  eden space 167424K, 67% used [0x000000076ab00000,0x0000000771900620,0x0000000774e80000)
  from space 9728K, 99% used [0x0000000778e80000,0x00000007797f5340,0x0000000779800000)
  to   space 14336K, 0% used [0x0000000777c00000,0x0000000777c00000,0x0000000778a00000)
 ParOldGen       total 60416K, used 14899K [0x00000006c0000000, 0x00000006c3b00000, 0x000000076ab00000)
  object space 60416K, 24% used [0x00000006c0000000,0x00000006c0e8cd08,0x00000006c3b00000)
 Metaspace       used 33831K, capacity 35262K, committed 35456K, reserved 1081344K
  class space    used 4164K, capacity 4444K, committed 4480K, reserved 1048576K
Event: 4.467 GC heap after
Heap after GC invocations=10 (full 1):
 PSYoungGen      total 228352K, used 10501K [0x000000076ab00000, 0x000000077a080000, 0x00000007c0000000)
  eden space 214016K, 0% used [0x000000076ab00000,0x000000076ab00000,0x0000000777c00000)
  from space 14336K, 73% used [0x0000000777c00000,0x0000000778641758,0x0000000778a00000)
  to   space 14848K, 0% used [0x0000000779200000,0x0000000779200000,0x000000077a080000)
 ParOldGen       total 60416K, used 14907K [0x00000006c0000000, 0x00000006c3b00000, 0x000000076ab00000)
  object space 60416K, 24% used [0x00000006c0000000,0x00000006c0e8ed08,0x00000006c3b00000)
 Metaspace       used 33831K, capacity 35262K, committed 35456K, reserved 1081344K
  class space    used 4164K, capacity 4444K, committed 4480K, reserved 1048576K
}
Event: 4.467 GC heap before
{Heap before GC invocations=11 (full 2):
 PSYoungGen      total 228352K, used 10501K [0x000000076ab00000, 0x000000077a080000, 0x00000007c0000000)
  eden space 214016K, 0% used [0x000000076ab00000,0x000000076ab00000,0x0000000777c00000)
  from space 14336K, 73% used [0x0000000777c00000,0x0000000778641758,0x0000000778a00000)
  to   space 14848K, 0% used [0x0000000779200000,0x0000000779200000,0x000000077a080000)
 ParOldGen       total 60416K, used 14907K [0x00000006c0000000, 0x00000006c3b00000, 0x000000076ab00000)
  object space 60416K, 24% used [0x00000006c0000000,0x00000006c0e8ed08,0x00000006c3b00000)
 Metaspace       used 33831K, capacity 35262K, committed 35456K, reserved 1081344K
  class space    used 4164K, capacity 4444K, committed 4480K, reserved 1048576K
Event: 4.538 GC heap after
Heap after GC invocations=11 (full 2):
 PSYoungGen      total 228352K, used 0K [0x000000076ab00000, 0x000000077a080000, 0x00000007c0000000)
  eden space 214016K, 0% used [0x000000076ab00000,0x000000076ab00000,0x0000000777c00000)
  from space 14336K, 0% used [0x0000000777c00000,0x0000000777c00000,0x0000000778a00000)
  to   space 14848K, 0% used [0x0000000779200000,0x0000000779200000,0x000000077a080000)
 ParOldGen       total 84480K, used 17522K [0x00000006c0000000, 0x00000006c5280000, 0x000000076ab00000)
  object space 84480K, 20% used [0x00000006c0000000,0x00000006c111cb08,0x00000006c5280000)
 Metaspace       used 33831K, capacity 35262K, committed 35456K, reserved 1081344K
  class space    used 4164K, capacity 4444K, committed 4480K, reserved 1048576K
}
Event: 5.410 GC heap before
{Heap before GC invocations=12 (full 2):
 PSYoungGen      total 228352K, used 214016K [0x000000076ab00000, 0x000000077a080000, 0x00000007c0000000)
  eden space 214016K, 100% used [0x000000076ab00000,0x0000000777c00000,0x0000000777c00000)
  from space 14336K, 0% used [0x0000000777c00000,0x0000000777c00000,0x0000000778a00000)
  to   space 14848K, 0% used [0x0000000779200000,0x0000000779200000,0x000000077a080000)
 ParOldGen       total 84480K, used 17522K [0x00000006c0000000, 0x00000006c5280000, 0x000000076ab00000)
  object space 84480K, 20% used [0x00000006c0000000,0x00000006c111cb08,0x00000006c5280000)
 Metaspace       used 40278K, capacity 41804K, committed 42112K, reserved 1085440K
  class space    used 4906K, capacity 5207K, committed 5248K, reserved 1048576K
Event: 5.418 GC heap after
Heap after GC invocations=12 (full 2):
 PSYoungGen      total 236544K, used 8704K [0x000000076ab00000, 0x000000077cf80000, 0x00000007c0000000)
  eden space 221696K, 0% used [0x000000076ab00000,0x000000076ab00000,0x0000000778380000)
  from space 14848K, 58% used [0x0000000779200000,0x0000000779a80060,0x000000077a080000)
  to   space 14848K, 0% used [0x0000000778380000,0x0000000778380000,0x0000000779200000)
 ParOldGen       total 84480K, used 17530K [0x00000006c0000000, 0x00000006c5280000, 0x000000076ab00000)
  object space 84480K, 20% used [0x00000006c0000000,0x00000006c111eb08,0x00000006c5280000)
 Metaspace       used 40278K, capacity 41804K, committed 42112K, reserved 1085440K
  class space    used 4906K, capacity 5207K, committed 5248K, reserved 1048576K
}
Event: 6.274 GC heap before
{Heap before GC invocations=13 (full 2):
 PSYoungGen      total 236544K, used 230400K [0x000000076ab00000, 0x000000077cf80000, 0x00000007c0000000)
  eden space 221696K, 100% used [0x000000076ab00000,0x0000000778380000,0x0000000778380000)
  from space 14848K, 58% used [0x0000000779200000,0x0000000779a80060,0x000000077a080000)
  to   space 14848K, 0% used [0x0000000778380000,0x0000000778380000,0x0000000779200000)
 ParOldGen       total 84480K, used 17530K [0x00000006c0000000, 0x00000006c5280000, 0x000000076ab00000)
  object space 84480K, 20% used [0x00000006c0000000,0x00000006c111eb08,0x00000006c5280000)
 Metaspace       used 46588K, capacity 48216K, committed 48512K, reserved 1091584K
  class space    used 5619K, capacity 5961K, committed 6016K, reserved 1048576K
Event: 6.295 GC heap after
Heap after GC invocations=13 (full 2):
 PSYoungGen      total 236544K, used 14831K [0x000000076ab00000, 0x000000077e480000, 0x00000007c0000000)
  eden space 221696K, 0% used [0x000000076ab00000,0x000000076ab00000,0x0000000778380000)
  from space 14848K, 99% used [0x0000000778380000,0x00000007791fbfe8,0x0000000779200000)
  to   space 20480K, 0% used [0x000000077d080000,0x000000077d080000,0x000000077e480000)
 ParOldGen       total 84480K, used 27618K [0x00000006c0000000, 0x00000006c5280000, 0x000000076ab00000)
  object space 84480K, 32% used [0x00000006c0000000,0x00000006c1af8b38,0x00000006c5280000)
 Metaspace       used 46588K, capacity 48216K, committed 48512K, reserved 1091584K
  class space    used 5619K, capacity 5961K, committed 6016K, reserved 1048576K
}

