# JRE version: OpenJDK Runtime Environment (Zulu 8.64.0.19-CA-linux64) (8.0_345-b01) (build 1.8.0_345-b01)
# Java VM: OpenJDK 64-Bit Server VM (25.345-b01 mixed mode linux-amd64 compressed oops)
Heap:
 PSYoungGen      total 465920K, used 235533K [0x00000000d5580000, 0x00000000fc300000, 0x0000000100000000)
  eden space 429568K, 50% used [0x00000000d5580000,0x00000000e28d0df8,0x00000000ef900000)
  from space 36352K, 52% used [0x00000000ef900000,0x00000000f0bb2870,0x00000000f1c80000)
  to   space 36352K, 0% used [0x00000000f9f80000,0x00000000f9f80000,0x00000000fc300000)
 ParOldGen       total 109568K, used 67217K [0x0000000080000000, 0x0000000086b00000, 0x00000000d5580000)
  object space 109568K, 61% used [0x0000000080000000,0x00000000841a4488,0x0000000086b00000)
 Metaspace       used 76590K, capacity 80572K, committed 80600K, reserved 1120256K
  class space    used 8996K, capacity 9673K, committed 9688K, reserved 1048576K
GC Heap History (10 events):
Event: 15.416 GC heap before
{Heap before GC invocations=14 (full 2):
 PSYoungGen      total 256000K, used 237837K [0x00000000d5580000, 0x00000000eb400000, 0x0000000100000000)
  eden space 243200K, 93% used [0x00000000d5580000,0x00000000e32f5a48,0x00000000e4300000)
  from space 12800K, 86% used [0x00000000e4300000,0x00000000e4dcdc10,0x00000000e4f80000)
  to   space 13824K, 0% used [0x00000000ea680000,0x00000000ea680000,0x00000000eb400000)
 ParOldGen       total 70656K, used 22498K [0x0000000080000000, 0x0000000084500000, 0x00000000d5580000)
  object space 70656K, 31% used [0x0000000080000000,0x00000000815f8a30,0x0000000084500000)
 Metaspace       used 55919K, capacity 58672K, committed 59028K, reserved 1101824K
  class space    used 6834K, capacity 7319K, committed 7384K, reserved 1048576K
Event: 15.428 GC heap after
Heap after GC invocations=14 (full 2):
 PSYoungGen      total 336384K, used 13806K [0x00000000d5580000, 0x00000000eb680000, 0x0000000100000000)
  eden space 322560K, 0% used [0x00000000d5580000,0x00000000d5580000,0x00000000e9080000)
  from space 13824K, 99% used [0x00000000ea680000,0x00000000eb3fbaa8,0x00000000eb400000)
  to   space 19456K, 0% used [0x00000000e9080000,0x00000000e9080000,0x00000000ea380000)
 ParOldGen       total 70656K, used 32343K [0x0000000080000000, 0x0000000084500000, 0x00000000d5580000)
  object space 70656K, 45% used [0x0000000080000000,0x0000000081f95f10,0x0000000084500000)
 Metaspace       used 55919K, capacity 58672K, committed 59028K, reserved 1101824K
  class space    used 6834K, capacity 7319K, committed 7384K, reserved 1048576K
}
Event: 15.428 GC heap before
{Heap before GC invocations=15 (full 3):
 PSYoungGen      total 336384K, used 13806K [0x00000000d5580000, 0x00000000eb680000, 0x0000000100000000)
  eden space 322560K, 0% used [0x00000000d5580000,0x00000000d5580000,0x00000000e9080000)
  from space 13824K, 99% used [0x00000000ea680000,0x00000000eb3fbaa8,0x00000000eb400000)
  to   space 19456K, 0% used [0x00000000e9080000,0x00000000e9080000,0x00000000ea380000)
 ParOldGen       total 70656K, used 32343K [0x0000000080000000, 0x0000000084500000, 0x00000000d5580000)
  object space 70656K, 45% used [0x0000000080000000,0x0000000081f95f10,0x0000000084500000)
 Metaspace       used 55919K, capacity 58672K, committed 59028K, reserved 1101824K
  class space    used 6834K, capacity 7319K, committed 7384K, reserved 1048576K
Event: 15.513 GC heap after
Heap after GC invocations=15 (full 3):
 PSYoungGen      total 336384K, used 0K [0x00000000d5580000, 0x00000000eb680000, 0x0000000100000000)
  eden space 322560K, 0% used [0x00000000d5580000,0x00000000d5580000,0x00000000e9080000)
  from space 13824K, 0% used [0x00000000ea680000,0x00000000ea680000,0x00000000eb400000)
  to   space 19456K, 0% used [0x00000000e9080000,0x00000000e9080000,0x00000000ea380000)
 ParOldGen       total 109568K, used 36601K [0x0000000080000000, 0x0000000086b00000, 0x00000000d5580000)
  object space 109568K, 33% used [0x0000000080000000,0x00000000823be4d8,0x0000000086b00000)
 Metaspace       used 55919K, capacity 58672K, committed 59028K, reserved 1101824K
  class space    used 6834K, capacity 7319K, committed 7384K, reserved 1048576K
}
Event: 16.240 GC heap before
{Heap before GC invocations=16 (full 3):
 PSYoungGen      total 336384K, used 322560K [0x00000000d5580000, 0x00000000eb680000, 0x0000000100000000)
  eden space 322560K, 100% used [0x00000000d5580000,0x00000000e9080000,0x00000000e9080000)
  from space 13824K, 0% used [0x00000000ea680000,0x00000000ea680000,0x00000000eb400000)
  to   space 19456K, 0% used [0x00000000e9080000,0x00000000e9080000,0x00000000ea380000)
 ParOldGen       total 109568K, used 36601K [0x0000000080000000, 0x0000000086b00000, 0x00000000d5580000)
  object space 109568K, 33% used [0x0000000080000000,0x00000000823be4d8,0x0000000086b00000)
 Metaspace       used 58391K, capacity 61236K, committed 61656K, reserved 1103872K
  class space    used 7025K, capacity 7527K, committed 7640K, reserved 1048576K
Event: 16.260 GC heap after
Heap after GC invocations=16 (full 3):
 PSYoungGen      total 342016K, used 19442K [0x00000000d5580000, 0x00000000f3c00000, 0x0000000100000000)
  eden space 322560K, 0% used [0x00000000d5580000,0x00000000d5580000,0x00000000e9080000)
  from space 19456K, 99% used [0x00000000e9080000,0x00000000ea37ca20,0x00000000ea380000)
  to   space 32256K, 0% used [0x00000000f1c80000,0x00000000f1c80000,0x00000000f3c00000)
 ParOldGen       total 109568K, used 63506K [0x0000000080000000, 0x0000000086b00000, 0x00000000d5580000)
  object space 109568K, 57% used [0x0000000080000000,0x0000000083e04a48,0x0000000086b00000)
 Metaspace       used 58391K, capacity 61236K, committed 61656K, reserved 1103872K
  class space    used 7025K, capacity 7527K, committed 7640K, reserved 1048576K
}
Event: 17.082 GC heap before
{Heap before GC invocations=17 (full 3):
 PSYoungGen      total 342016K, used 342002K [0x00000000d5580000, 0x00000000f3c00000, 0x0000000100000000)
  eden space 322560K, 100% used [0x00000000d5580000,0x00000000e9080000,0x00000000e9080000)
  from space 19456K, 99% used [0x00000000e9080000,0x00000000ea37ca20,0x00000000ea380000)
  to   space 32256K, 0% used [0x00000000f1c80000,0x00000000f1c80000,0x00000000f3c00000)
 ParOldGen       total 109568K, used 63506K [0x0000000080000000, 0x0000000086b00000, 0x00000000d5580000)
  object space 109568K, 57% used [0x0000000080000000,0x0000000083e04a48,0x0000000086b00000)
 Metaspace       used 63271K, capacity 66250K, committed 66648K, reserved 1107968K
  class space    used 7447K, capacity 7952K, committed 8024K, reserved 1048576K
Event: 17.096 GC heap after
Heap after GC invocations=17 (full 3):
 PSYoungGen      total 461824K, used 28551K [0x00000000d5580000, 0x00000000f4500000, 0x0000000100000000)
  eden space 429568K, 0% used [0x00000000d5580000,0x00000000d5580000,0x00000000ef900000)
  from space 32256K, 88% used [0x00000000f1c80000,0x00000000f3861f38,0x00000000f3c00000)
  to   space 36352K, 0% used [0x00000000ef900000,0x00000000ef900000,0x00000000f1c80000)
 ParOldGen       total 109568K, used 64254K [0x0000000080000000, 0x0000000086b00000, 0x00000000d5580000)
  object space 109568K, 58% used [0x0000000080000000,0x0000000083ebf9e0,0x0000000086b00000)
 Metaspace       used 63271K, capacity 66250K, committed 66648K, reserved 1107968K
  class space    used 7447K, capacity 7952K, committed 8024K, reserved 1048576K
}
Event: 24.660 GC heap before
{Heap before GC invocations=18 (full 3):
 PSYoungGen      total 461824K, used 458119K [0x00000000d5580000, 0x00000000f4500000, 0x0000000100000000)
  eden space 429568K, 100% used [0x00000000d5580000,0x00000000ef900000,0x00000000ef900000)
  from space 32256K, 88% used [0x00000000f1c80000,0x00000000f3861f38,0x00000000f3c00000)
  to   space 36352K, 0% used [0x00000000ef900000,0x00000000ef900000,0x00000000f1c80000)
 ParOldGen       total 109568K, used 64254K [0x0000000080000000, 0x0000000086b00000, 0x00000000d5580000)
  object space 109568K, 58% used [0x0000000080000000,0x0000000083ebfb58,0x0000000086b00000)
 Metaspace       used 71208K, capacity 74752K, committed 74968K, reserved 1116160K
  class space    used 8322K, capacity 8911K, committed 8920K, reserved 1048576K
Event: 24.675 GC heap after
Heap after GC invocations=18 (full 3):
 PSYoungGen      total 465920K, used 19146K [0x00000000d5580000, 0x00000000fc300000, 0x0000000100000000)
  eden space 429568K, 0% used [0x00000000d5580000,0x00000000d5580000,0x00000000ef900000)
  from space 36352K, 52% used [0x00000000ef900000,0x00000000f0bb2870,0x00000000f1c80000)
  to   space 36352K, 0% used [0x00000000f9f80000,0x00000000f9f80000,0x00000000fc300000)
 ParOldGen       total 109568K, used 67217K [0x0000000080000000, 0x0000000086b00000, 0x00000000d5580000)
  object space 109568K, 61% used [0x0000000080000000,0x00000000841a4488,0x0000000086b00000)
 Metaspace       used 71208K, capacity 74752K, committed 74968K, reserved 1116160K
  class space    used 8322K, capacity 8911K, committed 8920K, reserved 1048576K
}

