WARNING: A Java agent has been loaded dynamically (/home/runner/.m2/repository/net/bytebuddy/byte-buddy-agent/1.12.19/byte-buddy-agent-1.12.19.jar)
WARNING: If a serviceability tool is in use, please run with -XX:+EnableDynamicAgentLoading to hide this warning
WARNING: If a serviceability tool is not in use, please run with -Djdk.instrument.traceUsage for more information
WARNING: Dynamic loading of agents will be disallowed by default in a future release
2025-09-03 05:16:46,588 [main] INFO  tasks.NSSummaryTask (NSSummaryTask.java:reprocess(214)) - Starting NSSummary tree reprocess with unified control...
2025-09-03 05:16:46,600 [main] INFO  tasks.TestNSSummaryUnifiedControl (TestNSSummaryUnifiedControl.java:executeReprocess(161)) - Test NSSummary reprocess execution time: 8 milliseconds
2025-09-03 05:16:46,600 [main] INFO  tasks.TestNSSummaryUnifiedControl (TestNSSummaryUnifiedControl.java:executeReprocess(166)) - Test NSSummary tree reprocess completed successfully with unified control.
2025-09-03 05:16:46,670 [main] INFO  tasks.NSSummaryTask (NSSummaryTask.java:reprocess(214)) - Starting NSSummary tree reprocess with unified control...
2025-09-03 05:16:46,672 [main] ERROR tasks.TestNSSummaryUnifiedControl (TestNSSummaryUnifiedControl.java:executeReprocess(123)) - Unable to clear NSSummary table in Recon DB. 
java.io.IOException: Test failure
	at org.apache.hadoop.ozone.recon.tasks.TestNSSummaryUnifiedControl$1.executeReprocess(TestNSSummaryUnifiedControl.java:121)
	at org.apache.hadoop.ozone.recon.tasks.NSSummaryTask.reprocess(NSSummaryTask.java:218)
	at org.apache.hadoop.ozone.recon.tasks.TestNSSummaryUnifiedControl.testRebuildFailure(TestNSSummaryUnifiedControl.java:214)
	at java.base/jdk.internal.reflect.DirectMethodHandleAccessor.invoke(DirectMethodHandleAccessor.java:103)
	at java.base/java.lang.reflect.Method.invoke(Method.java:580)
	at org.junit.platform.commons.util.ReflectionUtils.invokeMethod(ReflectionUtils.java:787)
	at org.junit.platform.commons.support.ReflectionSupport.invokeMethod(ReflectionSupport.java:478)
	at org.junit.jupiter.engine.execution.MethodInvocation.proceed(MethodInvocation.java:60)
	at org.junit.jupiter.engine.execution.InvocationInterceptorChain$ValidatingInvocation.proceed(InvocationInterceptorChain.java:131)
	at org.junit.jupiter.engine.extension.SameThreadTimeoutInvocation.proceed(SameThreadTimeoutInvocation.java:49)
	at org.junit.jupiter.engine.extension.TimeoutExtension.intercept(TimeoutExtension.java:161)
	at org.junit.jupiter.engine.extension.TimeoutExtension.interceptTestableMethod(TimeoutExtension.java:152)
	at org.junit.jupiter.engine.extension.TimeoutExtension.interceptTestMethod(TimeoutExtension.java:91)
	at org.junit.jupiter.engine.execution.InterceptingExecutableInvoker$ReflectiveInterceptorCall.lambda$ofVoidMethod$0(InterceptingExecutableInvoker.java:112)
	at org.junit.jupiter.engine.execution.InterceptingExecutableInvoker.lambda$invoke$0(InterceptingExecutableInvoker.java:94)
	at org.junit.jupiter.engine.execution.InvocationInterceptorChain$InterceptedInvocation.proceed(InvocationInterceptorChain.java:106)
	at org.junit.jupiter.engine.execution.InvocationInterceptorChain.proceed(InvocationInterceptorChain.java:64)
	at org.junit.jupiter.engine.execution.InvocationInterceptorChain.chainAndInvoke(InvocationInterceptorChain.java:45)
	at org.junit.jupiter.engine.execution.InvocationInterceptorChain.invoke(InvocationInterceptorChain.java:37)
	at org.junit.jupiter.engine.execution.InterceptingExecutableInvoker.invoke(InterceptingExecutableInvoker.java:93)
	at org.junit.jupiter.engine.execution.InterceptingExecutableInvoker.invoke(InterceptingExecutableInvoker.java:87)
	at org.junit.jupiter.engine.descriptor.TestMethodTestDescriptor.lambda$invokeTestMethod$4(TestMethodTestDescriptor.java:221)
	at org.junit.platform.engine.support.hierarchical.ThrowableCollector.execute(ThrowableCollector.java:73)
	at org.junit.jupiter.engine.descriptor.TestMethodTestDescriptor.invokeTestMethod(TestMethodTestDescriptor.java:217)
	at org.junit.jupiter.engine.descriptor.TestMethodTestDescriptor.execute(TestMethodTestDescriptor.java:159)
	at org.junit.jupiter.engine.descriptor.TestMethodTestDescriptor.execute(TestMethodTestDescriptor.java:70)
	at org.junit.platform.engine.support.hierarchical.NodeTestTask.lambda$executeRecursively$6(NodeTestTask.java:157)
	at org.junit.platform.engine.support.hierarchical.ThrowableCollector.execute(ThrowableCollector.java:73)
	at org.junit.platform.engine.support.hierarchical.NodeTestTask.lambda$executeRecursively$8(NodeTestTask.java:147)
	at org.junit.platform.engine.support.hierarchical.Node.around(Node.java:137)
	at org.junit.platform.engine.support.hierarchical.NodeTestTask.lambda$executeRecursively$9(NodeTestTask.java:145)
	at org.junit.platform.engine.support.hierarchical.ThrowableCollector.execute(ThrowableCollector.java:73)
	at org.junit.platform.engine.support.hierarchical.NodeTestTask.executeRecursively(NodeTestTask.java:144)
	at org.junit.platform.engine.support.hierarchical.NodeTestTask.execute(NodeTestTask.java:101)
	at java.base/java.util.ArrayList.forEach(ArrayList.java:1596)
	at org.junit.platform.engine.support.hierarchical.SameThreadHierarchicalTestExecutorService.invokeAll(SameThreadHierarchicalTestExecutorService.java:41)
	at org.junit.platform.engine.support.hierarchical.NodeTestTask.lambda$executeRecursively$6(NodeTestTask.java:161)
	at org.junit.platform.engine.support.hierarchical.ThrowableCollector.execute(ThrowableCollector.java:73)
	at org.junit.platform.engine.support.hierarchical.NodeTestTask.lambda$executeRecursively$8(NodeTestTask.java:147)
	at org.junit.platform.engine.support.hierarchical.Node.around(Node.java:137)
	at org.junit.platform.engine.support.hierarchical.NodeTestTask.lambda$executeRecursively$9(NodeTestTask.java:145)
	at org.junit.platform.engine.support.hierarchical.ThrowableCollector.execute(ThrowableCollector.java:73)
	at org.junit.platform.engine.support.hierarchical.NodeTestTask.executeRecursively(NodeTestTask.java:144)
	at org.junit.platform.engine.support.hierarchical.NodeTestTask.execute(NodeTestTask.java:101)
	at java.base/java.util.ArrayList.forEach(ArrayList.java:1596)
	at org.junit.platform.engine.support.hierarchical.SameThreadHierarchicalTestExecutorService.invokeAll(SameThreadHierarchicalTestExecutorService.java:41)
	at org.junit.platform.engine.support.hierarchical.NodeTestTask.lambda$executeRecursively$6(NodeTestTask.java:161)
	at org.junit.platform.engine.support.hierarchical.ThrowableCollector.execute(ThrowableCollector.java:73)
	at org.junit.platform.engine.support.hierarchical.NodeTestTask.lambda$executeRecursively$8(NodeTestTask.java:147)
	at org.junit.platform.engine.support.hierarchical.Node.around(Node.java:137)
	at org.junit.platform.engine.support.hierarchical.NodeTestTask.lambda$executeRecursively$9(NodeTestTask.java:145)
	at org.junit.platform.engine.support.hierarchical.ThrowableCollector.execute(ThrowableCollector.java:73)
	at org.junit.platform.engine.support.hierarchical.NodeTestTask.executeRecursively(NodeTestTask.java:144)
	at org.junit.platform.engine.support.hierarchical.NodeTestTask.execute(NodeTestTask.java:101)
	at org.junit.platform.engine.support.hierarchical.SameThreadHierarchicalTestExecutorService.submit(SameThreadHierarchicalTestExecutorService.java:35)
	at org.junit.platform.engine.support.hierarchical.HierarchicalTestExecutor.execute(HierarchicalTestExecutor.java:57)
	at org.junit.platform.engine.support.hierarchical.HierarchicalTestEngine.execute(HierarchicalTestEngine.java:54)
	at org.junit.platform.launcher.core.EngineExecutionOrchestrator.executeEngine(EngineExecutionOrchestrator.java:230)
	at org.junit.platform.launcher.core.EngineExecutionOrchestrator.failOrExecuteEngine(EngineExecutionOrchestrator.java:204)
	at org.junit.platform.launcher.core.EngineExecutionOrchestrator.execute(EngineExecutionOrchestrator.java:172)
	at org.junit.platform.launcher.core.EngineExecutionOrchestrator.execute(EngineExecutionOrchestrator.java:101)
	at org.junit.platform.launcher.core.EngineExecutionOrchestrator.lambda$execute$0(EngineExecutionOrchestrator.java:64)
	at org.junit.platform.launcher.core.EngineExecutionOrchestrator.withInterceptedStreams(EngineExecutionOrchestrator.java:150)
	at org.junit.platform.launcher.core.EngineExecutionOrchestrator.execute(EngineExecutionOrchestrator.java:63)
	at org.junit.platform.launcher.core.DefaultLauncher.execute(DefaultLauncher.java:109)
	at org.junit.platform.launcher.core.DefaultLauncher.execute(DefaultLauncher.java:91)
	at org.junit.platform.launcher.core.DelegatingLauncher.execute(DelegatingLauncher.java:47)
	at org.junit.platform.launcher.core.InterceptingLauncher.lambda$execute$1(InterceptingLauncher.java:39)
	at org.junit.platform.launcher.core.ClasspathAlignmentCheckingLauncherInterceptor.intercept(ClasspathAlignmentCheckingLauncherInterceptor.java:25)
	at org.junit.platform.launcher.core.InterceptingLauncher.execute(InterceptingLauncher.java:38)
	at org.junit.platform.launcher.core.DelegatingLauncher.execute(DelegatingLauncher.java:47)
	at org.apache.maven.surefire.junitplatform.LazyLauncher.execute(LazyLauncher.java:56)
	at org.apache.maven.surefire.junitplatform.JUnitPlatformProvider.execute(JUnitPlatformProvider.java:184)
	at org.apache.maven.surefire.junitplatform.JUnitPlatformProvider.invokeAllTests(JUnitPlatformProvider.java:148)
	at org.apache.maven.surefire.junitplatform.JUnitPlatformProvider.invoke(JUnitPlatformProvider.java:120)
	at org.apache.maven.surefire.booter.ForkedBooter.runSuitesInProcess(ForkedBooter.java:385)
	at org.apache.maven.surefire.booter.ForkedBooter.execute(ForkedBooter.java:162)
	at org.apache.maven.surefire.booter.ForkedBooter.run(ForkedBooter.java:507)
	at org.apache.maven.surefire.booter.ForkedBooter.main(ForkedBooter.java:495)
2025-09-03 05:16:46,726 [pool-3-thread-1] INFO  tasks.TestNSSummaryUnifiedControl (TestNSSummaryUnifiedControl.java:lambda$testConcurrentRebuildPrevention$1(249)) - Starting first rebuild
2025-09-03 05:16:46,726 [pool-3-thread-1] INFO  tasks.NSSummaryTask (NSSummaryTask.java:reprocess(214)) - Starting NSSummary tree reprocess with unified control...
2025-09-03 05:16:46,728 [pool-3-thread-2] INFO  tasks.TestNSSummaryUnifiedControl (TestNSSummaryUnifiedControl.java:lambda$testConcurrentRebuildPrevention$2(262)) - Attempting second rebuild
2025-09-03 05:16:46,728 [pool-3-thread-2] INFO  tasks.NSSummaryTask (NSSummaryTask.java:reprocess(205)) - NSSummary tree rebuild is already in progress, skipping duplicate request.
2025-09-03 05:16:46,730 [pool-3-thread-1] INFO  tasks.TestNSSummaryUnifiedControl (TestNSSummaryUnifiedControl.java:executeReprocess(161)) - Test NSSummary reprocess execution time: 3 milliseconds
2025-09-03 05:16:46,730 [pool-3-thread-1] INFO  tasks.TestNSSummaryUnifiedControl (TestNSSummaryUnifiedControl.java:executeReprocess(166)) - Test NSSummary tree reprocess completed successfully with unified control.
2025-09-03 05:16:46,765 [main] INFO  tasks.NSSummaryTask (NSSummaryTask.java:reprocess(214)) - Starting NSSummary tree reprocess with unified control...
2025-09-03 05:16:46,765 [main] ERROR tasks.TestNSSummaryUnifiedControl (TestNSSummaryUnifiedControl.java:executeReprocess(123)) - Unable to clear NSSummary table in Recon DB. 
java.io.IOException: Test failure
	at org.apache.hadoop.ozone.recon.tasks.TestNSSummaryUnifiedControl$1.executeReprocess(TestNSSummaryUnifiedControl.java:121)
	at org.apache.hadoop.ozone.recon.tasks.NSSummaryTask.reprocess(NSSummaryTask.java:218)
	at org.apache.hadoop.ozone.recon.tasks.TestNSSummaryUnifiedControl.testRebuildAfterFailure(TestNSSummaryUnifiedControl.java:298)
	at java.base/jdk.internal.reflect.DirectMethodHandleAccessor.invoke(DirectMethodHandleAccessor.java:103)
	at java.base/java.lang.reflect.Method.invoke(Method.java:580)
	at org.junit.platform.commons.util.ReflectionUtils.invokeMethod(ReflectionUtils.java:787)
	at org.junit.platform.commons.support.ReflectionSupport.invokeMethod(ReflectionSupport.java:478)
	at org.junit.jupiter.engine.execution.MethodInvocation.proceed(MethodInvocation.java:60)
	at org.junit.jupiter.engine.execution.InvocationInterceptorChain$ValidatingInvocation.proceed(InvocationInterceptorChain.java:131)
	at org.junit.jupiter.engine.extension.SameThreadTimeoutInvocation.proceed(SameThreadTimeoutInvocation.java:49)
	at org.junit.jupiter.engine.extension.TimeoutExtension.intercept(TimeoutExtension.java:161)
	at org.junit.jupiter.engine.extension.TimeoutExtension.interceptTestableMethod(TimeoutExtension.java:152)
	at org.junit.jupiter.engine.extension.TimeoutExtension.interceptTestMethod(TimeoutExtension.java:91)
	at org.junit.jupiter.engine.execution.InterceptingExecutableInvoker$ReflectiveInterceptorCall.lambda$ofVoidMethod$0(InterceptingExecutableInvoker.java:112)
	at org.junit.jupiter.engine.execution.InterceptingExecutableInvoker.lambda$invoke$0(InterceptingExecutableInvoker.java:94)
	at org.junit.jupiter.engine.execution.InvocationInterceptorChain$InterceptedInvocation.proceed(InvocationInterceptorChain.java:106)
	at org.junit.jupiter.engine.execution.InvocationInterceptorChain.proceed(InvocationInterceptorChain.java:64)
	at org.junit.jupiter.engine.execution.InvocationInterceptorChain.chainAndInvoke(InvocationInterceptorChain.java:45)
	at org.junit.jupiter.engine.execution.InvocationInterceptorChain.invoke(InvocationInterceptorChain.java:37)
	at org.junit.jupiter.engine.execution.InterceptingExecutableInvoker.invoke(InterceptingExecutableInvoker.java:93)
	at org.junit.jupiter.engine.execution.InterceptingExecutableInvoker.invoke(InterceptingExecutableInvoker.java:87)
	at org.junit.jupiter.engine.descriptor.TestMethodTestDescriptor.lambda$invokeTestMethod$4(TestMethodTestDescriptor.java:221)
	at org.junit.platform.engine.support.hierarchical.ThrowableCollector.execute(ThrowableCollector.java:73)
	at org.junit.jupiter.engine.descriptor.TestMethodTestDescriptor.invokeTestMethod(TestMethodTestDescriptor.java:217)
	at org.junit.jupiter.engine.descriptor.TestMethodTestDescriptor.execute(TestMethodTestDescriptor.java:159)
	at org.junit.jupiter.engine.descriptor.TestMethodTestDescriptor.execute(TestMethodTestDescriptor.java:70)
	at org.junit.platform.engine.support.hierarchical.NodeTestTask.lambda$executeRecursively$6(NodeTestTask.java:157)
	at org.junit.platform.engine.support.hierarchical.ThrowableCollector.execute(ThrowableCollector.java:73)
	at org.junit.platform.engine.support.hierarchical.NodeTestTask.lambda$executeRecursively$8(NodeTestTask.java:147)
	at org.junit.platform.engine.support.hierarchical.Node.around(Node.java:137)
	at org.junit.platform.engine.support.hierarchical.NodeTestTask.lambda$executeRecursively$9(NodeTestTask.java:145)
	at org.junit.platform.engine.support.hierarchical.ThrowableCollector.execute(ThrowableCollector.java:73)
	at org.junit.platform.engine.support.hierarchical.NodeTestTask.executeRecursively(NodeTestTask.java:144)
	at org.junit.platform.engine.support.hierarchical.NodeTestTask.execute(NodeTestTask.java:101)
	at java.base/java.util.ArrayList.forEach(ArrayList.java:1596)
	at org.junit.platform.engine.support.hierarchical.SameThreadHierarchicalTestExecutorService.invokeAll(SameThreadHierarchicalTestExecutorService.java:41)
	at org.junit.platform.engine.support.hierarchical.NodeTestTask.lambda$executeRecursively$6(NodeTestTask.java:161)
	at org.junit.platform.engine.support.hierarchical.ThrowableCollector.execute(ThrowableCollector.java:73)
	at org.junit.platform.engine.support.hierarchical.NodeTestTask.lambda$executeRecursively$8(NodeTestTask.java:147)
	at org.junit.platform.engine.support.hierarchical.Node.around(Node.java:137)
	at org.junit.platform.engine.support.hierarchical.NodeTestTask.lambda$executeRecursively$9(NodeTestTask.java:145)
	at org.junit.platform.engine.support.hierarchical.ThrowableCollector.execute(ThrowableCollector.java:73)
	at org.junit.platform.engine.support.hierarchical.NodeTestTask.executeRecursively(NodeTestTask.java:144)
	at org.junit.platform.engine.support.hierarchical.NodeTestTask.execute(NodeTestTask.java:101)
	at java.base/java.util.ArrayList.forEach(ArrayList.java:1596)
	at org.junit.platform.engine.support.hierarchical.SameThreadHierarchicalTestExecutorService.invokeAll(SameThreadHierarchicalTestExecutorService.java:41)
	at org.junit.platform.engine.support.hierarchical.NodeTestTask.lambda$executeRecursively$6(NodeTestTask.java:161)
	at org.junit.platform.engine.support.hierarchical.ThrowableCollector.execute(ThrowableCollector.java:73)
	at org.junit.platform.engine.support.hierarchical.NodeTestTask.lambda$executeRecursively$8(NodeTestTask.java:147)
	at org.junit.platform.engine.support.hierarchical.Node.around(Node.java:137)
	at org.junit.platform.engine.support.hierarchical.NodeTestTask.lambda$executeRecursively$9(NodeTestTask.java:145)
	at org.junit.platform.engine.support.hierarchical.ThrowableCollector.execute(ThrowableCollector.java:73)
	at org.junit.platform.engine.support.hierarchical.NodeTestTask.executeRecursively(NodeTestTask.java:144)
	at org.junit.platform.engine.support.hierarchical.NodeTestTask.execute(NodeTestTask.java:101)
	at org.junit.platform.engine.support.hierarchical.SameThreadHierarchicalTestExecutorService.submit(SameThreadHierarchicalTestExecutorService.java:35)
	at org.junit.platform.engine.support.hierarchical.HierarchicalTestExecutor.execute(HierarchicalTestExecutor.java:57)
	at org.junit.platform.engine.support.hierarchical.HierarchicalTestEngine.execute(HierarchicalTestEngine.java:54)
	at org.junit.platform.launcher.core.EngineExecutionOrchestrator.executeEngine(EngineExecutionOrchestrator.java:230)
	at org.junit.platform.launcher.core.EngineExecutionOrchestrator.failOrExecuteEngine(EngineExecutionOrchestrator.java:204)
	at org.junit.platform.launcher.core.EngineExecutionOrchestrator.execute(EngineExecutionOrchestrator.java:172)
	at org.junit.platform.launcher.core.EngineExecutionOrchestrator.execute(EngineExecutionOrchestrator.java:101)
	at org.junit.platform.launcher.core.EngineExecutionOrchestrator.lambda$execute$0(EngineExecutionOrchestrator.java:64)
	at org.junit.platform.launcher.core.EngineExecutionOrchestrator.withInterceptedStreams(EngineExecutionOrchestrator.java:150)
	at org.junit.platform.launcher.core.EngineExecutionOrchestrator.execute(EngineExecutionOrchestrator.java:63)
	at org.junit.platform.launcher.core.DefaultLauncher.execute(DefaultLauncher.java:109)
	at org.junit.platform.launcher.core.DefaultLauncher.execute(DefaultLauncher.java:91)
	at org.junit.platform.launcher.core.DelegatingLauncher.execute(DelegatingLauncher.java:47)
	at org.junit.platform.launcher.core.InterceptingLauncher.lambda$execute$1(InterceptingLauncher.java:39)
	at org.junit.platform.launcher.core.ClasspathAlignmentCheckingLauncherInterceptor.intercept(ClasspathAlignmentCheckingLauncherInterceptor.java:25)
	at org.junit.platform.launcher.core.InterceptingLauncher.execute(InterceptingLauncher.java:38)
	at org.junit.platform.launcher.core.DelegatingLauncher.execute(DelegatingLauncher.java:47)
	at org.apache.maven.surefire.junitplatform.LazyLauncher.execute(LazyLauncher.java:56)
	at org.apache.maven.surefire.junitplatform.JUnitPlatformProvider.execute(JUnitPlatformProvider.java:184)
	at org.apache.maven.surefire.junitplatform.JUnitPlatformProvider.invokeAllTests(JUnitPlatformProvider.java:148)
	at org.apache.maven.surefire.junitplatform.JUnitPlatformProvider.invoke(JUnitPlatformProvider.java:120)
	at org.apache.maven.surefire.booter.ForkedBooter.runSuitesInProcess(ForkedBooter.java:385)
	at org.apache.maven.surefire.booter.ForkedBooter.execute(ForkedBooter.java:162)
	at org.apache.maven.surefire.booter.ForkedBooter.run(ForkedBooter.java:507)
	at org.apache.maven.surefire.booter.ForkedBooter.main(ForkedBooter.java:495)
2025-09-03 05:16:46,769 [main] INFO  tasks.NSSummaryTask (NSSummaryTask.java:reprocess(214)) - Starting NSSummary tree reprocess with unified control...
2025-09-03 05:16:46,770 [main] INFO  tasks.TestNSSummaryUnifiedControl (TestNSSummaryUnifiedControl.java:executeReprocess(161)) - Test NSSummary reprocess execution time: 1 milliseconds
2025-09-03 05:16:46,771 [main] INFO  tasks.TestNSSummaryUnifiedControl (TestNSSummaryUnifiedControl.java:executeReprocess(166)) - Test NSSummary tree reprocess completed successfully with unified control.
2025-09-03 05:16:46,796 [Thread-4] INFO  tasks.NSSummaryTask (NSSummaryTask.java:reprocess(214)) - Starting NSSummary tree reprocess with unified control...
2025-09-03 05:16:46,797 [Thread-4] ERROR tasks.NSSummaryTask (NSSummaryTask.java:reprocess(220)) - NSSummary reprocess failed with exception.
java.lang.RuntimeException: Interrupted
	at org.apache.hadoop.ozone.recon.tasks.TestNSSummaryUnifiedControl.lambda$testInterruptedThreadHandling$9(TestNSSummaryUnifiedControl.java:525)
	at org.mockito.internal.stubbing.StubbedInvocationMatcher.answer(StubbedInvocationMatcher.java:42)
	at org.mockito.internal.handler.MockHandlerImpl.handle(MockHandlerImpl.java:103)
	at org.mockito.internal.handler.NullResultGuardian.handle(NullResultGuardian.java:29)
	at org.mockito.internal.handler.InvocationNotifierHandler.handle(InvocationNotifierHandler.java:34)
	at org.mockito.internal.creation.bytebuddy.MockMethodInterceptor.doIntercept(MockMethodInterceptor.java:82)
	at org.mockito.internal.creation.bytebuddy.MockMethodInterceptor.doIntercept(MockMethodInterceptor.java:56)
	at org.mockito.internal.creation.bytebuddy.MockMethodInterceptor$DispatcherDefaultingToRealMethod.interceptAbstract(MockMethodInterceptor.java:161)
	at org.apache.hadoop.ozone.recon.spi.ReconNamespaceSummaryManager$MockitoMock$dJm2OkOx.clearNSSummaryTable(Unknown Source)
	at org.apache.hadoop.ozone.recon.tasks.TestNSSummaryUnifiedControl$1.executeReprocess(TestNSSummaryUnifiedControl.java:121)
	at org.apache.hadoop.ozone.recon.tasks.NSSummaryTask.reprocess(NSSummaryTask.java:218)
	at org.apache.hadoop.ozone.recon.tasks.TestNSSummaryUnifiedControl.lambda$testInterruptedThreadHandling$10(TestNSSummaryUnifiedControl.java:532)
	at java.base/java.lang.Thread.run(Thread.java:1583)
Caused by: java.lang.InterruptedException: sleep interrupted
	at java.base/java.lang.Thread.sleep0(Native Method)
	at java.base/java.lang.Thread.sleep(Thread.java:509)
	at org.apache.hadoop.ozone.recon.tasks.TestNSSummaryUnifiedControl.lambda$testInterruptedThreadHandling$9(TestNSSummaryUnifiedControl.java:522)
	... 12 more
2025-09-03 05:16:46,849 [main] INFO  tasks.NSSummaryTask (NSSummaryTask.java:reprocess(214)) - Starting NSSummary tree reprocess with unified control...
2025-09-03 05:16:46,850 [main] ERROR tasks.NSSummaryTask (NSSummaryTask.java:reprocess(220)) - NSSummary reprocess failed with exception.
java.lang.RuntimeException: Unexpected error
	at org.apache.hadoop.ozone.recon.tasks.TestNSSummaryUnifiedControl$1.executeReprocess(TestNSSummaryUnifiedControl.java:121)
	at org.apache.hadoop.ozone.recon.tasks.NSSummaryTask.reprocess(NSSummaryTask.java:218)
	at org.apache.hadoop.ozone.recon.tasks.TestNSSummaryUnifiedControl.testStateTransitionsDuringExceptions(TestNSSummaryUnifiedControl.java:494)
	at java.base/jdk.internal.reflect.DirectMethodHandleAccessor.invoke(DirectMethodHandleAccessor.java:103)
	at java.base/java.lang.reflect.Method.invoke(Method.java:580)
	at org.junit.platform.commons.util.ReflectionUtils.invokeMethod(ReflectionUtils.java:787)
	at org.junit.platform.commons.support.ReflectionSupport.invokeMethod(ReflectionSupport.java:478)
	at org.junit.jupiter.engine.execution.MethodInvocation.proceed(MethodInvocation.java:60)
	at org.junit.jupiter.engine.execution.InvocationInterceptorChain$ValidatingInvocation.proceed(InvocationInterceptorChain.java:131)
	at org.junit.jupiter.engine.extension.SameThreadTimeoutInvocation.proceed(SameThreadTimeoutInvocation.java:49)
	at org.junit.jupiter.engine.extension.TimeoutExtension.intercept(TimeoutExtension.java:161)
	at org.junit.jupiter.engine.extension.TimeoutExtension.interceptTestableMethod(TimeoutExtension.java:152)
	at org.junit.jupiter.engine.extension.TimeoutExtension.interceptTestMethod(TimeoutExtension.java:91)
	at org.junit.jupiter.engine.execution.InterceptingExecutableInvoker$ReflectiveInterceptorCall.lambda$ofVoidMethod$0(InterceptingExecutableInvoker.java:112)
	at org.junit.jupiter.engine.execution.InterceptingExecutableInvoker.lambda$invoke$0(InterceptingExecutableInvoker.java:94)
	at org.junit.jupiter.engine.execution.InvocationInterceptorChain$InterceptedInvocation.proceed(InvocationInterceptorChain.java:106)
	at org.junit.jupiter.engine.execution.InvocationInterceptorChain.proceed(InvocationInterceptorChain.java:64)
	at org.junit.jupiter.engine.execution.InvocationInterceptorChain.chainAndInvoke(InvocationInterceptorChain.java:45)
	at org.junit.jupiter.engine.execution.InvocationInterceptorChain.invoke(InvocationInterceptorChain.java:37)
	at org.junit.jupiter.engine.execution.InterceptingExecutableInvoker.invoke(InterceptingExecutableInvoker.java:93)
	at org.junit.jupiter.engine.execution.InterceptingExecutableInvoker.invoke(InterceptingExecutableInvoker.java:87)
	at org.junit.jupiter.engine.descriptor.TestMethodTestDescriptor.lambda$invokeTestMethod$4(TestMethodTestDescriptor.java:221)
	at org.junit.platform.engine.support.hierarchical.ThrowableCollector.execute(ThrowableCollector.java:73)
	at org.junit.jupiter.engine.descriptor.TestMethodTestDescriptor.invokeTestMethod(TestMethodTestDescriptor.java:217)
	at org.junit.jupiter.engine.descriptor.TestMethodTestDescriptor.execute(TestMethodTestDescriptor.java:159)
	at org.junit.jupiter.engine.descriptor.TestMethodTestDescriptor.execute(TestMethodTestDescriptor.java:70)
	at org.junit.platform.engine.support.hierarchical.NodeTestTask.lambda$executeRecursively$6(NodeTestTask.java:157)
	at org.junit.platform.engine.support.hierarchical.ThrowableCollector.execute(ThrowableCollector.java:73)
	at org.junit.platform.engine.support.hierarchical.NodeTestTask.lambda$executeRecursively$8(NodeTestTask.java:147)
	at org.junit.platform.engine.support.hierarchical.Node.around(Node.java:137)
	at org.junit.platform.engine.support.hierarchical.NodeTestTask.lambda$executeRecursively$9(NodeTestTask.java:145)
	at org.junit.platform.engine.support.hierarchical.ThrowableCollector.execute(ThrowableCollector.java:73)
	at org.junit.platform.engine.support.hierarchical.NodeTestTask.executeRecursively(NodeTestTask.java:144)
	at org.junit.platform.engine.support.hierarchical.NodeTestTask.execute(NodeTestTask.java:101)
	at java.base/java.util.ArrayList.forEach(ArrayList.java:1596)
	at org.junit.platform.engine.support.hierarchical.SameThreadHierarchicalTestExecutorService.invokeAll(SameThreadHierarchicalTestExecutorService.java:41)
	at org.junit.platform.engine.support.hierarchical.NodeTestTask.lambda$executeRecursively$6(NodeTestTask.java:161)
	at org.junit.platform.engine.support.hierarchical.ThrowableCollector.execute(ThrowableCollector.java:73)
	at org.junit.platform.engine.support.hierarchical.NodeTestTask.lambda$executeRecursively$8(NodeTestTask.java:147)
	at org.junit.platform.engine.support.hierarchical.Node.around(Node.java:137)
	at org.junit.platform.engine.support.hierarchical.NodeTestTask.lambda$executeRecursively$9(NodeTestTask.java:145)
	at org.junit.platform.engine.support.hierarchical.ThrowableCollector.execute(ThrowableCollector.java:73)
	at org.junit.platform.engine.support.hierarchical.NodeTestTask.executeRecursively(NodeTestTask.java:144)
	at org.junit.platform.engine.support.hierarchical.NodeTestTask.execute(NodeTestTask.java:101)
	at java.base/java.util.ArrayList.forEach(ArrayList.java:1596)
	at org.junit.platform.engine.support.hierarchical.SameThreadHierarchicalTestExecutorService.invokeAll(SameThreadHierarchicalTestExecutorService.java:41)
	at org.junit.platform.engine.support.hierarchical.NodeTestTask.lambda$executeRecursively$6(NodeTestTask.java:161)
	at org.junit.platform.engine.support.hierarchical.ThrowableCollector.execute(ThrowableCollector.java:73)
	at org.junit.platform.engine.support.hierarchical.NodeTestTask.lambda$executeRecursively$8(NodeTestTask.java:147)
	at org.junit.platform.engine.support.hierarchical.Node.around(Node.java:137)
	at org.junit.platform.engine.support.hierarchical.NodeTestTask.lambda$executeRecursively$9(NodeTestTask.java:145)
	at org.junit.platform.engine.support.hierarchical.ThrowableCollector.execute(ThrowableCollector.java:73)
	at org.junit.platform.engine.support.hierarchical.NodeTestTask.executeRecursively(NodeTestTask.java:144)
	at org.junit.platform.engine.support.hierarchical.NodeTestTask.execute(NodeTestTask.java:101)
	at org.junit.platform.engine.support.hierarchical.SameThreadHierarchicalTestExecutorService.submit(SameThreadHierarchicalTestExecutorService.java:35)
	at org.junit.platform.engine.support.hierarchical.HierarchicalTestExecutor.execute(HierarchicalTestExecutor.java:57)
	at org.junit.platform.engine.support.hierarchical.HierarchicalTestEngine.execute(HierarchicalTestEngine.java:54)
	at org.junit.platform.launcher.core.EngineExecutionOrchestrator.executeEngine(EngineExecutionOrchestrator.java:230)
	at org.junit.platform.launcher.core.EngineExecutionOrchestrator.failOrExecuteEngine(EngineExecutionOrchestrator.java:204)
	at org.junit.platform.launcher.core.EngineExecutionOrchestrator.execute(EngineExecutionOrchestrator.java:172)
	at org.junit.platform.launcher.core.EngineExecutionOrchestrator.execute(EngineExecutionOrchestrator.java:101)
	at org.junit.platform.launcher.core.EngineExecutionOrchestrator.lambda$execute$0(EngineExecutionOrchestrator.java:64)
	at org.junit.platform.launcher.core.EngineExecutionOrchestrator.withInterceptedStreams(EngineExecutionOrchestrator.java:150)
	at org.junit.platform.launcher.core.EngineExecutionOrchestrator.execute(EngineExecutionOrchestrator.java:63)
	at org.junit.platform.launcher.core.DefaultLauncher.execute(DefaultLauncher.java:109)
	at org.junit.platform.launcher.core.DefaultLauncher.execute(DefaultLauncher.java:91)
	at org.junit.platform.launcher.core.DelegatingLauncher.execute(DelegatingLauncher.java:47)
	at org.junit.platform.launcher.core.InterceptingLauncher.lambda$execute$1(InterceptingLauncher.java:39)
	at org.junit.platform.launcher.core.ClasspathAlignmentCheckingLauncherInterceptor.intercept(ClasspathAlignmentCheckingLauncherInterceptor.java:25)
	at org.junit.platform.launcher.core.InterceptingLauncher.execute(InterceptingLauncher.java:38)
	at org.junit.platform.launcher.core.DelegatingLauncher.execute(DelegatingLauncher.java:47)
	at org.apache.maven.surefire.junitplatform.LazyLauncher.execute(LazyLauncher.java:56)
	at org.apache.maven.surefire.junitplatform.JUnitPlatformProvider.execute(JUnitPlatformProvider.java:184)
	at org.apache.maven.surefire.junitplatform.JUnitPlatformProvider.invokeAllTests(JUnitPlatformProvider.java:148)
	at org.apache.maven.surefire.junitplatform.JUnitPlatformProvider.invoke(JUnitPlatformProvider.java:120)
	at org.apache.maven.surefire.booter.ForkedBooter.runSuitesInProcess(ForkedBooter.java:385)
	at org.apache.maven.surefire.booter.ForkedBooter.execute(ForkedBooter.java:162)
	at org.apache.maven.surefire.booter.ForkedBooter.run(ForkedBooter.java:507)
	at org.apache.maven.surefire.booter.ForkedBooter.main(ForkedBooter.java:495)
2025-09-03 05:16:46,854 [main] INFO  tasks.NSSummaryTask (NSSummaryTask.java:reprocess(214)) - Starting NSSummary tree reprocess with unified control...
2025-09-03 05:16:46,855 [main] INFO  tasks.TestNSSummaryUnifiedControl (TestNSSummaryUnifiedControl.java:executeReprocess(161)) - Test NSSummary reprocess execution time: 1 milliseconds
2025-09-03 05:16:46,856 [main] INFO  tasks.TestNSSummaryUnifiedControl (TestNSSummaryUnifiedControl.java:executeReprocess(166)) - Test NSSummary tree reprocess completed successfully with unified control.
2025-09-03 05:16:46,878 [pool-7-thread-1] INFO  tasks.TestNSSummaryUnifiedControl (TestNSSummaryUnifiedControl.java:lambda$testMultipleConcurrentAttempts$4(353)) - Thread 0 attempting rebuild, current state: IDLE
2025-09-03 05:16:46,878 [pool-7-thread-1] INFO  tasks.NSSummaryTask (NSSummaryTask.java:reprocess(214)) - Starting NSSummary tree reprocess with unified control...
2025-09-03 05:16:46,879 [pool-7-thread-1] INFO  tasks.TestNSSummaryUnifiedControl (TestNSSummaryUnifiedControl.java:lambda$testMultipleConcurrentAttempts$3(333)) - clearNSSummaryTable called #1, current state: RUNNING
2025-09-03 05:16:46,879 [pool-7-thread-3] INFO  tasks.TestNSSummaryUnifiedControl (TestNSSummaryUnifiedControl.java:lambda$testMultipleConcurrentAttempts$4(353)) - Thread 2 attempting rebuild, current state: RUNNING
2025-09-03 05:16:46,880 [pool-7-thread-3] INFO  tasks.NSSummaryTask (NSSummaryTask.java:reprocess(205)) - NSSummary tree rebuild is already in progress, skipping duplicate request.
2025-09-03 05:16:46,880 [pool-7-thread-3] INFO  tasks.TestNSSummaryUnifiedControl (TestNSSummaryUnifiedControl.java:lambda$testMultipleConcurrentAttempts$4(360)) - Thread 2 rebuild rejected (rejection #1)
2025-09-03 05:16:46,880 [pool-7-thread-2] INFO  tasks.TestNSSummaryUnifiedControl (TestNSSummaryUnifiedControl.java:lambda$testMultipleConcurrentAttempts$4(353)) - Thread 1 attempting rebuild, current state: RUNNING
2025-09-03 05:16:46,880 [pool-7-thread-2] INFO  tasks.NSSummaryTask (NSSummaryTask.java:reprocess(205)) - NSSummary tree rebuild is already in progress, skipping duplicate request.
2025-09-03 05:16:46,881 [pool-7-thread-2] INFO  tasks.TestNSSummaryUnifiedControl (TestNSSummaryUnifiedControl.java:lambda$testMultipleConcurrentAttempts$4(360)) - Thread 1 rebuild rejected (rejection #2)
2025-09-03 05:16:46,880 [pool-7-thread-5] INFO  tasks.TestNSSummaryUnifiedControl (TestNSSummaryUnifiedControl.java:lambda$testMultipleConcurrentAttempts$4(353)) - Thread 4 attempting rebuild, current state: RUNNING
2025-09-03 05:16:46,881 [pool-7-thread-5] INFO  tasks.NSSummaryTask (NSSummaryTask.java:reprocess(205)) - NSSummary tree rebuild is already in progress, skipping duplicate request.
2025-09-03 05:16:46,881 [pool-7-thread-5] INFO  tasks.TestNSSummaryUnifiedControl (TestNSSummaryUnifiedControl.java:lambda$testMultipleConcurrentAttempts$4(360)) - Thread 4 rebuild rejected (rejection #3)
2025-09-03 05:16:46,882 [pool-7-thread-1] INFO  tasks.TestNSSummaryUnifiedControl (TestNSSummaryUnifiedControl.java:executeReprocess(161)) - Test NSSummary reprocess execution time: 3 milliseconds
2025-09-03 05:16:46,882 [pool-7-thread-1] INFO  tasks.TestNSSummaryUnifiedControl (TestNSSummaryUnifiedControl.java:executeReprocess(166)) - Test NSSummary tree reprocess completed successfully with unified control.
2025-09-03 05:16:46,882 [pool-7-thread-1] INFO  tasks.TestNSSummaryUnifiedControl (TestNSSummaryUnifiedControl.java:lambda$testMultipleConcurrentAttempts$4(357)) - Thread 0 rebuild succeeded (success #1)
2025-09-03 05:16:46,882 [pool-7-thread-4] INFO  tasks.TestNSSummaryUnifiedControl (TestNSSummaryUnifiedControl.java:lambda$testMultipleConcurrentAttempts$4(353)) - Thread 3 attempting rebuild, current state: IDLE
2025-09-03 05:16:46,883 [pool-7-thread-4] INFO  tasks.NSSummaryTask (NSSummaryTask.java:reprocess(214)) - Starting NSSummary tree reprocess with unified control...
2025-09-03 05:16:46,883 [pool-7-thread-4] INFO  tasks.TestNSSummaryUnifiedControl (TestNSSummaryUnifiedControl.java:lambda$testMultipleConcurrentAttempts$3(333)) - clearNSSummaryTable called #2, current state: RUNNING
2025-09-03 05:16:46,884 [pool-7-thread-4] INFO  tasks.TestNSSummaryUnifiedControl (TestNSSummaryUnifiedControl.java:executeReprocess(161)) - Test NSSummary reprocess execution time: 0 milliseconds
2025-09-03 05:16:46,884 [pool-7-thread-4] INFO  tasks.TestNSSummaryUnifiedControl (TestNSSummaryUnifiedControl.java:executeReprocess(166)) - Test NSSummary tree reprocess completed successfully with unified control.
2025-09-03 05:16:46,884 [pool-7-thread-4] INFO  tasks.TestNSSummaryUnifiedControl (TestNSSummaryUnifiedControl.java:lambda$testMultipleConcurrentAttempts$4(357)) - Thread 3 rebuild succeeded (success #2)
2025-09-03 05:16:46,885 [main] INFO  tasks.TestNSSummaryUnifiedControl (TestNSSummaryUnifiedControl.java:testMultipleConcurrentAttempts(376)) - Final counts - Success: 2, Rejected: 3, ClearTable calls: 2, Final state: IDLE
2025-09-03 05:16:46,922 [ForkJoinPool.commonPool-worker-1] INFO  tasks.NSSummaryTask (NSSummaryTask.java:reprocess(214)) - Starting NSSummary tree reprocess with unified control...
2025-09-03 05:16:46,933 [ForkJoinPool.commonPool-worker-1] INFO  tasks.TestNSSummaryUnifiedControl (TestNSSummaryUnifiedControl.java:executeReprocess(161)) - Test NSSummary reprocess execution time: 10 milliseconds
2025-09-03 05:16:46,934 [ForkJoinPool.commonPool-worker-1] INFO  tasks.TestNSSummaryUnifiedControl (TestNSSummaryUnifiedControl.java:executeReprocess(166)) - Test NSSummary tree reprocess completed successfully with unified control.
2025-09-03 05:16:46,934 [RebuildNSSummaryThread] INFO  recon.ReconUtils (ReconUtils.java:lambda$triggerAsyncNSSummaryRebuild$1(140)) - Async NSSummary tree rebuild completed successfully.
2025-09-03 05:16:46,954 [ForkJoinPool.commonPool-worker-1] INFO  tasks.NSSummaryTask (NSSummaryTask.java:reprocess(214)) - Starting NSSummary tree reprocess with unified control...
2025-09-03 05:16:46,957 [ForkJoinPool.commonPool-worker-1] INFO  tasks.TestNSSummaryUnifiedControl (TestNSSummaryUnifiedControl.java:executeReprocess(161)) - Test NSSummary reprocess execution time: 1 milliseconds
2025-09-03 05:16:46,957 [ForkJoinPool.commonPool-worker-1] INFO  tasks.TestNSSummaryUnifiedControl (TestNSSummaryUnifiedControl.java:executeReprocess(166)) - Test NSSummary tree reprocess completed successfully with unified control.
