-------------------------------------------------------------------------------
Test set: org.apache.hadoop.ozone.shell.TestTransferLeadershipShell
-------------------------------------------------------------------------------
Tests run: 2, Failures: 1, Errors: 0, Skipped: 0, Time elapsed: 283.383 s <<< FAILURE! - in org.apache.hadoop.ozone.shell.TestTransferLeadershipShell
org.apache.hadoop.ozone.shell.TestTransferLeadershipShell.testOmTransfer  Time elapsed: 168.991 s  <<< FAILURE!
org.opentest4j.AssertionFailedError: expected: not same but was: <org.apache.hadoop.ozone.om.OzoneManager@4125fa08>
	at org.junit.jupiter.api.AssertionFailureBuilder.build(AssertionFailureBuilder.java:152)
	at org.junit.jupiter.api.AssertionFailureBuilder.buildAndThrow(AssertionFailureBuilder.java:132)
	at org.junit.jupiter.api.AssertNotSame.failSame(AssertNotSame.java:49)
	at org.junit.jupiter.api.AssertNotSame.assertNotSame(AssertNotSame.java:35)
	at org.junit.jupiter.api.AssertNotSame.assertNotSame(AssertNotSame.java:30)
	at org.junit.jupiter.api.Assertions.assertNotSame(Assertions.java:2900)
	at org.apache.hadoop.ozone.shell.TestTransferLeadershipShell.testOmTransfer(TestTransferLeadershipShell.java:107)
	at java.base/java.lang.reflect.Method.invoke(Method.java:569)
	at java.base/java.util.ArrayList.forEach(ArrayList.java:1511)
	at java.base/java.util.ArrayList.forEach(ArrayList.java:1511)

