# JRE version: OpenJDK Runtime Environment (8.0_332-b09) (build 1.8.0_332-b09)
# Java VM: OpenJDK 64-Bit Server VM (25.332-b09 mixed mode linux-amd64 compressed oops)
Heap:
 PSYoungGen      total 534016K, used 312005K [0x00000000d5580000, 0x0000000100000000, 0x0000000100000000)
  eden space 498688K, 57% used [0x00000000d5580000,0x00000000e6e9cac8,0x00000000f3c80000)
  from space 35328K, 68% used [0x00000000f3c80000,0x00000000f5414c40,0x00000000f5f00000)
  to   space 36864K, 0% used [0x00000000fdc00000,0x00000000fdc00000,0x0000000100000000)
 ParOldGen       total 81920K, used 59826K [0x0000000080000000, 0x0000000085000000, 0x00000000d5580000)
  object space 81920K, 73% used [0x0000000080000000,0x0000000083a6cbe8,0x0000000085000000)
 Metaspace       used 73346K, capacity 77326K, committed 77528K, reserved 1118208K
  class space    used 8695K, capacity 9366K, committed 9472K, reserved 1048576K
GC Heap History (10 events):
Event: 11.041 GC heap before
{Heap before GC invocations=14 (full 2):
 PSYoungGen      total 251392K, used 251368K [0x00000000d5580000, 0x00000000ecf00000, 0x0000000100000000)
  eden space 240128K, 100% used [0x00000000d5580000,0x00000000e4000000,0x00000000e4000000)
  from space 11264K, 99% used [0x00000000e4000000,0x00000000e4afa288,0x00000000e4b00000)
  to   space 13312K, 0% used [0x00000000ec200000,0x00000000ec200000,0x00000000ecf00000)
 ParOldGen       total 60416K, used 13260K [0x0000000080000000, 0x0000000083b00000, 0x00000000d5580000)
  object space 60416K, 21% used [0x0000000080000000,0x0000000080cf31f8,0x0000000083b00000)
 Metaspace       used 50041K, capacity 52782K, committed 53080K, reserved 1095680K
  class space    used 6253K, capacity 6708K, committed 6784K, reserved 1048576K
Event: 11.059 GC heap after
Heap after GC invocations=14 (full 2):
 PSYoungGen      total 367104K, used 13301K [0x00000000d5580000, 0x00000000ed780000, 0x0000000100000000)
  eden space 353792K, 0% used [0x00000000d5580000,0x00000000d5580000,0x00000000eaf00000)
  from space 13312K, 99% used [0x00000000ec200000,0x00000000ecefd578,0x00000000ecf00000)
  to   space 19456K, 0% used [0x00000000eaf00000,0x00000000eaf00000,0x00000000ec200000)
 ParOldGen       total 60416K, used 25998K [0x0000000080000000, 0x0000000083b00000, 0x00000000d5580000)
  object space 60416K, 43% used [0x0000000080000000,0x00000000819639a8,0x0000000083b00000)
 Metaspace       used 50041K, capacity 52782K, committed 53080K, reserved 1095680K
  class space    used 6253K, capacity 6708K, committed 6784K, reserved 1048576K
}
Event: 15.747 GC heap before
{Heap before GC invocations=15 (full 2):
 PSYoungGen      total 367104K, used 240654K [0x00000000d5580000, 0x00000000ed780000, 0x0000000100000000)
  eden space 353792K, 64% used [0x00000000d5580000,0x00000000e3386668,0x00000000eaf00000)
  from space 13312K, 99% used [0x00000000ec200000,0x00000000ecefd578,0x00000000ecf00000)
  to   space 19456K, 0% used [0x00000000eaf00000,0x00000000eaf00000,0x00000000ec200000)
 ParOldGen       total 60416K, used 25998K [0x0000000080000000, 0x0000000083b00000, 0x00000000d5580000)
  object space 60416K, 43% used [0x0000000080000000,0x00000000819639a8,0x0000000083b00000)
 Metaspace       used 55906K, capacity 58746K, committed 58968K, reserved 1101824K
  class space    used 6792K, capacity 7294K, committed 7296K, reserved 1048576K
Event: 15.754 GC heap after
Heap after GC invocations=15 (full 2):
 PSYoungGen      total 373248K, used 7125K [0x00000000d5580000, 0x00000000f7180000, 0x0000000100000000)
  eden space 353792K, 0% used [0x00000000d5580000,0x00000000d5580000,0x00000000eaf00000)
  from space 19456K, 36% used [0x00000000eaf00000,0x00000000eb5f5528,0x00000000ec200000)
  to   space 18944K, 0% used [0x00000000f5f00000,0x00000000f5f00000,0x00000000f7180000)
 ParOldGen       total 60416K, used 28081K [0x0000000080000000, 0x0000000083b00000, 0x00000000d5580000)
  object space 60416K, 46% used [0x0000000080000000,0x0000000081b6c768,0x0000000083b00000)
 Metaspace       used 55906K, capacity 58746K, committed 58968K, reserved 1101824K
  class space    used 6792K, capacity 7294K, committed 7296K, reserved 1048576K
}
Event: 15.754 GC heap before
{Heap before GC invocations=16 (full 3):
 PSYoungGen      total 373248K, used 7125K [0x00000000d5580000, 0x00000000f7180000, 0x0000000100000000)
  eden space 353792K, 0% used [0x00000000d5580000,0x00000000d5580000,0x00000000eaf00000)
  from space 19456K, 36% used [0x00000000eaf00000,0x00000000eb5f5528,0x00000000ec200000)
  to   space 18944K, 0% used [0x00000000f5f00000,0x00000000f5f00000,0x00000000f7180000)
 ParOldGen       total 60416K, used 28081K [0x0000000080000000, 0x0000000083b00000, 0x00000000d5580000)
  object space 60416K, 46% used [0x0000000080000000,0x0000000081b6c768,0x0000000083b00000)
 Metaspace       used 55906K, capacity 58746K, committed 58968K, reserved 1101824K
  class space    used 6792K, capacity 7294K, committed 7296K, reserved 1048576K
Event: 15.858 GC heap after
Heap after GC invocations=16 (full 3):
 PSYoungGen      total 373248K, used 0K [0x00000000d5580000, 0x00000000f7180000, 0x0000000100000000)
  eden space 353792K, 0% used [0x00000000d5580000,0x00000000d5580000,0x00000000eaf00000)
  from space 19456K, 0% used [0x00000000eaf00000,0x00000000eaf00000,0x00000000ec200000)
  to   space 18944K, 0% used [0x00000000f5f00000,0x00000000f5f00000,0x00000000f7180000)
 ParOldGen       total 81920K, used 23459K [0x0000000080000000, 0x0000000085000000, 0x00000000d5580000)
  object space 81920K, 28% used [0x0000000080000000,0x00000000816e8ec8,0x0000000085000000)
 Metaspace       used 55906K, capacity 58746K, committed 58968K, reserved 1101824K
  class space    used 6792K, capacity 7294K, committed 7296K, reserved 1048576K
}
Event: 16.459 GC heap before
{Heap before GC invocations=17 (full 3):
 PSYoungGen      total 373248K, used 353792K [0x00000000d5580000, 0x00000000f7180000, 0x0000000100000000)
  eden space 353792K, 100% used [0x00000000d5580000,0x00000000eaf00000,0x00000000eaf00000)
  from space 19456K, 0% used [0x00000000eaf00000,0x00000000eaf00000,0x00000000ec200000)
  to   space 18944K, 0% used [0x00000000f5f00000,0x00000000f5f00000,0x00000000f7180000)
 ParOldGen       total 81920K, used 23459K [0x0000000080000000, 0x0000000085000000, 0x00000000d5580000)
  object space 81920K, 28% used [0x0000000080000000,0x00000000816e8ec8,0x0000000085000000)
 Metaspace       used 57577K, capacity 60476K, committed 60888K, reserved 1103872K
  class space    used 6912K, capacity 7423K, committed 7424K, reserved 1048576K
Event: 16.482 GC heap after
Heap after GC invocations=17 (full 3):
 PSYoungGen      total 517632K, used 18916K [0x00000000d5580000, 0x00000000f8b00000, 0x0000000100000000)
  eden space 498688K, 0% used [0x00000000d5580000,0x00000000d5580000,0x00000000f3c80000)
  from space 18944K, 99% used [0x00000000f5f00000,0x00000000f7179360,0x00000000f7180000)
  to   space 35328K, 0% used [0x00000000f3c80000,0x00000000f3c80000,0x00000000f5f00000)
 ParOldGen       total 81920K, used 59675K [0x0000000080000000, 0x0000000085000000, 0x00000000d5580000)
  object space 81920K, 72% used [0x0000000080000000,0x0000000083a46f88,0x0000000085000000)
 Metaspace       used 57577K, capacity 60476K, committed 60888K, reserved 1103872K
  class space    used 6912K, capacity 7423K, committed 7424K, reserved 1048576K
}
Event: 24.490 GC heap before
{Heap before GC invocations=18 (full 3):
 PSYoungGen      total 517632K, used 517604K [0x00000000d5580000, 0x00000000f8b00000, 0x0000000100000000)
  eden space 498688K, 100% used [0x00000000d5580000,0x00000000f3c80000,0x00000000f3c80000)
  from space 18944K, 99% used [0x00000000f5f00000,0x00000000f7179360,0x00000000f7180000)
  to   space 35328K, 0% used [0x00000000f3c80000,0x00000000f3c80000,0x00000000f5f00000)
 ParOldGen       total 81920K, used 59675K [0x0000000080000000, 0x0000000085000000, 0x00000000d5580000)
  object space 81920K, 72% used [0x0000000080000000,0x0000000083a46f88,0x0000000085000000)
 Metaspace       used 66788K, capacity 70326K, committed 70488K, reserved 1112064K
  class space    used 7877K, capacity 8472K, committed 8576K, reserved 1048576K
Event: 24.506 GC heap after
Heap after GC invocations=18 (full 3):
 PSYoungGen      total 534016K, used 24147K [0x00000000d5580000, 0x0000000100000000, 0x0000000100000000)
  eden space 498688K, 0% used [0x00000000d5580000,0x00000000d5580000,0x00000000f3c80000)
  from space 35328K, 68% used [0x00000000f3c80000,0x00000000f5414c40,0x00000000f5f00000)
  to   space 36864K, 0% used [0x00000000fdc00000,0x00000000fdc00000,0x0000000100000000)
 ParOldGen       total 81920K, used 59826K [0x0000000080000000, 0x0000000085000000, 0x00000000d5580000)
  object space 81920K, 73% used [0x0000000080000000,0x0000000083a6cbe8,0x0000000085000000)
 Metaspace       used 66788K, capacity 70326K, committed 70488K, reserved 1112064K
  class space    used 7877K, capacity 8472K, committed 8576K, reserved 1048576K
}

