# JRE version: OpenJDK Runtime Environment (8.0_402-b06) (build 1.8.0_402-b06)
# Java VM: OpenJDK 64-Bit Server VM (25.402-b06 mixed mode linux-amd64 compressed oops)
Heap:
 PSYoungGen      total 389120K, used 165389K [0x000000076ab00000, 0x0000000784980000, 0x00000007c0000000)
  eden space 376320K, 40% used [0x000000076ab00000,0x000000077400b358,0x0000000781a80000)
  from space 12800K, 99% used [0x0000000783180000,0x0000000783df8428,0x0000000783e00000)
  to   space 23552K, 0% used [0x0000000781a80000,0x0000000781a80000,0x0000000783180000)
 ParOldGen       total 155136K, used 44669K [0x00000006c0000000, 0x00000006c9780000, 0x000000076ab00000)
  object space 155136K, 28% used [0x00000006c0000000,0x00000006c2b9f778,0x00000006c9780000)
 Metaspace       used 47006K, capacity 49435K, committed 49536K, reserved 1093632K
  class space    used 5812K, capacity 6262K, committed 6272K, reserved 1048576K
GC Heap History (10 events):
Event: 2.871 GC heap before
{Heap before GC invocations=8 (full 1):
 PSYoungGen      total 210432K, used 210401K [0x000000076ab00000, 0x000000077b200000, 0x00000007c0000000)
  eden space 206848K, 100% used [0x000000076ab00000,0x0000000777500000,0x0000000777500000)
  from space 3584K, 99% used [0x000000077ae80000,0x000000077b1f8590,0x000000077b200000)
  to   space 7680K, 0% used [0x000000077a300000,0x000000077a300000,0x000000077aa80000)
 ParOldGen       total 93696K, used 5092K [0x00000006c0000000, 0x00000006c5b80000, 0x000000076ab00000)
  object space 93696K, 5% used [0x00000006c0000000,0x00000006c04f9340,0x00000006c5b80000)
 Metaspace       used 28107K, capacity 29668K, committed 29952K, reserved 1075200K
  class space    used 3681K, capacity 3989K, committed 4096K, reserved 1048576K
Event: 2.877 GC heap after
Heap after GC invocations=8 (full 1):
 PSYoungGen      total 261632K, used 4785K [0x000000076ab00000, 0x000000077f700000, 0x00000007c0000000)
  eden space 253952K, 0% used [0x000000076ab00000,0x000000076ab00000,0x000000077a300000)
  from space 7680K, 62% used [0x000000077a300000,0x000000077a7ac640,0x000000077aa80000)
  to   space 7680K, 0% used [0x000000077ef80000,0x000000077ef80000,0x000000077f700000)
 ParOldGen       total 93696K, used 5100K [0x00000006c0000000, 0x00000006c5b80000, 0x000000076ab00000)
  object space 93696K, 5% used [0x00000006c0000000,0x00000006c04fb340,0x00000006c5b80000)
 Metaspace       used 28107K, capacity 29668K, committed 29952K, reserved 1075200K
  class space    used 3681K, capacity 3989K, committed 4096K, reserved 1048576K
}
Event: 3.314 GC heap before
{Heap before GC invocations=9 (full 1):
 PSYoungGen      total 261632K, used 141628K [0x000000076ab00000, 0x000000077f700000, 0x00000007c0000000)
  eden space 253952K, 53% used [0x000000076ab00000,0x00000007730a2a50,0x000000077a300000)
  from space 7680K, 62% used [0x000000077a300000,0x000000077a7ac640,0x000000077aa80000)
  to   space 7680K, 0% used [0x000000077ef80000,0x000000077ef80000,0x000000077f700000)
 ParOldGen       total 93696K, used 5100K [0x00000006c0000000, 0x00000006c5b80000, 0x000000076ab00000)
  object space 93696K, 5% used [0x00000006c0000000,0x00000006c04fb340,0x00000006c5b80000)
 Metaspace       used 33720K, capacity 35262K, committed 35456K, reserved 1079296K
  class space    used 4418K, capacity 4729K, committed 4736K, reserved 1048576K
Event: 3.319 GC heap after
Heap after GC invocations=9 (full 1):
 PSYoungGen      total 331776K, used 6714K [0x000000076ab00000, 0x0000000784000000, 0x00000007c0000000)
  eden space 324096K, 0% used [0x000000076ab00000,0x000000076ab00000,0x000000077e780000)
  from space 7680K, 87% used [0x000000077ef80000,0x000000077f60e8c0,0x000000077f700000)
  to   space 8192K, 0% used [0x000000077e780000,0x000000077e780000,0x000000077ef80000)
 ParOldGen       total 93696K, used 5108K [0x00000006c0000000, 0x00000006c5b80000, 0x000000076ab00000)
  object space 93696K, 5% used [0x00000006c0000000,0x00000006c04fd340,0x00000006c5b80000)
 Metaspace       used 33720K, capacity 35262K, committed 35456K, reserved 1079296K
  class space    used 4418K, capacity 4729K, committed 4736K, reserved 1048576K
}
Event: 3.319 GC heap before
{Heap before GC invocations=10 (full 2):
 PSYoungGen      total 331776K, used 6714K [0x000000076ab00000, 0x0000000784000000, 0x00000007c0000000)
  eden space 324096K, 0% used [0x000000076ab00000,0x000000076ab00000,0x000000077e780000)
  from space 7680K, 87% used [0x000000077ef80000,0x000000077f60e8c0,0x000000077f700000)
  to   space 8192K, 0% used [0x000000077e780000,0x000000077e780000,0x000000077ef80000)
 ParOldGen       total 93696K, used 5108K [0x00000006c0000000, 0x00000006c5b80000, 0x000000076ab00000)
  object space 93696K, 5% used [0x00000006c0000000,0x00000006c04fd340,0x00000006c5b80000)
 Metaspace       used 33720K, capacity 35262K, committed 35456K, reserved 1079296K
  class space    used 4418K, capacity 4729K, committed 4736K, reserved 1048576K
Event: 3.368 GC heap after
Heap after GC invocations=10 (full 2):
 PSYoungGen      total 331776K, used 0K [0x000000076ab00000, 0x0000000784000000, 0x00000007c0000000)
  eden space 324096K, 0% used [0x000000076ab00000,0x000000076ab00000,0x000000077e780000)
  from space 7680K, 0% used [0x000000077ef80000,0x000000077ef80000,0x000000077f700000)
  to   space 8192K, 0% used [0x000000077e780000,0x000000077e780000,0x000000077ef80000)
 ParOldGen       total 155136K, used 10985K [0x00000006c0000000, 0x00000006c9780000, 0x000000076ab00000)
  object space 155136K, 7% used [0x00000006c0000000,0x00000006c0aba7c8,0x00000006c9780000)
 Metaspace       used 33709K, capacity 35244K, committed 35456K, reserved 1079296K
  class space    used 4417K, capacity 4726K, committed 4736K, reserved 1048576K
}
Event: 6.711 GC heap before
{Heap before GC invocations=11 (full 2):
 PSYoungGen      total 331776K, used 324096K [0x000000076ab00000, 0x0000000784000000, 0x00000007c0000000)
  eden space 324096K, 100% used [0x000000076ab00000,0x000000077e780000,0x000000077e780000)
  from space 7680K, 0% used [0x000000077ef80000,0x000000077ef80000,0x000000077f700000)
  to   space 8192K, 0% used [0x000000077e780000,0x000000077e780000,0x000000077ef80000)
 ParOldGen       total 155136K, used 10985K [0x00000006c0000000, 0x00000006c9780000, 0x000000076ab00000)
  object space 155136K, 7% used [0x00000006c0000000,0x00000006c0aba7c8,0x00000006c9780000)
 Metaspace       used 43029K, capacity 45073K, committed 45312K, reserved 1089536K
  class space    used 5376K, capacity 5783K, committed 5888K, reserved 1048576K
Event: 6.717 GC heap after
Heap after GC invocations=11 (full 2):
 PSYoungGen      total 332288K, used 8160K [0x000000076ab00000, 0x0000000783e00000, 0x00000007c0000000)
  eden space 324096K, 0% used [0x000000076ab00000,0x000000076ab00000,0x000000077e780000)
  from space 8192K, 99% used [0x000000077e780000,0x000000077ef78050,0x000000077ef80000)
  to   space 12800K, 0% used [0x0000000783180000,0x0000000783180000,0x0000000783e00000)
 ParOldGen       total 155136K, used 20981K [0x00000006c0000000, 0x00000006c9780000, 0x000000076ab00000)
  object space 155136K, 13% used [0x00000006c0000000,0x00000006c147d5c8,0x00000006c9780000)
 Metaspace       used 43029K, capacity 45073K, committed 45312K, reserved 1089536K
  class space    used 5376K, capacity 5783K, committed 5888K, reserved 1048576K
}
Event: 13.934 GC heap before
{Heap before GC invocations=12 (full 2):
 PSYoungGen      total 332288K, used 332256K [0x000000076ab00000, 0x0000000783e00000, 0x00000007c0000000)
  eden space 324096K, 100% used [0x000000076ab00000,0x000000077e780000,0x000000077e780000)
  from space 8192K, 99% used [0x000000077e780000,0x000000077ef78050,0x000000077ef80000)
  to   space 12800K, 0% used [0x0000000783180000,0x0000000783180000,0x0000000783e00000)
 ParOldGen       total 155136K, used 20981K [0x00000006c0000000, 0x00000006c9780000, 0x000000076ab00000)
  object space 155136K, 13% used [0x00000006c0000000,0x00000006c147d5c8,0x00000006c9780000)
 Metaspace       used 45657K, capacity 48015K, committed 48128K, reserved 1091584K
  class space    used 5711K, capacity 6144K, committed 6144K, reserved 1048576K
Event: 13.943 GC heap after
Heap after GC invocations=12 (full 2):
 PSYoungGen      total 389120K, used 12769K [0x000000076ab00000, 0x0000000784980000, 0x00000007c0000000)
  eden space 376320K, 0% used [0x000000076ab00000,0x000000076ab00000,0x0000000781a80000)
  from space 12800K, 99% used [0x0000000783180000,0x0000000783df8428,0x0000000783e00000)
  to   space 23552K, 0% used [0x0000000781a80000,0x0000000781a80000,0x0000000783180000)
 ParOldGen       total 155136K, used 44669K [0x00000006c0000000, 0x00000006c9780000, 0x000000076ab00000)
  object space 155136K, 28% used [0x00000006c0000000,0x00000006c2b9f778,0x00000006c9780000)
 Metaspace       used 45657K, capacity 48015K, committed 48128K, reserved 1091584K
  class space    used 5711K, capacity 6144K, committed 6144K, reserved 1048576K
}

