# JRE version: OpenJDK Runtime Environment (8.0_362-b09) (build 1.8.0_362-b09)
# Java VM: OpenJDK 64-Bit Server VM (25.362-b09 mixed mode linux-amd64 compressed oops)
Heap:
 PSYoungGen      total 857600K, used 513073K [0x000000076ab00000, 0x00000007c0000000, 0x00000007c0000000)
  eden space 470016K, 26% used [0x000000076ab00000,0x0000000772591c10,0x0000000787600000)
  from space 387584K, 99% used [0x0000000787600000,0x000000079f07a9c0,0x000000079f080000)
  to   space 465920K, 0% used [0x00000007a3900000,0x00000007a3900000,0x00000007c0000000)
 ParOldGen       total 687104K, used 516095K [0x00000006c0000000, 0x00000006e9f00000, 0x000000076ab00000)
  object space 687104K, 75% used [0x00000006c0000000,0x00000006df7ffef8,0x00000006e9f00000)
 Metaspace       used 98362K, capacity 104168K, committed 104280K, reserved 1142784K
  class space    used 10664K, capacity 11596K, committed 11648K, reserved 1048576K
GC Heap History (10 events):
Event: 82.427 GC heap before
{Heap before GC invocations=39 (full 6):
 PSYoungGen      total 1079296K, used 996480K [0x000000076ab00000, 0x00000007c0000000, 0x00000007c0000000)
  eden space 796672K, 100% used [0x000000076ab00000,0x000000079b500000,0x000000079b500000)
  from space 282624K, 70% used [0x00000007aec00000,0x00000007baf20128,0x00000007c0000000)
  to   space 300544K, 0% used [0x000000079b500000,0x000000079b500000,0x00000007ada80000)
 ParOldGen       total 687104K, used 403885K [0x00000006c0000000, 0x00000006e9f00000, 0x000000076ab00000)
  object space 687104K, 58% used [0x00000006c0000000,0x00000006d8a6b760,0x00000006e9f00000)
 Metaspace       used 95382K, capacity 101010K, committed 101208K, reserved 1138688K
  class space    used 10634K, capacity 11543K, committed 11648K, reserved 1048576K
Event: 82.465 GC heap after
Heap after GC invocations=39 (full 6):
 PSYoungGen      total 1005056K, used 208113K [0x000000076ab00000, 0x00000007c0000000, 0x00000007c0000000)
  eden space 796672K, 0% used [0x000000076ab00000,0x000000076ab00000,0x000000079b500000)
  from space 208384K, 99% used [0x000000079b500000,0x00000007a803c7b8,0x00000007a8080000)
  to   space 316928K, 0% used [0x00000007aca80000,0x00000007aca80000,0x00000007c0000000)
 ParOldGen       total 687104K, used 403893K [0x00000006c0000000, 0x00000006e9f00000, 0x000000076ab00000)
  object space 687104K, 58% used [0x00000006c0000000,0x00000006d8a6d760,0x00000006e9f00000)
 Metaspace       used 95382K, capacity 101010K, committed 101208K, reserved 1138688K
  class space    used 10634K, capacity 11543K, committed 11648K, reserved 1048576K
}
Event: 90.566 GC heap before
{Heap before GC invocations=40 (full 6):
 PSYoungGen      total 1005056K, used 993915K [0x000000076ab00000, 0x00000007c0000000, 0x00000007c0000000)
  eden space 796672K, 98% used [0x000000076ab00000,0x000000079aa62678,0x000000079b500000)
  from space 208384K, 99% used [0x000000079b500000,0x00000007a803c7b8,0x00000007a8080000)
  to   space 316928K, 0% used [0x00000007aca80000,0x00000007aca80000,0x00000007c0000000)
 ParOldGen       total 687104K, used 403893K [0x00000006c0000000, 0x00000006e9f00000, 0x000000076ab00000)
  object space 687104K, 58% used [0x00000006c0000000,0x00000006d8a6d760,0x00000006e9f00000)
 Metaspace       used 95770K, capacity 101480K, committed 101720K, reserved 1138688K
  class space    used 10656K, capacity 11584K, committed 11648K, reserved 1048576K
Event: 90.634 GC heap after
Heap after GC invocations=40 (full 6):
 PSYoungGen      total 922112K, used 316909K [0x000000076ab00000, 0x00000007c0000000, 0x00000007c0000000)
  eden space 605184K, 0% used [0x000000076ab00000,0x000000076ab00000,0x000000078fa00000)
  from space 316928K, 99% used [0x00000007aca80000,0x00000007bfffb528,0x00000007c0000000)
  to   space 396288K, 0% used [0x000000078fa00000,0x000000078fa00000,0x00000007a7d00000)
 ParOldGen       total 687104K, used 476992K [0x00000006c0000000, 0x00000006e9f00000, 0x000000076ab00000)
  object space 687104K, 69% used [0x00000006c0000000,0x00000006dd1d0190,0x00000006e9f00000)
 Metaspace       used 95770K, capacity 101480K, committed 101720K, reserved 1138688K
  class space    used 10656K, capacity 11584K, committed 11648K, reserved 1048576K
}
Event: 98.182 GC heap before
{Heap before GC invocations=41 (full 6):
 PSYoungGen      total 922112K, used 922093K [0x000000076ab00000, 0x00000007c0000000, 0x00000007c0000000)
  eden space 605184K, 100% used [0x000000076ab00000,0x000000078fa00000,0x000000078fa00000)
  from space 316928K, 99% used [0x00000007aca80000,0x00000007bfffb528,0x00000007c0000000)
  to   space 396288K, 0% used [0x000000078fa00000,0x000000078fa00000,0x00000007a7d00000)
 ParOldGen       total 687104K, used 476992K [0x00000006c0000000, 0x00000006e9f00000, 0x000000076ab00000)
  object space 687104K, 69% used [0x00000006c0000000,0x00000006dd1d0190,0x00000006e9f00000)
 Metaspace       used 97606K, capacity 103422K, committed 103512K, reserved 1140736K
  class space    used 10663K, capacity 11595K, committed 11648K, reserved 1048576K
Event: 98.218 GC heap after
Heap after GC invocations=41 (full 6):
 PSYoungGen      total 882176K, used 276497K [0x000000076ab00000, 0x00000007c0000000, 0x00000007c0000000)
  eden space 605184K, 0% used [0x000000076ab00000,0x000000076ab00000,0x000000078fa00000)
  from space 276992K, 99% used [0x000000078fa00000,0x00000007a08046f0,0x00000007a0880000)
  to   space 418816K, 0% used [0x00000007a6700000,0x00000007a6700000,0x00000007c0000000)
 ParOldGen       total 687104K, used 516079K [0x00000006c0000000, 0x00000006e9f00000, 0x000000076ab00000)
  object space 687104K, 75% used [0x00000006c0000000,0x00000006df7fbef8,0x00000006e9f00000)
 Metaspace       used 97606K, capacity 103422K, committed 103512K, reserved 1140736K
  class space    used 10663K, capacity 11595K, committed 11648K, reserved 1048576K
}
Event: 99.827 GC heap before
{Heap before GC invocations=42 (full 6):
 PSYoungGen      total 882176K, used 881681K [0x000000076ab00000, 0x00000007c0000000, 0x00000007c0000000)
  eden space 605184K, 100% used [0x000000076ab00000,0x000000078fa00000,0x000000078fa00000)
  from space 276992K, 99% used [0x000000078fa00000,0x00000007a08046f0,0x00000007a0880000)
  to   space 418816K, 0% used [0x00000007a6700000,0x00000007a6700000,0x00000007c0000000)
 ParOldGen       total 687104K, used 516079K [0x00000006c0000000, 0x00000006e9f00000, 0x000000076ab00000)
  object space 687104K, 75% used [0x00000006c0000000,0x00000006df7fbef8,0x00000006e9f00000)
 Metaspace       used 98169K, capacity 104026K, committed 104280K, reserved 1142784K
  class space    used 10663K, capacity 11595K, committed 11648K, reserved 1048576K
Event: 99.869 GC heap after
Heap after GC invocations=42 (full 6):
 PSYoungGen      total 888832K, used 353573K [0x000000076ab00000, 0x00000007c0000000, 0x00000007c0000000)
  eden space 470016K, 0% used [0x000000076ab00000,0x000000076ab00000,0x0000000787600000)
  from space 418816K, 84% used [0x00000007a6700000,0x00000007bc049660,0x00000007c0000000)
  to   space 463872K, 0% used [0x0000000787600000,0x0000000787600000,0x00000007a3b00000)
 ParOldGen       total 687104K, used 516087K [0x00000006c0000000, 0x00000006e9f00000, 0x000000076ab00000)
  object space 687104K, 75% used [0x00000006c0000000,0x00000006df7fdef8,0x00000006e9f00000)
 Metaspace       used 98169K, capacity 104026K, committed 104280K, reserved 1142784K
  class space    used 10663K, capacity 11595K, committed 11648K, reserved 1048576K
}
Event: 100.731 GC heap before
{Heap before GC invocations=43 (full 6):
 PSYoungGen      total 888832K, used 823589K [0x000000076ab00000, 0x00000007c0000000, 0x00000007c0000000)
  eden space 470016K, 100% used [0x000000076ab00000,0x0000000787600000,0x0000000787600000)
  from space 418816K, 84% used [0x00000007a6700000,0x00000007bc049660,0x00000007c0000000)
  to   space 463872K, 0% used [0x0000000787600000,0x0000000787600000,0x00000007a3b00000)
 ParOldGen       total 687104K, used 516087K [0x00000006c0000000, 0x00000006e9f00000, 0x000000076ab00000)
  object space 687104K, 75% used [0x00000006c0000000,0x00000006df7fdef8,0x00000006e9f00000)
 Metaspace       used 98341K, capacity 104168K, committed 104280K, reserved 1142784K
  class space    used 10664K, capacity 11596K, committed 11648K, reserved 1048576K
Event: 100.792 GC heap after
Heap after GC invocations=43 (full 6):
 PSYoungGen      total 857600K, used 387562K [0x000000076ab00000, 0x00000007c0000000, 0x00000007c0000000)
  eden space 470016K, 0% used [0x000000076ab00000,0x000000076ab00000,0x0000000787600000)
  from space 387584K, 99% used [0x0000000787600000,0x000000079f07a9c0,0x000000079f080000)
  to   space 465920K, 0% used [0x00000007a3900000,0x00000007a3900000,0x00000007c0000000)
 ParOldGen       total 687104K, used 516095K [0x00000006c0000000, 0x00000006e9f00000, 0x000000076ab00000)
  object space 687104K, 75% used [0x00000006c0000000,0x00000006df7ffef8,0x00000006e9f00000)
 Metaspace       used 98341K, capacity 104168K, committed 104280K, reserved 1142784K
  class space    used 10664K, capacity 11596K, committed 11648K, reserved 1048576K
}

