# JRE version: OpenJDK Runtime Environment (8.0_362-b09) (build 1.8.0_362-b09)
# Java VM: OpenJDK 64-Bit Server VM (25.362-b09 mixed mode linux-amd64 compressed oops)
Heap:
 PSYoungGen      total 1068544K, used 636359K [0x000000076ab00000, 0x00000007c0000000, 0x00000007c0000000)
  eden space 753664K, 84% used [0x000000076ab00000,0x0000000791871e58,0x0000000798b00000)
  from space 314880K, 0% used [0x00000007acc80000,0x00000007acc80000,0x00000007c0000000)
  to   space 322048K, 0% used [0x0000000798b00000,0x0000000798b00000,0x00000007ac580000)
 ParOldGen       total 833024K, used 562284K [0x00000006c0000000, 0x00000006f2d80000, 0x000000076ab00000)
  object space 833024K, 67% used [0x00000006c0000000,0x00000006e251b208,0x00000006f2d80000)
 Metaspace       used 87659K, capacity 92526K, committed 92632K, reserved 1130496K
  class space    used 9933K, capacity 10750K, committed 10752K, reserved 1048576K
GC Heap History (10 events):
Event: 78.427 GC heap before
{Heap before GC invocations=34 (full 7):
 PSYoungGen      total 1073664K, used 994789K [0x000000076ab00000, 0x00000007bed00000, 0x00000007c0000000)
  eden space 808960K, 100% used [0x000000076ab00000,0x000000079c100000,0x000000079c100000)
  from space 264704K, 70% used [0x00000007ad200000,0x00000007b87797e0,0x00000007bd480000)
  to   space 279552K, 0% used [0x000000079c100000,0x000000079c100000,0x00000007ad200000)
 ParOldGen       total 765440K, used 590738K [0x00000006c0000000, 0x00000006eeb80000, 0x000000076ab00000)
  object space 765440K, 77% used [0x00000006c0000000,0x00000006e40e48c8,0x00000006eeb80000)
 Metaspace       used 86848K, capacity 91698K, committed 91864K, reserved 1130496K
  class space    used 9929K, capacity 10745K, committed 10752K, reserved 1048576K
Event: 78.488 GC heap after
Heap after GC invocations=34 (full 7):
 PSYoungGen      total 1088512K, used 202146K [0x000000076ab00000, 0x00000007c0000000, 0x00000007c0000000)
  eden space 808960K, 0% used [0x000000076ab00000,0x000000076ab00000,0x000000079c100000)
  from space 279552K, 72% used [0x000000079c100000,0x00000007a8668ab8,0x00000007ad200000)
  to   space 296960K, 0% used [0x00000007ade00000,0x00000007ade00000,0x00000007c0000000)
 ParOldGen       total 765440K, used 624954K [0x00000006c0000000, 0x00000006eeb80000, 0x000000076ab00000)
  object space 765440K, 81% used [0x00000006c0000000,0x00000006e624ea08,0x00000006eeb80000)
 Metaspace       used 86848K, capacity 91698K, committed 91864K, reserved 1130496K
  class space    used 9929K, capacity 10745K, committed 10752K, reserved 1048576K
}
Event: 79.450 GC heap before
{Heap before GC invocations=35 (full 7):
 PSYoungGen      total 1088512K, used 1011106K [0x000000076ab00000, 0x00000007c0000000, 0x00000007c0000000)
  eden space 808960K, 100% used [0x000000076ab00000,0x000000079c100000,0x000000079c100000)
  from space 279552K, 72% used [0x000000079c100000,0x00000007a8668ab8,0x00000007ad200000)
  to   space 296960K, 0% used [0x00000007ade00000,0x00000007ade00000,0x00000007c0000000)
 ParOldGen       total 765440K, used 624964K [0x00000006c0000000, 0x00000006eeb80000, 0x000000076ab00000)
  object space 765440K, 81% used [0x00000006c0000000,0x00000006e62512d8,0x00000006eeb80000)
 Metaspace       used 86942K, capacity 91774K, committed 91864K, reserved 1130496K
  class space    used 9930K, capacity 10747K, committed 10752K, reserved 1048576K
Event: 79.538 GC heap after
Heap after GC invocations=35 (full 7):
 PSYoungGen      total 1070080K, used 209022K [0x000000076ab00000, 0x00000007c0000000, 0x00000007c0000000)
  eden space 773120K, 0% used [0x000000076ab00000,0x000000076ab00000,0x0000000799e00000)
  from space 296960K, 70% used [0x00000007ade00000,0x00000007baa1f920,0x00000007c0000000)
  to   space 312320K, 0% used [0x0000000799e00000,0x0000000799e00000,0x00000007acf00000)
 ParOldGen       total 765440K, used 660176K [0x00000006c0000000, 0x00000006eeb80000, 0x000000076ab00000)
  object space 765440K, 86% used [0x00000006c0000000,0x00000006e84b42f0,0x00000006eeb80000)
 Metaspace       used 86942K, capacity 91774K, committed 91864K, reserved 1130496K
  class space    used 9930K, capacity 10747K, committed 10752K, reserved 1048576K
}
Event: 92.458 GC heap before
{Heap before GC invocations=36 (full 7):
 PSYoungGen      total 1070080K, used 982142K [0x000000076ab00000, 0x00000007c0000000, 0x00000007c0000000)
  eden space 773120K, 100% used [0x000000076ab00000,0x0000000799e00000,0x0000000799e00000)
  from space 296960K, 70% used [0x00000007ade00000,0x00000007baa1f920,0x00000007c0000000)
  to   space 312320K, 0% used [0x0000000799e00000,0x0000000799e00000,0x00000007acf00000)
 ParOldGen       total 765440K, used 660179K [0x00000006c0000000, 0x00000006eeb80000, 0x000000076ab00000)
  object space 765440K, 86% used [0x00000006c0000000,0x00000006e84b4c70,0x00000006eeb80000)
 Metaspace       used 87487K, capacity 92382K, committed 92632K, reserved 1130496K
  class space    used 9932K, capacity 10749K, committed 10752K, reserved 1048576K
Event: 92.495 GC heap after
Heap after GC invocations=36 (full 7):
 PSYoungGen      total 957440K, used 183861K [0x000000076ab00000, 0x00000007c0000000, 0x00000007c0000000)
  eden space 773120K, 0% used [0x000000076ab00000,0x000000076ab00000,0x0000000799e00000)
  from space 184320K, 99% used [0x0000000799e00000,0x00000007a518d6f8,0x00000007a5200000)
  to   space 314880K, 0% used [0x00000007acc80000,0x00000007acc80000,0x00000007c0000000)
 ParOldGen       total 765440K, used 661335K [0x00000006c0000000, 0x00000006eeb80000, 0x000000076ab00000)
  object space 765440K, 86% used [0x00000006c0000000,0x00000006e85d5fd0,0x00000006eeb80000)
 Metaspace       used 87487K, capacity 92382K, committed 92632K, reserved 1130496K
  class space    used 9932K, capacity 10749K, committed 10752K, reserved 1048576K
}
Event: 93.510 GC heap before
{Heap before GC invocations=37 (full 7):
 PSYoungGen      total 957440K, used 956981K [0x000000076ab00000, 0x00000007c0000000, 0x00000007c0000000)
  eden space 773120K, 100% used [0x000000076ab00000,0x0000000799e00000,0x0000000799e00000)
  from space 184320K, 99% used [0x0000000799e00000,0x00000007a518d6f8,0x00000007a5200000)
  to   space 314880K, 0% used [0x00000007acc80000,0x00000007acc80000,0x00000007c0000000)
 ParOldGen       total 765440K, used 661343K [0x00000006c0000000, 0x00000006eeb80000, 0x000000076ab00000)
  object space 765440K, 86% used [0x00000006c0000000,0x00000006e85d7fe0,0x00000006eeb80000)
 Metaspace       used 87596K, capacity 92528K, committed 92632K, reserved 1130496K
  class space    used 9933K, capacity 10751K, committed 10752K, reserved 1048576K
Event: 93.575 GC heap after
Heap after GC invocations=37 (full 7):
 PSYoungGen      total 1068544K, used 201801K [0x000000076ab00000, 0x00000007c0000000, 0x00000007c0000000)
  eden space 753664K, 0% used [0x000000076ab00000,0x000000076ab00000,0x0000000798b00000)
  from space 314880K, 64% used [0x00000007acc80000,0x00000007b91925b8,0x00000007c0000000)
  to   space 322048K, 0% used [0x0000000798b00000,0x0000000798b00000,0x00000007ac580000)
 ParOldGen       total 765440K, used 696419K [0x00000006c0000000, 0x00000006eeb80000, 0x000000076ab00000)
  object space 765440K, 90% used [0x00000006c0000000,0x00000006ea818fa0,0x00000006eeb80000)
 Metaspace       used 87596K, capacity 92528K, committed 92632K, reserved 1130496K
  class space    used 9933K, capacity 10751K, committed 10752K, reserved 1048576K
}
Event: 93.575 GC heap before
{Heap before GC invocations=38 (full 8):
 PSYoungGen      total 1068544K, used 201801K [0x000000076ab00000, 0x00000007c0000000, 0x00000007c0000000)
  eden space 753664K, 0% used [0x000000076ab00000,0x000000076ab00000,0x0000000798b00000)
  from space 314880K, 64% used [0x00000007acc80000,0x00000007b91925b8,0x00000007c0000000)
  to   space 322048K, 0% used [0x0000000798b00000,0x0000000798b00000,0x00000007ac580000)
 ParOldGen       total 765440K, used 696419K [0x00000006c0000000, 0x00000006eeb80000, 0x000000076ab00000)
  object space 765440K, 90% used [0x00000006c0000000,0x00000006ea818fa0,0x00000006eeb80000)
 Metaspace       used 87596K, capacity 92528K, committed 92632K, reserved 1130496K
  class space    used 9933K, capacity 10751K, committed 10752K, reserved 1048576K
Event: 93.742 GC heap after
Heap after GC invocations=38 (full 8):
 PSYoungGen      total 1068544K, used 0K [0x000000076ab00000, 0x00000007c0000000, 0x00000007c0000000)
  eden space 753664K, 0% used [0x000000076ab00000,0x000000076ab00000,0x0000000798b00000)
  from space 314880K, 0% used [0x00000007acc80000,0x00000007acc80000,0x00000007c0000000)
  to   space 322048K, 0% used [0x0000000798b00000,0x0000000798b00000,0x00000007ac580000)
 ParOldGen       total 833024K, used 562284K [0x00000006c0000000, 0x00000006f2d80000, 0x000000076ab00000)
  object space 833024K, 67% used [0x00000006c0000000,0x00000006e251b208,0x00000006f2d80000)
 Metaspace       used 87594K, capacity 92522K, committed 92632K, reserved 1130496K
  class space    used 9933K, capacity 10750K, committed 10752K, reserved 1048576K
}

