-------------------------------------------------------------------------------
Test set: org.apache.hadoop.hdds.scm.TestSecretKeysApi
-------------------------------------------------------------------------------
Tests run: 4, Failures: 1, Errors: 0, Skipped: 0, Time elapsed: 179.421 s <<< FAILURE! - in org.apache.hadoop.hdds.scm.TestSecretKeysApi
org.apache.hadoop.hdds.scm.TestSecretKeysApi.testSecretKeyApiSuccess  Time elapsed: 72.116 s  <<< FAILURE!
org.opentest4j.AssertionFailedError: expected: <SecretKey(id = 82afe7e5-2fb1-4675-be72-572d902ff3be, creation at: 2024-04-16T13:47:21.815Z, expire at: 2024-04-16T13:47:24.815Z)> but was: <SecretKey(id = b075509b-09b9-44bf-8347-f5fdcd9b9560, creation at: 2024-04-16T13:47:22.815Z, expire at: 2024-04-16T13:47:25.815Z)>
	at org.junit.jupiter.api.AssertionFailureBuilder.build(AssertionFailureBuilder.java:151)
	at org.junit.jupiter.api.AssertionFailureBuilder.buildAndThrow(AssertionFailureBuilder.java:132)
	at org.junit.jupiter.api.AssertEquals.failNotEqual(AssertEquals.java:197)
	at org.junit.jupiter.api.AssertEquals.assertEquals(AssertEquals.java:182)
	at org.junit.jupiter.api.AssertEquals.assertEquals(AssertEquals.java:177)
	at org.junit.jupiter.api.Assertions.assertEquals(Assertions.java:1145)
	at org.apache.hadoop.hdds.scm.TestSecretKeysApi.testSecretKeyApiSuccess(TestSecretKeysApi.java:210)
	at java.lang.reflect.Method.invoke(Method.java:498)
	at java.util.ArrayList.forEach(ArrayList.java:1259)
	at java.util.ArrayList.forEach(ArrayList.java:1259)

