<?xml version="1.0" encoding="UTF-8"?>
<testsuite xmlns:xsi="http://www.w3.org/2001/XMLSchema-instance" xsi:noNamespaceSchemaLocation="https://maven.apache.org/surefire/maven-surefire-plugin/xsd/surefire-test-report-3.0.xsd" version="3.0" name="org.apache.hadoop.ozone.TestHddsSecureDatanodeInit" time="50.564" tests="10" errors="1" skipped="0" failures="0">
  <properties>
[...]
</properties>
  <testcase name="testSecureDnStartupCase0" classname="org.apache.hadoop.ozone.TestHddsSecureDatanodeInit" time="0.8">
    <system-out><![CDATA[2023-06-15 10:43:49,080 [main] INFO  metrics.MetricRegistries (MetricRegistriesLoader.java:load(64)) - Loaded MetricRegistries class org.apache.ratis.metrics.impl.MetricRegistriesImpl
2023-06-15 10:43:49,156 [main] WARN  impl.MetricsConfig (MetricsConfig.java:loadFirst(136)) - Cannot locate configuration: tried hadoop-metrics2-hddsdatanode.properties,hadoop-metrics2.properties
2023-06-15 10:43:49,305 [main] INFO  impl.MetricsSystemImpl (MetricsSystemImpl.java:startTimer(378)) - Scheduled Metric snapshot period at 10 second(s).
2023-06-15 10:43:49,306 [main] INFO  impl.MetricsSystemImpl (MetricsSystemImpl.java:start(191)) - HddsDatanode metrics system started
2023-06-15 10:43:49,426 [main] INFO  ozone.HddsDatanodeService (HddsDatanodeService.java:start(262)) - HddsDatanodeService host:fv-az74-377.rg1nhevy3x5uhivy2ou0ehszxf.jx.internal.cloudapp.net ip:10.1.0.58
2023-06-15 10:43:49,436 [main] WARN  client.DNCertificateClient (DefaultCertificateClient.java:loadAllCertificates(154)) - Certificates could not be loaded.
java.nio.file.NoSuchFileException: /home/runner/work/ozone/ozone/hadoop-hdds/container-service/target/test-dir/33pMwKJKy1/dn/certs
	at sun.nio.fs.UnixException.translateToIOException(UnixException.java:86)
	at sun.nio.fs.UnixException.rethrowAsIOException(UnixException.java:102)
	at sun.nio.fs.UnixException.rethrowAsIOException(UnixException.java:107)
	at sun.nio.fs.UnixFileSystemProvider.newDirectoryStream(UnixFileSystemProvider.java:427)
	at java.nio.file.Files.newDirectoryStream(Files.java:457)
	at java.nio.file.Files.list(Files.java:3451)
	at org.apache.hadoop.hdds.security.x509.certificate.client.DefaultCertificateClient.loadAllCertificates(DefaultCertificateClient.java:149)
	at org.apache.hadoop.hdds.security.x509.certificate.client.DefaultCertificateClient.updateCertSerialId(DefaultCertificateClient.java:1152)
	at org.apache.hadoop.hdds.security.x509.certificate.client.DefaultCertificateClient.<init>(DefaultCertificateClient.java:141)
	at org.apache.hadoop.hdds.security.x509.certificate.client.DNCertificateClient.<init>(DNCertificateClient.java:57)
	at org.apache.hadoop.ozone.HddsDatanodeService.start(HddsDatanodeService.java:269)
	at org.apache.hadoop.ozone.HddsDatanodeService.start(HddsDatanodeService.java:235)
	at org.apache.hadoop.ozone.TestHddsSecureDatanodeInit.lambda$setUp$0(TestHddsSecureDatanodeInit.java:107)
	at org.apache.hadoop.ozone.TestHddsSecureDatanodeInit.callQuietly(TestHddsSecureDatanodeInit.java:276)
	at org.apache.hadoop.ozone.TestHddsSecureDatanodeInit.setUp(TestHddsSecureDatanodeInit.java:106)
	at sun.reflect.NativeMethodAccessorImpl.invoke0(Native Method)
	at sun.reflect.NativeMethodAccessorImpl.invoke(NativeMethodAccessorImpl.java:62)
	at sun.reflect.DelegatingMethodAccessorImpl.invoke(DelegatingMethodAccessorImpl.java:43)
	at java.lang.reflect.Method.invoke(Method.java:498)
	at org.junit.platform.commons.util.ReflectionUtils.invokeMethod(ReflectionUtils.java:725)
	at org.junit.jupiter.engine.execution.MethodInvocation.proceed(MethodInvocation.java:60)
	at org.junit.jupiter.engine.execution.InvocationInterceptorChain$ValidatingInvocation.proceed(InvocationInterceptorChain.java:131)
	at org.junit.jupiter.engine.extension.TimeoutExtension.intercept(TimeoutExtension.java:149)
	at org.junit.jupiter.engine.extension.TimeoutExtension.interceptLifecycleMethod(TimeoutExtension.java:126)
	at org.junit.jupiter.engine.extension.TimeoutExtension.interceptBeforeAllMethod(TimeoutExtension.java:68)
	at org.junit.jupiter.engine.execution.ExecutableInvoker$ReflectiveInterceptorCall.lambda$ofVoidMethod$0(ExecutableInvoker.java:115)
	at org.junit.jupiter.engine.execution.ExecutableInvoker.lambda$invoke$0(ExecutableInvoker.java:105)
	at org.junit.jupiter.engine.execution.InvocationInterceptorChain$InterceptedInvocation.proceed(InvocationInterceptorChain.java:106)
	at org.junit.jupiter.engine.execution.InvocationInterceptorChain.proceed(InvocationInterceptorChain.java:64)
	at org.junit.jupiter.engine.execution.InvocationInterceptorChain.chainAndInvoke(InvocationInterceptorChain.java:45)
	at org.junit.jupiter.engine.execution.InvocationInterceptorChain.invoke(InvocationInterceptorChain.java:37)
	at org.junit.jupiter.engine.execution.ExecutableInvoker.invoke(ExecutableInvoker.java:104)
	at org.junit.jupiter.engine.execution.ExecutableInvoker.invoke(ExecutableInvoker.java:98)
	at org.junit.jupiter.engine.descriptor.ClassBasedTestDescriptor.lambda$invokeBeforeAllMethods$11(ClassBasedTestDescriptor.java:397)
	at org.junit.platform.engine.support.hierarchical.ThrowableCollector.execute(ThrowableCollector.java:73)
	at org.junit.jupiter.engine.descriptor.ClassBasedTestDescriptor.invokeBeforeAllMethods(ClassBasedTestDescriptor.java:395)
	at org.junit.jupiter.engine.descriptor.ClassBasedTestDescriptor.before(ClassBasedTestDescriptor.java:209)
	at org.junit.jupiter.engine.descriptor.ClassBasedTestDescriptor.before(ClassBasedTestDescriptor.java:80)
	at org.junit.platform.engine.support.hierarchical.NodeTestTask.lambda$executeRecursively$6(NodeTestTask.java:148)
	at org.junit.platform.engine.support.hierarchical.ThrowableCollector.execute(ThrowableCollector.java:73)
	at org.junit.platform.engine.support.hierarchical.NodeTestTask.lambda$executeRecursively$8(NodeTestTask.java:141)
	at org.junit.platform.engine.support.hierarchical.Node.around(Node.java:137)
	at org.junit.platform.engine.support.hierarchical.NodeTestTask.lambda$executeRecursively$9(NodeTestTask.java:139)
	at org.junit.platform.engine.support.hierarchical.ThrowableCollector.execute(ThrowableCollector.java:73)
	at org.junit.platform.engine.support.hierarchical.NodeTestTask.executeRecursively(NodeTestTask.java:138)
	at org.junit.platform.engine.support.hierarchical.NodeTestTask.execute(NodeTestTask.java:95)
	at java.util.ArrayList.forEach(ArrayList.java:1259)
	at org.junit.platform.engine.support.hierarchical.SameThreadHierarchicalTestExecutorService.invokeAll(SameThreadHierarchicalTestExecutorService.java:41)
	at org.junit.platform.engine.support.hierarchical.NodeTestTask.lambda$executeRecursively$6(NodeTestTask.java:155)
	at org.junit.platform.engine.support.hierarchical.ThrowableCollector.execute(ThrowableCollector.java:73)
	at org.junit.platform.engine.support.hierarchical.NodeTestTask.lambda$executeRecursively$8(NodeTestTask.java:141)
	at org.junit.platform.engine.support.hierarchical.Node.around(Node.java:137)
	at org.junit.platform.engine.support.hierarchical.NodeTestTask.lambda$executeRecursively$9(NodeTestTask.java:139)
	at org.junit.platform.engine.support.hierarchical.ThrowableCollector.execute(ThrowableCollector.java:73)
	at org.junit.platform.engine.support.hierarchical.NodeTestTask.executeRecursively(NodeTestTask.java:138)
	at org.junit.platform.engine.support.hierarchical.NodeTestTask.execute(NodeTestTask.java:95)
	at org.junit.platform.engine.support.hierarchical.SameThreadHierarchicalTestExecutorService.submit(SameThreadHierarchicalTestExecutorService.java:35)
	at org.junit.platform.engine.support.hierarchical.HierarchicalTestExecutor.execute(HierarchicalTestExecutor.java:57)
	at org.junit.platform.engine.support.hierarchical.HierarchicalTestEngine.execute(HierarchicalTestEngine.java:54)
	at org.junit.platform.launcher.core.EngineExecutionOrchestrator.execute(EngineExecutionOrchestrator.java:107)
	at org.junit.platform.launcher.core.EngineExecutionOrchestrator.execute(EngineExecutionOrchestrator.java:88)
	at org.junit.platform.launcher.core.EngineExecutionOrchestrator.lambda$execute$0(EngineExecutionOrchestrator.java:54)
	at org.junit.platform.launcher.core.EngineExecutionOrchestrator.withInterceptedStreams(EngineExecutionOrchestrator.java:67)
	at org.junit.platform.launcher.core.EngineExecutionOrchestrator.execute(EngineExecutionOrchestrator.java:52)
	at org.junit.platform.launcher.core.DefaultLauncher.execute(DefaultLauncher.java:114)
	at org.junit.platform.launcher.core.DefaultLauncher.execute(DefaultLauncher.java:86)
	at org.junit.platform.launcher.core.DefaultLauncherSession$DelegatingLauncher.execute(DefaultLauncherSession.java:86)
	at org.junit.platform.launcher.core.SessionPerRequestLauncher.execute(SessionPerRequestLauncher.java:53)
	at org.apache.maven.surefire.junitplatform.JUnitPlatformProvider.execute(JUnitPlatformProvider.java:188)
	at org.apache.maven.surefire.junitplatform.JUnitPlatformProvider.invokeAllTests(JUnitPlatformProvider.java:154)
	at org.apache.maven.surefire.junitplatform.JUnitPlatformProvider.invoke(JUnitPlatformProvider.java:124)
	at org.apache.maven.surefire.booter.ForkedBooter.runSuitesInProcess(ForkedBooter.java:428)
	at org.apache.maven.surefire.booter.ForkedBooter.execute(ForkedBooter.java:162)
	at org.apache.maven.surefire.booter.ForkedBooter.run(ForkedBooter.java:562)
	at org.apache.maven.surefire.booter.ForkedBooter.main(ForkedBooter.java:548)
2023-06-15 10:43:49,458 [main] INFO  ozone.HddsDatanodeService (HddsDatanodeService.java:initializeCertificateClient(399)) - Initializing secure Datanode.
2023-06-15 10:43:49,459 [main] ERROR client.DNCertificateClient (DefaultCertificateClient.java:getCertPath(295)) - Default certificate serial id is not set. Can't locate the default certificate for this client.
2023-06-15 10:43:49,460 [main] INFO  client.DNCertificateClient (DefaultCertificateClient.java:init(648)) - Certificate client init case: 0
2023-06-15 10:43:49,463 [main] INFO  client.DNCertificateClient (DefaultCertificateClient.java:handleCase(666)) - Creating keypair for client as keypair and certificate not found.
2023-06-15 10:43:49,827 [main] INFO  ozone.HddsDatanodeService (HddsDatanodeService.java:initializeCertificateClient(409)) - Init response: GETCERT
2023-06-15 10:43:49,839 [main] INFO  ozone.OzoneSecurityUtil (OzoneSecurityUtil.java:getValidInetsForCurrentHost(119)) - ip:fe80:0:0:0:6245:bdff:fee3:56fa%eth0 not returned.
2023-06-15 10:43:49,839 [main] INFO  ozone.OzoneSecurityUtil (OzoneSecurityUtil.java:getValidInetsForCurrentHost(116)) - Adding ip:10.1.0.58,host:fv-az74-377.rg1nhevy3x5uhivy2ou0ehszxf.jx.internal.cloudapp.net
2023-06-15 10:43:49,840 [main] INFO  ozone.OzoneSecurityUtil (OzoneSecurityUtil.java:getValidInetsForCurrentHost(119)) - ip:0:0:0:0:0:0:0:1%lo not returned.
2023-06-15 10:43:49,840 [main] INFO  ozone.OzoneSecurityUtil (OzoneSecurityUtil.java:getValidInetsForCurrentHost(119)) - ip:127.0.0.1 not returned.
2023-06-15 10:43:49,857 [main] WARN  util.NativeCodeLoader (NativeCodeLoader.java:<clinit>(60)) - Unable to load native-hadoop library for your platform... using builtin-java classes where applicable
2023-06-15 10:43:49,883 [main] INFO  client.DNCertificateClient (DNCertificateClient.java:getCSRBuilder(85)) - Created csr for DN-> subject:runner@fv-az74-377.rg1nhevy3x5uhivy2ou0ehszxf.jx.internal.cloudapp.net
2023-06-15 10:43:50,070 [main] INFO  utils.SelfSignedCertificate (SelfSignedCertificate.java:generateCertificate(158)) - Certificate 1301981 is issued by CN=localhost,OU=test,O=cluster to CN=localhost,OU=test,O=cluster, valid from Thu Jun 15 10:43:50 UTC 2023 to Thu Jun 15 10:44:05 UTC 2023
2023-06-15 10:43:50,133 [main] WARN  client.DNCertificateClient (DefaultCertificateClient.java:loadAllCertificates(154)) - Certificates could not be loaded.
java.nio.file.NoSuchFileException: /home/runner/work/ozone/ozone/hadoop-hdds/container-service/target/test-dir/33pMwKJKy1/dn/certs
	at sun.nio.fs.UnixException.translateToIOException(UnixException.java:86)
	at sun.nio.fs.UnixException.rethrowAsIOException(UnixException.java:102)
	at sun.nio.fs.UnixException.rethrowAsIOException(UnixException.java:107)
	at sun.nio.fs.UnixFileSystemProvider.newDirectoryStream(UnixFileSystemProvider.java:427)
	at java.nio.file.Files.newDirectoryStream(Files.java:457)
	at java.nio.file.Files.list(Files.java:3451)
	at org.apache.hadoop.hdds.security.x509.certificate.client.DefaultCertificateClient.loadAllCertificates(DefaultCertificateClient.java:149)
	at org.apache.hadoop.hdds.security.x509.certificate.client.DefaultCertificateClient.updateCertSerialId(DefaultCertificateClient.java:1152)
	at org.apache.hadoop.hdds.security.x509.certificate.client.DefaultCertificateClient.<init>(DefaultCertificateClient.java:141)
	at org.apache.hadoop.hdds.security.x509.certificate.client.DNCertificateClient.<init>(DNCertificateClient.java:57)
	at org.apache.hadoop.ozone.TestHddsSecureDatanodeInit.setUpDNCertClient(TestHddsSecureDatanodeInit.java:144)
	at sun.reflect.NativeMethodAccessorImpl.invoke0(Native Method)
	at sun.reflect.NativeMethodAccessorImpl.invoke(NativeMethodAccessorImpl.java:62)
	at sun.reflect.DelegatingMethodAccessorImpl.invoke(DelegatingMethodAccessorImpl.java:43)
	at java.lang.reflect.Method.invoke(Method.java:498)
	at org.junit.platform.commons.util.ReflectionUtils.invokeMethod(ReflectionUtils.java:725)
	at org.junit.jupiter.engine.execution.MethodInvocation.proceed(MethodInvocation.java:60)
	at org.junit.jupiter.engine.execution.InvocationInterceptorChain$ValidatingInvocation.proceed(InvocationInterceptorChain.java:131)
	at org.junit.jupiter.engine.extension.TimeoutExtension.intercept(TimeoutExtension.java:149)
	at org.junit.jupiter.engine.extension.TimeoutExtension.interceptLifecycleMethod(TimeoutExtension.java:126)
	at org.junit.jupiter.engine.extension.TimeoutExtension.interceptBeforeEachMethod(TimeoutExtension.java:76)
	at org.junit.jupiter.engine.execution.ExecutableInvoker$ReflectiveInterceptorCall.lambda$ofVoidMethod$0(ExecutableInvoker.java:115)
	at org.junit.jupiter.engine.execution.ExecutableInvoker.lambda$invoke$0(ExecutableInvoker.java:105)
	at org.junit.jupiter.engine.execution.InvocationInterceptorChain$InterceptedInvocation.proceed(InvocationInterceptorChain.java:106)
	at org.junit.jupiter.engine.execution.InvocationInterceptorChain.proceed(InvocationInterceptorChain.java:64)
	at org.junit.jupiter.engine.execution.InvocationInterceptorChain.chainAndInvoke(InvocationInterceptorChain.java:45)
	at org.junit.jupiter.engine.execution.InvocationInterceptorChain.invoke(InvocationInterceptorChain.java:37)
	at org.junit.jupiter.engine.execution.ExecutableInvoker.invoke(ExecutableInvoker.java:104)
	at org.junit.jupiter.engine.execution.ExecutableInvoker.invoke(ExecutableInvoker.java:98)
	at org.junit.jupiter.engine.descriptor.ClassBasedTestDescriptor.invokeMethodInExtensionContext(ClassBasedTestDescriptor.java:506)
	at org.junit.jupiter.engine.descriptor.ClassBasedTestDescriptor.lambda$synthesizeBeforeEachMethodAdapter$21(ClassBasedTestDescriptor.java:491)
	at org.junit.jupiter.engine.descriptor.TestMethodTestDescriptor.lambda$invokeBeforeEachMethods$3(TestMethodTestDescriptor.java:171)
	at org.junit.jupiter.engine.descriptor.TestMethodTestDescriptor.lambda$invokeBeforeMethodsOrCallbacksUntilExceptionOccurs$6(TestMethodTestDescriptor.java:199)
	at org.junit.platform.engine.support.hierarchical.ThrowableCollector.execute(ThrowableCollector.java:73)
	at org.junit.jupiter.engine.descriptor.TestMethodTestDescriptor.invokeBeforeMethodsOrCallbacksUntilExceptionOccurs(TestMethodTestDescriptor.java:199)
	at org.junit.jupiter.engine.descriptor.TestMethodTestDescriptor.invokeBeforeEachMethods(TestMethodTestDescriptor.java:168)
	at org.junit.jupiter.engine.descriptor.TestMethodTestDescriptor.execute(TestMethodTestDescriptor.java:131)
	at org.junit.jupiter.engine.descriptor.TestMethodTestDescriptor.execute(TestMethodTestDescriptor.java:66)
	at org.junit.platform.engine.support.hierarchical.NodeTestTask.lambda$executeRecursively$6(NodeTestTask.java:151)
	at org.junit.platform.engine.support.hierarchical.ThrowableCollector.execute(ThrowableCollector.java:73)
	at org.junit.platform.engine.support.hierarchical.NodeTestTask.lambda$executeRecursively$8(NodeTestTask.java:141)
	at org.junit.platform.engine.support.hierarchical.Node.around(Node.java:137)
	at org.junit.platform.engine.support.hierarchical.NodeTestTask.lambda$executeRecursively$9(NodeTestTask.java:139)
	at org.junit.platform.engine.support.hierarchical.ThrowableCollector.execute(ThrowableCollector.java:73)
	at org.junit.platform.engine.support.hierarchical.NodeTestTask.executeRecursively(NodeTestTask.java:138)
	at org.junit.platform.engine.support.hierarchical.NodeTestTask.execute(NodeTestTask.java:95)
	at java.util.ArrayList.forEach(ArrayList.java:1259)
	at org.junit.platform.engine.support.hierarchical.SameThreadHierarchicalTestExecutorService.invokeAll(SameThreadHierarchicalTestExecutorService.java:41)
	at org.junit.platform.engine.support.hierarchical.NodeTestTask.lambda$executeRecursively$6(NodeTestTask.java:155)
	at org.junit.platform.engine.support.hierarchical.ThrowableCollector.execute(ThrowableCollector.java:73)
	at org.junit.platform.engine.support.hierarchical.NodeTestTask.lambda$executeRecursively$8(NodeTestTask.java:141)
	at org.junit.platform.engine.support.hierarchical.Node.around(Node.java:137)
	at org.junit.platform.engine.support.hierarchical.NodeTestTask.lambda$executeRecursively$9(NodeTestTask.java:139)
	at org.junit.platform.engine.support.hierarchical.ThrowableCollector.execute(ThrowableCollector.java:73)
	at org.junit.platform.engine.support.hierarchical.NodeTestTask.executeRecursively(NodeTestTask.java:138)
	at org.junit.platform.engine.support.hierarchical.NodeTestTask.execute(NodeTestTask.java:95)
	at java.util.ArrayList.forEach(ArrayList.java:1259)
	at org.junit.platform.engine.support.hierarchical.SameThreadHierarchicalTestExecutorService.invokeAll(SameThreadHierarchicalTestExecutorService.java:41)
	at org.junit.platform.engine.support.hierarchical.NodeTestTask.lambda$executeRecursively$6(NodeTestTask.java:155)
	at org.junit.platform.engine.support.hierarchical.ThrowableCollector.execute(ThrowableCollector.java:73)
	at org.junit.platform.engine.support.hierarchical.NodeTestTask.lambda$executeRecursively$8(NodeTestTask.java:141)
	at org.junit.platform.engine.support.hierarchical.Node.around(Node.java:137)
	at org.junit.platform.engine.support.hierarchical.NodeTestTask.lambda$executeRecursively$9(NodeTestTask.java:139)
	at org.junit.platform.engine.support.hierarchical.ThrowableCollector.execute(ThrowableCollector.java:73)
	at org.junit.platform.engine.support.hierarchical.NodeTestTask.executeRecursively(NodeTestTask.java:138)
	at org.junit.platform.engine.support.hierarchical.NodeTestTask.execute(NodeTestTask.java:95)
	at org.junit.platform.engine.support.hierarchical.SameThreadHierarchicalTestExecutorService.submit(SameThreadHierarchicalTestExecutorService.java:35)
	at org.junit.platform.engine.support.hierarchical.HierarchicalTestExecutor.execute(HierarchicalTestExecutor.java:57)
	at org.junit.platform.engine.support.hierarchical.HierarchicalTestEngine.execute(HierarchicalTestEngine.java:54)
	at org.junit.platform.launcher.core.EngineExecutionOrchestrator.execute(EngineExecutionOrchestrator.java:107)
	at org.junit.platform.launcher.core.EngineExecutionOrchestrator.execute(EngineExecutionOrchestrator.java:88)
	at org.junit.platform.launcher.core.EngineExecutionOrchestrator.lambda$execute$0(EngineExecutionOrchestrator.java:54)
	at org.junit.platform.launcher.core.EngineExecutionOrchestrator.withInterceptedStreams(EngineExecutionOrchestrator.java:67)
	at org.junit.platform.launcher.core.EngineExecutionOrchestrator.execute(EngineExecutionOrchestrator.java:52)
	at org.junit.platform.launcher.core.DefaultLauncher.execute(DefaultLauncher.java:114)
	at org.junit.platform.launcher.core.DefaultLauncher.execute(DefaultLauncher.java:86)
	at org.junit.platform.launcher.core.DefaultLauncherSession$DelegatingLauncher.execute(DefaultLauncherSession.java:86)
	at org.junit.platform.launcher.core.SessionPerRequestLauncher.execute(SessionPerRequestLauncher.java:53)
	at org.apache.maven.surefire.junitplatform.JUnitPlatformProvider.execute(JUnitPlatformProvider.java:188)
	at org.apache.maven.surefire.junitplatform.JUnitPlatformProvider.invokeAllTests(JUnitPlatformProvider.java:154)
	at org.apache.maven.surefire.junitplatform.JUnitPlatformProvider.invoke(JUnitPlatformProvider.java:124)
	at org.apache.maven.surefire.booter.ForkedBooter.runSuitesInProcess(ForkedBooter.java:428)
	at org.apache.maven.surefire.booter.ForkedBooter.execute(ForkedBooter.java:162)
	at org.apache.maven.surefire.booter.ForkedBooter.run(ForkedBooter.java:562)
	at org.apache.maven.surefire.booter.ForkedBooter.main(ForkedBooter.java:548)
2023-06-15 10:43:50,145 [main] INFO  ozone.HddsDatanodeService (HddsDatanodeService.java:initializeCertificateClient(399)) - Initializing secure Datanode.
2023-06-15 10:43:50,146 [main] WARN  client.DNCertificateClient (DefaultCertificateClient.java:loadAllCertificates(154)) - Certificates could not be loaded.
java.nio.file.NoSuchFileException: /home/runner/work/ozone/ozone/hadoop-hdds/container-service/target/test-dir/33pMwKJKy1/dn/certs
	at sun.nio.fs.UnixException.translateToIOException(UnixException.java:86)
	at sun.nio.fs.UnixException.rethrowAsIOException(UnixException.java:102)
	at sun.nio.fs.UnixException.rethrowAsIOException(UnixException.java:107)
	at sun.nio.fs.UnixFileSystemProvider.newDirectoryStream(UnixFileSystemProvider.java:427)
	at java.nio.file.Files.newDirectoryStream(Files.java:457)
	at java.nio.file.Files.list(Files.java:3451)
	at org.apache.hadoop.hdds.security.x509.certificate.client.DefaultCertificateClient.loadAllCertificates(DefaultCertificateClient.java:149)
	at org.apache.hadoop.hdds.security.x509.certificate.client.DefaultCertificateClient.getCertPath(DefaultCertificateClient.java:300)
	at org.apache.hadoop.hdds.security.x509.certificate.client.DefaultCertificateClient.getCertificate(DefaultCertificateClient.java:276)
	at org.apache.hadoop.hdds.security.x509.certificate.client.DefaultCertificateClient.init(DefaultCertificateClient.java:625)
	at org.apache.hadoop.ozone.HddsDatanodeService.initializeCertificateClient(HddsDatanodeService.java:401)
	at org.apache.hadoop.ozone.TestHddsSecureDatanodeInit.lambda$testSecureDnStartupCase0$2(TestHddsSecureDatanodeInit.java:159)
	at org.apache.ozone.test.LambdaTestUtils.intercept(LambdaTestUtils.java:491)
	at org.apache.ozone.test.LambdaTestUtils.intercept(LambdaTestUtils.java:377)
	at org.apache.ozone.test.LambdaTestUtils.intercept(LambdaTestUtils.java:446)
	at org.apache.hadoop.ozone.TestHddsSecureDatanodeInit.testSecureDnStartupCase0(TestHddsSecureDatanodeInit.java:158)
	at sun.reflect.NativeMethodAccessorImpl.invoke0(Native Method)
	at sun.reflect.NativeMethodAccessorImpl.invoke(NativeMethodAccessorImpl.java:62)
	at sun.reflect.DelegatingMethodAccessorImpl.invoke(DelegatingMethodAccessorImpl.java:43)
	at java.lang.reflect.Method.invoke(Method.java:498)
	at org.junit.platform.commons.util.ReflectionUtils.invokeMethod(ReflectionUtils.java:725)
	at org.junit.jupiter.engine.execution.MethodInvocation.proceed(MethodInvocation.java:60)
	at org.junit.jupiter.engine.execution.InvocationInterceptorChain$ValidatingInvocation.proceed(InvocationInterceptorChain.java:131)
	at org.junit.jupiter.engine.extension.TimeoutExtension.intercept(TimeoutExtension.java:149)
	at org.junit.jupiter.engine.extension.TimeoutExtension.interceptTestableMethod(TimeoutExtension.java:140)
	at org.junit.jupiter.engine.extension.TimeoutExtension.interceptTestMethod(TimeoutExtension.java:84)
	at org.junit.jupiter.engine.execution.ExecutableInvoker$ReflectiveInterceptorCall.lambda$ofVoidMethod$0(ExecutableInvoker.java:115)
	at org.junit.jupiter.engine.execution.ExecutableInvoker.lambda$invoke$0(ExecutableInvoker.java:105)
	at org.junit.jupiter.engine.execution.InvocationInterceptorChain$InterceptedInvocation.proceed(InvocationInterceptorChain.java:106)
	at org.junit.jupiter.engine.execution.InvocationInterceptorChain.proceed(InvocationInterceptorChain.java:64)
	at org.junit.jupiter.engine.execution.InvocationInterceptorChain.chainAndInvoke(InvocationInterceptorChain.java:45)
	at org.junit.jupiter.engine.execution.InvocationInterceptorChain.invoke(InvocationInterceptorChain.java:37)
	at org.junit.jupiter.engine.execution.ExecutableInvoker.invoke(ExecutableInvoker.java:104)
	at org.junit.jupiter.engine.execution.ExecutableInvoker.invoke(ExecutableInvoker.java:98)
	at org.junit.jupiter.engine.descriptor.TestMethodTestDescriptor.lambda$invokeTestMethod$7(TestMethodTestDescriptor.java:214)
	at org.junit.platform.engine.support.hierarchical.ThrowableCollector.execute(ThrowableCollector.java:73)
	at org.junit.jupiter.engine.descriptor.TestMethodTestDescriptor.invokeTestMethod(TestMethodTestDescriptor.java:210)
	at org.junit.jupiter.engine.descriptor.TestMethodTestDescriptor.execute(TestMethodTestDescriptor.java:135)
	at org.junit.jupiter.engine.descriptor.TestMethodTestDescriptor.execute(TestMethodTestDescriptor.java:66)
	at org.junit.platform.engine.support.hierarchical.NodeTestTask.lambda$executeRecursively$6(NodeTestTask.java:151)
	at org.junit.platform.engine.support.hierarchical.ThrowableCollector.execute(ThrowableCollector.java:73)
	at org.junit.platform.engine.support.hierarchical.NodeTestTask.lambda$executeRecursively$8(NodeTestTask.java:141)
	at org.junit.platform.engine.support.hierarchical.Node.around(Node.java:137)
	at org.junit.platform.engine.support.hierarchical.NodeTestTask.lambda$executeRecursively$9(NodeTestTask.java:139)
	at org.junit.platform.engine.support.hierarchical.ThrowableCollector.execute(ThrowableCollector.java:73)
	at org.junit.platform.engine.support.hierarchical.NodeTestTask.executeRecursively(NodeTestTask.java:138)
	at org.junit.platform.engine.support.hierarchical.NodeTestTask.execute(NodeTestTask.java:95)
	at java.util.ArrayList.forEach(ArrayList.java:1259)
	at org.junit.platform.engine.support.hierarchical.SameThreadHierarchicalTestExecutorService.invokeAll(SameThreadHierarchicalTestExecutorService.java:41)
	at org.junit.platform.engine.support.hierarchical.NodeTestTask.lambda$executeRecursively$6(NodeTestTask.java:155)
	at org.junit.platform.engine.support.hierarchical.ThrowableCollector.execute(ThrowableCollector.java:73)
	at org.junit.platform.engine.support.hierarchical.NodeTestTask.lambda$executeRecursively$8(NodeTestTask.java:141)
	at org.junit.platform.engine.support.hierarchical.Node.around(Node.java:137)
	at org.junit.platform.engine.support.hierarchical.NodeTestTask.lambda$executeRecursively$9(NodeTestTask.java:139)
	at org.junit.platform.engine.support.hierarchical.ThrowableCollector.execute(ThrowableCollector.java:73)
	at org.junit.platform.engine.support.hierarchical.NodeTestTask.executeRecursively(NodeTestTask.java:138)
	at org.junit.platform.engine.support.hierarchical.NodeTestTask.execute(NodeTestTask.java:95)
	at java.util.ArrayList.forEach(ArrayList.java:1259)
	at org.junit.platform.engine.support.hierarchical.SameThreadHierarchicalTestExecutorService.invokeAll(SameThreadHierarchicalTestExecutorService.java:41)
	at org.junit.platform.engine.support.hierarchical.NodeTestTask.lambda$executeRecursively$6(NodeTestTask.java:155)
	at org.junit.platform.engine.support.hierarchical.ThrowableCollector.execute(ThrowableCollector.java:73)
	at org.junit.platform.engine.support.hierarchical.NodeTestTask.lambda$executeRecursively$8(NodeTestTask.java:141)
	at org.junit.platform.engine.support.hierarchical.Node.around(Node.java:137)
	at org.junit.platform.engine.support.hierarchical.NodeTestTask.lambda$executeRecursively$9(NodeTestTask.java:139)
	at org.junit.platform.engine.support.hierarchical.ThrowableCollector.execute(ThrowableCollector.java:73)
	at org.junit.platform.engine.support.hierarchical.NodeTestTask.executeRecursively(NodeTestTask.java:138)
	at org.junit.platform.engine.support.hierarchical.NodeTestTask.execute(NodeTestTask.java:95)
	at org.junit.platform.engine.support.hierarchical.SameThreadHierarchicalTestExecutorService.submit(SameThreadHierarchicalTestExecutorService.java:35)
	at org.junit.platform.engine.support.hierarchical.HierarchicalTestExecutor.execute(HierarchicalTestExecutor.java:57)
	at org.junit.platform.engine.support.hierarchical.HierarchicalTestEngine.execute(HierarchicalTestEngine.java:54)
	at org.junit.platform.launcher.core.EngineExecutionOrchestrator.execute(EngineExecutionOrchestrator.java:107)
	at org.junit.platform.launcher.core.EngineExecutionOrchestrator.execute(EngineExecutionOrchestrator.java:88)
	at org.junit.platform.launcher.core.EngineExecutionOrchestrator.lambda$execute$0(EngineExecutionOrchestrator.java:54)
	at org.junit.platform.launcher.core.EngineExecutionOrchestrator.withInterceptedStreams(EngineExecutionOrchestrator.java:67)
	at org.junit.platform.launcher.core.EngineExecutionOrchestrator.execute(EngineExecutionOrchestrator.java:52)
	at org.junit.platform.launcher.core.DefaultLauncher.execute(DefaultLauncher.java:114)
	at org.junit.platform.launcher.core.DefaultLauncher.execute(DefaultLauncher.java:86)
	at org.junit.platform.launcher.core.DefaultLauncherSession$DelegatingLauncher.execute(DefaultLauncherSession.java:86)
	at org.junit.platform.launcher.core.SessionPerRequestLauncher.execute(SessionPerRequestLauncher.java:53)
	at org.apache.maven.surefire.junitplatform.JUnitPlatformProvider.execute(JUnitPlatformProvider.java:188)
	at org.apache.maven.surefire.junitplatform.JUnitPlatformProvider.invokeAllTests(JUnitPlatformProvider.java:154)
	at org.apache.maven.surefire.junitplatform.JUnitPlatformProvider.invoke(JUnitPlatformProvider.java:124)
	at org.apache.maven.surefire.booter.ForkedBooter.runSuitesInProcess(ForkedBooter.java:428)
	at org.apache.maven.surefire.booter.ForkedBooter.execute(ForkedBooter.java:162)
	at org.apache.maven.surefire.booter.ForkedBooter.run(ForkedBooter.java:562)
	at org.apache.maven.surefire.booter.ForkedBooter.main(ForkedBooter.java:548)
2023-06-15 10:43:50,150 [main] INFO  client.DNCertificateClient (DefaultCertificateClient.java:init(648)) - Certificate client init case: 0
2023-06-15 10:43:50,150 [main] INFO  client.DNCertificateClient (DefaultCertificateClient.java:handleCase(666)) - Creating keypair for client as keypair and certificate not found.
2023-06-15 10:43:50,865 [main] INFO  ozone.HddsDatanodeService (HddsDatanodeService.java:initializeCertificateClient(409)) - Init response: GETCERT
2023-06-15 10:43:50,866 [main] INFO  ozone.OzoneSecurityUtil (OzoneSecurityUtil.java:getValidInetsForCurrentHost(119)) - ip:fe80:0:0:0:6245:bdff:fee3:56fa%eth0 not returned.
2023-06-15 10:43:50,866 [main] INFO  ozone.OzoneSecurityUtil (OzoneSecurityUtil.java:getValidInetsForCurrentHost(116)) - Adding ip:10.1.0.58,host:fv-az74-377.rg1nhevy3x5uhivy2ou0ehszxf.jx.internal.cloudapp.net
2023-06-15 10:43:50,866 [main] INFO  ozone.OzoneSecurityUtil (OzoneSecurityUtil.java:getValidInetsForCurrentHost(119)) - ip:0:0:0:0:0:0:0:1%lo not returned.
2023-06-15 10:43:50,866 [main] INFO  ozone.OzoneSecurityUtil (OzoneSecurityUtil.java:getValidInetsForCurrentHost(119)) - ip:127.0.0.1 not returned.
2023-06-15 10:43:50,867 [main] INFO  client.DNCertificateClient (DNCertificateClient.java:getCSRBuilder(85)) - Created csr for DN-> subject:runner@fv-az74-377.rg1nhevy3x5uhivy2ou0ehszxf.jx.internal.cloudapp.net
2023-06-15 10:43:50,876 [main] WARN  client.DNCertificateClient (DefaultCertificateClient.java:loadAllCertificates(154)) - Certificates could not be loaded.
java.nio.file.NoSuchFileException: /home/runner/work/ozone/ozone/hadoop-hdds/container-service/target/test-dir/33pMwKJKy1/dn/certs
	at sun.nio.fs.UnixException.translateToIOException(UnixException.java:86)
	at sun.nio.fs.UnixException.rethrowAsIOException(UnixException.java:102)
	at sun.nio.fs.UnixException.rethrowAsIOException(UnixException.java:107)
	at sun.nio.fs.UnixFileSystemProvider.newDirectoryStream(UnixFileSystemProvider.java:427)
	at java.nio.file.Files.newDirectoryStream(Files.java:457)
	at java.nio.file.Files.list(Files.java:3451)
	at org.apache.hadoop.hdds.security.x509.certificate.client.DefaultCertificateClient.loadAllCertificates(DefaultCertificateClient.java:149)
	at org.apache.hadoop.hdds.security.x509.certificate.client.DefaultCertificateClient.getCertPath(DefaultCertificateClient.java:300)
	at org.apache.hadoop.hdds.security.x509.certificate.client.DefaultCertificateClient.getCertificate(DefaultCertificateClient.java:276)
	at org.apache.hadoop.ozone.TestHddsSecureDatanodeInit.testSecureDnStartupCase0(TestHddsSecureDatanodeInit.java:163)
	at sun.reflect.NativeMethodAccessorImpl.invoke0(Native Method)
	at sun.reflect.NativeMethodAccessorImpl.invoke(NativeMethodAccessorImpl.java:62)
	at sun.reflect.DelegatingMethodAccessorImpl.invoke(DelegatingMethodAccessorImpl.java:43)
	at java.lang.reflect.Method.invoke(Method.java:498)
	at org.junit.platform.commons.util.ReflectionUtils.invokeMethod(ReflectionUtils.java:725)
	at org.junit.jupiter.engine.execution.MethodInvocation.proceed(MethodInvocation.java:60)
	at org.junit.jupiter.engine.execution.InvocationInterceptorChain$ValidatingInvocation.proceed(InvocationInterceptorChain.java:131)
	at org.junit.jupiter.engine.extension.TimeoutExtension.intercept(TimeoutExtension.java:149)
	at org.junit.jupiter.engine.extension.TimeoutExtension.interceptTestableMethod(TimeoutExtension.java:140)
	at org.junit.jupiter.engine.extension.TimeoutExtension.interceptTestMethod(TimeoutExtension.java:84)
	at org.junit.jupiter.engine.execution.ExecutableInvoker$ReflectiveInterceptorCall.lambda$ofVoidMethod$0(ExecutableInvoker.java:115)
	at org.junit.jupiter.engine.execution.ExecutableInvoker.lambda$invoke$0(ExecutableInvoker.java:105)
	at org.junit.jupiter.engine.execution.InvocationInterceptorChain$InterceptedInvocation.proceed(InvocationInterceptorChain.java:106)
	at org.junit.jupiter.engine.execution.InvocationInterceptorChain.proceed(InvocationInterceptorChain.java:64)
	at org.junit.jupiter.engine.execution.InvocationInterceptorChain.chainAndInvoke(InvocationInterceptorChain.java:45)
	at org.junit.jupiter.engine.execution.InvocationInterceptorChain.invoke(InvocationInterceptorChain.java:37)
	at org.junit.jupiter.engine.execution.ExecutableInvoker.invoke(ExecutableInvoker.java:104)
	at org.junit.jupiter.engine.execution.ExecutableInvoker.invoke(ExecutableInvoker.java:98)
	at org.junit.jupiter.engine.descriptor.TestMethodTestDescriptor.lambda$invokeTestMethod$7(TestMethodTestDescriptor.java:214)
	at org.junit.platform.engine.support.hierarchical.ThrowableCollector.execute(ThrowableCollector.java:73)
	at org.junit.jupiter.engine.descriptor.TestMethodTestDescriptor.invokeTestMethod(TestMethodTestDescriptor.java:210)
	at org.junit.jupiter.engine.descriptor.TestMethodTestDescriptor.execute(TestMethodTestDescriptor.java:135)
	at org.junit.jupiter.engine.descriptor.TestMethodTestDescriptor.execute(TestMethodTestDescriptor.java:66)
	at org.junit.platform.engine.support.hierarchical.NodeTestTask.lambda$executeRecursively$6(NodeTestTask.java:151)
	at org.junit.platform.engine.support.hierarchical.ThrowableCollector.execute(ThrowableCollector.java:73)
	at org.junit.platform.engine.support.hierarchical.NodeTestTask.lambda$executeRecursively$8(NodeTestTask.java:141)
	at org.junit.platform.engine.support.hierarchical.Node.around(Node.java:137)
	at org.junit.platform.engine.support.hierarchical.NodeTestTask.lambda$executeRecursively$9(NodeTestTask.java:139)
	at org.junit.platform.engine.support.hierarchical.ThrowableCollector.execute(ThrowableCollector.java:73)
	at org.junit.platform.engine.support.hierarchical.NodeTestTask.executeRecursively(NodeTestTask.java:138)
	at org.junit.platform.engine.support.hierarchical.NodeTestTask.execute(NodeTestTask.java:95)
	at java.util.ArrayList.forEach(ArrayList.java:1259)
	at org.junit.platform.engine.support.hierarchical.SameThreadHierarchicalTestExecutorService.invokeAll(SameThreadHierarchicalTestExecutorService.java:41)
	at org.junit.platform.engine.support.hierarchical.NodeTestTask.lambda$executeRecursively$6(NodeTestTask.java:155)
	at org.junit.platform.engine.support.hierarchical.ThrowableCollector.execute(ThrowableCollector.java:73)
	at org.junit.platform.engine.support.hierarchical.NodeTestTask.lambda$executeRecursively$8(NodeTestTask.java:141)
	at org.junit.platform.engine.support.hierarchical.Node.around(Node.java:137)
	at org.junit.platform.engine.support.hierarchical.NodeTestTask.lambda$executeRecursively$9(NodeTestTask.java:139)
	at org.junit.platform.engine.support.hierarchical.ThrowableCollector.execute(ThrowableCollector.java:73)
	at org.junit.platform.engine.support.hierarchical.NodeTestTask.executeRecursively(NodeTestTask.java:138)
	at org.junit.platform.engine.support.hierarchical.NodeTestTask.execute(NodeTestTask.java:95)
	at java.util.ArrayList.forEach(ArrayList.java:1259)
	at org.junit.platform.engine.support.hierarchical.SameThreadHierarchicalTestExecutorService.invokeAll(SameThreadHierarchicalTestExecutorService.java:41)
	at org.junit.platform.engine.support.hierarchical.NodeTestTask.lambda$executeRecursively$6(NodeTestTask.java:155)
	at org.junit.platform.engine.support.hierarchical.ThrowableCollector.execute(ThrowableCollector.java:73)
	at org.junit.platform.engine.support.hierarchical.NodeTestTask.lambda$executeRecursively$8(NodeTestTask.java:141)
	at org.junit.platform.engine.support.hierarchical.Node.around(Node.java:137)
	at org.junit.platform.engine.support.hierarchical.NodeTestTask.lambda$executeRecursively$9(NodeTestTask.java:139)
	at org.junit.platform.engine.support.hierarchical.ThrowableCollector.execute(ThrowableCollector.java:73)
	at org.junit.platform.engine.support.hierarchical.NodeTestTask.executeRecursively(NodeTestTask.java:138)
	at org.junit.platform.engine.support.hierarchical.NodeTestTask.execute(NodeTestTask.java:95)
	at org.junit.platform.engine.support.hierarchical.SameThreadHierarchicalTestExecutorService.submit(SameThreadHierarchicalTestExecutorService.java:35)
	at org.junit.platform.engine.support.hierarchical.HierarchicalTestExecutor.execute(HierarchicalTestExecutor.java:57)
	at org.junit.platform.engine.support.hierarchical.HierarchicalTestEngine.execute(HierarchicalTestEngine.java:54)
	at org.junit.platform.launcher.core.EngineExecutionOrchestrator.execute(EngineExecutionOrchestrator.java:107)
	at org.junit.platform.launcher.core.EngineExecutionOrchestrator.execute(EngineExecutionOrchestrator.java:88)
	at org.junit.platform.launcher.core.EngineExecutionOrchestrator.lambda$execute$0(EngineExecutionOrchestrator.java:54)
	at org.junit.platform.launcher.core.EngineExecutionOrchestrator.withInterceptedStreams(EngineExecutionOrchestrator.java:67)
	at org.junit.platform.launcher.core.EngineExecutionOrchestrator.execute(EngineExecutionOrchestrator.java:52)
	at org.junit.platform.launcher.core.DefaultLauncher.execute(DefaultLauncher.java:114)
	at org.junit.platform.launcher.core.DefaultLauncher.execute(DefaultLauncher.java:86)
	at org.junit.platform.launcher.core.DefaultLauncherSession$DelegatingLauncher.execute(DefaultLauncherSession.java:86)
	at org.junit.platform.launcher.core.SessionPerRequestLauncher.execute(SessionPerRequestLauncher.java:53)
	at org.apache.maven.surefire.junitplatform.JUnitPlatformProvider.execute(JUnitPlatformProvider.java:188)
	at org.apache.maven.surefire.junitplatform.JUnitPlatformProvider.invokeAllTests(JUnitPlatformProvider.java:154)
	at org.apache.maven.surefire.junitplatform.JUnitPlatformProvider.invoke(JUnitPlatformProvider.java:124)
	at org.apache.maven.surefire.booter.ForkedBooter.runSuitesInProcess(ForkedBooter.java:428)
	at org.apache.maven.surefire.booter.ForkedBooter.execute(ForkedBooter.java:162)
	at org.apache.maven.surefire.booter.ForkedBooter.run(ForkedBooter.java:562)
	at org.apache.maven.surefire.booter.ForkedBooter.main(ForkedBooter.java:548)
]]></system-out>
  </testcase>
  <testcase name="testSecureDnStartupCase1" classname="org.apache.hadoop.ozone.TestHddsSecureDatanodeInit" time="0.052">
    <system-out><![CDATA[2023-06-15 10:43:50,903 [main] WARN  client.DNCertificateClient (DefaultCertificateClient.java:loadAllCertificates(154)) - Certificates could not be loaded.
java.nio.file.NoSuchFileException: /home/runner/work/ozone/ozone/hadoop-hdds/container-service/target/test-dir/33pMwKJKy1/dn/certs
	at sun.nio.fs.UnixException.translateToIOException(UnixException.java:86)
	at sun.nio.fs.UnixException.rethrowAsIOException(UnixException.java:102)
	at sun.nio.fs.UnixException.rethrowAsIOException(UnixException.java:107)
	at sun.nio.fs.UnixFileSystemProvider.newDirectoryStream(UnixFileSystemProvider.java:427)
	at java.nio.file.Files.newDirectoryStream(Files.java:457)
	at java.nio.file.Files.list(Files.java:3451)
	at org.apache.hadoop.hdds.security.x509.certificate.client.DefaultCertificateClient.loadAllCertificates(DefaultCertificateClient.java:149)
	at org.apache.hadoop.hdds.security.x509.certificate.client.DefaultCertificateClient.updateCertSerialId(DefaultCertificateClient.java:1152)
	at org.apache.hadoop.hdds.security.x509.certificate.client.DefaultCertificateClient.<init>(DefaultCertificateClient.java:141)
	at org.apache.hadoop.hdds.security.x509.certificate.client.DNCertificateClient.<init>(DNCertificateClient.java:57)
	at org.apache.hadoop.ozone.TestHddsSecureDatanodeInit.setUpDNCertClient(TestHddsSecureDatanodeInit.java:144)
	at sun.reflect.NativeMethodAccessorImpl.invoke0(Native Method)
	at sun.reflect.NativeMethodAccessorImpl.invoke(NativeMethodAccessorImpl.java:62)
	at sun.reflect.DelegatingMethodAccessorImpl.invoke(DelegatingMethodAccessorImpl.java:43)
	at java.lang.reflect.Method.invoke(Method.java:498)
	at org.junit.platform.commons.util.ReflectionUtils.invokeMethod(ReflectionUtils.java:725)
	at org.junit.jupiter.engine.execution.MethodInvocation.proceed(MethodInvocation.java:60)
	at org.junit.jupiter.engine.execution.InvocationInterceptorChain$ValidatingInvocation.proceed(InvocationInterceptorChain.java:131)
	at org.junit.jupiter.engine.extension.TimeoutExtension.intercept(TimeoutExtension.java:149)
	at org.junit.jupiter.engine.extension.TimeoutExtension.interceptLifecycleMethod(TimeoutExtension.java:126)
	at org.junit.jupiter.engine.extension.TimeoutExtension.interceptBeforeEachMethod(TimeoutExtension.java:76)
	at org.junit.jupiter.engine.execution.ExecutableInvoker$ReflectiveInterceptorCall.lambda$ofVoidMethod$0(ExecutableInvoker.java:115)
	at org.junit.jupiter.engine.execution.ExecutableInvoker.lambda$invoke$0(ExecutableInvoker.java:105)
	at org.junit.jupiter.engine.execution.InvocationInterceptorChain$InterceptedInvocation.proceed(InvocationInterceptorChain.java:106)
	at org.junit.jupiter.engine.execution.InvocationInterceptorChain.proceed(InvocationInterceptorChain.java:64)
	at org.junit.jupiter.engine.execution.InvocationInterceptorChain.chainAndInvoke(InvocationInterceptorChain.java:45)
	at org.junit.jupiter.engine.execution.InvocationInterceptorChain.invoke(InvocationInterceptorChain.java:37)
	at org.junit.jupiter.engine.execution.ExecutableInvoker.invoke(ExecutableInvoker.java:104)
	at org.junit.jupiter.engine.execution.ExecutableInvoker.invoke(ExecutableInvoker.java:98)
	at org.junit.jupiter.engine.descriptor.ClassBasedTestDescriptor.invokeMethodInExtensionContext(ClassBasedTestDescriptor.java:506)
	at org.junit.jupiter.engine.descriptor.ClassBasedTestDescriptor.lambda$synthesizeBeforeEachMethodAdapter$21(ClassBasedTestDescriptor.java:491)
	at org.junit.jupiter.engine.descriptor.TestMethodTestDescriptor.lambda$invokeBeforeEachMethods$3(TestMethodTestDescriptor.java:171)
	at org.junit.jupiter.engine.descriptor.TestMethodTestDescriptor.lambda$invokeBeforeMethodsOrCallbacksUntilExceptionOccurs$6(TestMethodTestDescriptor.java:199)
	at org.junit.platform.engine.support.hierarchical.ThrowableCollector.execute(ThrowableCollector.java:73)
	at org.junit.jupiter.engine.descriptor.TestMethodTestDescriptor.invokeBeforeMethodsOrCallbacksUntilExceptionOccurs(TestMethodTestDescriptor.java:199)
	at org.junit.jupiter.engine.descriptor.TestMethodTestDescriptor.invokeBeforeEachMethods(TestMethodTestDescriptor.java:168)
	at org.junit.jupiter.engine.descriptor.TestMethodTestDescriptor.execute(TestMethodTestDescriptor.java:131)
	at org.junit.jupiter.engine.descriptor.TestMethodTestDescriptor.execute(TestMethodTestDescriptor.java:66)
	at org.junit.platform.engine.support.hierarchical.NodeTestTask.lambda$executeRecursively$6(NodeTestTask.java:151)
	at org.junit.platform.engine.support.hierarchical.ThrowableCollector.execute(ThrowableCollector.java:73)
	at org.junit.platform.engine.support.hierarchical.NodeTestTask.lambda$executeRecursively$8(NodeTestTask.java:141)
	at org.junit.platform.engine.support.hierarchical.Node.around(Node.java:137)
	at org.junit.platform.engine.support.hierarchical.NodeTestTask.lambda$executeRecursively$9(NodeTestTask.java:139)
	at org.junit.platform.engine.support.hierarchical.ThrowableCollector.execute(ThrowableCollector.java:73)
	at org.junit.platform.engine.support.hierarchical.NodeTestTask.executeRecursively(NodeTestTask.java:138)
	at org.junit.platform.engine.support.hierarchical.NodeTestTask.execute(NodeTestTask.java:95)
	at java.util.ArrayList.forEach(ArrayList.java:1259)
	at org.junit.platform.engine.support.hierarchical.SameThreadHierarchicalTestExecutorService.invokeAll(SameThreadHierarchicalTestExecutorService.java:41)
	at org.junit.platform.engine.support.hierarchical.NodeTestTask.lambda$executeRecursively$6(NodeTestTask.java:155)
	at org.junit.platform.engine.support.hierarchical.ThrowableCollector.execute(ThrowableCollector.java:73)
	at org.junit.platform.engine.support.hierarchical.NodeTestTask.lambda$executeRecursively$8(NodeTestTask.java:141)
	at org.junit.platform.engine.support.hierarchical.Node.around(Node.java:137)
	at org.junit.platform.engine.support.hierarchical.NodeTestTask.lambda$executeRecursively$9(NodeTestTask.java:139)
	at org.junit.platform.engine.support.hierarchical.ThrowableCollector.execute(ThrowableCollector.java:73)
	at org.junit.platform.engine.support.hierarchical.NodeTestTask.executeRecursively(NodeTestTask.java:138)
	at org.junit.platform.engine.support.hierarchical.NodeTestTask.execute(NodeTestTask.java:95)
	at java.util.ArrayList.forEach(ArrayList.java:1259)
	at org.junit.platform.engine.support.hierarchical.SameThreadHierarchicalTestExecutorService.invokeAll(SameThreadHierarchicalTestExecutorService.java:41)
	at org.junit.platform.engine.support.hierarchical.NodeTestTask.lambda$executeRecursively$6(NodeTestTask.java:155)
	at org.junit.platform.engine.support.hierarchical.ThrowableCollector.execute(ThrowableCollector.java:73)
	at org.junit.platform.engine.support.hierarchical.NodeTestTask.lambda$executeRecursively$8(NodeTestTask.java:141)
	at org.junit.platform.engine.support.hierarchical.Node.around(Node.java:137)
	at org.junit.platform.engine.support.hierarchical.NodeTestTask.lambda$executeRecursively$9(NodeTestTask.java:139)
	at org.junit.platform.engine.support.hierarchical.ThrowableCollector.execute(ThrowableCollector.java:73)
	at org.junit.platform.engine.support.hierarchical.NodeTestTask.executeRecursively(NodeTestTask.java:138)
	at org.junit.platform.engine.support.hierarchical.NodeTestTask.execute(NodeTestTask.java:95)
	at org.junit.platform.engine.support.hierarchical.SameThreadHierarchicalTestExecutorService.submit(SameThreadHierarchicalTestExecutorService.java:35)
	at org.junit.platform.engine.support.hierarchical.HierarchicalTestExecutor.execute(HierarchicalTestExecutor.java:57)
	at org.junit.platform.engine.support.hierarchical.HierarchicalTestEngine.execute(HierarchicalTestEngine.java:54)
	at org.junit.platform.launcher.core.EngineExecutionOrchestrator.execute(EngineExecutionOrchestrator.java:107)
	at org.junit.platform.launcher.core.EngineExecutionOrchestrator.execute(EngineExecutionOrchestrator.java:88)
	at org.junit.platform.launcher.core.EngineExecutionOrchestrator.lambda$execute$0(EngineExecutionOrchestrator.java:54)
	at org.junit.platform.launcher.core.EngineExecutionOrchestrator.withInterceptedStreams(EngineExecutionOrchestrator.java:67)
	at org.junit.platform.launcher.core.EngineExecutionOrchestrator.execute(EngineExecutionOrchestrator.java:52)
	at org.junit.platform.launcher.core.DefaultLauncher.execute(DefaultLauncher.java:114)
	at org.junit.platform.launcher.core.DefaultLauncher.execute(DefaultLauncher.java:86)
	at org.junit.platform.launcher.core.DefaultLauncherSession$DelegatingLauncher.execute(DefaultLauncherSession.java:86)
	at org.junit.platform.launcher.core.SessionPerRequestLauncher.execute(SessionPerRequestLauncher.java:53)
	at org.apache.maven.surefire.junitplatform.JUnitPlatformProvider.execute(JUnitPlatformProvider.java:188)
	at org.apache.maven.surefire.junitplatform.JUnitPlatformProvider.invokeAllTests(JUnitPlatformProvider.java:154)
	at org.apache.maven.surefire.junitplatform.JUnitPlatformProvider.invoke(JUnitPlatformProvider.java:124)
	at org.apache.maven.surefire.booter.ForkedBooter.runSuitesInProcess(ForkedBooter.java:428)
	at org.apache.maven.surefire.booter.ForkedBooter.execute(ForkedBooter.java:162)
	at org.apache.maven.surefire.booter.ForkedBooter.run(ForkedBooter.java:562)
	at org.apache.maven.surefire.booter.ForkedBooter.main(ForkedBooter.java:548)
2023-06-15 10:43:50,912 [main] INFO  ozone.HddsDatanodeService (HddsDatanodeService.java:initializeCertificateClient(399)) - Initializing secure Datanode.
2023-06-15 10:43:50,933 [main] INFO  client.DNCertificateClient (DefaultCertificateClient.java:readCertificateFile(187)) - Added certificate   [0]         Version: 3
         SerialNumber: 1301981
             IssuerDN: CN=localhost,OU=test,O=cluster
           Start Date: Thu Jun 15 10:43:50 UTC 2023
           Final Date: Thu Jun 15 10:44:05 UTC 2023
            SubjectDN: CN=localhost,OU=test,O=cluster
           Public Key: RSA Public Key [67:56:c7:d7:59:b2:ea:48:50:12:2e:c9:f8:5f:d7:41:ab:23:e3:4a],[56:66:d1:a4]
        modulus: a4f8222cca801deebdf81a7e18f44c3f23e3a508e1200efd39f1c20f3d0539c1504296f91e9f6e69d9a77fff5b85e29852996ce8bdc40d78e5eb99056b62362d464ab3107bcfcbd01167bcc25940435d100fda421da68e7e4ed5fb1bfe894b61108008b13cedbe4fd4434d35e02a9bfc277c537f65ee8dda80f96b9cbb7559fab945be8cadd28fff2fa0c45ddd3f3e85bd8f363e163a8cd4877d6bea43de3d975f2e9fe7234fc79cd1057184ddf3ccb81571d84b6d2e8e432bf397f078c5afb4644f33a7da6d906f5b3f646065bc34dab527e6e4523c53472e4031204cc1e94b0f8e105053ae96d38f4161bcf758f27c0ea5a627361d779d94cacfdec2376e7d
public exponent: 10001

  Signature Algorithm: SHA256WITHRSA
            Signature: 68cc7f03b747807301ffc010242d4c42ccc69400
                       35219f97485ef37fed10ab6fbdf834e768fd0f4a
                       56efb4ca6b91345446bf3db5d7330446982b2f7b
                       5db862841dde621023a17303414a5569263dbf80
                       a7b34d64df4836013d2a9fd89ccf2537b1a8a23f
                       592709596168d77afe2fbc812f2c796c88286eaa
                       3bbe1e2e866cd4777c492e710421df9dda64d239
                       2ea034ccd851942a1a9103f465668d0a7fdf51ff
                       12e41d85de43a2e1bcd7629cbe60637c53a361ff
                       e4e60427055e341d3515a75d036dbff6a83ecbcf
                       3666bda2473d228b75e764f426557b452b547e52
                       106c0348f1053b28c3f7d34d24cb6e00df382124
                       ef66956b6aec3fbb98a699f1cd792768
 from file: /home/runner/work/ozone/ozone/hadoop-hdds/container-service/target/test-dir/33pMwKJKy1/dn/certs/certificate.crt.
2023-06-15 10:43:50,950 [main] INFO  client.DNCertificateClient (DefaultCertificateClient.java:startCertificateMonitor(1206)) - CertificateLifetimeMonitor for dn is started with first delay 9058 ms and interval 1666 ms.
2023-06-15 10:43:50,951 [main] INFO  client.DNCertificateClient (DefaultCertificateClient.java:init(648)) - Certificate client init case: 1
2023-06-15 10:43:50,951 [main] ERROR client.DNCertificateClient (DefaultCertificateClient.java:handleCase(671)) - Private key not found, while certificate is still present. Delete keypair and try again.
2023-06-15 10:43:50,951 [main] INFO  ozone.HddsDatanodeService (HddsDatanodeService.java:initializeCertificateClient(409)) - Init response: FAILURE
2023-06-15 10:43:50,952 [main] ERROR ozone.HddsDatanodeService (HddsDatanodeService.java:initializeCertificateClient(425)) - DN security initialization failed, case:FAILURE.
]]></system-out>
  </testcase>
  <testcase name="testSecureDnStartupCase2" classname="org.apache.hadoop.ozone.TestHddsSecureDatanodeInit" time="0.012">
    <system-out><![CDATA[2023-06-15 10:43:50,957 [main] WARN  client.DNCertificateClient (DefaultCertificateClient.java:loadAllCertificates(164)) - Component certificate was not loaded.
2023-06-15 10:43:50,958 [main] INFO  ozone.HddsDatanodeService (HddsDatanodeService.java:initializeCertificateClient(399)) - Initializing secure Datanode.
2023-06-15 10:43:50,965 [main] WARN  client.DNCertificateClient (DefaultCertificateClient.java:loadAllCertificates(164)) - Component certificate was not loaded.
2023-06-15 10:43:50,966 [main] INFO  client.DNCertificateClient (DefaultCertificateClient.java:init(648)) - Certificate client init case: 2
2023-06-15 10:43:50,966 [main] ERROR client.DNCertificateClient (DefaultCertificateClient.java:handleCase(675)) - Found public key but private key and certificate missing.
2023-06-15 10:43:50,966 [main] INFO  ozone.HddsDatanodeService (HddsDatanodeService.java:initializeCertificateClient(409)) - Init response: FAILURE
2023-06-15 10:43:50,966 [main] ERROR ozone.HddsDatanodeService (HddsDatanodeService.java:initializeCertificateClient(425)) - DN security initialization failed, case:FAILURE.
2023-06-15 10:43:50,967 [main] WARN  client.DNCertificateClient (DefaultCertificateClient.java:loadAllCertificates(164)) - Component certificate was not loaded.
]]></system-out>
  </testcase>
  <testcase name="testSecureDnStartupCase3" classname="org.apache.hadoop.ozone.TestHddsSecureDatanodeInit" time="0.012">
    <system-out><![CDATA[2023-06-15 10:43:50,969 [main] WARN  client.DNCertificateClient (DefaultCertificateClient.java:loadAllCertificates(164)) - Component certificate was not loaded.
2023-06-15 10:43:50,971 [main] INFO  ozone.HddsDatanodeService (HddsDatanodeService.java:initializeCertificateClient(399)) - Initializing secure Datanode.
2023-06-15 10:43:50,973 [main] INFO  client.DNCertificateClient (DefaultCertificateClient.java:readCertificateFile(187)) - Added certificate   [0]         Version: 3
         SerialNumber: 1301981
             IssuerDN: CN=localhost,OU=test,O=cluster
           Start Date: Thu Jun 15 10:43:50 UTC 2023
           Final Date: Thu Jun 15 10:44:05 UTC 2023
            SubjectDN: CN=localhost,OU=test,O=cluster
           Public Key: RSA Public Key [67:56:c7:d7:59:b2:ea:48:50:12:2e:c9:f8:5f:d7:41:ab:23:e3:4a],[56:66:d1:a4]
        modulus: a4f8222cca801deebdf81a7e18f44c3f23e3a508e1200efd39f1c20f3d0539c1504296f91e9f6e69d9a77fff5b85e29852996ce8bdc40d78e5eb99056b62362d464ab3107bcfcbd01167bcc25940435d100fda421da68e7e4ed5fb1bfe894b61108008b13cedbe4fd4434d35e02a9bfc277c537f65ee8dda80f96b9cbb7559fab945be8cadd28fff2fa0c45ddd3f3e85bd8f363e163a8cd4877d6bea43de3d975f2e9fe7234fc79cd1057184ddf3ccb81571d84b6d2e8e432bf397f078c5afb4644f33a7da6d906f5b3f646065bc34dab527e6e4523c53472e4031204cc1e94b0f8e105053ae96d38f4161bcf758f27c0ea5a627361d779d94cacfdec2376e7d
public exponent: 10001

  Signature Algorithm: SHA256WITHRSA
            Signature: 68cc7f03b747807301ffc010242d4c42ccc69400
                       35219f97485ef37fed10ab6fbdf834e768fd0f4a
                       56efb4ca6b91345446bf3db5d7330446982b2f7b
                       5db862841dde621023a17303414a5569263dbf80
                       a7b34d64df4836013d2a9fd89ccf2537b1a8a23f
                       592709596168d77afe2fbc812f2c796c88286eaa
                       3bbe1e2e866cd4777c492e710421df9dda64d239
                       2ea034ccd851942a1a9103f465668d0a7fdf51ff
                       12e41d85de43a2e1bcd7629cbe60637c53a361ff
                       e4e60427055e341d3515a75d036dbff6a83ecbcf
                       3666bda2473d228b75e764f426557b452b547e52
                       106c0348f1053b28c3f7d34d24cb6e00df382124
                       ef66956b6aec3fbb98a699f1cd792768
 from file: /home/runner/work/ozone/ozone/hadoop-hdds/container-service/target/test-dir/33pMwKJKy1/dn/certs/certificate.crt.
2023-06-15 10:43:50,976 [main] INFO  client.DNCertificateClient (DefaultCertificateClient.java:startCertificateMonitor(1206)) - CertificateLifetimeMonitor for dn is started with first delay 9026 ms and interval 1666 ms.
2023-06-15 10:43:50,977 [main] INFO  client.DNCertificateClient (DefaultCertificateClient.java:init(648)) - Certificate client init case: 3
2023-06-15 10:43:50,977 [main] ERROR client.DNCertificateClient (DefaultCertificateClient.java:handleCase(685)) - Found public key and certificate but private key is missing.
2023-06-15 10:43:50,977 [main] INFO  ozone.HddsDatanodeService (HddsDatanodeService.java:initializeCertificateClient(409)) - Init response: FAILURE
2023-06-15 10:43:50,978 [main] ERROR ozone.HddsDatanodeService (HddsDatanodeService.java:initializeCertificateClient(425)) - DN security initialization failed, case:FAILURE.
]]></system-out>
  </testcase>
  <testcase name="testSecureDnStartupCase4" classname="org.apache.hadoop.ozone.TestHddsSecureDatanodeInit" time="0.009">
    <system-out><![CDATA[2023-06-15 10:43:50,987 [main] WARN  client.DNCertificateClient (DefaultCertificateClient.java:loadAllCertificates(164)) - Component certificate was not loaded.
2023-06-15 10:43:50,988 [main] INFO  ozone.HddsDatanodeService (HddsDatanodeService.java:initializeCertificateClient(399)) - Initializing secure Datanode.
2023-06-15 10:43:50,989 [main] WARN  client.DNCertificateClient (DefaultCertificateClient.java:loadAllCertificates(164)) - Component certificate was not loaded.
2023-06-15 10:43:50,989 [main] INFO  client.DNCertificateClient (DefaultCertificateClient.java:init(648)) - Certificate client init case: 4
2023-06-15 10:43:50,990 [main] INFO  client.DNCertificateClient (DefaultCertificateClient.java:handleCase(679)) - Found private key but public key and certificate is missing.
2023-06-15 10:43:50,990 [main] INFO  ozone.HddsDatanodeService (HddsDatanodeService.java:initializeCertificateClient(409)) - Init response: FAILURE
2023-06-15 10:43:50,990 [main] ERROR ozone.HddsDatanodeService (HddsDatanodeService.java:initializeCertificateClient(425)) - DN security initialization failed, case:FAILURE.
2023-06-15 10:43:50,990 [main] WARN  client.DNCertificateClient (DefaultCertificateClient.java:loadAllCertificates(164)) - Component certificate was not loaded.
]]></system-out>
  </testcase>
  <testcase name="testSecureDnStartupCase5" classname="org.apache.hadoop.ozone.TestHddsSecureDatanodeInit" time="0.018">
    <system-out><![CDATA[2023-06-15 10:43:50,993 [main] WARN  client.DNCertificateClient (DefaultCertificateClient.java:loadAllCertificates(164)) - Component certificate was not loaded.
2023-06-15 10:43:50,995 [main] INFO  ozone.HddsDatanodeService (HddsDatanodeService.java:initializeCertificateClient(399)) - Initializing secure Datanode.
2023-06-15 10:43:50,997 [main] INFO  client.DNCertificateClient (DefaultCertificateClient.java:readCertificateFile(187)) - Added certificate   [0]         Version: 3
         SerialNumber: 1301981
             IssuerDN: CN=localhost,OU=test,O=cluster
           Start Date: Thu Jun 15 10:43:50 UTC 2023
           Final Date: Thu Jun 15 10:44:05 UTC 2023
            SubjectDN: CN=localhost,OU=test,O=cluster
           Public Key: RSA Public Key [67:56:c7:d7:59:b2:ea:48:50:12:2e:c9:f8:5f:d7:41:ab:23:e3:4a],[56:66:d1:a4]
        modulus: a4f8222cca801deebdf81a7e18f44c3f23e3a508e1200efd39f1c20f3d0539c1504296f91e9f6e69d9a77fff5b85e29852996ce8bdc40d78e5eb99056b62362d464ab3107bcfcbd01167bcc25940435d100fda421da68e7e4ed5fb1bfe894b61108008b13cedbe4fd4434d35e02a9bfc277c537f65ee8dda80f96b9cbb7559fab945be8cadd28fff2fa0c45ddd3f3e85bd8f363e163a8cd4877d6bea43de3d975f2e9fe7234fc79cd1057184ddf3ccb81571d84b6d2e8e432bf397f078c5afb4644f33a7da6d906f5b3f646065bc34dab527e6e4523c53472e4031204cc1e94b0f8e105053ae96d38f4161bcf758f27c0ea5a627361d779d94cacfdec2376e7d
public exponent: 10001

  Signature Algorithm: SHA256WITHRSA
            Signature: 68cc7f03b747807301ffc010242d4c42ccc69400
                       35219f97485ef37fed10ab6fbdf834e768fd0f4a
                       56efb4ca6b91345446bf3db5d7330446982b2f7b
                       5db862841dde621023a17303414a5569263dbf80
                       a7b34d64df4836013d2a9fd89ccf2537b1a8a23f
                       592709596168d77afe2fbc812f2c796c88286eaa
                       3bbe1e2e866cd4777c492e710421df9dda64d239
                       2ea034ccd851942a1a9103f465668d0a7fdf51ff
                       12e41d85de43a2e1bcd7629cbe60637c53a361ff
                       e4e60427055e341d3515a75d036dbff6a83ecbcf
                       3666bda2473d228b75e764f426557b452b547e52
                       106c0348f1053b28c3f7d34d24cb6e00df382124
                       ef66956b6aec3fbb98a699f1cd792768
 from file: /home/runner/work/ozone/ozone/hadoop-hdds/container-service/target/test-dir/33pMwKJKy1/dn/certs/certificate.crt.
2023-06-15 10:43:50,998 [main] INFO  client.DNCertificateClient (DefaultCertificateClient.java:startCertificateMonitor(1206)) - CertificateLifetimeMonitor for dn is started with first delay 9002 ms and interval 1666 ms.
2023-06-15 10:43:50,999 [main] INFO  client.DNCertificateClient (DefaultCertificateClient.java:init(648)) - Certificate client init case: 5
2023-06-15 10:43:50,999 [main] INFO  client.DNCertificateClient (DefaultCertificateClient.java:handleCase(689)) - Found private key and certificate but public key missing.
2023-06-15 10:43:51,008 [main] INFO  ozone.HddsDatanodeService (HddsDatanodeService.java:initializeCertificateClient(409)) - Init response: SUCCESS
2023-06-15 10:43:51,009 [main] INFO  ozone.HddsDatanodeService (HddsDatanodeService.java:initializeCertificateClient(412)) - Initialization successful, case:SUCCESS.
]]></system-out>
  </testcase>
  <testcase name="testSecureDnStartupCase6" classname="org.apache.hadoop.ozone.TestHddsSecureDatanodeInit" time="0.018">
    <system-out><![CDATA[2023-06-15 10:43:51,011 [main] WARN  client.DNCertificateClient (DefaultCertificateClient.java:loadAllCertificates(164)) - Component certificate was not loaded.
2023-06-15 10:43:51,013 [main] INFO  ozone.HddsDatanodeService (HddsDatanodeService.java:initializeCertificateClient(399)) - Initializing secure Datanode.
2023-06-15 10:43:51,014 [main] WARN  client.DNCertificateClient (DefaultCertificateClient.java:loadAllCertificates(164)) - Component certificate was not loaded.
2023-06-15 10:43:51,014 [main] INFO  client.DNCertificateClient (DefaultCertificateClient.java:init(648)) - Certificate client init case: 6
2023-06-15 10:43:51,015 [main] INFO  client.DNCertificateClient (DefaultCertificateClient.java:handleCase(698)) - Found private and public key but certificate is missing.
2023-06-15 10:43:51,021 [main] INFO  ozone.HddsDatanodeService (HddsDatanodeService.java:initializeCertificateClient(409)) - Init response: GETCERT
2023-06-15 10:43:51,022 [main] INFO  ozone.OzoneSecurityUtil (OzoneSecurityUtil.java:getValidInetsForCurrentHost(119)) - ip:fe80:0:0:0:6245:bdff:fee3:56fa%eth0 not returned.
2023-06-15 10:43:51,022 [main] INFO  ozone.OzoneSecurityUtil (OzoneSecurityUtil.java:getValidInetsForCurrentHost(116)) - Adding ip:10.1.0.58,host:fv-az74-377.rg1nhevy3x5uhivy2ou0ehszxf.jx.internal.cloudapp.net
2023-06-15 10:43:51,022 [main] INFO  ozone.OzoneSecurityUtil (OzoneSecurityUtil.java:getValidInetsForCurrentHost(119)) - ip:0:0:0:0:0:0:0:1%lo not returned.
2023-06-15 10:43:51,022 [main] INFO  ozone.OzoneSecurityUtil (OzoneSecurityUtil.java:getValidInetsForCurrentHost(119)) - ip:127.0.0.1 not returned.
2023-06-15 10:43:51,023 [main] INFO  client.DNCertificateClient (DNCertificateClient.java:getCSRBuilder(85)) - Created csr for DN-> subject:runner@fv-az74-377.rg1nhevy3x5uhivy2ou0ehszxf.jx.internal.cloudapp.net
2023-06-15 10:43:51,028 [main] WARN  client.DNCertificateClient (DefaultCertificateClient.java:loadAllCertificates(164)) - Component certificate was not loaded.
]]></system-out>
  </testcase>
  <testcase name="testSecureDnStartupCase7" classname="org.apache.hadoop.ozone.TestHddsSecureDatanodeInit" time="0.018">
    <system-out><![CDATA[2023-06-15 10:43:51,030 [main] WARN  client.DNCertificateClient (DefaultCertificateClient.java:loadAllCertificates(164)) - Component certificate was not loaded.
2023-06-15 10:43:51,032 [main] INFO  ozone.HddsDatanodeService (HddsDatanodeService.java:initializeCertificateClient(399)) - Initializing secure Datanode.
2023-06-15 10:43:51,035 [main] INFO  client.DNCertificateClient (DefaultCertificateClient.java:readCertificateFile(187)) - Added certificate   [0]         Version: 3
         SerialNumber: 1301981
             IssuerDN: CN=localhost,OU=test,O=cluster
           Start Date: Thu Jun 15 10:43:50 UTC 2023
           Final Date: Thu Jun 15 10:44:05 UTC 2023
            SubjectDN: CN=localhost,OU=test,O=cluster
           Public Key: RSA Public Key [67:56:c7:d7:59:b2:ea:48:50:12:2e:c9:f8:5f:d7:41:ab:23:e3:4a],[56:66:d1:a4]
        modulus: a4f8222cca801deebdf81a7e18f44c3f23e3a508e1200efd39f1c20f3d0539c1504296f91e9f6e69d9a77fff5b85e29852996ce8bdc40d78e5eb99056b62362d464ab3107bcfcbd01167bcc25940435d100fda421da68e7e4ed5fb1bfe894b61108008b13cedbe4fd4434d35e02a9bfc277c537f65ee8dda80f96b9cbb7559fab945be8cadd28fff2fa0c45ddd3f3e85bd8f363e163a8cd4877d6bea43de3d975f2e9fe7234fc79cd1057184ddf3ccb81571d84b6d2e8e432bf397f078c5afb4644f33a7da6d906f5b3f646065bc34dab527e6e4523c53472e4031204cc1e94b0f8e105053ae96d38f4161bcf758f27c0ea5a627361d779d94cacfdec2376e7d
public exponent: 10001

  Signature Algorithm: SHA256WITHRSA
            Signature: 68cc7f03b747807301ffc010242d4c42ccc69400
                       35219f97485ef37fed10ab6fbdf834e768fd0f4a
                       56efb4ca6b91345446bf3db5d7330446982b2f7b
                       5db862841dde621023a17303414a5569263dbf80
                       a7b34d64df4836013d2a9fd89ccf2537b1a8a23f
                       592709596168d77afe2fbc812f2c796c88286eaa
                       3bbe1e2e866cd4777c492e710421df9dda64d239
                       2ea034ccd851942a1a9103f465668d0a7fdf51ff
                       12e41d85de43a2e1bcd7629cbe60637c53a361ff
                       e4e60427055e341d3515a75d036dbff6a83ecbcf
                       3666bda2473d228b75e764f426557b452b547e52
                       106c0348f1053b28c3f7d34d24cb6e00df382124
                       ef66956b6aec3fbb98a699f1cd792768
 from file: /home/runner/work/ozone/ozone/hadoop-hdds/container-service/target/test-dir/33pMwKJKy1/dn/certs/certificate.crt.
2023-06-15 10:43:51,035 [main] INFO  client.DNCertificateClient (DefaultCertificateClient.java:startCertificateMonitor(1206)) - CertificateLifetimeMonitor for dn is started with first delay 8965 ms and interval 1666 ms.
2023-06-15 10:43:51,036 [main] INFO  client.DNCertificateClient (DefaultCertificateClient.java:init(648)) - Certificate client init case: 7
2023-06-15 10:43:51,036 [main] INFO  client.DNCertificateClient (DefaultCertificateClient.java:handleCase(707)) - Found certificate file along with KeyPair.
2023-06-15 10:43:51,042 [main] INFO  client.DNCertificateClient (DefaultCertificateClient.java:validateKeyPairAndCertificate(746)) - Keypair validated.
2023-06-15 10:43:51,046 [main] INFO  client.DNCertificateClient (DefaultCertificateClient.java:validateKeyPairAndCertificate(749)) - Keypair validated with certificate.
2023-06-15 10:43:51,047 [main] INFO  ozone.HddsDatanodeService (HddsDatanodeService.java:initializeCertificateClient(409)) - Init response: SUCCESS
2023-06-15 10:43:51,047 [main] INFO  ozone.HddsDatanodeService (HddsDatanodeService.java:initializeCertificateClient(412)) - Initialization successful, case:SUCCESS.
]]></system-out>
  </testcase>
  <testcase name="testCertificateRotation" classname="org.apache.hadoop.ozone.TestHddsSecureDatanodeInit" time="17.683">
    <system-out><![CDATA[2023-06-15 10:43:51,050 [main] WARN  client.DNCertificateClient (DefaultCertificateClient.java:loadAllCertificates(164)) - Component certificate was not loaded.
2023-06-15 10:43:52,489 [main] INFO  utils.SelfSignedCertificate (SelfSignedCertificate.java:generateCertificate(158)) - Certificate 1304403 is issued by CN=localhost,OU=test,O=cluster to CN=localhost,OU=test,O=cluster, valid from Thu Jun 15 10:43:57 UTC 2023 to Thu Jun 15 10:44:12 UTC 2023
2023-06-15 10:43:52,678 [main] INFO  client.DNCertificateClient (DefaultCertificateClient.java:readCertificateFile(187)) - Added certificate   [0]         Version: 3
         SerialNumber: 1301981
             IssuerDN: CN=localhost,OU=test,O=cluster
           Start Date: Thu Jun 15 10:43:50 UTC 2023
           Final Date: Thu Jun 15 10:44:05 UTC 2023
            SubjectDN: CN=localhost,OU=test,O=cluster
           Public Key: RSA Public Key [67:56:c7:d7:59:b2:ea:48:50:12:2e:c9:f8:5f:d7:41:ab:23:e3:4a],[56:66:d1:a4]
        modulus: a4f8222cca801deebdf81a7e18f44c3f23e3a508e1200efd39f1c20f3d0539c1504296f91e9f6e69d9a77fff5b85e29852996ce8bdc40d78e5eb99056b62362d464ab3107bcfcbd01167bcc25940435d100fda421da68e7e4ed5fb1bfe894b61108008b13cedbe4fd4434d35e02a9bfc277c537f65ee8dda80f96b9cbb7559fab945be8cadd28fff2fa0c45ddd3f3e85bd8f363e163a8cd4877d6bea43de3d975f2e9fe7234fc79cd1057184ddf3ccb81571d84b6d2e8e432bf397f078c5afb4644f33a7da6d906f5b3f646065bc34dab527e6e4523c53472e4031204cc1e94b0f8e105053ae96d38f4161bcf758f27c0ea5a627361d779d94cacfdec2376e7d
public exponent: 10001

  Signature Algorithm: SHA256WITHRSA
            Signature: 68cc7f03b747807301ffc010242d4c42ccc69400
                       35219f97485ef37fed10ab6fbdf834e768fd0f4a
                       56efb4ca6b91345446bf3db5d7330446982b2f7b
                       5db862841dde621023a17303414a5569263dbf80
                       a7b34d64df4836013d2a9fd89ccf2537b1a8a23f
                       592709596168d77afe2fbc812f2c796c88286eaa
                       3bbe1e2e866cd4777c492e710421df9dda64d239
                       2ea034ccd851942a1a9103f465668d0a7fdf51ff
                       12e41d85de43a2e1bcd7629cbe60637c53a361ff
                       e4e60427055e341d3515a75d036dbff6a83ecbcf
                       3666bda2473d228b75e764f426557b452b547e52
                       106c0348f1053b28c3f7d34d24cb6e00df382124
                       ef66956b6aec3fbb98a699f1cd792768
 from file: /home/runner/work/ozone/ozone/hadoop-hdds/container-service/target/test-dir/33pMwKJKy1/dn/certs/certificate.crt.
2023-06-15 10:43:52,679 [main] INFO  client.DNCertificateClient (DefaultCertificateClient.java:startCertificateMonitor(1206)) - CertificateLifetimeMonitor for dn is started with first delay 7321 ms and interval 1666 ms.
2023-06-15 10:43:52,680 [main] INFO  client.DNCertificateClient (DefaultCertificateClient.java:startCertificateMonitor(1206)) - CertificateLifetimeMonitor for dn is started with first delay 7320 ms and interval 1666 ms.
2023-06-15 10:44:00,001 [dn-CertificateLifetimeMonitor] INFO  client.DNCertificateClient (DefaultCertificateClient.java:run(1236)) - Current certificate has entered the expiry grace period PT0S. Starting renew key and certs.
2023-06-15 10:44:00,304 [dn-CertificateLifetimeMonitor] INFO  ozone.OzoneSecurityUtil (OzoneSecurityUtil.java:getValidInetsForCurrentHost(119)) - ip:fe80:0:0:0:6245:bdff:fee3:56fa%eth0 not returned.
2023-06-15 10:44:00,306 [dn-CertificateLifetimeMonitor] INFO  ozone.OzoneSecurityUtil (OzoneSecurityUtil.java:getValidInetsForCurrentHost(116)) - Adding ip:10.1.0.58,host:fv-az74-377.rg1nhevy3x5uhivy2ou0ehszxf.jx.internal.cloudapp.net
2023-06-15 10:44:00,308 [dn-CertificateLifetimeMonitor] INFO  ozone.OzoneSecurityUtil (OzoneSecurityUtil.java:getValidInetsForCurrentHost(119)) - ip:0:0:0:0:0:0:0:1%lo not returned.
2023-06-15 10:44:00,308 [dn-CertificateLifetimeMonitor] INFO  ozone.OzoneSecurityUtil (OzoneSecurityUtil.java:getValidInetsForCurrentHost(119)) - ip:127.0.0.1 not returned.
2023-06-15 10:44:00,310 [dn-CertificateLifetimeMonitor] INFO  client.DNCertificateClient (DNCertificateClient.java:getCSRBuilder(85)) - Created csr for DN-> subject:runner@fv-az74-377.rg1nhevy3x5uhivy2ou0ehszxf.jx.internal.cloudapp.net
2023-06-15 10:44:00,400 [dn-CertificateLifetimeMonitor] INFO  client.DNCertificateClient (DefaultCertificateClient.java:renewAndStoreKeyAndCertificate(1068)) - Successful renew key and certificate. New certificate 1304403.
2023-06-15 10:44:00,403 [dn-CertificateLifetimeMonitor] INFO  client.DNCertificateClient (DefaultCertificateClient.java:readCertificateFile(187)) - Added certificate   [0]         Version: 3
         SerialNumber: 1304403
             IssuerDN: CN=localhost,OU=test,O=cluster
           Start Date: Thu Jun 15 10:43:57 UTC 2023
           Final Date: Thu Jun 15 10:44:12 UTC 2023
            SubjectDN: CN=localhost,OU=test,O=cluster
           Public Key: RSA Public Key [63:1f:e2:24:76:ab:0b:7d:58:a0:2c:f6:36:90:55:98:f8:09:9b:e8],[56:66:d1:a4]
        modulus: adfa80626f663b0365b1ce12bb13b637fe9bab2ef258b52c1192949ee9bed85a3bc923fe365caf1e07cebed064b2c223fbb75f91b3078272edc21586f7241fa37c66000a0759ba07af59dc0691cddadb2d69f71ec4e6b3239fb8aebe89b048701fc532d4fecbb00074203ffb229c7d7551b586b18c89915eb3a692816c7bdb63
public exponent: 10001

  Signature Algorithm: SHA256WITHRSA
            Signature: 9d479757c1f54db0fb1cb0c50d945d0831e3f905
                       0e4d5466addc6b58f86d7b7f05eb45689c639f03
                       fc7ad29532846ef881cffbee9f442ca0d1f1ddf3
                       8c4f6e86c33633fda1f1dc19b559e5b03519127b
                       6775d8fbeaca35e2fc25cd8229e2c0debe066cd7
                       d5ec4fc8f295b1f74697975ecc8918353014fba0
                       2aef7edb4a5bc6f3
 from file: /home/runner/work/ozone/ozone/hadoop-hdds/container-service/target/test-dir/33pMwKJKy1/dn/certs/CA-1304403.crt.
2023-06-15 10:44:00,404 [dn-CertificateLifetimeMonitor] INFO  client.DNCertificateClient (DefaultCertificateClient.java:readCertificateFile(187)) - Added certificate   [0]         Version: 3
         SerialNumber: 1304403
             IssuerDN: CN=localhost,OU=test,O=cluster
           Start Date: Thu Jun 15 10:43:57 UTC 2023
           Final Date: Thu Jun 15 10:44:12 UTC 2023
            SubjectDN: CN=localhost,OU=test,O=cluster
           Public Key: RSA Public Key [63:1f:e2:24:76:ab:0b:7d:58:a0:2c:f6:36:90:55:98:f8:09:9b:e8],[56:66:d1:a4]
        modulus: adfa80626f663b0365b1ce12bb13b637fe9bab2ef258b52c1192949ee9bed85a3bc923fe365caf1e07cebed064b2c223fbb75f91b3078272edc21586f7241fa37c66000a0759ba07af59dc0691cddadb2d69f71ec4e6b3239fb8aebe89b048701fc532d4fecbb00074203ffb229c7d7551b586b18c89915eb3a692816c7bdb63
public exponent: 10001

  Signature Algorithm: SHA256WITHRSA
            Signature: 9d479757c1f54db0fb1cb0c50d945d0831e3f905
                       0e4d5466addc6b58f86d7b7f05eb45689c639f03
                       fc7ad29532846ef881cffbee9f442ca0d1f1ddf3
                       8c4f6e86c33633fda1f1dc19b559e5b03519127b
                       6775d8fbeaca35e2fc25cd8229e2c0debe066cd7
                       d5ec4fc8f295b1f74697975ecc8918353014fba0
                       2aef7edb4a5bc6f3
 from file: /home/runner/work/ozone/ozone/hadoop-hdds/container-service/target/test-dir/33pMwKJKy1/dn/certs/ROOTCA-1304403.crt.
2023-06-15 10:44:00,419 [dn-CertificateLifetimeMonitor] INFO  client.DNCertificateClient (DefaultCertificateClient.java:readCertificateFile(187)) - Added certificate   [0]         Version: 3
         SerialNumber: 1304403
             IssuerDN: CN=localhost,OU=test,O=cluster
           Start Date: Thu Jun 15 10:43:57 UTC 2023
           Final Date: Thu Jun 15 10:44:12 UTC 2023
            SubjectDN: CN=localhost,OU=test,O=cluster
           Public Key: RSA Public Key [63:1f:e2:24:76:ab:0b:7d:58:a0:2c:f6:36:90:55:98:f8:09:9b:e8],[56:66:d1:a4]
        modulus: adfa80626f663b0365b1ce12bb13b637fe9bab2ef258b52c1192949ee9bed85a3bc923fe365caf1e07cebed064b2c223fbb75f91b3078272edc21586f7241fa37c66000a0759ba07af59dc0691cddadb2d69f71ec4e6b3239fb8aebe89b048701fc532d4fecbb00074203ffb229c7d7551b586b18c89915eb3a692816c7bdb63
public exponent: 10001

  Signature Algorithm: SHA256WITHRSA
            Signature: 9d479757c1f54db0fb1cb0c50d945d0831e3f905
                       0e4d5466addc6b58f86d7b7f05eb45689c639f03
                       fc7ad29532846ef881cffbee9f442ca0d1f1ddf3
                       8c4f6e86c33633fda1f1dc19b559e5b03519127b
                       6775d8fbeaca35e2fc25cd8229e2c0debe066cd7
                       d5ec4fc8f295b1f74697975ecc8918353014fba0
                       2aef7edb4a5bc6f3
 from file: /home/runner/work/ozone/ozone/hadoop-hdds/container-service/target/test-dir/33pMwKJKy1/dn/certs/1304403.crt.
2023-06-15 10:44:00,420 [dn-CertificateLifetimeMonitor] INFO  client.DNCertificateClient (DefaultCertificateClient.java:reloadKeyAndCertificate(1139)) - Reset and reload key and all certificates.
2023-06-15 10:44:00,719 [main] INFO  utils.SelfSignedCertificate (SelfSignedCertificate.java:generateCertificate(158)) - Certificate 1312646 is issued by CN=localhost,OU=test,O=cluster to CN=localhost,OU=test,O=cluster, valid from Thu Jun 15 10:44:00 UTC 2023 to Thu Jun 15 10:44:15 UTC 2023
2023-06-15 10:44:08,330 [dn-CertificateLifetimeMonitor] INFO  client.DNCertificateClient (DefaultCertificateClient.java:run(1236)) - Current certificate has entered the expiry grace period PT0S. Starting renew key and certs.
2023-06-15 10:44:08,543 [dn-CertificateLifetimeMonitor] INFO  ozone.OzoneSecurityUtil (OzoneSecurityUtil.java:getValidInetsForCurrentHost(119)) - ip:fe80:0:0:0:6245:bdff:fee3:56fa%eth0 not returned.
2023-06-15 10:44:08,543 [dn-CertificateLifetimeMonitor] INFO  ozone.OzoneSecurityUtil (OzoneSecurityUtil.java:getValidInetsForCurrentHost(116)) - Adding ip:10.1.0.58,host:fv-az74-377.rg1nhevy3x5uhivy2ou0ehszxf.jx.internal.cloudapp.net
2023-06-15 10:44:08,543 [dn-CertificateLifetimeMonitor] INFO  ozone.OzoneSecurityUtil (OzoneSecurityUtil.java:getValidInetsForCurrentHost(119)) - ip:0:0:0:0:0:0:0:1%lo not returned.
2023-06-15 10:44:08,544 [dn-CertificateLifetimeMonitor] INFO  ozone.OzoneSecurityUtil (OzoneSecurityUtil.java:getValidInetsForCurrentHost(119)) - ip:127.0.0.1 not returned.
2023-06-15 10:44:08,545 [dn-CertificateLifetimeMonitor] INFO  client.DNCertificateClient (DNCertificateClient.java:getCSRBuilder(85)) - Created csr for DN-> subject:runner@fv-az74-377.rg1nhevy3x5uhivy2ou0ehszxf.jx.internal.cloudapp.net
2023-06-15 10:44:08,561 [dn-CertificateLifetimeMonitor] INFO  client.DNCertificateClient (DefaultCertificateClient.java:renewAndStoreKeyAndCertificate(1068)) - Successful renew key and certificate. New certificate 1312646.
2023-06-15 10:44:08,565 [dn-CertificateLifetimeMonitor] INFO  client.DNCertificateClient (DefaultCertificateClient.java:readCertificateFile(187)) - Added certificate   [0]         Version: 3
         SerialNumber: 1312646
             IssuerDN: CN=localhost,OU=test,O=cluster
           Start Date: Thu Jun 15 10:44:00 UTC 2023
           Final Date: Thu Jun 15 10:44:15 UTC 2023
            SubjectDN: CN=localhost,OU=test,O=cluster
           Public Key: RSA Public Key [38:62:e0:9c:40:10:b4:4e:fa:b6:36:03:72:46:b6:d2:46:d9:ca:89],[56:66:d1:a4]
        modulus: be3c950ee7b09261ab2bb514c7803ed61d32b07b96440060db11d0e4b9f64121f398682b85092971e86088c306a5f849a0502b6f09d9ecfe5baf5ac4d838a94c3b440a1b35b3da929aced6214d6064ea4585fe90c1fa4bdb34f8cb01004009301322b92cd0a5a35f43869aa4e582db1e6f8f4bd147b5fb23b2aadd699a4cd8c3
public exponent: 10001

  Signature Algorithm: SHA256WITHRSA
            Signature: 4ab009a5a7ff9090c6a36bb0a8a45158361c6065
                       ab5b05578a92d34eb5d5cd1d4abf15b70000d0e6
[...]
	at org.apache.hadoop.hdds.security.x509.certificate.client.DefaultCertificateClient.renewAndStoreKeyAndCertificate(DefaultCertificateClient.java:992)
	at org.apache.hadoop.hdds.security.x509.certificate.client.DefaultCertificateClient$CertificateLifetimeMonitor.run(DefaultCertificateClient.java:1239)
	at java.util.concurrent.Executors$RunnableAdapter.call(Executors.java:511)
	at java.util.concurrent.FutureTask.runAndReset(FutureTask.java:308)
	at java.util.concurrent.ScheduledThreadPoolExecutor$ScheduledFutureTask.access$301(ScheduledThreadPoolExecutor.java:180)
	at java.util.concurrent.ScheduledThreadPoolExecutor$ScheduledFutureTask.run(ScheduledThreadPoolExecutor.java:294)
	at java.util.concurrent.ThreadPoolExecutor.runWorker(ThreadPoolExecutor.java:1149)
	at java.util.concurrent.ThreadPoolExecutor$Worker.run(ThreadPoolExecutor.java:624)
	at java.lang.Thread.run(Thread.java:750)
Caused by: org.apache.hadoop.hdds.security.x509.exception.CertificateException: Error while signing and storing SCM signed certificate.
	at org.apache.hadoop.hdds.security.x509.certificate.client.DNCertificateClient.signAndStoreCertificate(DNCertificateClient.java:131)
	at org.apache.hadoop.hdds.security.x509.certificate.client.DefaultCertificateClient.renewAndStoreKeyAndCertificate(DefaultCertificateClient.java:989)
	... 8 more
Caused by: org.apache.hadoop.hdds.security.x509.exception.CertificateException: Unable to retrieve datanode certificate chain.
	at org.apache.hadoop.hdds.security.x509.certificate.client.DNCertificateClient.signAndStoreCertificate(DNCertificateClient.java:126)
	... 9 more
2023-06-15 10:44:35,466 [dn-CertificateLifetimeMonitor] INFO  client.DNCertificateClient (DefaultCertificateClient.java:run(1236)) - Current certificate has entered the expiry grace period PT0S. Starting renew key and certs.
2023-06-15 10:44:36,015 [dn-CertificateLifetimeMonitor] INFO  ozone.OzoneSecurityUtil (OzoneSecurityUtil.java:getValidInetsForCurrentHost(119)) - ip:fe80:0:0:0:6245:bdff:fee3:56fa%eth0 not returned.
2023-06-15 10:44:36,015 [dn-CertificateLifetimeMonitor] INFO  ozone.OzoneSecurityUtil (OzoneSecurityUtil.java:getValidInetsForCurrentHost(116)) - Adding ip:10.1.0.58,host:fv-az74-377.rg1nhevy3x5uhivy2ou0ehszxf.jx.internal.cloudapp.net
2023-06-15 10:44:36,016 [dn-CertificateLifetimeMonitor] INFO  ozone.OzoneSecurityUtil (OzoneSecurityUtil.java:getValidInetsForCurrentHost(119)) - ip:0:0:0:0:0:0:0:1%lo not returned.
2023-06-15 10:44:36,016 [dn-CertificateLifetimeMonitor] INFO  ozone.OzoneSecurityUtil (OzoneSecurityUtil.java:getValidInetsForCurrentHost(119)) - ip:127.0.0.1 not returned.
2023-06-15 10:44:36,016 [dn-CertificateLifetimeMonitor] INFO  client.DNCertificateClient (DNCertificateClient.java:getCSRBuilder(85)) - Created csr for DN-> subject:runner@fv-az74-377.rg1nhevy3x5uhivy2ou0ehszxf.jx.internal.cloudapp.net
2023-06-15 10:44:36,019 [dn-CertificateLifetimeMonitor] ERROR client.DNCertificateClient (DNCertificateClient.java:signAndStoreCertificate(130)) - Error while signing and storing SCM signed certificate.
org.apache.hadoop.hdds.security.x509.exception.CertificateException: Unable to retrieve datanode certificate chain.
	at org.apache.hadoop.hdds.security.x509.certificate.client.DNCertificateClient.signAndStoreCertificate(DNCertificateClient.java:126)
	at org.apache.hadoop.hdds.security.x509.certificate.client.DefaultCertificateClient.renewAndStoreKeyAndCertificate(DefaultCertificateClient.java:989)
	at org.apache.hadoop.hdds.security.x509.certificate.client.DefaultCertificateClient$CertificateLifetimeMonitor.run(DefaultCertificateClient.java:1239)
	at java.util.concurrent.Executors$RunnableAdapter.call(Executors.java:511)
	at java.util.concurrent.FutureTask.runAndReset(FutureTask.java:308)
	at java.util.concurrent.ScheduledThreadPoolExecutor$ScheduledFutureTask.access$301(ScheduledThreadPoolExecutor.java:180)
	at java.util.concurrent.ScheduledThreadPoolExecutor$ScheduledFutureTask.run(ScheduledThreadPoolExecutor.java:294)
	at java.util.concurrent.ThreadPoolExecutor.runWorker(ThreadPoolExecutor.java:1149)
	at java.util.concurrent.ThreadPoolExecutor$Worker.run(ThreadPoolExecutor.java:624)
	at java.lang.Thread.run(Thread.java:750)
2023-06-15 10:44:36,019 [dn-CertificateLifetimeMonitor] ERROR client.DNCertificateClient (DefaultCertificateClient.java:run(1249)) - Failed to renew and store key and cert. Keep using existing certificates.
org.apache.hadoop.hdds.security.x509.exception.CertificateException: Error while signing and storing new certificates.
	at org.apache.hadoop.hdds.security.x509.certificate.client.DefaultCertificateClient.renewAndStoreKeyAndCertificate(DefaultCertificateClient.java:992)
	at org.apache.hadoop.hdds.security.x509.certificate.client.DefaultCertificateClient$CertificateLifetimeMonitor.run(DefaultCertificateClient.java:1239)
	at java.util.concurrent.Executors$RunnableAdapter.call(Executors.java:511)
	at java.util.concurrent.FutureTask.runAndReset(FutureTask.java:308)
	at java.util.concurrent.ScheduledThreadPoolExecutor$ScheduledFutureTask.access$301(ScheduledThreadPoolExecutor.java:180)
	at java.util.concurrent.ScheduledThreadPoolExecutor$ScheduledFutureTask.run(ScheduledThreadPoolExecutor.java:294)
	at java.util.concurrent.ThreadPoolExecutor.runWorker(ThreadPoolExecutor.java:1149)
	at java.util.concurrent.ThreadPoolExecutor$Worker.run(ThreadPoolExecutor.java:624)
	at java.lang.Thread.run(Thread.java:750)
Caused by: org.apache.hadoop.hdds.security.x509.exception.CertificateException: Error while signing and storing SCM signed certificate.
	at org.apache.hadoop.hdds.security.x509.certificate.client.DNCertificateClient.signAndStoreCertificate(DNCertificateClient.java:131)
	at org.apache.hadoop.hdds.security.x509.certificate.client.DefaultCertificateClient.renewAndStoreKeyAndCertificate(DefaultCertificateClient.java:989)
	... 8 more
Caused by: org.apache.hadoop.hdds.security.x509.exception.CertificateException: Unable to retrieve datanode certificate chain.
	at org.apache.hadoop.hdds.security.x509.certificate.client.DNCertificateClient.signAndStoreCertificate(DNCertificateClient.java:126)
	... 9 more
2023-06-15 10:44:36,020 [dn-CertificateLifetimeMonitor] INFO  client.DNCertificateClient (DefaultCertificateClient.java:run(1236)) - Current certificate has entered the expiry grace period PT0S. Starting renew key and certs.
2023-06-15 10:44:36,215 [dn-CertificateLifetimeMonitor] INFO  ozone.OzoneSecurityUtil (OzoneSecurityUtil.java:getValidInetsForCurrentHost(119)) - ip:fe80:0:0:0:6245:bdff:fee3:56fa%eth0 not returned.
2023-06-15 10:44:36,215 [dn-CertificateLifetimeMonitor] INFO  ozone.OzoneSecurityUtil (OzoneSecurityUtil.java:getValidInetsForCurrentHost(116)) - Adding ip:10.1.0.58,host:fv-az74-377.rg1nhevy3x5uhivy2ou0ehszxf.jx.internal.cloudapp.net
2023-06-15 10:44:36,215 [dn-CertificateLifetimeMonitor] INFO  ozone.OzoneSecurityUtil (OzoneSecurityUtil.java:getValidInetsForCurrentHost(119)) - ip:0:0:0:0:0:0:0:1%lo not returned.
2023-06-15 10:44:36,215 [dn-CertificateLifetimeMonitor] INFO  ozone.OzoneSecurityUtil (OzoneSecurityUtil.java:getValidInetsForCurrentHost(119)) - ip:127.0.0.1 not returned.
2023-06-15 10:44:36,216 [dn-CertificateLifetimeMonitor] INFO  client.DNCertificateClient (DNCertificateClient.java:getCSRBuilder(85)) - Created csr for DN-> subject:runner@fv-az74-377.rg1nhevy3x5uhivy2ou0ehszxf.jx.internal.cloudapp.net
2023-06-15 10:44:36,219 [dn-CertificateLifetimeMonitor] ERROR client.DNCertificateClient (DNCertificateClient.java:signAndStoreCertificate(130)) - Error while signing and storing SCM signed certificate.
org.apache.hadoop.hdds.security.x509.exception.CertificateException: Unable to retrieve datanode certificate chain.
	at org.apache.hadoop.hdds.security.x509.certificate.client.DNCertificateClient.signAndStoreCertificate(DNCertificateClient.java:126)
	at org.apache.hadoop.hdds.security.x509.certificate.client.DefaultCertificateClient.renewAndStoreKeyAndCertificate(DefaultCertificateClient.java:989)
	at org.apache.hadoop.hdds.security.x509.certificate.client.DefaultCertificateClient$CertificateLifetimeMonitor.run(DefaultCertificateClient.java:1239)
	at java.util.concurrent.Executors$RunnableAdapter.call(Executors.java:511)
	at java.util.concurrent.FutureTask.runAndReset(FutureTask.java:308)
	at java.util.concurrent.ScheduledThreadPoolExecutor$ScheduledFutureTask.access$301(ScheduledThreadPoolExecutor.java:180)
	at java.util.concurrent.ScheduledThreadPoolExecutor$ScheduledFutureTask.run(ScheduledThreadPoolExecutor.java:294)
	at java.util.concurrent.ThreadPoolExecutor.runWorker(ThreadPoolExecutor.java:1149)
	at java.util.concurrent.ThreadPoolExecutor$Worker.run(ThreadPoolExecutor.java:624)
	at java.lang.Thread.run(Thread.java:750)
2023-06-15 10:44:36,219 [dn-CertificateLifetimeMonitor] ERROR client.DNCertificateClient (DefaultCertificateClient.java:run(1249)) - Failed to renew and store key and cert. Keep using existing certificates.
org.apache.hadoop.hdds.security.x509.exception.CertificateException: Error while signing and storing new certificates.
	at org.apache.hadoop.hdds.security.x509.certificate.client.DefaultCertificateClient.renewAndStoreKeyAndCertificate(DefaultCertificateClient.java:992)
	at org.apache.hadoop.hdds.security.x509.certificate.client.DefaultCertificateClient$CertificateLifetimeMonitor.run(DefaultCertificateClient.java:1239)
	at java.util.concurrent.Executors$RunnableAdapter.call(Executors.java:511)
	at java.util.concurrent.FutureTask.runAndReset(FutureTask.java:308)
	at java.util.concurrent.ScheduledThreadPoolExecutor$ScheduledFutureTask.access$301(ScheduledThreadPoolExecutor.java:180)
	at java.util.concurrent.ScheduledThreadPoolExecutor$ScheduledFutureTask.run(ScheduledThreadPoolExecutor.java:294)
	at java.util.concurrent.ThreadPoolExecutor.runWorker(ThreadPoolExecutor.java:1149)
	at java.util.concurrent.ThreadPoolExecutor$Worker.run(ThreadPoolExecutor.java:624)
	at java.lang.Thread.run(Thread.java:750)
Caused by: org.apache.hadoop.hdds.security.x509.exception.CertificateException: Error while signing and storing SCM signed certificate.
	at org.apache.hadoop.hdds.security.x509.certificate.client.DNCertificateClient.signAndStoreCertificate(DNCertificateClient.java:131)
	at org.apache.hadoop.hdds.security.x509.certificate.client.DefaultCertificateClient.renewAndStoreKeyAndCertificate(DefaultCertificateClient.java:989)
	... 8 more
Caused by: org.apache.hadoop.hdds.security.x509.exception.CertificateException: Unable to retrieve datanode certificate chain.
	at org.apache.hadoop.hdds.security.x509.certificate.client.DNCertificateClient.signAndStoreCertificate(DNCertificateClient.java:126)
	... 9 more
2023-06-15 10:44:37,132 [dn-CertificateLifetimeMonitor] INFO  client.DNCertificateClient (DefaultCertificateClient.java:run(1236)) - Current certificate has entered the expiry grace period PT0S. Starting renew key and certs.
2023-06-15 10:44:37,364 [dn-CertificateLifetimeMonitor] INFO  ozone.OzoneSecurityUtil (OzoneSecurityUtil.java:getValidInetsForCurrentHost(119)) - ip:fe80:0:0:0:6245:bdff:fee3:56fa%eth0 not returned.
2023-06-15 10:44:37,364 [dn-CertificateLifetimeMonitor] INFO  ozone.OzoneSecurityUtil (OzoneSecurityUtil.java:getValidInetsForCurrentHost(116)) - Adding ip:10.1.0.58,host:fv-az74-377.rg1nhevy3x5uhivy2ou0ehszxf.jx.internal.cloudapp.net
2023-06-15 10:44:37,364 [dn-CertificateLifetimeMonitor] INFO  ozone.OzoneSecurityUtil (OzoneSecurityUtil.java:getValidInetsForCurrentHost(119)) - ip:0:0:0:0:0:0:0:1%lo not returned.
2023-06-15 10:44:37,365 [dn-CertificateLifetimeMonitor] INFO  ozone.OzoneSecurityUtil (OzoneSecurityUtil.java:getValidInetsForCurrentHost(119)) - ip:127.0.0.1 not returned.
2023-06-15 10:44:37,365 [dn-CertificateLifetimeMonitor] INFO  client.DNCertificateClient (DNCertificateClient.java:getCSRBuilder(85)) - Created csr for DN-> subject:runner@fv-az74-377.rg1nhevy3x5uhivy2ou0ehszxf.jx.internal.cloudapp.net
2023-06-15 10:44:37,368 [dn-CertificateLifetimeMonitor] ERROR client.DNCertificateClient (DNCertificateClient.java:signAndStoreCertificate(130)) - Error while signing and storing SCM signed certificate.
org.apache.hadoop.hdds.security.x509.exception.CertificateException: Unable to retrieve datanode certificate chain.
	at org.apache.hadoop.hdds.security.x509.certificate.client.DNCertificateClient.signAndStoreCertificate(DNCertificateClient.java:126)
	at org.apache.hadoop.hdds.security.x509.certificate.client.DefaultCertificateClient.renewAndStoreKeyAndCertificate(DefaultCertificateClient.java:989)
	at org.apache.hadoop.hdds.security.x509.certificate.client.DefaultCertificateClient$CertificateLifetimeMonitor.run(DefaultCertificateClient.java:1239)
	at java.util.concurrent.Executors$RunnableAdapter.call(Executors.java:511)
	at java.util.concurrent.FutureTask.runAndReset(FutureTask.java:308)
	at java.util.concurrent.ScheduledThreadPoolExecutor$ScheduledFutureTask.access$301(ScheduledThreadPoolExecutor.java:180)
	at java.util.concurrent.ScheduledThreadPoolExecutor$ScheduledFutureTask.run(ScheduledThreadPoolExecutor.java:294)
	at java.util.concurrent.ThreadPoolExecutor.runWorker(ThreadPoolExecutor.java:1149)
	at java.util.concurrent.ThreadPoolExecutor$Worker.run(ThreadPoolExecutor.java:624)
	at java.lang.Thread.run(Thread.java:750)
2023-06-15 10:44:37,368 [dn-CertificateLifetimeMonitor] ERROR client.DNCertificateClient (DefaultCertificateClient.java:run(1249)) - Failed to renew and store key and cert. Keep using existing certificates.
org.apache.hadoop.hdds.security.x509.exception.CertificateException: Error while signing and storing new certificates.
	at org.apache.hadoop.hdds.security.x509.certificate.client.DefaultCertificateClient.renewAndStoreKeyAndCertificate(DefaultCertificateClient.java:992)
	at org.apache.hadoop.hdds.security.x509.certificate.client.DefaultCertificateClient$CertificateLifetimeMonitor.run(DefaultCertificateClient.java:1239)
	at java.util.concurrent.Executors$RunnableAdapter.call(Executors.java:511)
	at java.util.concurrent.FutureTask.runAndReset(FutureTask.java:308)
	at java.util.concurrent.ScheduledThreadPoolExecutor$ScheduledFutureTask.access$301(ScheduledThreadPoolExecutor.java:180)
	at java.util.concurrent.ScheduledThreadPoolExecutor$ScheduledFutureTask.run(ScheduledThreadPoolExecutor.java:294)
	at java.util.concurrent.ThreadPoolExecutor.runWorker(ThreadPoolExecutor.java:1149)
	at java.util.concurrent.ThreadPoolExecutor$Worker.run(ThreadPoolExecutor.java:624)
	at java.lang.Thread.run(Thread.java:750)
Caused by: org.apache.hadoop.hdds.security.x509.exception.CertificateException: Error while signing and storing SCM signed certificate.
	at org.apache.hadoop.hdds.security.x509.certificate.client.DNCertificateClient.signAndStoreCertificate(DNCertificateClient.java:131)
	at org.apache.hadoop.hdds.security.x509.certificate.client.DefaultCertificateClient.renewAndStoreKeyAndCertificate(DefaultCertificateClient.java:989)
	... 8 more
Caused by: org.apache.hadoop.hdds.security.x509.exception.CertificateException: Unable to retrieve datanode certificate chain.
	at org.apache.hadoop.hdds.security.x509.certificate.client.DNCertificateClient.signAndStoreCertificate(DNCertificateClient.java:126)
	... 9 more
2023-06-15 10:44:37,368 [dn-CertificateLifetimeMonitor] INFO  client.DNCertificateClient (DefaultCertificateClient.java:run(1236)) - Current certificate has entered the expiry grace period PT0S. Starting renew key and certs.
2023-06-15 10:44:37,845 [dn-CertificateLifetimeMonitor] INFO  ozone.OzoneSecurityUtil (OzoneSecurityUtil.java:getValidInetsForCurrentHost(119)) - ip:fe80:0:0:0:6245:bdff:fee3:56fa%eth0 not returned.
2023-06-15 10:44:37,845 [dn-CertificateLifetimeMonitor] INFO  ozone.OzoneSecurityUtil (OzoneSecurityUtil.java:getValidInetsForCurrentHost(116)) - Adding ip:10.1.0.58,host:fv-az74-377.rg1nhevy3x5uhivy2ou0ehszxf.jx.internal.cloudapp.net
2023-06-15 10:44:37,846 [dn-CertificateLifetimeMonitor] INFO  ozone.OzoneSecurityUtil (OzoneSecurityUtil.java:getValidInetsForCurrentHost(119)) - ip:0:0:0:0:0:0:0:1%lo not returned.
2023-06-15 10:44:37,846 [dn-CertificateLifetimeMonitor] INFO  ozone.OzoneSecurityUtil (OzoneSecurityUtil.java:getValidInetsForCurrentHost(119)) - ip:127.0.0.1 not returned.
2023-06-15 10:44:37,846 [dn-CertificateLifetimeMonitor] INFO  client.DNCertificateClient (DNCertificateClient.java:getCSRBuilder(85)) - Created csr for DN-> subject:runner@fv-az74-377.rg1nhevy3x5uhivy2ou0ehszxf.jx.internal.cloudapp.net
2023-06-15 10:44:37,849 [dn-CertificateLifetimeMonitor] ERROR client.DNCertificateClient (DNCertificateClient.java:signAndStoreCertificate(130)) - Error while signing and storing SCM signed certificate.
org.apache.hadoop.hdds.security.x509.exception.CertificateException: Unable to retrieve datanode certificate chain.
	at org.apache.hadoop.hdds.security.x509.certificate.client.DNCertificateClient.signAndStoreCertificate(DNCertificateClient.java:126)
	at org.apache.hadoop.hdds.security.x509.certificate.client.DefaultCertificateClient.renewAndStoreKeyAndCertificate(DefaultCertificateClient.java:989)
	at org.apache.hadoop.hdds.security.x509.certificate.client.DefaultCertificateClient$CertificateLifetimeMonitor.run(DefaultCertificateClient.java:1239)
	at java.util.concurrent.Executors$RunnableAdapter.call(Executors.java:511)
	at java.util.concurrent.FutureTask.runAndReset(FutureTask.java:308)
	at java.util.concurrent.ScheduledThreadPoolExecutor$ScheduledFutureTask.access$301(ScheduledThreadPoolExecutor.java:180)
	at java.util.concurrent.ScheduledThreadPoolExecutor$ScheduledFutureTask.run(ScheduledThreadPoolExecutor.java:294)
	at java.util.concurrent.ThreadPoolExecutor.runWorker(ThreadPoolExecutor.java:1149)
	at java.util.concurrent.ThreadPoolExecutor$Worker.run(ThreadPoolExecutor.java:624)
	at java.lang.Thread.run(Thread.java:750)
2023-06-15 10:44:37,849 [dn-CertificateLifetimeMonitor] ERROR client.DNCertificateClient (DefaultCertificateClient.java:run(1249)) - Failed to renew and store key and cert. Keep using existing certificates.
org.apache.hadoop.hdds.security.x509.exception.CertificateException: Error while signing and storing new certificates.
	at org.apache.hadoop.hdds.security.x509.certificate.client.DefaultCertificateClient.renewAndStoreKeyAndCertificate(DefaultCertificateClient.java:992)
	at org.apache.hadoop.hdds.security.x509.certificate.client.DefaultCertificateClient$CertificateLifetimeMonitor.run(DefaultCertificateClient.java:1239)
	at java.util.concurrent.Executors$RunnableAdapter.call(Executors.java:511)
	at java.util.concurrent.FutureTask.runAndReset(FutureTask.java:308)
	at java.util.concurrent.ScheduledThreadPoolExecutor$ScheduledFutureTask.access$301(ScheduledThreadPoolExecutor.java:180)
	at java.util.concurrent.ScheduledThreadPoolExecutor$ScheduledFutureTask.run(ScheduledThreadPoolExecutor.java:294)
	at java.util.concurrent.ThreadPoolExecutor.runWorker(ThreadPoolExecutor.java:1149)
	at java.util.concurrent.ThreadPoolExecutor$Worker.run(ThreadPoolExecutor.java:624)
	at java.lang.Thread.run(Thread.java:750)
Caused by: org.apache.hadoop.hdds.security.x509.exception.CertificateException: Error while signing and storing SCM signed certificate.
	at org.apache.hadoop.hdds.security.x509.certificate.client.DNCertificateClient.signAndStoreCertificate(DNCertificateClient.java:131)
	at org.apache.hadoop.hdds.security.x509.certificate.client.DefaultCertificateClient.renewAndStoreKeyAndCertificate(DefaultCertificateClient.java:989)
	... 8 more
Caused by: org.apache.hadoop.hdds.security.x509.exception.CertificateException: Unable to retrieve datanode certificate chain.
	at org.apache.hadoop.hdds.security.x509.certificate.client.DNCertificateClient.signAndStoreCertificate(DNCertificateClient.java:126)
	... 9 more
2023-06-15 10:44:38,798 [dn-CertificateLifetimeMonitor] INFO  client.DNCertificateClient (DefaultCertificateClient.java:run(1236)) - Current certificate has entered the expiry grace period PT0S. Starting renew key and certs.
]]></system-out>
  </testcase>
</testsuite>