# JRE version: OpenJDK Runtime Environment (8.0_362-b09) (build 1.8.0_362-b09)
# Java VM: OpenJDK 64-Bit Server VM (25.362-b09 mixed mode linux-amd64 compressed oops)
Heap:
 PSYoungGen      total 1071104K, used 419374K [0x000000076ab00000, 0x00000007c0000000, 0x00000007c0000000)
  eden space 775168K, 27% used [0x000000076ab00000,0x0000000777908830,0x000000079a000000)
  from space 295936K, 70% used [0x00000007adf00000,0x00000007baa83188,0x00000007c0000000)
  to   space 311296K, 0% used [0x000000079a000000,0x000000079a000000,0x00000007ad000000)
 ParOldGen       total 849408K, used 614289K [0x00000006c0000000, 0x00000006f3d80000, 0x000000076ab00000)
  object space 849408K, 72% used [0x00000006c0000000,0x00000006e57e45c0,0x00000006f3d80000)
 Metaspace       used 86920K, capacity 91823K, committed 91864K, reserved 1130496K
  class space    used 9931K, capacity 10748K, committed 10752K, reserved 1048576K
GC Heap History (10 events):
Event: 67.206 GC heap before
{Heap before GC invocations=31 (full 6):
 PSYoungGen      total 1010176K, used 908974K [0x000000076ab00000, 0x00000007b9100000, 0x00000007c0000000)
  eden space 766464K, 100% used [0x000000076ab00000,0x0000000799780000,0x0000000799780000)
  from space 243712K, 58% used [0x00000007a8a00000,0x00000007b152b9c8,0x00000007b7800000)
  to   space 248320K, 0% used [0x0000000799780000,0x0000000799780000,0x00000007a8a00000)
 ParOldGen       total 723968K, used 559005K [0x00000006c0000000, 0x00000006ec300000, 0x000000076ab00000)
  object space 723968K, 77% used [0x00000006c0000000,0x00000006e21e74d8,0x00000006ec300000)
 Metaspace       used 85857K, capacity 90595K, committed 90840K, reserved 1130496K
  class space    used 9877K, capacity 10680K, committed 10752K, reserved 1048576K
Event: 67.268 GC heap after
Heap after GC invocations=31 (full 6):
 PSYoungGen      total 1014784K, used 199625K [0x000000076ab00000, 0x00000007c0000000, 0x00000007c0000000)
  eden space 766464K, 0% used [0x000000076ab00000,0x000000076ab00000,0x0000000799780000)
  from space 248320K, 80% used [0x0000000799780000,0x00000007a5a72550,0x00000007a8a00000)
  to   space 272384K, 0% used [0x00000007af600000,0x00000007af600000,0x00000007c0000000)
 ParOldGen       total 723968K, used 593180K [0x00000006c0000000, 0x00000006ec300000, 0x000000076ab00000)
  object space 723968K, 81% used [0x00000006c0000000,0x00000006e43472c8,0x00000006ec300000)
 Metaspace       used 85857K, capacity 90595K, committed 90840K, reserved 1130496K
  class space    used 9877K, capacity 10680K, committed 10752K, reserved 1048576K
}
Event: 72.528 GC heap before
{Heap before GC invocations=32 (full 6):
 PSYoungGen      total 1014784K, used 966089K [0x000000076ab00000, 0x00000007c0000000, 0x00000007c0000000)
  eden space 766464K, 100% used [0x000000076ab00000,0x0000000799780000,0x0000000799780000)
  from space 248320K, 80% used [0x0000000799780000,0x00000007a5a72550,0x00000007a8a00000)
  to   space 272384K, 0% used [0x00000007af600000,0x00000007af600000,0x00000007c0000000)
 ParOldGen       total 723968K, used 593209K [0x00000006c0000000, 0x00000006ec300000, 0x000000076ab00000)
  object space 723968K, 81% used [0x00000006c0000000,0x00000006e434e658,0x00000006ec300000)
 Metaspace       used 86104K, capacity 90903K, committed 91096K, reserved 1130496K
  class space    used 9887K, capacity 10694K, committed 10752K, reserved 1048576K
Event: 72.622 GC heap after
Heap after GC invocations=32 (full 6):
 PSYoungGen      total 1096704K, used 188594K [0x000000076ab00000, 0x00000007c0000000, 0x00000007c0000000)
  eden space 824320K, 0% used [0x000000076ab00000,0x000000076ab00000,0x000000079d000000)
  from space 272384K, 69% used [0x00000007af600000,0x00000007bae2c930,0x00000007c0000000)
  to   space 286720K, 0% used [0x000000079d000000,0x000000079d000000,0x00000007ae800000)
 ParOldGen       total 723968K, used 627445K [0x00000006c0000000, 0x00000006ec300000, 0x000000076ab00000)
  object space 723968K, 86% used [0x00000006c0000000,0x00000006e64bd5c0,0x00000006ec300000)
 Metaspace       used 86104K, capacity 90903K, committed 91096K, reserved 1130496K
  class space    used 9887K, capacity 10694K, committed 10752K, reserved 1048576K
}
Event: 72.622 GC heap before
{Heap before GC invocations=33 (full 7):
 PSYoungGen      total 1096704K, used 188594K [0x000000076ab00000, 0x00000007c0000000, 0x00000007c0000000)
  eden space 824320K, 0% used [0x000000076ab00000,0x000000076ab00000,0x000000079d000000)
  from space 272384K, 69% used [0x00000007af600000,0x00000007bae2c930,0x00000007c0000000)
  to   space 286720K, 0% used [0x000000079d000000,0x000000079d000000,0x00000007ae800000)
 ParOldGen       total 723968K, used 627445K [0x00000006c0000000, 0x00000006ec300000, 0x000000076ab00000)
  object space 723968K, 86% used [0x00000006c0000000,0x00000006e64bd5c0,0x00000006ec300000)
 Metaspace       used 86104K, capacity 90903K, committed 91096K, reserved 1130496K
  class space    used 9887K, capacity 10694K, committed 10752K, reserved 1048576K
Event: 72.760 GC heap after
Heap after GC invocations=33 (full 7):
 PSYoungGen      total 1096704K, used 0K [0x000000076ab00000, 0x00000007c0000000, 0x00000007c0000000)
  eden space 824320K, 0% used [0x000000076ab00000,0x000000076ab00000,0x000000079d000000)
  from space 272384K, 0% used [0x00000007af600000,0x00000007af600000,0x00000007c0000000)
  to   space 286720K, 0% used [0x000000079d000000,0x000000079d000000,0x00000007ae800000)
 ParOldGen       total 849408K, used 579266K [0x00000006c0000000, 0x00000006f3d80000, 0x000000076ab00000)
  object space 849408K, 68% used [0x00000006c0000000,0x00000006e35b0988,0x00000006f3d80000)
 Metaspace       used 86104K, capacity 90903K, committed 91096K, reserved 1130496K
  class space    used 9887K, capacity 10694K, committed 10752K, reserved 1048576K
}
Event: 73.876 GC heap before
{Heap before GC invocations=34 (full 7):
 PSYoungGen      total 1096704K, used 824320K [0x000000076ab00000, 0x00000007c0000000, 0x00000007c0000000)
  eden space 824320K, 100% used [0x000000076ab00000,0x000000079d000000,0x000000079d000000)
  from space 272384K, 0% used [0x00000007af600000,0x00000007af600000,0x00000007c0000000)
  to   space 286720K, 0% used [0x000000079d000000,0x000000079d000000,0x00000007ae800000)
 ParOldGen       total 849408K, used 579270K [0x00000006c0000000, 0x00000006f3d80000, 0x000000076ab00000)
  object space 849408K, 68% used [0x00000006c0000000,0x00000006e35b1988,0x00000006f3d80000)
 Metaspace       used 86261K, capacity 91085K, committed 91352K, reserved 1130496K
  class space    used 9894K, capacity 10701K, committed 10752K, reserved 1048576K
Event: 73.915 GC heap after
Heap after GC invocations=34 (full 7):
 PSYoungGen      total 1008640K, used 183865K [0x000000076ab00000, 0x00000007c0000000, 0x00000007c0000000)
  eden space 824320K, 0% used [0x000000076ab00000,0x000000076ab00000,0x000000079d000000)
  from space 184320K, 99% used [0x000000079d000000,0x00000007a838e430,0x00000007a8400000)
  to   space 295936K, 0% used [0x00000007adf00000,0x00000007adf00000,0x00000007c0000000)
 ParOldGen       total 849408K, used 579278K [0x00000006c0000000, 0x00000006f3d80000, 0x000000076ab00000)
  object space 849408K, 68% used [0x00000006c0000000,0x00000006e35b3988,0x00000006f3d80000)
 Metaspace       used 86261K, capacity 91085K, committed 91352K, reserved 1130496K
  class space    used 9894K, capacity 10701K, committed 10752K, reserved 1048576K
}
Event: 79.085 GC heap before
{Heap before GC invocations=35 (full 7):
 PSYoungGen      total 1008640K, used 1008185K [0x000000076ab00000, 0x00000007c0000000, 0x00000007c0000000)
  eden space 824320K, 100% used [0x000000076ab00000,0x000000079d000000,0x000000079d000000)
  from space 184320K, 99% used [0x000000079d000000,0x00000007a838e430,0x00000007a8400000)
  to   space 295936K, 0% used [0x00000007adf00000,0x00000007adf00000,0x00000007c0000000)
 ParOldGen       total 849408K, used 579278K [0x00000006c0000000, 0x00000006f3d80000, 0x000000076ab00000)
  object space 849408K, 68% used [0x00000006c0000000,0x00000006e35b3988,0x00000006f3d80000)
 Metaspace       used 86883K, capacity 91819K, committed 91864K, reserved 1130496K
  class space    used 9930K, capacity 10746K, committed 10752K, reserved 1048576K
Event: 79.133 GC heap after
Heap after GC invocations=35 (full 7):
 PSYoungGen      total 1071104K, used 208396K [0x000000076ab00000, 0x00000007c0000000, 0x00000007c0000000)
  eden space 775168K, 0% used [0x000000076ab00000,0x000000076ab00000,0x000000079a000000)
  from space 295936K, 70% used [0x00000007adf00000,0x00000007baa83188,0x00000007c0000000)
  to   space 311296K, 0% used [0x000000079a000000,0x000000079a000000,0x00000007ad000000)
 ParOldGen       total 849408K, used 614289K [0x00000006c0000000, 0x00000006f3d80000, 0x000000076ab00000)
  object space 849408K, 72% used [0x00000006c0000000,0x00000006e57e45c0,0x00000006f3d80000)
 Metaspace       used 86883K, capacity 91819K, committed 91864K, reserved 1130496K
  class space    used 9930K, capacity 10746K, committed 10752K, reserved 1048576K
}

