-------------------------------------------------------------------------------
Test set: org.apache.hadoop.hdds.scm.TestSecretKeysApi
-------------------------------------------------------------------------------
Tests run: 4, Failures: 1, Errors: 0, Skipped: 0, Time elapsed: 180.933 s <<< FAILURE! - in org.apache.hadoop.hdds.scm.TestSecretKeysApi
org.apache.hadoop.hdds.scm.TestSecretKeysApi.testSecretKeyApiSuccess  Time elapsed: 71.001 s  <<< FAILURE!
org.opentest4j.AssertionFailedError: expected: <SecretKey(id = 2ba38a7b-ba41-4906-9431-bead7a7e9c59, creation at: 2024-02-26T09:01:30.880Z, expire at: 2024-02-26T09:01:33.880Z)> but was: <SecretKey(id = 315633e9-5a56-44d8-8d16-184e168785bc, creation at: 2024-02-26T09:01:31.880Z, expire at: 2024-02-26T09:01:34.880Z)>
	at org.junit.jupiter.api.AssertionFailureBuilder.build(AssertionFailureBuilder.java:151)
	at org.junit.jupiter.api.AssertionFailureBuilder.buildAndThrow(AssertionFailureBuilder.java:132)
	at org.junit.jupiter.api.AssertEquals.failNotEqual(AssertEquals.java:197)
	at org.junit.jupiter.api.AssertEquals.assertEquals(AssertEquals.java:182)
	at org.junit.jupiter.api.AssertEquals.assertEquals(AssertEquals.java:177)
	at org.junit.jupiter.api.Assertions.assertEquals(Assertions.java:1145)
	at org.apache.hadoop.hdds.scm.TestSecretKeysApi.testSecretKeyApiSuccess(TestSecretKeysApi.java:210)
	at java.lang.reflect.Method.invoke(Method.java:498)
	at java.util.ArrayList.forEach(ArrayList.java:1259)
	at java.util.ArrayList.forEach(ArrayList.java:1259)

