[ERROR] COMPILATION ERROR : 
[ERROR] /home/runner/work/ozone/ozone/hadoop-hdds/container-service/src/main/java/org/apache/hadoop/ozone/container/common/volume/StorageVolume.java:[630,9] cannot find symbol
[ERROR] /home/runner/work/ozone/ozone/hadoop-hdds/container-service/src/main/java/org/apache/hadoop/ozone/container/common/volume/StorageVolume.java:[649,30] cannot find symbol
[ERROR] Failed to execute goal org.apache.maven.plugins:maven-compiler-plugin:3.9.0:compile (default-compile) on project hdds-container-service: Compilation failure: Compilation failure: 
[ERROR] /home/runner/work/ozone/ozone/hadoop-hdds/container-service/src/main/java/org/apache/hadoop/ozone/container/common/volume/StorageVolume.java:[630,9] cannot find symbol
[ERROR]   symbol:   variable volumeInfo
[ERROR]   location: class org.apache.hadoop.ozone.container.common.volume.StorageVolume
[ERROR] /home/runner/work/ozone/ozone/hadoop-hdds/container-service/src/main/java/org/apache/hadoop/ozone/container/common/volume/StorageVolume.java:[649,30] cannot find symbol
[ERROR]   symbol:   variable volumeInfo
[ERROR]   location: class org.apache.hadoop.ozone.container.common.volume.StorageVolume
[ERROR] -> [Help 1]
[ERROR] 
[ERROR] To see the full stack trace of the errors, re-run Maven with the -e switch.
[ERROR] Re-run Maven using the -X switch to enable full debug logging.
[ERROR] 
[ERROR] For more information about the errors and possible solutions, please read the following articles:
[ERROR] [Help 1] http://cwiki.apache.org/confluence/display/MAVEN/MojoFailureException
[ERROR] 
[ERROR] After correcting the problems, you can resume the build with the command
[ERROR]   mvn <args> -rf :hdds-container-service
