-------------------------------------------------------------------------------
Test set: org.apache.hadoop.hdds.upgrade.TestScmDataDistributionFinalization
-------------------------------------------------------------------------------
Tests run: 2, Failures: 1, Errors: 0, Skipped: 0, Time elapsed: 111.1 s <<< FAILURE! -- in org.apache.hadoop.hdds.upgrade.TestScmDataDistributionFinalization
org.apache.hadoop.hdds.upgrade.TestScmDataDistributionFinalization.testFinalizationEmptyClusterDataDistribution -- Time elapsed: 44.97 s <<< FAILURE!
org.opentest4j.AssertionFailedError: 
expected: <totalTransactionCount: 0
totalBlockCount: 0
totalBlockSize: 0
totalBlockReplicatedSize: 0
> but was: <totalTransactionCount: 18446744073709551612
totalBlockCount: 18446744073709551596
totalBlockSize: 18446744073688580096
totalBlockReplicatedSize: 18446744073646637056
>
	at org.junit.jupiter.api.AssertionFailureBuilder.build(AssertionFailureBuilder.java:151)
	at org.junit.jupiter.api.AssertionFailureBuilder.buildAndThrow(AssertionFailureBuilder.java:132)
	at org.junit.jupiter.api.AssertEquals.failNotEqual(AssertEquals.java:197)
	at org.junit.jupiter.api.AssertEquals.assertEquals(AssertEquals.java:182)
	at org.junit.jupiter.api.AssertEquals.assertEquals(AssertEquals.java:177)
	at org.junit.jupiter.api.Assertions.assertEquals(Assertions.java:1145)
	at org.apache.hadoop.hdds.upgrade.TestScmDataDistributionFinalization.testFinalizationEmptyClusterDataDistribution(TestScmDataDistributionFinalization.java:256)
	at java.base/java.lang.reflect.Method.invoke(Method.java:580)
	at java.base/java.util.concurrent.ForkJoinTask.doExec(ForkJoinTask.java:387)
	at java.base/java.util.concurrent.ForkJoinPool$WorkQueue.topLevelExec(ForkJoinPool.java:1312)
	at java.base/java.util.concurrent.ForkJoinPool.scan(ForkJoinPool.java:1843)
	at java.base/java.util.concurrent.ForkJoinPool.runWorker(ForkJoinPool.java:1808)
	at java.base/java.util.concurrent.ForkJoinWorkerThread.run(ForkJoinWorkerThread.java:188)

