# JRE version: OpenJDK Runtime Environment (8.0_332-b09) (build 1.8.0_332-b09)
# Java VM: OpenJDK 64-Bit Server VM (25.332-b09 mixed mode linux-amd64 compressed oops)
Heap:
 PSYoungGen      total 507904K, used 340196K [0x00000000d5580000, 0x0000000100000000, 0x0000000100000000)
  eden space 473088K, 67% used [0x00000000d5580000,0x00000000e8b12770,0x00000000f2380000)
  from space 34816K, 66% used [0x00000000f2380000,0x00000000f3a26b58,0x00000000f4580000)
  to   space 36352K, 0% used [0x00000000fdc80000,0x00000000fdc80000,0x0000000100000000)
 ParOldGen       total 86016K, used 60024K [0x0000000080000000, 0x0000000085400000, 0x00000000d5580000)
  object space 86016K, 69% used [0x0000000080000000,0x0000000083a9e380,0x0000000085400000)
 Metaspace       used 73446K, capacity 77472K, committed 77784K, reserved 1118208K
  class space    used 8709K, capacity 9395K, committed 9472K, reserved 1048576K
GC Heap History (10 events):
Event: 13.122 GC heap before
{Heap before GC invocations=14 (full 2):
 PSYoungGen      total 250880K, used 250869K [0x00000000d5580000, 0x00000000ec680000, 0x0000000100000000)
  eden space 239616K, 100% used [0x00000000d5580000,0x00000000e3f80000,0x00000000e3f80000)
  from space 11264K, 99% used [0x00000000e3f80000,0x00000000e4a7d4a0,0x00000000e4a80000)
  to   space 13312K, 0% used [0x00000000eb980000,0x00000000eb980000,0x00000000ec680000)
 ParOldGen       total 62976K, used 13915K [0x0000000080000000, 0x0000000083d80000, 0x00000000d5580000)
  object space 62976K, 22% used [0x0000000080000000,0x0000000080d96ee8,0x0000000083d80000)
 Metaspace       used 50325K, capacity 53070K, committed 53336K, reserved 1095680K
  class space    used 6270K, capacity 6740K, committed 6784K, reserved 1048576K
Event: 13.144 GC heap after
Heap after GC invocations=14 (full 2):
 PSYoungGen      total 358400K, used 13289K [0x00000000d5580000, 0x00000000ece80000, 0x0000000100000000)
  eden space 345088K, 0% used [0x00000000d5580000,0x00000000d5580000,0x00000000ea680000)
  from space 13312K, 99% used [0x00000000eb980000,0x00000000ec67a4a8,0x00000000ec680000)
  to   space 19456K, 0% used [0x00000000ea680000,0x00000000ea680000,0x00000000eb980000)
 ParOldGen       total 62976K, used 26053K [0x0000000080000000, 0x0000000083d80000, 0x00000000d5580000)
  object space 62976K, 41% used [0x0000000080000000,0x0000000081971708,0x0000000083d80000)
 Metaspace       used 50325K, capacity 53070K, committed 53336K, reserved 1095680K
  class space    used 6270K, capacity 6740K, committed 6784K, reserved 1048576K
}
Event: 18.065 GC heap before
{Heap before GC invocations=15 (full 2):
 PSYoungGen      total 358400K, used 219367K [0x00000000d5580000, 0x00000000ece80000, 0x0000000100000000)
  eden space 345088K, 59% used [0x00000000d5580000,0x00000000e1ebf9b0,0x00000000ea680000)
  from space 13312K, 99% used [0x00000000eb980000,0x00000000ec67a4a8,0x00000000ec680000)
  to   space 19456K, 0% used [0x00000000ea680000,0x00000000ea680000,0x00000000eb980000)
 ParOldGen       total 62976K, used 26053K [0x0000000080000000, 0x0000000083d80000, 0x00000000d5580000)
  object space 62976K, 41% used [0x0000000080000000,0x0000000081971708,0x0000000083d80000)
 Metaspace       used 55935K, capacity 58742K, committed 58968K, reserved 1101824K
  class space    used 6805K, capacity 7292K, committed 7296K, reserved 1048576K
Event: 18.083 GC heap after
Heap after GC invocations=15 (full 2):
 PSYoungGen      total 364544K, used 6813K [0x00000000d5580000, 0x00000000f5780000, 0x0000000100000000)
  eden space 345088K, 0% used [0x00000000d5580000,0x00000000d5580000,0x00000000ea680000)
  from space 19456K, 35% used [0x00000000ea680000,0x00000000ead27640,0x00000000eb980000)
  to   space 18432K, 0% used [0x00000000f4580000,0x00000000f4580000,0x00000000f5780000)
 ParOldGen       total 62976K, used 28070K [0x0000000080000000, 0x0000000083d80000, 0x00000000d5580000)
  object space 62976K, 44% used [0x0000000080000000,0x0000000081b69918,0x0000000083d80000)
 Metaspace       used 55935K, capacity 58742K, committed 58968K, reserved 1101824K
  class space    used 6805K, capacity 7292K, committed 7296K, reserved 1048576K
}
Event: 18.083 GC heap before
{Heap before GC invocations=16 (full 3):
 PSYoungGen      total 364544K, used 6813K [0x00000000d5580000, 0x00000000f5780000, 0x0000000100000000)
  eden space 345088K, 0% used [0x00000000d5580000,0x00000000d5580000,0x00000000ea680000)
  from space 19456K, 35% used [0x00000000ea680000,0x00000000ead27640,0x00000000eb980000)
  to   space 18432K, 0% used [0x00000000f4580000,0x00000000f4580000,0x00000000f5780000)
 ParOldGen       total 62976K, used 28070K [0x0000000080000000, 0x0000000083d80000, 0x00000000d5580000)
  object space 62976K, 44% used [0x0000000080000000,0x0000000081b69918,0x0000000083d80000)
 Metaspace       used 55935K, capacity 58742K, committed 58968K, reserved 1101824K
  class space    used 6805K, capacity 7292K, committed 7296K, reserved 1048576K
Event: 18.217 GC heap after
Heap after GC invocations=16 (full 3):
 PSYoungGen      total 364544K, used 0K [0x00000000d5580000, 0x00000000f5780000, 0x0000000100000000)
  eden space 345088K, 0% used [0x00000000d5580000,0x00000000d5580000,0x00000000ea680000)
  from space 19456K, 0% used [0x00000000ea680000,0x00000000ea680000,0x00000000eb980000)
  to   space 18432K, 0% used [0x00000000f4580000,0x00000000f4580000,0x00000000f5780000)
 ParOldGen       total 86016K, used 23194K [0x0000000080000000, 0x0000000085400000, 0x00000000d5580000)
  object space 86016K, 26% used [0x0000000080000000,0x00000000816a6a70,0x0000000085400000)
 Metaspace       used 55935K, capacity 58742K, committed 58968K, reserved 1101824K
  class space    used 6805K, capacity 7292K, committed 7296K, reserved 1048576K
}
Event: 18.983 GC heap before
{Heap before GC invocations=17 (full 3):
 PSYoungGen      total 364544K, used 345088K [0x00000000d5580000, 0x00000000f5780000, 0x0000000100000000)
  eden space 345088K, 100% used [0x00000000d5580000,0x00000000ea680000,0x00000000ea680000)
  from space 19456K, 0% used [0x00000000ea680000,0x00000000ea680000,0x00000000eb980000)
  to   space 18432K, 0% used [0x00000000f4580000,0x00000000f4580000,0x00000000f5780000)
 ParOldGen       total 86016K, used 23194K [0x0000000080000000, 0x0000000085400000, 0x00000000d5580000)
  object space 86016K, 26% used [0x0000000080000000,0x00000000816a6a70,0x0000000085400000)
 Metaspace       used 57202K, capacity 60064K, committed 60376K, reserved 1101824K
  class space    used 6896K, capacity 7391K, committed 7424K, reserved 1048576K
Event: 19.020 GC heap after
Heap after GC invocations=17 (full 3):
 PSYoungGen      total 491520K, used 18417K [0x00000000d5580000, 0x00000000f7600000, 0x0000000100000000)
  eden space 473088K, 0% used [0x00000000d5580000,0x00000000d5580000,0x00000000f2380000)
  from space 18432K, 99% used [0x00000000f4580000,0x00000000f577c688,0x00000000f5780000)
  to   space 34816K, 0% used [0x00000000f2380000,0x00000000f2380000,0x00000000f4580000)
 ParOldGen       total 86016K, used 59841K [0x0000000080000000, 0x0000000085400000, 0x00000000d5580000)
  object space 86016K, 69% used [0x0000000080000000,0x0000000083a70560,0x0000000085400000)
 Metaspace       used 57202K, capacity 60064K, committed 60376K, reserved 1101824K
  class space    used 6896K, capacity 7391K, committed 7424K, reserved 1048576K
}
Event: 26.252 GC heap before
{Heap before GC invocations=18 (full 3):
 PSYoungGen      total 491520K, used 491505K [0x00000000d5580000, 0x00000000f7600000, 0x0000000100000000)
  eden space 473088K, 100% used [0x00000000d5580000,0x00000000f2380000,0x00000000f2380000)
  from space 18432K, 99% used [0x00000000f4580000,0x00000000f577c688,0x00000000f5780000)
  to   space 34816K, 0% used [0x00000000f2380000,0x00000000f2380000,0x00000000f4580000)
 ParOldGen       total 86016K, used 59841K [0x0000000080000000, 0x0000000085400000, 0x00000000d5580000)
  object space 86016K, 69% used [0x0000000080000000,0x0000000083a70560,0x0000000085400000)
 Metaspace       used 65557K, capacity 68816K, committed 68952K, reserved 1110016K
  class space    used 7737K, capacity 8303K, committed 8320K, reserved 1048576K
Event: 26.279 GC heap after
Heap after GC invocations=18 (full 3):
 PSYoungGen      total 507904K, used 23194K [0x00000000d5580000, 0x0000000100000000, 0x0000000100000000)
  eden space 473088K, 0% used [0x00000000d5580000,0x00000000d5580000,0x00000000f2380000)
  from space 34816K, 66% used [0x00000000f2380000,0x00000000f3a26b58,0x00000000f4580000)
  to   space 36352K, 0% used [0x00000000fdc80000,0x00000000fdc80000,0x0000000100000000)
 ParOldGen       total 86016K, used 60024K [0x0000000080000000, 0x0000000085400000, 0x00000000d5580000)
  object space 86016K, 69% used [0x0000000080000000,0x0000000083a9e380,0x0000000085400000)
 Metaspace       used 65557K, capacity 68816K, committed 68952K, reserved 1110016K
  class space    used 7737K, capacity 8303K, committed 8320K, reserved 1048576K
}

