-------------------------------------------------------------------------------
Test set: org.apache.hadoop.ozone.shell.TestOzoneTenantShell
-------------------------------------------------------------------------------
Tests run: 6, Failures: 3, Errors: 1, Skipped: 0, Time elapsed: 15.174 s <<< FAILURE! - in org.apache.hadoop.ozone.shell.TestOzoneTenantShell
org.apache.hadoop.ozone.shell.TestOzoneTenantShell.testOzoneTenantBasicOperations  Time elapsed: 0.638 s  <<< ERROR!
VOLUME_NOT_FOUND org.apache.hadoop.ozone.om.exceptions.OMException: Volume finance is not found
	at org.apache.hadoop.ozone.om.VolumeManagerImpl.getVolumeInfo(VolumeManagerImpl.java:61)
	at org.apache.hadoop.ozone.om.OzoneManager.getVolumeInfo(OzoneManager.java:2650)
	at org.apache.hadoop.ozone.shell.TestOzoneTenantShell.testOzoneTenantBasicOperations(TestOzoneTenantShell.java:439)
	at java.base/java.lang.reflect.Method.invoke(Method.java:568)
	at java.base/java.util.ArrayList.forEach(ArrayList.java:1511)
	at java.base/java.util.ArrayList.forEach(ArrayList.java:1511)

org.apache.hadoop.ozone.shell.TestOzoneTenantShell.testListTenantUsers  Time elapsed: 0.649 s  <<< FAILURE!
org.opentest4j.AssertionFailedError: 
expected: <> but was: <finance
>
	at org.junit.jupiter.api.AssertionFailureBuilder.build(AssertionFailureBuilder.java:151)
	at org.junit.jupiter.api.AssertionFailureBuilder.buildAndThrow(AssertionFailureBuilder.java:132)
	at org.junit.jupiter.api.AssertEquals.failNotEqual(AssertEquals.java:197)
	at org.junit.jupiter.api.AssertEquals.assertEquals(AssertEquals.java:182)
	at org.junit.jupiter.api.AssertEquals.assertEquals(AssertEquals.java:177)
	at org.junit.jupiter.api.Assertions.assertEquals(Assertions.java:1145)
	at org.apache.hadoop.ozone.shell.TestOzoneTenantShell.checkOutput(TestOzoneTenantShell.java:344)
	at org.apache.hadoop.ozone.shell.TestOzoneTenantShell.checkOutput(TestOzoneTenantShell.java:324)
	at org.apache.hadoop.ozone.shell.TestOzoneTenantShell.testListTenantUsers(TestOzoneTenantShell.java:763)
	at java.base/java.lang.reflect.Method.invoke(Method.java:568)
	at java.base/java.util.ArrayList.forEach(ArrayList.java:1511)
	at java.base/java.util.ArrayList.forEach(ArrayList.java:1511)

org.apache.hadoop.ozone.shell.TestOzoneTenantShell.testAssignAdmin  Time elapsed: 0.805 s  <<< FAILURE!
org.opentest4j.AssertionFailedError: 
expected: <> but was: <finance
>
	at org.junit.jupiter.api.AssertionFailureBuilder.build(AssertionFailureBuilder.java:151)
	at org.junit.jupiter.api.AssertionFailureBuilder.buildAndThrow(AssertionFailureBuilder.java:132)
	at org.junit.jupiter.api.AssertEquals.failNotEqual(AssertEquals.java:197)
	at org.junit.jupiter.api.AssertEquals.assertEquals(AssertEquals.java:182)
	at org.junit.jupiter.api.AssertEquals.assertEquals(AssertEquals.java:177)
	at org.junit.jupiter.api.Assertions.assertEquals(Assertions.java:1145)
	at org.apache.hadoop.ozone.shell.TestOzoneTenantShell.checkOutput(TestOzoneTenantShell.java:344)
	at org.apache.hadoop.ozone.shell.TestOzoneTenantShell.checkOutput(TestOzoneTenantShell.java:324)
	at org.apache.hadoop.ozone.shell.TestOzoneTenantShell.testAssignAdmin(TestOzoneTenantShell.java:405)
	at java.base/java.lang.reflect.Method.invoke(Method.java:568)
	at java.base/java.util.ArrayList.forEach(ArrayList.java:1511)
	at java.base/java.util.ArrayList.forEach(ArrayList.java:1511)

org.apache.hadoop.ozone.shell.TestOzoneTenantShell.testTenantSetSecret  Time elapsed: 0.535 s  <<< FAILURE!
org.opentest4j.AssertionFailedError: 
expected: <> but was: <finance
>
	at org.junit.jupiter.api.AssertionFailureBuilder.build(AssertionFailureBuilder.java:151)
	at org.junit.jupiter.api.AssertionFailureBuilder.buildAndThrow(AssertionFailureBuilder.java:132)
	at org.junit.jupiter.api.AssertEquals.failNotEqual(AssertEquals.java:197)
	at org.junit.jupiter.api.AssertEquals.assertEquals(AssertEquals.java:182)
	at org.junit.jupiter.api.AssertEquals.assertEquals(AssertEquals.java:177)
	at org.junit.jupiter.api.Assertions.assertEquals(Assertions.java:1145)
	at org.apache.hadoop.ozone.shell.TestOzoneTenantShell.checkOutput(TestOzoneTenantShell.java:344)
	at org.apache.hadoop.ozone.shell.TestOzoneTenantShell.checkOutput(TestOzoneTenantShell.java:324)
	at org.apache.hadoop.ozone.shell.TestOzoneTenantShell.testTenantSetSecret(TestOzoneTenantShell.java:891)
	at java.base/java.lang.reflect.Method.invoke(Method.java:568)
	at java.base/java.util.ArrayList.forEach(ArrayList.java:1511)
	at java.base/java.util.ArrayList.forEach(ArrayList.java:1511)

