# JRE version: OpenJDK Runtime Environment (8.0_332-b09) (build 1.8.0_332-b09)
# Java VM: OpenJDK 64-Bit Server VM (25.332-b09 mixed mode linux-amd64 compressed oops)
Heap:
 PSYoungGen      total 603136K, used 118641K [0x00000000d5580000, 0x00000000fd480000, 0x0000000100000000)
  eden space 581632K, 17% used [0x00000000d5580000,0x00000000db9557b0,0x00000000f8d80000)
  from space 21504K, 76% used [0x00000000fbf80000,0x00000000fcf86e50,0x00000000fd480000)
  to   space 36352K, 0% used [0x00000000f8d80000,0x00000000f8d80000,0x00000000fb100000)
 ParOldGen       total 91136K, used 53313K [0x0000000080000000, 0x0000000085900000, 0x00000000d5580000)
  object space 91136K, 58% used [0x0000000080000000,0x0000000083410560,0x0000000085900000)
 Metaspace       used 74467K, capacity 78498K, committed 78680K, reserved 1118208K
  class space    used 8782K, capacity 9446K, committed 9560K, reserved 1048576K
GC Heap History (10 events):
Event: 16.799 GC heap before
{Heap before GC invocations=15 (full 2):
 PSYoungGen      total 307712K, used 43714K [0x00000000d5580000, 0x00000000e9a80000, 0x0000000100000000)
  eden space 293888K, 10% used [0x00000000d5580000,0x00000000d72b28c8,0x00000000e7480000)
  from space 13824K, 99% used [0x00000000e8900000,0x00000000e967e1f8,0x00000000e9680000)
  to   space 19456K, 0% used [0x00000000e7480000,0x00000000e7480000,0x00000000e8780000)
 ParOldGen       total 76800K, used 33630K [0x0000000080000000, 0x0000000084b00000, 0x00000000d5580000)
  object space 76800K, 43% used [0x0000000080000000,0x00000000820d7b38,0x0000000084b00000)
 Metaspace       used 55818K, capacity 58608K, committed 59028K, reserved 1101824K
  class space    used 6794K, capacity 7289K, committed 7384K, reserved 1048576K
Event: 16.808 GC heap after
Heap after GC invocations=15 (full 2):
 PSYoungGen      total 313344K, used 950K [0x00000000d5580000, 0x00000000f1e00000, 0x0000000100000000)
  eden space 293888K, 0% used [0x00000000d5580000,0x00000000d5580000,0x00000000e7480000)
  from space 19456K, 4% used [0x00000000e7480000,0x00000000e756d8d8,0x00000000e8780000)
  to   space 19456K, 0% used [0x00000000f0b00000,0x00000000f0b00000,0x00000000f1e00000)
 ParOldGen       total 76800K, used 34963K [0x0000000080000000, 0x0000000084b00000, 0x00000000d5580000)
  object space 76800K, 45% used [0x0000000080000000,0x0000000082224d58,0x0000000084b00000)
 Metaspace       used 55818K, capacity 58608K, committed 59028K, reserved 1101824K
  class space    used 6794K, capacity 7289K, committed 7384K, reserved 1048576K
}
Event: 16.808 GC heap before
{Heap before GC invocations=16 (full 3):
 PSYoungGen      total 313344K, used 950K [0x00000000d5580000, 0x00000000f1e00000, 0x0000000100000000)
  eden space 293888K, 0% used [0x00000000d5580000,0x00000000d5580000,0x00000000e7480000)
  from space 19456K, 4% used [0x00000000e7480000,0x00000000e756d8d8,0x00000000e8780000)
  to   space 19456K, 0% used [0x00000000f0b00000,0x00000000f0b00000,0x00000000f1e00000)
 ParOldGen       total 76800K, used 34963K [0x0000000080000000, 0x0000000084b00000, 0x00000000d5580000)
  object space 76800K, 45% used [0x0000000080000000,0x0000000082224d58,0x0000000084b00000)
 Metaspace       used 55818K, capacity 58608K, committed 59028K, reserved 1101824K
  class space    used 6794K, capacity 7289K, committed 7384K, reserved 1048576K
Event: 16.893 GC heap after
Heap after GC invocations=16 (full 3):
 PSYoungGen      total 313344K, used 0K [0x00000000d5580000, 0x00000000f1e00000, 0x0000000100000000)
  eden space 293888K, 0% used [0x00000000d5580000,0x00000000d5580000,0x00000000e7480000)
  from space 19456K, 0% used [0x00000000e7480000,0x00000000e7480000,0x00000000e8780000)
  to   space 19456K, 0% used [0x00000000f0b00000,0x00000000f0b00000,0x00000000f1e00000)
 ParOldGen       total 91136K, used 19101K [0x0000000080000000, 0x0000000085900000, 0x00000000d5580000)
  object space 91136K, 20% used [0x0000000080000000,0x00000000812a76f8,0x0000000085900000)
 Metaspace       used 55818K, capacity 58608K, committed 59028K, reserved 1101824K
  class space    used 6794K, capacity 7289K, committed 7384K, reserved 1048576K
}
Event: 17.469 GC heap before
{Heap before GC invocations=17 (full 3):
 PSYoungGen      total 313344K, used 293888K [0x00000000d5580000, 0x00000000f1e00000, 0x0000000100000000)
  eden space 293888K, 100% used [0x00000000d5580000,0x00000000e7480000,0x00000000e7480000)
  from space 19456K, 0% used [0x00000000e7480000,0x00000000e7480000,0x00000000e8780000)
  to   space 19456K, 0% used [0x00000000f0b00000,0x00000000f0b00000,0x00000000f1e00000)
 ParOldGen       total 91136K, used 19101K [0x0000000080000000, 0x0000000085900000, 0x00000000d5580000)
  object space 91136K, 20% used [0x0000000080000000,0x00000000812a76f8,0x0000000085900000)
 Metaspace       used 56911K, capacity 59822K, committed 60308K, reserved 1101824K
  class space    used 6868K, capacity 7364K, committed 7384K, reserved 1048576K
Event: 17.495 GC heap after
Heap after GC invocations=17 (full 3):
 PSYoungGen      total 433664K, used 19452K [0x00000000d5580000, 0x00000000f3980000, 0x0000000100000000)
  eden space 414208K, 0% used [0x00000000d5580000,0x00000000d5580000,0x00000000eea00000)
  from space 19456K, 99% used [0x00000000f0b00000,0x00000000f1dff3e8,0x00000000f1e00000)
  to   space 33792K, 0% used [0x00000000eea00000,0x00000000eea00000,0x00000000f0b00000)
 ParOldGen       total 91136K, used 48686K [0x0000000080000000, 0x0000000085900000, 0x00000000d5580000)
  object space 91136K, 53% used [0x0000000080000000,0x0000000082f8b898,0x0000000085900000)
 Metaspace       used 56911K, capacity 59822K, committed 60308K, reserved 1101824K
  class space    used 6868K, capacity 7364K, committed 7384K, reserved 1048576K
}
Event: 19.078 GC heap before
{Heap before GC invocations=18 (full 3):
 PSYoungGen      total 433664K, used 433660K [0x00000000d5580000, 0x00000000f3980000, 0x0000000100000000)
  eden space 414208K, 100% used [0x00000000d5580000,0x00000000eea00000,0x00000000eea00000)
  from space 19456K, 99% used [0x00000000f0b00000,0x00000000f1dff3e8,0x00000000f1e00000)
  to   space 33792K, 0% used [0x00000000eea00000,0x00000000eea00000,0x00000000f0b00000)
 ParOldGen       total 91136K, used 48686K [0x0000000080000000, 0x0000000085900000, 0x00000000d5580000)
  object space 91136K, 53% used [0x0000000080000000,0x0000000082f8b898,0x0000000085900000)
 Metaspace       used 63420K, capacity 66392K, committed 66904K, reserved 1107968K
  class space    used 7472K, capacity 7961K, committed 8024K, reserved 1048576K
Event: 19.099 GC heap after
Heap after GC invocations=18 (full 3):
 PSYoungGen      total 448000K, used 28638K [0x00000000d5580000, 0x00000000fe480000, 0x0000000100000000)
  eden space 414208K, 0% used [0x00000000d5580000,0x00000000d5580000,0x00000000eea00000)
  from space 33792K, 84% used [0x00000000eea00000,0x00000000f05f7b30,0x00000000f0b00000)
  to   space 37888K, 0% used [0x00000000fbf80000,0x00000000fbf80000,0x00000000fe480000)
 ParOldGen       total 91136K, used 49126K [0x0000000080000000, 0x0000000085900000, 0x00000000d5580000)
  object space 91136K, 53% used [0x0000000080000000,0x0000000082ff9990,0x0000000085900000)
 Metaspace       used 63420K, capacity 66392K, committed 66904K, reserved 1107968K
  class space    used 7472K, capacity 7961K, committed 8024K, reserved 1048576K
}
Event: 26.378 GC heap before
{Heap before GC invocations=19 (full 3):
 PSYoungGen      total 448000K, used 442846K [0x00000000d5580000, 0x00000000fe480000, 0x0000000100000000)
  eden space 414208K, 100% used [0x00000000d5580000,0x00000000eea00000,0x00000000eea00000)
  from space 33792K, 84% used [0x00000000eea00000,0x00000000f05f7b30,0x00000000f0b00000)
  to   space 37888K, 0% used [0x00000000fbf80000,0x00000000fbf80000,0x00000000fe480000)
 ParOldGen       total 91136K, used 49126K [0x0000000080000000, 0x0000000085900000, 0x00000000d5580000)
  object space 91136K, 53% used [0x0000000080000000,0x0000000082ff9990,0x0000000085900000)
 Metaspace       used 72399K, capacity 76012K, committed 76248K, reserved 1116160K
  class space    used 8561K, capacity 9159K, committed 9176K, reserved 1048576K
Event: 26.397 GC heap after
Heap after GC invocations=19 (full 3):
 PSYoungGen      total 603136K, used 16411K [0x00000000d5580000, 0x00000000fd480000, 0x0000000100000000)
  eden space 581632K, 0% used [0x00000000d5580000,0x00000000d5580000,0x00000000f8d80000)
  from space 21504K, 76% used [0x00000000fbf80000,0x00000000fcf86e50,0x00000000fd480000)
  to   space 36352K, 0% used [0x00000000f8d80000,0x00000000f8d80000,0x00000000fb100000)
 ParOldGen       total 91136K, used 53313K [0x0000000080000000, 0x0000000085900000, 0x00000000d5580000)
  object space 91136K, 58% used [0x0000000080000000,0x0000000083410560,0x0000000085900000)
 Metaspace       used 72399K, capacity 76012K, committed 76248K, reserved 1116160K
  class space    used 8561K, capacity 9159K, committed 9176K, reserved 1048576K
}

