# JRE version: OpenJDK Runtime Environment (8.0_402-b06) (build 1.8.0_402-b06)
# Java VM: OpenJDK 64-Bit Server VM (25.402-b06 mixed mode linux-amd64 compressed oops)
Heap:
 PSYoungGen      total 387584K, used 113404K [0x000000076ab00000, 0x0000000784880000, 0x00000007c0000000)
  eden space 374784K, 26% used [0x000000076ab00000,0x0000000770d40810,0x0000000781900000)
  from space 12800K, 99% used [0x0000000783080000,0x0000000783cfeac8,0x0000000783d00000)
  to   space 24064K, 0% used [0x0000000781900000,0x0000000781900000,0x0000000783080000)
 ParOldGen       total 157184K, used 45931K [0x00000006c0000000, 0x00000006c9980000, 0x000000076ab00000)
  object space 157184K, 29% used [0x00000006c0000000,0x00000006c2cdaca8,0x00000006c9980000)
 Metaspace       used 46963K, capacity 49359K, committed 49576K, reserved 1093632K
  class space    used 5805K, capacity 6260K, committed 6312K, reserved 1048576K
GC Heap History (10 events):
Event: 2.829 GC heap before
{Heap before GC invocations=8 (full 1):
 PSYoungGen      total 207360K, used 207275K [0x000000076ab00000, 0x000000077b200000, 0x00000007c0000000)
  eden space 203776K, 100% used [0x000000076ab00000,0x0000000777200000,0x0000000777200000)
  from space 3584K, 97% used [0x000000077ae80000,0x000000077b1eaf10,0x000000077b200000)
  to   space 7680K, 0% used [0x000000077a300000,0x000000077a300000,0x000000077aa80000)
 ParOldGen       total 95744K, used 5081K [0x00000006c0000000, 0x00000006c5d80000, 0x000000076ab00000)
  object space 95744K, 5% used [0x00000006c0000000,0x00000006c04f67b0,0x00000006c5d80000)
 Metaspace       used 27975K, capacity 29460K, committed 29696K, reserved 1075200K
  class space    used 3674K, capacity 3987K, committed 4096K, reserved 1048576K
Event: 2.839 GC heap after
Heap after GC invocations=8 (full 1):
 PSYoungGen      total 261632K, used 4653K [0x000000076ab00000, 0x000000077f400000, 0x00000007c0000000)
  eden space 253952K, 0% used [0x000000076ab00000,0x000000076ab00000,0x000000077a300000)
  from space 7680K, 60% used [0x000000077a300000,0x000000077a78b638,0x000000077aa80000)
  to   space 7680K, 0% used [0x000000077ec80000,0x000000077ec80000,0x000000077f400000)
 ParOldGen       total 95744K, used 5081K [0x00000006c0000000, 0x00000006c5d80000, 0x000000076ab00000)
  object space 95744K, 5% used [0x00000006c0000000,0x00000006c04f67b0,0x00000006c5d80000)
 Metaspace       used 27975K, capacity 29460K, committed 29696K, reserved 1075200K
  class space    used 3674K, capacity 3987K, committed 4096K, reserved 1048576K
}
Event: 3.305 GC heap before
{Heap before GC invocations=9 (full 1):
 PSYoungGen      total 261632K, used 151109K [0x000000076ab00000, 0x000000077f400000, 0x00000007c0000000)
  eden space 253952K, 57% used [0x000000076ab00000,0x0000000773a05f78,0x000000077a300000)
  from space 7680K, 60% used [0x000000077a300000,0x000000077a78b638,0x000000077aa80000)
  to   space 7680K, 0% used [0x000000077ec80000,0x000000077ec80000,0x000000077f400000)
 ParOldGen       total 95744K, used 5081K [0x00000006c0000000, 0x00000006c5d80000, 0x000000076ab00000)
  object space 95744K, 5% used [0x00000006c0000000,0x00000006c04f67b0,0x00000006c5d80000)
 Metaspace       used 33766K, capacity 35368K, committed 35496K, reserved 1079296K
  class space    used 4428K, capacity 4764K, committed 4776K, reserved 1048576K
Event: 3.311 GC heap after
Heap after GC invocations=9 (full 1):
 PSYoungGen      total 328704K, used 6533K [0x000000076ab00000, 0x0000000784180000, 0x00000007c0000000)
  eden space 321024K, 0% used [0x000000076ab00000,0x000000076ab00000,0x000000077e480000)
  from space 7680K, 85% used [0x000000077ec80000,0x000000077f2e1578,0x000000077f400000)
  to   space 8192K, 0% used [0x000000077e480000,0x000000077e480000,0x000000077ec80000)
 ParOldGen       total 95744K, used 5089K [0x00000006c0000000, 0x00000006c5d80000, 0x000000076ab00000)
  object space 95744K, 5% used [0x00000006c0000000,0x00000006c04f87b0,0x00000006c5d80000)
 Metaspace       used 33766K, capacity 35368K, committed 35496K, reserved 1079296K
  class space    used 4428K, capacity 4764K, committed 4776K, reserved 1048576K
}
Event: 3.311 GC heap before
{Heap before GC invocations=10 (full 2):
 PSYoungGen      total 328704K, used 6533K [0x000000076ab00000, 0x0000000784180000, 0x00000007c0000000)
  eden space 321024K, 0% used [0x000000076ab00000,0x000000076ab00000,0x000000077e480000)
  from space 7680K, 85% used [0x000000077ec80000,0x000000077f2e1578,0x000000077f400000)
  to   space 8192K, 0% used [0x000000077e480000,0x000000077e480000,0x000000077ec80000)
 ParOldGen       total 95744K, used 5089K [0x00000006c0000000, 0x00000006c5d80000, 0x000000076ab00000)
  object space 95744K, 5% used [0x00000006c0000000,0x00000006c04f87b0,0x00000006c5d80000)
 Metaspace       used 33766K, capacity 35368K, committed 35496K, reserved 1079296K
  class space    used 4428K, capacity 4764K, committed 4776K, reserved 1048576K
Event: 3.359 GC heap after
Heap after GC invocations=10 (full 2):
 PSYoungGen      total 328704K, used 0K [0x000000076ab00000, 0x0000000784180000, 0x00000007c0000000)
  eden space 321024K, 0% used [0x000000076ab00000,0x000000076ab00000,0x000000077e480000)
  from space 7680K, 0% used [0x000000077ec80000,0x000000077ec80000,0x000000077f400000)
  to   space 8192K, 0% used [0x000000077e480000,0x000000077e480000,0x000000077ec80000)
 ParOldGen       total 157184K, used 10818K [0x00000006c0000000, 0x00000006c9980000, 0x000000076ab00000)
  object space 157184K, 6% used [0x00000006c0000000,0x00000006c0a908b8,0x00000006c9980000)
 Metaspace       used 33755K, capacity 35350K, committed 35496K, reserved 1079296K
  class space    used 4426K, capacity 4761K, committed 4776K, reserved 1048576K
}
Event: 6.714 GC heap before
{Heap before GC invocations=11 (full 2):
 PSYoungGen      total 328704K, used 321024K [0x000000076ab00000, 0x0000000784180000, 0x00000007c0000000)
  eden space 321024K, 100% used [0x000000076ab00000,0x000000077e480000,0x000000077e480000)
  from space 7680K, 0% used [0x000000077ec80000,0x000000077ec80000,0x000000077f400000)
  to   space 8192K, 0% used [0x000000077e480000,0x000000077e480000,0x000000077ec80000)
 ParOldGen       total 157184K, used 10818K [0x00000006c0000000, 0x00000006c9980000, 0x000000076ab00000)
  object space 157184K, 6% used [0x00000006c0000000,0x00000006c0a908b8,0x00000006c9980000)
 Metaspace       used 42962K, capacity 45059K, committed 45224K, reserved 1089536K
  class space    used 5373K, capacity 5780K, committed 5800K, reserved 1048576K
Event: 6.719 GC heap after
Heap after GC invocations=11 (full 2):
 PSYoungGen      total 329216K, used 8176K [0x000000076ab00000, 0x0000000783d00000, 0x00000007c0000000)
  eden space 321024K, 0% used [0x000000076ab00000,0x000000076ab00000,0x000000077e480000)
  from space 8192K, 99% used [0x000000077e480000,0x000000077ec7c040,0x000000077ec80000)
  to   space 12800K, 0% used [0x0000000783080000,0x0000000783080000,0x0000000783d00000)
 ParOldGen       total 157184K, used 20510K [0x00000006c0000000, 0x00000006c9980000, 0x000000076ab00000)
  object space 157184K, 13% used [0x00000006c0000000,0x00000006c1407a08,0x00000006c9980000)
 Metaspace       used 42962K, capacity 45059K, committed 45224K, reserved 1089536K
  class space    used 5373K, capacity 5780K, committed 5800K, reserved 1048576K
}
Event: 14.983 GC heap before
{Heap before GC invocations=12 (full 2):
 PSYoungGen      total 329216K, used 329200K [0x000000076ab00000, 0x0000000783d00000, 0x00000007c0000000)
  eden space 321024K, 100% used [0x000000076ab00000,0x000000077e480000,0x000000077e480000)
  from space 8192K, 99% used [0x000000077e480000,0x000000077ec7c040,0x000000077ec80000)
  to   space 12800K, 0% used [0x0000000783080000,0x0000000783080000,0x0000000783d00000)
 ParOldGen       total 157184K, used 20510K [0x00000006c0000000, 0x00000006c9980000, 0x000000076ab00000)
  object space 157184K, 13% used [0x00000006c0000000,0x00000006c1407a08,0x00000006c9980000)
 Metaspace       used 45715K, capacity 48091K, committed 48168K, reserved 1091584K
  class space    used 5709K, capacity 6148K, committed 6184K, reserved 1048576K
Event: 14.991 GC heap after
Heap after GC invocations=12 (full 2):
 PSYoungGen      total 387584K, used 12794K [0x000000076ab00000, 0x0000000784880000, 0x00000007c0000000)
  eden space 374784K, 0% used [0x000000076ab00000,0x000000076ab00000,0x0000000781900000)
  from space 12800K, 99% used [0x0000000783080000,0x0000000783cfeac8,0x0000000783d00000)
  to   space 24064K, 0% used [0x0000000781900000,0x0000000781900000,0x0000000783080000)
 ParOldGen       total 157184K, used 45931K [0x00000006c0000000, 0x00000006c9980000, 0x000000076ab00000)
  object space 157184K, 29% used [0x00000006c0000000,0x00000006c2cdaca8,0x00000006c9980000)
 Metaspace       used 45715K, capacity 48091K, committed 48168K, reserved 1091584K
  class space    used 5709K, capacity 6148K, committed 6184K, reserved 1048576K
}

