# JRE version: OpenJDK Runtime Environment (Zulu 8.64.0.19-CA-linux64) (8.0_345-b01) (build 1.8.0_345-b01)
# Java VM: OpenJDK 64-Bit Server VM (25.345-b01 mixed mode linux-amd64 compressed oops)
Heap:
 PSYoungGen      total 677888K, used 446252K [0x00000000d5580000, 0x0000000100000000, 0x0000000100000000)
  eden space 659456K, 67% used [0x00000000d5580000,0x00000000f06b5b28,0x00000000fd980000)
  from space 18432K, 14% used [0x00000000fd980000,0x00000000fdc15718,0x00000000feb80000)
  to   space 17920K, 0% used [0x00000000fee80000,0x00000000fee80000,0x0000000100000000)
 ParOldGen       total 145920K, used 74540K [0x0000000080000000, 0x0000000088e80000, 0x00000000d5580000)
  object space 145920K, 51% used [0x0000000080000000,0x00000000848cb3c8,0x0000000088e80000)
 Metaspace       used 87121K, capacity 92082K, committed 92248K, reserved 1130496K
  class space    used 9956K, capacity 10764K, committed 10840K, reserved 1048576K
GC Heap History (10 events):
Event: 61.826 GC heap before
{Heap before GC invocations=34 (full 3):
 PSYoungGen      total 675328K, used 659250K [0x00000000d5580000, 0x00000000ffe00000, 0x0000000100000000)
  eden space 655872K, 100% used [0x00000000d5580000,0x00000000fd600000,0x00000000fd600000)
  from space 19456K, 17% used [0x00000000feb00000,0x00000000fee4c928,0x00000000ffe00000)
  to   space 20480K, 0% used [0x00000000fd600000,0x00000000fd600000,0x00000000fea00000)
 ParOldGen       total 145920K, used 74424K [0x0000000080000000, 0x0000000088e80000, 0x00000000d5580000)
  object space 145920K, 51% used [0x0000000080000000,0x00000000848ae3b8,0x0000000088e80000)
 Metaspace       used 86993K, capacity 91910K, committed 92248K, reserved 1130496K
  class space    used 9944K, capacity 10728K, committed 10840K, reserved 1048576K
Event: 61.833 GC heap after
Heap after GC invocations=34 (full 3):
 PSYoungGen      total 676352K, used 3141K [0x00000000d5580000, 0x0000000100000000, 0x0000000100000000)
  eden space 655872K, 0% used [0x00000000d5580000,0x00000000d5580000,0x00000000fd600000)
  from space 20480K, 15% used [0x00000000fd600000,0x00000000fd911748,0x00000000fea00000)
  to   space 20480K, 0% used [0x00000000fec00000,0x00000000fec00000,0x0000000100000000)
 ParOldGen       total 145920K, used 74424K [0x0000000080000000, 0x0000000088e80000, 0x00000000d5580000)
  object space 145920K, 51% used [0x0000000080000000,0x00000000848ae3b8,0x0000000088e80000)
 Metaspace       used 86993K, capacity 91910K, committed 92248K, reserved 1130496K
  class space    used 9944K, capacity 10728K, committed 10840K, reserved 1048576K
}
Event: 64.866 GC heap before
{Heap before GC invocations=35 (full 3):
 PSYoungGen      total 676352K, used 659013K [0x00000000d5580000, 0x0000000100000000, 0x0000000100000000)
  eden space 655872K, 100% used [0x00000000d5580000,0x00000000fd600000,0x00000000fd600000)
  from space 20480K, 15% used [0x00000000fd600000,0x00000000fd911748,0x00000000fea00000)
  to   space 20480K, 0% used [0x00000000fec00000,0x00000000fec00000,0x0000000100000000)
 ParOldGen       total 145920K, used 74424K [0x0000000080000000, 0x0000000088e80000, 0x00000000d5580000)
  object space 145920K, 51% used [0x0000000080000000,0x00000000848ae3b8,0x0000000088e80000)
 Metaspace       used 87040K, capacity 91974K, committed 92248K, reserved 1130496K
  class space    used 9947K, capacity 10728K, committed 10840K, reserved 1048576K
Event: 64.872 GC heap after
Heap after GC invocations=35 (full 3):
 PSYoungGen      total 677376K, used 3013K [0x00000000d5580000, 0x00000000fff00000, 0x0000000100000000)
  eden space 657920K, 0% used [0x00000000d5580000,0x00000000d5580000,0x00000000fd800000)
  from space 19456K, 15% used [0x00000000fec00000,0x00000000feef1748,0x00000000fff00000)
  to   space 19968K, 0% used [0x00000000fd800000,0x00000000fd800000,0x00000000feb80000)
 ParOldGen       total 145920K, used 74500K [0x0000000080000000, 0x0000000088e80000, 0x00000000d5580000)
  object space 145920K, 51% used [0x0000000080000000,0x00000000848c13c8,0x0000000088e80000)
 Metaspace       used 87040K, capacity 91974K, committed 92248K, reserved 1130496K
  class space    used 9947K, capacity 10728K, committed 10840K, reserved 1048576K
}
Event: 67.337 GC heap before
{Heap before GC invocations=36 (full 3):
 PSYoungGen      total 677376K, used 660933K [0x00000000d5580000, 0x00000000fff00000, 0x0000000100000000)
  eden space 657920K, 100% used [0x00000000d5580000,0x00000000fd800000,0x00000000fd800000)
  from space 19456K, 15% used [0x00000000fec00000,0x00000000feef1748,0x00000000fff00000)
  to   space 19968K, 0% used [0x00000000fd800000,0x00000000fd800000,0x00000000feb80000)
 ParOldGen       total 145920K, used 74500K [0x0000000080000000, 0x0000000088e80000, 0x00000000d5580000)
  object space 145920K, 51% used [0x0000000080000000,0x00000000848c13c8,0x0000000088e80000)
 Metaspace       used 87053K, capacity 91974K, committed 92248K, reserved 1130496K
  class space    used 9947K, capacity 10728K, committed 10840K, reserved 1048576K
Event: 67.343 GC heap after
Heap after GC invocations=36 (full 3):
 PSYoungGen      total 677888K, used 2869K [0x00000000d5580000, 0x00000000fff80000, 0x0000000100000000)
  eden space 657920K, 0% used [0x00000000d5580000,0x00000000d5580000,0x00000000fd800000)
  from space 19968K, 14% used [0x00000000fd800000,0x00000000fdacd728,0x00000000feb80000)
  to   space 19456K, 0% used [0x00000000fec80000,0x00000000fec80000,0x00000000fff80000)
 ParOldGen       total 145920K, used 74516K [0x0000000080000000, 0x0000000088e80000, 0x00000000d5580000)
  object space 145920K, 51% used [0x0000000080000000,0x00000000848c53c8,0x0000000088e80000)
 Metaspace       used 87053K, capacity 91974K, committed 92248K, reserved 1130496K
  class space    used 9947K, capacity 10728K, committed 10840K, reserved 1048576K
}
Event: 69.896 GC heap before
{Heap before GC invocations=37 (full 3):
 PSYoungGen      total 677888K, used 660789K [0x00000000d5580000, 0x00000000fff80000, 0x0000000100000000)
  eden space 657920K, 100% used [0x00000000d5580000,0x00000000fd800000,0x00000000fd800000)
  from space 19968K, 14% used [0x00000000fd800000,0x00000000fdacd728,0x00000000feb80000)
  to   space 19456K, 0% used [0x00000000fec80000,0x00000000fec80000,0x00000000fff80000)
 ParOldGen       total 145920K, used 74516K [0x0000000080000000, 0x0000000088e80000, 0x00000000d5580000)
  object space 145920K, 51% used [0x0000000080000000,0x00000000848c53c8,0x0000000088e80000)
 Metaspace       used 87111K, capacity 92076K, committed 92248K, reserved 1130496K
  class space    used 9954K, capacity 10761K, committed 10840K, reserved 1048576K
Event: 69.901 GC heap after
Heap after GC invocations=37 (full 3):
 PSYoungGen      total 676864K, used 2850K [0x00000000d5580000, 0x00000000ffd80000, 0x0000000100000000)
  eden space 659456K, 0% used [0x00000000d5580000,0x00000000d5580000,0x00000000fd980000)
  from space 17408K, 16% used [0x00000000fec80000,0x00000000fef48908,0x00000000ffd80000)
  to   space 18432K, 0% used [0x00000000fd980000,0x00000000fd980000,0x00000000feb80000)
 ParOldGen       total 145920K, used 74524K [0x0000000080000000, 0x0000000088e80000, 0x00000000d5580000)
  object space 145920K, 51% used [0x0000000080000000,0x00000000848c73c8,0x0000000088e80000)
 Metaspace       used 87111K, capacity 92076K, committed 92248K, reserved 1130496K
  class space    used 9954K, capacity 10761K, committed 10840K, reserved 1048576K
}
Event: 72.350 GC heap before
{Heap before GC invocations=38 (full 3):
 PSYoungGen      total 676864K, used 662306K [0x00000000d5580000, 0x00000000ffd80000, 0x0000000100000000)
  eden space 659456K, 100% used [0x00000000d5580000,0x00000000fd980000,0x00000000fd980000)
  from space 17408K, 16% used [0x00000000fec80000,0x00000000fef48908,0x00000000ffd80000)
  to   space 18432K, 0% used [0x00000000fd980000,0x00000000fd980000,0x00000000feb80000)
 ParOldGen       total 145920K, used 74524K [0x0000000080000000, 0x0000000088e80000, 0x00000000d5580000)
  object space 145920K, 51% used [0x0000000080000000,0x00000000848c73c8,0x0000000088e80000)
 Metaspace       used 87111K, capacity 92076K, committed 92248K, reserved 1130496K
  class space    used 9954K, capacity 10761K, committed 10840K, reserved 1048576K
Event: 72.356 GC heap after
Heap after GC invocations=38 (full 3):
 PSYoungGen      total 677888K, used 2645K [0x00000000d5580000, 0x0000000100000000, 0x0000000100000000)
  eden space 659456K, 0% used [0x00000000d5580000,0x00000000d5580000,0x00000000fd980000)
  from space 18432K, 14% used [0x00000000fd980000,0x00000000fdc15718,0x00000000feb80000)
  to   space 17920K, 0% used [0x00000000fee80000,0x00000000fee80000,0x0000000100000000)
 ParOldGen       total 145920K, used 74540K [0x0000000080000000, 0x0000000088e80000, 0x00000000d5580000)
  object space 145920K, 51% used [0x0000000080000000,0x00000000848cb3c8,0x0000000088e80000)
 Metaspace       used 87111K, capacity 92076K, committed 92248K, reserved 1130496K
  class space    used 9954K, capacity 10761K, committed 10840K, reserved 1048576K
}

