# JRE version: OpenJDK Runtime Environment (8.0_372-b07) (build 1.8.0_372-b07)
# Java VM: OpenJDK 64-Bit Server VM (25.372-b07 mixed mode linux-amd64 compressed oops)
Heap:
 PSYoungGen      total 399360K, used 187369K [0x000000076ab00000, 0x000000078d280000, 0x00000007c0000000)
  eden space 382464K, 44% used [0x000000076ab00000,0x000000077517eca8,0x0000000782080000)
  from space 16896K, 99% used [0x0000000782080000,0x00000007830fb858,0x0000000783100000)
  to   space 23552K, 0% used [0x000000078bb80000,0x000000078bb80000,0x000000078d280000)
 ParOldGen       total 76288K, used 31000K [0x00000006c0000000, 0x00000006c4a80000, 0x000000076ab00000)
  object space 76288K, 40% used [0x00000006c0000000,0x00000006c1e460a8,0x00000006c4a80000)
 Metaspace       used 51054K, capacity 52860K, committed 53208K, reserved 1095680K
  class space    used 6035K, capacity 6397K, committed 6400K, reserved 1048576K
GC Heap History (10 events):
Event: 2.579 GC heap before
{Heap before GC invocations=7 (full 1):
 PSYoungGen      total 239104K, used 6711K [0x000000076ab00000, 0x000000077a400000, 0x00000007c0000000)
  eden space 225280K, 0% used [0x000000076ab00000,0x000000076ab00000,0x0000000778700000)
  from space 13824K, 48% used [0x0000000779680000,0x0000000779d0de58,0x000000077a400000)
  to   space 14848K, 0% used [0x0000000778700000,0x0000000778700000,0x0000000779580000)
 ParOldGen       total 75264K, used 15958K [0x00000006c0000000, 0x00000006c4980000, 0x000000076ab00000)
  object space 75264K, 21% used [0x00000006c0000000,0x00000006c0f95908,0x00000006c4980000)
 Metaspace       used 19868K, capacity 20998K, committed 21248K, reserved 1067008K
  class space    used 2425K, capacity 2691K, committed 2816K, reserved 1048576K
Event: 2.682 GC heap after
Heap after GC invocations=7 (full 1):
 PSYoungGen      total 239104K, used 0K [0x000000076ab00000, 0x000000077a400000, 0x00000007c0000000)
  eden space 225280K, 0% used [0x000000076ab00000,0x000000076ab00000,0x0000000778700000)
  from space 13824K, 0% used [0x0000000779680000,0x0000000779680000,0x000000077a400000)
  to   space 14848K, 0% used [0x0000000778700000,0x0000000778700000,0x0000000779580000)
 ParOldGen       total 65024K, used 19914K [0x00000006c0000000, 0x00000006c3f80000, 0x000000076ab00000)
  object space 65024K, 30% used [0x00000006c0000000,0x00000006c1372a28,0x00000006c3f80000)
 Metaspace       used 19868K, capacity 20998K, committed 21248K, reserved 1067008K
  class space    used 2425K, capacity 2691K, committed 2816K, reserved 1048576K
}
Event: 4.686 GC heap before
{Heap before GC invocations=8 (full 1):
 PSYoungGen      total 239104K, used 219883K [0x000000076ab00000, 0x000000077a400000, 0x00000007c0000000)
  eden space 225280K, 97% used [0x000000076ab00000,0x00000007781baec8,0x0000000778700000)
  from space 13824K, 0% used [0x0000000779680000,0x0000000779680000,0x000000077a400000)
  to   space 14848K, 0% used [0x0000000778700000,0x0000000778700000,0x0000000779580000)
 ParOldGen       total 65024K, used 19914K [0x00000006c0000000, 0x00000006c3f80000, 0x000000076ab00000)
  object space 65024K, 30% used [0x00000006c0000000,0x00000006c1372a28,0x00000006c3f80000)
 Metaspace       used 33709K, capacity 35178K, committed 35416K, reserved 1081344K
  class space    used 4136K, capacity 4414K, committed 4480K, reserved 1048576K
Event: 4.720 GC heap after
Heap after GC invocations=8 (full 1):
 PSYoungGen      total 240128K, used 14839K [0x000000076ab00000, 0x0000000784a00000, 0x00000007c0000000)
  eden space 225280K, 0% used [0x000000076ab00000,0x000000076ab00000,0x0000000778700000)
  from space 14848K, 99% used [0x0000000778700000,0x000000077957dd98,0x0000000779580000)
  to   space 17920K, 0% used [0x0000000783880000,0x0000000783880000,0x0000000784a00000)
 ParOldGen       total 65024K, used 20327K [0x00000006c0000000, 0x00000006c3f80000, 0x000000076ab00000)
  object space 65024K, 31% used [0x00000006c0000000,0x00000006c13d9e70,0x00000006c3f80000)
 Metaspace       used 33709K, capacity 35178K, committed 35416K, reserved 1081344K
  class space    used 4136K, capacity 4414K, committed 4480K, reserved 1048576K
}
Event: 4.720 GC heap before
{Heap before GC invocations=9 (full 2):
 PSYoungGen      total 240128K, used 14839K [0x000000076ab00000, 0x0000000784a00000, 0x00000007c0000000)
  eden space 225280K, 0% used [0x000000076ab00000,0x000000076ab00000,0x0000000778700000)
  from space 14848K, 99% used [0x0000000778700000,0x000000077957dd98,0x0000000779580000)
  to   space 17920K, 0% used [0x0000000783880000,0x0000000783880000,0x0000000784a00000)
 ParOldGen       total 65024K, used 20327K [0x00000006c0000000, 0x00000006c3f80000, 0x000000076ab00000)
  object space 65024K, 31% used [0x00000006c0000000,0x00000006c13d9e70,0x00000006c3f80000)
 Metaspace       used 33709K, capacity 35178K, committed 35416K, reserved 1081344K
  class space    used 4136K, capacity 4414K, committed 4480K, reserved 1048576K
Event: 4.810 GC heap after
Heap after GC invocations=9 (full 2):
 PSYoungGen      total 240128K, used 0K [0x000000076ab00000, 0x0000000784a00000, 0x00000007c0000000)
  eden space 225280K, 0% used [0x000000076ab00000,0x000000076ab00000,0x0000000778700000)
  from space 14848K, 0% used [0x0000000778700000,0x0000000778700000,0x0000000779580000)
  to   space 17920K, 0% used [0x0000000783880000,0x0000000783880000,0x0000000784a00000)
 ParOldGen       total 76288K, used 21606K [0x00000006c0000000, 0x00000006c4a80000, 0x000000076ab00000)
  object space 76288K, 28% used [0x00000006c0000000,0x00000006c1519b48,0x00000006c4a80000)
 Metaspace       used 33709K, capacity 35178K, committed 35416K, reserved 1081344K
  class space    used 4136K, capacity 4414K, committed 4480K, reserved 1048576K
}
Event: 5.898 GC heap before
{Heap before GC invocations=10 (full 2):
 PSYoungGen      total 240128K, used 225280K [0x000000076ab00000, 0x0000000784a00000, 0x00000007c0000000)
  eden space 225280K, 100% used [0x000000076ab00000,0x0000000778700000,0x0000000778700000)
  from space 14848K, 0% used [0x0000000778700000,0x0000000778700000,0x0000000779580000)
  to   space 17920K, 0% used [0x0000000783880000,0x0000000783880000,0x0000000784a00000)
 ParOldGen       total 76288K, used 21606K [0x00000006c0000000, 0x00000006c4a80000, 0x000000076ab00000)
  object space 76288K, 28% used [0x00000006c0000000,0x00000006c1519b48,0x00000006c4a80000)
 Metaspace       used 40342K, capacity 41912K, committed 42328K, reserved 1087488K
  class space    used 4908K, capacity 5215K, committed 5248K, reserved 1048576K
Event: 5.922 GC heap after
Heap after GC invocations=10 (full 2):
 PSYoungGen      total 385536K, used 8915K [0x000000076ab00000, 0x0000000784180000, 0x00000007c0000000)
  eden space 376320K, 0% used [0x000000076ab00000,0x000000076ab00000,0x0000000781a80000)
  from space 9216K, 96% used [0x0000000783880000,0x0000000784134c58,0x0000000784180000)
  to   space 16896K, 0% used [0x0000000782080000,0x0000000782080000,0x0000000783100000)
 ParOldGen       total 76288K, used 21614K [0x00000006c0000000, 0x00000006c4a80000, 0x000000076ab00000)
  object space 76288K, 28% used [0x00000006c0000000,0x00000006c151bb48,0x00000006c4a80000)
 Metaspace       used 40342K, capacity 41912K, committed 42328K, reserved 1087488K
  class space    used 4908K, capacity 5215K, committed 5248K, reserved 1048576K
}
Event: 7.382 GC heap before
{Heap before GC invocations=11 (full 2):
 PSYoungGen      total 385536K, used 385235K [0x000000076ab00000, 0x0000000784180000, 0x00000007c0000000)
  eden space 376320K, 100% used [0x000000076ab00000,0x0000000781a80000,0x0000000781a80000)
  from space 9216K, 96% used [0x0000000783880000,0x0000000784134c58,0x0000000784180000)
  to   space 16896K, 0% used [0x0000000782080000,0x0000000782080000,0x0000000783100000)
 ParOldGen       total 76288K, used 21614K [0x00000006c0000000, 0x00000006c4a80000, 0x000000076ab00000)
  object space 76288K, 28% used [0x00000006c0000000,0x00000006c151bb48,0x00000006c4a80000)
 Metaspace       used 47838K, capacity 49498K, committed 49880K, reserved 1093632K
  class space    used 5737K, capacity 6066K, committed 6144K, reserved 1048576K
Event: 7.418 GC heap after
Heap after GC invocations=11 (full 2):
 PSYoungGen      total 399360K, used 16878K [0x000000076ab00000, 0x000000078d280000, 0x00000007c0000000)
  eden space 382464K, 0% used [0x000000076ab00000,0x000000076ab00000,0x0000000782080000)
  from space 16896K, 99% used [0x0000000782080000,0x00000007830fb858,0x0000000783100000)
  to   space 23552K, 0% used [0x000000078bb80000,0x000000078bb80000,0x000000078d280000)
 ParOldGen       total 76288K, used 31000K [0x00000006c0000000, 0x00000006c4a80000, 0x000000076ab00000)
  object space 76288K, 40% used [0x00000006c0000000,0x00000006c1e460a8,0x00000006c4a80000)
 Metaspace       used 47838K, capacity 49498K, committed 49880K, reserved 1093632K
  class space    used 5737K, capacity 6066K, committed 6144K, reserved 1048576K
}

