# JRE version: OpenJDK Runtime Environment (8.0_372-b07) (build 1.8.0_372-b07)
# Java VM: OpenJDK 64-Bit Server VM (25.372-b07 mixed mode linux-amd64 compressed oops)
Heap:
 PSYoungGen      total 298496K, used 137110K [0x000000076ab00000, 0x000000077ed80000, 0x00000007c0000000)
  eden space 286208K, 47% used [0x000000076ab00000,0x00000007730e5a30,0x000000077c280000)
  from space 12288K, 0% used [0x000000077d480000,0x000000077d480000,0x000000077e080000)
  to   space 18432K, 0% used [0x000000077c280000,0x000000077c280000,0x000000077d480000)
 ParOldGen       total 165888K, used 71622K [0x00000006c0000000, 0x00000006ca200000, 0x000000076ab00000)
  object space 165888K, 43% used [0x00000006c0000000,0x00000006c45f1ad8,0x00000006ca200000)
 Metaspace       used 59009K, capacity 62142K, committed 62296K, reserved 1103872K
  class space    used 7171K, capacity 7710K, committed 7768K, reserved 1048576K
GC Heap History (10 events):
Event: 10.473 GC heap before
{Heap before GC invocations=11 (full 2):
 PSYoungGen      total 225792K, used 9197K [0x000000076ab00000, 0x0000000779480000, 0x00000007c0000000)
  eden space 216576K, 0% used [0x000000076ab00000,0x000000076ab00000,0x0000000777e80000)
  from space 9216K, 99% used [0x0000000777e80000,0x000000077877b470,0x0000000778780000)
  to   space 10752K, 0% used [0x0000000778a00000,0x0000000778a00000,0x0000000779480000)
 ParOldGen       total 51712K, used 8820K [0x00000006c0000000, 0x00000006c3280000, 0x000000076ab00000)
  object space 51712K, 17% used [0x00000006c0000000,0x00000006c089d058,0x00000006c3280000)
 Metaspace       used 32715K, capacity 35304K, committed 35416K, reserved 1079296K
  class space    used 4192K, capacity 4641K, committed 4696K, reserved 1048576K
Event: 10.537 GC heap after
Heap after GC invocations=11 (full 2):
 PSYoungGen      total 225792K, used 0K [0x000000076ab00000, 0x0000000779480000, 0x00000007c0000000)
  eden space 216576K, 0% used [0x000000076ab00000,0x000000076ab00000,0x0000000777e80000)
  from space 9216K, 0% used [0x0000000777e80000,0x0000000777e80000,0x0000000778780000)
  to   space 10752K, 0% used [0x0000000778a00000,0x0000000778a00000,0x0000000779480000)
 ParOldGen       total 77312K, used 15590K [0x00000006c0000000, 0x00000006c4b80000, 0x000000076ab00000)
  object space 77312K, 20% used [0x00000006c0000000,0x00000006c0f39920,0x00000006c4b80000)
 Metaspace       used 32715K, capacity 35304K, committed 35416K, reserved 1079296K
  class space    used 4192K, capacity 4641K, committed 4696K, reserved 1048576K
}
Event: 12.187 GC heap before
{Heap before GC invocations=12 (full 2):
 PSYoungGen      total 225792K, used 216576K [0x000000076ab00000, 0x0000000779480000, 0x00000007c0000000)
  eden space 216576K, 100% used [0x000000076ab00000,0x0000000777e80000,0x0000000777e80000)
  from space 9216K, 0% used [0x0000000777e80000,0x0000000777e80000,0x0000000778780000)
  to   space 10752K, 0% used [0x0000000778a00000,0x0000000778a00000,0x0000000779480000)
 ParOldGen       total 77312K, used 15590K [0x00000006c0000000, 0x00000006c4b80000, 0x000000076ab00000)
  object space 77312K, 20% used [0x00000006c0000000,0x00000006c0f39920,0x00000006c4b80000)
 Metaspace       used 43292K, capacity 46120K, committed 46424K, reserved 1089536K
  class space    used 5468K, capacity 5973K, committed 5976K, reserved 1048576K
Event: 12.206 GC heap after
Heap after GC invocations=12 (full 2):
 PSYoungGen      total 226304K, used 10741K [0x000000076ab00000, 0x000000077dc00000, 0x00000007c0000000)
  eden space 215552K, 0% used [0x000000076ab00000,0x000000076ab00000,0x0000000777d80000)
  from space 10752K, 99% used [0x0000000778a00000,0x000000077947d618,0x0000000779480000)
  to   space 12800K, 0% used [0x0000000777d80000,0x0000000777d80000,0x0000000778a00000)
 ParOldGen       total 77312K, used 16590K [0x00000006c0000000, 0x00000006c4b80000, 0x000000076ab00000)
  object space 77312K, 21% used [0x00000006c0000000,0x00000006c10338a8,0x00000006c4b80000)
 Metaspace       used 43292K, capacity 46120K, committed 46424K, reserved 1089536K
  class space    used 5468K, capacity 5973K, committed 5976K, reserved 1048576K
}
Event: 13.034 GC heap before
{Heap before GC invocations=13 (full 2):
 PSYoungGen      total 226304K, used 226293K [0x000000076ab00000, 0x000000077dc00000, 0x00000007c0000000)
  eden space 215552K, 100% used [0x000000076ab00000,0x0000000777d80000,0x0000000777d80000)
  from space 10752K, 99% used [0x0000000778a00000,0x000000077947d618,0x0000000779480000)
  to   space 12800K, 0% used [0x0000000777d80000,0x0000000777d80000,0x0000000778a00000)
 ParOldGen       total 77312K, used 16590K [0x00000006c0000000, 0x00000006c4b80000, 0x000000076ab00000)
  object space 77312K, 21% used [0x00000006c0000000,0x00000006c10338a8,0x00000006c4b80000)
 Metaspace       used 48387K, capacity 51274K, committed 51672K, reserved 1093632K
  class space    used 6027K, capacity 6508K, committed 6616K, reserved 1048576K
Event: 13.062 GC heap after
Heap after GC invocations=13 (full 2):
 PSYoungGen      total 228352K, used 7300K [0x000000076ab00000, 0x000000077e080000, 0x00000007c0000000)
  eden space 215552K, 0% used [0x000000076ab00000,0x000000076ab00000,0x0000000777d80000)
  from space 12800K, 57% used [0x0000000777d80000,0x00000007784a1330,0x0000000778a00000)
  to   space 12288K, 0% used [0x000000077d480000,0x000000077d480000,0x000000077e080000)
 ParOldGen       total 77312K, used 52587K [0x00000006c0000000, 0x00000006c4b80000, 0x000000076ab00000)
  object space 77312K, 68% used [0x00000006c0000000,0x00000006c335af48,0x00000006c4b80000)
 Metaspace       used 48387K, capacity 51274K, committed 51672K, reserved 1093632K
  class space    used 6027K, capacity 6508K, committed 6616K, reserved 1048576K
}
Event: 14.001 GC heap before
{Heap before GC invocations=14 (full 2):
 PSYoungGen      total 228352K, used 222852K [0x000000076ab00000, 0x000000077e080000, 0x00000007c0000000)
  eden space 215552K, 100% used [0x000000076ab00000,0x0000000777d80000,0x0000000777d80000)
  from space 12800K, 57% used [0x0000000777d80000,0x00000007784a1330,0x0000000778a00000)
  to   space 12288K, 0% used [0x000000077d480000,0x000000077d480000,0x000000077e080000)
 ParOldGen       total 77312K, used 52587K [0x00000006c0000000, 0x00000006c4b80000, 0x000000076ab00000)
  object space 77312K, 68% used [0x00000006c0000000,0x00000006c335af48,0x00000006c4b80000)
 Metaspace       used 54547K, capacity 57512K, committed 57688K, reserved 1099776K
  class space    used 6733K, capacity 7251K, committed 7256K, reserved 1048576K
Event: 14.022 GC heap after
Heap after GC invocations=14 (full 2):
 PSYoungGen      total 298496K, used 12277K [0x000000076ab00000, 0x000000077ed80000, 0x00000007c0000000)
  eden space 286208K, 0% used [0x000000076ab00000,0x000000076ab00000,0x000000077c280000)
  from space 12288K, 99% used [0x000000077d480000,0x000000077e07d768,0x000000077e080000)
  to   space 18432K, 0% used [0x000000077c280000,0x000000077c280000,0x000000077d480000)
 ParOldGen       total 77312K, used 64878K [0x00000006c0000000, 0x00000006c4b80000, 0x000000076ab00000)
  object space 77312K, 83% used [0x00000006c0000000,0x00000006c3f5b9a8,0x00000006c4b80000)
 Metaspace       used 54547K, capacity 57512K, committed 57688K, reserved 1099776K
  class space    used 6733K, capacity 7251K, committed 7256K, reserved 1048576K
}
Event: 14.022 GC heap before
{Heap before GC invocations=15 (full 3):
 PSYoungGen      total 298496K, used 12277K [0x000000076ab00000, 0x000000077ed80000, 0x00000007c0000000)
  eden space 286208K, 0% used [0x000000076ab00000,0x000000076ab00000,0x000000077c280000)
  from space 12288K, 99% used [0x000000077d480000,0x000000077e07d768,0x000000077e080000)
  to   space 18432K, 0% used [0x000000077c280000,0x000000077c280000,0x000000077d480000)
 ParOldGen       total 77312K, used 64878K [0x00000006c0000000, 0x00000006c4b80000, 0x000000076ab00000)
  object space 77312K, 83% used [0x00000006c0000000,0x00000006c3f5b9a8,0x00000006c4b80000)
 Metaspace       used 54547K, capacity 57512K, committed 57688K, reserved 1099776K
  class space    used 6733K, capacity 7251K, committed 7256K, reserved 1048576K
Event: 14.159 GC heap after
Heap after GC invocations=15 (full 3):
 PSYoungGen      total 298496K, used 0K [0x000000076ab00000, 0x000000077ed80000, 0x00000007c0000000)
  eden space 286208K, 0% used [0x000000076ab00000,0x000000076ab00000,0x000000077c280000)
  from space 12288K, 0% used [0x000000077d480000,0x000000077d480000,0x000000077e080000)
  to   space 18432K, 0% used [0x000000077c280000,0x000000077c280000,0x000000077d480000)
 ParOldGen       total 165888K, used 71622K [0x00000006c0000000, 0x00000006ca200000, 0x000000076ab00000)
  object space 165888K, 43% used [0x00000006c0000000,0x00000006c45f1ad8,0x00000006ca200000)
 Metaspace       used 54547K, capacity 57512K, committed 57688K, reserved 1099776K
  class space    used 6733K, capacity 7251K, committed 7256K, reserved 1048576K
}

