# JRE version: OpenJDK Runtime Environment (8.0_372-b07) (build 1.8.0_372-b07)
# Java VM: OpenJDK 64-Bit Server VM (25.372-b07 mixed mode linux-amd64 compressed oops)
Heap:
 PSYoungGen      total 233472K, used 230849K [0x000000076ab00000, 0x000000077da80000, 0x00000007c0000000)
  eden space 217600K, 98% used [0x000000076ab00000,0x0000000777cf5388,0x0000000777f80000)
  from space 15872K, 99% used [0x0000000777f80000,0x0000000778efb188,0x0000000778f00000)
  to   space 21504K, 0% used [0x000000077c580000,0x000000077c580000,0x000000077da80000)
 ParOldGen       total 99840K, used 24918K [0x00000006c0000000, 0x00000006c6180000, 0x000000076ab00000)
  object space 99840K, 24% used [0x00000006c0000000,0x00000006c1855a18,0x00000006c6180000)
 Metaspace       used 51112K, capacity 52878K, committed 53336K, reserved 1095680K
  class space    used 6051K, capacity 6410K, committed 6528K, reserved 1048576K
GC Heap History (10 events):
Event: 4.136 GC heap before
{Heap before GC invocations=7 (full 1):
 PSYoungGen      total 117248K, used 112640K [0x000000076ab00000, 0x000000077a600000, 0x00000007c0000000)
  eden space 112640K, 100% used [0x000000076ab00000,0x0000000771900000,0x0000000771900000)
  from space 4608K, 0% used [0x0000000771900000,0x0000000771900000,0x0000000771d80000)
  to   space 15872K, 0% used [0x0000000779680000,0x0000000779680000,0x000000077a600000)
 ParOldGen       total 73216K, used 17598K [0x00000006c0000000, 0x00000006c4780000, 0x000000076ab00000)
  object space 73216K, 24% used [0x00000006c0000000,0x00000006c112f918,0x00000006c4780000)
 Metaspace       used 29118K, capacity 30470K, committed 30848K, reserved 1077248K
  class space    used 3581K, capacity 3876K, committed 3968K, reserved 1048576K
Event: 4.155 GC heap after
Heap after GC invocations=7 (full 1):
 PSYoungGen      total 164864K, used 9703K [0x000000076ab00000, 0x000000077a000000, 0x00000007c0000000)
  eden space 155136K, 0% used [0x000000076ab00000,0x000000076ab00000,0x0000000774280000)
  from space 9728K, 99% used [0x0000000779680000,0x0000000779ff9c28,0x000000077a000000)
  to   space 15872K, 0% used [0x0000000778100000,0x0000000778100000,0x0000000779080000)
 ParOldGen       total 73216K, used 17598K [0x00000006c0000000, 0x00000006c4780000, 0x000000076ab00000)
  object space 73216K, 24% used [0x00000006c0000000,0x00000006c112f918,0x00000006c4780000)
 Metaspace       used 29118K, capacity 30470K, committed 30848K, reserved 1077248K
  class space    used 3581K, capacity 3876K, committed 3968K, reserved 1048576K
}
Event: 4.776 GC heap before
{Heap before GC invocations=8 (full 1):
 PSYoungGen      total 164864K, used 116154K [0x000000076ab00000, 0x000000077a000000, 0x00000007c0000000)
  eden space 155136K, 68% used [0x000000076ab00000,0x00000007712f4c48,0x0000000774280000)
  from space 9728K, 99% used [0x0000000779680000,0x0000000779ff9c28,0x000000077a000000)
  to   space 15872K, 0% used [0x0000000778100000,0x0000000778100000,0x0000000779080000)
 ParOldGen       total 73216K, used 17598K [0x00000006c0000000, 0x00000006c4780000, 0x000000076ab00000)
  object space 73216K, 24% used [0x00000006c0000000,0x00000006c112f918,0x00000006c4780000)
 Metaspace       used 33768K, capacity 35186K, committed 35416K, reserved 1081344K
  class space    used 4141K, capacity 4450K, committed 4480K, reserved 1048576K
Event: 4.793 GC heap after
Heap after GC invocations=8 (full 1):
 PSYoungGen      total 227840K, used 10447K [0x000000076ab00000, 0x0000000779f00000, 0x00000007c0000000)
  eden space 217088K, 0% used [0x000000076ab00000,0x000000076ab00000,0x0000000777f00000)
  from space 10752K, 97% used [0x0000000778100000,0x0000000778b33ce8,0x0000000778b80000)
  to   space 16384K, 0% used [0x0000000778f00000,0x0000000778f00000,0x0000000779f00000)
 ParOldGen       total 73216K, used 17670K [0x00000006c0000000, 0x00000006c4780000, 0x000000076ab00000)
  object space 73216K, 24% used [0x00000006c0000000,0x00000006c1141928,0x00000006c4780000)
 Metaspace       used 33768K, capacity 35186K, committed 35416K, reserved 1081344K
  class space    used 4141K, capacity 4450K, committed 4480K, reserved 1048576K
}
Event: 4.793 GC heap before
{Heap before GC invocations=9 (full 2):
 PSYoungGen      total 227840K, used 10447K [0x000000076ab00000, 0x0000000779f00000, 0x00000007c0000000)
  eden space 217088K, 0% used [0x000000076ab00000,0x000000076ab00000,0x0000000777f00000)
  from space 10752K, 97% used [0x0000000778100000,0x0000000778b33ce8,0x0000000778b80000)
  to   space 16384K, 0% used [0x0000000778f00000,0x0000000778f00000,0x0000000779f00000)
 ParOldGen       total 73216K, used 17670K [0x00000006c0000000, 0x00000006c4780000, 0x000000076ab00000)
  object space 73216K, 24% used [0x00000006c0000000,0x00000006c1141928,0x00000006c4780000)
 Metaspace       used 33768K, capacity 35186K, committed 35416K, reserved 1081344K
  class space    used 4141K, capacity 4450K, committed 4480K, reserved 1048576K
Event: 4.870 GC heap after
Heap after GC invocations=9 (full 2):
 PSYoungGen      total 227840K, used 0K [0x000000076ab00000, 0x0000000779f00000, 0x00000007c0000000)
  eden space 217088K, 0% used [0x000000076ab00000,0x000000076ab00000,0x0000000777f00000)
  from space 10752K, 0% used [0x0000000778100000,0x0000000778100000,0x0000000778b80000)
  to   space 16384K, 0% used [0x0000000778f00000,0x0000000778f00000,0x0000000779f00000)
 ParOldGen       total 99840K, used 17013K [0x00000006c0000000, 0x00000006c6180000, 0x000000076ab00000)
  object space 99840K, 17% used [0x00000006c0000000,0x00000006c109d4e0,0x00000006c6180000)
 Metaspace       used 33768K, capacity 35186K, committed 35416K, reserved 1081344K
  class space    used 4141K, capacity 4450K, committed 4480K, reserved 1048576K
}
Event: 5.896 GC heap before
{Heap before GC invocations=10 (full 2):
 PSYoungGen      total 227840K, used 217088K [0x000000076ab00000, 0x0000000779f00000, 0x00000007c0000000)
  eden space 217088K, 100% used [0x000000076ab00000,0x0000000777f00000,0x0000000777f00000)
  from space 10752K, 0% used [0x0000000778100000,0x0000000778100000,0x0000000778b80000)
  to   space 16384K, 0% used [0x0000000778f00000,0x0000000778f00000,0x0000000779f00000)
 ParOldGen       total 99840K, used 17013K [0x00000006c0000000, 0x00000006c6180000, 0x000000076ab00000)
  object space 99840K, 17% used [0x00000006c0000000,0x00000006c109d4e0,0x00000006c6180000)
 Metaspace       used 40530K, capacity 42092K, committed 42456K, reserved 1087488K
  class space    used 4935K, capacity 5261K, committed 5376K, reserved 1048576K
Event: 5.907 GC heap after
Heap after GC invocations=10 (full 2):
 PSYoungGen      total 233984K, used 9159K [0x000000076ab00000, 0x000000077e780000, 0x00000007c0000000)
  eden space 217600K, 0% used [0x000000076ab00000,0x000000076ab00000,0x0000000777f80000)
  from space 16384K, 55% used [0x0000000778f00000,0x00000007797f1d50,0x0000000779f00000)
  to   space 15872K, 0% used [0x0000000777f80000,0x0000000777f80000,0x0000000778f00000)
 ParOldGen       total 99840K, used 17021K [0x00000006c0000000, 0x00000006c6180000, 0x000000076ab00000)
  object space 99840K, 17% used [0x00000006c0000000,0x00000006c109f4e0,0x00000006c6180000)
 Metaspace       used 40530K, capacity 42092K, committed 42456K, reserved 1087488K
  class space    used 4935K, capacity 5261K, committed 5376K, reserved 1048576K
}
Event: 6.616 GC heap before
{Heap before GC invocations=11 (full 2):
 PSYoungGen      total 233984K, used 226759K [0x000000076ab00000, 0x000000077e780000, 0x00000007c0000000)
  eden space 217600K, 100% used [0x000000076ab00000,0x0000000777f80000,0x0000000777f80000)
  from space 16384K, 55% used [0x0000000778f00000,0x00000007797f1d50,0x0000000779f00000)
  to   space 15872K, 0% used [0x0000000777f80000,0x0000000777f80000,0x0000000778f00000)
 ParOldGen       total 99840K, used 17021K [0x00000006c0000000, 0x00000006c6180000, 0x000000076ab00000)
  object space 99840K, 17% used [0x00000006c0000000,0x00000006c109f4e0,0x00000006c6180000)
 Metaspace       used 45142K, capacity 46838K, committed 47064K, reserved 1091584K
  class space    used 5486K, capacity 5848K, committed 5888K, reserved 1048576K
Event: 6.639 GC heap after
Heap after GC invocations=11 (full 2):
 PSYoungGen      total 233472K, used 15852K [0x000000076ab00000, 0x000000077da80000, 0x00000007c0000000)
  eden space 217600K, 0% used [0x000000076ab00000,0x000000076ab00000,0x0000000777f80000)
  from space 15872K, 99% used [0x0000000777f80000,0x0000000778efb188,0x0000000778f00000)
  to   space 21504K, 0% used [0x000000077c580000,0x000000077c580000,0x000000077da80000)
 ParOldGen       total 99840K, used 24918K [0x00000006c0000000, 0x00000006c6180000, 0x000000076ab00000)
  object space 99840K, 24% used [0x00000006c0000000,0x00000006c1855a18,0x00000006c6180000)
 Metaspace       used 45142K, capacity 46838K, committed 47064K, reserved 1091584K
  class space    used 5486K, capacity 5848K, committed 5888K, reserved 1048576K
}

