# JRE version: OpenJDK Runtime Environment (8.0_372-b07) (build 1.8.0_372-b07)
# Java VM: OpenJDK 64-Bit Server VM (25.372-b07 mixed mode linux-amd64 compressed oops)
Heap:
 PSYoungGen      total 225792K, used 160897K [0x000000076ab00000, 0x000000077d300000, 0x00000007c0000000)
  eden space 211456K, 69% used [0x000000076ab00000,0x0000000773a20940,0x0000000777980000)
  from space 14336K, 99% used [0x0000000777980000,0x000000077877fd10,0x0000000778780000)
  to   space 19968K, 0% used [0x000000077bf80000,0x000000077bf80000,0x000000077d300000)
 ParOldGen       total 86528K, used 27639K [0x00000006c0000000, 0x00000006c5480000, 0x000000076ab00000)
  object space 86528K, 31% used [0x00000006c0000000,0x00000006c1afddc8,0x00000006c5480000)
 Metaspace       used 51150K, capacity 52948K, committed 53376K, reserved 1095680K
  class space    used 6050K, capacity 6407K, committed 6528K, reserved 1048576K
GC Heap History (10 events):
Event: 3.929 GC heap before
{Heap before GC invocations=9 (full 1):
 PSYoungGen      total 118784K, used 109568K [0x000000076ab00000, 0x0000000779a00000, 0x00000007c0000000)
  eden space 109568K, 100% used [0x000000076ab00000,0x0000000771600000,0x0000000771600000)
  from space 9216K, 0% used [0x0000000771600000,0x0000000771600000,0x0000000771f00000)
  to   space 12800K, 0% used [0x0000000778d80000,0x0000000778d80000,0x0000000779a00000)
 ParOldGen       total 59392K, used 12794K [0x00000006c0000000, 0x00000006c3a00000, 0x000000076ab00000)
  object space 59392K, 21% used [0x00000006c0000000,0x00000006c0c7eac0,0x00000006c3a00000)
 Metaspace       used 28857K, capacity 30236K, committed 30464K, reserved 1075200K
  class space    used 3550K, capacity 3837K, committed 3840K, reserved 1048576K
Event: 3.942 GC heap after
Heap after GC invocations=9 (full 1):
 PSYoungGen      total 171520K, used 8932K [0x000000076ab00000, 0x0000000779680000, 0x00000007c0000000)
  eden space 162304K, 0% used [0x000000076ab00000,0x000000076ab00000,0x0000000774980000)
  from space 9216K, 96% used [0x0000000778d80000,0x0000000779639180,0x0000000779680000)
  to   space 13312K, 0% used [0x0000000777c80000,0x0000000777c80000,0x0000000778980000)
 ParOldGen       total 59392K, used 12866K [0x00000006c0000000, 0x00000006c3a00000, 0x000000076ab00000)
  object space 59392K, 21% used [0x00000006c0000000,0x00000006c0c90ad0,0x00000006c3a00000)
 Metaspace       used 28857K, capacity 30236K, committed 30464K, reserved 1075200K
  class space    used 3550K, capacity 3837K, committed 3840K, reserved 1048576K
}
Event: 4.594 GC heap before
{Heap before GC invocations=10 (full 1):
 PSYoungGen      total 171520K, used 124628K [0x000000076ab00000, 0x0000000779680000, 0x00000007c0000000)
  eden space 162304K, 71% used [0x000000076ab00000,0x0000000771bfc058,0x0000000774980000)
  from space 9216K, 96% used [0x0000000778d80000,0x0000000779639180,0x0000000779680000)
  to   space 13312K, 0% used [0x0000000777c80000,0x0000000777c80000,0x0000000778980000)
 ParOldGen       total 59392K, used 12866K [0x00000006c0000000, 0x00000006c3a00000, 0x000000076ab00000)
  object space 59392K, 21% used [0x00000006c0000000,0x00000006c0c90ad0,0x00000006c3a00000)
 Metaspace       used 33789K, capacity 35204K, committed 35456K, reserved 1081344K
  class space    used 4152K, capacity 4425K, committed 4480K, reserved 1048576K
Event: 4.617 GC heap after
Heap after GC invocations=10 (full 1):
 PSYoungGen      total 222208K, used 10666K [0x000000076ab00000, 0x0000000779580000, 0x00000007c0000000)
  eden space 211456K, 0% used [0x000000076ab00000,0x000000076ab00000,0x0000000777980000)
  from space 10752K, 99% used [0x0000000777c80000,0x00000007786eabe8,0x0000000778700000)
  to   space 14336K, 0% used [0x0000000778780000,0x0000000778780000,0x0000000779580000)
 ParOldGen       total 59392K, used 12874K [0x00000006c0000000, 0x00000006c3a00000, 0x000000076ab00000)
  object space 59392K, 21% used [0x00000006c0000000,0x00000006c0c92ad0,0x00000006c3a00000)
 Metaspace       used 33789K, capacity 35204K, committed 35456K, reserved 1081344K
  class space    used 4152K, capacity 4425K, committed 4480K, reserved 1048576K
}
Event: 4.617 GC heap before
{Heap before GC invocations=11 (full 2):
 PSYoungGen      total 222208K, used 10666K [0x000000076ab00000, 0x0000000779580000, 0x00000007c0000000)
  eden space 211456K, 0% used [0x000000076ab00000,0x000000076ab00000,0x0000000777980000)
  from space 10752K, 99% used [0x0000000777c80000,0x00000007786eabe8,0x0000000778700000)
  to   space 14336K, 0% used [0x0000000778780000,0x0000000778780000,0x0000000779580000)
 ParOldGen       total 59392K, used 12874K [0x00000006c0000000, 0x00000006c3a00000, 0x000000076ab00000)
  object space 59392K, 21% used [0x00000006c0000000,0x00000006c0c92ad0,0x00000006c3a00000)
 Metaspace       used 33789K, capacity 35204K, committed 35456K, reserved 1081344K
  class space    used 4152K, capacity 4425K, committed 4480K, reserved 1048576K
Event: 4.693 GC heap after
Heap after GC invocations=11 (full 2):
 PSYoungGen      total 222208K, used 0K [0x000000076ab00000, 0x0000000779580000, 0x00000007c0000000)
  eden space 211456K, 0% used [0x000000076ab00000,0x000000076ab00000,0x0000000777980000)
  from space 10752K, 0% used [0x0000000777c80000,0x0000000777c80000,0x0000000778700000)
  to   space 14336K, 0% used [0x0000000778780000,0x0000000778780000,0x0000000779580000)
 ParOldGen       total 86528K, used 17378K [0x00000006c0000000, 0x00000006c5480000, 0x000000076ab00000)
  object space 86528K, 20% used [0x00000006c0000000,0x00000006c10f88a0,0x00000006c5480000)
 Metaspace       used 33789K, capacity 35204K, committed 35456K, reserved 1081344K
  class space    used 4152K, capacity 4425K, committed 4480K, reserved 1048576K
}
Event: 5.651 GC heap before
{Heap before GC invocations=12 (full 2):
 PSYoungGen      total 222208K, used 211456K [0x000000076ab00000, 0x0000000779580000, 0x00000007c0000000)
  eden space 211456K, 100% used [0x000000076ab00000,0x0000000777980000,0x0000000777980000)
  from space 10752K, 0% used [0x0000000777c80000,0x0000000777c80000,0x0000000778700000)
  to   space 14336K, 0% used [0x0000000778780000,0x0000000778780000,0x0000000779580000)
 ParOldGen       total 86528K, used 17378K [0x00000006c0000000, 0x00000006c5480000, 0x000000076ab00000)
  object space 86528K, 20% used [0x00000006c0000000,0x00000006c10f88a0,0x00000006c5480000)
 Metaspace       used 40371K, capacity 41906K, committed 42368K, reserved 1087488K
  class space    used 4916K, capacity 5220K, committed 5248K, reserved 1048576K
Event: 5.660 GC heap after
Heap after GC invocations=12 (full 2):
 PSYoungGen      total 225792K, used 8870K [0x000000076ab00000, 0x000000077c800000, 0x00000007c0000000)
  eden space 211456K, 0% used [0x000000076ab00000,0x000000076ab00000,0x0000000777980000)
  from space 14336K, 61% used [0x0000000778780000,0x0000000779029a48,0x0000000779580000)
  to   space 14336K, 0% used [0x0000000777980000,0x0000000777980000,0x0000000778780000)
 ParOldGen       total 86528K, used 17386K [0x00000006c0000000, 0x00000006c5480000, 0x000000076ab00000)
  object space 86528K, 20% used [0x00000006c0000000,0x00000006c10fa8a0,0x00000006c5480000)
 Metaspace       used 40371K, capacity 41906K, committed 42368K, reserved 1087488K
  class space    used 4916K, capacity 5220K, committed 5248K, reserved 1048576K
}
Event: 6.643 GC heap before
{Heap before GC invocations=13 (full 2):
 PSYoungGen      total 225792K, used 220326K [0x000000076ab00000, 0x000000077c800000, 0x00000007c0000000)
  eden space 211456K, 100% used [0x000000076ab00000,0x0000000777980000,0x0000000777980000)
  from space 14336K, 61% used [0x0000000778780000,0x0000000779029a48,0x0000000779580000)
  to   space 14336K, 0% used [0x0000000777980000,0x0000000777980000,0x0000000778780000)
 ParOldGen       total 86528K, used 17386K [0x00000006c0000000, 0x00000006c5480000, 0x000000076ab00000)
  object space 86528K, 20% used [0x00000006c0000000,0x00000006c10fa8a0,0x00000006c5480000)
 Metaspace       used 46319K, capacity 47964K, committed 48256K, reserved 1091584K
  class space    used 5594K, capacity 5941K, committed 6016K, reserved 1048576K
Event: 6.665 GC heap after
Heap after GC invocations=13 (full 2):
 PSYoungGen      total 225792K, used 14335K [0x000000076ab00000, 0x000000077d300000, 0x00000007c0000000)
  eden space 211456K, 0% used [0x000000076ab00000,0x000000076ab00000,0x0000000777980000)
  from space 14336K, 99% used [0x0000000777980000,0x000000077877fd10,0x0000000778780000)
  to   space 19968K, 0% used [0x000000077bf80000,0x000000077bf80000,0x000000077d300000)
 ParOldGen       total 86528K, used 27639K [0x00000006c0000000, 0x00000006c5480000, 0x000000076ab00000)
  object space 86528K, 31% used [0x00000006c0000000,0x00000006c1afddc8,0x00000006c5480000)
 Metaspace       used 46319K, capacity 47964K, committed 48256K, reserved 1091584K
  class space    used 5594K, capacity 5941K, committed 6016K, reserved 1048576K
}

