# JRE version: OpenJDK Runtime Environment (8.0_372-b07) (build 1.8.0_372-b07)
# Java VM: OpenJDK 64-Bit Server VM (25.372-b07 mixed mode linux-amd64 compressed oops)
Heap:
 PSYoungGen      total 240640K, used 148704K [0x000000076ab00000, 0x000000077e680000, 0x00000007c0000000)
  eden space 225792K, 59% used [0x000000076ab00000,0x0000000772dba4d8,0x0000000778780000)
  from space 14848K, 99% used [0x0000000778780000,0x00000007795fde60,0x0000000779600000)
  to   space 20480K, 0% used [0x000000077d280000,0x000000077d280000,0x000000077e680000)
 ParOldGen       total 83456K, used 27159K [0x00000006c0000000, 0x00000006c5180000, 0x000000076ab00000)
  object space 83456K, 32% used [0x00000006c0000000,0x00000006c1a85df0,0x00000006c5180000)
 Metaspace       used 51015K, capacity 52716K, committed 52992K, reserved 1095680K
  class space    used 6033K, capacity 6397K, committed 6400K, reserved 1048576K
GC Heap History (10 events):
Event: 4.083 GC heap before
{Heap before GC invocations=9 (full 1):
 PSYoungGen      total 119296K, used 109568K [0x000000076ab00000, 0x0000000779c00000, 0x00000007c0000000)
  eden space 109568K, 100% used [0x000000076ab00000,0x0000000771600000,0x0000000771600000)
  from space 9728K, 0% used [0x0000000771600000,0x0000000771600000,0x0000000771f80000)
  to   space 13824K, 0% used [0x0000000778e80000,0x0000000778e80000,0x0000000779c00000)
 ParOldGen       total 59904K, used 14844K [0x00000006c0000000, 0x00000006c3a80000, 0x000000076ab00000)
  object space 59904K, 24% used [0x00000006c0000000,0x00000006c0e7f3c0,0x00000006c3a80000)
 Metaspace       used 28935K, capacity 30338K, committed 30464K, reserved 1075200K
  class space    used 3553K, capacity 3830K, committed 3840K, reserved 1048576K
Event: 4.101 GC heap after
Heap after GC invocations=9 (full 1):
 PSYoungGen      total 180224K, used 9730K [0x000000076ab00000, 0x0000000779880000, 0x00000007c0000000)
  eden space 169984K, 0% used [0x000000076ab00000,0x000000076ab00000,0x0000000775100000)
  from space 10240K, 95% used [0x0000000778e80000,0x0000000779800bf8,0x0000000779880000)
  to   space 14336K, 0% used [0x0000000777c80000,0x0000000777c80000,0x0000000778a80000)
 ParOldGen       total 59904K, used 14852K [0x00000006c0000000, 0x00000006c3a80000, 0x000000076ab00000)
  object space 59904K, 24% used [0x00000006c0000000,0x00000006c0e813c0,0x00000006c3a80000)
 Metaspace       used 28935K, capacity 30338K, committed 30464K, reserved 1075200K
  class space    used 3553K, capacity 3830K, committed 3840K, reserved 1048576K
}
Event: 4.764 GC heap before
{Heap before GC invocations=10 (full 1):
 PSYoungGen      total 180224K, used 120651K [0x000000076ab00000, 0x0000000779880000, 0x00000007c0000000)
  eden space 169984K, 65% used [0x000000076ab00000,0x0000000771752238,0x0000000775100000)
  from space 10240K, 95% used [0x0000000778e80000,0x0000000779800bf8,0x0000000779880000)
  to   space 14336K, 0% used [0x0000000777c80000,0x0000000777c80000,0x0000000778a80000)
 ParOldGen       total 59904K, used 14852K [0x00000006c0000000, 0x00000006c3a80000, 0x000000076ab00000)
  object space 59904K, 24% used [0x00000006c0000000,0x00000006c0e813c0,0x00000006c3a80000)
 Metaspace       used 33800K, capacity 35258K, committed 35456K, reserved 1081344K
  class space    used 4151K, capacity 4446K, committed 4480K, reserved 1048576K
Event: 4.783 GC heap after
Heap after GC invocations=10 (full 1):
 PSYoungGen      total 228864K, used 10552K [0x000000076ab00000, 0x000000077a480000, 0x00000007c0000000)
  eden space 214528K, 0% used [0x000000076ab00000,0x000000076ab00000,0x0000000777c80000)
  from space 14336K, 73% used [0x0000000777c80000,0x00000007786ce300,0x0000000778a80000)
  to   space 14848K, 0% used [0x0000000779600000,0x0000000779600000,0x000000077a480000)
 ParOldGen       total 59904K, used 14852K [0x00000006c0000000, 0x00000006c3a80000, 0x000000076ab00000)
  object space 59904K, 24% used [0x00000006c0000000,0x00000006c0e813c0,0x00000006c3a80000)
 Metaspace       used 33800K, capacity 35258K, committed 35456K, reserved 1081344K
  class space    used 4151K, capacity 4446K, committed 4480K, reserved 1048576K
}
Event: 4.783 GC heap before
{Heap before GC invocations=11 (full 2):
 PSYoungGen      total 228864K, used 10552K [0x000000076ab00000, 0x000000077a480000, 0x00000007c0000000)
  eden space 214528K, 0% used [0x000000076ab00000,0x000000076ab00000,0x0000000777c80000)
  from space 14336K, 73% used [0x0000000777c80000,0x00000007786ce300,0x0000000778a80000)
  to   space 14848K, 0% used [0x0000000779600000,0x0000000779600000,0x000000077a480000)
 ParOldGen       total 59904K, used 14852K [0x00000006c0000000, 0x00000006c3a80000, 0x000000076ab00000)
  object space 59904K, 24% used [0x00000006c0000000,0x00000006c0e813c0,0x00000006c3a80000)
 Metaspace       used 33800K, capacity 35258K, committed 35456K, reserved 1081344K
  class space    used 4151K, capacity 4446K, committed 4480K, reserved 1048576K
Event: 4.881 GC heap after
Heap after GC invocations=11 (full 2):
 PSYoungGen      total 228864K, used 0K [0x000000076ab00000, 0x000000077a480000, 0x00000007c0000000)
  eden space 214528K, 0% used [0x000000076ab00000,0x000000076ab00000,0x0000000777c80000)
  from space 14336K, 0% used [0x0000000777c80000,0x0000000777c80000,0x0000000778a80000)
  to   space 14848K, 0% used [0x0000000779600000,0x0000000779600000,0x000000077a480000)
 ParOldGen       total 83456K, used 17281K [0x00000006c0000000, 0x00000006c5180000, 0x000000076ab00000)
  object space 83456K, 20% used [0x00000006c0000000,0x00000006c10e07b8,0x00000006c5180000)
 Metaspace       used 33800K, capacity 35258K, committed 35456K, reserved 1081344K
  class space    used 4151K, capacity 4446K, committed 4480K, reserved 1048576K
}
Event: 5.827 GC heap before
{Heap before GC invocations=12 (full 2):
 PSYoungGen      total 228864K, used 214528K [0x000000076ab00000, 0x000000077a480000, 0x00000007c0000000)
  eden space 214528K, 100% used [0x000000076ab00000,0x0000000777c80000,0x0000000777c80000)
  from space 14336K, 0% used [0x0000000777c80000,0x0000000777c80000,0x0000000778a80000)
  to   space 14848K, 0% used [0x0000000779600000,0x0000000779600000,0x000000077a480000)
 ParOldGen       total 83456K, used 17281K [0x00000006c0000000, 0x00000006c5180000, 0x000000076ab00000)
  object space 83456K, 20% used [0x00000006c0000000,0x00000006c10e07b8,0x00000006c5180000)
 Metaspace       used 40260K, capacity 41800K, committed 42112K, reserved 1085440K
  class space    used 4897K, capacity 5209K, committed 5248K, reserved 1048576K
Event: 5.835 GC heap after
Heap after GC invocations=12 (full 2):
 PSYoungGen      total 240640K, used 8740K [0x000000076ab00000, 0x000000077ce00000, 0x00000007c0000000)
  eden space 225792K, 0% used [0x000000076ab00000,0x000000076ab00000,0x0000000778780000)
  from space 14848K, 58% used [0x0000000779600000,0x0000000779e892b0,0x000000077a480000)
  to   space 14848K, 0% used [0x0000000778780000,0x0000000778780000,0x0000000779600000)
 ParOldGen       total 83456K, used 17289K [0x00000006c0000000, 0x00000006c5180000, 0x000000076ab00000)
  object space 83456K, 20% used [0x00000006c0000000,0x00000006c10e27b8,0x00000006c5180000)
 Metaspace       used 40260K, capacity 41800K, committed 42112K, reserved 1085440K
  class space    used 4897K, capacity 5209K, committed 5248K, reserved 1048576K
}
Event: 6.817 GC heap before
{Heap before GC invocations=13 (full 2):
 PSYoungGen      total 240640K, used 234532K [0x000000076ab00000, 0x000000077ce00000, 0x00000007c0000000)
  eden space 225792K, 100% used [0x000000076ab00000,0x0000000778780000,0x0000000778780000)
  from space 14848K, 58% used [0x0000000779600000,0x0000000779e892b0,0x000000077a480000)
  to   space 14848K, 0% used [0x0000000778780000,0x0000000778780000,0x0000000779600000)
 ParOldGen       total 83456K, used 17289K [0x00000006c0000000, 0x00000006c5180000, 0x000000076ab00000)
  object space 83456K, 20% used [0x00000006c0000000,0x00000006c10e27b8,0x00000006c5180000)
 Metaspace       used 46567K, capacity 48244K, committed 48512K, reserved 1091584K
  class space    used 5606K, capacity 5931K, committed 6016K, reserved 1048576K
Event: 6.842 GC heap after
Heap after GC invocations=13 (full 2):
 PSYoungGen      total 240640K, used 14839K [0x000000076ab00000, 0x000000077e680000, 0x00000007c0000000)
  eden space 225792K, 0% used [0x000000076ab00000,0x000000076ab00000,0x0000000778780000)
  from space 14848K, 99% used [0x0000000778780000,0x00000007795fde60,0x0000000779600000)
  to   space 20480K, 0% used [0x000000077d280000,0x000000077d280000,0x000000077e680000)
 ParOldGen       total 83456K, used 27159K [0x00000006c0000000, 0x00000006c5180000, 0x000000076ab00000)
  object space 83456K, 32% used [0x00000006c0000000,0x00000006c1a85df0,0x00000006c5180000)
 Metaspace       used 46567K, capacity 48244K, committed 48512K, reserved 1091584K
  class space    used 5606K, capacity 5931K, committed 6016K, reserved 1048576K
}

