# JRE version: OpenJDK Runtime Environment (8.0_372-b07) (build 1.8.0_372-b07)
# Java VM: OpenJDK 64-Bit Server VM (25.372-b07 mixed mode linux-amd64 compressed oops)
Heap:
 PSYoungGen      total 359424K, used 111619K [0x000000076ab00000, 0x0000000783f80000, 0x00000007c0000000)
  eden space 329216K, 33% used [0x000000076ab00000,0x0000000771800eb0,0x000000077ec80000)
  from space 30208K, 0% used [0x0000000780e00000,0x0000000780e00000,0x0000000782b80000)
  to   space 34304K, 0% used [0x000000077ec80000,0x000000077ec80000,0x0000000780e00000)
 ParOldGen       total 169984K, used 70841K [0x00000006c0000000, 0x00000006ca600000, 0x000000076ab00000)
  object space 169984K, 41% used [0x00000006c0000000,0x00000006c452e480,0x00000006ca600000)
 Metaspace       used 58953K, capacity 62056K, committed 62296K, reserved 1103872K
  class space    used 7166K, capacity 7705K, committed 7808K, reserved 1048576K
GC Heap History (10 events):
Event: 10.595 GC heap before
{Heap before GC invocations=9 (full 2):
 PSYoungGen      total 232960K, used 10272K [0x000000076ab00000, 0x000000077bd80000, 0x00000007c0000000)
  eden space 221184K, 0% used [0x000000076ab00000,0x000000076ab00000,0x0000000778300000)
  from space 11776K, 87% used [0x0000000778300000,0x0000000778d08118,0x0000000778e80000)
  to   space 12800K, 0% used [0x000000077b100000,0x000000077b100000,0x000000077bd80000)
 ParOldGen       total 60416K, used 12576K [0x00000006c0000000, 0x00000006c3b00000, 0x000000076ab00000)
  object space 60416K, 20% used [0x00000006c0000000,0x00000006c0c480f8,0x00000006c3b00000)
 Metaspace       used 32758K, capacity 35324K, committed 35456K, reserved 1079296K
  class space    used 4197K, capacity 4631K, committed 4736K, reserved 1048576K
Event: 10.710 GC heap after
Heap after GC invocations=9 (full 2):
 PSYoungGen      total 232960K, used 0K [0x000000076ab00000, 0x000000077bd80000, 0x00000007c0000000)
  eden space 221184K, 0% used [0x000000076ab00000,0x000000076ab00000,0x0000000778300000)
  from space 11776K, 0% used [0x0000000778300000,0x0000000778300000,0x0000000778e80000)
  to   space 12800K, 0% used [0x000000077b100000,0x000000077b100000,0x000000077bd80000)
 ParOldGen       total 83456K, used 15322K [0x00000006c0000000, 0x00000006c5180000, 0x000000076ab00000)
  object space 83456K, 18% used [0x00000006c0000000,0x00000006c0ef6aa8,0x00000006c5180000)
 Metaspace       used 32758K, capacity 35324K, committed 35456K, reserved 1079296K
  class space    used 4197K, capacity 4631K, committed 4736K, reserved 1048576K
}
Event: 12.175 GC heap before
{Heap before GC invocations=10 (full 2):
 PSYoungGen      total 232960K, used 221184K [0x000000076ab00000, 0x000000077bd80000, 0x00000007c0000000)
  eden space 221184K, 100% used [0x000000076ab00000,0x0000000778300000,0x0000000778300000)
  from space 11776K, 0% used [0x0000000778300000,0x0000000778300000,0x0000000778e80000)
  to   space 12800K, 0% used [0x000000077b100000,0x000000077b100000,0x000000077bd80000)
 ParOldGen       total 83456K, used 15322K [0x00000006c0000000, 0x00000006c5180000, 0x000000076ab00000)
  object space 83456K, 18% used [0x00000006c0000000,0x00000006c0ef6aa8,0x00000006c5180000)
 Metaspace       used 43302K, capacity 46116K, committed 46464K, reserved 1089536K
  class space    used 5470K, capacity 5933K, committed 6016K, reserved 1048576K
Event: 12.192 GC heap after
Heap after GC invocations=10 (full 2):
 PSYoungGen      total 266752K, used 11968K [0x000000076ab00000, 0x0000000780580000, 0x00000007c0000000)
  eden space 253952K, 0% used [0x000000076ab00000,0x000000076ab00000,0x000000077a300000)
  from space 12800K, 93% used [0x000000077b100000,0x000000077bcb01c8,0x000000077bd80000)
  to   space 14336K, 0% used [0x000000077a300000,0x000000077a300000,0x000000077b100000)
 ParOldGen       total 83456K, used 15322K [0x00000006c0000000, 0x00000006c5180000, 0x000000076ab00000)
  object space 83456K, 18% used [0x00000006c0000000,0x00000006c0ef6aa8,0x00000006c5180000)
 Metaspace       used 43302K, capacity 46116K, committed 46464K, reserved 1089536K
  class space    used 5470K, capacity 5933K, committed 6016K, reserved 1048576K
}
Event: 13.421 GC heap before
{Heap before GC invocations=11 (full 2):
 PSYoungGen      total 266752K, used 265920K [0x000000076ab00000, 0x0000000780580000, 0x00000007c0000000)
  eden space 253952K, 100% used [0x000000076ab00000,0x000000077a300000,0x000000077a300000)
  from space 12800K, 93% used [0x000000077b100000,0x000000077bcb01c8,0x000000077bd80000)
  to   space 14336K, 0% used [0x000000077a300000,0x000000077a300000,0x000000077b100000)
 ParOldGen       total 83456K, used 15322K [0x00000006c0000000, 0x00000006c5180000, 0x000000076ab00000)
  object space 83456K, 18% used [0x00000006c0000000,0x00000006c0ef6aa8,0x00000006c5180000)
 Metaspace       used 51233K, capacity 54174K, committed 54656K, reserved 1097728K
  class space    used 6397K, capacity 6916K, committed 7040K, reserved 1048576K
Event: 13.453 GC heap after
Heap after GC invocations=11 (full 2):
 PSYoungGen      total 268288K, used 14309K [0x000000076ab00000, 0x0000000782b80000, 0x00000007c0000000)
  eden space 253952K, 0% used [0x000000076ab00000,0x000000076ab00000,0x000000077a300000)
  from space 14336K, 99% used [0x000000077a300000,0x000000077b0f9468,0x000000077b100000)
  to   space 30208K, 0% used [0x0000000780e00000,0x0000000780e00000,0x0000000782b80000)
 ParOldGen       total 83456K, used 48971K [0x00000006c0000000, 0x00000006c5180000, 0x000000076ab00000)
  object space 83456K, 58% used [0x00000006c0000000,0x00000006c2fd2da0,0x00000006c5180000)
 Metaspace       used 51233K, capacity 54174K, committed 54656K, reserved 1097728K
  class space    used 6397K, capacity 6916K, committed 7040K, reserved 1048576K
}
Event: 14.200 GC heap before
{Heap before GC invocations=12 (full 2):
 PSYoungGen      total 268288K, used 214289K [0x000000076ab00000, 0x0000000782b80000, 0x00000007c0000000)
  eden space 253952K, 78% used [0x000000076ab00000,0x0000000776e4b120,0x000000077a300000)
  from space 14336K, 99% used [0x000000077a300000,0x000000077b0f9468,0x000000077b100000)
  to   space 30208K, 0% used [0x0000000780e00000,0x0000000780e00000,0x0000000782b80000)
 ParOldGen       total 83456K, used 48971K [0x00000006c0000000, 0x00000006c5180000, 0x000000076ab00000)
  object space 83456K, 58% used [0x00000006c0000000,0x00000006c2fd2da0,0x00000006c5180000)
 Metaspace       used 55889K, capacity 58834K, committed 59096K, reserved 1101824K
  class space    used 6852K, capacity 7376K, committed 7424K, reserved 1048576K
Event: 14.234 GC heap after
Heap after GC invocations=12 (full 2):
 PSYoungGen      total 359424K, used 27691K [0x000000076ab00000, 0x0000000783f80000, 0x00000007c0000000)
  eden space 329216K, 0% used [0x000000076ab00000,0x000000076ab00000,0x000000077ec80000)
  from space 30208K, 91% used [0x0000000780e00000,0x000000078290af90,0x0000000782b80000)
  to   space 34304K, 0% used [0x000000077ec80000,0x000000077ec80000,0x0000000780e00000)
 ParOldGen       total 83456K, used 48971K [0x00000006c0000000, 0x00000006c5180000, 0x000000076ab00000)
  object space 83456K, 58% used [0x00000006c0000000,0x00000006c2fd2da0,0x00000006c5180000)
 Metaspace       used 55889K, capacity 58834K, committed 59096K, reserved 1101824K
  class space    used 6852K, capacity 7376K, committed 7424K, reserved 1048576K
}
Event: 14.234 GC heap before
{Heap before GC invocations=13 (full 3):
 PSYoungGen      total 359424K, used 27691K [0x000000076ab00000, 0x0000000783f80000, 0x00000007c0000000)
  eden space 329216K, 0% used [0x000000076ab00000,0x000000076ab00000,0x000000077ec80000)
  from space 30208K, 91% used [0x0000000780e00000,0x000000078290af90,0x0000000782b80000)
  to   space 34304K, 0% used [0x000000077ec80000,0x000000077ec80000,0x0000000780e00000)
 ParOldGen       total 83456K, used 48971K [0x00000006c0000000, 0x00000006c5180000, 0x000000076ab00000)
  object space 83456K, 58% used [0x00000006c0000000,0x00000006c2fd2da0,0x00000006c5180000)
 Metaspace       used 55889K, capacity 58834K, committed 59096K, reserved 1101824K
  class space    used 6852K, capacity 7376K, committed 7424K, reserved 1048576K
Event: 14.404 GC heap after
Heap after GC invocations=13 (full 3):
 PSYoungGen      total 359424K, used 0K [0x000000076ab00000, 0x0000000783f80000, 0x00000007c0000000)
  eden space 329216K, 0% used [0x000000076ab00000,0x000000076ab00000,0x000000077ec80000)
  from space 30208K, 0% used [0x0000000780e00000,0x0000000780e00000,0x0000000782b80000)
  to   space 34304K, 0% used [0x000000077ec80000,0x000000077ec80000,0x0000000780e00000)
 ParOldGen       total 169984K, used 70841K [0x00000006c0000000, 0x00000006ca600000, 0x000000076ab00000)
  object space 169984K, 41% used [0x00000006c0000000,0x00000006c452e480,0x00000006ca600000)
 Metaspace       used 55889K, capacity 58834K, committed 59096K, reserved 1101824K
  class space    used 6852K, capacity 7376K, committed 7424K, reserved 1048576K
}

