# JRE version: OpenJDK Runtime Environment (8.0_372-b07) (build 1.8.0_372-b07)
# Java VM: OpenJDK 64-Bit Server VM (25.372-b07 mixed mode linux-amd64 compressed oops)
Heap:
 PSYoungGen      total 353792K, used 222265K [0x000000076ab00000, 0x000000078a680000, 0x00000007c0000000)
  eden space 342016K, 64% used [0x000000076ab00000,0x000000077840e6d0,0x000000077f900000)
  from space 11776K, 0% used [0x000000077f900000,0x000000077f900000,0x0000000780480000)
  to   space 16896K, 0% used [0x0000000789600000,0x0000000789600000,0x000000078a680000)
 ParOldGen       total 153088K, used 70416K [0x00000006c0000000, 0x00000006c9580000, 0x000000076ab00000)
  object space 153088K, 45% used [0x00000006c0000000,0x00000006c44c4120,0x00000006c9580000)
 Metaspace       used 58952K, capacity 62060K, committed 62592K, reserved 1103872K
  class space    used 7159K, capacity 7695K, committed 7808K, reserved 1048576K
GC Heap History (10 events):
Event: 12.023 GC heap before
{Heap before GC invocations=12 (full 2):
 PSYoungGen      total 225792K, used 216064K [0x000000076ab00000, 0x000000077b080000, 0x00000007c0000000)
  eden space 216064K, 100% used [0x000000076ab00000,0x0000000777e00000,0x0000000777e00000)
  from space 9728K, 0% used [0x0000000777e00000,0x0000000777e00000,0x0000000778780000)
  to   space 10752K, 0% used [0x000000077a600000,0x000000077a600000,0x000000077b080000)
 ParOldGen       total 71680K, used 15404K [0x00000006c0000000, 0x00000006c4600000, 0x000000076ab00000)
  object space 71680K, 21% used [0x00000006c0000000,0x00000006c0f0b268,0x00000006c4600000)
 Metaspace       used 43316K, capacity 46100K, committed 46464K, reserved 1089536K
  class space    used 5464K, capacity 5929K, committed 6016K, reserved 1048576K
Event: 12.041 GC heap after
Heap after GC invocations=12 (full 2):
 PSYoungGen      total 254976K, used 10749K [0x000000076ab00000, 0x000000077df00000, 0x00000007c0000000)
  eden space 244224K, 0% used [0x000000076ab00000,0x000000076ab00000,0x0000000779980000)
  from space 10752K, 99% used [0x000000077a600000,0x000000077b07f698,0x000000077b080000)
  to   space 12800K, 0% used [0x0000000779980000,0x0000000779980000,0x000000077a600000)
 ParOldGen       total 71680K, used 16573K [0x00000006c0000000, 0x00000006c4600000, 0x000000076ab00000)
  object space 71680K, 23% used [0x00000006c0000000,0x00000006c102f748,0x00000006c4600000)
 Metaspace       used 43316K, capacity 46100K, committed 46464K, reserved 1089536K
  class space    used 5464K, capacity 5929K, committed 6016K, reserved 1048576K
}
Event: 12.810 GC heap before
{Heap before GC invocations=13 (full 2):
 PSYoungGen      total 254976K, used 254973K [0x000000076ab00000, 0x000000077df00000, 0x00000007c0000000)
  eden space 244224K, 100% used [0x000000076ab00000,0x0000000779980000,0x0000000779980000)
  from space 10752K, 99% used [0x000000077a600000,0x000000077b07f698,0x000000077b080000)
  to   space 12800K, 0% used [0x0000000779980000,0x0000000779980000,0x000000077a600000)
 ParOldGen       total 71680K, used 16573K [0x00000006c0000000, 0x00000006c4600000, 0x000000076ab00000)
  object space 71680K, 23% used [0x00000006c0000000,0x00000006c102f748,0x00000006c4600000)
 Metaspace       used 48133K, capacity 50958K, committed 51328K, reserved 1093632K
  class space    used 6002K, capacity 6494K, committed 6528K, reserved 1048576K
Event: 12.851 GC heap after
Heap after GC invocations=13 (full 2):
 PSYoungGen      total 257024K, used 6966K [0x000000076ab00000, 0x0000000781080000, 0x00000007c0000000)
  eden space 244224K, 0% used [0x000000076ab00000,0x000000076ab00000,0x0000000779980000)
  from space 12800K, 54% used [0x0000000779980000,0x000000077a04da68,0x000000077a600000)
  to   space 12288K, 0% used [0x0000000780480000,0x0000000780480000,0x0000000781080000)
 ParOldGen       total 71680K, used 52635K [0x00000006c0000000, 0x00000006c4600000, 0x000000076ab00000)
  object space 71680K, 73% used [0x00000006c0000000,0x00000006c3366eb8,0x00000006c4600000)
 Metaspace       used 48133K, capacity 50958K, committed 51328K, reserved 1093632K
  class space    used 6002K, capacity 6494K, committed 6528K, reserved 1048576K
}
Event: 13.317 GC heap before
{Heap before GC invocations=14 (full 2):
 PSYoungGen      total 257024K, used 251190K [0x000000076ab00000, 0x0000000781080000, 0x00000007c0000000)
  eden space 244224K, 100% used [0x000000076ab00000,0x0000000779980000,0x0000000779980000)
  from space 12800K, 54% used [0x0000000779980000,0x000000077a04da68,0x000000077a600000)
  to   space 12288K, 0% used [0x0000000780480000,0x0000000780480000,0x0000000781080000)
 ParOldGen       total 71680K, used 52635K [0x00000006c0000000, 0x00000006c4600000, 0x000000076ab00000)
  object space 71680K, 73% used [0x00000006c0000000,0x00000006c3366eb8,0x00000006c4600000)
 Metaspace       used 51349K, capacity 54232K, committed 54656K, reserved 1097728K
  class space    used 6407K, capacity 6915K, committed 7040K, reserved 1048576K
Event: 13.336 GC heap after
Heap after GC invocations=14 (full 2):
 PSYoungGen      total 354304K, used 5669K [0x000000076ab00000, 0x0000000781380000, 0x00000007c0000000)
  eden space 342016K, 0% used [0x000000076ab00000,0x000000076ab00000,0x000000077f900000)
  from space 12288K, 46% used [0x0000000780480000,0x0000000780a09628,0x0000000781080000)
  to   space 11776K, 0% used [0x000000077f900000,0x000000077f900000,0x0000000780480000)
 ParOldGen       total 71680K, used 54427K [0x00000006c0000000, 0x00000006c4600000, 0x000000076ab00000)
  object space 71680K, 75% used [0x00000006c0000000,0x00000006c3526e78,0x00000006c4600000)
 Metaspace       used 51349K, capacity 54232K, committed 54656K, reserved 1097728K
  class space    used 6407K, capacity 6915K, committed 7040K, reserved 1048576K
}
Event: 14.065 GC heap before
{Heap before GC invocations=15 (full 2):
 PSYoungGen      total 354304K, used 347685K [0x000000076ab00000, 0x0000000781380000, 0x00000007c0000000)
  eden space 342016K, 100% used [0x000000076ab00000,0x000000077f900000,0x000000077f900000)
  from space 12288K, 46% used [0x0000000780480000,0x0000000780a09628,0x0000000781080000)
  to   space 11776K, 0% used [0x000000077f900000,0x000000077f900000,0x0000000780480000)
 ParOldGen       total 71680K, used 54427K [0x00000006c0000000, 0x00000006c4600000, 0x000000076ab00000)
  object space 71680K, 75% used [0x00000006c0000000,0x00000006c3526e78,0x00000006c4600000)
 Metaspace       used 55331K, capacity 58252K, committed 58624K, reserved 1099776K
  class space    used 6806K, capacity 7311K, committed 7424K, reserved 1048576K
Event: 14.091 GC heap after
Heap after GC invocations=15 (full 2):
 PSYoungGen      total 353792K, used 11749K [0x000000076ab00000, 0x000000078a680000, 0x00000007c0000000)
  eden space 342016K, 0% used [0x000000076ab00000,0x000000076ab00000,0x000000077f900000)
  from space 11776K, 99% used [0x000000077f900000,0x0000000780479518,0x0000000780480000)
  to   space 16896K, 0% used [0x0000000789600000,0x0000000789600000,0x000000078a680000)
 ParOldGen       total 71680K, used 64577K [0x00000006c0000000, 0x00000006c4600000, 0x000000076ab00000)
  object space 71680K, 90% used [0x00000006c0000000,0x00000006c3f10450,0x00000006c4600000)
 Metaspace       used 55331K, capacity 58252K, committed 58624K, reserved 1099776K
  class space    used 6806K, capacity 7311K, committed 7424K, reserved 1048576K
}
Event: 14.091 GC heap before
{Heap before GC invocations=16 (full 3):
 PSYoungGen      total 353792K, used 11749K [0x000000076ab00000, 0x000000078a680000, 0x00000007c0000000)
  eden space 342016K, 0% used [0x000000076ab00000,0x000000076ab00000,0x000000077f900000)
  from space 11776K, 99% used [0x000000077f900000,0x0000000780479518,0x0000000780480000)
  to   space 16896K, 0% used [0x0000000789600000,0x0000000789600000,0x000000078a680000)
 ParOldGen       total 71680K, used 64577K [0x00000006c0000000, 0x00000006c4600000, 0x000000076ab00000)
  object space 71680K, 90% used [0x00000006c0000000,0x00000006c3f10450,0x00000006c4600000)
 Metaspace       used 55331K, capacity 58252K, committed 58624K, reserved 1099776K
  class space    used 6806K, capacity 7311K, committed 7424K, reserved 1048576K
Event: 14.239 GC heap after
Heap after GC invocations=16 (full 3):
 PSYoungGen      total 353792K, used 0K [0x000000076ab00000, 0x000000078a680000, 0x00000007c0000000)
  eden space 342016K, 0% used [0x000000076ab00000,0x000000076ab00000,0x000000077f900000)
  from space 11776K, 0% used [0x000000077f900000,0x000000077f900000,0x0000000780480000)
  to   space 16896K, 0% used [0x0000000789600000,0x0000000789600000,0x000000078a680000)
 ParOldGen       total 153088K, used 70416K [0x00000006c0000000, 0x00000006c9580000, 0x000000076ab00000)
  object space 153088K, 45% used [0x00000006c0000000,0x00000006c44c4120,0x00000006c9580000)
 Metaspace       used 55331K, capacity 58252K, committed 58624K, reserved 1099776K
  class space    used 6806K, capacity 7311K, committed 7424K, reserved 1048576K
}

