# JRE version: OpenJDK Runtime Environment (8.0_372-b07) (build 1.8.0_372-b07)
# Java VM: OpenJDK 64-Bit Server VM (25.372-b07 mixed mode linux-amd64 compressed oops)
Heap:
 PSYoungGen      total 250368K, used 225428K [0x000000076ab00000, 0x000000077f580000, 0x00000007c0000000)
  eden space 235520K, 89% used [0x000000076ab00000,0x00000007778a6900,0x0000000779100000)
  from space 14848K, 99% used [0x0000000779100000,0x0000000779f7e7a0,0x0000000779f80000)
  to   space 20480K, 0% used [0x000000077e180000,0x000000077e180000,0x000000077f580000)
 ParOldGen       total 81408K, used 27001K [0x00000006c0000000, 0x00000006c4f80000, 0x000000076ab00000)
  object space 81408K, 33% used [0x00000006c0000000,0x00000006c1a5e640,0x00000006c4f80000)
 Metaspace       used 51030K, capacity 52732K, committed 53248K, reserved 1095680K
  class space    used 6033K, capacity 6397K, committed 6400K, reserved 1048576K
GC Heap History (10 events):
Event: 3.874 GC heap before
{Heap before GC invocations=9 (full 1):
 PSYoungGen      total 119296K, used 110080K [0x000000076ab00000, 0x0000000779d00000, 0x00000007c0000000)
  eden space 110080K, 100% used [0x000000076ab00000,0x0000000771680000,0x0000000771680000)
  from space 9216K, 0% used [0x0000000771680000,0x0000000771680000,0x0000000771f80000)
  to   space 13824K, 0% used [0x0000000778f80000,0x0000000778f80000,0x0000000779d00000)
 ParOldGen       total 59392K, used 14855K [0x00000006c0000000, 0x00000006c3a00000, 0x000000076ab00000)
  object space 59392K, 25% used [0x00000006c0000000,0x00000006c0e81e30,0x00000006c3a00000)
 Metaspace       used 28904K, capacity 30290K, committed 30464K, reserved 1075200K
  class space    used 3551K, capacity 3830K, committed 3840K, reserved 1048576K
Event: 3.893 GC heap after
Heap after GC invocations=9 (full 1):
 PSYoungGen      total 183808K, used 9280K [0x000000076ab00000, 0x0000000779900000, 0x00000007c0000000)
  eden space 174080K, 0% used [0x000000076ab00000,0x000000076ab00000,0x0000000775500000)
  from space 9728K, 95% used [0x0000000778f80000,0x0000000779890180,0x0000000779900000)
  to   space 14336K, 0% used [0x0000000777d00000,0x0000000777d00000,0x0000000778b00000)
 ParOldGen       total 59392K, used 14863K [0x00000006c0000000, 0x00000006c3a00000, 0x000000076ab00000)
  object space 59392K, 25% used [0x00000006c0000000,0x00000006c0e83e30,0x00000006c3a00000)
 Metaspace       used 28904K, capacity 30290K, committed 30464K, reserved 1075200K
  class space    used 3551K, capacity 3830K, committed 3840K, reserved 1048576K
}
Event: 4.511 GC heap before
{Heap before GC invocations=10 (full 1):
 PSYoungGen      total 183808K, used 120753K [0x000000076ab00000, 0x0000000779900000, 0x00000007c0000000)
  eden space 174080K, 64% used [0x000000076ab00000,0x00000007717dc320,0x0000000775500000)
  from space 9728K, 95% used [0x0000000778f80000,0x0000000779890180,0x0000000779900000)
  to   space 14336K, 0% used [0x0000000777d00000,0x0000000777d00000,0x0000000778b00000)
 ParOldGen       total 59392K, used 14863K [0x00000006c0000000, 0x00000006c3a00000, 0x000000076ab00000)
  object space 59392K, 25% used [0x00000006c0000000,0x00000006c0e83e30,0x00000006c3a00000)
 Metaspace       used 33780K, capacity 35210K, committed 35456K, reserved 1081344K
  class space    used 4151K, capacity 4446K, committed 4480K, reserved 1048576K
Event: 4.532 GC heap after
Heap after GC invocations=10 (full 1):
 PSYoungGen      total 229376K, used 10566K [0x000000076ab00000, 0x000000077ae00000, 0x00000007c0000000)
  eden space 215040K, 0% used [0x000000076ab00000,0x000000076ab00000,0x0000000777d00000)
  from space 14336K, 73% used [0x0000000777d00000,0x0000000778751a80,0x0000000778b00000)
  to   space 14848K, 0% used [0x0000000779f80000,0x0000000779f80000,0x000000077ae00000)
 ParOldGen       total 59392K, used 14935K [0x00000006c0000000, 0x00000006c3a00000, 0x000000076ab00000)
  object space 59392K, 25% used [0x00000006c0000000,0x00000006c0e95e40,0x00000006c3a00000)
 Metaspace       used 33780K, capacity 35210K, committed 35456K, reserved 1081344K
  class space    used 4151K, capacity 4446K, committed 4480K, reserved 1048576K
}
Event: 4.532 GC heap before
{Heap before GC invocations=11 (full 2):
 PSYoungGen      total 229376K, used 10566K [0x000000076ab00000, 0x000000077ae00000, 0x00000007c0000000)
  eden space 215040K, 0% used [0x000000076ab00000,0x000000076ab00000,0x0000000777d00000)
  from space 14336K, 73% used [0x0000000777d00000,0x0000000778751a80,0x0000000778b00000)
  to   space 14848K, 0% used [0x0000000779f80000,0x0000000779f80000,0x000000077ae00000)
 ParOldGen       total 59392K, used 14935K [0x00000006c0000000, 0x00000006c3a00000, 0x000000076ab00000)
  object space 59392K, 25% used [0x00000006c0000000,0x00000006c0e95e40,0x00000006c3a00000)
 Metaspace       used 33780K, capacity 35210K, committed 35456K, reserved 1081344K
  class space    used 4151K, capacity 4446K, committed 4480K, reserved 1048576K
Event: 4.603 GC heap after
Heap after GC invocations=11 (full 2):
 PSYoungGen      total 229376K, used 0K [0x000000076ab00000, 0x000000077ae00000, 0x00000007c0000000)
  eden space 215040K, 0% used [0x000000076ab00000,0x000000076ab00000,0x0000000777d00000)
  from space 14336K, 0% used [0x0000000777d00000,0x0000000777d00000,0x0000000778b00000)
  to   space 14848K, 0% used [0x0000000779f80000,0x0000000779f80000,0x000000077ae00000)
 ParOldGen       total 81408K, used 17333K [0x00000006c0000000, 0x00000006c4f80000, 0x000000076ab00000)
  object space 81408K, 21% used [0x00000006c0000000,0x00000006c10ed5e0,0x00000006c4f80000)
 Metaspace       used 33780K, capacity 35210K, committed 35456K, reserved 1081344K
  class space    used 4151K, capacity 4446K, committed 4480K, reserved 1048576K
}
Event: 5.592 GC heap before
{Heap before GC invocations=12 (full 2):
 PSYoungGen      total 229376K, used 215040K [0x000000076ab00000, 0x000000077ae00000, 0x00000007c0000000)
  eden space 215040K, 100% used [0x000000076ab00000,0x0000000777d00000,0x0000000777d00000)
  from space 14336K, 0% used [0x0000000777d00000,0x0000000777d00000,0x0000000778b00000)
  to   space 14848K, 0% used [0x0000000779f80000,0x0000000779f80000,0x000000077ae00000)
 ParOldGen       total 81408K, used 17333K [0x00000006c0000000, 0x00000006c4f80000, 0x000000076ab00000)
  object space 81408K, 21% used [0x00000006c0000000,0x00000006c10ed5e0,0x00000006c4f80000)
 Metaspace       used 40278K, capacity 41840K, committed 42112K, reserved 1085440K
  class space    used 4904K, capacity 5213K, committed 5248K, reserved 1048576K
Event: 5.608 GC heap after
Heap after GC invocations=12 (full 2):
 PSYoungGen      total 250368K, used 8789K [0x000000076ab00000, 0x000000077d580000, 0x00000007c0000000)
  eden space 235520K, 0% used [0x000000076ab00000,0x000000076ab00000,0x0000000779100000)
  from space 14848K, 59% used [0x0000000779f80000,0x000000077a815560,0x000000077ae00000)
  to   space 14848K, 0% used [0x0000000779100000,0x0000000779100000,0x0000000779f80000)
 ParOldGen       total 81408K, used 17341K [0x00000006c0000000, 0x00000006c4f80000, 0x000000076ab00000)
  object space 81408K, 21% used [0x00000006c0000000,0x00000006c10ef5e0,0x00000006c4f80000)
 Metaspace       used 40278K, capacity 41840K, committed 42112K, reserved 1085440K
  class space    used 4904K, capacity 5213K, committed 5248K, reserved 1048576K
}
Event: 7.039 GC heap before
{Heap before GC invocations=13 (full 2):
 PSYoungGen      total 250368K, used 244309K [0x000000076ab00000, 0x000000077d580000, 0x00000007c0000000)
  eden space 235520K, 100% used [0x000000076ab00000,0x0000000779100000,0x0000000779100000)
  from space 14848K, 59% used [0x0000000779f80000,0x000000077a815560,0x000000077ae00000)
  to   space 14848K, 0% used [0x0000000779100000,0x0000000779100000,0x0000000779f80000)
 ParOldGen       total 81408K, used 17341K [0x00000006c0000000, 0x00000006c4f80000, 0x000000076ab00000)
  object space 81408K, 21% used [0x00000006c0000000,0x00000006c10ef5e0,0x00000006c4f80000)
 Metaspace       used 45153K, capacity 46788K, committed 47104K, reserved 1091584K
  class space    used 5484K, capacity 5803K, committed 5888K, reserved 1048576K
Event: 7.057 GC heap after
Heap after GC invocations=13 (full 2):
 PSYoungGen      total 250368K, used 14841K [0x000000076ab00000, 0x000000077f580000, 0x00000007c0000000)
  eden space 235520K, 0% used [0x000000076ab00000,0x000000076ab00000,0x0000000779100000)
  from space 14848K, 99% used [0x0000000779100000,0x0000000779f7e7a0,0x0000000779f80000)
  to   space 20480K, 0% used [0x000000077e180000,0x000000077e180000,0x000000077f580000)
 ParOldGen       total 81408K, used 27001K [0x00000006c0000000, 0x00000006c4f80000, 0x000000076ab00000)
  object space 81408K, 33% used [0x00000006c0000000,0x00000006c1a5e640,0x00000006c4f80000)
 Metaspace       used 45153K, capacity 46788K, committed 47104K, reserved 1091584K
  class space    used 5484K, capacity 5803K, committed 5888K, reserved 1048576K
}

