# JRE version: OpenJDK Runtime Environment (8.0_372-b07) (build 1.8.0_372-b07)
# Java VM: OpenJDK 64-Bit Server VM (25.372-b07 mixed mode linux-amd64 compressed oops)
Heap:
 PSYoungGen      total 323072K, used 80718K [0x000000076ab00000, 0x0000000780a00000, 0x00000007c0000000)
  eden space 308736K, 21% used [0x000000076ab00000,0x000000076ebd55c8,0x000000077d880000)
  from space 14336K, 99% used [0x000000077ed00000,0x000000077fafe310,0x000000077fb00000)
  to   space 20992K, 0% used [0x000000077d880000,0x000000077d880000,0x000000077ed00000)
 ParOldGen       total 80384K, used 30660K [0x00000006c0000000, 0x00000006c4e80000, 0x000000076ab00000)
  object space 80384K, 38% used [0x00000006c0000000,0x00000006c1df1000,0x00000006c4e80000)
 Metaspace       used 50727K, capacity 52470K, committed 52824K, reserved 1095680K
  class space    used 6052K, capacity 6445K, committed 6528K, reserved 1048576K
GC Heap History (10 events):
Event: 5.232 GC heap before
{Heap before GC invocations=10 (full 1):
 PSYoungGen      total 188416K, used 188235K [0x000000076ab00000, 0x0000000779600000, 0x00000007c0000000)
  eden space 179712K, 100% used [0x000000076ab00000,0x0000000775a80000,0x0000000775a80000)
  from space 8704K, 97% used [0x0000000778d80000,0x00000007795d2fc0,0x0000000779600000)
  to   space 10752K, 0% used [0x0000000778100000,0x0000000778100000,0x0000000778b80000)
 ParOldGen       total 52736K, used 11373K [0x00000006c0000000, 0x00000006c3380000, 0x000000076ab00000)
  object space 52736K, 21% used [0x00000006c0000000,0x00000006c0b1b6c8,0x00000006c3380000)
 Metaspace       used 31183K, capacity 32466K, committed 32896K, reserved 1077248K
  class space    used 3881K, capacity 4159K, committed 4224K, reserved 1048576K
Event: 5.256 GC heap after
Heap after GC invocations=10 (full 1):
 PSYoungGen      total 229888K, used 10732K [0x000000076ab00000, 0x000000077b480000, 0x00000007c0000000)
  eden space 219136K, 0% used [0x000000076ab00000,0x000000076ab00000,0x0000000778100000)
  from space 10752K, 99% used [0x0000000778100000,0x0000000778b7b338,0x0000000778b80000)
  to   space 13824K, 0% used [0x000000077a700000,0x000000077a700000,0x000000077b480000)
 ParOldGen       total 52736K, used 16373K [0x00000006c0000000, 0x00000006c3380000, 0x000000076ab00000)
  object space 52736K, 31% used [0x00000006c0000000,0x00000006c0ffd530,0x00000006c3380000)
 Metaspace       used 31183K, capacity 32466K, committed 32896K, reserved 1077248K
  class space    used 3881K, capacity 4159K, committed 4224K, reserved 1048576K
}
Event: 5.846 GC heap before
{Heap before GC invocations=11 (full 1):
 PSYoungGen      total 229888K, used 62755K [0x000000076ab00000, 0x000000077b480000, 0x00000007c0000000)
  eden space 219136K, 23% used [0x000000076ab00000,0x000000076ddcdab0,0x0000000778100000)
  from space 10752K, 99% used [0x0000000778100000,0x0000000778b7b338,0x0000000778b80000)
  to   space 13824K, 0% used [0x000000077a700000,0x000000077a700000,0x000000077b480000)
 ParOldGen       total 52736K, used 16373K [0x00000006c0000000, 0x00000006c3380000, 0x000000076ab00000)
  object space 52736K, 31% used [0x00000006c0000000,0x00000006c0ffd530,0x00000006c3380000)
 Metaspace       used 33734K, capacity 35078K, committed 35416K, reserved 1081344K
  class space    used 4154K, capacity 4455K, committed 4480K, reserved 1048576K
Event: 5.869 GC heap after
Heap after GC invocations=11 (full 1):
 PSYoungGen      total 258560K, used 5744K [0x000000076ab00000, 0x000000077ec80000, 0x00000007c0000000)
  eden space 244736K, 0% used [0x000000076ab00000,0x000000076ab00000,0x0000000779a00000)
  from space 13824K, 41% used [0x000000077a700000,0x000000077ac9c138,0x000000077b480000)
  to   space 13312K, 0% used [0x0000000779a00000,0x0000000779a00000,0x000000077a700000)
 ParOldGen       total 52736K, used 20733K [0x00000006c0000000, 0x00000006c3380000, 0x000000076ab00000)
  object space 52736K, 39% used [0x00000006c0000000,0x00000006c143f628,0x00000006c3380000)
 Metaspace       used 33734K, capacity 35078K, committed 35416K, reserved 1081344K
  class space    used 4154K, capacity 4455K, committed 4480K, reserved 1048576K
}
Event: 5.869 GC heap before
{Heap before GC invocations=12 (full 2):
 PSYoungGen      total 258560K, used 5744K [0x000000076ab00000, 0x000000077ec80000, 0x00000007c0000000)
  eden space 244736K, 0% used [0x000000076ab00000,0x000000076ab00000,0x0000000779a00000)
  from space 13824K, 41% used [0x000000077a700000,0x000000077ac9c138,0x000000077b480000)
  to   space 13312K, 0% used [0x0000000779a00000,0x0000000779a00000,0x000000077a700000)
 ParOldGen       total 52736K, used 20733K [0x00000006c0000000, 0x00000006c3380000, 0x000000076ab00000)
  object space 52736K, 39% used [0x00000006c0000000,0x00000006c143f628,0x00000006c3380000)
 Metaspace       used 33734K, capacity 35078K, committed 35416K, reserved 1081344K
  class space    used 4154K, capacity 4455K, committed 4480K, reserved 1048576K
Event: 5.965 GC heap after
Heap after GC invocations=12 (full 2):
 PSYoungGen      total 258560K, used 0K [0x000000076ab00000, 0x000000077ec80000, 0x00000007c0000000)
  eden space 244736K, 0% used [0x000000076ab00000,0x000000076ab00000,0x0000000779a00000)
  from space 13824K, 0% used [0x000000077a700000,0x000000077a700000,0x000000077b480000)
  to   space 13312K, 0% used [0x0000000779a00000,0x0000000779a00000,0x000000077a700000)
 ParOldGen       total 80384K, used 18268K [0x00000006c0000000, 0x00000006c4e80000, 0x000000076ab00000)
  object space 80384K, 22% used [0x00000006c0000000,0x00000006c11d71d8,0x00000006c4e80000)
 Metaspace       used 33734K, capacity 35078K, committed 35416K, reserved 1081344K
  class space    used 4154K, capacity 4455K, committed 4480K, reserved 1048576K
}
Event: 7.343 GC heap before
{Heap before GC invocations=13 (full 2):
 PSYoungGen      total 258560K, used 244736K [0x000000076ab00000, 0x000000077ec80000, 0x00000007c0000000)
  eden space 244736K, 100% used [0x000000076ab00000,0x0000000779a00000,0x0000000779a00000)
  from space 13824K, 0% used [0x000000077a700000,0x000000077a700000,0x000000077b480000)
  to   space 13312K, 0% used [0x0000000779a00000,0x0000000779a00000,0x000000077a700000)
 ParOldGen       total 80384K, used 18268K [0x00000006c0000000, 0x00000006c4e80000, 0x000000076ab00000)
  object space 80384K, 22% used [0x00000006c0000000,0x00000006c11d71d8,0x00000006c4e80000)
 Metaspace       used 43357K, capacity 44896K, committed 45272K, reserved 1089536K
  class space    used 5260K, capacity 5582K, committed 5632K, reserved 1048576K
Event: 7.355 GC heap after
Heap after GC invocations=13 (full 2):
 PSYoungGen      total 258048K, used 10824K [0x000000076ab00000, 0x000000077fb00000, 0x00000007c0000000)
  eden space 244736K, 0% used [0x000000076ab00000,0x000000076ab00000,0x0000000779a00000)
  from space 13312K, 81% used [0x0000000779a00000,0x000000077a492130,0x000000077a700000)
  to   space 14336K, 0% used [0x000000077ed00000,0x000000077ed00000,0x000000077fb00000)
 ParOldGen       total 80384K, used 18340K [0x00000006c0000000, 0x00000006c4e80000, 0x000000076ab00000)
  object space 80384K, 22% used [0x00000006c0000000,0x00000006c11e91e8,0x00000006c4e80000)
 Metaspace       used 43357K, capacity 44896K, committed 45272K, reserved 1089536K
  class space    used 5260K, capacity 5582K, committed 5632K, reserved 1048576K
}
Event: 8.340 GC heap before
{Heap before GC invocations=14 (full 2):
 PSYoungGen      total 258048K, used 255560K [0x000000076ab00000, 0x000000077fb00000, 0x00000007c0000000)
  eden space 244736K, 100% used [0x000000076ab00000,0x0000000779a00000,0x0000000779a00000)
  from space 13312K, 81% used [0x0000000779a00000,0x000000077a492130,0x000000077a700000)
  to   space 14336K, 0% used [0x000000077ed00000,0x000000077ed00000,0x000000077fb00000)
 ParOldGen       total 80384K, used 18340K [0x00000006c0000000, 0x00000006c4e80000, 0x000000076ab00000)
  object space 80384K, 22% used [0x00000006c0000000,0x00000006c11e91e8,0x00000006c4e80000)
 Metaspace       used 49861K, capacity 51568K, committed 51928K, reserved 1095680K
  class space    used 5972K, capacity 6364K, committed 6400K, reserved 1048576K
Event: 8.366 GC heap after
Heap after GC invocations=14 (full 2):
 PSYoungGen      total 323072K, used 14328K [0x000000076ab00000, 0x0000000780a00000, 0x00000007c0000000)
  eden space 308736K, 0% used [0x000000076ab00000,0x000000076ab00000,0x000000077d880000)
  from space 14336K, 99% used [0x000000077ed00000,0x000000077fafe310,0x000000077fb00000)
  to   space 20992K, 0% used [0x000000077d880000,0x000000077d880000,0x000000077ed00000)
 ParOldGen       total 80384K, used 30660K [0x00000006c0000000, 0x00000006c4e80000, 0x000000076ab00000)
  object space 80384K, 38% used [0x00000006c0000000,0x00000006c1df1000,0x00000006c4e80000)
 Metaspace       used 49861K, capacity 51568K, committed 51928K, reserved 1095680K
  class space    used 5972K, capacity 6364K, committed 6400K, reserved 1048576K
}

