# JRE version: OpenJDK Runtime Environment (8.0_372-b07) (build 1.8.0_372-b07)
# Java VM: OpenJDK 64-Bit Server VM (25.372-b07 mixed mode linux-amd64 compressed oops)
Heap:
 PSYoungGen      total 233984K, used 136043K [0x000000076ab00000, 0x000000077de00000, 0x00000007c0000000)
  eden space 219648K, 55% used [0x000000076ab00000,0x00000007721db260,0x0000000778180000)
  from space 14336K, 99% used [0x0000000778180000,0x0000000778f7fab8,0x0000000778f80000)
  to   space 19968K, 0% used [0x000000077ca80000,0x000000077ca80000,0x000000077de00000)
 ParOldGen       total 84992K, used 28144K [0x00000006c0000000, 0x00000006c5300000, 0x000000076ab00000)
  object space 84992K, 33% used [0x00000006c0000000,0x00000006c1b7c2d8,0x00000006c5300000)
 Metaspace       used 51146K, capacity 52892K, committed 53376K, reserved 1095680K
  class space    used 6054K, capacity 6409K, committed 6528K, reserved 1048576K
GC Heap History (10 events):
Event: 3.723 GC heap before
{Heap before GC invocations=9 (full 1):
 PSYoungGen      total 119296K, used 109568K [0x000000076ab00000, 0x0000000779a00000, 0x00000007c0000000)
  eden space 109568K, 100% used [0x000000076ab00000,0x0000000771600000,0x0000000771600000)
  from space 9728K, 0% used [0x0000000771600000,0x0000000771600000,0x0000000771f80000)
  to   space 12800K, 0% used [0x0000000778d80000,0x0000000778d80000,0x0000000779a00000)
 ParOldGen       total 57856K, used 12825K [0x00000006c0000000, 0x00000006c3880000, 0x000000076ab00000)
  object space 57856K, 22% used [0x00000006c0000000,0x00000006c0c86598,0x00000006c3880000)
 Metaspace       used 28592K, capacity 29986K, committed 30208K, reserved 1075200K
  class space    used 3513K, capacity 3800K, committed 3840K, reserved 1048576K
Event: 3.740 GC heap after
Heap after GC invocations=9 (full 1):
 PSYoungGen      total 176128K, used 8886K [0x000000076ab00000, 0x0000000779680000, 0x00000007c0000000)
  eden space 166912K, 0% used [0x000000076ab00000,0x000000076ab00000,0x0000000774e00000)
  from space 9216K, 96% used [0x0000000778d80000,0x000000077962d9b8,0x0000000779680000)
  to   space 13312K, 0% used [0x0000000777c80000,0x0000000777c80000,0x0000000778980000)
 ParOldGen       total 57856K, used 12833K [0x00000006c0000000, 0x00000006c3880000, 0x000000076ab00000)
  object space 57856K, 22% used [0x00000006c0000000,0x00000006c0c88598,0x00000006c3880000)
 Metaspace       used 28592K, capacity 29986K, committed 30208K, reserved 1075200K
  class space    used 3513K, capacity 3800K, committed 3840K, reserved 1048576K
}
Event: 4.422 GC heap before
{Heap before GC invocations=10 (full 1):
 PSYoungGen      total 176128K, used 122822K [0x000000076ab00000, 0x0000000779680000, 0x00000007c0000000)
  eden space 166912K, 68% used [0x000000076ab00000,0x0000000771a43f58,0x0000000774e00000)
  from space 9216K, 96% used [0x0000000778d80000,0x000000077962d9b8,0x0000000779680000)
  to   space 13312K, 0% used [0x0000000777c80000,0x0000000777c80000,0x0000000778980000)
 ParOldGen       total 57856K, used 12833K [0x00000006c0000000, 0x00000006c3880000, 0x000000076ab00000)
  object space 57856K, 22% used [0x00000006c0000000,0x00000006c0c88598,0x00000006c3880000)
 Metaspace       used 33769K, capacity 35244K, committed 35456K, reserved 1081344K
  class space    used 4156K, capacity 4459K, committed 4480K, reserved 1048576K
Event: 4.441 GC heap after
Heap after GC invocations=10 (full 1):
 PSYoungGen      total 227840K, used 10887K [0x000000076ab00000, 0x0000000779d80000, 0x00000007c0000000)
  eden space 214528K, 0% used [0x000000076ab00000,0x000000076ab00000,0x0000000777c80000)
  from space 13312K, 81% used [0x0000000777c80000,0x0000000778721f98,0x0000000778980000)
  to   space 14336K, 0% used [0x0000000778f80000,0x0000000778f80000,0x0000000779d80000)
 ParOldGen       total 57856K, used 12833K [0x00000006c0000000, 0x00000006c3880000, 0x000000076ab00000)
  object space 57856K, 22% used [0x00000006c0000000,0x00000006c0c88598,0x00000006c3880000)
 Metaspace       used 33769K, capacity 35244K, committed 35456K, reserved 1081344K
  class space    used 4156K, capacity 4459K, committed 4480K, reserved 1048576K
}
Event: 4.441 GC heap before
{Heap before GC invocations=11 (full 2):
 PSYoungGen      total 227840K, used 10887K [0x000000076ab00000, 0x0000000779d80000, 0x00000007c0000000)
  eden space 214528K, 0% used [0x000000076ab00000,0x000000076ab00000,0x0000000777c80000)
  from space 13312K, 81% used [0x0000000777c80000,0x0000000778721f98,0x0000000778980000)
  to   space 14336K, 0% used [0x0000000778f80000,0x0000000778f80000,0x0000000779d80000)
 ParOldGen       total 57856K, used 12833K [0x00000006c0000000, 0x00000006c3880000, 0x000000076ab00000)
  object space 57856K, 22% used [0x00000006c0000000,0x00000006c0c88598,0x00000006c3880000)
 Metaspace       used 33769K, capacity 35244K, committed 35456K, reserved 1081344K
  class space    used 4156K, capacity 4459K, committed 4480K, reserved 1048576K
Event: 4.520 GC heap after
Heap after GC invocations=11 (full 2):
 PSYoungGen      total 227840K, used 0K [0x000000076ab00000, 0x0000000779d80000, 0x00000007c0000000)
  eden space 214528K, 0% used [0x000000076ab00000,0x000000076ab00000,0x0000000777c80000)
  from space 13312K, 0% used [0x0000000777c80000,0x0000000777c80000,0x0000000778980000)
  to   space 14336K, 0% used [0x0000000778f80000,0x0000000778f80000,0x0000000779d80000)
 ParOldGen       total 84992K, used 17501K [0x00000006c0000000, 0x00000006c5300000, 0x000000076ab00000)
  object space 84992K, 20% used [0x00000006c0000000,0x00000006c11176f8,0x00000006c5300000)
 Metaspace       used 33769K, capacity 35244K, committed 35456K, reserved 1081344K
  class space    used 4156K, capacity 4459K, committed 4480K, reserved 1048576K
}
Event: 5.434 GC heap before
{Heap before GC invocations=12 (full 2):
 PSYoungGen      total 227840K, used 214528K [0x000000076ab00000, 0x0000000779d80000, 0x00000007c0000000)
  eden space 214528K, 100% used [0x000000076ab00000,0x0000000777c80000,0x0000000777c80000)
  from space 13312K, 0% used [0x0000000777c80000,0x0000000777c80000,0x0000000778980000)
  to   space 14336K, 0% used [0x0000000778f80000,0x0000000778f80000,0x0000000779d80000)
 ParOldGen       total 84992K, used 17501K [0x00000006c0000000, 0x00000006c5300000, 0x000000076ab00000)
  object space 84992K, 20% used [0x00000006c0000000,0x00000006c11176f8,0x00000006c5300000)
 Metaspace       used 40343K, capacity 41882K, committed 42240K, reserved 1085440K
  class space    used 4922K, capacity 5254K, committed 5376K, reserved 1048576K
Event: 5.444 GC heap after
Heap after GC invocations=12 (full 2):
 PSYoungGen      total 233984K, used 8795K [0x000000076ab00000, 0x000000077cc00000, 0x00000007c0000000)
  eden space 219648K, 0% used [0x000000076ab00000,0x000000076ab00000,0x0000000778180000)
  from space 14336K, 61% used [0x0000000778f80000,0x0000000779816fd8,0x0000000779d80000)
  to   space 14336K, 0% used [0x0000000778180000,0x0000000778180000,0x0000000778f80000)
 ParOldGen       total 84992K, used 17509K [0x00000006c0000000, 0x00000006c5300000, 0x000000076ab00000)
  object space 84992K, 20% used [0x00000006c0000000,0x00000006c11196f8,0x00000006c5300000)
 Metaspace       used 40343K, capacity 41882K, committed 42240K, reserved 1085440K
  class space    used 4922K, capacity 5254K, committed 5376K, reserved 1048576K
}
Event: 6.412 GC heap before
{Heap before GC invocations=13 (full 2):
 PSYoungGen      total 233984K, used 228443K [0x000000076ab00000, 0x000000077cc00000, 0x00000007c0000000)
  eden space 219648K, 100% used [0x000000076ab00000,0x0000000778180000,0x0000000778180000)
  from space 14336K, 61% used [0x0000000778f80000,0x0000000779816fd8,0x0000000779d80000)
  to   space 14336K, 0% used [0x0000000778180000,0x0000000778180000,0x0000000778f80000)
 ParOldGen       total 84992K, used 17509K [0x00000006c0000000, 0x00000006c5300000, 0x000000076ab00000)
  object space 84992K, 20% used [0x00000006c0000000,0x00000006c11196f8,0x00000006c5300000)
 Metaspace       used 46846K, capacity 48548K, committed 49024K, reserved 1091584K
  class space    used 5649K, capacity 6007K, committed 6016K, reserved 1048576K
Event: 6.436 GC heap after
Heap after GC invocations=13 (full 2):
 PSYoungGen      total 233984K, used 14334K [0x000000076ab00000, 0x000000077de00000, 0x00000007c0000000)
  eden space 219648K, 0% used [0x000000076ab00000,0x000000076ab00000,0x0000000778180000)
  from space 14336K, 99% used [0x0000000778180000,0x0000000778f7fab8,0x0000000778f80000)
  to   space 19968K, 0% used [0x000000077ca80000,0x000000077ca80000,0x000000077de00000)
 ParOldGen       total 84992K, used 28144K [0x00000006c0000000, 0x00000006c5300000, 0x000000076ab00000)
  object space 84992K, 33% used [0x00000006c0000000,0x00000006c1b7c2d8,0x00000006c5300000)
 Metaspace       used 46846K, capacity 48548K, committed 49024K, reserved 1091584K
  class space    used 5649K, capacity 6007K, committed 6016K, reserved 1048576K
}

