# JRE version: OpenJDK Runtime Environment (8.0_372-b07) (build 1.8.0_372-b07)
# Java VM: OpenJDK 64-Bit Server VM (25.372-b07 mixed mode linux-amd64 compressed oops)
Heap:
 PSYoungGen      total 231424K, used 213961K [0x000000076ab00000, 0x000000077db80000, 0x00000007c0000000)
  eden space 216576K, 91% used [0x000000076ab00000,0x0000000776d74630,0x0000000777e80000)
  from space 14848K, 99% used [0x0000000777e80000,0x0000000778cfe1b8,0x0000000778d00000)
  to   space 20480K, 0% used [0x000000077c780000,0x000000077c780000,0x000000077db80000)
 ParOldGen       total 87040K, used 26993K [0x00000006c0000000, 0x00000006c5500000, 0x000000076ab00000)
  object space 87040K, 31% used [0x00000006c0000000,0x00000006c1a5c4b8,0x00000006c5500000)
 Metaspace       used 50957K, capacity 52620K, committed 52992K, reserved 1095680K
  class space    used 6018K, capacity 6371K, committed 6400K, reserved 1048576K
GC Heap History (10 events):
Event: 4.081 GC heap before
{Heap before GC invocations=9 (full 1):
 PSYoungGen      total 119296K, used 110080K [0x000000076ab00000, 0x0000000779d00000, 0x00000007c0000000)
  eden space 110080K, 100% used [0x000000076ab00000,0x0000000771680000,0x0000000771680000)
  from space 9216K, 0% used [0x0000000771680000,0x0000000771680000,0x0000000771f80000)
  to   space 13824K, 0% used [0x0000000778f80000,0x0000000778f80000,0x0000000779d00000)
 ParOldGen       total 60928K, used 14813K [0x00000006c0000000, 0x00000006c3b80000, 0x000000076ab00000)
  object space 60928K, 24% used [0x00000006c0000000,0x00000006c0e776c0,0x00000006c3b80000)
 Metaspace       used 28908K, capacity 30174K, committed 30464K, reserved 1075200K
  class space    used 3539K, capacity 3802K, committed 3840K, reserved 1048576K
Event: 4.093 GC heap after
Heap after GC invocations=9 (full 1):
 PSYoungGen      total 175104K, used 9261K [0x000000076ab00000, 0x0000000779900000, 0x00000007c0000000)
  eden space 165376K, 0% used [0x000000076ab00000,0x000000076ab00000,0x0000000774c80000)
  from space 9728K, 95% used [0x0000000778f80000,0x000000077988b608,0x0000000779900000)
  to   space 14336K, 0% used [0x0000000777d00000,0x0000000777d00000,0x0000000778b00000)
 ParOldGen       total 60928K, used 14885K [0x00000006c0000000, 0x00000006c3b80000, 0x000000076ab00000)
  object space 60928K, 24% used [0x00000006c0000000,0x00000006c0e896d0,0x00000006c3b80000)
 Metaspace       used 28908K, capacity 30174K, committed 30464K, reserved 1075200K
  class space    used 3539K, capacity 3802K, committed 3840K, reserved 1048576K
}
Event: 4.797 GC heap before
{Heap before GC invocations=10 (full 1):
 PSYoungGen      total 175104K, used 128045K [0x000000076ab00000, 0x0000000779900000, 0x00000007c0000000)
  eden space 165376K, 71% used [0x000000076ab00000,0x0000000771effdf8,0x0000000774c80000)
  from space 9728K, 95% used [0x0000000778f80000,0x000000077988b608,0x0000000779900000)
  to   space 14336K, 0% used [0x0000000777d00000,0x0000000777d00000,0x0000000778b00000)
 ParOldGen       total 60928K, used 14885K [0x00000006c0000000, 0x00000006c3b80000, 0x000000076ab00000)
  object space 60928K, 24% used [0x00000006c0000000,0x00000006c0e896d0,0x00000006c3b80000)
 Metaspace       used 33917K, capacity 35302K, committed 35456K, reserved 1081344K
  class space    used 4155K, capacity 4422K, committed 4480K, reserved 1048576K
Event: 4.818 GC heap after
Heap after GC invocations=10 (full 1):
 PSYoungGen      total 229376K, used 10754K [0x000000076ab00000, 0x0000000779b80000, 0x00000007c0000000)
  eden space 215040K, 0% used [0x000000076ab00000,0x000000076ab00000,0x0000000777d00000)
  from space 14336K, 75% used [0x0000000777d00000,0x0000000778780af8,0x0000000778b00000)
  to   space 14848K, 0% used [0x0000000778d00000,0x0000000778d00000,0x0000000779b80000)
 ParOldGen       total 60928K, used 14885K [0x00000006c0000000, 0x00000006c3b80000, 0x000000076ab00000)
  object space 60928K, 24% used [0x00000006c0000000,0x00000006c0e896d0,0x00000006c3b80000)
 Metaspace       used 33917K, capacity 35302K, committed 35456K, reserved 1081344K
  class space    used 4155K, capacity 4422K, committed 4480K, reserved 1048576K
}
Event: 4.818 GC heap before
{Heap before GC invocations=11 (full 2):
 PSYoungGen      total 229376K, used 10754K [0x000000076ab00000, 0x0000000779b80000, 0x00000007c0000000)
  eden space 215040K, 0% used [0x000000076ab00000,0x000000076ab00000,0x0000000777d00000)
  from space 14336K, 75% used [0x0000000777d00000,0x0000000778780af8,0x0000000778b00000)
  to   space 14848K, 0% used [0x0000000778d00000,0x0000000778d00000,0x0000000779b80000)
 ParOldGen       total 60928K, used 14885K [0x00000006c0000000, 0x00000006c3b80000, 0x000000076ab00000)
  object space 60928K, 24% used [0x00000006c0000000,0x00000006c0e896d0,0x00000006c3b80000)
 Metaspace       used 33917K, capacity 35302K, committed 35456K, reserved 1081344K
  class space    used 4155K, capacity 4422K, committed 4480K, reserved 1048576K
Event: 4.900 GC heap after
Heap after GC invocations=11 (full 2):
 PSYoungGen      total 229376K, used 0K [0x000000076ab00000, 0x0000000779b80000, 0x00000007c0000000)
  eden space 215040K, 0% used [0x000000076ab00000,0x000000076ab00000,0x0000000777d00000)
  from space 14336K, 0% used [0x0000000777d00000,0x0000000777d00000,0x0000000778b00000)
  to   space 14848K, 0% used [0x0000000778d00000,0x0000000778d00000,0x0000000779b80000)
 ParOldGen       total 87040K, used 17469K [0x00000006c0000000, 0x00000006c5500000, 0x000000076ab00000)
  object space 87040K, 20% used [0x00000006c0000000,0x00000006c110f6a8,0x00000006c5500000)
 Metaspace       used 33917K, capacity 35302K, committed 35456K, reserved 1081344K
  class space    used 4155K, capacity 4422K, committed 4480K, reserved 1048576K
}
Event: 5.814 GC heap before
{Heap before GC invocations=12 (full 2):
 PSYoungGen      total 229376K, used 215040K [0x000000076ab00000, 0x0000000779b80000, 0x00000007c0000000)
  eden space 215040K, 100% used [0x000000076ab00000,0x0000000777d00000,0x0000000777d00000)
  from space 14336K, 0% used [0x0000000777d00000,0x0000000777d00000,0x0000000778b00000)
  to   space 14848K, 0% used [0x0000000778d00000,0x0000000778d00000,0x0000000779b80000)
 ParOldGen       total 87040K, used 17469K [0x00000006c0000000, 0x00000006c5500000, 0x000000076ab00000)
  object space 87040K, 20% used [0x00000006c0000000,0x00000006c110f6a8,0x00000006c5500000)
 Metaspace       used 40208K, capacity 41710K, committed 42112K, reserved 1085440K
  class space    used 4887K, capacity 5184K, committed 5248K, reserved 1048576K
Event: 5.822 GC heap after
Heap after GC invocations=12 (full 2):
 PSYoungGen      total 231424K, used 8570K [0x000000076ab00000, 0x000000077cb80000, 0x00000007c0000000)
  eden space 216576K, 0% used [0x000000076ab00000,0x000000076ab00000,0x0000000777e80000)
  from space 14848K, 57% used [0x0000000778d00000,0x000000077955e8d8,0x0000000779b80000)
  to   space 14848K, 0% used [0x0000000777e80000,0x0000000777e80000,0x0000000778d00000)
 ParOldGen       total 87040K, used 17477K [0x00000006c0000000, 0x00000006c5500000, 0x000000076ab00000)
  object space 87040K, 20% used [0x00000006c0000000,0x00000006c11116a8,0x00000006c5500000)
 Metaspace       used 40208K, capacity 41710K, committed 42112K, reserved 1085440K
  class space    used 4887K, capacity 5184K, committed 5248K, reserved 1048576K
}
Event: 6.590 GC heap before
{Heap before GC invocations=13 (full 2):
 PSYoungGen      total 231424K, used 225146K [0x000000076ab00000, 0x000000077cb80000, 0x00000007c0000000)
  eden space 216576K, 100% used [0x000000076ab00000,0x0000000777e80000,0x0000000777e80000)
  from space 14848K, 57% used [0x0000000778d00000,0x000000077955e8d8,0x0000000779b80000)
  to   space 14848K, 0% used [0x0000000777e80000,0x0000000777e80000,0x0000000778d00000)
 ParOldGen       total 87040K, used 17477K [0x00000006c0000000, 0x00000006c5500000, 0x000000076ab00000)
  object space 87040K, 20% used [0x00000006c0000000,0x00000006c11116a8,0x00000006c5500000)
 Metaspace       used 45200K, capacity 46740K, committed 47104K, reserved 1091584K
  class space    used 5472K, capacity 5777K, committed 5888K, reserved 1048576K
Event: 6.614 GC heap after
Heap after GC invocations=13 (full 2):
 PSYoungGen      total 231424K, used 14840K [0x000000076ab00000, 0x000000077db80000, 0x00000007c0000000)
  eden space 216576K, 0% used [0x000000076ab00000,0x000000076ab00000,0x0000000777e80000)
  from space 14848K, 99% used [0x0000000777e80000,0x0000000778cfe1b8,0x0000000778d00000)
  to   space 20480K, 0% used [0x000000077c780000,0x000000077c780000,0x000000077db80000)
 ParOldGen       total 87040K, used 26993K [0x00000006c0000000, 0x00000006c5500000, 0x000000076ab00000)
  object space 87040K, 31% used [0x00000006c0000000,0x00000006c1a5c4b8,0x00000006c5500000)
 Metaspace       used 45200K, capacity 46740K, committed 47104K, reserved 1091584K
  class space    used 5472K, capacity 5777K, committed 5888K, reserved 1048576K
}

