# JRE version: OpenJDK Runtime Environment (8.0_372-b07) (build 1.8.0_372-b07)
# Java VM: OpenJDK 64-Bit Server VM (25.372-b07 mixed mode linux-amd64 compressed oops)
Heap:
 PSYoungGen      total 234496K, used 180221K [0x000000076ab00000, 0x000000077da80000, 0x00000007c0000000)
  eden space 219648K, 75% used [0x000000076ab00000,0x0000000774c86348,0x0000000778180000)
  from space 14848K, 99% used [0x0000000778180000,0x0000000778ff90f0,0x0000000779000000)
  to   space 20480K, 0% used [0x000000077c680000,0x000000077c680000,0x000000077da80000)
 ParOldGen       total 88576K, used 26595K [0x00000006c0000000, 0x00000006c5680000, 0x000000076ab00000)
  object space 88576K, 30% used [0x00000006c0000000,0x00000006c19f8c60,0x00000006c5680000)
 Metaspace       used 51047K, capacity 52778K, committed 53248K, reserved 1095680K
  class space    used 6031K, capacity 6394K, committed 6400K, reserved 1048576K
GC Heap History (10 events):
Event: 4.131 GC heap before
{Heap before GC invocations=9 (full 1):
 PSYoungGen      total 118784K, used 109568K [0x000000076ab00000, 0x0000000779c00000, 0x00000007c0000000)
  eden space 109568K, 100% used [0x000000076ab00000,0x0000000771600000,0x0000000771600000)
  from space 9216K, 0% used [0x0000000771600000,0x0000000771600000,0x0000000771f00000)
  to   space 13824K, 0% used [0x0000000778e80000,0x0000000778e80000,0x0000000779c00000)
 ParOldGen       total 61952K, used 14930K [0x00000006c0000000, 0x00000006c3c80000, 0x000000076ab00000)
  object space 61952K, 24% used [0x00000006c0000000,0x00000006c0e94908,0x00000006c3c80000)
 Metaspace       used 29022K, capacity 30396K, committed 30720K, reserved 1077248K
  class space    used 3554K, capacity 3825K, committed 3840K, reserved 1048576K
Event: 4.149 GC heap after
Heap after GC invocations=9 (full 1):
 PSYoungGen      total 176128K, used 9352K [0x000000076ab00000, 0x0000000779800000, 0x00000007c0000000)
  eden space 166400K, 0% used [0x000000076ab00000,0x000000076ab00000,0x0000000774d80000)
  from space 9728K, 96% used [0x0000000778e80000,0x00000007797a21c8,0x0000000779800000)
  to   space 14336K, 0% used [0x0000000777c00000,0x0000000777c00000,0x0000000778a00000)
 ParOldGen       total 61952K, used 14930K [0x00000006c0000000, 0x00000006c3c80000, 0x000000076ab00000)
  object space 61952K, 24% used [0x00000006c0000000,0x00000006c0e94908,0x00000006c3c80000)
 Metaspace       used 29022K, capacity 30396K, committed 30720K, reserved 1077248K
  class space    used 3554K, capacity 3825K, committed 3840K, reserved 1048576K
}
Event: 4.738 GC heap before
{Heap before GC invocations=10 (full 1):
 PSYoungGen      total 176128K, used 116314K [0x000000076ab00000, 0x0000000779800000, 0x00000007c0000000)
  eden space 166400K, 64% used [0x000000076ab00000,0x00000007713749a8,0x0000000774d80000)
  from space 9728K, 96% used [0x0000000778e80000,0x00000007797a21c8,0x0000000779800000)
  to   space 14336K, 0% used [0x0000000777c00000,0x0000000777c00000,0x0000000778a00000)
 ParOldGen       total 61952K, used 14930K [0x00000006c0000000, 0x00000006c3c80000, 0x000000076ab00000)
  object space 61952K, 24% used [0x00000006c0000000,0x00000006c0e94908,0x00000006c3c80000)
 Metaspace       used 33767K, capacity 35192K, committed 35456K, reserved 1081344K
  class space    used 4145K, capacity 4443K, committed 4480K, reserved 1048576K
Event: 4.753 GC heap after
Heap after GC invocations=10 (full 1):
 PSYoungGen      total 228352K, used 10528K [0x000000076ab00000, 0x0000000779e80000, 0x00000007c0000000)
  eden space 214016K, 0% used [0x000000076ab00000,0x000000076ab00000,0x0000000777c00000)
  from space 14336K, 73% used [0x0000000777c00000,0x00000007786482b0,0x0000000778a00000)
  to   space 14848K, 0% used [0x0000000779000000,0x0000000779000000,0x0000000779e80000)
 ParOldGen       total 61952K, used 14938K [0x00000006c0000000, 0x00000006c3c80000, 0x000000076ab00000)
  object space 61952K, 24% used [0x00000006c0000000,0x00000006c0e96908,0x00000006c3c80000)
 Metaspace       used 33767K, capacity 35192K, committed 35456K, reserved 1081344K
  class space    used 4145K, capacity 4443K, committed 4480K, reserved 1048576K
}
Event: 4.753 GC heap before
{Heap before GC invocations=11 (full 2):
 PSYoungGen      total 228352K, used 10528K [0x000000076ab00000, 0x0000000779e80000, 0x00000007c0000000)
  eden space 214016K, 0% used [0x000000076ab00000,0x000000076ab00000,0x0000000777c00000)
  from space 14336K, 73% used [0x0000000777c00000,0x00000007786482b0,0x0000000778a00000)
  to   space 14848K, 0% used [0x0000000779000000,0x0000000779000000,0x0000000779e80000)
 ParOldGen       total 61952K, used 14938K [0x00000006c0000000, 0x00000006c3c80000, 0x000000076ab00000)
  object space 61952K, 24% used [0x00000006c0000000,0x00000006c0e96908,0x00000006c3c80000)
 Metaspace       used 33767K, capacity 35192K, committed 35456K, reserved 1081344K
  class space    used 4145K, capacity 4443K, committed 4480K, reserved 1048576K
Event: 4.836 GC heap after
Heap after GC invocations=11 (full 2):
 PSYoungGen      total 228352K, used 0K [0x000000076ab00000, 0x0000000779e80000, 0x00000007c0000000)
  eden space 214016K, 0% used [0x000000076ab00000,0x000000076ab00000,0x0000000777c00000)
  from space 14336K, 0% used [0x0000000777c00000,0x0000000777c00000,0x0000000778a00000)
  to   space 14848K, 0% used [0x0000000779000000,0x0000000779000000,0x0000000779e80000)
 ParOldGen       total 88576K, used 17169K [0x00000006c0000000, 0x00000006c5680000, 0x000000076ab00000)
  object space 88576K, 19% used [0x00000006c0000000,0x00000006c10c45e0,0x00000006c5680000)
 Metaspace       used 33767K, capacity 35192K, committed 35456K, reserved 1081344K
  class space    used 4145K, capacity 4443K, committed 4480K, reserved 1048576K
}
Event: 5.827 GC heap before
{Heap before GC invocations=12 (full 2):
 PSYoungGen      total 228352K, used 214016K [0x000000076ab00000, 0x0000000779e80000, 0x00000007c0000000)
  eden space 214016K, 100% used [0x000000076ab00000,0x0000000777c00000,0x0000000777c00000)
  from space 14336K, 0% used [0x0000000777c00000,0x0000000777c00000,0x0000000778a00000)
  to   space 14848K, 0% used [0x0000000779000000,0x0000000779000000,0x0000000779e80000)
 ParOldGen       total 88576K, used 17169K [0x00000006c0000000, 0x00000006c5680000, 0x000000076ab00000)
  object space 88576K, 19% used [0x00000006c0000000,0x00000006c10c45e0,0x00000006c5680000)
 Metaspace       used 40286K, capacity 41798K, committed 42112K, reserved 1085440K
  class space    used 4898K, capacity 5206K, committed 5248K, reserved 1048576K
Event: 5.836 GC heap after
Heap after GC invocations=12 (full 2):
 PSYoungGen      total 234496K, used 8759K [0x000000076ab00000, 0x000000077c880000, 0x00000007c0000000)
  eden space 219648K, 0% used [0x000000076ab00000,0x000000076ab00000,0x0000000778180000)
  from space 14848K, 58% used [0x0000000779000000,0x000000077988de40,0x0000000779e80000)
  to   space 14848K, 0% used [0x0000000778180000,0x0000000778180000,0x0000000779000000)
 ParOldGen       total 88576K, used 17177K [0x00000006c0000000, 0x00000006c5680000, 0x000000076ab00000)
  object space 88576K, 19% used [0x00000006c0000000,0x00000006c10c65e0,0x00000006c5680000)
 Metaspace       used 40286K, capacity 41798K, committed 42112K, reserved 1085440K
  class space    used 4898K, capacity 5206K, committed 5248K, reserved 1048576K
}
Event: 6.795 GC heap before
{Heap before GC invocations=13 (full 2):
 PSYoungGen      total 234496K, used 228407K [0x000000076ab00000, 0x000000077c880000, 0x00000007c0000000)
  eden space 219648K, 100% used [0x000000076ab00000,0x0000000778180000,0x0000000778180000)
  from space 14848K, 58% used [0x0000000779000000,0x000000077988de40,0x0000000779e80000)
  to   space 14848K, 0% used [0x0000000778180000,0x0000000778180000,0x0000000779000000)
 ParOldGen       total 88576K, used 17177K [0x00000006c0000000, 0x00000006c5680000, 0x000000076ab00000)
  object space 88576K, 19% used [0x00000006c0000000,0x00000006c10c65e0,0x00000006c5680000)
 Metaspace       used 45972K, capacity 47602K, committed 47872K, reserved 1091584K
  class space    used 5553K, capacity 5864K, committed 5888K, reserved 1048576K
Event: 6.814 GC heap after
Heap after GC invocations=13 (full 2):
 PSYoungGen      total 234496K, used 14820K [0x000000076ab00000, 0x000000077da80000, 0x00000007c0000000)
  eden space 219648K, 0% used [0x000000076ab00000,0x000000076ab00000,0x0000000778180000)
  from space 14848K, 99% used [0x0000000778180000,0x0000000778ff90f0,0x0000000779000000)
  to   space 20480K, 0% used [0x000000077c680000,0x000000077c680000,0x000000077da80000)
 ParOldGen       total 88576K, used 26595K [0x00000006c0000000, 0x00000006c5680000, 0x000000076ab00000)
  object space 88576K, 30% used [0x00000006c0000000,0x00000006c19f8c60,0x00000006c5680000)
 Metaspace       used 45972K, capacity 47602K, committed 47872K, reserved 1091584K
  class space    used 5553K, capacity 5864K, committed 5888K, reserved 1048576K
}

