# JRE version: OpenJDK Runtime Environment (8.0_372-b07) (build 1.8.0_372-b07)
# Java VM: OpenJDK 64-Bit Server VM (25.372-b07 mixed mode linux-amd64 compressed oops)
Heap:
 PSYoungGen      total 229888K, used 207299K [0x000000076ab00000, 0x000000077d280000, 0x00000007c0000000)
  eden space 215040K, 89% used [0x000000076ab00000,0x00000007766f55e8,0x0000000777d00000)
  from space 14848K, 99% used [0x0000000777d00000,0x0000000778b7b968,0x0000000778b80000)
  to   space 19968K, 0% used [0x000000077bf00000,0x000000077bf00000,0x000000077d280000)
 ParOldGen       total 87552K, used 26460K [0x00000006c0000000, 0x00000006c5580000, 0x000000076ab00000)
  object space 87552K, 30% used [0x00000006c0000000,0x00000006c19d7228,0x00000006c5580000)
 Metaspace       used 50840K, capacity 52568K, committed 52992K, reserved 1095680K
  class space    used 6015K, capacity 6373K, committed 6400K, reserved 1048576K
GC Heap History (10 events):
Event: 4.019 GC heap before
{Heap before GC invocations=9 (full 1):
 PSYoungGen      total 119296K, used 109568K [0x000000076ab00000, 0x0000000779c00000, 0x00000007c0000000)
  eden space 109568K, 100% used [0x000000076ab00000,0x0000000771600000,0x0000000771600000)
  from space 9728K, 0% used [0x0000000771600000,0x0000000771600000,0x0000000771f80000)
  to   space 13824K, 0% used [0x0000000778e80000,0x0000000778e80000,0x0000000779c00000)
 ParOldGen       total 60416K, used 14688K [0x00000006c0000000, 0x00000006c3b00000, 0x000000076ab00000)
  object space 60416K, 24% used [0x00000006c0000000,0x00000006c0e58320,0x00000006c3b00000)
 Metaspace       used 28758K, capacity 30054K, committed 30208K, reserved 1075200K
  class space    used 3531K, capacity 3806K, committed 3840K, reserved 1048576K
Event: 4.031 GC heap after
Heap after GC invocations=9 (full 1):
 PSYoungGen      total 175104K, used 9665K [0x000000076ab00000, 0x0000000779800000, 0x00000007c0000000)
  eden space 165376K, 0% used [0x000000076ab00000,0x000000076ab00000,0x0000000774c80000)
  from space 9728K, 99% used [0x0000000778e80000,0x00000007797f0578,0x0000000779800000)
  to   space 14336K, 0% used [0x0000000777c00000,0x0000000777c00000,0x0000000778a00000)
 ParOldGen       total 60416K, used 14760K [0x00000006c0000000, 0x00000006c3b00000, 0x000000076ab00000)
  object space 60416K, 24% used [0x00000006c0000000,0x00000006c0e6a330,0x00000006c3b00000)
 Metaspace       used 28758K, capacity 30054K, committed 30208K, reserved 1075200K
  class space    used 3531K, capacity 3806K, committed 3840K, reserved 1048576K
}
Event: 4.666 GC heap before
{Heap before GC invocations=10 (full 1):
 PSYoungGen      total 175104K, used 129118K [0x000000076ab00000, 0x0000000779800000, 0x00000007c0000000)
  eden space 165376K, 72% used [0x000000076ab00000,0x0000000771fa7580,0x0000000774c80000)
  from space 9728K, 99% used [0x0000000778e80000,0x00000007797f0578,0x0000000779800000)
  to   space 14336K, 0% used [0x0000000777c00000,0x0000000777c00000,0x0000000778a00000)
 ParOldGen       total 60416K, used 14760K [0x00000006c0000000, 0x00000006c3b00000, 0x000000076ab00000)
  object space 60416K, 24% used [0x00000006c0000000,0x00000006c0e6a330,0x00000006c3b00000)
 Metaspace       used 33894K, capacity 35274K, committed 35456K, reserved 1081344K
  class space    used 4161K, capacity 4454K, committed 4480K, reserved 1048576K
Event: 4.680 GC heap after
Heap after GC invocations=10 (full 1):
 PSYoungGen      total 228352K, used 10744K [0x000000076ab00000, 0x0000000779a00000, 0x00000007c0000000)
  eden space 214016K, 0% used [0x000000076ab00000,0x000000076ab00000,0x0000000777c00000)
  from space 14336K, 74% used [0x0000000777c00000,0x000000077867e058,0x0000000778a00000)
  to   space 14848K, 0% used [0x0000000778b80000,0x0000000778b80000,0x0000000779a00000)
 ParOldGen       total 60416K, used 14768K [0x00000006c0000000, 0x00000006c3b00000, 0x000000076ab00000)
  object space 60416K, 24% used [0x00000006c0000000,0x00000006c0e6c330,0x00000006c3b00000)
 Metaspace       used 33894K, capacity 35274K, committed 35456K, reserved 1081344K
  class space    used 4161K, capacity 4454K, committed 4480K, reserved 1048576K
}
Event: 4.680 GC heap before
{Heap before GC invocations=11 (full 2):
 PSYoungGen      total 228352K, used 10744K [0x000000076ab00000, 0x0000000779a00000, 0x00000007c0000000)
  eden space 214016K, 0% used [0x000000076ab00000,0x000000076ab00000,0x0000000777c00000)
  from space 14336K, 74% used [0x0000000777c00000,0x000000077867e058,0x0000000778a00000)
  to   space 14848K, 0% used [0x0000000778b80000,0x0000000778b80000,0x0000000779a00000)
 ParOldGen       total 60416K, used 14768K [0x00000006c0000000, 0x00000006c3b00000, 0x000000076ab00000)
  object space 60416K, 24% used [0x00000006c0000000,0x00000006c0e6c330,0x00000006c3b00000)
 Metaspace       used 33894K, capacity 35274K, committed 35456K, reserved 1081344K
  class space    used 4161K, capacity 4454K, committed 4480K, reserved 1048576K
Event: 4.768 GC heap after
Heap after GC invocations=11 (full 2):
 PSYoungGen      total 228352K, used 0K [0x000000076ab00000, 0x0000000779a00000, 0x00000007c0000000)
  eden space 214016K, 0% used [0x000000076ab00000,0x000000076ab00000,0x0000000777c00000)
  from space 14336K, 0% used [0x0000000777c00000,0x0000000777c00000,0x0000000778a00000)
  to   space 14848K, 0% used [0x0000000778b80000,0x0000000778b80000,0x0000000779a00000)
 ParOldGen       total 87552K, used 17490K [0x00000006c0000000, 0x00000006c5580000, 0x000000076ab00000)
  object space 87552K, 19% used [0x00000006c0000000,0x00000006c1114ac8,0x00000006c5580000)
 Metaspace       used 33894K, capacity 35274K, committed 35456K, reserved 1081344K
  class space    used 4161K, capacity 4454K, committed 4480K, reserved 1048576K
}
Event: 5.699 GC heap before
{Heap before GC invocations=12 (full 2):
 PSYoungGen      total 228352K, used 214016K [0x000000076ab00000, 0x0000000779a00000, 0x00000007c0000000)
  eden space 214016K, 100% used [0x000000076ab00000,0x0000000777c00000,0x0000000777c00000)
  from space 14336K, 0% used [0x0000000777c00000,0x0000000777c00000,0x0000000778a00000)
  to   space 14848K, 0% used [0x0000000778b80000,0x0000000778b80000,0x0000000779a00000)
 ParOldGen       total 87552K, used 17490K [0x00000006c0000000, 0x00000006c5580000, 0x000000076ab00000)
  object space 87552K, 19% used [0x00000006c0000000,0x00000006c1114ac8,0x00000006c5580000)
 Metaspace       used 40099K, capacity 41530K, committed 41856K, reserved 1085440K
  class space    used 4883K, capacity 5186K, committed 5248K, reserved 1048576K
Event: 5.708 GC heap after
Heap after GC invocations=12 (full 2):
 PSYoungGen      total 229888K, used 8532K [0x000000076ab00000, 0x000000077c780000, 0x00000007c0000000)
  eden space 215040K, 0% used [0x000000076ab00000,0x000000076ab00000,0x0000000777d00000)
  from space 14848K, 57% used [0x0000000778b80000,0x00000007793d53e0,0x0000000779a00000)
  to   space 14848K, 0% used [0x0000000777d00000,0x0000000777d00000,0x0000000778b80000)
 ParOldGen       total 87552K, used 17498K [0x00000006c0000000, 0x00000006c5580000, 0x000000076ab00000)
  object space 87552K, 19% used [0x00000006c0000000,0x00000006c1116ac8,0x00000006c5580000)
 Metaspace       used 40099K, capacity 41530K, committed 41856K, reserved 1085440K
  class space    used 4883K, capacity 5186K, committed 5248K, reserved 1048576K
}
Event: 6.462 GC heap before
{Heap before GC invocations=13 (full 2):
 PSYoungGen      total 229888K, used 223572K [0x000000076ab00000, 0x000000077c780000, 0x00000007c0000000)
  eden space 215040K, 100% used [0x000000076ab00000,0x0000000777d00000,0x0000000777d00000)
  from space 14848K, 57% used [0x0000000778b80000,0x00000007793d53e0,0x0000000779a00000)
  to   space 14848K, 0% used [0x0000000777d00000,0x0000000777d00000,0x0000000778b80000)
 ParOldGen       total 87552K, used 17498K [0x00000006c0000000, 0x00000006c5580000, 0x000000076ab00000)
  object space 87552K, 19% used [0x00000006c0000000,0x00000006c1116ac8,0x00000006c5580000)
 Metaspace       used 45200K, capacity 46816K, committed 47104K, reserved 1091584K
  class space    used 5472K, capacity 5779K, committed 5888K, reserved 1048576K
Event: 6.478 GC heap after
Heap after GC invocations=13 (full 2):
 PSYoungGen      total 229888K, used 14830K [0x000000076ab00000, 0x000000077d280000, 0x00000007c0000000)
  eden space 215040K, 0% used [0x000000076ab00000,0x000000076ab00000,0x0000000777d00000)
  from space 14848K, 99% used [0x0000000777d00000,0x0000000778b7b968,0x0000000778b80000)
  to   space 19968K, 0% used [0x000000077bf00000,0x000000077bf00000,0x000000077d280000)
 ParOldGen       total 87552K, used 26460K [0x00000006c0000000, 0x00000006c5580000, 0x000000076ab00000)
  object space 87552K, 30% used [0x00000006c0000000,0x00000006c19d7228,0x00000006c5580000)
 Metaspace       used 45200K, capacity 46816K, committed 47104K, reserved 1091584K
  class space    used 5472K, capacity 5779K, committed 5888K, reserved 1048576K
}

