# JRE version: OpenJDK Runtime Environment (8.0_372-b07) (build 1.8.0_372-b07)
# Java VM: OpenJDK 64-Bit Server VM (25.372-b07 mixed mode linux-amd64 compressed oops)
Heap:
 PSYoungGen      total 251904K, used 164168K [0x000000076ab00000, 0x000000077f900000, 0x00000007c0000000)
  eden space 237056K, 62% used [0x000000076ab00000,0x0000000773cd77e8,0x0000000779280000)
  from space 14848K, 99% used [0x0000000779280000,0x000000077a0faa80,0x000000077a100000)
  to   space 20480K, 0% used [0x000000077e500000,0x000000077e500000,0x000000077f900000)
 ParOldGen       total 79872K, used 27466K [0x00000006c0000000, 0x00000006c4e00000, 0x000000076ab00000)
  object space 79872K, 34% used [0x00000006c0000000,0x00000006c1ad2908,0x00000006c4e00000)
 Metaspace       used 50844K, capacity 52548K, committed 52992K, reserved 1095680K
  class space    used 6015K, capacity 6371K, committed 6400K, reserved 1048576K
GC Heap History (10 events):
Event: 3.961 GC heap before
{Heap before GC invocations=9 (full 1):
 PSYoungGen      total 119296K, used 109568K [0x000000076ab00000, 0x0000000779c00000, 0x00000007c0000000)
  eden space 109568K, 100% used [0x000000076ab00000,0x0000000771600000,0x0000000771600000)
  from space 9728K, 0% used [0x0000000771600000,0x0000000771600000,0x0000000771f80000)
  to   space 13824K, 0% used [0x0000000778e80000,0x0000000778e80000,0x0000000779c00000)
 ParOldGen       total 57856K, used 14695K [0x00000006c0000000, 0x00000006c3880000, 0x000000076ab00000)
  object space 57856K, 25% used [0x00000006c0000000,0x00000006c0e59df0,0x00000006c3880000)
 Metaspace       used 28746K, capacity 30030K, committed 30464K, reserved 1075200K
  class space    used 3529K, capacity 3802K, committed 3840K, reserved 1048576K
Event: 3.977 GC heap after
Heap after GC invocations=9 (full 1):
 PSYoungGen      total 184320K, used 9691K [0x000000076ab00000, 0x0000000779800000, 0x00000007c0000000)
  eden space 174592K, 0% used [0x000000076ab00000,0x000000076ab00000,0x0000000775580000)
  from space 9728K, 99% used [0x0000000778e80000,0x00000007797f6f70,0x0000000779800000)
  to   space 14336K, 0% used [0x0000000777c00000,0x0000000777c00000,0x0000000778a00000)
 ParOldGen       total 57856K, used 14767K [0x00000006c0000000, 0x00000006c3880000, 0x000000076ab00000)
  object space 57856K, 25% used [0x00000006c0000000,0x00000006c0e6be00,0x00000006c3880000)
 Metaspace       used 28746K, capacity 30030K, committed 30464K, reserved 1075200K
  class space    used 3529K, capacity 3802K, committed 3840K, reserved 1048576K
}
Event: 4.661 GC heap before
{Heap before GC invocations=10 (full 1):
 PSYoungGen      total 184320K, used 125577K [0x000000076ab00000, 0x0000000779800000, 0x00000007c0000000)
  eden space 174592K, 66% used [0x000000076ab00000,0x0000000771c2b5c0,0x0000000775580000)
  from space 9728K, 99% used [0x0000000778e80000,0x00000007797f6f70,0x0000000779800000)
  to   space 14336K, 0% used [0x0000000777c00000,0x0000000777c00000,0x0000000778a00000)
 ParOldGen       total 57856K, used 14767K [0x00000006c0000000, 0x00000006c3880000, 0x000000076ab00000)
  object space 57856K, 25% used [0x00000006c0000000,0x00000006c0e6be00,0x00000006c3880000)
 Metaspace       used 33736K, capacity 35142K, committed 35456K, reserved 1081344K
  class space    used 4146K, capacity 4416K, committed 4480K, reserved 1048576K
Event: 4.682 GC heap after
Heap after GC invocations=10 (full 1):
 PSYoungGen      total 228352K, used 10779K [0x000000076ab00000, 0x000000077af80000, 0x00000007c0000000)
  eden space 214016K, 0% used [0x000000076ab00000,0x000000076ab00000,0x0000000777c00000)
  from space 14336K, 75% used [0x0000000777c00000,0x0000000778686ca0,0x0000000778a00000)
  to   space 14848K, 0% used [0x000000077a100000,0x000000077a100000,0x000000077af80000)
 ParOldGen       total 57856K, used 14775K [0x00000006c0000000, 0x00000006c3880000, 0x000000076ab00000)
  object space 57856K, 25% used [0x00000006c0000000,0x00000006c0e6de00,0x00000006c3880000)
 Metaspace       used 33736K, capacity 35142K, committed 35456K, reserved 1081344K
  class space    used 4146K, capacity 4416K, committed 4480K, reserved 1048576K
}
Event: 4.682 GC heap before
{Heap before GC invocations=11 (full 2):
 PSYoungGen      total 228352K, used 10779K [0x000000076ab00000, 0x000000077af80000, 0x00000007c0000000)
  eden space 214016K, 0% used [0x000000076ab00000,0x000000076ab00000,0x0000000777c00000)
  from space 14336K, 75% used [0x0000000777c00000,0x0000000778686ca0,0x0000000778a00000)
  to   space 14848K, 0% used [0x000000077a100000,0x000000077a100000,0x000000077af80000)
 ParOldGen       total 57856K, used 14775K [0x00000006c0000000, 0x00000006c3880000, 0x000000076ab00000)
  object space 57856K, 25% used [0x00000006c0000000,0x00000006c0e6de00,0x00000006c3880000)
 Metaspace       used 33736K, capacity 35142K, committed 35456K, reserved 1081344K
  class space    used 4146K, capacity 4416K, committed 4480K, reserved 1048576K
Event: 4.762 GC heap after
Heap after GC invocations=11 (full 2):
 PSYoungGen      total 228352K, used 0K [0x000000076ab00000, 0x000000077af80000, 0x00000007c0000000)
  eden space 214016K, 0% used [0x000000076ab00000,0x000000076ab00000,0x0000000777c00000)
  from space 14336K, 0% used [0x0000000777c00000,0x0000000777c00000,0x0000000778a00000)
  to   space 14848K, 0% used [0x000000077a100000,0x000000077a100000,0x000000077af80000)
 ParOldGen       total 79872K, used 17508K [0x00000006c0000000, 0x00000006c4e00000, 0x000000076ab00000)
  object space 79872K, 21% used [0x00000006c0000000,0x00000006c11190a8,0x00000006c4e00000)
 Metaspace       used 33736K, capacity 35142K, committed 35456K, reserved 1081344K
  class space    used 4146K, capacity 4416K, committed 4480K, reserved 1048576K
}
Event: 5.618 GC heap before
{Heap before GC invocations=12 (full 2):
 PSYoungGen      total 228352K, used 214016K [0x000000076ab00000, 0x000000077af80000, 0x00000007c0000000)
  eden space 214016K, 100% used [0x000000076ab00000,0x0000000777c00000,0x0000000777c00000)
  from space 14336K, 0% used [0x0000000777c00000,0x0000000777c00000,0x0000000778a00000)
  to   space 14848K, 0% used [0x000000077a100000,0x000000077a100000,0x000000077af80000)
 ParOldGen       total 79872K, used 17508K [0x00000006c0000000, 0x00000006c4e00000, 0x000000076ab00000)
  object space 79872K, 21% used [0x00000006c0000000,0x00000006c11190a8,0x00000006c4e00000)
 Metaspace       used 40121K, capacity 41664K, committed 42112K, reserved 1085440K
  class space    used 4885K, capacity 5189K, committed 5248K, reserved 1048576K
Event: 5.628 GC heap after
Heap after GC invocations=12 (full 2):
 PSYoungGen      total 251904K, used 8609K [0x000000076ab00000, 0x000000077d300000, 0x00000007c0000000)
  eden space 237056K, 0% used [0x000000076ab00000,0x000000076ab00000,0x0000000779280000)
  from space 14848K, 57% used [0x000000077a100000,0x000000077a9687e0,0x000000077af80000)
  to   space 14848K, 0% used [0x0000000779280000,0x0000000779280000,0x000000077a100000)
 ParOldGen       total 79872K, used 17516K [0x00000006c0000000, 0x00000006c4e00000, 0x000000076ab00000)
  object space 79872K, 21% used [0x00000006c0000000,0x00000006c111b0a8,0x00000006c4e00000)
 Metaspace       used 40121K, capacity 41664K, committed 42112K, reserved 1085440K
  class space    used 4885K, capacity 5189K, committed 5248K, reserved 1048576K
}
Event: 6.564 GC heap before
{Heap before GC invocations=13 (full 2):
 PSYoungGen      total 251904K, used 245665K [0x000000076ab00000, 0x000000077d300000, 0x00000007c0000000)
  eden space 237056K, 100% used [0x000000076ab00000,0x0000000779280000,0x0000000779280000)
  from space 14848K, 57% used [0x000000077a100000,0x000000077a9687e0,0x000000077af80000)
  to   space 14848K, 0% used [0x0000000779280000,0x0000000779280000,0x000000077a100000)
 ParOldGen       total 79872K, used 17516K [0x00000006c0000000, 0x00000006c4e00000, 0x000000076ab00000)
  object space 79872K, 21% used [0x00000006c0000000,0x00000006c111b0a8,0x00000006c4e00000)
 Metaspace       used 46530K, capacity 48140K, committed 48512K, reserved 1091584K
  class space    used 5602K, capacity 5905K, committed 6016K, reserved 1048576K
Event: 6.584 GC heap after
Heap after GC invocations=13 (full 2):
 PSYoungGen      total 251904K, used 14826K [0x000000076ab00000, 0x000000077f900000, 0x00000007c0000000)
  eden space 237056K, 0% used [0x000000076ab00000,0x000000076ab00000,0x0000000779280000)
  from space 14848K, 99% used [0x0000000779280000,0x000000077a0faa80,0x000000077a100000)
  to   space 20480K, 0% used [0x000000077e500000,0x000000077e500000,0x000000077f900000)
 ParOldGen       total 79872K, used 27466K [0x00000006c0000000, 0x00000006c4e00000, 0x000000076ab00000)
  object space 79872K, 34% used [0x00000006c0000000,0x00000006c1ad2908,0x00000006c4e00000)
 Metaspace       used 46530K, capacity 48140K, committed 48512K, reserved 1091584K
  class space    used 5602K, capacity 5905K, committed 6016K, reserved 1048576K
}

