# JRE version: OpenJDK Runtime Environment (Zulu 8.64.0.19-CA-linux64) (8.0_345-b01) (build 1.8.0_345-b01)
# Java VM: OpenJDK 64-Bit Server VM (25.345-b01 mixed mode linux-amd64 compressed oops)
Heap:
 PSYoungGen      total 633856K, used 143335K [0x00000000d5580000, 0x00000000ff280000, 0x0000000100000000)
  eden space 608256K, 20% used [0x00000000d5580000,0x00000000dd0573b8,0x00000000fa780000)
  from space 25600K, 68% used [0x00000000fd980000,0x00000000feaa2bb8,0x00000000ff280000)
  to   space 38400K, 0% used [0x00000000fa780000,0x00000000fa780000,0x00000000fcd00000)
 ParOldGen       total 89600K, used 51716K [0x0000000080000000, 0x0000000085780000, 0x00000000d5580000)
  object space 89600K, 57% used [0x0000000080000000,0x00000000832813b8,0x0000000085780000)
 Metaspace       used 76305K, capacity 80320K, committed 80600K, reserved 1120256K
  class space    used 8973K, capacity 9643K, committed 9728K, reserved 1048576K
GC Heap History (10 events):
Event: 17.911 GC heap before
{Heap before GC invocations=15 (full 2):
 PSYoungGen      total 320512K, used 26544K [0x00000000d5580000, 0x00000000ea700000, 0x0000000100000000)
  eden space 306688K, 4% used [0x00000000d5580000,0x00000000d61eda18,0x00000000e8100000)
  from space 13824K, 99% used [0x00000000e9500000,0x00000000ea27e898,0x00000000ea280000)
  to   space 19456K, 0% used [0x00000000e8100000,0x00000000e8100000,0x00000000e9400000)
 ParOldGen       total 75776K, used 32630K [0x0000000080000000, 0x0000000084a00000, 0x00000000d5580000)
  object space 75776K, 43% used [0x0000000080000000,0x0000000081fddaf8,0x0000000084a00000)
 Metaspace       used 56008K, capacity 58796K, committed 59028K, reserved 1101824K
  class space    used 6848K, capacity 7327K, committed 7424K, reserved 1048576K
Event: 17.918 GC heap after
Heap after GC invocations=15 (full 2):
 PSYoungGen      total 326144K, used 264K [0x00000000d5580000, 0x00000000f3200000, 0x0000000100000000)
  eden space 306688K, 0% used [0x00000000d5580000,0x00000000d5580000,0x00000000e8100000)
  from space 19456K, 1% used [0x00000000e8100000,0x00000000e8142330,0x00000000e9400000)
  to   space 19968K, 0% used [0x00000000f1e80000,0x00000000f1e80000,0x00000000f3200000)
 ParOldGen       total 75776K, used 33889K [0x0000000080000000, 0x0000000084a00000, 0x00000000d5580000)
  object space 75776K, 44% used [0x0000000080000000,0x00000000821186d0,0x0000000084a00000)
 Metaspace       used 56008K, capacity 58796K, committed 59028K, reserved 1101824K
  class space    used 6848K, capacity 7327K, committed 7424K, reserved 1048576K
}
Event: 17.918 GC heap before
{Heap before GC invocations=16 (full 3):
 PSYoungGen      total 326144K, used 264K [0x00000000d5580000, 0x00000000f3200000, 0x0000000100000000)
  eden space 306688K, 0% used [0x00000000d5580000,0x00000000d5580000,0x00000000e8100000)
  from space 19456K, 1% used [0x00000000e8100000,0x00000000e8142330,0x00000000e9400000)
  to   space 19968K, 0% used [0x00000000f1e80000,0x00000000f1e80000,0x00000000f3200000)
 ParOldGen       total 75776K, used 33889K [0x0000000080000000, 0x0000000084a00000, 0x00000000d5580000)
  object space 75776K, 44% used [0x0000000080000000,0x00000000821186d0,0x0000000084a00000)
 Metaspace       used 56008K, capacity 58796K, committed 59028K, reserved 1101824K
  class space    used 6848K, capacity 7327K, committed 7424K, reserved 1048576K
Event: 18.044 GC heap after
Heap after GC invocations=16 (full 3):
 PSYoungGen      total 326144K, used 0K [0x00000000d5580000, 0x00000000f3200000, 0x0000000100000000)
  eden space 306688K, 0% used [0x00000000d5580000,0x00000000d5580000,0x00000000e8100000)
  from space 19456K, 0% used [0x00000000e8100000,0x00000000e8100000,0x00000000e9400000)
  to   space 19968K, 0% used [0x00000000f1e80000,0x00000000f1e80000,0x00000000f3200000)
 ParOldGen       total 89600K, used 18522K [0x0000000080000000, 0x0000000085780000, 0x00000000d5580000)
  object space 89600K, 20% used [0x0000000080000000,0x00000000812169a8,0x0000000085780000)
 Metaspace       used 56008K, capacity 58796K, committed 59028K, reserved 1101824K
  class space    used 6848K, capacity 7327K, committed 7424K, reserved 1048576K
}
Event: 19.067 GC heap before
{Heap before GC invocations=17 (full 3):
 PSYoungGen      total 326144K, used 306688K [0x00000000d5580000, 0x00000000f3200000, 0x0000000100000000)
  eden space 306688K, 100% used [0x00000000d5580000,0x00000000e8100000,0x00000000e8100000)
  from space 19456K, 0% used [0x00000000e8100000,0x00000000e8100000,0x00000000e9400000)
  to   space 19968K, 0% used [0x00000000f1e80000,0x00000000f1e80000,0x00000000f3200000)
 ParOldGen       total 89600K, used 18552K [0x0000000080000000, 0x0000000085780000, 0x00000000d5580000)
  object space 89600K, 20% used [0x0000000080000000,0x000000008121e2d8,0x0000000085780000)
 Metaspace       used 58311K, capacity 61238K, committed 61528K, reserved 1103872K
  class space    used 7024K, capacity 7534K, committed 7552K, reserved 1048576K
Event: 19.102 GC heap after
Heap after GC invocations=17 (full 3):
 PSYoungGen      total 457216K, used 19963K [0x00000000d5580000, 0x00000000f4100000, 0x0000000100000000)
  eden space 437248K, 0% used [0x00000000d5580000,0x00000000d5580000,0x00000000f0080000)
  from space 19968K, 99% used [0x00000000f1e80000,0x00000000f31fefc8,0x00000000f3200000)
  to   space 30720K, 0% used [0x00000000f0080000,0x00000000f0080000,0x00000000f1e80000)
 ParOldGen       total 89600K, used 38811K [0x0000000080000000, 0x0000000085780000, 0x00000000d5580000)
  object space 89600K, 43% used [0x0000000080000000,0x00000000825e6f00,0x0000000085780000)
 Metaspace       used 58311K, capacity 61238K, committed 61528K, reserved 1103872K
  class space    used 7024K, capacity 7534K, committed 7552K, reserved 1048576K
}
Event: 21.019 GC heap before
{Heap before GC invocations=18 (full 3):
 PSYoungGen      total 457216K, used 457211K [0x00000000d5580000, 0x00000000f4100000, 0x0000000100000000)
  eden space 437248K, 100% used [0x00000000d5580000,0x00000000f0080000,0x00000000f0080000)
  from space 19968K, 99% used [0x00000000f1e80000,0x00000000f31fefc8,0x00000000f3200000)
  to   space 30720K, 0% used [0x00000000f0080000,0x00000000f0080000,0x00000000f1e80000)
 ParOldGen       total 89600K, used 38826K [0x0000000080000000, 0x0000000085780000, 0x00000000d5580000)
  object space 89600K, 43% used [0x0000000080000000,0x00000000825eabb8,0x0000000085780000)
 Metaspace       used 65131K, capacity 68116K, committed 68312K, reserved 1110016K
  class space    used 7638K, capacity 8129K, committed 8192K, reserved 1048576K
Event: 21.058 GC heap after
Heap after GC invocations=18 (full 3):
 PSYoungGen      total 467968K, used 30710K [0x00000000d5580000, 0x0000000100000000, 0x0000000100000000)
  eden space 437248K, 0% used [0x00000000d5580000,0x00000000d5580000,0x00000000f0080000)
  from space 30720K, 99% used [0x00000000f0080000,0x00000000f1e7d8d8,0x00000000f1e80000)
  to   space 39424K, 0% used [0x00000000fd980000,0x00000000fd980000,0x0000000100000000)
 ParOldGen       total 89600K, used 47880K [0x0000000080000000, 0x0000000085780000, 0x00000000d5580000)
  object space 89600K, 53% used [0x0000000080000000,0x0000000082ec2330,0x0000000085780000)
 Metaspace       used 65131K, capacity 68116K, committed 68312K, reserved 1110016K
  class space    used 7638K, capacity 8129K, committed 8192K, reserved 1048576K
}
Event: 28.695 GC heap before
{Heap before GC invocations=19 (full 3):
 PSYoungGen      total 467968K, used 467958K [0x00000000d5580000, 0x0000000100000000, 0x0000000100000000)
  eden space 437248K, 100% used [0x00000000d5580000,0x00000000f0080000,0x00000000f0080000)
  from space 30720K, 99% used [0x00000000f0080000,0x00000000f1e7d8d8,0x00000000f1e80000)
  to   space 39424K, 0% used [0x00000000fd980000,0x00000000fd980000,0x0000000100000000)
 ParOldGen       total 89600K, used 47880K [0x0000000080000000, 0x0000000085780000, 0x00000000d5580000)
  object space 89600K, 53% used [0x0000000080000000,0x0000000082ec2330,0x0000000085780000)
 Metaspace       used 73509K, capacity 77066K, committed 77400K, reserved 1118208K
  class space    used 8653K, capacity 9240K, committed 9344K, reserved 1048576K
Event: 28.720 GC heap after
Heap after GC invocations=19 (full 3):
 PSYoungGen      total 633856K, used 17546K [0x00000000d5580000, 0x00000000ff280000, 0x0000000100000000)
  eden space 608256K, 0% used [0x00000000d5580000,0x00000000d5580000,0x00000000fa780000)
  from space 25600K, 68% used [0x00000000fd980000,0x00000000feaa2bb8,0x00000000ff280000)
  to   space 38400K, 0% used [0x00000000fa780000,0x00000000fa780000,0x00000000fcd00000)
 ParOldGen       total 89600K, used 51716K [0x0000000080000000, 0x0000000085780000, 0x00000000d5580000)
  object space 89600K, 57% used [0x0000000080000000,0x00000000832813b8,0x0000000085780000)
 Metaspace       used 73509K, capacity 77066K, committed 77400K, reserved 1118208K
  class space    used 8653K, capacity 9240K, committed 9344K, reserved 1048576K
}

