-------------------------------------------------------------------------------
Test set: org.apache.hadoop.ozone.scm.TestGetCommittedBlockLengthAndPutKey
-------------------------------------------------------------------------------
Tests run: 3, Failures: 0, Errors: 1, Skipped: 0, Time elapsed: 55.502 s <<< FAILURE! - in org.apache.hadoop.ozone.scm.TestGetCommittedBlockLengthAndPutKey
tesGetCommittedBlockLength  Time elapsed: 0.142 s  <<< ERROR!
org.apache.hadoop.hdds.scm.container.common.helpers.StorageContainerException: Unable to find the block.
	at org.apache.hadoop.hdds.scm.storage.ContainerProtocolCalls.validateContainerResponse(ContainerProtocolCalls.java:527)
	at org.apache.hadoop.hdds.scm.storage.ContainerProtocolCalls.lambda$getValidatorList$0(ContainerProtocolCalls.java:534)
	at org.apache.hadoop.hdds.scm.XceiverClientGrpc.sendCommandWithRetry(XceiverClientGrpc.java:383)
	at org.apache.hadoop.hdds.scm.XceiverClientGrpc.lambda$sendCommandWithTraceIDAndRetry$0(XceiverClientGrpc.java:319)
	at org.apache.hadoop.hdds.tracing.TracingUtil.executeInSpan(TracingUtil.java:174)
	at org.apache.hadoop.hdds.tracing.TracingUtil.executeInNewSpan(TracingUtil.java:148)
	at org.apache.hadoop.hdds.scm.XceiverClientGrpc.sendCommandWithTraceIDAndRetry(XceiverClientGrpc.java:313)
	at org.apache.hadoop.hdds.scm.XceiverClientGrpc.sendCommand(XceiverClientGrpc.java:294)
	at org.apache.hadoop.hdds.scm.storage.ContainerProtocolCalls.getCommittedBlockLength(ContainerProtocolCalls.java:139)
	at org.apache.hadoop.ozone.scm.TestGetCommittedBlockLengthAndPutKey.tesGetCommittedBlockLength(TestGetCommittedBlockLengthAndPutKey.java:118)
	at sun.reflect.NativeMethodAccessorImpl.invoke0(Native Method)
	at sun.reflect.NativeMethodAccessorImpl.invoke(NativeMethodAccessorImpl.java:62)
	at sun.reflect.DelegatingMethodAccessorImpl.invoke(DelegatingMethodAccessorImpl.java:43)
	at java.lang.reflect.Method.invoke(Method.java:498)
	at org.junit.runners.model.FrameworkMethod$1.runReflectiveCall(FrameworkMethod.java:59)
	at org.junit.internal.runners.model.ReflectiveCallable.run(ReflectiveCallable.java:12)
	at org.junit.runners.model.FrameworkMethod.invokeExplosively(FrameworkMethod.java:56)
	at org.junit.internal.runners.statements.InvokeMethod.evaluate(InvokeMethod.java:17)
	at org.junit.internal.runners.statements.FailOnTimeout$CallableStatement.call(FailOnTimeout.java:288)
	at org.junit.internal.runners.statements.FailOnTimeout$CallableStatement.call(FailOnTimeout.java:282)
	at java.util.concurrent.FutureTask.run(FutureTask.java:266)
	at java.lang.Thread.run(Thread.java:750)

