-------------------------------------------------------------------------------
Test set: org.apache.hadoop.ozone.freon.TestRandomKeyGenerator
-------------------------------------------------------------------------------
Tests run: 9, Failures: 1, Errors: 0, Skipped: 0, Time elapsed: 152.364 s <<< FAILURE! - in org.apache.hadoop.ozone.freon.TestRandomKeyGenerator
org.apache.hadoop.ozone.freon.TestRandomKeyGenerator.testRatisKey  Time elapsed: 8.065 s  <<< FAILURE!
org.opentest4j.AssertionFailedError: expected: <10> but was: <9>
	at org.junit.jupiter.api.AssertionFailureBuilder.build(AssertionFailureBuilder.java:151)
	at org.junit.jupiter.api.AssertionFailureBuilder.buildAndThrow(AssertionFailureBuilder.java:132)
	at org.junit.jupiter.api.AssertEquals.failNotEqual(AssertEquals.java:197)
	at org.junit.jupiter.api.AssertEquals.assertEquals(AssertEquals.java:150)
	at org.junit.jupiter.api.AssertEquals.assertEquals(AssertEquals.java:145)
	at org.junit.jupiter.api.Assertions.assertEquals(Assertions.java:531)
	at org.apache.hadoop.ozone.freon.TestRandomKeyGenerator.testRatisKey(TestRandomKeyGenerator.java:154)
	at java.base/java.lang.reflect.Method.invoke(Method.java:569)
	at java.base/java.util.ArrayList.forEach(ArrayList.java:1511)
	at java.base/java.util.ArrayList.forEach(ArrayList.java:1511)

