# JRE version: OpenJDK Runtime Environment (8.0_362-b09) (build 1.8.0_362-b09)
# Java VM: OpenJDK 64-Bit Server VM (25.362-b09 mixed mode linux-amd64 compressed oops)
Heap:
 PSYoungGen      total 1042432K, used 412049K [0x000000076ab00000, 0x00000007c0000000, 0x00000007c0000000)
  eden space 763904K, 21% used [0x000000076ab00000,0x0000000774cb77f0,0x0000000799500000)
  from space 278528K, 88% used [0x00000007af000000,0x00000007be0acdf8,0x00000007c0000000)
  to   space 316928K, 0% used [0x0000000799500000,0x0000000799500000,0x00000007aca80000)
 ParOldGen       total 590336K, used 433872K [0x00000006c0000000, 0x00000006e4080000, 0x000000076ab00000)
  object space 590336K, 73% used [0x00000006c0000000,0x00000006da7b4330,0x00000006e4080000)
 Metaspace       used 93685K, capacity 99200K, committed 99492K, reserved 1136640K
  class space    used 10494K, capacity 11396K, committed 11468K, reserved 1048576K
GC Heap History (10 events):
Event: 31.480 GC heap before
{Heap before GC invocations=26 (full 6):
 PSYoungGen      total 769024K, used 734890K [0x000000076ab00000, 0x00000007b3e00000, 0x00000007c0000000)
  eden space 659968K, 100% used [0x000000076ab00000,0x0000000792f80000,0x0000000792f80000)
  from space 109056K, 68% used [0x0000000792f80000,0x00000007978aa9a0,0x0000000799a00000)
  to   space 202240K, 0% used [0x00000007a7880000,0x00000007a7880000,0x00000007b3e00000)
 ParOldGen       total 590336K, used 362774K [0x00000006c0000000, 0x00000006e4080000, 0x000000076ab00000)
  object space 590336K, 61% used [0x00000006c0000000,0x00000006d6245848,0x00000006e4080000)
 Metaspace       used 90336K, capacity 95408K, committed 95652K, reserved 1134592K
  class space    used 10333K, capacity 11164K, committed 11212K, reserved 1048576K
Event: 31.513 GC heap after
Heap after GC invocations=26 (full 6):
 PSYoungGen      total 968192K, used 5642K [0x000000076ab00000, 0x00000007b2c00000, 0x00000007c0000000)
  eden space 784384K, 0% used [0x000000076ab00000,0x000000076ab00000,0x000000079a900000)
  from space 183808K, 3% used [0x00000007a7880000,0x00000007a7e029f8,0x00000007b2c00000)
  to   space 198144K, 0% used [0x000000079a900000,0x000000079a900000,0x00000007a6a80000)
 ParOldGen       total 590336K, used 433840K [0x00000006c0000000, 0x00000006e4080000, 0x000000076ab00000)
  object space 590336K, 73% used [0x00000006c0000000,0x00000006da7ac330,0x00000006e4080000)
 Metaspace       used 90336K, capacity 95408K, committed 95652K, reserved 1134592K
  class space    used 10333K, capacity 11164K, committed 11212K, reserved 1048576K
}
Event: 37.227 GC heap before
{Heap before GC invocations=27 (full 6):
 PSYoungGen      total 968192K, used 790026K [0x000000076ab00000, 0x00000007b2c00000, 0x00000007c0000000)
  eden space 784384K, 100% used [0x000000076ab00000,0x000000079a900000,0x000000079a900000)
  from space 183808K, 3% used [0x00000007a7880000,0x00000007a7e029f8,0x00000007b2c00000)
  to   space 198144K, 0% used [0x000000079a900000,0x000000079a900000,0x00000007a6a80000)
 ParOldGen       total 590336K, used 433840K [0x00000006c0000000, 0x00000006e4080000, 0x000000076ab00000)
  object space 590336K, 73% used [0x00000006c0000000,0x00000006da7ac330,0x00000006e4080000)
 Metaspace       used 90958K, capacity 96106K, committed 96292K, reserved 1134592K
  class space    used 10374K, capacity 11225K, committed 11340K, reserved 1048576K
Event: 37.317 GC heap after
Heap after GC invocations=27 (full 6):
 PSYoungGen      total 982528K, used 195067K [0x000000076ab00000, 0x00000007bfc00000, 0x00000007c0000000)
  eden space 784384K, 0% used [0x000000076ab00000,0x000000076ab00000,0x000000079a900000)
  from space 198144K, 98% used [0x000000079a900000,0x00000007a677ee68,0x00000007a6a80000)
  to   space 235008K, 0% used [0x00000007b1680000,0x00000007b1680000,0x00000007bfc00000)
 ParOldGen       total 590336K, used 433848K [0x00000006c0000000, 0x00000006e4080000, 0x000000076ab00000)
  object space 590336K, 73% used [0x00000006c0000000,0x00000006da7ae330,0x00000006e4080000)
 Metaspace       used 90958K, capacity 96106K, committed 96292K, reserved 1134592K
  class space    used 10374K, capacity 11225K, committed 11340K, reserved 1048576K
}
Event: 42.182 GC heap before
{Heap before GC invocations=28 (full 6):
 PSYoungGen      total 982528K, used 979451K [0x000000076ab00000, 0x00000007bfc00000, 0x00000007c0000000)
  eden space 784384K, 100% used [0x000000076ab00000,0x000000079a900000,0x000000079a900000)
  from space 198144K, 98% used [0x000000079a900000,0x00000007a677ee68,0x00000007a6a80000)
  to   space 235008K, 0% used [0x00000007b1680000,0x00000007b1680000,0x00000007bfc00000)
 ParOldGen       total 590336K, used 433848K [0x00000006c0000000, 0x00000006e4080000, 0x000000076ab00000)
  object space 590336K, 73% used [0x00000006c0000000,0x00000006da7ae330,0x00000006e4080000)
 Metaspace       used 91745K, capacity 97062K, committed 97316K, reserved 1134592K
  class space    used 10426K, capacity 11331K, committed 11340K, reserved 1048576K
Event: 42.254 GC heap after
Heap after GC invocations=28 (full 6):
 PSYoungGen      total 1138176K, used 149724K [0x000000076ab00000, 0x00000007c0000000, 0x00000007c0000000)
  eden space 903168K, 0% used [0x000000076ab00000,0x000000076ab00000,0x00000007a1d00000)
  from space 235008K, 63% used [0x00000007b1680000,0x00000007ba8b7170,0x00000007bfc00000)
  to   space 247296K, 0% used [0x00000007a1d00000,0x00000007a1d00000,0x00000007b0e80000)
 ParOldGen       total 590336K, used 433856K [0x00000006c0000000, 0x00000006e4080000, 0x000000076ab00000)
  object space 590336K, 73% used [0x00000006c0000000,0x00000006da7b0330,0x00000006e4080000)
 Metaspace       used 91745K, capacity 97062K, committed 97316K, reserved 1134592K
  class space    used 10426K, capacity 11331K, committed 11340K, reserved 1048576K
}
Event: 51.701 GC heap before
{Heap before GC invocations=29 (full 6):
 PSYoungGen      total 1138176K, used 1052892K [0x000000076ab00000, 0x00000007c0000000, 0x00000007c0000000)
  eden space 903168K, 100% used [0x000000076ab00000,0x00000007a1d00000,0x00000007a1d00000)
  from space 235008K, 63% used [0x00000007b1680000,0x00000007ba8b7170,0x00000007bfc00000)
  to   space 247296K, 0% used [0x00000007a1d00000,0x00000007a1d00000,0x00000007b0e80000)
 ParOldGen       total 590336K, used 433856K [0x00000006c0000000, 0x00000006e4080000, 0x000000076ab00000)
  object space 590336K, 73% used [0x00000006c0000000,0x00000006da7b0330,0x00000006e4080000)
 Metaspace       used 92147K, capacity 97488K, committed 97572K, reserved 1136640K
  class space    used 10430K, capacity 11336K, committed 11340K, reserved 1048576K
Event: 51.786 GC heap after
Heap after GC invocations=29 (full 6):
 PSYoungGen      total 1112576K, used 209090K [0x000000076ab00000, 0x00000007c0000000, 0x00000007c0000000)
  eden space 903168K, 0% used [0x000000076ab00000,0x000000076ab00000,0x00000007a1d00000)
  from space 209408K, 99% used [0x00000007a1d00000,0x00000007ae9309b0,0x00000007ae980000)
  to   space 278528K, 0% used [0x00000007af000000,0x00000007af000000,0x00000007c0000000)
 ParOldGen       total 590336K, used 433864K [0x00000006c0000000, 0x00000006e4080000, 0x000000076ab00000)
  object space 590336K, 73% used [0x00000006c0000000,0x00000006da7b2330,0x00000006e4080000)
 Metaspace       used 92147K, capacity 97488K, committed 97572K, reserved 1136640K
  class space    used 10430K, capacity 11336K, committed 11340K, reserved 1048576K
}
Event: 56.257 GC heap before
{Heap before GC invocations=30 (full 6):
 PSYoungGen      total 1112576K, used 1112258K [0x000000076ab00000, 0x00000007c0000000, 0x00000007c0000000)
  eden space 903168K, 100% used [0x000000076ab00000,0x00000007a1d00000,0x00000007a1d00000)
  from space 209408K, 99% used [0x00000007a1d00000,0x00000007ae9309b0,0x00000007ae980000)
  to   space 278528K, 0% used [0x00000007af000000,0x00000007af000000,0x00000007c0000000)
 ParOldGen       total 590336K, used 433864K [0x00000006c0000000, 0x00000006e4080000, 0x000000076ab00000)
  object space 590336K, 73% used [0x00000006c0000000,0x00000006da7b2330,0x00000006e4080000)
 Metaspace       used 93648K, capacity 99132K, committed 99236K, reserved 1136640K
  class space    used 10494K, capacity 11396K, committed 11468K, reserved 1048576K
Event: 56.341 GC heap after
Heap after GC invocations=30 (full 6):
 PSYoungGen      total 1042432K, used 246451K [0x000000076ab00000, 0x00000007c0000000, 0x00000007c0000000)
  eden space 763904K, 0% used [0x000000076ab00000,0x000000076ab00000,0x0000000799500000)
  from space 278528K, 88% used [0x00000007af000000,0x00000007be0acdf8,0x00000007c0000000)
  to   space 316928K, 0% used [0x0000000799500000,0x0000000799500000,0x00000007aca80000)
 ParOldGen       total 590336K, used 433872K [0x00000006c0000000, 0x00000006e4080000, 0x000000076ab00000)
  object space 590336K, 73% used [0x00000006c0000000,0x00000006da7b4330,0x00000006e4080000)
 Metaspace       used 93648K, capacity 99132K, committed 99236K, reserved 1136640K
  class space    used 10494K, capacity 11396K, committed 11468K, reserved 1048576K
}

