# JRE version: OpenJDK Runtime Environment (8.0_332-b09) (build 1.8.0_332-b09)
# Java VM: OpenJDK 64-Bit Server VM (25.332-b09 mixed mode linux-amd64 compressed oops)
Heap:
 PSYoungGen      total 556544K, used 201111K [0x00000000d5580000, 0x00000000fa780000, 0x0000000100000000)
  eden space 537600K, 34% used [0x00000000d5580000,0x00000000e0b13300,0x00000000f6280000)
  from space 18944K, 80% used [0x00000000f9500000,0x00000000fa3d2c68,0x00000000fa780000)
  to   space 35328K, 0% used [0x00000000f6280000,0x00000000f6280000,0x00000000f8500000)
 ParOldGen       total 94720K, used 54800K [0x0000000080000000, 0x0000000085c80000, 0x00000000d5580000)
  object space 94720K, 57% used [0x0000000080000000,0x00000000835842d8,0x0000000085c80000)
 Metaspace       used 74991K, capacity 79062K, committed 79192K, reserved 1118208K
  class space    used 8819K, capacity 9514K, committed 9560K, reserved 1048576K
GC Heap History (10 events):
Event: 16.392 GC heap before
{Heap before GC invocations=15 (full 2):
 PSYoungGen      total 309248K, used 44278K [0x00000000d5580000, 0x00000000e9b00000, 0x0000000100000000)
  eden space 295424K, 10% used [0x00000000d5580000,0x00000000d7340b08,0x00000000e7600000)
  from space 13824K, 99% used [0x00000000e8a00000,0x00000000e977cd40,0x00000000e9780000)
  to   space 18944K, 0% used [0x00000000e7600000,0x00000000e7600000,0x00000000e8880000)
 ParOldGen       total 77312K, used 32539K [0x0000000080000000, 0x0000000084b80000, 0x00000000d5580000)
  object space 77312K, 42% used [0x0000000080000000,0x0000000081fc6fb8,0x0000000084b80000)
 Metaspace       used 55846K, capacity 58672K, committed 59028K, reserved 1101824K
  class space    used 6807K, capacity 7289K, committed 7384K, reserved 1048576K
Event: 16.397 GC heap after
Heap after GC invocations=15 (full 2):
 PSYoungGen      total 314368K, used 935K [0x00000000d5580000, 0x00000000f0c00000, 0x0000000100000000)
  eden space 295424K, 0% used [0x00000000d5580000,0x00000000d5580000,0x00000000e7600000)
  from space 18944K, 4% used [0x00000000e7600000,0x00000000e76e9f28,0x00000000e8880000)
  to   space 18944K, 0% used [0x00000000ef980000,0x00000000ef980000,0x00000000f0c00000)
 ParOldGen       total 77312K, used 33884K [0x0000000080000000, 0x0000000084b80000, 0x00000000d5580000)
  object space 77312K, 43% used [0x0000000080000000,0x00000000821171d8,0x0000000084b80000)
 Metaspace       used 55846K, capacity 58672K, committed 59028K, reserved 1101824K
  class space    used 6807K, capacity 7289K, committed 7384K, reserved 1048576K
}
Event: 16.397 GC heap before
{Heap before GC invocations=16 (full 3):
 PSYoungGen      total 314368K, used 935K [0x00000000d5580000, 0x00000000f0c00000, 0x0000000100000000)
  eden space 295424K, 0% used [0x00000000d5580000,0x00000000d5580000,0x00000000e7600000)
  from space 18944K, 4% used [0x00000000e7600000,0x00000000e76e9f28,0x00000000e8880000)
  to   space 18944K, 0% used [0x00000000ef980000,0x00000000ef980000,0x00000000f0c00000)
 ParOldGen       total 77312K, used 33884K [0x0000000080000000, 0x0000000084b80000, 0x00000000d5580000)
  object space 77312K, 43% used [0x0000000080000000,0x00000000821171d8,0x0000000084b80000)
 Metaspace       used 55846K, capacity 58672K, committed 59028K, reserved 1101824K
  class space    used 6807K, capacity 7289K, committed 7384K, reserved 1048576K
Event: 16.483 GC heap after
Heap after GC invocations=16 (full 3):
 PSYoungGen      total 314368K, used 0K [0x00000000d5580000, 0x00000000f0c00000, 0x0000000100000000)
  eden space 295424K, 0% used [0x00000000d5580000,0x00000000d5580000,0x00000000e7600000)
  from space 18944K, 0% used [0x00000000e7600000,0x00000000e7600000,0x00000000e8880000)
  to   space 18944K, 0% used [0x00000000ef980000,0x00000000ef980000,0x00000000f0c00000)
 ParOldGen       total 94720K, used 19131K [0x0000000080000000, 0x0000000085c80000, 0x00000000d5580000)
  object space 94720K, 20% used [0x0000000080000000,0x00000000812aed98,0x0000000085c80000)
 Metaspace       used 55846K, capacity 58672K, committed 59028K, reserved 1101824K
  class space    used 6807K, capacity 7289K, committed 7384K, reserved 1048576K
}
Event: 17.025 GC heap before
{Heap before GC invocations=17 (full 3):
 PSYoungGen      total 314368K, used 295424K [0x00000000d5580000, 0x00000000f0c00000, 0x0000000100000000)
  eden space 295424K, 100% used [0x00000000d5580000,0x00000000e7600000,0x00000000e7600000)
  from space 18944K, 0% used [0x00000000e7600000,0x00000000e7600000,0x00000000e8880000)
  to   space 18944K, 0% used [0x00000000ef980000,0x00000000ef980000,0x00000000f0c00000)
 ParOldGen       total 94720K, used 19131K [0x0000000080000000, 0x0000000085c80000, 0x00000000d5580000)
  object space 94720K, 20% used [0x0000000080000000,0x00000000812aed98,0x0000000085c80000)
 Metaspace       used 56970K, capacity 59822K, committed 60052K, reserved 1101824K
  class space    used 6876K, capacity 7364K, committed 7384K, reserved 1048576K
Event: 17.049 GC heap after
Heap after GC invocations=17 (full 3):
 PSYoungGen      total 415232K, used 18938K [0x00000000d5580000, 0x00000000f2e00000, 0x0000000100000000)
  eden space 396288K, 0% used [0x00000000d5580000,0x00000000d5580000,0x00000000ed880000)
  from space 18944K, 99% used [0x00000000ef980000,0x00000000f0bfe9f0,0x00000000f0c00000)
  to   space 33792K, 0% used [0x00000000ed880000,0x00000000ed880000,0x00000000ef980000)
 ParOldGen       total 94720K, used 50660K [0x0000000080000000, 0x0000000085c80000, 0x00000000d5580000)
  object space 94720K, 53% used [0x0000000080000000,0x0000000083179170,0x0000000085c80000)
 Metaspace       used 56970K, capacity 59822K, committed 60052K, reserved 1101824K
  class space    used 6876K, capacity 7364K, committed 7384K, reserved 1048576K
}
Event: 18.325 GC heap before
{Heap before GC invocations=18 (full 3):
 PSYoungGen      total 415232K, used 415226K [0x00000000d5580000, 0x00000000f2e00000, 0x0000000100000000)
  eden space 396288K, 100% used [0x00000000d5580000,0x00000000ed880000,0x00000000ed880000)
  from space 18944K, 99% used [0x00000000ef980000,0x00000000f0bfe9f0,0x00000000f0c00000)
  to   space 33792K, 0% used [0x00000000ed880000,0x00000000ed880000,0x00000000ef980000)
 ParOldGen       total 94720K, used 50660K [0x0000000080000000, 0x0000000085c80000, 0x00000000d5580000)
  object space 94720K, 53% used [0x0000000080000000,0x0000000083179170,0x0000000085c80000)
 Metaspace       used 63210K, capacity 66206K, committed 66648K, reserved 1107968K
  class space    used 7457K, capacity 7962K, committed 8024K, reserved 1048576K
Event: 18.344 GC heap after
Heap after GC invocations=18 (full 3):
 PSYoungGen      total 430080K, used 26676K [0x00000000d5580000, 0x00000000fb980000, 0x0000000100000000)
  eden space 396288K, 0% used [0x00000000d5580000,0x00000000d5580000,0x00000000ed880000)
  from space 33792K, 78% used [0x00000000ed880000,0x00000000ef28d020,0x00000000ef980000)
  to   space 37376K, 0% used [0x00000000f9500000,0x00000000f9500000,0x00000000fb980000)
 ParOldGen       total 94720K, used 51108K [0x0000000080000000, 0x0000000085c80000, 0x00000000d5580000)
  object space 94720K, 53% used [0x0000000080000000,0x00000000831e9138,0x0000000085c80000)
 Metaspace       used 63210K, capacity 66206K, committed 66648K, reserved 1107968K
  class space    used 7457K, capacity 7962K, committed 8024K, reserved 1048576K
}
Event: 25.607 GC heap before
{Heap before GC invocations=19 (full 3):
 PSYoungGen      total 430080K, used 422964K [0x00000000d5580000, 0x00000000fb980000, 0x0000000100000000)
  eden space 396288K, 100% used [0x00000000d5580000,0x00000000ed880000,0x00000000ed880000)
  from space 33792K, 78% used [0x00000000ed880000,0x00000000ef28d020,0x00000000ef980000)
  to   space 37376K, 0% used [0x00000000f9500000,0x00000000f9500000,0x00000000fb980000)
 ParOldGen       total 94720K, used 51108K [0x0000000080000000, 0x0000000085c80000, 0x00000000d5580000)
  object space 94720K, 53% used [0x0000000080000000,0x00000000831e9138,0x0000000085c80000)
 Metaspace       used 71219K, capacity 74776K, committed 75096K, reserved 1116160K
  class space    used 8388K, capacity 8973K, committed 9048K, reserved 1048576K
Event: 25.623 GC heap after
Heap after GC invocations=19 (full 3):
 PSYoungGen      total 556544K, used 15179K [0x00000000d5580000, 0x00000000fa780000, 0x0000000100000000)
  eden space 537600K, 0% used [0x00000000d5580000,0x00000000d5580000,0x00000000f6280000)
  from space 18944K, 80% used [0x00000000f9500000,0x00000000fa3d2c68,0x00000000fa780000)
  to   space 35328K, 0% used [0x00000000f6280000,0x00000000f6280000,0x00000000f8500000)
 ParOldGen       total 94720K, used 54800K [0x0000000080000000, 0x0000000085c80000, 0x00000000d5580000)
  object space 94720K, 57% used [0x0000000080000000,0x00000000835842d8,0x0000000085c80000)
 Metaspace       used 71219K, capacity 74776K, committed 75096K, reserved 1116160K
  class space    used 8388K, capacity 8973K, committed 9048K, reserved 1048576K
}

