# JRE version: OpenJDK Runtime Environment (8.0_382-b05) (build 1.8.0_382-b05)
# Java VM: OpenJDK 64-Bit Server VM (25.382-b05 mixed mode linux-amd64 compressed oops)
Heap:
 PSYoungGen      total 60928K, used 20163K [0x000000076ab00000, 0x000000076eb00000, 0x00000007c0000000)
  eden space 56320K, 27% used [0x000000076ab00000,0x000000076ba36950,0x000000076e200000)
  from space 4608K, 99% used [0x000000076e680000,0x000000076eafa4f8,0x000000076eb00000)
  to   space 4608K, 0% used [0x000000076e200000,0x000000076e200000,0x000000076e680000)
 ParOldGen       total 75264K, used 5677K [0x00000006c0000000, 0x00000006c4980000, 0x000000076ab00000)
  object space 75264K, 7% used [0x00000006c0000000,0x00000006c058b770,0x00000006c4980000)
 Metaspace       used 14473K, capacity 15984K, committed 16256K, reserved 1062912K
  class space    used 1815K, capacity 2094K, committed 2176K, reserved 1048576K
GC Heap History (8 events):
Event: 0.801 GC heap before
{Heap before GC invocations=1 (full 0):
 PSYoungGen      total 32768K, used 28160K [0x000000076ab00000, 0x000000076cf80000, 0x00000007c0000000)
  eden space 28160K, 100% used [0x000000076ab00000,0x000000076c680000,0x000000076c680000)
  from space 4608K, 0% used [0x000000076cb00000,0x000000076cb00000,0x000000076cf80000)
  to   space 4608K, 0% used [0x000000076c680000,0x000000076c680000,0x000000076cb00000)
 ParOldGen       total 75264K, used 0K [0x00000006c0000000, 0x00000006c4980000, 0x000000076ab00000)
  object space 75264K, 0% used [0x00000006c0000000,0x00000006c0000000,0x00000006c4980000)
 Metaspace       used 6645K, capacity 6828K, committed 7040K, reserved 1056768K
  class space    used 736K, capacity 826K, committed 896K, reserved 1048576K
Event: 0.805 GC heap after
Heap after GC invocations=1 (full 0):
 PSYoungGen      total 32768K, used 2782K [0x000000076ab00000, 0x000000076cf80000, 0x00000007c0000000)
  eden space 28160K, 0% used [0x000000076ab00000,0x000000076ab00000,0x000000076c680000)
  from space 4608K, 60% used [0x000000076c680000,0x000000076c9379b8,0x000000076cb00000)
  to   space 4608K, 0% used [0x000000076cb00000,0x000000076cb00000,0x000000076cf80000)
 ParOldGen       total 75264K, used 8K [0x00000006c0000000, 0x00000006c4980000, 0x000000076ab00000)
  object space 75264K, 0% used [0x00000006c0000000,0x00000006c0002000,0x00000006c4980000)
 Metaspace       used 6645K, capacity 6828K, committed 7040K, reserved 1056768K
  class space    used 736K, capacity 826K, committed 896K, reserved 1048576K
}
Event: 1.112 GC heap before
{Heap before GC invocations=2 (full 0):
 PSYoungGen      total 32768K, used 30942K [0x000000076ab00000, 0x000000076cf80000, 0x00000007c0000000)
  eden space 28160K, 100% used [0x000000076ab00000,0x000000076c680000,0x000000076c680000)
  from space 4608K, 60% used [0x000000076c680000,0x000000076c9379b8,0x000000076cb00000)
  to   space 4608K, 0% used [0x000000076cb00000,0x000000076cb00000,0x000000076cf80000)
 ParOldGen       total 75264K, used 8K [0x00000006c0000000, 0x00000006c4980000, 0x000000076ab00000)
  object space 75264K, 0% used [0x00000006c0000000,0x00000006c0002000,0x00000006c4980000)
 Metaspace       used 9567K, capacity 10068K, committed 10368K, reserved 1058816K
  class space    used 1170K, capacity 1286K, committed 1408K, reserved 1048576K
Event: 1.117 GC heap after
Heap after GC invocations=2 (full 0):
 PSYoungGen      total 32768K, used 3152K [0x000000076ab00000, 0x000000076eb00000, 0x00000007c0000000)
  eden space 28160K, 0% used [0x000000076ab00000,0x000000076ab00000,0x000000076c680000)
  from space 4608K, 68% used [0x000000076cb00000,0x000000076ce14160,0x000000076cf80000)
  to   space 4608K, 0% used [0x000000076c680000,0x000000076c680000,0x000000076cb00000)
 ParOldGen       total 75264K, used 16K [0x00000006c0000000, 0x00000006c4980000, 0x000000076ab00000)
  object space 75264K, 0% used [0x00000006c0000000,0x00000006c0004000,0x00000006c4980000)
 Metaspace       used 9567K, capacity 10068K, committed 10368K, reserved 1058816K
  class space    used 1170K, capacity 1286K, committed 1408K, reserved 1048576K
}
Event: 1.480 GC heap before
{Heap before GC invocations=3 (full 0):
 PSYoungGen      total 32768K, used 31312K [0x000000076ab00000, 0x000000076eb00000, 0x00000007c0000000)
  eden space 28160K, 100% used [0x000000076ab00000,0x000000076c680000,0x000000076c680000)
  from space 4608K, 68% used [0x000000076cb00000,0x000000076ce14160,0x000000076cf80000)
  to   space 4608K, 0% used [0x000000076c680000,0x000000076c680000,0x000000076cb00000)
 ParOldGen       total 75264K, used 16K [0x00000006c0000000, 0x00000006c4980000, 0x000000076ab00000)
  object space 75264K, 0% used [0x00000006c0000000,0x00000006c0004000,0x00000006c4980000)
 Metaspace       used 12120K, capacity 13372K, committed 13696K, reserved 1060864K
  class space    used 1565K, capacity 1832K, committed 1920K, reserved 1048576K
Event: 1.484 GC heap after
Heap after GC invocations=3 (full 0):
 PSYoungGen      total 32768K, used 3523K [0x000000076ab00000, 0x000000076eb00000, 0x00000007c0000000)
  eden space 28160K, 0% used [0x000000076ab00000,0x000000076ab00000,0x000000076c680000)
  from space 4608K, 76% used [0x000000076c680000,0x000000076c9f0c78,0x000000076cb00000)
  to   space 4608K, 0% used [0x000000076e680000,0x000000076e680000,0x000000076eb00000)
 ParOldGen       total 75264K, used 24K [0x00000006c0000000, 0x00000006c4980000, 0x000000076ab00000)
  object space 75264K, 0% used [0x00000006c0000000,0x00000006c0006000,0x00000006c4980000)
 Metaspace       used 12120K, capacity 13372K, committed 13696K, reserved 1060864K
  class space    used 1565K, capacity 1832K, committed 1920K, reserved 1048576K
}
Event: 2.158 GC heap before
{Heap before GC invocations=4 (full 0):
 PSYoungGen      total 32768K, used 31683K [0x000000076ab00000, 0x000000076eb00000, 0x00000007c0000000)
  eden space 28160K, 100% used [0x000000076ab00000,0x000000076c680000,0x000000076c680000)
  from space 4608K, 76% used [0x000000076c680000,0x000000076c9f0c78,0x000000076cb00000)
  to   space 4608K, 0% used [0x000000076e680000,0x000000076e680000,0x000000076eb00000)
 ParOldGen       total 75264K, used 24K [0x00000006c0000000, 0x00000006c4980000, 0x000000076ab00000)
  object space 75264K, 0% used [0x00000006c0000000,0x00000006c0006000,0x00000006c4980000)
 Metaspace       used 13832K, capacity 15374K, committed 15744K, reserved 1062912K
  class space    used 1748K, capacity 2061K, committed 2176K, reserved 1048576K
Event: 2.173 GC heap after
Heap after GC invocations=4 (full 0):
 PSYoungGen      total 60928K, used 4585K [0x000000076ab00000, 0x000000076eb00000, 0x00000007c0000000)
  eden space 56320K, 0% used [0x000000076ab00000,0x000000076ab00000,0x000000076e200000)
  from space 4608K, 99% used [0x000000076e680000,0x000000076eafa4f8,0x000000076eb00000)
  to   space 4608K, 0% used [0x000000076e200000,0x000000076e200000,0x000000076e680000)
 ParOldGen       total 75264K, used 5677K [0x00000006c0000000, 0x00000006c4980000, 0x000000076ab00000)
  object space 75264K, 7% used [0x00000006c0000000,0x00000006c058b770,0x00000006c4980000)
 Metaspace       used 13832K, capacity 15374K, committed 15744K, reserved 1062912K
  class space    used 1748K, capacity 2061K, committed 2176K, reserved 1048576K
}

