# JRE version: OpenJDK Runtime Environment (8.0_382-b05) (build 1.8.0_382-b05)
# Java VM: OpenJDK 64-Bit Server VM (25.382-b05 mixed mode linux-amd64 compressed oops)
Heap:
 PSYoungGen      total 60928K, used 6831K [0x000000076ab00000, 0x000000076eb00000, 0x00000007c0000000)
  eden space 56320K, 3% used [0x000000076ab00000,0x000000076ad31550,0x000000076e200000)
  from space 4608K, 99% used [0x000000076e680000,0x000000076eafa778,0x000000076eb00000)
  to   space 4608K, 0% used [0x000000076e200000,0x000000076e200000,0x000000076e680000)
 ParOldGen       total 75264K, used 72K [0x00000006c0000000, 0x00000006c4980000, 0x000000076ab00000)
  object space 75264K, 0% used [0x00000006c0000000,0x00000006c0012010,0x00000006c4980000)
 Metaspace       used 14344K, capacity 15848K, committed 16000K, reserved 1062912K
  class space    used 1844K, capacity 2148K, committed 2176K, reserved 1048576K
GC Heap History (8 events):
Event: 0.494 GC heap before
{Heap before GC invocations=1 (full 0):
 PSYoungGen      total 32768K, used 28160K [0x000000076ab00000, 0x000000076cf80000, 0x00000007c0000000)
  eden space 28160K, 100% used [0x000000076ab00000,0x000000076c680000,0x000000076c680000)
  from space 4608K, 0% used [0x000000076cb00000,0x000000076cb00000,0x000000076cf80000)
  to   space 4608K, 0% used [0x000000076c680000,0x000000076c680000,0x000000076cb00000)
 ParOldGen       total 75264K, used 0K [0x00000006c0000000, 0x00000006c4980000, 0x000000076ab00000)
  object space 75264K, 0% used [0x00000006c0000000,0x00000006c0000000,0x00000006c4980000)
 Metaspace       used 6896K, capacity 7144K, committed 7296K, reserved 1056768K
  class space    used 800K, capacity 864K, committed 896K, reserved 1048576K
Event: 0.498 GC heap after
Heap after GC invocations=1 (full 0):
 PSYoungGen      total 32768K, used 2902K [0x000000076ab00000, 0x000000076cf80000, 0x00000007c0000000)
  eden space 28160K, 0% used [0x000000076ab00000,0x000000076ab00000,0x000000076c680000)
  from space 4608K, 62% used [0x000000076c680000,0x000000076c9559f8,0x000000076cb00000)
  to   space 4608K, 0% used [0x000000076cb00000,0x000000076cb00000,0x000000076cf80000)
 ParOldGen       total 75264K, used 8K [0x00000006c0000000, 0x00000006c4980000, 0x000000076ab00000)
  object space 75264K, 0% used [0x00000006c0000000,0x00000006c0002000,0x00000006c4980000)
 Metaspace       used 6896K, capacity 7144K, committed 7296K, reserved 1056768K
  class space    used 800K, capacity 864K, committed 896K, reserved 1048576K
}
Event: 0.687 GC heap before
{Heap before GC invocations=2 (full 0):
 PSYoungGen      total 32768K, used 31062K [0x000000076ab00000, 0x000000076cf80000, 0x00000007c0000000)
  eden space 28160K, 100% used [0x000000076ab00000,0x000000076c680000,0x000000076c680000)
  from space 4608K, 62% used [0x000000076c680000,0x000000076c9559f8,0x000000076cb00000)
  to   space 4608K, 0% used [0x000000076cb00000,0x000000076cb00000,0x000000076cf80000)
 ParOldGen       total 75264K, used 8K [0x00000006c0000000, 0x00000006c4980000, 0x000000076ab00000)
  object space 75264K, 0% used [0x00000006c0000000,0x00000006c0002000,0x00000006c4980000)
 Metaspace       used 9396K, capacity 9902K, committed 9984K, reserved 1058816K
  class space    used 1148K, capacity 1277K, committed 1280K, reserved 1048576K
Event: 0.692 GC heap after
Heap after GC invocations=2 (full 0):
 PSYoungGen      total 32768K, used 3178K [0x000000076ab00000, 0x000000076eb00000, 0x00000007c0000000)
  eden space 28160K, 0% used [0x000000076ab00000,0x000000076ab00000,0x000000076c680000)
  from space 4608K, 68% used [0x000000076cb00000,0x000000076ce1abb8,0x000000076cf80000)
  to   space 4608K, 0% used [0x000000076c680000,0x000000076c680000,0x000000076cb00000)
 ParOldGen       total 75264K, used 24K [0x00000006c0000000, 0x00000006c4980000, 0x000000076ab00000)
  object space 75264K, 0% used [0x00000006c0000000,0x00000006c0006000,0x00000006c4980000)
 Metaspace       used 9396K, capacity 9902K, committed 9984K, reserved 1058816K
  class space    used 1148K, capacity 1277K, committed 1280K, reserved 1048576K
}
Event: 0.906 GC heap before
{Heap before GC invocations=3 (full 0):
 PSYoungGen      total 32768K, used 31338K [0x000000076ab00000, 0x000000076eb00000, 0x00000007c0000000)
  eden space 28160K, 100% used [0x000000076ab00000,0x000000076c680000,0x000000076c680000)
  from space 4608K, 68% used [0x000000076cb00000,0x000000076ce1abb8,0x000000076cf80000)
  to   space 4608K, 0% used [0x000000076c680000,0x000000076c680000,0x000000076cb00000)
 ParOldGen       total 75264K, used 24K [0x00000006c0000000, 0x00000006c4980000, 0x000000076ab00000)
  object space 75264K, 0% used [0x00000006c0000000,0x00000006c0006000,0x00000006c4980000)
 Metaspace       used 11488K, capacity 12726K, committed 12800K, reserved 1060864K
  class space    used 1507K, capacity 1763K, committed 1792K, reserved 1048576K
Event: 0.909 GC heap after
Heap after GC invocations=3 (full 0):
 PSYoungGen      total 32768K, used 3443K [0x000000076ab00000, 0x000000076eb00000, 0x00000007c0000000)
  eden space 28160K, 0% used [0x000000076ab00000,0x000000076ab00000,0x000000076c680000)
  from space 4608K, 74% used [0x000000076c680000,0x000000076c9dcf70,0x000000076cb00000)
  to   space 4608K, 0% used [0x000000076e680000,0x000000076e680000,0x000000076eb00000)
 ParOldGen       total 75264K, used 32K [0x00000006c0000000, 0x00000006c4980000, 0x000000076ab00000)
  object space 75264K, 0% used [0x00000006c0000000,0x00000006c0008000,0x00000006c4980000)
 Metaspace       used 11488K, capacity 12726K, committed 12800K, reserved 1060864K
  class space    used 1507K, capacity 1763K, committed 1792K, reserved 1048576K
}
Event: 1.470 GC heap before
{Heap before GC invocations=4 (full 0):
 PSYoungGen      total 32768K, used 31603K [0x000000076ab00000, 0x000000076eb00000, 0x00000007c0000000)
  eden space 28160K, 100% used [0x000000076ab00000,0x000000076c680000,0x000000076c680000)
  from space 4608K, 74% used [0x000000076c680000,0x000000076c9dcf70,0x000000076cb00000)
  to   space 4608K, 0% used [0x000000076e680000,0x000000076e680000,0x000000076eb00000)
 ParOldGen       total 75264K, used 32K [0x00000006c0000000, 0x00000006c4980000, 0x000000076ab00000)
  object space 75264K, 0% used [0x00000006c0000000,0x00000006c0008000,0x00000006c4980000)
 Metaspace       used 14344K, capacity 15848K, committed 16000K, reserved 1062912K
  class space    used 1844K, capacity 2148K, committed 2176K, reserved 1048576K
Event: 1.477 GC heap after
Heap after GC invocations=4 (full 0):
 PSYoungGen      total 60928K, used 4585K [0x000000076ab00000, 0x000000076eb00000, 0x00000007c0000000)
  eden space 56320K, 0% used [0x000000076ab00000,0x000000076ab00000,0x000000076e200000)
  from space 4608K, 99% used [0x000000076e680000,0x000000076eafa778,0x000000076eb00000)
  to   space 4608K, 0% used [0x000000076e200000,0x000000076e200000,0x000000076e680000)
 ParOldGen       total 75264K, used 72K [0x00000006c0000000, 0x00000006c4980000, 0x000000076ab00000)
  object space 75264K, 0% used [0x00000006c0000000,0x00000006c0012010,0x00000006c4980000)
 Metaspace       used 14344K, capacity 15848K, committed 16000K, reserved 1062912K
  class space    used 1844K, capacity 2148K, committed 2176K, reserved 1048576K
}

