# JRE version: OpenJDK Runtime Environment (8.0_402-b06) (build 1.8.0_402-b06)
# Java VM: OpenJDK 64-Bit Server VM (25.402-b06 mixed mode linux-amd64 compressed oops)
Heap:
 PSYoungGen      total 367104K, used 160628K [0x000000076ab00000, 0x0000000783680000, 0x00000007c0000000)
  eden space 354304K, 41% used [0x000000076ab00000,0x0000000773b61430,0x0000000780500000)
  from space 12800K, 99% used [0x0000000781c80000,0x00000007828fbd48,0x0000000782900000)
  to   space 24064K, 0% used [0x0000000780500000,0x0000000780500000,0x0000000781c80000)
 ParOldGen       total 160768K, used 45940K [0x00000006c0000000, 0x00000006c9d00000, 0x000000076ab00000)
  object space 160768K, 28% used [0x00000006c0000000,0x00000006c2cdd350,0x00000006c9d00000)
 Metaspace       used 47016K, capacity 49437K, committed 49536K, reserved 1093632K
  class space    used 5812K, capacity 6263K, committed 6272K, reserved 1048576K
GC Heap History (10 events):
Event: 2.858 GC heap before
{Heap before GC invocations=8 (full 1):
 PSYoungGen      total 206848K, used 206828K [0x000000076ab00000, 0x000000077b200000, 0x00000007c0000000)
  eden space 203264K, 100% used [0x000000076ab00000,0x0000000777180000,0x0000000777180000)
  from space 3584K, 99% used [0x000000077ae80000,0x000000077b1fb138,0x000000077b200000)
  to   space 7680K, 0% used [0x000000077a300000,0x000000077a300000,0x000000077aa80000)
 ParOldGen       total 95744K, used 5088K [0x00000006c0000000, 0x00000006c5d80000, 0x000000076ab00000)
  object space 95744K, 5% used [0x00000006c0000000,0x00000006c04f81c0,0x00000006c5d80000)
 Metaspace       used 27978K, capacity 29528K, committed 29952K, reserved 1075200K
  class space    used 3672K, capacity 3987K, committed 4096K, reserved 1048576K
Event: 2.861 GC heap after
Heap after GC invocations=8 (full 1):
 PSYoungGen      total 261632K, used 4688K [0x000000076ab00000, 0x000000077e880000, 0x00000007c0000000)
  eden space 253952K, 0% used [0x000000076ab00000,0x000000076ab00000,0x000000077a300000)
  from space 7680K, 61% used [0x000000077a300000,0x000000077a7942e8,0x000000077aa80000)
  to   space 7680K, 0% used [0x000000077e100000,0x000000077e100000,0x000000077e880000)
 ParOldGen       total 95744K, used 5096K [0x00000006c0000000, 0x00000006c5d80000, 0x000000076ab00000)
  object space 95744K, 5% used [0x00000006c0000000,0x00000006c04fa1c0,0x00000006c5d80000)
 Metaspace       used 27978K, capacity 29528K, committed 29952K, reserved 1075200K
  class space    used 3672K, capacity 3987K, committed 4096K, reserved 1048576K
}
Event: 3.371 GC heap before
{Heap before GC invocations=9 (full 1):
 PSYoungGen      total 261632K, used 141732K [0x000000076ab00000, 0x000000077e880000, 0x00000007c0000000)
  eden space 253952K, 53% used [0x000000076ab00000,0x00000007730d4fc0,0x000000077a300000)
  from space 7680K, 61% used [0x000000077a300000,0x000000077a7942e8,0x000000077aa80000)
  to   space 7680K, 0% used [0x000000077e100000,0x000000077e100000,0x000000077e880000)
 ParOldGen       total 95744K, used 5096K [0x00000006c0000000, 0x00000006c5d80000, 0x000000076ab00000)
  object space 95744K, 5% used [0x00000006c0000000,0x00000006c04fa1c0,0x00000006c5d80000)
 Metaspace       used 33721K, capacity 35262K, committed 35456K, reserved 1079296K
  class space    used 4418K, capacity 4729K, committed 4736K, reserved 1048576K
Event: 3.376 GC heap after
Heap after GC invocations=9 (full 1):
 PSYoungGen      total 316928K, used 6749K [0x000000076ab00000, 0x0000000783300000, 0x00000007c0000000)
  eden space 309248K, 0% used [0x000000076ab00000,0x000000076ab00000,0x000000077d900000)
  from space 7680K, 87% used [0x000000077e100000,0x000000077e797588,0x000000077e880000)
  to   space 8192K, 0% used [0x000000077d900000,0x000000077d900000,0x000000077e100000)
 ParOldGen       total 95744K, used 5104K [0x00000006c0000000, 0x00000006c5d80000, 0x000000076ab00000)
  object space 95744K, 5% used [0x00000006c0000000,0x00000006c04fc1c0,0x00000006c5d80000)
 Metaspace       used 33721K, capacity 35262K, committed 35456K, reserved 1079296K
  class space    used 4418K, capacity 4729K, committed 4736K, reserved 1048576K
}
Event: 3.376 GC heap before
{Heap before GC invocations=10 (full 2):
 PSYoungGen      total 316928K, used 6749K [0x000000076ab00000, 0x0000000783300000, 0x00000007c0000000)
  eden space 309248K, 0% used [0x000000076ab00000,0x000000076ab00000,0x000000077d900000)
  from space 7680K, 87% used [0x000000077e100000,0x000000077e797588,0x000000077e880000)
  to   space 8192K, 0% used [0x000000077d900000,0x000000077d900000,0x000000077e100000)
 ParOldGen       total 95744K, used 5104K [0x00000006c0000000, 0x00000006c5d80000, 0x000000076ab00000)
  object space 95744K, 5% used [0x00000006c0000000,0x00000006c04fc1c0,0x00000006c5d80000)
 Metaspace       used 33721K, capacity 35262K, committed 35456K, reserved 1079296K
  class space    used 4418K, capacity 4729K, committed 4736K, reserved 1048576K
Event: 3.423 GC heap after
Heap after GC invocations=10 (full 2):
 PSYoungGen      total 316928K, used 0K [0x000000076ab00000, 0x0000000783300000, 0x00000007c0000000)
  eden space 309248K, 0% used [0x000000076ab00000,0x000000076ab00000,0x000000077d900000)
  from space 7680K, 0% used [0x000000077e100000,0x000000077e100000,0x000000077e880000)
  to   space 8192K, 0% used [0x000000077d900000,0x000000077d900000,0x000000077e100000)
 ParOldGen       total 160768K, used 11035K [0x00000006c0000000, 0x00000006c9d00000, 0x000000076ab00000)
  object space 160768K, 6% used [0x00000006c0000000,0x00000006c0ac6c28,0x00000006c9d00000)
 Metaspace       used 33709K, capacity 35244K, committed 35456K, reserved 1079296K
  class space    used 4417K, capacity 4726K, committed 4736K, reserved 1048576K
}
Event: 6.591 GC heap before
{Heap before GC invocations=11 (full 2):
 PSYoungGen      total 316928K, used 309248K [0x000000076ab00000, 0x0000000783300000, 0x00000007c0000000)
  eden space 309248K, 100% used [0x000000076ab00000,0x000000077d900000,0x000000077d900000)
  from space 7680K, 0% used [0x000000077e100000,0x000000077e100000,0x000000077e880000)
  to   space 8192K, 0% used [0x000000077d900000,0x000000077d900000,0x000000077e100000)
 ParOldGen       total 160768K, used 11035K [0x00000006c0000000, 0x00000006c9d00000, 0x000000076ab00000)
  object space 160768K, 6% used [0x00000006c0000000,0x00000006c0ac6c28,0x00000006c9d00000)
 Metaspace       used 43043K, capacity 45081K, committed 45312K, reserved 1089536K
  class space    used 5378K, capacity 5783K, committed 5888K, reserved 1048576K
Event: 6.597 GC heap after
Heap after GC invocations=11 (full 2):
 PSYoungGen      total 317440K, used 8185K [0x000000076ab00000, 0x0000000782900000, 0x00000007c0000000)
  eden space 309248K, 0% used [0x000000076ab00000,0x000000076ab00000,0x000000077d900000)
  from space 8192K, 99% used [0x000000077d900000,0x000000077e0fe568,0x000000077e100000)
  to   space 12800K, 0% used [0x0000000781c80000,0x0000000781c80000,0x0000000782900000)
 ParOldGen       total 160768K, used 21062K [0x00000006c0000000, 0x00000006c9d00000, 0x000000076ab00000)
  object space 160768K, 13% used [0x00000006c0000000,0x00000006c1491a50,0x00000006c9d00000)
 Metaspace       used 43043K, capacity 45081K, committed 45312K, reserved 1089536K
  class space    used 5378K, capacity 5783K, committed 5888K, reserved 1048576K
}
Event: 13.824 GC heap before
{Heap before GC invocations=12 (full 2):
 PSYoungGen      total 317440K, used 317433K [0x000000076ab00000, 0x0000000782900000, 0x00000007c0000000)
  eden space 309248K, 100% used [0x000000076ab00000,0x000000077d900000,0x000000077d900000)
  from space 8192K, 99% used [0x000000077d900000,0x000000077e0fe568,0x000000077e100000)
  to   space 12800K, 0% used [0x0000000781c80000,0x0000000781c80000,0x0000000782900000)
 ParOldGen       total 160768K, used 21062K [0x00000006c0000000, 0x00000006c9d00000, 0x000000076ab00000)
  object space 160768K, 13% used [0x00000006c0000000,0x00000006c1491a50,0x00000006c9d00000)
 Metaspace       used 45662K, capacity 48021K, committed 48256K, reserved 1091584K
  class space    used 5712K, capacity 6145K, committed 6272K, reserved 1048576K
Event: 13.833 GC heap after
Heap after GC invocations=12 (full 2):
 PSYoungGen      total 367104K, used 12783K [0x000000076ab00000, 0x0000000783680000, 0x00000007c0000000)
  eden space 354304K, 0% used [0x000000076ab00000,0x000000076ab00000,0x0000000780500000)
  from space 12800K, 99% used [0x0000000781c80000,0x00000007828fbd48,0x0000000782900000)
  to   space 24064K, 0% used [0x0000000780500000,0x0000000780500000,0x0000000781c80000)
 ParOldGen       total 160768K, used 45940K [0x00000006c0000000, 0x00000006c9d00000, 0x000000076ab00000)
  object space 160768K, 28% used [0x00000006c0000000,0x00000006c2cdd350,0x00000006c9d00000)
 Metaspace       used 45662K, capacity 48021K, committed 48256K, reserved 1091584K
  class space    used 5712K, capacity 6145K, committed 6272K, reserved 1048576K
}

