<?xml version="1.0" encoding="UTF-8"?>
<testsuite xmlns:xsi="http://www.w3.org/2001/XMLSchema-instance" xsi:noNamespaceSchemaLocation="https://maven.apache.org/surefire/maven-surefire-plugin/xsd/surefire-test-report-3.0.xsd" version="3.0" name="org.apache.hadoop.hdds.scm.block.TestBlockManager" time="8.622" tests="12" errors="1" skipped="0" failures="0">
  <properties>
[...]
</properties>
  <testcase name="testMultipleBlockAllocationWithClosedContainer" classname="org.apache.hadoop.hdds.scm.block.TestBlockManager" time="4.119">
    <system-out><![CDATA[2023-06-27 05:29:55,328 [main] INFO  net.NodeSchemaLoader (NodeSchemaLoader.java:loadSchemaFromFile(129)) - Loading schema from [file:/home/runner/work/ozone/ozone/hadoop-hdds/common/target/classes/network-topology-default.xml]
2023-06-27 05:29:55,331 [main] INFO  net.NodeSchemaLoader (NodeSchemaLoader.java:loadSchema(176)) - Loading network topology layer schema file
2023-06-27 05:29:55,415 [main] INFO  net.NodeSchemaLoader (NodeSchemaLoader.java:loadSchemaFromFile(129)) - Loading schema from [file:/home/runner/work/ozone/ozone/hadoop-hdds/common/target/classes/network-topology-default.xml]
2023-06-27 05:29:55,415 [main] INFO  net.NodeSchemaLoader (NodeSchemaLoader.java:loadSchema(176)) - Loading network topology layer schema file
2023-06-27 05:29:55,719 [main] INFO  reflections.Reflections (Reflections.java:scan(232)) - Reflections took 185 ms to scan 6 urls, producing 156 keys and 362 values 
2023-06-27 05:29:55,813 [main] INFO  net.NetworkTopologyImpl (NetworkTopologyImpl.java:add(112)) - Added a new node: /default-rack/eb5d61cc-5174-4619-b307-46a4cf3740dc
2023-06-27 05:29:55,814 [main] INFO  net.NetworkTopologyImpl (NetworkTopologyImpl.java:add(112)) - Added a new node: /default-rack/a7c80cea-3f06-4870-9817-63c7a6f3fe97
2023-06-27 05:29:55,815 [main] INFO  net.NetworkTopologyImpl (NetworkTopologyImpl.java:add(112)) - Added a new node: /default-rack/05e08a02-a2a4-4fb1-a59b-a7048d48f0b7
2023-06-27 05:29:55,815 [main] INFO  net.NetworkTopologyImpl (NetworkTopologyImpl.java:add(112)) - Added a new node: /default-rack/3f910258-cc37-4f0f-a4db-8128217100e3
2023-06-27 05:29:55,823 [main] INFO  net.NetworkTopologyImpl (NetworkTopologyImpl.java:add(112)) - Added a new node: /default-rack/d5856658-8b42-4598-915c-7da6a769e0b4
2023-06-27 05:29:55,823 [main] INFO  net.NetworkTopologyImpl (NetworkTopologyImpl.java:add(112)) - Added a new node: /default-rack/5c823d28-fde0-453f-b01f-e214bfd9d6f8
2023-06-27 05:29:55,824 [main] INFO  net.NetworkTopologyImpl (NetworkTopologyImpl.java:add(112)) - Added a new node: /default-rack/b989c251-30d3-4e09-bd8f-a55773dd52ef
2023-06-27 05:29:55,825 [main] INFO  net.NetworkTopologyImpl (NetworkTopologyImpl.java:add(112)) - Added a new node: /default-rack/3eff96db-c62f-4031-a5ac-16d78558be81
2023-06-27 05:29:55,826 [main] INFO  net.NetworkTopologyImpl (NetworkTopologyImpl.java:add(112)) - Added a new node: /default-rack/4a71768e-bd0d-4ec6-b800-135265ca23cc
2023-06-27 05:29:55,827 [main] INFO  net.NetworkTopologyImpl (NetworkTopologyImpl.java:add(112)) - Added a new node: /default-rack/712f8e51-9c85-448a-b92c-45b2290814db
2023-06-27 05:29:55,982 [main] WARN  utils.HAUtils (HAUtils.java:getMetaDir(339)) - ozone.scm.db.dirs is not configured. We recommend adding this setting. Falling back to ozone.metadata.dirs instead.
2023-06-27 05:29:56,283 [main] WARN  db.DBStoreBuilder (DBStoreBuilder.java:applyDBDefinition(166)) - ozone.scm.db.dirs is not configured. We recommend adding this setting. Falling back to ozone.metadata.dirs instead.
2023-06-27 05:29:56,521 [main] INFO  ha.SequenceIdGenerator (SequenceIdGenerator.java:<init>(220)) - Init the HA SequenceIdGenerator.
2023-06-27 05:29:56,539 [main] INFO  pipeline.PipelineStateManagerImpl (PipelineStateManagerImpl.java:initialize(78)) - No pipeline exists in current db
2023-06-27 05:29:56,567 [main] INFO  algorithms.LeaderChoosePolicyFactory (LeaderChoosePolicyFactory.java:getPolicy(57)) - Create leader choose policy of type org.apache.hadoop.hdds.scm.pipeline.leader.choose.algorithms.MinLeaderCountChoosePolicy
2023-06-27 05:29:56,574 [main] INFO  algorithms.ContainerPlacementPolicyFactory (ContainerPlacementPolicyFactory.java:getPolicyInternal(86)) - Create container placement policy of type org.apache.hadoop.hdds.scm.container.placement.algorithms.SCMContainerPlacementRackScatter
2023-06-27 05:29:56,668 [main] INFO  ha.SCMServiceManager (SCMServiceManager.java:register(42)) - Registering service BackgroundPipelineCreator.
2023-06-27 05:29:56,669 [main] INFO  pipeline.BackgroundPipelineCreator (BackgroundPipelineCreator.java:start(124)) - Starting RatisPipelineUtilsThread.
2023-06-27 05:29:56,675 [main] INFO  BackgroundPipelineScrubber (BackgroundSCMService.java:start(68)) - Starting BackgroundPipelineScrubber Service.
2023-06-27 05:29:56,680 [main] INFO  ha.SCMServiceManager (SCMServiceManager.java:register(42)) - Registering service BackgroundPipelineScrubber.
2023-06-27 05:29:56,681 [main] INFO  algorithms.LeaderChoosePolicyFactory (LeaderChoosePolicyFactory.java:getPolicy(57)) - Create leader choose policy of type org.apache.hadoop.hdds.scm.pipeline.leader.choose.algorithms.MinLeaderCountChoosePolicy
2023-06-27 05:29:56,774 [main] INFO  safemode.ContainerSafeModeRule (ContainerSafeModeRule.java:<init>(89)) - containers with one replica threshold count 0
2023-06-27 05:29:56,780 [main] INFO  safemode.HealthyPipelineSafeModeRule (HealthyPipelineSafeModeRule.java:initializeRule(169)) - Total pipeline count is 0, healthy pipeline threshold count is 0
2023-06-27 05:29:56,783 [main] INFO  safemode.OneReplicaPipelineSafeModeRule (OneReplicaPipelineSafeModeRule.java:initializeRule(180)) - Total pipeline count is 0, pipeline's with at least one datanode reported threshold count is 0
2023-06-27 05:29:56,794 [main] WARN  server.ServerUtils (ServerUtils.java:getScmDbDir(155)) - ozone.scm.db.dirs is not configured. We recommend adding this setting. Falling back to ozone.metadata.dirs instead.
2023-06-27 05:29:56,830 [main] WARN  server.ServerUtils (ServerUtils.java:getScmDbDir(155)) - ozone.scm.db.dirs is not configured. We recommend adding this setting. Falling back to ozone.metadata.dirs instead.
2023-06-27 05:29:56,834 [main] INFO  ha.SCMHANodeDetails (SCMHANodeDetails.java:loadSCMHAConfig(210)) - ServiceID for StorageContainerManager is null
2023-06-27 05:29:56,835 [main] INFO  ha.SCMHANodeDetails (SCMHANodeDetails.java:loadSCMHAConfig(215)) - ozone.scm.default.service.id is not defined, falling back to ozone.scm.service.ids to find serviceID for StorageContainerManager if it is HA enabled cluster
2023-06-27 05:29:57,412 [main] INFO  net.NodeSchemaLoader (NodeSchemaLoader.java:loadSchemaFromFile(129)) - Loading schema from [file:/home/runner/work/ozone/ozone/hadoop-hdds/common/target/classes/network-topology-default.xml]
2023-06-27 05:29:57,412 [main] INFO  net.NodeSchemaLoader (NodeSchemaLoader.java:loadSchema(176)) - Loading network topology layer schema file
2023-06-27 05:29:57,426 [main] INFO  metrics.MetricRegistries (MetricRegistriesLoader.java:load(64)) - Loaded MetricRegistries class org.apache.ratis.metrics.impl.MetricRegistriesImpl
2023-06-27 05:29:57,429 [main] INFO  upgrade.AbstractLayoutVersionManager (AbstractLayoutVersionManager.java:init(83)) - Initializing Layout version manager with metadata layout = HADOOP_PRC_PORTS_IN_DATANODEDETAILS (version = 7), software layout = HADOOP_PRC_PORTS_IN_DATANODEDETAILS (version = 7)
2023-06-27 05:29:57,574 [main] INFO  ha.SequenceIdGenerator (SequenceIdGenerator.java:upgradeToSequenceId(349)) - upgrade localId to 111677748019200000
2023-06-27 05:29:57,575 [main] INFO  ha.SequenceIdGenerator (SequenceIdGenerator.java:upgradeToSequenceId(359)) - upgrade delTxnId to 0
2023-06-27 05:29:57,576 [main] INFO  ha.SequenceIdGenerator (SequenceIdGenerator.java:upgradeToSequenceId(376)) - upgrade containerId to 0
2023-06-27 05:29:57,577 [main] INFO  ha.SequenceIdGenerator (SequenceIdGenerator.java:<init>(220)) - Init the HA SequenceIdGenerator.
2023-06-27 05:29:57,580 [main] INFO  algorithms.ContainerPlacementPolicyFactory (ContainerPlacementPolicyFactory.java:getPolicyInternal(86)) - Create container placement policy of type org.apache.hadoop.hdds.scm.container.placement.algorithms.SCMContainerPlacementRackAware
2023-06-27 05:29:57,581 [main] INFO  algorithms.ContainerPlacementPolicyFactory (ContainerPlacementPolicyFactory.java:getPolicyInternal(86)) - Create container placement policy of type org.apache.hadoop.hdds.scm.container.placement.algorithms.SCMContainerPlacementRackScatter
2023-06-27 05:29:57,583 [main] INFO  ExpiredContainerReplicaOpScrubber (BackgroundSCMService.java:start(68)) - Starting ExpiredContainerReplicaOpScrubber Service.
2023-06-27 05:29:57,583 [main] INFO  ha.SCMServiceManager (SCMServiceManager.java:register(42)) - Registering service ExpiredContainerReplicaOpScrubber.
2023-06-27 05:29:57,591 [main] INFO  algorithms.PipelineChoosePolicyFactory (PipelineChoosePolicyFactory.java:createPipelineChoosePolicyFromClass(73)) - Create pipeline choose policy of type org.apache.hadoop.hdds.scm.pipeline.choose.algorithms.RandomPipelineChoosePolicy
2023-06-27 05:29:57,614 [main] INFO  ha.SCMServiceManager (SCMServiceManager.java:register(42)) - Registering service SCMBlockDeletingService.
2023-06-27 05:29:57,691 [main] INFO  replication.ReplicationManager (ReplicationManager.java:start(286)) - Starting Replication Monitor Thread.
2023-06-27 05:29:57,705 [main] INFO  ha.SCMServiceManager (SCMServiceManager.java:register(42)) - Registering service ReplicationManager.
2023-06-27 05:29:57,707 [ReplicationMonitor] INFO  replication.ReplicationManager (ReplicationManager.java:processAll(361)) - Replication Manager is not ready to run until 300000ms after safemode exit
2023-06-27 05:29:57,741 [main] WARN  util.NativeCodeLoader (NativeCodeLoader.java:<clinit>(60)) - Unable to load native-hadoop library for your platform... using builtin-java classes where applicable
2023-06-27 05:29:57,753 [main] INFO  server.StorageContainerManager (StorageContainerManager.java:<init>(420)) - SCM start with adminUsers: [runner]
2023-06-27 05:29:58,240 [main] INFO  audit.AuditLogger (AuditLogger.java:refreshDebugCmdSet(126)) - Refresh DebugCmdSet for SCMAudit to [].
2023-06-27 05:29:58,278 [main] INFO  ipc.CallQueueManager (CallQueueManager.java:<init>(90)) - Using callQueue: class java.util.concurrent.LinkedBlockingQueue, queueCapacity: 10000, scheduler: class org.apache.hadoop.ipc.DefaultRpcScheduler, ipcBackoff: false.
2023-06-27 05:29:58,324 [Socket Reader #1 for port 0] INFO  ipc.Server (Server.java:run(1319)) - Starting Socket Reader #1 for port 0
2023-06-27 05:29:58,353 [Listener at 0.0.0.0/44873] INFO  hdds.HddsUtils (HddsUtils.java:preserveThreadName(848)) - Restoring thread name: main
2023-06-27 05:29:58,374 [main] INFO  audit.AuditLogger (AuditLogger.java:refreshDebugCmdSet(126)) - Refresh DebugCmdSet for SCMAudit to [].
2023-06-27 05:29:58,386 [main] INFO  ipc.CallQueueManager (CallQueueManager.java:<init>(90)) - Using callQueue: class java.util.concurrent.LinkedBlockingQueue, queueCapacity: 10000, scheduler: class org.apache.hadoop.ipc.DefaultRpcScheduler, ipcBackoff: false.
2023-06-27 05:29:58,387 [Socket Reader #1 for port 0] INFO  ipc.Server (Server.java:run(1319)) - Starting Socket Reader #1 for port 0
2023-06-27 05:29:58,392 [Listener at 0.0.0.0/41943] INFO  hdds.HddsUtils (HddsUtils.java:preserveThreadName(848)) - Restoring thread name: main
2023-06-27 05:29:58,427 [main] INFO  audit.AuditLogger (AuditLogger.java:refreshDebugCmdSet(126)) - Refresh DebugCmdSet for SCMAudit to [].
2023-06-27 05:29:58,441 [main] INFO  ipc.CallQueueManager (CallQueueManager.java:<init>(90)) - Using callQueue: class java.util.concurrent.LinkedBlockingQueue, queueCapacity: 10000, scheduler: class org.apache.hadoop.ipc.DefaultRpcScheduler, ipcBackoff: false.
2023-06-27 05:29:58,444 [Socket Reader #1 for port 0] INFO  ipc.Server (Server.java:run(1319)) - Starting Socket Reader #1 for port 0
2023-06-27 05:29:58,447 [Listener at 0.0.0.0/37721] INFO  hdds.HddsUtils (HddsUtils.java:preserveThreadName(848)) - Restoring thread name: main
2023-06-27 05:29:58,522 [main] INFO  ha.SCMServiceManager (SCMServiceManager.java:register(42)) - Registering service ContainerBalancer.
2023-06-27 05:29:58,523 [main] INFO  server.StorageContainerManager (StorageContainerManager.java:<init>(433)) - 
Container Balancer status:
Key                            Value
Running                        false
Container Balancer Configuration values:
Key                                                Value
Threshold                                          10
Max Datanodes to Involve per Iteration(percent)    20
Max Size to Move per Iteration                     500GB
Max Size Entering Target per Iteration             26GB
Max Size Leaving Source per Iteration              26GB

2023-06-27 05:29:58,534 [main] INFO  ha.SCMContext (SCMContext.java:updateSafeModeStatus(228)) - Update SafeModeStatus from SafeModeStatus{safeModeStatus=false, preCheckPassed=true} to SafeModeStatus{safeModeStatus=false, preCheckPassed=true}.
2023-06-27 05:29:58,593 [main] INFO  pipeline.RatisPipelineProvider (RatisPipelineProvider.java:lambda$create$0(206)) - Sending CreatePipelineCommand for pipeline:PipelineID=c2f22201-d86c-4b0e-966f-70103c747823 to datanode:5c823d28-fde0-453f-b01f-e214bfd9d6f8
2023-06-27 05:29:58,594 [main] INFO  pipeline.RatisPipelineProvider (RatisPipelineProvider.java:lambda$create$0(206)) - Sending CreatePipelineCommand for pipeline:PipelineID=c2f22201-d86c-4b0e-966f-70103c747823 to datanode:a7c80cea-3f06-4870-9817-63c7a6f3fe97
2023-06-27 05:29:58,595 [main] INFO  pipeline.RatisPipelineProvider (RatisPipelineProvider.java:lambda$create$0(206)) - Sending CreatePipelineCommand for pipeline:PipelineID=c2f22201-d86c-4b0e-966f-70103c747823 to datanode:d5856658-8b42-4598-915c-7da6a769e0b4
2023-06-27 05:29:58,672 [main] INFO  pipeline.PipelineManagerImpl (PipelineManagerImpl.java:addPipelineToManager(301)) - Added pipeline Pipeline[ Id: c2f22201-d86c-4b0e-966f-70103c747823, Nodes: 5c823d28-fde0-453f-b01f-e214bfd9d6f8(localhost-160.3.144.102/160.3.144.102)a7c80cea-3f06-4870-9817-63c7a6f3fe97(localhost-156.171.30.129/156.171.30.129)d5856658-8b42-4598-915c-7da6a769e0b4(localhost-177.27.80.224/177.27.80.224), ReplicationConfig: RATIS/THREE, State:ALLOCATED, leaderId:, CreationTimestamp2023-06-27T05:29:58.592Z[Etc/UTC]].
2023-06-27 05:29:58,682 [EventQueue-DatanodeCommandForDatanodeCommandHandler] INFO  pipeline.PipelineManagerImpl (PipelineManagerImpl.java:openPipeline(443)) - Pipeline Pipeline[ Id: c2f22201-d86c-4b0e-966f-70103c747823, Nodes: 5c823d28-fde0-453f-b01f-e214bfd9d6f8(localhost-160.3.144.102/160.3.144.102)a7c80cea-3f06-4870-9817-63c7a6f3fe97(localhost-156.171.30.129/156.171.30.129)d5856658-8b42-4598-915c-7da6a769e0b4(localhost-177.27.80.224/177.27.80.224), ReplicationConfig: RATIS/THREE, State:ALLOCATED, leaderId:, CreationTimestamp2023-06-27T05:29:58.592Z[Etc/UTC]] moved to OPEN state
2023-06-27 05:29:58,691 [main] INFO  pipeline.RatisPipelineProvider (RatisPipelineProvider.java:lambda$create$0(206)) - Sending CreatePipelineCommand for pipeline:PipelineID=3423535a-af91-4a16-9ee4-8a5608584cb4 to datanode:3f910258-cc37-4f0f-a4db-8128217100e3
2023-06-27 05:29:58,693 [main] INFO  pipeline.RatisPipelineProvider (RatisPipelineProvider.java:lambda$create$0(206)) - Sending CreatePipelineCommand for pipeline:PipelineID=3423535a-af91-4a16-9ee4-8a5608584cb4 to datanode:eb5d61cc-5174-4619-b307-46a4cf3740dc
2023-06-27 05:29:58,693 [main] INFO  pipeline.RatisPipelineProvider (RatisPipelineProvider.java:lambda$create$0(206)) - Sending CreatePipelineCommand for pipeline:PipelineID=3423535a-af91-4a16-9ee4-8a5608584cb4 to datanode:05e08a02-a2a4-4fb1-a59b-a7048d48f0b7
2023-06-27 05:29:58,698 [main] INFO  pipeline.PipelineManagerImpl (PipelineManagerImpl.java:addPipelineToManager(301)) - Added pipeline Pipeline[ Id: 3423535a-af91-4a16-9ee4-8a5608584cb4, Nodes: 3f910258-cc37-4f0f-a4db-8128217100e3(localhost-186.200.76.254/186.200.76.254)eb5d61cc-5174-4619-b307-46a4cf3740dc(localhost-224.205.58.6/224.205.58.6)05e08a02-a2a4-4fb1-a59b-a7048d48f0b7(localhost-166.113.230.190/166.113.230.190), ReplicationConfig: RATIS/THREE, State:ALLOCATED, leaderId:, CreationTimestamp2023-06-27T05:29:58.691Z[Etc/UTC]].
2023-06-27 05:29:58,700 [EventQueue-DatanodeCommandForDatanodeCommandHandler] INFO  pipeline.PipelineManagerImpl (PipelineManagerImpl.java:openPipeline(443)) - Pipeline Pipeline[ Id: 3423535a-af91-4a16-9ee4-8a5608584cb4, Nodes: 3f910258-cc37-4f0f-a4db-8128217100e3(localhost-186.200.76.254/186.200.76.254)eb5d61cc-5174-4619-b307-46a4cf3740dc(localhost-224.205.58.6/224.205.58.6)05e08a02-a2a4-4fb1-a59b-a7048d48f0b7(localhost-166.113.230.190/166.113.230.190), ReplicationConfig: RATIS/THREE, State:ALLOCATED, leaderId:, CreationTimestamp2023-06-27T05:29:58.691Z[Etc/UTC]] moved to OPEN state
2023-06-27 05:29:58,733 [main] INFO  ha.SequenceIdGenerator (SequenceIdGenerator.java:getNextId(128)) - Allocate a batch for containerId, change lastId from 0 to 1000.
2023-06-27 05:29:58,748 [main] WARN  ha.SequenceIdGenerator (SequenceIdGenerator.java:allocateBatch(237)) - Failed to allocate a batch for localId, expected lastId is 0, actual lastId is 111677748019200000.
2023-06-27 05:29:58,750 [main] INFO  ha.SequenceIdGenerator (SequenceIdGenerator.java:getNextId(128)) - Allocate a batch for localId, change lastId from 111677748019200000 to 111677748019201000.
2023-06-27 05:29:58,866 [EventQueue-CloseContainerForCloseContainerEventHandler] INFO  container.CloseContainerEventHandler (CloseContainerEventHandler.java:onMessage(89)) - Close container Event triggered for container : #4, current state: OPEN
2023-06-27 05:29:58,879 [EventQueue-CloseContainerForCloseContainerEventHandler] INFO  container.CloseContainerEventHandler (CloseContainerEventHandler.java:onMessage(89)) - Close container Event triggered for container : #5, current state: OPEN
2023-06-27 05:29:58,881 [EventQueue-CloseContainerForCloseContainerEventHandler] INFO  container.CloseContainerEventHandler (CloseContainerEventHandler.java:onMessage(89)) - Close container Event triggered for container : #6, current state: OPEN
2023-06-27 05:29:58,885 [EventQueue-CloseContainerForCloseContainerEventHandler] INFO  container.CloseContainerEventHandler (CloseContainerEventHandler.java:onMessage(89)) - Close container Event triggered for container : #1, current state: OPEN
2023-06-27 05:29:58,889 [EventQueue-CloseContainerForCloseContainerEventHandler] INFO  container.CloseContainerEventHandler (CloseContainerEventHandler.java:onMessage(89)) - Close container Event triggered for container : #2, current state: OPEN
2023-06-27 05:29:58,891 [EventQueue-CloseContainerForCloseContainerEventHandler] INFO  container.CloseContainerEventHandler (CloseContainerEventHandler.java:onMessage(89)) - Close container Event triggered for container : #3, current state: OPEN
2023-06-27 05:29:58,969 [main] INFO  server.StorageContainerManager (StorageContainerManager.java:stop(1588)) - Container Balancer is not running.
2023-06-27 05:29:58,970 [main] INFO  server.StorageContainerManager (StorageContainerManager.java:stopReplicationManager(1721)) - Stopping Replication Manager Service.
2023-06-27 05:29:58,971 [main] INFO  replication.ReplicationManager (ReplicationManager.java:stop(319)) - Stopping Replication Monitor Thread.
2023-06-27 05:29:58,971 [Under Replicated Processor] WARN  replication.UnhealthyReplicationProcessor (UnhealthyReplicationProcessor.java:run(180)) - Under Replicated Processor interrupted. Exiting...
2023-06-27 05:29:58,971 [Over Replicated Processor] WARN  replication.UnhealthyReplicationProcessor (UnhealthyReplicationProcessor.java:run(180)) - Over Replicated Processor interrupted. Exiting...
2023-06-27 05:29:58,972 [ReplicationMonitor] INFO  replication.ReplicationManager (ReplicationManager.java:run(918)) - Replication Monitor Thread is stopped
2023-06-27 05:29:58,972 [main] INFO  server.StorageContainerManager (StorageContainerManager.java:stop(1597)) - Stopping the Datanode Admin Monitor.
2023-06-27 05:29:58,973 [main] INFO  server.StorageContainerManager (StorageContainerManager.java:stop(1604)) - Stopping datanode service RPC server
2023-06-27 05:29:58,973 [main] INFO  server.SCMDatanodeProtocolServer (SCMDatanodeProtocolServer.java:stop(424)) - Stopping the RPC server for DataNodes
2023-06-27 05:29:58,973 [main] INFO  ipc.Server (Server.java:stop(3501)) - Stopping server on 44873
2023-06-27 05:29:58,979 [main] INFO  server.StorageContainerManager (StorageContainerManager.java:stop(1612)) - Stopping block service RPC server
2023-06-27 05:29:58,979 [main] INFO  server.SCMBlockProtocolServer (SCMBlockProtocolServer.java:stop(161)) - Stopping the RPC server for Block Protocol
2023-06-27 05:29:58,979 [main] INFO  ipc.Server (Server.java:stop(3501)) - Stopping server on 41943
2023-06-27 05:29:58,981 [main] INFO  server.StorageContainerManager (StorageContainerManager.java:stop(1619)) - Stopping the StorageContainerLocationProtocol RPC server
2023-06-27 05:29:58,982 [main] INFO  server.SCMClientProtocolServer (SCMClientProtocolServer.java:stop(210)) - Stopping the RPC server for Client Protocol
2023-06-27 05:29:58,982 [main] INFO  ipc.Server (Server.java:stop(3501)) - Stopping server on 37721
2023-06-27 05:29:58,984 [main] INFO  server.StorageContainerManager (StorageContainerManager.java:stop(1626)) - Stopping Storage Container Manager HTTP server.
2023-06-27 05:29:58,984 [main] INFO  server.StorageContainerManager (StorageContainerManager.java:stop(1634)) - Stopping SCM LayoutVersionManager Service.
2023-06-27 05:29:58,986 [main] INFO  server.StorageContainerManager (StorageContainerManager.java:stop(1646)) - Stopping Block Manager Service.
2023-06-27 05:29:58,987 [main] INFO  utils.BackgroundService (BackgroundService.java:shutdown(141)) - Shutting down service SCMBlockDeletingService
2023-06-27 05:29:58,987 [main] INFO  utils.BackgroundService (BackgroundService.java:shutdown(141)) - Shutting down service SCMBlockDeletingService
2023-06-27 05:29:58,988 [main] INFO  server.StorageContainerManager (StorageContainerManager.java:stop(1666)) - Stopping SCM Event Queue.
2023-06-27 05:29:58,992 [main] INFO  server.StorageContainerManager (StorageContainerManager.java:stop(1677)) - Stopping SCM HA services.
2023-06-27 05:29:58,998 [main] INFO  pipeline.BackgroundPipelineCreator (BackgroundPipelineCreator.java:stop(149)) - Stopping RatisPipelineUtilsThread.
2023-06-27 05:29:58,999 [RatisPipelineUtilsThread - 0] WARN  pipeline.BackgroundPipelineCreator (BackgroundPipelineCreator.java:run(180)) - RatisPipelineUtilsThread is interrupted.
2023-06-27 05:29:58,999 [main] INFO  BackgroundPipelineScrubber (BackgroundSCMService.java:stop(131)) - Stopping BackgroundPipelineScrubber Service.
2023-06-27 05:29:58,999 [BackgroundPipelineScrubberThread] WARN  BackgroundPipelineScrubber (BackgroundSCMService.java:run(115)) - BackgroundPipelineScrubber is interrupted, exit
2023-06-27 05:29:59,000 [ExpiredContainerReplicaOpScrubberThread] WARN  ExpiredContainerReplicaOpScrubber (BackgroundSCMService.java:run(115)) - ExpiredContainerReplicaOpScrubber is interrupted, exit
2023-06-27 05:29:59,002 [main] INFO  ExpiredContainerReplicaOpScrubber (BackgroundSCMService.java:stop(131)) - Stopping ExpiredContainerReplicaOpScrubber Service.
2023-06-27 05:29:59,002 [main] INFO  utils.BackgroundService (BackgroundService.java:shutdown(141)) - Shutting down service SCMBlockDeletingService
2023-06-27 05:29:59,002 [main] INFO  replication.ReplicationManager (ReplicationManager.java:stop(329)) - Replication Monitor Thread is not running.
2023-06-27 05:29:59,002 [main] WARN  balancer.ContainerBalancer (ContainerBalancer.java:stop(328)) - Cannot stop Container Balancer because it's not running or stopping
2023-06-27 05:29:59,003 [test-leaseManager-LeaseManager#LeaseMonitor] WARN  lease.LeaseManager (LeaseManager.java:run(272)) - Lease manager is interrupted. Shutting down...
java.lang.InterruptedException
	at java.util.concurrent.locks.AbstractQueuedSynchronizer.doAcquireSharedNanos(AbstractQueuedSynchronizer.java:1039)
	at java.util.concurrent.locks.AbstractQueuedSynchronizer.tryAcquireSharedNanos(AbstractQueuedSynchronizer.java:1328)
	at java.util.concurrent.Semaphore.tryAcquire(Semaphore.java:409)
	at org.apache.hadoop.ozone.lease.LeaseManager$LeaseMonitor.run(LeaseManager.java:270)
	at java.lang.Thread.run(Thread.java:750)
2023-06-27 05:29:59,003 [main] INFO  server.StorageContainerManager (StorageContainerManager.java:stop(1712)) - Stopping SCM MetadataStore.
]]></system-out>
  </testcase>
  <testcase name="testMultipleBlockAllocation" classname="org.apache.hadoop.hdds.scm.block.TestBlockManager" time="1.317">
    <error type="java.util.concurrent.TimeoutException"><![CDATA[java.util.concurrent.TimeoutException: 
Timed out waiting for condition. Thread diagnostics:
Timestamp: 2023-06-27 05:30:00,325

"Hadoop-Metrics-Updater-0" daemon prio=5 tid=75 timed_waiting
java.lang.Thread.State: TIMED_WAITING
        at sun.misc.Unsafe.park(Native Method)
        at java.util.concurrent.locks.LockSupport.parkNanos(LockSupport.java:215)
        at java.util.concurrent.locks.AbstractQueuedSynchronizer$ConditionObject.awaitNanos(AbstractQueuedSynchronizer.java:2078)
        at java.util.concurrent.ScheduledThreadPoolExecutor$DelayedWorkQueue.take(ScheduledThreadPoolExecutor.java:1093)
        at java.util.concurrent.ScheduledThreadPoolExecutor$DelayedWorkQueue.take(ScheduledThreadPoolExecutor.java:809)
        at java.util.concurrent.ThreadPoolExecutor.getTask(ThreadPoolExecutor.java:1074)
        at java.util.concurrent.ThreadPoolExecutor.runWorker(ThreadPoolExecutor.java:1134)
        at java.util.concurrent.ThreadPoolExecutor$Worker.run(ThreadPoolExecutor.java:624)
        at java.lang.Thread.run(Thread.java:750)
"Signal Dispatcher" daemon prio=9 tid=4 runnable
java.lang.Thread.State: RUNNABLE
"FixedThreadPoolWithAffinityExecutor-9-0" daemon prio=5 tid=85 timed_waiting
java.lang.Thread.State: TIMED_WAITING
        at sun.misc.Unsafe.park(Native Method)
        at java.util.concurrent.locks.LockSupport.parkNanos(LockSupport.java:215)
        at java.util.concurrent.locks.AbstractQueuedSynchronizer$ConditionObject.awaitNanos(AbstractQueuedSynchronizer.java:2078)
        at java.util.concurrent.LinkedBlockingQueue.poll(LinkedBlockingQueue.java:467)
        at org.apache.hadoop.hdds.scm.server.ContainerReportQueue.poll(ContainerReportQueue.java:266)
        at org.apache.hadoop.hdds.scm.server.ContainerReportQueue.poll(ContainerReportQueue.java:42)
        at org.apache.hadoop.hdds.server.events.FixedThreadPoolWithAffinityExecutor$ContainerReportProcessTask.run(FixedThreadPoolWithAffinityExecutor.java:247)
        at java.util.concurrent.Executors$RunnableAdapter.call(Executors.java:511)
        at java.util.concurrent.FutureTask.run(FutureTask.java:266)
        at java.util.concurrent.ThreadPoolExecutor.runWorker(ThreadPoolExecutor.java:1149)
        at java.util.concurrent.ThreadPoolExecutor$Worker.run(ThreadPoolExecutor.java:624)
        at java.lang.Thread.run(Thread.java:750)
"FixedThreadPoolWithAffinityExecutor-3-0" daemon prio=5 tid=79 timed_waiting
java.lang.Thread.State: TIMED_WAITING
        at sun.misc.Unsafe.park(Native Method)
        at java.util.concurrent.locks.LockSupport.parkNanos(LockSupport.java:215)
        at java.util.concurrent.locks.AbstractQueuedSynchronizer$ConditionObject.awaitNanos(AbstractQueuedSynchronizer.java:2078)
        at java.util.concurrent.LinkedBlockingQueue.poll(LinkedBlockingQueue.java:467)
        at org.apache.hadoop.hdds.scm.server.ContainerReportQueue.poll(ContainerReportQueue.java:266)
        at org.apache.hadoop.hdds.scm.server.ContainerReportQueue.poll(ContainerReportQueue.java:42)
        at org.apache.hadoop.hdds.server.events.FixedThreadPoolWithAffinityExecutor$ContainerReportProcessTask.run(FixedThreadPoolWithAffinityExecutor.java:247)
        at java.util.concurrent.Executors$RunnableAdapter.call(Executors.java:511)
        at java.util.concurrent.FutureTask.run(FutureTask.java:266)
        at java.util.concurrent.ThreadPoolExecutor.runWorker(ThreadPoolExecutor.java:1149)
        at java.util.concurrent.ThreadPoolExecutor$Worker.run(ThreadPoolExecutor.java:624)
        at java.lang.Thread.run(Thread.java:750)
"IPC Server idle connection scanner for port 41943" daemon prio=5 tid=29 in Object.wait()
java.lang.Thread.State: WAITING (on object monitor)
        at java.lang.Object.wait(Native Method)
        at java.lang.Object.wait(Object.java:502)
        at java.util.TimerThread.mainLoop(Timer.java:526)
        at java.util.TimerThread.run(Timer.java:505)
"FixedThreadPoolWithAffinityExecutor-8-0" daemon prio=5 tid=84 timed_waiting
java.lang.Thread.State: TIMED_WAITING
        at sun.misc.Unsafe.park(Native Method)
        at java.util.concurrent.locks.LockSupport.parkNanos(LockSupport.java:215)
        at java.util.concurrent.locks.AbstractQueuedSynchronizer$ConditionObject.awaitNanos(AbstractQueuedSynchronizer.java:2078)
        at java.util.concurrent.LinkedBlockingQueue.poll(LinkedBlockingQueue.java:467)
        at org.apache.hadoop.hdds.scm.server.ContainerReportQueue.poll(ContainerReportQueue.java:266)
        at org.apache.hadoop.hdds.scm.server.ContainerReportQueue.poll(ContainerReportQueue.java:42)
        at org.apache.hadoop.hdds.server.events.FixedThreadPoolWithAffinityExecutor$ContainerReportProcessTask.run(FixedThreadPoolWithAffinityExecutor.java:247)
        at java.util.concurrent.Executors$RunnableAdapter.call(Executors.java:511)
        at java.util.concurrent.FutureTask.run(FutureTask.java:266)
        at java.util.concurrent.ThreadPoolExecutor.runWorker(ThreadPoolExecutor.java:1149)
        at java.util.concurrent.ThreadPoolExecutor$Worker.run(ThreadPoolExecutor.java:624)
        at java.lang.Thread.run(Thread.java:750)
"EventQueue-DatanodeCommandForDatanodeCommandHandler"  prio=5 tid=87 in Object.wait()
java.lang.Thread.State: WAITING (on object monitor)
        at sun.misc.Unsafe.park(Native Method)
        at java.util.concurrent.locks.LockSupport.park(LockSupport.java:175)
        at java.util.concurrent.locks.AbstractQueuedSynchronizer$ConditionObject.await(AbstractQueuedSynchronizer.java:2039)
        at java.util.concurrent.LinkedBlockingQueue.take(LinkedBlockingQueue.java:442)
        at java.util.concurrent.ThreadPoolExecutor.getTask(ThreadPoolExecutor.java:1074)
        at java.util.concurrent.ThreadPoolExecutor.runWorker(ThreadPoolExecutor.java:1134)
        at java.util.concurrent.ThreadPoolExecutor$Worker.run(ThreadPoolExecutor.java:624)
        at java.lang.Thread.run(Thread.java:750)
"Under Replicated Processor" daemon prio=5 tid=58 timed_waiting
java.lang.Thread.State: TIMED_WAITING
        at java.lang.Object.wait(Native Method)
        at org.apache.hadoop.hdds.scm.container.replication.UnhealthyReplicationProcessor.run(UnhealthyReplicationProcessor.java:174)
        at java.lang.Thread.run(Thread.java:750)
"process reaper" daemon prio=10 tid=12 timed_waiting
java.lang.Thread.State: TIMED_WAITING
        at sun.misc.Unsafe.park(Native Method)
        at java.util.concurrent.locks.LockSupport.parkNanos(LockSupport.java:215)
        at java.util.concurrent.SynchronousQueue$TransferStack.awaitFulfill(SynchronousQueue.java:460)
        at java.util.concurrent.SynchronousQueue$TransferStack.transfer(SynchronousQueue.java:362)
        at java.util.concurrent.SynchronousQueue.poll(SynchronousQueue.java:941)
        at java.util.concurrent.ThreadPoolExecutor.getTask(ThreadPoolExecutor.java:1073)
        at java.util.concurrent.ThreadPoolExecutor.runWorker(ThreadPoolExecutor.java:1134)
        at java.util.concurrent.ThreadPoolExecutor$Worker.run(ThreadPoolExecutor.java:624)
        at java.lang.Thread.run(Thread.java:750)
"Socket Reader #1 for port 0"  prio=5 tid=72 runnable
java.lang.Thread.State: RUNNABLE
        at sun.nio.ch.EPollArrayWrapper.epollWait(Native Method)
        at sun.nio.ch.EPollArrayWrapper.poll(EPollArrayWrapper.java:269)
        at sun.nio.ch.EPollSelectorImpl.doSelect(EPollSelectorImpl.java:93)
        at sun.nio.ch.SelectorImpl.lockAndDoSelect(SelectorImpl.java:86)
        at sun.nio.ch.SelectorImpl.select(SelectorImpl.java:97)
        at sun.nio.ch.SelectorImpl.select(SelectorImpl.java:101)
        at org.apache.hadoop.ipc.Server$Listener$Reader.doRunLoop(Server.java:1342)
        at org.apache.hadoop.ipc.Server$Listener$Reader.run(Server.java:1321)
"pool-32-thread-3"  prio=5 tid=53 timed_waiting
java.lang.Thread.State: TIMED_WAITING
        at sun.misc.Unsafe.park(Native Method)
        at java.util.concurrent.locks.LockSupport.parkNanos(LockSupport.java:215)
        at java.util.concurrent.SynchronousQueue$TransferStack.awaitFulfill(SynchronousQueue.java:460)
        at java.util.concurrent.SynchronousQueue$TransferStack.transfer(SynchronousQueue.java:362)
        at java.util.concurrent.SynchronousQueue.poll(SynchronousQueue.java:941)
        at java.util.concurrent.ThreadPoolExecutor.getTask(ThreadPoolExecutor.java:1073)
        at java.util.concurrent.ThreadPoolExecutor.runWorker(ThreadPoolExecutor.java:1134)
        at java.util.concurrent.ThreadPoolExecutor$Worker.run(ThreadPoolExecutor.java:624)
        at java.lang.Thread.run(Thread.java:750)
"test-leaseManager-LeaseManager#LeaseMonitor" daemon prio=5 tid=86 timed_waiting
java.lang.Thread.State: TIMED_WAITING
        at sun.misc.Unsafe.park(Native Method)
        at java.util.concurrent.locks.LockSupport.parkNanos(LockSupport.java:215)
        at java.util.concurrent.locks.AbstractQueuedSynchronizer.doAcquireSharedNanos(AbstractQueuedSynchronizer.java:1037)
        at java.util.concurrent.locks.AbstractQueuedSynchronizer.tryAcquireSharedNanos(AbstractQueuedSynchronizer.java:1328)
        at java.util.concurrent.Semaphore.tryAcquire(Semaphore.java:409)
        at org.apache.hadoop.ozone.lease.LeaseManager$LeaseMonitor.run(LeaseManager.java:270)
        at java.lang.Thread.run(Thread.java:750)
"pool-32-thread-1"  prio=5 tid=51 timed_waiting
java.lang.Thread.State: TIMED_WAITING
        at sun.misc.Unsafe.park(Native Method)
        at java.util.concurrent.locks.LockSupport.parkNanos(LockSupport.java:215)
        at java.util.concurrent.SynchronousQueue$TransferStack.awaitFulfill(SynchronousQueue.java:460)
        at java.util.concurrent.SynchronousQueue$TransferStack.transfer(SynchronousQueue.java:362)
        at java.util.concurrent.SynchronousQueue.poll(SynchronousQueue.java:941)
        at java.util.concurrent.ThreadPoolExecutor.getTask(ThreadPoolExecutor.java:1073)
        at java.util.concurrent.ThreadPoolExecutor.runWorker(ThreadPoolExecutor.java:1134)
        at java.util.concurrent.ThreadPoolExecutor$Worker.run(ThreadPoolExecutor.java:624)
        at java.lang.Thread.run(Thread.java:750)
"Hadoop-Metrics-Updater-0" daemon prio=5 tid=70 timed_waiting
java.lang.Thread.State: TIMED_WAITING
        at sun.misc.Unsafe.park(Native Method)
        at java.util.concurrent.locks.LockSupport.parkNanos(LockSupport.java:215)
        at java.util.concurrent.locks.AbstractQueuedSynchronizer$ConditionObject.awaitNanos(AbstractQueuedSynchronizer.java:2078)
        at java.util.concurrent.ScheduledThreadPoolExecutor$DelayedWorkQueue.take(ScheduledThreadPoolExecutor.java:1093)
        at java.util.concurrent.ScheduledThreadPoolExecutor$DelayedWorkQueue.take(ScheduledThreadPoolExecutor.java:809)
        at java.util.concurrent.ThreadPoolExecutor.getTask(ThreadPoolExecutor.java:1074)
        at java.util.concurrent.ThreadPoolExecutor.runWorker(ThreadPoolExecutor.java:1134)
        at java.util.concurrent.ThreadPoolExecutor$Worker.run(ThreadPoolExecutor.java:624)
        at java.lang.Thread.run(Thread.java:750)
"FixedThreadPoolWithAffinityExecutor-7-0" daemon prio=5 tid=83 timed_waiting
java.lang.Thread.State: TIMED_WAITING
        at sun.misc.Unsafe.park(Native Method)
        at java.util.concurrent.locks.LockSupport.parkNanos(LockSupport.java:215)
        at java.util.concurrent.locks.AbstractQueuedSynchronizer$ConditionObject.awaitNanos(AbstractQueuedSynchronizer.java:2078)
        at java.util.concurrent.LinkedBlockingQueue.poll(LinkedBlockingQueue.java:467)
        at org.apache.hadoop.hdds.scm.server.ContainerReportQueue.poll(ContainerReportQueue.java:266)
        at org.apache.hadoop.hdds.scm.server.ContainerReportQueue.poll(ContainerReportQueue.java:42)
        at org.apache.hadoop.hdds.server.events.FixedThreadPoolWithAffinityExecutor$ContainerReportProcessTask.run(FixedThreadPoolWithAffinityExecutor.java:247)
        at java.util.concurrent.Executors$RunnableAdapter.call(Executors.java:511)
        at java.util.concurrent.FutureTask.run(FutureTask.java:266)
        at java.util.concurrent.ThreadPoolExecutor.runWorker(ThreadPoolExecutor.java:1149)
        at java.util.concurrent.ThreadPoolExecutor$Worker.run(ThreadPoolExecutor.java:624)
        at java.lang.Thread.run(Thread.java:750)
"Hadoop-Metrics-Updater-0" daemon prio=5 tid=65 timed_waiting
java.lang.Thread.State: TIMED_WAITING
        at sun.misc.Unsafe.park(Native Method)
        at java.util.concurrent.locks.LockSupport.parkNanos(LockSupport.java:215)
        at java.util.concurrent.locks.AbstractQueuedSynchronizer$ConditionObject.awaitNanos(AbstractQueuedSynchronizer.java:2078)
        at java.util.concurrent.ScheduledThreadPoolExecutor$DelayedWorkQueue.take(ScheduledThreadPoolExecutor.java:1093)
        at java.util.concurrent.ScheduledThreadPoolExecutor$DelayedWorkQueue.take(ScheduledThreadPoolExecutor.java:809)
        at java.util.concurrent.ThreadPoolExecutor.getTask(ThreadPoolExecutor.java:1074)
        at java.util.concurrent.ThreadPoolExecutor.runWorker(ThreadPoolExecutor.java:1134)
        at java.util.concurrent.ThreadPoolExecutor$Worker.run(ThreadPoolExecutor.java:624)
        at java.lang.Thread.run(Thread.java:750)
"pool-32-thread-2"  prio=5 tid=52 timed_waiting
java.lang.Thread.State: TIMED_WAITING
        at sun.misc.Unsafe.park(Native Method)
        at java.util.concurrent.locks.LockSupport.parkNanos(LockSupport.java:215)
        at java.util.concurrent.SynchronousQueue$TransferStack.awaitFulfill(SynchronousQueue.java:460)
        at java.util.concurrent.SynchronousQueue$TransferStack.transfer(SynchronousQueue.java:362)
        at java.util.concurrent.SynchronousQueue.poll(SynchronousQueue.java:941)
        at java.util.concurrent.ThreadPoolExecutor.getTask(ThreadPoolExecutor.java:1073)
        at java.util.concurrent.ThreadPoolExecutor.runWorker(ThreadPoolExecutor.java:1134)
        at java.util.concurrent.ThreadPoolExecutor$Worker.run(ThreadPoolExecutor.java:624)
        at java.lang.Thread.run(Thread.java:750)
"FixedThreadPoolWithAffinityExecutor-5-0" daemon prio=5 tid=81 timed_waiting
java.lang.Thread.State: TIMED_WAITING
        at sun.misc.Unsafe.park(Native Method)
        at java.util.concurrent.locks.LockSupport.parkNanos(LockSupport.java:215)
        at java.util.concurrent.locks.AbstractQueuedSynchronizer$ConditionObject.awaitNanos(AbstractQueuedSynchronizer.java:2078)
        at java.util.concurrent.LinkedBlockingQueue.poll(LinkedBlockingQueue.java:467)
        at org.apache.hadoop.hdds.scm.server.ContainerReportQueue.poll(ContainerReportQueue.java:266)
        at org.apache.hadoop.hdds.scm.server.ContainerReportQueue.poll(ContainerReportQueue.java:42)
        at org.apache.hadoop.hdds.server.events.FixedThreadPoolWithAffinityExecutor$ContainerReportProcessTask.run(FixedThreadPoolWithAffinityExecutor.java:247)
        at java.util.concurrent.Executors$RunnableAdapter.call(Executors.java:511)
        at java.util.concurrent.FutureTask.run(FutureTask.java:266)
        at java.util.concurrent.ThreadPoolExecutor.runWorker(ThreadPoolExecutor.java:1149)
        at java.util.concurrent.ThreadPoolExecutor$Worker.run(ThreadPoolExecutor.java:624)
        at java.lang.Thread.run(Thread.java:750)
"surefire-forkedjvm-command-thread" daemon prio=5 tid=10 runnable
java.lang.Thread.State: RUNNABLE
        at java.io.FileInputStream.readBytes(Native Method)
        at java.io.FileInputStream.read(FileInputStream.java:255)
        at java.io.BufferedInputStream.read1(BufferedInputStream.java:284)
        at java.io.BufferedInputStream.read(BufferedInputStream.java:345)
        at java.io.BufferedInputStream.fill(BufferedInputStream.java:246)
        at java.io.BufferedInputStream.read1(BufferedInputStream.java:286)
        at java.io.BufferedInputStream.read(BufferedInputStream.java:345)
        at org.apache.maven.surefire.api.util.internal.Channels$3.readImpl(Channels.java:214)
        at org.apache.maven.surefire.api.util.internal.AbstractNoninterruptibleReadableChannel.read(AbstractNoninterruptibleReadableChannel.java:54)
        at org.apache.maven.surefire.booter.spi.LegacyMasterProcessChannelDecoder.decode(LegacyMasterProcessChannelDecoder.java:80)
        at org.apache.maven.surefire.booter.CommandReader$CommandRunnable.run(CommandReader.java:343)
        at java.lang.Thread.run(Thread.java:750)
"IPC Server idle connection scanner for port 37721" daemon prio=5 tid=34 in Object.wait()
java.lang.Thread.State: WAITING (on object monitor)
        at java.lang.Object.wait(Native Method)
        at java.lang.Object.wait(Object.java:502)
        at java.util.TimerThread.mainLoop(Timer.java:526)
        at java.util.TimerThread.run(Timer.java:505)
"IPC Server idle connection scanner for port 44873" daemon prio=5 tid=24 in Object.wait()
java.lang.Thread.State: WAITING (on object monitor)
        at java.lang.Object.wait(Native Method)
        at java.lang.Object.wait(Object.java:502)
        at java.util.TimerThread.mainLoop(Timer.java:526)
        at java.util.TimerThread.run(Timer.java:505)
"FixedThreadPoolWithAffinityExecutor-6-0" daemon prio=5 tid=82 timed_waiting
java.lang.Thread.State: TIMED_WAITING
        at sun.misc.Unsafe.park(Native Method)
        at java.util.concurrent.locks.LockSupport.parkNanos(LockSupport.java:215)
        at java.util.concurrent.locks.AbstractQueuedSynchronizer$ConditionObject.awaitNanos(AbstractQueuedSynchronizer.java:2078)
        at java.util.concurrent.LinkedBlockingQueue.poll(LinkedBlockingQueue.java:467)
        at org.apache.hadoop.hdds.scm.server.ContainerReportQueue.poll(ContainerReportQueue.java:266)
        at org.apache.hadoop.hdds.scm.server.ContainerReportQueue.poll(ContainerReportQueue.java:42)
        at org.apache.hadoop.hdds.server.events.FixedThreadPoolWithAffinityExecutor$ContainerReportProcessTask.run(FixedThreadPoolWithAffinityExecutor.java:247)
        at java.util.concurrent.Executors$RunnableAdapter.call(Executors.java:511)
        at java.util.concurrent.FutureTask.run(FutureTask.java:266)
        at java.util.concurrent.ThreadPoolExecutor.runWorker(ThreadPoolExecutor.java:1149)
        at java.util.concurrent.ThreadPoolExecutor$Worker.run(ThreadPoolExecutor.java:624)
        at java.lang.Thread.run(Thread.java:750)
"Socket Reader #1 for port 0"  prio=5 tid=62 runnable
java.lang.Thread.State: RUNNABLE
        at sun.nio.ch.EPollArrayWrapper.epollWait(Native Method)
        at sun.nio.ch.EPollArrayWrapper.poll(EPollArrayWrapper.java:269)
        at sun.nio.ch.EPollSelectorImpl.doSelect(EPollSelectorImpl.java:93)
        at sun.nio.ch.SelectorImpl.lockAndDoSelect(SelectorImpl.java:86)
        at sun.nio.ch.SelectorImpl.select(SelectorImpl.java:97)
        at sun.nio.ch.SelectorImpl.select(SelectorImpl.java:101)
        at org.apache.hadoop.ipc.Server$Listener$Reader.doRunLoop(Server.java:1342)
        at org.apache.hadoop.ipc.Server$Listener$Reader.run(Server.java:1321)
"BackgroundPipelineScrubberThread" daemon prio=5 tid=55 timed_waiting
java.lang.Thread.State: TIMED_WAITING
        at java.lang.Object.wait(Native Method)
        at org.apache.hadoop.hdds.scm.ha.BackgroundSCMService.run(BackgroundSCMService.java:110)
        at org.apache.hadoop.hdds.scm.ha.BackgroundSCMService$$Lambda$405/1685470793.run(Unknown Source)
        at java.lang.Thread.run(Thread.java:750)
"FixedThreadPoolWithAffinityExecutor-2-0" daemon prio=5 tid=78 timed_waiting
java.lang.Thread.State: TIMED_WAITING
        at sun.misc.Unsafe.park(Native Method)
        at java.util.concurrent.locks.LockSupport.parkNanos(LockSupport.java:215)
        at java.util.concurrent.locks.AbstractQueuedSynchronizer$ConditionObject.awaitNanos(AbstractQueuedSynchronizer.java:2078)
        at java.util.concurrent.LinkedBlockingQueue.poll(LinkedBlockingQueue.java:467)
        at org.apache.hadoop.hdds.scm.server.ContainerReportQueue.poll(ContainerReportQueue.java:266)
        at org.apache.hadoop.hdds.scm.server.ContainerReportQueue.poll(ContainerReportQueue.java:42)
        at org.apache.hadoop.hdds.server.events.FixedThreadPoolWithAffinityExecutor$ContainerReportProcessTask.run(FixedThreadPoolWithAffinityExecutor.java:247)
        at java.util.concurrent.Executors$RunnableAdapter.call(Executors.java:511)
        at java.util.concurrent.FutureTask.run(FutureTask.java:266)
        at java.util.concurrent.ThreadPoolExecutor.runWorker(ThreadPoolExecutor.java:1149)
        at java.util.concurrent.ThreadPoolExecutor$Worker.run(ThreadPoolExecutor.java:624)
        at java.lang.Thread.run(Thread.java:750)
"IPC Server idle connection scanner for port 46189" daemon prio=5 tid=68 in Object.wait()
java.lang.Thread.State: WAITING (on object monitor)
        at java.lang.Object.wait(Native Method)
        at java.lang.Object.wait(Object.java:502)
        at java.util.TimerThread.mainLoop(Timer.java:526)
        at java.util.TimerThread.run(Timer.java:505)
"RatisPipelineUtilsThread - 0"  prio=5 tid=54 timed_waiting
java.lang.Thread.State: TIMED_WAITING
        at java.lang.Object.wait(Native Method)
        at org.apache.hadoop.hdds.scm.pipeline.BackgroundPipelineCreator.run(BackgroundPipelineCreator.java:176)
        at org.apache.hadoop.hdds.scm.pipeline.BackgroundPipelineCreator$$Lambda$402/1510869126.run(Unknown Source)
        at java.lang.Thread.run(Thread.java:750)
"Finalizer" daemon prio=8 tid=3 in Object.wait()
java.lang.Thread.State: WAITING (on object monitor)
        at java.lang.Object.wait(Native Method)
        at java.lang.ref.ReferenceQueue.remove(ReferenceQueue.java:144)
        at java.lang.ref.ReferenceQueue.remove(ReferenceQueue.java:165)
        at java.lang.ref.Finalizer$FinalizerThread.run(Finalizer.java:188)
"IPC Server idle connection scanner for port 36279" daemon prio=5 tid=73 in Object.wait()
java.lang.Thread.State: WAITING (on object monitor)
        at java.lang.Object.wait(Native Method)
        at java.lang.Object.wait(Object.java:502)
        at java.util.TimerThread.mainLoop(Timer.java:526)
        at java.util.TimerThread.run(Timer.java:505)
"main"  prio=5 tid=1 runnable
java.lang.Thread.State: RUNNABLE
        at java.lang.Thread.dumpThreads(Native Method)
        at java.lang.Thread.getAllStackTraces(Thread.java:1615)
        at org.apache.ozone.test.TimedOutTestsListener.buildThreadDump(TimedOutTestsListener.java:93)
        at org.apache.ozone.test.TimedOutTestsListener.buildThreadDiagnosticString(TimedOutTestsListener.java:79)
        at org.apache.ozone.test.GenericTestUtils.waitFor(GenericTestUtils.java:232)
        at org.apache.hadoop.hdds.scm.block.TestBlockManager.testMultipleBlockAllocation(TestBlockManager.java:514)
        at sun.reflect.NativeMethodAccessorImpl.invoke0(Native Method)
        at sun.reflect.NativeMethodAccessorImpl.invoke(NativeMethodAccessorImpl.java:62)
        at sun.reflect.DelegatingMethodAccessorImpl.invoke(DelegatingMethodAccessorImpl.java:43)
        at java.lang.reflect.Method.invoke(Method.java:498)
        at org.junit.platform.commons.util.ReflectionUtils.invokeMethod(ReflectionUtils.java:725)
        at org.junit.jupiter.engine.execution.MethodInvocation.proceed(MethodInvocation.java:60)
        at org.junit.jupiter.engine.execution.InvocationInterceptorChain$ValidatingInvocation.proceed(InvocationInterceptorChain.java:131)
        at org.junit.jupiter.engine.extension.TimeoutInvocation.proceed(TimeoutInvocation.java:46)
        at org.junit.jupiter.engine.extension.TimeoutExtension.intercept(TimeoutExtension.java:149)
        at org.junit.jupiter.engine.extension.TimeoutExtension.interceptTestableMethod(TimeoutExtension.java:140)
        at org.junit.jupiter.engine.extension.TimeoutExtension.interceptTestMethod(TimeoutExtension.java:84)
        at org.junit.jupiter.engine.descriptor.TestMethodTestDescriptor$$Lambda$158/1444635922.apply(Unknown Source)
        at org.junit.jupiter.engine.execution.ExecutableInvoker$ReflectiveInterceptorCall.lambda$ofVoidMethod$0(ExecutableInvoker.java:115)
        at org.junit.jupiter.engine.execution.ExecutableInvoker$ReflectiveInterceptorCall$$Lambda$159/1550261631.apply(Unknown Source)
        at org.junit.jupiter.engine.execution.ExecutableInvoker.lambda$invoke$0(ExecutableInvoker.java:105)
        at org.junit.jupiter.engine.execution.ExecutableInvoker$$Lambda$317/1997702454.apply(Unknown Source)
        at org.junit.jupiter.engine.execution.InvocationInterceptorChain$InterceptedInvocation.proceed(InvocationInterceptorChain.java:106)
        at org.junit.jupiter.engine.execution.InvocationInterceptorChain.proceed(InvocationInterceptorChain.java:64)
        at org.junit.jupiter.engine.execution.InvocationInterceptorChain.chainAndInvoke(InvocationInterceptorChain.java:45)
        at org.junit.jupiter.engine.execution.InvocationInterceptorChain.invoke(InvocationInterceptorChain.java:37)
        at org.junit.jupiter.engine.execution.ExecutableInvoker.invoke(ExecutableInvoker.java:104)
        at org.junit.jupiter.engine.execution.ExecutableInvoker.invoke(ExecutableInvoker.java:98)
        at org.junit.jupiter.engine.descriptor.TestMethodTestDescriptor.lambda$invokeTestMethod$7(TestMethodTestDescriptor.java:214)
        at org.junit.jupiter.engine.descriptor.TestMethodTestDescriptor$$Lambda$479/1056671292.execute(Unknown Source)
        at org.junit.platform.engine.support.hierarchical.ThrowableCollector.execute(ThrowableCollector.java:73)
        at org.junit.jupiter.engine.descriptor.TestMethodTestDescriptor.invokeTestMethod(TestMethodTestDescriptor.java:210)
        at org.junit.jupiter.engine.descriptor.TestMethodTestDescriptor.execute(TestMethodTestDescriptor.java:135)
        at org.junit.jupiter.engine.descriptor.TestMethodTestDescriptor.execute(TestMethodTestDescriptor.java:66)
        at org.junit.platform.engine.support.hierarchical.NodeTestTask.lambda$executeRecursively$6(NodeTestTask.java:151)
        at org.junit.platform.engine.support.hierarchical.NodeTestTask$$Lambda$258/1704237553.execute(Unknown Source)
        at org.junit.platform.engine.support.hierarchical.ThrowableCollector.execute(ThrowableCollector.java:73)
        at org.junit.platform.engine.support.hierarchical.NodeTestTask.lambda$executeRecursively$8(NodeTestTask.java:141)
        at org.junit.platform.engine.support.hierarchical.NodeTestTask$$Lambda$257/137225802.invoke(Unknown Source)
        at org.junit.platform.engine.support.hierarchical.Node.around(Node.java:137)
        at org.junit.platform.engine.support.hierarchical.NodeTestTask.lambda$executeRecursively$9(NodeTestTask.java:139)
        at org.junit.platform.engine.support.hierarchical.NodeTestTask$$Lambda$256/1744189907.execute(Unknown Source)
        at org.junit.platform.engine.support.hierarchical.ThrowableCollector.execute(ThrowableCollector.java:73)
        at org.junit.platform.engine.support.hierarchical.NodeTestTask.executeRecursively(NodeTestTask.java:138)
        at org.junit.platform.engine.support.hierarchical.NodeTestTask.execute(NodeTestTask.java:95)
        at org.junit.platform.engine.support.hierarchical.SameThreadHierarchicalTestExecutorService$$Lambda$262/652433136.accept(Unknown Source)
        at java.util.ArrayList.forEach(ArrayList.java:1259)
        at org.junit.platform.engine.support.hierarchical.SameThreadHierarchicalTestExecutorService.invokeAll(SameThreadHierarchicalTestExecutorService.java:41)
        at org.junit.platform.engine.support.hierarchical.NodeTestTask.lambda$executeRecursively$6(NodeTestTask.java:155)
        at org.junit.platform.engine.support.hierarchical.NodeTestTask$$Lambda$258/1704237553.execute(Unknown Source)
        at org.junit.platform.engine.support.hierarchical.ThrowableCollector.execute(ThrowableCollector.java:73)
        at org.junit.platform.engine.support.hierarchical.NodeTestTask.lambda$executeRecursively$8(NodeTestTask.java:141)
        at org.junit.platform.engine.support.hierarchical.NodeTestTask$$Lambda$257/137225802.invoke(Unknown Source)
        at org.junit.platform.engine.support.hierarchical.Node.around(Node.java:137)
        at org.junit.platform.engine.support.hierarchical.NodeTestTask.lambda$executeRecursively$9(NodeTestTask.java:139)
        at org.junit.platform.engine.support.hierarchical.NodeTestTask$$Lambda$256/1744189907.execute(Unknown Source)
        at org.junit.platform.engine.support.hierarchical.ThrowableCollector.execute(ThrowableCollector.java:73)
        at org.junit.platform.engine.support.hierarchical.NodeTestTask.executeRecursively(NodeTestTask.java:138)
        at org.junit.platform.engine.support.hierarchical.NodeTestTask.execute(NodeTestTask.java:95)
        at org.junit.platform.engine.support.hierarchical.SameThreadHierarchicalTestExecutorService$$Lambda$262/652433136.accept(Unknown Source)
        at java.util.ArrayList.forEach(ArrayList.java:1259)
        at org.junit.platform.engine.support.hierarchical.SameThreadHierarchicalTestExecutorService.invokeAll(SameThreadHierarchicalTestExecutorService.java:41)
        at org.junit.platform.engine.support.hierarchical.NodeTestTask.lambda$executeRecursively$6(NodeTestTask.java:155)
        at org.junit.platform.engine.support.hierarchical.NodeTestTask$$Lambda$258/1704237553.execute(Unknown Source)
        at org.junit.platform.engine.support.hierarchical.ThrowableCollector.execute(ThrowableCollector.java:73)
        at org.junit.platform.engine.support.hierarchical.NodeTestTask.lambda$executeRecursively$8(NodeTestTask.java:141)
        at org.junit.platform.engine.support.hierarchical.NodeTestTask$$Lambda$257/137225802.invoke(Unknown Source)
        at org.junit.platform.engine.support.hierarchical.Node.around(Node.java:137)
        at org.junit.platform.engine.support.hierarchical.NodeTestTask.lambda$executeRecursively$9(NodeTestTask.java:139)
        at org.junit.platform.engine.support.hierarchical.NodeTestTask$$Lambda$256/1744189907.execute(Unknown Source)
        at org.junit.platform.engine.support.hierarchical.ThrowableCollector.execute(ThrowableCollector.java:73)
        at org.junit.platform.engine.support.hierarchical.NodeTestTask.executeRecursively(NodeTestTask.java:138)
        at org.junit.platform.engine.support.hierarchical.NodeTestTask.execute(NodeTestTask.java:95)
        at org.junit.platform.engine.support.hierarchical.SameThreadHierarchicalTestExecutorService.submit(SameThreadHierarchicalTestExecutorService.java:35)
        at org.junit.platform.engine.support.hierarchical.HierarchicalTestExecutor.execute(HierarchicalTestExecutor.java:57)
        at org.junit.platform.engine.support.hierarchical.HierarchicalTestEngine.execute(HierarchicalTestEngine.java:54)
        at org.junit.platform.launcher.core.EngineExecutionOrchestrator.execute(EngineExecutionOrchestrator.java:107)
        at org.junit.platform.launcher.core.EngineExecutionOrchestrator.execute(EngineExecutionOrchestrator.java:88)
        at org.junit.platform.launcher.core.EngineExecutionOrchestrator.lambda$execute$0(EngineExecutionOrchestrator.java:54)
        at org.junit.platform.launcher.core.EngineExecutionOrchestrator$$Lambda$214/1687940142.accept(Unknown Source)
        at org.junit.platform.launcher.core.EngineExecutionOrchestrator.withInterceptedStreams(EngineExecutionOrchestrator.java:67)
        at org.junit.platform.launcher.core.EngineExecutionOrchestrator.execute(EngineExecutionOrchestrator.java:52)
        at org.junit.platform.launcher.core.DefaultLauncher.execute(DefaultLauncher.java:114)
        at org.junit.platform.launcher.core.DefaultLauncher.execute(DefaultLauncher.java:86)
        at org.junit.platform.launcher.core.DefaultLauncherSession$DelegatingLauncher.execute(DefaultLauncherSession.java:86)
        at org.junit.platform.launcher.core.SessionPerRequestLauncher.execute(SessionPerRequestLauncher.java:53)
        at org.apache.maven.surefire.junitplatform.JUnitPlatformProvider.execute(JUnitPlatformProvider.java:188)
        at org.apache.maven.surefire.junitplatform.JUnitPlatformProvider.invokeAllTests(JUnitPlatformProvider.java:154)
        at org.apache.maven.surefire.junitplatform.JUnitPlatformProvider.invoke(JUnitPlatformProvider.java:124)
        at org.apache.maven.surefire.booter.ForkedBooter.runSuitesInProcess(ForkedBooter.java:428)
        at org.apache.maven.surefire.booter.ForkedBooter.execute(ForkedBooter.java:162)
        at org.apache.maven.surefire.booter.ForkedBooter.run(ForkedBooter.java:562)
        at org.apache.maven.surefire.booter.ForkedBooter.main(ForkedBooter.java:548)
"FixedThreadPoolWithAffinityExecutor-4-0" daemon prio=5 tid=80 timed_waiting
java.lang.Thread.State: TIMED_WAITING
        at sun.misc.Unsafe.park(Native Method)
        at java.util.concurrent.locks.LockSupport.parkNanos(LockSupport.java:215)
        at java.util.concurrent.locks.AbstractQueuedSynchronizer$ConditionObject.awaitNanos(AbstractQueuedSynchronizer.java:2078)
        at java.util.concurrent.LinkedBlockingQueue.poll(LinkedBlockingQueue.java:467)
        at org.apache.hadoop.hdds.scm.server.ContainerReportQueue.poll(ContainerReportQueue.java:266)
        at org.apache.hadoop.hdds.scm.server.ContainerReportQueue.poll(ContainerReportQueue.java:42)
        at org.apache.hadoop.hdds.server.events.FixedThreadPoolWithAffinityExecutor$ContainerReportProcessTask.run(FixedThreadPoolWithAffinityExecutor.java:247)
        at java.util.concurrent.Executors$RunnableAdapter.call(Executors.java:511)
        at java.util.concurrent.FutureTask.run(FutureTask.java:266)
        at java.util.concurrent.ThreadPoolExecutor.runWorker(ThreadPoolExecutor.java:1149)
        at java.util.concurrent.ThreadPoolExecutor$Worker.run(ThreadPoolExecutor.java:624)
        at java.lang.Thread.run(Thread.java:750)
"ExpiredContainerReplicaOpScrubberThread" daemon prio=5 tid=56 timed_waiting
java.lang.Thread.State: TIMED_WAITING
        at java.lang.Object.wait(Native Method)
        at org.apache.hadoop.hdds.scm.ha.BackgroundSCMService.run(BackgroundSCMService.java:110)
        at org.apache.hadoop.hdds.scm.ha.BackgroundSCMService$$Lambda$405/1685470793.run(Unknown Source)
        at java.lang.Thread.run(Thread.java:750)
"Reference Handler" daemon prio=10 tid=2 in Object.wait()
java.lang.Thread.State: WAITING (on object monitor)
        at java.lang.Object.wait(Native Method)
        at java.lang.Object.wait(Object.java:502)
        at java.lang.ref.Reference.tryHandlePending(Reference.java:191)
        at java.lang.ref.Reference$ReferenceHandler.run(Reference.java:153)
"DatanodeAdminManager-0" daemon prio=5 tid=60 timed_waiting
java.lang.Thread.State: TIMED_WAITING
        at sun.misc.Unsafe.park(Native Method)
        at java.util.concurrent.locks.LockSupport.parkNanos(LockSupport.java:215)
        at java.util.concurrent.locks.AbstractQueuedSynchronizer$ConditionObject.awaitNanos(AbstractQueuedSynchronizer.java:2078)
        at java.util.concurrent.ScheduledThreadPoolExecutor$DelayedWorkQueue.take(ScheduledThreadPoolExecutor.java:1093)
        at java.util.concurrent.ScheduledThreadPoolExecutor$DelayedWorkQueue.take(ScheduledThreadPoolExecutor.java:809)
        at java.util.concurrent.ThreadPoolExecutor.getTask(ThreadPoolExecutor.java:1074)
        at java.util.concurrent.ThreadPoolExecutor.runWorker(ThreadPoolExecutor.java:1134)
        at java.util.concurrent.ThreadPoolExecutor$Worker.run(ThreadPoolExecutor.java:624)
        at java.lang.Thread.run(Thread.java:750)
"ReplicationMonitor" daemon prio=5 tid=57 timed_waiting
java.lang.Thread.State: TIMED_WAITING
        at java.lang.Object.wait(Native Method)
        at org.apache.hadoop.hdds.scm.container.replication.ReplicationManager.run(ReplicationManager.java:914)
        at org.apache.hadoop.hdds.scm.container.replication.ReplicationManager$$Lambda$453/884958895.run(Unknown Source)
        at java.lang.Thread.run(Thread.java:750)
"IPC Server idle connection scanner for port 39849" daemon prio=5 tid=63 in Object.wait()
java.lang.Thread.State: WAITING (on object monitor)
        at java.lang.Object.wait(Native Method)
        at java.lang.Object.wait(Object.java:502)
        at java.util.TimerThread.mainLoop(Timer.java:526)
        at java.util.TimerThread.run(Timer.java:505)
"Socket Reader #1 for port 0"  prio=5 tid=67 runnable
java.lang.Thread.State: RUNNABLE
        at sun.nio.ch.EPollArrayWrapper.epollWait(Native Method)
        at sun.nio.ch.EPollArrayWrapper.poll(EPollArrayWrapper.java:269)
        at sun.nio.ch.EPollSelectorImpl.doSelect(EPollSelectorImpl.java:93)
        at sun.nio.ch.SelectorImpl.lockAndDoSelect(SelectorImpl.java:86)
        at sun.nio.ch.SelectorImpl.select(SelectorImpl.java:97)
        at sun.nio.ch.SelectorImpl.select(SelectorImpl.java:101)
        at org.apache.hadoop.ipc.Server$Listener$Reader.doRunLoop(Server.java:1342)
        at org.apache.hadoop.ipc.Server$Listener$Reader.run(Server.java:1321)
"Over Replicated Processor" daemon prio=5 tid=59 timed_waiting
java.lang.Thread.State: TIMED_WAITING
        at java.lang.Object.wait(Native Method)
        at org.apache.hadoop.hdds.scm.container.replication.UnhealthyReplicationProcessor.run(UnhealthyReplicationProcessor.java:174)
        at java.lang.Thread.run(Thread.java:750)
"FixedThreadPoolWithAffinityExecutor-1-0" daemon prio=5 tid=77 timed_waiting
java.lang.Thread.State: TIMED_WAITING
        at sun.misc.Unsafe.park(Native Method)
        at java.util.concurrent.locks.LockSupport.parkNanos(LockSupport.java:215)
        at java.util.concurrent.locks.AbstractQueuedSynchronizer$ConditionObject.awaitNanos(AbstractQueuedSynchronizer.java:2078)
        at java.util.concurrent.LinkedBlockingQueue.poll(LinkedBlockingQueue.java:467)
        at org.apache.hadoop.hdds.scm.server.ContainerReportQueue.poll(ContainerReportQueue.java:266)
        at org.apache.hadoop.hdds.scm.server.ContainerReportQueue.poll(ContainerReportQueue.java:42)
        at org.apache.hadoop.hdds.server.events.FixedThreadPoolWithAffinityExecutor$ContainerReportProcessTask.run(FixedThreadPoolWithAffinityExecutor.java:247)
        at java.util.concurrent.Executors$RunnableAdapter.call(Executors.java:511)
        at java.util.concurrent.FutureTask.run(FutureTask.java:266)
        at java.util.concurrent.ThreadPoolExecutor.runWorker(ThreadPoolExecutor.java:1149)
        at java.util.concurrent.ThreadPoolExecutor$Worker.run(ThreadPoolExecutor.java:624)
        at java.lang.Thread.run(Thread.java:750)
"FixedThreadPoolWithAffinityExecutor-0-0" daemon prio=5 tid=76 timed_waiting
java.lang.Thread.State: TIMED_WAITING
        at sun.misc.Unsafe.park(Native Method)
        at java.util.concurrent.locks.LockSupport.parkNanos(LockSupport.java:215)
        at java.util.concurrent.locks.AbstractQueuedSynchronizer$ConditionObject.awaitNanos(AbstractQueuedSynchronizer.java:2078)
        at java.util.concurrent.LinkedBlockingQueue.poll(LinkedBlockingQueue.java:467)
        at org.apache.hadoop.hdds.scm.server.ContainerReportQueue.poll(ContainerReportQueue.java:266)
        at org.apache.hadoop.hdds.scm.server.ContainerReportQueue.poll(ContainerReportQueue.java:42)
        at org.apache.hadoop.hdds.server.events.FixedThreadPoolWithAffinityExecutor$ContainerReportProcessTask.run(FixedThreadPoolWithAffinityExecutor.java:247)
        at java.util.concurrent.Executors$RunnableAdapter.call(Executors.java:511)
        at java.util.concurrent.FutureTask.run(FutureTask.java:266)
        at java.util.concurrent.ThreadPoolExecutor.runWorker(ThreadPoolExecutor.java:1149)
        at java.util.concurrent.ThreadPoolExecutor$Worker.run(ThreadPoolExecutor.java:624)
        at java.lang.Thread.run(Thread.java:750)
"junit-jupiter-timeout-watcher"  prio=10 tid=48 timed_waiting
java.lang.Thread.State: TIMED_WAITING
        at sun.misc.Unsafe.park(Native Method)
        at java.util.concurrent.locks.LockSupport.parkNanos(LockSupport.java:215)
        at java.util.concurrent.locks.AbstractQueuedSynchronizer$ConditionObject.awaitNanos(AbstractQueuedSynchronizer.java:2078)
        at java.util.concurrent.ScheduledThreadPoolExecutor$DelayedWorkQueue.take(ScheduledThreadPoolExecutor.java:1093)
        at java.util.concurrent.ScheduledThreadPoolExecutor$DelayedWorkQueue.take(ScheduledThreadPoolExecutor.java:809)
        at java.util.concurrent.ThreadPoolExecutor.getTask(ThreadPoolExecutor.java:1074)
        at java.util.concurrent.ThreadPoolExecutor.runWorker(ThreadPoolExecutor.java:1134)
        at java.util.concurrent.ThreadPoolExecutor$Worker.run(ThreadPoolExecutor.java:624)
        at java.lang.Thread.run(Thread.java:750)


	at org.apache.ozone.test.GenericTestUtils.waitFor(GenericTestUtils.java:232)
	at org.apache.hadoop.hdds.scm.block.TestBlockManager.testMultipleBlockAllocation(TestBlockManager.java:514)
	at sun.reflect.NativeMethodAccessorImpl.invoke0(Native Method)
	at sun.reflect.NativeMethodAccessorImpl.invoke(NativeMethodAccessorImpl.java:62)
	at sun.reflect.DelegatingMethodAccessorImpl.invoke(DelegatingMethodAccessorImpl.java:43)
	at java.lang.reflect.Method.invoke(Method.java:498)
	at org.junit.platform.commons.util.ReflectionUtils.invokeMethod(ReflectionUtils.java:725)
	at org.junit.jupiter.engine.execution.MethodInvocation.proceed(MethodInvocation.java:60)
	at org.junit.jupiter.engine.execution.InvocationInterceptorChain$ValidatingInvocation.proceed(InvocationInterceptorChain.java:131)
	at org.junit.jupiter.engine.extension.TimeoutInvocation.proceed(TimeoutInvocation.java:46)
	at org.junit.jupiter.engine.extension.TimeoutExtension.intercept(TimeoutExtension.java:149)
	at org.junit.jupiter.engine.extension.TimeoutExtension.interceptTestableMethod(TimeoutExtension.java:140)
	at org.junit.jupiter.engine.extension.TimeoutExtension.interceptTestMethod(TimeoutExtension.java:84)
	at org.junit.jupiter.engine.execution.ExecutableInvoker$ReflectiveInterceptorCall.lambda$ofVoidMethod$0(ExecutableInvoker.java:115)
	at org.junit.jupiter.engine.execution.ExecutableInvoker.lambda$invoke$0(ExecutableInvoker.java:105)
	at org.junit.jupiter.engine.execution.InvocationInterceptorChain$InterceptedInvocation.proceed(InvocationInterceptorChain.java:106)
	at org.junit.jupiter.engine.execution.InvocationInterceptorChain.proceed(InvocationInterceptorChain.java:64)
	at org.junit.jupiter.engine.execution.InvocationInterceptorChain.chainAndInvoke(InvocationInterceptorChain.java:45)
	at org.junit.jupiter.engine.execution.InvocationInterceptorChain.invoke(InvocationInterceptorChain.java:37)
	at org.junit.jupiter.engine.execution.ExecutableInvoker.invoke(ExecutableInvoker.java:104)
	at org.junit.jupiter.engine.execution.ExecutableInvoker.invoke(ExecutableInvoker.java:98)
	at org.junit.jupiter.engine.descriptor.TestMethodTestDescriptor.lambda$invokeTestMethod$7(TestMethodTestDescriptor.java:214)
	at org.junit.platform.engine.support.hierarchical.ThrowableCollector.execute(ThrowableCollector.java:73)
	at org.junit.jupiter.engine.descriptor.TestMethodTestDescriptor.invokeTestMethod(TestMethodTestDescriptor.java:210)
	at org.junit.jupiter.engine.descriptor.TestMethodTestDescriptor.execute(TestMethodTestDescriptor.java:135)
	at org.junit.jupiter.engine.descriptor.TestMethodTestDescriptor.execute(TestMethodTestDescriptor.java:66)
	at org.junit.platform.engine.support.hierarchical.NodeTestTask.lambda$executeRecursively$6(NodeTestTask.java:151)
	at org.junit.platform.engine.support.hierarchical.ThrowableCollector.execute(ThrowableCollector.java:73)
	at org.junit.platform.engine.support.hierarchical.NodeTestTask.lambda$executeRecursively$8(NodeTestTask.java:141)
	at org.junit.platform.engine.support.hierarchical.Node.around(Node.java:137)
	at org.junit.platform.engine.support.hierarchical.NodeTestTask.lambda$executeRecursively$9(NodeTestTask.java:139)
	at org.junit.platform.engine.support.hierarchical.ThrowableCollector.execute(ThrowableCollector.java:73)
	at org.junit.platform.engine.support.hierarchical.NodeTestTask.executeRecursively(NodeTestTask.java:138)
	at org.junit.platform.engine.support.hierarchical.NodeTestTask.execute(NodeTestTask.java:95)
	at java.util.ArrayList.forEach(ArrayList.java:1259)
	at org.junit.platform.engine.support.hierarchical.SameThreadHierarchicalTestExecutorService.invokeAll(SameThreadHierarchicalTestExecutorService.java:41)
	at org.junit.platform.engine.support.hierarchical.NodeTestTask.lambda$executeRecursively$6(NodeTestTask.java:155)
	at org.junit.platform.engine.support.hierarchical.ThrowableCollector.execute(ThrowableCollector.java:73)
	at org.junit.platform.engine.support.hierarchical.NodeTestTask.lambda$executeRecursively$8(NodeTestTask.java:141)
	at org.junit.platform.engine.support.hierarchical.Node.around(Node.java:137)
	at org.junit.platform.engine.support.hierarchical.NodeTestTask.lambda$executeRecursively$9(NodeTestTask.java:139)
	at org.junit.platform.engine.support.hierarchical.ThrowableCollector.execute(ThrowableCollector.java:73)
	at org.junit.platform.engine.support.hierarchical.NodeTestTask.executeRecursively(NodeTestTask.java:138)
	at org.junit.platform.engine.support.hierarchical.NodeTestTask.execute(NodeTestTask.java:95)
	at java.util.ArrayList.forEach(ArrayList.java:1259)
	at org.junit.platform.engine.support.hierarchical.SameThreadHierarchicalTestExecutorService.invokeAll(SameThreadHierarchicalTestExecutorService.java:41)
	at org.junit.platform.engine.support.hierarchical.NodeTestTask.lambda$executeRecursively$6(NodeTestTask.java:155)
	at org.junit.platform.engine.support.hierarchical.ThrowableCollector.execute(ThrowableCollector.java:73)
	at org.junit.platform.engine.support.hierarchical.NodeTestTask.lambda$executeRecursively$8(NodeTestTask.java:141)
	at org.junit.platform.engine.support.hierarchical.Node.around(Node.java:137)
	at org.junit.platform.engine.support.hierarchical.NodeTestTask.lambda$executeRecursively$9(NodeTestTask.java:139)
	at org.junit.platform.engine.support.hierarchical.ThrowableCollector.execute(ThrowableCollector.java:73)
	at org.junit.platform.engine.support.hierarchical.NodeTestTask.executeRecursively(NodeTestTask.java:138)
	at org.junit.platform.engine.support.hierarchical.NodeTestTask.execute(NodeTestTask.java:95)
	at org.junit.platform.engine.support.hierarchical.SameThreadHierarchicalTestExecutorService.submit(SameThreadHierarchicalTestExecutorService.java:35)
	at org.junit.platform.engine.support.hierarchical.HierarchicalTestExecutor.execute(HierarchicalTestExecutor.java:57)
	at org.junit.platform.engine.support.hierarchical.HierarchicalTestEngine.execute(HierarchicalTestEngine.java:54)
	at org.junit.platform.launcher.core.EngineExecutionOrchestrator.execute(EngineExecutionOrchestrator.java:107)
	at org.junit.platform.launcher.core.EngineExecutionOrchestrator.execute(EngineExecutionOrchestrator.java:88)
	at org.junit.platform.launcher.core.EngineExecutionOrchestrator.lambda$execute$0(EngineExecutionOrchestrator.java:54)
	at org.junit.platform.launcher.core.EngineExecutionOrchestrator.withInterceptedStreams(EngineExecutionOrchestrator.java:67)
	at org.junit.platform.launcher.core.EngineExecutionOrchestrator.execute(EngineExecutionOrchestrator.java:52)
	at org.junit.platform.launcher.core.DefaultLauncher.execute(DefaultLauncher.java:114)
	at org.junit.platform.launcher.core.DefaultLauncher.execute(DefaultLauncher.java:86)
	at org.junit.platform.launcher.core.DefaultLauncherSession$DelegatingLauncher.execute(DefaultLauncherSession.java:86)
	at org.junit.platform.launcher.core.SessionPerRequestLauncher.execute(SessionPerRequestLauncher.java:53)
	at org.apache.maven.surefire.junitplatform.JUnitPlatformProvider.execute(JUnitPlatformProvider.java:188)
	at org.apache.maven.surefire.junitplatform.JUnitPlatformProvider.invokeAllTests(JUnitPlatformProvider.java:154)
	at org.apache.maven.surefire.junitplatform.JUnitPlatformProvider.invoke(JUnitPlatformProvider.java:124)
	at org.apache.maven.surefire.booter.ForkedBooter.runSuitesInProcess(ForkedBooter.java:428)
	at org.apache.maven.surefire.booter.ForkedBooter.execute(ForkedBooter.java:162)
	at org.apache.maven.surefire.booter.ForkedBooter.run(ForkedBooter.java:562)
	at org.apache.maven.surefire.booter.ForkedBooter.main(ForkedBooter.java:548)
]]></error>
    <system-out><![CDATA[2023-06-27 05:29:59,073 [main] INFO  net.NodeSchemaLoader (NodeSchemaLoader.java:loadSchemaFromFile(129)) - Loading schema from [file:/home/runner/work/ozone/ozone/hadoop-hdds/common/target/classes/network-topology-default.xml]
2023-06-27 05:29:59,074 [main] INFO  net.NodeSchemaLoader (NodeSchemaLoader.java:loadSchema(176)) - Loading network topology layer schema file
2023-06-27 05:29:59,089 [main] INFO  net.NodeSchemaLoader (NodeSchemaLoader.java:loadSchemaFromFile(129)) - Loading schema from [file:/home/runner/work/ozone/ozone/hadoop-hdds/common/target/classes/network-topology-default.xml]
2023-06-27 05:29:59,090 [main] INFO  net.NodeSchemaLoader (NodeSchemaLoader.java:loadSchema(176)) - Loading network topology layer schema file
2023-06-27 05:29:59,093 [main] INFO  net.NetworkTopologyImpl (NetworkTopologyImpl.java:add(112)) - Added a new node: /default-rack/be2b7fc3-a24b-4987-b0ba-5cd8adb5d52b
2023-06-27 05:29:59,093 [main] INFO  net.NetworkTopologyImpl (NetworkTopologyImpl.java:add(112)) - Added a new node: /default-rack/1ccf73ba-422c-4662-af3d-1f0711a6575d
2023-06-27 05:29:59,093 [main] INFO  net.NetworkTopologyImpl (NetworkTopologyImpl.java:add(112)) - Added a new node: /default-rack/d6b7388d-5313-4dc3-94b2-008566f9c8ae
2023-06-27 05:29:59,094 [main] INFO  net.NetworkTopologyImpl (NetworkTopologyImpl.java:add(112)) - Added a new node: /default-rack/b7d5788c-888b-47c0-b6cb-f424f0fbdcd5
2023-06-27 05:29:59,094 [main] INFO  net.NetworkTopologyImpl (NetworkTopologyImpl.java:add(112)) - Added a new node: /default-rack/b6d38f71-2e62-4edf-a101-8f150bb7ec53
2023-06-27 05:29:59,094 [main] INFO  net.NetworkTopologyImpl (NetworkTopologyImpl.java:add(112)) - Added a new node: /default-rack/8c964e67-3233-4e9c-8b01-72ff83e65a14
2023-06-27 05:29:59,094 [main] INFO  net.NetworkTopologyImpl (NetworkTopologyImpl.java:add(112)) - Added a new node: /default-rack/360241ed-57db-4ce6-8215-5f8ada06b375
2023-06-27 05:29:59,095 [main] INFO  net.NetworkTopologyImpl (NetworkTopologyImpl.java:add(112)) - Added a new node: /default-rack/be33d7b1-f5af-4789-b069-50c030913a29
2023-06-27 05:29:59,095 [main] INFO  net.NetworkTopologyImpl (NetworkTopologyImpl.java:add(112)) - Added a new node: /default-rack/a76436b3-f01c-4bfb-b1ce-93b11e48961e
2023-06-27 05:29:59,095 [main] INFO  net.NetworkTopologyImpl (NetworkTopologyImpl.java:add(112)) - Added a new node: /default-rack/555e4402-10b9-4486-9299-d34ea5616ab6
2023-06-27 05:29:59,097 [main] WARN  utils.HAUtils (HAUtils.java:getMetaDir(339)) - ozone.scm.db.dirs is not configured. We recommend adding this setting. Falling back to ozone.metadata.dirs instead.
2023-06-27 05:29:59,098 [main] WARN  db.DBStoreBuilder (DBStoreBuilder.java:applyDBDefinition(166)) - ozone.scm.db.dirs is not configured. We recommend adding this setting. Falling back to ozone.metadata.dirs instead.
2023-06-27 05:29:59,243 [main] INFO  ha.SequenceIdGenerator (SequenceIdGenerator.java:<init>(220)) - Init the HA SequenceIdGenerator.
2023-06-27 05:29:59,243 [main] INFO  pipeline.PipelineStateManagerImpl (PipelineStateManagerImpl.java:initialize(78)) - No pipeline exists in current db
2023-06-27 05:29:59,244 [main] INFO  algorithms.LeaderChoosePolicyFactory (LeaderChoosePolicyFactory.java:getPolicy(57)) - Create leader choose policy of type org.apache.hadoop.hdds.scm.pipeline.leader.choose.algorithms.MinLeaderCountChoosePolicy
2023-06-27 05:29:59,245 [main] INFO  algorithms.ContainerPlacementPolicyFactory (ContainerPlacementPolicyFactory.java:getPolicyInternal(86)) - Create container placement policy of type org.apache.hadoop.hdds.scm.container.placement.algorithms.SCMContainerPlacementRackScatter
2023-06-27 05:29:59,247 [main] INFO  ha.SCMServiceManager (SCMServiceManager.java:register(42)) - Registering service BackgroundPipelineCreator.
2023-06-27 05:29:59,247 [main] INFO  pipeline.BackgroundPipelineCreator (BackgroundPipelineCreator.java:start(124)) - Starting RatisPipelineUtilsThread.
2023-06-27 05:29:59,248 [main] INFO  BackgroundPipelineScrubber (BackgroundSCMService.java:start(68)) - Starting BackgroundPipelineScrubber Service.
2023-06-27 05:29:59,249 [main] INFO  ha.SCMServiceManager (SCMServiceManager.java:register(42)) - Registering service BackgroundPipelineScrubber.
2023-06-27 05:29:59,249 [main] INFO  algorithms.LeaderChoosePolicyFactory (LeaderChoosePolicyFactory.java:getPolicy(57)) - Create leader choose policy of type org.apache.hadoop.hdds.scm.pipeline.leader.choose.algorithms.MinLeaderCountChoosePolicy
2023-06-27 05:29:59,251 [main] INFO  safemode.ContainerSafeModeRule (ContainerSafeModeRule.java:<init>(89)) - containers with one replica threshold count 0
2023-06-27 05:29:59,251 [main] INFO  safemode.HealthyPipelineSafeModeRule (HealthyPipelineSafeModeRule.java:initializeRule(169)) - Total pipeline count is 0, healthy pipeline threshold count is 0
2023-06-27 05:29:59,251 [main] INFO  safemode.OneReplicaPipelineSafeModeRule (OneReplicaPipelineSafeModeRule.java:initializeRule(180)) - Total pipeline count is 0, pipeline's with at least one datanode reported threshold count is 0
2023-06-27 05:29:59,252 [main] WARN  server.ServerUtils (ServerUtils.java:getScmDbDir(155)) - ozone.scm.db.dirs is not configured. We recommend adding this setting. Falling back to ozone.metadata.dirs instead.
2023-06-27 05:29:59,255 [main] WARN  server.ServerUtils (ServerUtils.java:getScmDbDir(155)) - ozone.scm.db.dirs is not configured. We recommend adding this setting. Falling back to ozone.metadata.dirs instead.
2023-06-27 05:29:59,256 [main] INFO  ha.SCMHANodeDetails (SCMHANodeDetails.java:loadSCMHAConfig(210)) - ServiceID for StorageContainerManager is null
2023-06-27 05:29:59,256 [main] INFO  ha.SCMHANodeDetails (SCMHANodeDetails.java:loadSCMHAConfig(215)) - ozone.scm.default.service.id is not defined, falling back to ozone.scm.service.ids to find serviceID for StorageContainerManager if it is HA enabled cluster
2023-06-27 05:29:59,260 [main] INFO  net.NodeSchemaLoader (NodeSchemaLoader.java:loadSchemaFromFile(129)) - Loading schema from [file:/home/runner/work/ozone/ozone/hadoop-hdds/common/target/classes/network-topology-default.xml]
2023-06-27 05:29:59,260 [main] INFO  net.NodeSchemaLoader (NodeSchemaLoader.java:loadSchema(176)) - Loading network topology layer schema file
2023-06-27 05:29:59,265 [main] INFO  upgrade.AbstractLayoutVersionManager (AbstractLayoutVersionManager.java:init(83)) - Initializing Layout version manager with metadata layout = HADOOP_PRC_PORTS_IN_DATANODEDETAILS (version = 7), software layout = HADOOP_PRC_PORTS_IN_DATANODEDETAILS (version = 7)
2023-06-27 05:29:59,270 [main] INFO  ha.SequenceIdGenerator (SequenceIdGenerator.java:upgradeToSequenceId(349)) - upgrade localId to 111677748019200000
2023-06-27 05:29:59,274 [main] INFO  ha.SequenceIdGenerator (SequenceIdGenerator.java:upgradeToSequenceId(359)) - upgrade delTxnId to 0
2023-06-27 05:29:59,275 [main] INFO  ha.SequenceIdGenerator (SequenceIdGenerator.java:upgradeToSequenceId(376)) - upgrade containerId to 0
[...]
  </testcase>
  <testcase name="testAllocateBlockSucInSafeMode" classname="org.apache.hadoop.hdds.scm.block.TestBlockManager" time="0.361">
    <system-out><![CDATA[2023-06-27 05:30:03,183 [main] INFO  net.NodeSchemaLoader (NodeSchemaLoader.java:loadSchemaFromFile(129)) - Loading schema from [file:/home/runner/work/ozone/ozone/hadoop-hdds/common/target/classes/network-topology-default.xml]
2023-06-27 05:30:03,183 [main] INFO  net.NodeSchemaLoader (NodeSchemaLoader.java:loadSchema(176)) - Loading network topology layer schema file
2023-06-27 05:30:03,196 [main] INFO  net.NodeSchemaLoader (NodeSchemaLoader.java:loadSchemaFromFile(129)) - Loading schema from [file:/home/runner/work/ozone/ozone/hadoop-hdds/common/target/classes/network-topology-default.xml]
2023-06-27 05:30:03,196 [main] INFO  net.NodeSchemaLoader (NodeSchemaLoader.java:loadSchema(176)) - Loading network topology layer schema file
2023-06-27 05:30:03,198 [main] INFO  net.NetworkTopologyImpl (NetworkTopologyImpl.java:add(112)) - Added a new node: /default-rack/525682cf-cca8-4526-8fd6-0b07381ebc9d
2023-06-27 05:30:03,198 [main] INFO  net.NetworkTopologyImpl (NetworkTopologyImpl.java:add(112)) - Added a new node: /default-rack/352ad754-dd81-4a5c-a1f9-72785f7398d9
2023-06-27 05:30:03,198 [main] INFO  net.NetworkTopologyImpl (NetworkTopologyImpl.java:add(112)) - Added a new node: /default-rack/9170b64b-94bf-4350-9f7e-2d2864cb5104
2023-06-27 05:30:03,198 [main] INFO  net.NetworkTopologyImpl (NetworkTopologyImpl.java:add(112)) - Added a new node: /default-rack/03e05bff-c728-4d95-a343-4ea9ac082088
2023-06-27 05:30:03,199 [main] INFO  net.NetworkTopologyImpl (NetworkTopologyImpl.java:add(112)) - Added a new node: /default-rack/1c38f69f-a879-4646-9698-e218c9aa54c5
2023-06-27 05:30:03,199 [main] INFO  net.NetworkTopologyImpl (NetworkTopologyImpl.java:add(112)) - Added a new node: /default-rack/13602b02-64ed-43b1-b351-61f1e4bd68c3
2023-06-27 05:30:03,199 [main] INFO  net.NetworkTopologyImpl (NetworkTopologyImpl.java:add(112)) - Added a new node: /default-rack/17976f49-8cc8-4590-aaf4-2463462d1626
2023-06-27 05:30:03,199 [main] INFO  net.NetworkTopologyImpl (NetworkTopologyImpl.java:add(112)) - Added a new node: /default-rack/b6a2e6e2-d8c5-432c-8e29-718fba2fd690
2023-06-27 05:30:03,200 [main] INFO  net.NetworkTopologyImpl (NetworkTopologyImpl.java:add(112)) - Added a new node: /default-rack/2f647365-4f9c-4d23-a03b-7227f3cf21e5
2023-06-27 05:30:03,200 [main] INFO  net.NetworkTopologyImpl (NetworkTopologyImpl.java:add(112)) - Added a new node: /default-rack/316ca0e1-4dee-4a06-9dfd-b3559f33e717
2023-06-27 05:30:03,200 [main] WARN  utils.HAUtils (HAUtils.java:getMetaDir(339)) - ozone.scm.db.dirs is not configured. We recommend adding this setting. Falling back to ozone.metadata.dirs instead.
2023-06-27 05:30:03,201 [main] WARN  db.DBStoreBuilder (DBStoreBuilder.java:applyDBDefinition(166)) - ozone.scm.db.dirs is not configured. We recommend adding this setting. Falling back to ozone.metadata.dirs instead.
2023-06-27 05:30:03,343 [main] INFO  ha.SequenceIdGenerator (SequenceIdGenerator.java:<init>(220)) - Init the HA SequenceIdGenerator.
2023-06-27 05:30:03,344 [main] INFO  pipeline.PipelineStateManagerImpl (PipelineStateManagerImpl.java:initialize(78)) - No pipeline exists in current db
2023-06-27 05:30:03,344 [main] INFO  algorithms.LeaderChoosePolicyFactory (LeaderChoosePolicyFactory.java:getPolicy(57)) - Create leader choose policy of type org.apache.hadoop.hdds.scm.pipeline.leader.choose.algorithms.MinLeaderCountChoosePolicy
2023-06-27 05:30:03,344 [main] INFO  algorithms.ContainerPlacementPolicyFactory (ContainerPlacementPolicyFactory.java:getPolicyInternal(86)) - Create container placement policy of type org.apache.hadoop.hdds.scm.container.placement.algorithms.SCMContainerPlacementRackScatter
2023-06-27 05:30:03,345 [main] INFO  ha.SCMServiceManager (SCMServiceManager.java:register(42)) - Registering service BackgroundPipelineCreator.
2023-06-27 05:30:03,345 [main] INFO  pipeline.BackgroundPipelineCreator (BackgroundPipelineCreator.java:start(124)) - Starting RatisPipelineUtilsThread.
2023-06-27 05:30:03,345 [main] INFO  BackgroundPipelineScrubber (BackgroundSCMService.java:start(68)) - Starting BackgroundPipelineScrubber Service.
2023-06-27 05:30:03,346 [main] INFO  ha.SCMServiceManager (SCMServiceManager.java:register(42)) - Registering service BackgroundPipelineScrubber.
2023-06-27 05:30:03,346 [main] INFO  algorithms.LeaderChoosePolicyFactory (LeaderChoosePolicyFactory.java:getPolicy(57)) - Create leader choose policy of type org.apache.hadoop.hdds.scm.pipeline.leader.choose.algorithms.MinLeaderCountChoosePolicy
2023-06-27 05:30:03,347 [main] INFO  safemode.ContainerSafeModeRule (ContainerSafeModeRule.java:<init>(89)) - containers with one replica threshold count 0
2023-06-27 05:30:03,347 [main] INFO  safemode.HealthyPipelineSafeModeRule (HealthyPipelineSafeModeRule.java:initializeRule(169)) - Total pipeline count is 0, healthy pipeline threshold count is 0
2023-06-27 05:30:03,347 [main] INFO  safemode.OneReplicaPipelineSafeModeRule (OneReplicaPipelineSafeModeRule.java:initializeRule(180)) - Total pipeline count is 0, pipeline's with at least one datanode reported threshold count is 0
2023-06-27 05:30:03,348 [main] WARN  server.ServerUtils (ServerUtils.java:getScmDbDir(155)) - ozone.scm.db.dirs is not configured. We recommend adding this setting. Falling back to ozone.metadata.dirs instead.
2023-06-27 05:30:03,350 [main] WARN  server.ServerUtils (ServerUtils.java:getScmDbDir(155)) - ozone.scm.db.dirs is not configured. We recommend adding this setting. Falling back to ozone.metadata.dirs instead.
2023-06-27 05:30:03,350 [main] INFO  ha.SCMHANodeDetails (SCMHANodeDetails.java:loadSCMHAConfig(210)) - ServiceID for StorageContainerManager is null
2023-06-27 05:30:03,350 [main] INFO  ha.SCMHANodeDetails (SCMHANodeDetails.java:loadSCMHAConfig(215)) - ozone.scm.default.service.id is not defined, falling back to ozone.scm.service.ids to find serviceID for StorageContainerManager if it is HA enabled cluster
2023-06-27 05:30:03,351 [main] INFO  net.NodeSchemaLoader (NodeSchemaLoader.java:loadSchemaFromFile(129)) - Loading schema from [file:/home/runner/work/ozone/ozone/hadoop-hdds/common/target/classes/network-topology-default.xml]
2023-06-27 05:30:03,351 [main] INFO  net.NodeSchemaLoader (NodeSchemaLoader.java:loadSchema(176)) - Loading network topology layer schema file
2023-06-27 05:30:03,353 [main] INFO  upgrade.AbstractLayoutVersionManager (AbstractLayoutVersionManager.java:init(83)) - Initializing Layout version manager with metadata layout = HADOOP_PRC_PORTS_IN_DATANODEDETAILS (version = 7), software layout = HADOOP_PRC_PORTS_IN_DATANODEDETAILS (version = 7)
2023-06-27 05:30:03,355 [main] INFO  ha.SequenceIdGenerator (SequenceIdGenerator.java:upgradeToSequenceId(349)) - upgrade localId to 111677748019200000
2023-06-27 05:30:03,355 [main] INFO  ha.SequenceIdGenerator (SequenceIdGenerator.java:upgradeToSequenceId(359)) - upgrade delTxnId to 0
2023-06-27 05:30:03,356 [main] INFO  ha.SequenceIdGenerator (SequenceIdGenerator.java:upgradeToSequenceId(376)) - upgrade containerId to 0
2023-06-27 05:30:03,356 [main] INFO  ha.SequenceIdGenerator (SequenceIdGenerator.java:<init>(220)) - Init the HA SequenceIdGenerator.
2023-06-27 05:30:03,356 [main] INFO  algorithms.ContainerPlacementPolicyFactory (ContainerPlacementPolicyFactory.java:getPolicyInternal(86)) - Create container placement policy of type org.apache.hadoop.hdds.scm.container.placement.algorithms.SCMContainerPlacementRackAware
2023-06-27 05:30:03,356 [main] INFO  algorithms.ContainerPlacementPolicyFactory (ContainerPlacementPolicyFactory.java:getPolicyInternal(86)) - Create container placement policy of type org.apache.hadoop.hdds.scm.container.placement.algorithms.SCMContainerPlacementRackScatter
2023-06-27 05:30:03,357 [main] INFO  ExpiredContainerReplicaOpScrubber (BackgroundSCMService.java:start(68)) - Starting ExpiredContainerReplicaOpScrubber Service.
2023-06-27 05:30:03,357 [main] INFO  ha.SCMServiceManager (SCMServiceManager.java:register(42)) - Registering service ExpiredContainerReplicaOpScrubber.
2023-06-27 05:30:03,357 [main] INFO  algorithms.PipelineChoosePolicyFactory (PipelineChoosePolicyFactory.java:createPipelineChoosePolicyFromClass(73)) - Create pipeline choose policy of type org.apache.hadoop.hdds.scm.pipeline.choose.algorithms.RandomPipelineChoosePolicy
2023-06-27 05:30:03,358 [main] INFO  ha.SCMServiceManager (SCMServiceManager.java:register(42)) - Registering service SCMBlockDeletingService.
2023-06-27 05:30:03,359 [main] INFO  replication.ReplicationManager (ReplicationManager.java:start(286)) - Starting Replication Monitor Thread.
2023-06-27 05:30:03,364 [main] INFO  ha.SCMServiceManager (SCMServiceManager.java:register(42)) - Registering service ReplicationManager.
2023-06-27 05:30:03,368 [main] INFO  server.StorageContainerManager (StorageContainerManager.java:<init>(420)) - SCM start with adminUsers: [runner]
2023-06-27 05:30:03,369 [ReplicationMonitor] INFO  replication.ReplicationManager (ReplicationManager.java:processAll(361)) - Replication Manager is not ready to run until 300000ms after safemode exit
2023-06-27 05:30:03,369 [main] INFO  ipc.CallQueueManager (CallQueueManager.java:<init>(90)) - Using callQueue: class java.util.concurrent.LinkedBlockingQueue, queueCapacity: 10000, scheduler: class org.apache.hadoop.ipc.DefaultRpcScheduler, ipcBackoff: false.
2023-06-27 05:30:03,372 [Listener at 0.0.0.0/39517] INFO  hdds.HddsUtils (HddsUtils.java:preserveThreadName(848)) - Restoring thread name: main
2023-06-27 05:30:03,372 [Socket Reader #1 for port 0] INFO  ipc.Server (Server.java:run(1319)) - Starting Socket Reader #1 for port 0
2023-06-27 05:30:03,372 [main] INFO  ipc.CallQueueManager (CallQueueManager.java:<init>(90)) - Using callQueue: class java.util.concurrent.LinkedBlockingQueue, queueCapacity: 10000, scheduler: class org.apache.hadoop.ipc.DefaultRpcScheduler, ipcBackoff: false.
2023-06-27 05:30:03,373 [Socket Reader #1 for port 0] INFO  ipc.Server (Server.java:run(1319)) - Starting Socket Reader #1 for port 0
2023-06-27 05:30:03,376 [Listener at 0.0.0.0/46533] INFO  hdds.HddsUtils (HddsUtils.java:preserveThreadName(848)) - Restoring thread name: main
2023-06-27 05:30:03,376 [main] INFO  ipc.CallQueueManager (CallQueueManager.java:<init>(90)) - Using callQueue: class java.util.concurrent.LinkedBlockingQueue, queueCapacity: 10000, scheduler: class org.apache.hadoop.ipc.DefaultRpcScheduler, ipcBackoff: false.
2023-06-27 05:30:03,377 [Socket Reader #1 for port 0] INFO  ipc.Server (Server.java:run(1319)) - Starting Socket Reader #1 for port 0
2023-06-27 05:30:03,378 [Listener at 0.0.0.0/39053] INFO  hdds.HddsUtils (HddsUtils.java:preserveThreadName(848)) - Restoring thread name: main
2023-06-27 05:30:03,386 [main] INFO  ha.SCMServiceManager (SCMServiceManager.java:register(42)) - Registering service ContainerBalancer.
2023-06-27 05:30:03,386 [main] INFO  server.StorageContainerManager (StorageContainerManager.java:<init>(433)) - 
Container Balancer status:
Key                            Value
Running                        false
Container Balancer Configuration values:
Key                                                Value
Threshold                                          10
Max Datanodes to Involve per Iteration(percent)    20
Max Size to Move per Iteration                     500GB
Max Size Entering Target per Iteration             26GB
Max Size Leaving Source per Iteration              26GB

2023-06-27 05:30:03,390 [main] INFO  ha.SCMContext (SCMContext.java:updateSafeModeStatus(228)) - Update SafeModeStatus from SafeModeStatus{safeModeStatus=false, preCheckPassed=true} to SafeModeStatus{safeModeStatus=false, preCheckPassed=true}.
2023-06-27 05:30:03,393 [main] INFO  pipeline.RatisPipelineProvider (RatisPipelineProvider.java:lambda$create$0(206)) - Sending CreatePipelineCommand for pipeline:PipelineID=7019c52a-4d62-4c94-a663-395a2d14be3e to datanode:03e05bff-c728-4d95-a343-4ea9ac082088
2023-06-27 05:30:03,394 [main] INFO  pipeline.RatisPipelineProvider (RatisPipelineProvider.java:lambda$create$0(206)) - Sending CreatePipelineCommand for pipeline:PipelineID=7019c52a-4d62-4c94-a663-395a2d14be3e to datanode:525682cf-cca8-4526-8fd6-0b07381ebc9d
2023-06-27 05:30:03,394 [main] INFO  pipeline.RatisPipelineProvider (RatisPipelineProvider.java:lambda$create$0(206)) - Sending CreatePipelineCommand for pipeline:PipelineID=7019c52a-4d62-4c94-a663-395a2d14be3e to datanode:b6a2e6e2-d8c5-432c-8e29-718fba2fd690
2023-06-27 05:30:03,396 [main] INFO  pipeline.PipelineManagerImpl (PipelineManagerImpl.java:addPipelineToManager(301)) - Added pipeline Pipeline[ Id: 7019c52a-4d62-4c94-a663-395a2d14be3e, Nodes: 03e05bff-c728-4d95-a343-4ea9ac082088(localhost-86.213.106.200/86.213.106.200)525682cf-cca8-4526-8fd6-0b07381ebc9d(localhost-255.219.78.7/255.219.78.7)b6a2e6e2-d8c5-432c-8e29-718fba2fd690(localhost-121.77.36.214/121.77.36.214), ReplicationConfig: RATIS/THREE, State:ALLOCATED, leaderId:, CreationTimestamp2023-06-27T05:30:03.393Z[Etc/UTC]].
2023-06-27 05:30:03,397 [EventQueue-DatanodeCommandForDatanodeCommandHandler] INFO  pipeline.PipelineManagerImpl (PipelineManagerImpl.java:openPipeline(443)) - Pipeline Pipeline[ Id: 7019c52a-4d62-4c94-a663-395a2d14be3e, Nodes: 03e05bff-c728-4d95-a343-4ea9ac082088(localhost-86.213.106.200/86.213.106.200)525682cf-cca8-4526-8fd6-0b07381ebc9d(localhost-255.219.78.7/255.219.78.7)b6a2e6e2-d8c5-432c-8e29-718fba2fd690(localhost-121.77.36.214/121.77.36.214), ReplicationConfig: RATIS/THREE, State:ALLOCATED, leaderId:, CreationTimestamp2023-06-27T05:30:03.393Z[Etc/UTC]] moved to OPEN state
2023-06-27 05:30:03,498 [main] INFO  ha.SequenceIdGenerator (SequenceIdGenerator.java:getNextId(128)) - Allocate a batch for containerId, change lastId from 0 to 1000.
2023-06-27 05:30:03,499 [main] WARN  ha.SequenceIdGenerator (SequenceIdGenerator.java:allocateBatch(237)) - Failed to allocate a batch for localId, expected lastId is 0, actual lastId is 111677748019200000.
2023-06-27 05:30:03,500 [main] INFO  ha.SequenceIdGenerator (SequenceIdGenerator.java:getNextId(128)) - Allocate a batch for localId, change lastId from 111677748019200000 to 111677748019201000.
2023-06-27 05:30:03,500 [main] INFO  server.StorageContainerManager (StorageContainerManager.java:stop(1588)) - Container Balancer is not running.
2023-06-27 05:30:03,500 [main] INFO  server.StorageContainerManager (StorageContainerManager.java:stopReplicationManager(1721)) - Stopping Replication Manager Service.
2023-06-27 05:30:03,501 [main] INFO  replication.ReplicationManager (ReplicationManager.java:stop(319)) - Stopping Replication Monitor Thread.
2023-06-27 05:30:03,501 [Over Replicated Processor] WARN  replication.UnhealthyReplicationProcessor (UnhealthyReplicationProcessor.java:run(180)) - Over Replicated Processor interrupted. Exiting...
2023-06-27 05:30:03,501 [Under Replicated Processor] WARN  replication.UnhealthyReplicationProcessor (UnhealthyReplicationProcessor.java:run(180)) - Under Replicated Processor interrupted. Exiting...
2023-06-27 05:30:03,501 [main] INFO  server.StorageContainerManager (StorageContainerManager.java:stop(1597)) - Stopping the Datanode Admin Monitor.
2023-06-27 05:30:03,503 [ReplicationMonitor] INFO  replication.ReplicationManager (ReplicationManager.java:run(918)) - Replication Monitor Thread is stopped
2023-06-27 05:30:03,503 [main] INFO  server.StorageContainerManager (StorageContainerManager.java:stop(1604)) - Stopping datanode service RPC server
2023-06-27 05:30:03,504 [main] INFO  server.SCMDatanodeProtocolServer (SCMDatanodeProtocolServer.java:stop(424)) - Stopping the RPC server for DataNodes
2023-06-27 05:30:03,504 [main] INFO  ipc.Server (Server.java:stop(3501)) - Stopping server on 39517
2023-06-27 05:30:03,504 [main] INFO  server.StorageContainerManager (StorageContainerManager.java:stop(1612)) - Stopping block service RPC server
2023-06-27 05:30:03,505 [main] INFO  server.SCMBlockProtocolServer (SCMBlockProtocolServer.java:stop(161)) - Stopping the RPC server for Block Protocol
2023-06-27 05:30:03,505 [main] INFO  ipc.Server (Server.java:stop(3501)) - Stopping server on 46533
2023-06-27 05:30:03,505 [main] INFO  server.StorageContainerManager (StorageContainerManager.java:stop(1619)) - Stopping the StorageContainerLocationProtocol RPC server
2023-06-27 05:30:03,505 [main] INFO  server.SCMClientProtocolServer (SCMClientProtocolServer.java:stop(210)) - Stopping the RPC server for Client Protocol
2023-06-27 05:30:03,506 [main] INFO  ipc.Server (Server.java:stop(3501)) - Stopping server on 39053
2023-06-27 05:30:03,506 [main] INFO  server.StorageContainerManager (StorageContainerManager.java:stop(1626)) - Stopping Storage Container Manager HTTP server.
2023-06-27 05:30:03,506 [main] INFO  server.StorageContainerManager (StorageContainerManager.java:stop(1634)) - Stopping SCM LayoutVersionManager Service.
2023-06-27 05:30:03,507 [main] INFO  server.StorageContainerManager (StorageContainerManager.java:stop(1646)) - Stopping Block Manager Service.
2023-06-27 05:30:03,507 [main] INFO  utils.BackgroundService (BackgroundService.java:shutdown(141)) - Shutting down service SCMBlockDeletingService
2023-06-27 05:30:03,507 [main] INFO  utils.BackgroundService (BackgroundService.java:shutdown(141)) - Shutting down service SCMBlockDeletingService
2023-06-27 05:30:03,507 [main] INFO  server.StorageContainerManager (StorageContainerManager.java:stop(1666)) - Stopping SCM Event Queue.
2023-06-27 05:30:03,507 [main] INFO  server.StorageContainerManager (StorageContainerManager.java:stop(1677)) - Stopping SCM HA services.
2023-06-27 05:30:03,508 [main] INFO  pipeline.BackgroundPipelineCreator (BackgroundPipelineCreator.java:stop(149)) - Stopping RatisPipelineUtilsThread.
2023-06-27 05:30:03,509 [RatisPipelineUtilsThread - 0] WARN  pipeline.BackgroundPipelineCreator (BackgroundPipelineCreator.java:run(180)) - RatisPipelineUtilsThread is interrupted.
2023-06-27 05:30:03,509 [BackgroundPipelineScrubberThread] WARN  BackgroundPipelineScrubber (BackgroundSCMService.java:run(115)) - BackgroundPipelineScrubber is interrupted, exit
2023-06-27 05:30:03,509 [main] INFO  BackgroundPipelineScrubber (BackgroundSCMService.java:stop(131)) - Stopping BackgroundPipelineScrubber Service.
2023-06-27 05:30:03,509 [main] INFO  ExpiredContainerReplicaOpScrubber (BackgroundSCMService.java:stop(131)) - Stopping ExpiredContainerReplicaOpScrubber Service.
2023-06-27 05:30:03,509 [ExpiredContainerReplicaOpScrubberThread] WARN  ExpiredContainerReplicaOpScrubber (BackgroundSCMService.java:run(115)) - ExpiredContainerReplicaOpScrubber is interrupted, exit
2023-06-27 05:30:03,509 [main] INFO  utils.BackgroundService (BackgroundService.java:shutdown(141)) - Shutting down service SCMBlockDeletingService
2023-06-27 05:30:03,510 [main] INFO  replication.ReplicationManager (ReplicationManager.java:stop(329)) - Replication Monitor Thread is not running.
2023-06-27 05:30:03,510 [main] WARN  balancer.ContainerBalancer (ContainerBalancer.java:stop(328)) - Cannot stop Container Balancer because it's not running or stopping
2023-06-27 05:30:03,510 [main] INFO  server.StorageContainerManager (StorageContainerManager.java:stop(1712)) - Stopping SCM MetadataStore.
2023-06-27 05:30:03,510 [test-leaseManager-LeaseManager#LeaseMonitor] WARN  lease.LeaseManager (LeaseManager.java:run(272)) - Lease manager is interrupted. Shutting down...
java.lang.InterruptedException
	at java.util.concurrent.locks.AbstractQueuedSynchronizer.doAcquireSharedNanos(AbstractQueuedSynchronizer.java:1039)
	at java.util.concurrent.locks.AbstractQueuedSynchronizer.tryAcquireSharedNanos(AbstractQueuedSynchronizer.java:1328)
	at java.util.concurrent.Semaphore.tryAcquire(Semaphore.java:409)
	at org.apache.hadoop.ozone.lease.LeaseManager$LeaseMonitor.run(LeaseManager.java:270)
	at java.lang.Thread.run(Thread.java:750)
]]></system-out>
  </testcase>
</testsuite>