# JRE version: OpenJDK Runtime Environment (8.0_332-b09) (build 1.8.0_332-b09)
# Java VM: OpenJDK 64-Bit Server VM (25.332-b09 mixed mode linux-amd64 compressed oops)
Heap:
 PSYoungGen      total 510976K, used 218572K [0x00000000d5580000, 0x00000000f7a00000, 0x0000000100000000)
  eden space 492032K, 41% used [0x00000000d5580000,0x00000000e1cbf718,0x00000000f3600000)
  from space 18944K, 76% used [0x00000000f6780000,0x00000000f75b3a58,0x00000000f7a00000)
  to   space 34816K, 0% used [0x00000000f3600000,0x00000000f3600000,0x00000000f5800000)
 ParOldGen       total 100352K, used 54898K [0x0000000080000000, 0x0000000086200000, 0x00000000d5580000)
  object space 100352K, 54% used [0x0000000080000000,0x000000008359cb50,0x0000000086200000)
 Metaspace       used 74618K, capacity 78640K, committed 78936K, reserved 1118208K
  class space    used 8799K, capacity 9471K, committed 9560K, reserved 1048576K
GC Heap History (10 events):
Event: 15.761 GC heap before
{Heap before GC invocations=15 (full 2):
 PSYoungGen      total 306688K, used 78705K [0x00000000d5580000, 0x00000000e9980000, 0x0000000100000000)
  eden space 292864K, 22% used [0x00000000d5580000,0x00000000d94de740,0x00000000e7380000)
  from space 13824K, 99% used [0x00000000e8880000,0x00000000e95fdea8,0x00000000e9600000)
  to   space 19456K, 0% used [0x00000000e7380000,0x00000000e7380000,0x00000000e8680000)
 ParOldGen       total 77312K, used 32812K [0x0000000080000000, 0x0000000084b80000, 0x00000000d5580000)
  object space 77312K, 42% used [0x0000000080000000,0x000000008200b040,0x0000000084b80000)
 Metaspace       used 55807K, capacity 58608K, committed 59028K, reserved 1101824K
  class space    used 6796K, capacity 7289K, committed 7384K, reserved 1048576K
Event: 15.768 GC heap after
Heap after GC invocations=15 (full 2):
 PSYoungGen      total 312320K, used 1368K [0x00000000d5580000, 0x00000000ef680000, 0x0000000100000000)
  eden space 292864K, 0% used [0x00000000d5580000,0x00000000d5580000,0x00000000e7380000)
  from space 19456K, 7% used [0x00000000e7380000,0x00000000e74d63c8,0x00000000e8680000)
  to   space 19456K, 0% used [0x00000000ee380000,0x00000000ee380000,0x00000000ef680000)
 ParOldGen       total 77312K, used 34262K [0x0000000080000000, 0x0000000084b80000, 0x00000000d5580000)
  object space 77312K, 44% used [0x0000000080000000,0x0000000082175808,0x0000000084b80000)
 Metaspace       used 55807K, capacity 58608K, committed 59028K, reserved 1101824K
  class space    used 6796K, capacity 7289K, committed 7384K, reserved 1048576K
}
Event: 15.768 GC heap before
{Heap before GC invocations=16 (full 3):
 PSYoungGen      total 312320K, used 1368K [0x00000000d5580000, 0x00000000ef680000, 0x0000000100000000)
  eden space 292864K, 0% used [0x00000000d5580000,0x00000000d5580000,0x00000000e7380000)
  from space 19456K, 7% used [0x00000000e7380000,0x00000000e74d63c8,0x00000000e8680000)
  to   space 19456K, 0% used [0x00000000ee380000,0x00000000ee380000,0x00000000ef680000)
 ParOldGen       total 77312K, used 34262K [0x0000000080000000, 0x0000000084b80000, 0x00000000d5580000)
  object space 77312K, 44% used [0x0000000080000000,0x0000000082175808,0x0000000084b80000)
 Metaspace       used 55807K, capacity 58608K, committed 59028K, reserved 1101824K
  class space    used 6796K, capacity 7289K, committed 7384K, reserved 1048576K
Event: 15.871 GC heap after
Heap after GC invocations=16 (full 3):
 PSYoungGen      total 312320K, used 0K [0x00000000d5580000, 0x00000000ef680000, 0x0000000100000000)
  eden space 292864K, 0% used [0x00000000d5580000,0x00000000d5580000,0x00000000e7380000)
  from space 19456K, 0% used [0x00000000e7380000,0x00000000e7380000,0x00000000e8680000)
  to   space 19456K, 0% used [0x00000000ee380000,0x00000000ee380000,0x00000000ef680000)
 ParOldGen       total 100352K, used 19457K [0x0000000080000000, 0x0000000086200000, 0x00000000d5580000)
  object space 100352K, 19% used [0x0000000080000000,0x00000000813006e0,0x0000000086200000)
 Metaspace       used 55807K, capacity 58608K, committed 59028K, reserved 1101824K
  class space    used 6796K, capacity 7289K, committed 7384K, reserved 1048576K
}
Event: 16.317 GC heap before
{Heap before GC invocations=17 (full 3):
 PSYoungGen      total 312320K, used 292864K [0x00000000d5580000, 0x00000000ef680000, 0x0000000100000000)
  eden space 292864K, 100% used [0x00000000d5580000,0x00000000e7380000,0x00000000e7380000)
  from space 19456K, 0% used [0x00000000e7380000,0x00000000e7380000,0x00000000e8680000)
  to   space 19456K, 0% used [0x00000000ee380000,0x00000000ee380000,0x00000000ef680000)
 ParOldGen       total 100352K, used 19457K [0x0000000080000000, 0x0000000086200000, 0x00000000d5580000)
  object space 100352K, 19% used [0x0000000080000000,0x00000000813006e0,0x0000000086200000)
 Metaspace       used 56948K, capacity 59814K, committed 60308K, reserved 1101824K
  class space    used 6870K, capacity 7364K, committed 7384K, reserved 1048576K
Event: 16.337 GC heap after
Heap after GC invocations=17 (full 3):
 PSYoungGen      total 392704K, used 19453K [0x00000000d5580000, 0x00000000f1c80000, 0x0000000100000000)
  eden space 373248K, 0% used [0x00000000d5580000,0x00000000d5580000,0x00000000ec200000)
  from space 19456K, 99% used [0x00000000ee380000,0x00000000ef67f558,0x00000000ef680000)
  to   space 34304K, 0% used [0x00000000ec200000,0x00000000ec200000,0x00000000ee380000)
 ParOldGen       total 100352K, used 50879K [0x0000000080000000, 0x0000000086200000, 0x00000000d5580000)
  object space 100352K, 50% used [0x0000000080000000,0x00000000831afc80,0x0000000086200000)
 Metaspace       used 56948K, capacity 59814K, committed 60308K, reserved 1101824K
  class space    used 6870K, capacity 7364K, committed 7384K, reserved 1048576K
}
Event: 17.516 GC heap before
{Heap before GC invocations=18 (full 3):
 PSYoungGen      total 392704K, used 392701K [0x00000000d5580000, 0x00000000f1c80000, 0x0000000100000000)
  eden space 373248K, 100% used [0x00000000d5580000,0x00000000ec200000,0x00000000ec200000)
  from space 19456K, 99% used [0x00000000ee380000,0x00000000ef67f558,0x00000000ef680000)
  to   space 34304K, 0% used [0x00000000ec200000,0x00000000ec200000,0x00000000ee380000)
 ParOldGen       total 100352K, used 50879K [0x0000000080000000, 0x0000000086200000, 0x00000000d5580000)
  object space 100352K, 50% used [0x0000000080000000,0x00000000831afc80,0x0000000086200000)
 Metaspace       used 63152K, capacity 66188K, committed 66648K, reserved 1107968K
  class space    used 7452K, capacity 7959K, committed 8024K, reserved 1048576K
Event: 17.539 GC heap after
Heap after GC invocations=18 (full 3):
 PSYoungGen      total 407552K, used 25325K [0x00000000d5580000, 0x00000000f8b80000, 0x0000000100000000)
  eden space 373248K, 0% used [0x00000000d5580000,0x00000000d5580000,0x00000000ec200000)
  from space 34304K, 73% used [0x00000000ec200000,0x00000000edabb738,0x00000000ee380000)
  to   space 36864K, 0% used [0x00000000f6780000,0x00000000f6780000,0x00000000f8b80000)
 ParOldGen       total 100352K, used 51331K [0x0000000080000000, 0x0000000086200000, 0x00000000d5580000)
  object space 100352K, 51% used [0x0000000080000000,0x0000000083220ef0,0x0000000086200000)
 Metaspace       used 63152K, capacity 66188K, committed 66648K, reserved 1107968K
  class space    used 7452K, capacity 7959K, committed 8024K, reserved 1048576K
}
Event: 24.745 GC heap before
{Heap before GC invocations=19 (full 3):
 PSYoungGen      total 407552K, used 398573K [0x00000000d5580000, 0x00000000f8b80000, 0x0000000100000000)
  eden space 373248K, 100% used [0x00000000d5580000,0x00000000ec200000,0x00000000ec200000)
  from space 34304K, 73% used [0x00000000ec200000,0x00000000edabb738,0x00000000ee380000)
  to   space 36864K, 0% used [0x00000000f6780000,0x00000000f6780000,0x00000000f8b80000)
 ParOldGen       total 100352K, used 51331K [0x0000000080000000, 0x0000000086200000, 0x00000000d5580000)
  object space 100352K, 51% used [0x0000000080000000,0x0000000083220ef0,0x0000000086200000)
 Metaspace       used 70352K, capacity 73888K, committed 74200K, reserved 1114112K
  class space    used 8273K, capacity 8873K, committed 8920K, reserved 1048576K
Event: 24.759 GC heap after
Heap after GC invocations=19 (full 3):
 PSYoungGen      total 510976K, used 14542K [0x00000000d5580000, 0x00000000f7a00000, 0x0000000100000000)
  eden space 492032K, 0% used [0x00000000d5580000,0x00000000d5580000,0x00000000f3600000)
  from space 18944K, 76% used [0x00000000f6780000,0x00000000f75b3a58,0x00000000f7a00000)
  to   space 34816K, 0% used [0x00000000f3600000,0x00000000f3600000,0x00000000f5800000)
 ParOldGen       total 100352K, used 54898K [0x0000000080000000, 0x0000000086200000, 0x00000000d5580000)
  object space 100352K, 54% used [0x0000000080000000,0x000000008359cb50,0x0000000086200000)
 Metaspace       used 70352K, capacity 73888K, committed 74200K, reserved 1114112K
  class space    used 8273K, capacity 8873K, committed 8920K, reserved 1048576K
}

