# JRE version: OpenJDK Runtime Environment (8.0_332-b09) (build 1.8.0_332-b09)
# Java VM: OpenJDK 64-Bit Server VM (25.332-b09 mixed mode linux-amd64 compressed oops)
Heap:
 PSYoungGen      total 558080K, used 441227K [0x00000000d5580000, 0x0000000100000000, 0x0000000100000000)
  eden space 522752K, 78% used [0x00000000d5580000,0x00000000ee8859f0,0x00000000f5400000)
  from space 35328K, 80% used [0x00000000f5400000,0x00000000f6fdd3d8,0x00000000f7680000)
  to   space 38912K, 0% used [0x00000000fda00000,0x00000000fda00000,0x0000000100000000)
 ParOldGen       total 154112K, used 72803K [0x0000000080000000, 0x0000000089680000, 0x00000000d5580000)
  object space 154112K, 47% used [0x0000000080000000,0x0000000084718e98,0x0000000089680000)
 Metaspace       used 74956K, capacity 79036K, committed 79192K, reserved 1118208K
  class space    used 8826K, capacity 9511K, committed 9560K, reserved 1048576K
GC Heap History (10 events):
Event: 17.878 GC heap before
{Heap before GC invocations=15 (full 2):
 PSYoungGen      total 371200K, used 256205K [0x00000000d5580000, 0x00000000ed000000, 0x0000000100000000)
  eden space 359936K, 68% used [0x00000000d5580000,0x00000000e45dd1f0,0x00000000eb500000)
  from space 11264K, 89% used [0x00000000ec500000,0x00000000eced62c0,0x00000000ed000000)
  to   space 13824K, 0% used [0x00000000eb500000,0x00000000eb500000,0x00000000ec280000)
 ParOldGen       total 57856K, used 20780K [0x0000000080000000, 0x0000000083880000, 0x00000000d5580000)
  object space 57856K, 35% used [0x0000000080000000,0x000000008144b3e8,0x0000000083880000)
 Metaspace       used 55756K, capacity 58554K, committed 59028K, reserved 1101824K
  class space    used 6790K, capacity 7292K, committed 7384K, reserved 1048576K
Event: 17.898 GC heap after
Heap after GC invocations=15 (full 2):
 PSYoungGen      total 373760K, used 13821K [0x00000000d5580000, 0x00000000f8900000, 0x0000000100000000)
  eden space 359936K, 0% used [0x00000000d5580000,0x00000000d5580000,0x00000000eb500000)
  from space 13824K, 99% used [0x00000000eb500000,0x00000000ec27f4e8,0x00000000ec280000)
  to   space 18944K, 0% used [0x00000000f7680000,0x00000000f7680000,0x00000000f8900000)
 ParOldGen       total 57856K, used 29467K [0x0000000080000000, 0x0000000083880000, 0x00000000d5580000)
  object space 57856K, 50% used [0x0000000080000000,0x0000000081cc6df8,0x0000000083880000)
 Metaspace       used 55756K, capacity 58554K, committed 59028K, reserved 1101824K
  class space    used 6790K, capacity 7292K, committed 7384K, reserved 1048576K
}
Event: 17.898 GC heap before
{Heap before GC invocations=16 (full 3):
 PSYoungGen      total 373760K, used 13821K [0x00000000d5580000, 0x00000000f8900000, 0x0000000100000000)
  eden space 359936K, 0% used [0x00000000d5580000,0x00000000d5580000,0x00000000eb500000)
  from space 13824K, 99% used [0x00000000eb500000,0x00000000ec27f4e8,0x00000000ec280000)
  to   space 18944K, 0% used [0x00000000f7680000,0x00000000f7680000,0x00000000f8900000)
 ParOldGen       total 57856K, used 29467K [0x0000000080000000, 0x0000000083880000, 0x00000000d5580000)
  object space 57856K, 50% used [0x0000000080000000,0x0000000081cc6df8,0x0000000083880000)
 Metaspace       used 55756K, capacity 58554K, committed 59028K, reserved 1101824K
  class space    used 6790K, capacity 7292K, committed 7384K, reserved 1048576K
Event: 18.027 GC heap after
Heap after GC invocations=16 (full 3):
 PSYoungGen      total 373760K, used 0K [0x00000000d5580000, 0x00000000f8900000, 0x0000000100000000)
  eden space 359936K, 0% used [0x00000000d5580000,0x00000000d5580000,0x00000000eb500000)
  from space 13824K, 0% used [0x00000000eb500000,0x00000000eb500000,0x00000000ec280000)
  to   space 18944K, 0% used [0x00000000f7680000,0x00000000f7680000,0x00000000f8900000)
 ParOldGen       total 91136K, used 36383K [0x0000000080000000, 0x0000000085900000, 0x00000000d5580000)
  object space 91136K, 39% used [0x0000000080000000,0x0000000082387d80,0x0000000085900000)
 Metaspace       used 55756K, capacity 58554K, committed 59028K, reserved 1101824K
  class space    used 6790K, capacity 7292K, committed 7384K, reserved 1048576K
}
Event: 18.859 GC heap before
{Heap before GC invocations=17 (full 3):
 PSYoungGen      total 373760K, used 359936K [0x00000000d5580000, 0x00000000f8900000, 0x0000000100000000)
  eden space 359936K, 100% used [0x00000000d5580000,0x00000000eb500000,0x00000000eb500000)
  from space 13824K, 0% used [0x00000000eb500000,0x00000000eb500000,0x00000000ec280000)
  to   space 18944K, 0% used [0x00000000f7680000,0x00000000f7680000,0x00000000f8900000)
 ParOldGen       total 91136K, used 36383K [0x0000000080000000, 0x0000000085900000, 0x00000000d5580000)
  object space 91136K, 39% used [0x0000000080000000,0x0000000082387d80,0x0000000085900000)
 Metaspace       used 57095K, capacity 59992K, committed 60436K, reserved 1101824K
  class space    used 6886K, capacity 7399K, committed 7512K, reserved 1048576K
Event: 18.897 GC heap after
Heap after GC invocations=17 (full 3):
 PSYoungGen      total 541696K, used 18918K [0x00000000d5580000, 0x00000000fa080000, 0x0000000100000000)
  eden space 522752K, 0% used [0x00000000d5580000,0x00000000d5580000,0x00000000f5400000)
  from space 18944K, 99% used [0x00000000f7680000,0x00000000f88f9bd0,0x00000000f8900000)
  to   space 35328K, 0% used [0x00000000f5400000,0x00000000f5400000,0x00000000f7680000)
 ParOldGen       total 91136K, used 73623K [0x0000000080000000, 0x0000000085900000, 0x00000000d5580000)
  object space 91136K, 80% used [0x0000000080000000,0x00000000847e5d40,0x0000000085900000)
 Metaspace       used 57095K, capacity 59992K, committed 60436K, reserved 1101824K
  class space    used 6886K, capacity 7399K, committed 7512K, reserved 1048576K
}
Event: 18.897 GC heap before
{Heap before GC invocations=18 (full 4):
 PSYoungGen      total 541696K, used 18918K [0x00000000d5580000, 0x00000000fa080000, 0x0000000100000000)
  eden space 522752K, 0% used [0x00000000d5580000,0x00000000d5580000,0x00000000f5400000)
  from space 18944K, 99% used [0x00000000f7680000,0x00000000f88f9bd0,0x00000000f8900000)
  to   space 35328K, 0% used [0x00000000f5400000,0x00000000f5400000,0x00000000f7680000)
 ParOldGen       total 91136K, used 73623K [0x0000000080000000, 0x0000000085900000, 0x00000000d5580000)
  object space 91136K, 80% used [0x0000000080000000,0x00000000847e5d40,0x0000000085900000)
 Metaspace       used 57095K, capacity 59992K, committed 60436K, reserved 1101824K
  class space    used 6886K, capacity 7399K, committed 7512K, reserved 1048576K
Event: 19.024 GC heap after
Heap after GC invocations=18 (full 4):
 PSYoungGen      total 541696K, used 0K [0x00000000d5580000, 0x00000000fa080000, 0x0000000100000000)
  eden space 522752K, 0% used [0x00000000d5580000,0x00000000d5580000,0x00000000f5400000)
  from space 18944K, 0% used [0x00000000f7680000,0x00000000f7680000,0x00000000f8900000)
  to   space 35328K, 0% used [0x00000000f5400000,0x00000000f5400000,0x00000000f7680000)
 ParOldGen       total 154112K, used 72795K [0x0000000080000000, 0x0000000089680000, 0x00000000d5580000)
  object space 154112K, 47% used [0x0000000080000000,0x0000000084716e98,0x0000000089680000)
 Metaspace       used 57095K, capacity 59992K, committed 60436K, reserved 1101824K
  class space    used 6886K, capacity 7399K, committed 7512K, reserved 1048576K
}
Event: 22.885 GC heap before
{Heap before GC invocations=19 (full 4):
 PSYoungGen      total 541696K, used 522752K [0x00000000d5580000, 0x00000000fa080000, 0x0000000100000000)
  eden space 522752K, 100% used [0x00000000d5580000,0x00000000f5400000,0x00000000f5400000)
  from space 18944K, 0% used [0x00000000f7680000,0x00000000f7680000,0x00000000f8900000)
  to   space 35328K, 0% used [0x00000000f5400000,0x00000000f5400000,0x00000000f7680000)
 ParOldGen       total 154112K, used 72795K [0x0000000080000000, 0x0000000089680000, 0x00000000d5580000)
  object space 154112K, 47% used [0x0000000080000000,0x0000000084716e98,0x0000000089680000)
 Metaspace       used 65159K, capacity 68304K, committed 68696K, reserved 1110016K
  class space    used 7663K, capacity 8191K, committed 8280K, reserved 1048576K
Event: 22.909 GC heap after
Heap after GC invocations=19 (full 4):
 PSYoungGen      total 558080K, used 28532K [0x00000000d5580000, 0x0000000100000000, 0x0000000100000000)
  eden space 522752K, 0% used [0x00000000d5580000,0x00000000d5580000,0x00000000f5400000)
  from space 35328K, 80% used [0x00000000f5400000,0x00000000f6fdd3d8,0x00000000f7680000)
  to   space 38912K, 0% used [0x00000000fda00000,0x00000000fda00000,0x0000000100000000)
 ParOldGen       total 154112K, used 72803K [0x0000000080000000, 0x0000000089680000, 0x00000000d5580000)
  object space 154112K, 47% used [0x0000000080000000,0x0000000084718e98,0x0000000089680000)
 Metaspace       used 65159K, capacity 68304K, committed 68696K, reserved 1110016K
  class space    used 7663K, capacity 8191K, committed 8280K, reserved 1048576K
}

