-------------------------------------------------------------------------------
Test set: org.apache.hadoop.hdds.scm.TestSecretKeysApi
-------------------------------------------------------------------------------
Tests run: 4, Failures: 1, Errors: 0, Skipped: 0, Time elapsed: 178.647 s <<< FAILURE! - in org.apache.hadoop.hdds.scm.TestSecretKeysApi
org.apache.hadoop.hdds.scm.TestSecretKeysApi.testSecretKeyApiSuccess  Time elapsed: 70.234 s  <<< FAILURE!
org.opentest4j.AssertionFailedError: expected: <SecretKey(id = b612ddda-0dae-4ac6-bafe-b505e589941f, creation at: 2024-03-20T21:08:46.272Z, expire at: 2024-03-20T21:08:49.272Z)> but was: <SecretKey(id = d17e0349-8f5e-4ce4-9c01-5f576f953aa8, creation at: 2024-03-20T21:08:47.272Z, expire at: 2024-03-20T21:08:50.272Z)>
	at org.junit.jupiter.api.AssertionFailureBuilder.build(AssertionFailureBuilder.java:151)
	at org.junit.jupiter.api.AssertionFailureBuilder.buildAndThrow(AssertionFailureBuilder.java:132)
	at org.junit.jupiter.api.AssertEquals.failNotEqual(AssertEquals.java:197)
	at org.junit.jupiter.api.AssertEquals.assertEquals(AssertEquals.java:182)
	at org.junit.jupiter.api.AssertEquals.assertEquals(AssertEquals.java:177)
	at org.junit.jupiter.api.Assertions.assertEquals(Assertions.java:1145)
	at org.apache.hadoop.hdds.scm.TestSecretKeysApi.testSecretKeyApiSuccess(TestSecretKeysApi.java:210)
	at java.lang.reflect.Method.invoke(Method.java:498)
	at java.util.ArrayList.forEach(ArrayList.java:1259)
	at java.util.ArrayList.forEach(ArrayList.java:1259)

