-------------------------------------------------------------------------------
Test set: org.apache.hadoop.hdds.scm.TestSecretKeysApi
-------------------------------------------------------------------------------
Tests run: 4, Failures: 1, Errors: 0, Skipped: 0, Time elapsed: 188.991 s <<< FAILURE! - in org.apache.hadoop.hdds.scm.TestSecretKeysApi
org.apache.hadoop.hdds.scm.TestSecretKeysApi.testSecretKeyApiSuccess  Time elapsed: 71.059 s  <<< FAILURE!
org.opentest4j.AssertionFailedError: expected: <SecretKey(id = bab241fe-9c3a-4f0c-9a67-3b8c7de0fca8, creation at: 2024-07-06T11:54:12.268Z, expire at: 2024-07-06T11:54:15.268Z)> but was: <SecretKey(id = f61d425c-74f1-427a-8f98-7e90d8f14aff, creation at: 2024-07-06T11:54:13.368Z, expire at: 2024-07-06T11:54:16.368Z)>
	at org.junit.jupiter.api.AssertionFailureBuilder.build(AssertionFailureBuilder.java:151)
	at org.junit.jupiter.api.AssertionFailureBuilder.buildAndThrow(AssertionFailureBuilder.java:132)
	at org.junit.jupiter.api.AssertEquals.failNotEqual(AssertEquals.java:197)
	at org.junit.jupiter.api.AssertEquals.assertEquals(AssertEquals.java:182)
	at org.junit.jupiter.api.AssertEquals.assertEquals(AssertEquals.java:177)
	at org.junit.jupiter.api.Assertions.assertEquals(Assertions.java:1145)
	at org.apache.hadoop.hdds.scm.TestSecretKeysApi.testSecretKeyApiSuccess(TestSecretKeysApi.java:210)
	at java.base/java.lang.reflect.Method.invoke(Method.java:568)
	at java.base/java.util.ArrayList.forEach(ArrayList.java:1511)
	at java.base/java.util.ArrayList.forEach(ArrayList.java:1511)

