# JRE version: OpenJDK Runtime Environment Temurin-17.0.13+11 (17.0.13+11) (build 17.0.13+11)
# Java VM: OpenJDK 64-Bit Server VM Temurin-17.0.13+11 (17.0.13+11, mixed mode, sharing, tiered, compressed oops, compressed class ptrs, g1 gc, linux-amd64)
GC Precious Log:
 CPUs: 4 total, 4 available
 Memory: 15991M
 Large Page Support: Disabled
 NUMA Support: Disabled
 Compressed Oops: Enabled (Zero based)
 Heap Region Size: 4M
 Heap Min Capacity: 8M
 Heap Initial Capacity: 252M
 Heap Max Capacity: 8G
 Pre-touch: Disabled
 Parallel Workers: 4
 Concurrent Workers: 1
 Concurrent Refinement Workers: 4
 Periodic GC: Disabled
Heap:
 garbage-first heap   total 221184K, used 100004K [0x0000000600000000, 0x0000000800000000)
  region size 4096K, 5 young (20480K), 0 survivors (0K)
 Metaspace       used 100681K, committed 101184K, reserved 1179648K
  class space    used 11788K, committed 12032K, reserved 1048576K
GC Heap History (20 events):
Event: 6.026 GC heap before
{Heap before GC invocations=20 (full 0):
 garbage-first heap   total 196608K, used 150500K [0x0000000600000000, 0x0000000800000000)
  region size 4096K, 28 young (114688K), 2 survivors (8192K)
 Metaspace       used 54126K, committed 54400K, reserved 1114112K
  class space    used 6150K, committed 6272K, reserved 1048576K
}
Event: 6.030 GC heap after
{Heap after GC invocations=21 (full 0):
 garbage-first heap   total 262144K, used 44205K [0x0000000600000000, 0x0000000800000000)
  region size 4096K, 2 young (8192K), 2 survivors (8192K)
 Metaspace       used 54126K, committed 54400K, reserved 1114112K
  class space    used 6150K, committed 6272K, reserved 1048576K
}
Event: 6.888 GC heap before
{Heap before GC invocations=21 (full 0):
 garbage-first heap   total 262144K, used 187565K [0x0000000600000000, 0x0000000800000000)
  region size 4096K, 38 young (155648K), 2 survivors (8192K)
 Metaspace       used 61160K, committed 61504K, reserved 1114112K
  class space    used 7081K, committed 7232K, reserved 1048576K
}
Event: 6.894 GC heap after
{Heap after GC invocations=22 (full 0):
 garbage-first heap   total 262144K, used 43622K [0x0000000600000000, 0x0000000800000000)
  region size 4096K, 2 young (8192K), 2 survivors (8192K)
 Metaspace       used 61160K, committed 61504K, reserved 1114112K
  class space    used 7081K, committed 7232K, reserved 1048576K
}
Event: 8.030 GC heap before
{Heap before GC invocations=22 (full 0):
 garbage-first heap   total 262144K, used 129638K [0x0000000600000000, 0x0000000800000000)
  region size 4096K, 24 young (98304K), 2 survivors (8192K)
 Metaspace       used 67719K, committed 68096K, reserved 1114112K
  class space    used 7988K, committed 8192K, reserved 1048576K
}
Event: 8.040 GC heap after
{Heap after GC invocations=23 (full 0):
 garbage-first heap   total 262144K, used 46416K [0x0000000600000000, 0x0000000800000000)
  region size 4096K, 3 young (12288K), 3 survivors (12288K)
 Metaspace       used 67719K, committed 68096K, reserved 1114112K
  class space    used 7988K, committed 8192K, reserved 1048576K
}
Event: 9.271 GC heap before
{Heap before GC invocations=24 (full 0):
 garbage-first heap   total 221184K, used 161104K [0x0000000600000000, 0x0000000800000000)
  region size 4096K, 32 young (131072K), 3 survivors (12288K)
 Metaspace       used 73857K, committed 74240K, reserved 1114112K
  class space    used 8750K, committed 8896K, reserved 1048576K
}
Event: 9.282 GC heap after
{Heap after GC invocations=25 (full 0):
 garbage-first heap   total 221184K, used 51212K [0x0000000600000000, 0x0000000800000000)
  region size 4096K, 4 young (16384K), 4 survivors (16384K)
 Metaspace       used 73857K, committed 74240K, reserved 1114112K
  class space    used 8750K, committed 8896K, reserved 1048576K
}
Event: 11.417 GC heap before
{Heap before GC invocations=26 (full 0):
 garbage-first heap   total 221184K, used 157708K [0x0000000600000000, 0x0000000800000000)
  region size 4096K, 31 young (126976K), 4 survivors (16384K)
 Metaspace       used 75307K, committed 75712K, reserved 1179648K
  class space    used 8884K, committed 9088K, reserved 1048576K
}
Event: 11.425 GC heap after
{Heap after GC invocations=27 (full 0):
 garbage-first heap   total 221184K, used 57718K [0x0000000600000000, 0x0000000800000000)
  region size 4096K, 4 young (16384K), 4 survivors (16384K)
 Metaspace       used 75307K, committed 75712K, reserved 1179648K
  class space    used 8884K, committed 9088K, reserved 1048576K
}
Event: 16.123 GC heap before
{Heap before GC invocations=27 (full 0):
 garbage-first heap   total 221184K, used 160118K [0x0000000600000000, 0x0000000800000000)
  region size 4096K, 30 young (122880K), 4 survivors (16384K)
 Metaspace       used 79929K, committed 80448K, reserved 1179648K
  class space    used 9401K, committed 9664K, reserved 1048576K
}
Event: 16.131 GC heap after
{Heap after GC invocations=28 (full 0):
 garbage-first heap   total 221184K, used 62739K [0x0000000600000000, 0x0000000800000000)
  region size 4096K, 3 young (12288K), 3 survivors (12288K)
 Metaspace       used 79929K, committed 80448K, reserved 1179648K
  class space    used 9401K, committed 9664K, reserved 1048576K
}
Event: 21.865 GC heap before
{Heap before GC invocations=28 (full 0):
 garbage-first heap   total 221184K, used 161043K [0x0000000600000000, 0x0000000800000000)
  region size 4096K, 28 young (114688K), 3 survivors (12288K)
 Metaspace       used 87194K, committed 87680K, reserved 1179648K
  class space    used 10319K, committed 10560K, reserved 1048576K
}
Event: 21.875 GC heap after
{Heap after GC invocations=29 (full 0):
 garbage-first heap   total 221184K, used 69501K [0x0000000600000000, 0x0000000800000000)
  region size 4096K, 3 young (12288K), 3 survivors (12288K)
 Metaspace       used 87194K, committed 87680K, reserved 1179648K
  class space    used 10319K, committed 10560K, reserved 1048576K
}
Event: 22.814 GC heap before
{Heap before GC invocations=29 (full 0):
 garbage-first heap   total 221184K, used 159613K [0x0000000600000000, 0x0000000800000000)
  region size 4096K, 26 young (106496K), 3 survivors (12288K)
 Metaspace       used 91344K, committed 91840K, reserved 1179648K
  class space    used 10692K, committed 10944K, reserved 1048576K
}
Event: 22.821 GC heap after
{Heap after GC invocations=30 (full 0):
 garbage-first heap   total 221184K, used 70841K [0x0000000600000000, 0x0000000800000000)
  region size 4096K, 2 young (8192K), 2 survivors (8192K)
 Metaspace       used 91344K, committed 91840K, reserved 1179648K
  class space    used 10692K, committed 10944K, reserved 1048576K
}
Event: 23.166 GC heap before
{Heap before GC invocations=30 (full 0):
 garbage-first heap   total 221184K, used 165048K [0x0000000600000000, 0x0000000800000000)
  region size 4096K, 26 young (106496K), 2 survivors (8192K)
 Metaspace       used 95687K, committed 96192K, reserved 1179648K
  class space    used 11126K, committed 11328K, reserved 1048576K
}
Event: 23.173 GC heap after
{Heap after GC invocations=31 (full 0):
 garbage-first heap   total 221184K, used 71640K [0x0000000600000000, 0x0000000800000000)
  region size 4096K, 3 young (12288K), 3 survivors (12288K)
 Metaspace       used 95687K, committed 96192K, reserved 1179648K
  class space    used 11126K, committed 11328K, reserved 1048576K
}
Event: 23.345 GC heap before
{Heap before GC invocations=31 (full 0):
 garbage-first heap   total 221184K, used 120792K [0x0000000600000000, 0x0000000800000000)
  region size 4096K, 13 young (53248K), 3 survivors (12288K)
 Metaspace       used 98975K, committed 99456K, reserved 1179648K
  class space    used 11544K, committed 11776K, reserved 1048576K
}
Event: 23.397 GC heap after
{Heap after GC invocations=32 (full 1):
 garbage-first heap   total 221184K, used 83620K [0x0000000600000000, 0x0000000800000000)
  region size 4096K, 0 young (0K), 0 survivors (0K)
 Metaspace       used 98961K, committed 99456K, reserved 1179648K
  class space    used 11543K, committed 11776K, reserved 1048576K
}

