-------------------------------------------------------------------------------
Test set: org.apache.hadoop.fs.ozone.contract.ITestOzoneContractDelete
-------------------------------------------------------------------------------
Tests run: 16, Failures: 1, Errors: 0, Skipped: 0, Time elapsed: 55.825 s <<< FAILURE! - in org.apache.hadoop.fs.ozone.contract.ITestOzoneContractDelete
ITestOzoneContractDelete.testDeleteEmptyDirNonRecursive  Time elapsed: 0.166 s  <<< FAILURE!
java.lang.AssertionError: Deleted file: unexpectedly found o3fs://bucket29507.volume05478/test/testDeleteEmptyDirNonRecursive as  FileStatus{path=o3fs://bucket29507.volume05478/test/testDeleteEmptyDirNonRecursive; isDirectory=true; modification_time=1676579169907; access_time=1676579169907; owner=runner; group=runner; permission=rwxrwxrwx; isSymlink=false; hasAcl=false; isEncrypted=false; isErasureCoded=false}
	at org.junit.Assert.fail(Assert.java:89)
	at org.apache.hadoop.fs.contract.ContractTestUtils.assertPathDoesNotExist(ContractTestUtils.java:1004)
	at org.apache.hadoop.fs.contract.ContractTestUtils.assertDeleted(ContractTestUtils.java:733)
	at org.apache.hadoop.fs.contract.ContractTestUtils.assertDeleted(ContractTestUtils.java:706)
	at org.apache.hadoop.fs.contract.ContractTestUtils.assertDeleted(ContractTestUtils.java:688)
	at org.apache.hadoop.fs.contract.AbstractFSContractTestBase.assertDeleted(AbstractFSContractTestBase.java:372)
	at org.apache.hadoop.fs.contract.AbstractContractDeleteTest.testDeleteEmptyDirNonRecursive(AbstractContractDeleteTest.java:37)
	at sun.reflect.NativeMethodAccessorImpl.invoke0(Native Method)
	at sun.reflect.NativeMethodAccessorImpl.invoke(NativeMethodAccessorImpl.java:62)
	at sun.reflect.DelegatingMethodAccessorImpl.invoke(DelegatingMethodAccessorImpl.java:43)
	at java.lang.reflect.Method.invoke(Method.java:498)
	at org.junit.runners.model.FrameworkMethod$1.runReflectiveCall(FrameworkMethod.java:59)
	at org.junit.internal.runners.model.ReflectiveCallable.run(ReflectiveCallable.java:12)
	at org.junit.runners.model.FrameworkMethod.invokeExplosively(FrameworkMethod.java:56)
	at org.junit.internal.runners.statements.InvokeMethod.evaluate(InvokeMethod.java:17)
	at org.junit.internal.runners.statements.RunBefores.evaluate(RunBefores.java:26)
	at org.junit.internal.runners.statements.RunAfters.evaluate(RunAfters.java:27)
	at org.junit.rules.TestWatcher$1.evaluate(TestWatcher.java:61)
	at org.junit.internal.runners.statements.FailOnTimeout$CallableStatement.call(FailOnTimeout.java:288)
	at org.junit.internal.runners.statements.FailOnTimeout$CallableStatement.call(FailOnTimeout.java:282)
	at java.util.concurrent.FutureTask.run(FutureTask.java:266)
	at java.lang.Thread.run(Thread.java:750)

