# JRE version: OpenJDK Runtime Environment (8.0_372-b07) (build 1.8.0_372-b07)
# Java VM: OpenJDK 64-Bit Server VM (25.372-b07 mixed mode linux-amd64 compressed oops)
Heap:
 PSYoungGen      total 404992K, used 200124K [0x000000076ab00000, 0x000000078ba80000, 0x00000007c0000000)
  eden space 387584K, 47% used [0x000000076ab00000,0x0000000775d723d0,0x0000000782580000)
  from space 17408K, 99% used [0x0000000782580000,0x000000078367ce48,0x0000000783680000)
  to   space 23552K, 0% used [0x000000078a380000,0x000000078a380000,0x000000078ba80000)
 ParOldGen       total 77312K, used 30276K [0x00000006c0000000, 0x00000006c4b80000, 0x000000076ab00000)
  object space 77312K, 39% used [0x00000006c0000000,0x00000006c1d91270,0x00000006c4b80000)
 Metaspace       used 51025K, capacity 52732K, committed 53248K, reserved 1095680K
  class space    used 6033K, capacity 6397K, committed 6400K, reserved 1048576K
GC Heap History (10 events):
Event: 2.873 GC heap before
{Heap before GC invocations=7 (full 1):
 PSYoungGen      total 240128K, used 5775K [0x000000076ab00000, 0x000000077a600000, 0x00000007c0000000)
  eden space 225280K, 0% used [0x000000076ab00000,0x000000076ab00000,0x0000000778700000)
  from space 14848K, 38% used [0x0000000779780000,0x0000000779d23d78,0x000000077a600000)
  to   space 15872K, 0% used [0x0000000778700000,0x0000000778700000,0x0000000779680000)
 ParOldGen       total 75264K, used 16925K [0x00000006c0000000, 0x00000006c4980000, 0x000000076ab00000)
  object space 75264K, 22% used [0x00000006c0000000,0x00000006c1087488,0x00000006c4980000)
 Metaspace       used 20006K, capacity 21094K, committed 21296K, reserved 1069056K
  class space    used 2436K, capacity 2659K, committed 2688K, reserved 1048576K
Event: 2.945 GC heap after
Heap after GC invocations=7 (full 1):
 PSYoungGen      total 240128K, used 0K [0x000000076ab00000, 0x000000077a600000, 0x00000007c0000000)
  eden space 225280K, 0% used [0x000000076ab00000,0x000000076ab00000,0x0000000778700000)
  from space 14848K, 0% used [0x0000000779780000,0x0000000779780000,0x000000077a600000)
  to   space 15872K, 0% used [0x0000000778700000,0x0000000778700000,0x0000000779680000)
 ParOldGen       total 64512K, used 19634K [0x00000006c0000000, 0x00000006c3f00000, 0x000000076ab00000)
  object space 64512K, 30% used [0x00000006c0000000,0x00000006c132ca48,0x00000006c3f00000)
 Metaspace       used 20006K, capacity 21094K, committed 21296K, reserved 1069056K
  class space    used 2436K, capacity 2659K, committed 2688K, reserved 1048576K
}
Event: 4.957 GC heap before
{Heap before GC invocations=8 (full 1):
 PSYoungGen      total 240128K, used 220128K [0x000000076ab00000, 0x000000077a600000, 0x00000007c0000000)
  eden space 225280K, 97% used [0x000000076ab00000,0x00000007781f8178,0x0000000778700000)
  from space 14848K, 0% used [0x0000000779780000,0x0000000779780000,0x000000077a600000)
  to   space 15872K, 0% used [0x0000000778700000,0x0000000778700000,0x0000000779680000)
 ParOldGen       total 64512K, used 19634K [0x00000006c0000000, 0x00000006c3f00000, 0x000000076ab00000)
  object space 64512K, 30% used [0x00000006c0000000,0x00000006c132ca48,0x00000006c3f00000)
 Metaspace       used 33741K, capacity 35210K, committed 35456K, reserved 1081344K
  class space    used 4150K, capacity 4446K, committed 4480K, reserved 1048576K
Event: 4.986 GC heap after
Heap after GC invocations=8 (full 1):
 PSYoungGen      total 241152K, used 15245K [0x000000076ab00000, 0x0000000785080000, 0x00000007c0000000)
  eden space 225280K, 0% used [0x000000076ab00000,0x000000076ab00000,0x0000000778700000)
  from space 15872K, 96% used [0x0000000778700000,0x00000007795e36b0,0x0000000779680000)
  to   space 18432K, 0% used [0x0000000783e80000,0x0000000783e80000,0x0000000785080000)
 ParOldGen       total 64512K, used 19706K [0x00000006c0000000, 0x00000006c3f00000, 0x000000076ab00000)
  object space 64512K, 30% used [0x00000006c0000000,0x00000006c133ea58,0x00000006c3f00000)
 Metaspace       used 33741K, capacity 35210K, committed 35456K, reserved 1081344K
  class space    used 4150K, capacity 4446K, committed 4480K, reserved 1048576K
}
Event: 4.986 GC heap before
{Heap before GC invocations=9 (full 2):
 PSYoungGen      total 241152K, used 15245K [0x000000076ab00000, 0x0000000785080000, 0x00000007c0000000)
  eden space 225280K, 0% used [0x000000076ab00000,0x000000076ab00000,0x0000000778700000)
  from space 15872K, 96% used [0x0000000778700000,0x00000007795e36b0,0x0000000779680000)
  to   space 18432K, 0% used [0x0000000783e80000,0x0000000783e80000,0x0000000785080000)
 ParOldGen       total 64512K, used 19706K [0x00000006c0000000, 0x00000006c3f00000, 0x000000076ab00000)
  object space 64512K, 30% used [0x00000006c0000000,0x00000006c133ea58,0x00000006c3f00000)
 Metaspace       used 33741K, capacity 35210K, committed 35456K, reserved 1081344K
  class space    used 4150K, capacity 4446K, committed 4480K, reserved 1048576K
Event: 5.085 GC heap after
Heap after GC invocations=9 (full 2):
 PSYoungGen      total 241152K, used 0K [0x000000076ab00000, 0x0000000785080000, 0x00000007c0000000)
  eden space 225280K, 0% used [0x000000076ab00000,0x000000076ab00000,0x0000000778700000)
  from space 15872K, 0% used [0x0000000778700000,0x0000000778700000,0x0000000779680000)
  to   space 18432K, 0% used [0x0000000783e80000,0x0000000783e80000,0x0000000785080000)
 ParOldGen       total 77312K, used 21695K [0x00000006c0000000, 0x00000006c4b80000, 0x000000076ab00000)
  object space 77312K, 28% used [0x00000006c0000000,0x00000006c152ffc0,0x00000006c4b80000)
 Metaspace       used 33741K, capacity 35210K, committed 35456K, reserved 1081344K
  class space    used 4150K, capacity 4446K, committed 4480K, reserved 1048576K
}
Event: 6.135 GC heap before
{Heap before GC invocations=10 (full 2):
 PSYoungGen      total 241152K, used 225280K [0x000000076ab00000, 0x0000000785080000, 0x00000007c0000000)
  eden space 225280K, 100% used [0x000000076ab00000,0x0000000778700000,0x0000000778700000)
  from space 15872K, 0% used [0x0000000778700000,0x0000000778700000,0x0000000779680000)
  to   space 18432K, 0% used [0x0000000783e80000,0x0000000783e80000,0x0000000785080000)
 ParOldGen       total 77312K, used 21695K [0x00000006c0000000, 0x00000006c4b80000, 0x000000076ab00000)
  object space 77312K, 28% used [0x00000006c0000000,0x00000006c152ffc0,0x00000006c4b80000)
 Metaspace       used 40279K, capacity 41848K, committed 42112K, reserved 1085440K
  class space    used 4906K, capacity 5215K, committed 5248K, reserved 1048576K
Event: 6.145 GC heap after
Heap after GC invocations=10 (full 2):
 PSYoungGen      total 374272K, used 8849K [0x000000076ab00000, 0x0000000784780000, 0x00000007c0000000)
  eden space 365056K, 0% used [0x000000076ab00000,0x000000076ab00000,0x0000000780f80000)
  from space 9216K, 96% used [0x0000000783e80000,0x0000000784724578,0x0000000784780000)
  to   space 17408K, 0% used [0x0000000782580000,0x0000000782580000,0x0000000783680000)
 ParOldGen       total 77312K, used 21703K [0x00000006c0000000, 0x00000006c4b80000, 0x000000076ab00000)
  object space 77312K, 28% used [0x00000006c0000000,0x00000006c1531fc0,0x00000006c4b80000)
 Metaspace       used 40279K, capacity 41848K, committed 42112K, reserved 1085440K
  class space    used 4906K, capacity 5215K, committed 5248K, reserved 1048576K
}
Event: 7.387 GC heap before
{Heap before GC invocations=11 (full 2):
 PSYoungGen      total 374272K, used 373905K [0x000000076ab00000, 0x0000000784780000, 0x00000007c0000000)
  eden space 365056K, 100% used [0x000000076ab00000,0x0000000780f80000,0x0000000780f80000)
  from space 9216K, 96% used [0x0000000783e80000,0x0000000784724578,0x0000000784780000)
  to   space 17408K, 0% used [0x0000000782580000,0x0000000782580000,0x0000000783680000)
 ParOldGen       total 77312K, used 21703K [0x00000006c0000000, 0x00000006c4b80000, 0x000000076ab00000)
  object space 77312K, 28% used [0x00000006c0000000,0x00000006c1531fc0,0x00000006c4b80000)
 Metaspace       used 47408K, capacity 49080K, committed 49664K, reserved 1093632K
  class space    used 5699K, capacity 6033K, committed 6144K, reserved 1048576K
Event: 7.420 GC heap after
Heap after GC invocations=11 (full 2):
 PSYoungGen      total 404992K, used 17395K [0x000000076ab00000, 0x000000078ba80000, 0x00000007c0000000)
  eden space 387584K, 0% used [0x000000076ab00000,0x000000076ab00000,0x0000000782580000)
  from space 17408K, 99% used [0x0000000782580000,0x000000078367ce48,0x0000000783680000)
  to   space 23552K, 0% used [0x000000078a380000,0x000000078a380000,0x000000078ba80000)
 ParOldGen       total 77312K, used 30276K [0x00000006c0000000, 0x00000006c4b80000, 0x000000076ab00000)
  object space 77312K, 39% used [0x00000006c0000000,0x00000006c1d91270,0x00000006c4b80000)
 Metaspace       used 47408K, capacity 49080K, committed 49664K, reserved 1093632K
  class space    used 5699K, capacity 6033K, committed 6144K, reserved 1048576K
}

