# JRE version: OpenJDK Runtime Environment (8.0_372-b07) (build 1.8.0_372-b07)
# Java VM: OpenJDK 64-Bit Server VM (25.372-b07 mixed mode linux-amd64 compressed oops)
Heap:
 PSYoungGen      total 224768K, used 168448K [0x000000076ab00000, 0x000000077d200000, 0x00000007c0000000)
  eden space 209920K, 73% used [0x000000076ab00000,0x0000000774100748,0x0000000777800000)
  from space 14848K, 99% used [0x0000000777800000,0x000000077867f910,0x0000000778680000)
  to   space 19968K, 0% used [0x000000077be80000,0x000000077be80000,0x000000077d200000)
 ParOldGen       total 87040K, used 26607K [0x00000006c0000000, 0x00000006c5500000, 0x000000076ab00000)
  object space 87040K, 30% used [0x00000006c0000000,0x00000006c19fbd50,0x00000006c5500000)
 Metaspace       used 51030K, capacity 52768K, committed 53248K, reserved 1095680K
  class space    used 6041K, capacity 6395K, committed 6400K, reserved 1048576K
GC Heap History (10 events):
Event: 4.319 GC heap before
{Heap before GC invocations=9 (full 1):
 PSYoungGen      total 119296K, used 109568K [0x000000076ab00000, 0x0000000779c00000, 0x00000007c0000000)
  eden space 109568K, 100% used [0x000000076ab00000,0x0000000771600000,0x0000000771600000)
  from space 9728K, 0% used [0x0000000771600000,0x0000000771600000,0x0000000771f80000)
  to   space 13824K, 0% used [0x0000000778e80000,0x0000000778e80000,0x0000000779c00000)
 ParOldGen       total 61440K, used 14799K [0x00000006c0000000, 0x00000006c3c00000, 0x000000076ab00000)
  object space 61440K, 24% used [0x00000006c0000000,0x00000006c0e73dc0,0x00000006c3c00000)
 Metaspace       used 28948K, capacity 30322K, committed 30464K, reserved 1075200K
  class space    used 3558K, capacity 3826K, committed 3840K, reserved 1048576K
Event: 4.330 GC heap after
Heap after GC invocations=9 (full 1):
 PSYoungGen      total 173056K, used 9217K [0x000000076ab00000, 0x0000000779800000, 0x00000007c0000000)
  eden space 163328K, 0% used [0x000000076ab00000,0x000000076ab00000,0x0000000774a80000)
  from space 9728K, 94% used [0x0000000778e80000,0x00000007797807a0,0x0000000779800000)
  to   space 14336K, 0% used [0x0000000777c00000,0x0000000777c00000,0x0000000778a00000)
 ParOldGen       total 61440K, used 14807K [0x00000006c0000000, 0x00000006c3c00000, 0x000000076ab00000)
  object space 61440K, 24% used [0x00000006c0000000,0x00000006c0e75dc0,0x00000006c3c00000)
 Metaspace       used 28948K, capacity 30322K, committed 30464K, reserved 1075200K
  class space    used 3558K, capacity 3826K, committed 3840K, reserved 1048576K
}
Event: 4.993 GC heap before
{Heap before GC invocations=10 (full 1):
 PSYoungGen      total 173056K, used 121466K [0x000000076ab00000, 0x0000000779800000, 0x00000007c0000000)
  eden space 163328K, 68% used [0x000000076ab00000,0x000000077189e360,0x0000000774a80000)
  from space 9728K, 94% used [0x0000000778e80000,0x00000007797807a0,0x0000000779800000)
  to   space 14336K, 0% used [0x0000000777c00000,0x0000000777c00000,0x0000000778a00000)
 ParOldGen       total 61440K, used 14807K [0x00000006c0000000, 0x00000006c3c00000, 0x000000076ab00000)
  object space 61440K, 24% used [0x00000006c0000000,0x00000006c0e75dc0,0x00000006c3c00000)
 Metaspace       used 33845K, capacity 35252K, committed 35456K, reserved 1081344K
  class space    used 4167K, capacity 4445K, committed 4480K, reserved 1048576K
Event: 5.006 GC heap after
Heap after GC invocations=10 (full 1):
 PSYoungGen      total 219648K, used 10578K [0x000000076ab00000, 0x0000000779400000, 0x00000007c0000000)
  eden space 208896K, 0% used [0x000000076ab00000,0x000000076ab00000,0x0000000777700000)
  from space 10752K, 98% used [0x0000000777c00000,0x00000007786548b0,0x0000000778680000)
  to   space 13824K, 0% used [0x0000000778680000,0x0000000778680000,0x0000000779400000)
 ParOldGen       total 61440K, used 14879K [0x00000006c0000000, 0x00000006c3c00000, 0x000000076ab00000)
  object space 61440K, 24% used [0x00000006c0000000,0x00000006c0e87dd0,0x00000006c3c00000)
 Metaspace       used 33845K, capacity 35252K, committed 35456K, reserved 1081344K
  class space    used 4167K, capacity 4445K, committed 4480K, reserved 1048576K
}
Event: 5.006 GC heap before
{Heap before GC invocations=11 (full 2):
 PSYoungGen      total 219648K, used 10578K [0x000000076ab00000, 0x0000000779400000, 0x00000007c0000000)
  eden space 208896K, 0% used [0x000000076ab00000,0x000000076ab00000,0x0000000777700000)
  from space 10752K, 98% used [0x0000000777c00000,0x00000007786548b0,0x0000000778680000)
  to   space 13824K, 0% used [0x0000000778680000,0x0000000778680000,0x0000000779400000)
 ParOldGen       total 61440K, used 14879K [0x00000006c0000000, 0x00000006c3c00000, 0x000000076ab00000)
  object space 61440K, 24% used [0x00000006c0000000,0x00000006c0e87dd0,0x00000006c3c00000)
 Metaspace       used 33845K, capacity 35252K, committed 35456K, reserved 1081344K
  class space    used 4167K, capacity 4445K, committed 4480K, reserved 1048576K
Event: 5.085 GC heap after
Heap after GC invocations=11 (full 2):
 PSYoungGen      total 219648K, used 0K [0x000000076ab00000, 0x0000000779400000, 0x00000007c0000000)
  eden space 208896K, 0% used [0x000000076ab00000,0x000000076ab00000,0x0000000777700000)
  from space 10752K, 0% used [0x0000000777c00000,0x0000000777c00000,0x0000000778680000)
  to   space 13824K, 0% used [0x0000000778680000,0x0000000778680000,0x0000000779400000)
 ParOldGen       total 87040K, used 17351K [0x00000006c0000000, 0x00000006c5500000, 0x000000076ab00000)
  object space 87040K, 19% used [0x00000006c0000000,0x00000006c10f1c40,0x00000006c5500000)
 Metaspace       used 33845K, capacity 35252K, committed 35456K, reserved 1081344K
  class space    used 4167K, capacity 4445K, committed 4480K, reserved 1048576K
}
Event: 6.024 GC heap before
{Heap before GC invocations=12 (full 2):
 PSYoungGen      total 219648K, used 208896K [0x000000076ab00000, 0x0000000779400000, 0x00000007c0000000)
  eden space 208896K, 100% used [0x000000076ab00000,0x0000000777700000,0x0000000777700000)
  from space 10752K, 0% used [0x0000000777c00000,0x0000000777c00000,0x0000000778680000)
  to   space 13824K, 0% used [0x0000000778680000,0x0000000778680000,0x0000000779400000)
 ParOldGen       total 87040K, used 17351K [0x00000006c0000000, 0x00000006c5500000, 0x000000076ab00000)
  object space 87040K, 19% used [0x00000006c0000000,0x00000006c10f1c40,0x00000006c5500000)
 Metaspace       used 40265K, capacity 41788K, committed 42112K, reserved 1085440K
  class space    used 4907K, capacity 5207K, committed 5248K, reserved 1048576K
Event: 6.039 GC heap after
Heap after GC invocations=12 (full 2):
 PSYoungGen      total 223744K, used 8617K [0x000000076ab00000, 0x000000077c600000, 0x00000007c0000000)
  eden space 209920K, 0% used [0x000000076ab00000,0x000000076ab00000,0x0000000777800000)
  from space 13824K, 62% used [0x0000000778680000,0x0000000778eea600,0x0000000779400000)
  to   space 14848K, 0% used [0x0000000777800000,0x0000000777800000,0x0000000778680000)
 ParOldGen       total 87040K, used 17359K [0x00000006c0000000, 0x00000006c5500000, 0x000000076ab00000)
  object space 87040K, 19% used [0x00000006c0000000,0x00000006c10f3c40,0x00000006c5500000)
 Metaspace       used 40265K, capacity 41788K, committed 42112K, reserved 1085440K
  class space    used 4907K, capacity 5207K, committed 5248K, reserved 1048576K
}
Event: 7.023 GC heap before
{Heap before GC invocations=13 (full 2):
 PSYoungGen      total 223744K, used 218537K [0x000000076ab00000, 0x000000077c600000, 0x00000007c0000000)
  eden space 209920K, 100% used [0x000000076ab00000,0x0000000777800000,0x0000000777800000)
  from space 13824K, 62% used [0x0000000778680000,0x0000000778eea600,0x0000000779400000)
  to   space 14848K, 0% used [0x0000000777800000,0x0000000777800000,0x0000000778680000)
 ParOldGen       total 87040K, used 17359K [0x00000006c0000000, 0x00000006c5500000, 0x000000076ab00000)
  object space 87040K, 19% used [0x00000006c0000000,0x00000006c10f3c40,0x00000006c5500000)
 Metaspace       used 45993K, capacity 47624K, committed 48000K, reserved 1091584K
  class space    used 5563K, capacity 5897K, committed 6016K, reserved 1048576K
Event: 7.048 GC heap after
Heap after GC invocations=13 (full 2):
 PSYoungGen      total 224768K, used 14846K [0x000000076ab00000, 0x000000077d200000, 0x00000007c0000000)
  eden space 209920K, 0% used [0x000000076ab00000,0x000000076ab00000,0x0000000777800000)
  from space 14848K, 99% used [0x0000000777800000,0x000000077867f910,0x0000000778680000)
  to   space 19968K, 0% used [0x000000077be80000,0x000000077be80000,0x000000077d200000)
 ParOldGen       total 87040K, used 26607K [0x00000006c0000000, 0x00000006c5500000, 0x000000076ab00000)
  object space 87040K, 30% used [0x00000006c0000000,0x00000006c19fbd50,0x00000006c5500000)
 Metaspace       used 45993K, capacity 47624K, committed 48000K, reserved 1091584K
  class space    used 5563K, capacity 5897K, committed 6016K, reserved 1048576K
}

