# JRE version: OpenJDK Runtime Environment (8.0_372-b07) (build 1.8.0_372-b07)
# Java VM: OpenJDK 64-Bit Server VM (25.372-b07 mixed mode linux-amd64 compressed oops)
Heap:
 PSYoungGen      total 230912K, used 177909K [0x000000076ab00000, 0x000000077db00000, 0x00000007c0000000)
  eden space 216064K, 75% used [0x000000076ab00000,0x0000000774a3efd8,0x0000000777e00000)
  from space 14848K, 99% used [0x0000000777e00000,0x0000000778c7e500,0x0000000778c80000)
  to   space 20480K, 0% used [0x000000077c700000,0x000000077c700000,0x000000077db00000)
 ParOldGen       total 86016K, used 27091K [0x00000006c0000000, 0x00000006c5400000, 0x000000076ab00000)
  object space 86016K, 31% used [0x00000006c0000000,0x00000006c1a74d18,0x00000006c5400000)
 Metaspace       used 50870K, capacity 52556K, committed 52992K, reserved 1095680K
  class space    used 6017K, capacity 6373K, committed 6400K, reserved 1048576K
GC Heap History (10 events):
Event: 4.183 GC heap before
{Heap before GC invocations=9 (full 1):
 PSYoungGen      total 119296K, used 109568K [0x000000076ab00000, 0x0000000779c00000, 0x00000007c0000000)
  eden space 109568K, 100% used [0x000000076ab00000,0x0000000771600000,0x0000000771600000)
  from space 9728K, 0% used [0x0000000771600000,0x0000000771600000,0x0000000771f80000)
  to   space 13824K, 0% used [0x0000000778e80000,0x0000000778e80000,0x0000000779c00000)
 ParOldGen       total 60928K, used 14833K [0x00000006c0000000, 0x00000006c3b80000, 0x000000076ab00000)
  object space 60928K, 24% used [0x00000006c0000000,0x00000006c0e7c7c8,0x00000006c3b80000)
 Metaspace       used 28855K, capacity 30178K, committed 30464K, reserved 1075200K
  class space    used 3537K, capacity 3806K, committed 3840K, reserved 1048576K
Event: 4.201 GC heap after
Heap after GC invocations=9 (full 1):
 PSYoungGen      total 175616K, used 9233K [0x000000076ab00000, 0x0000000779800000, 0x00000007c0000000)
  eden space 165888K, 0% used [0x000000076ab00000,0x000000076ab00000,0x0000000774d00000)
  from space 9728K, 94% used [0x0000000778e80000,0x0000000779784438,0x0000000779800000)
  to   space 14336K, 0% used [0x0000000777c00000,0x0000000777c00000,0x0000000778a00000)
 ParOldGen       total 60928K, used 14841K [0x00000006c0000000, 0x00000006c3b80000, 0x000000076ab00000)
  object space 60928K, 24% used [0x00000006c0000000,0x00000006c0e7e7c8,0x00000006c3b80000)
 Metaspace       used 28855K, capacity 30178K, committed 30464K, reserved 1075200K
  class space    used 3537K, capacity 3806K, committed 3840K, reserved 1048576K
}
Event: 4.835 GC heap before
{Heap before GC invocations=10 (full 1):
 PSYoungGen      total 175616K, used 125284K [0x000000076ab00000, 0x0000000779800000, 0x00000007c0000000)
  eden space 165888K, 69% used [0x000000076ab00000,0x0000000771c54cc0,0x0000000774d00000)
  from space 9728K, 94% used [0x0000000778e80000,0x0000000779784438,0x0000000779800000)
  to   space 14336K, 0% used [0x0000000777c00000,0x0000000777c00000,0x0000000778a00000)
 ParOldGen       total 60928K, used 14841K [0x00000006c0000000, 0x00000006c3b80000, 0x000000076ab00000)
  object space 60928K, 24% used [0x00000006c0000000,0x00000006c0e7e7c8,0x00000006c3b80000)
 Metaspace       used 33827K, capacity 35238K, committed 35456K, reserved 1081344K
  class space    used 4155K, capacity 4424K, committed 4480K, reserved 1048576K
Event: 4.848 GC heap after
Heap after GC invocations=10 (full 1):
 PSYoungGen      total 228352K, used 10751K [0x000000076ab00000, 0x0000000779b00000, 0x00000007c0000000)
  eden space 214016K, 0% used [0x000000076ab00000,0x000000076ab00000,0x0000000777c00000)
  from space 14336K, 74% used [0x0000000777c00000,0x000000077867ffb0,0x0000000778a00000)
  to   space 14848K, 0% used [0x0000000778c80000,0x0000000778c80000,0x0000000779b00000)
 ParOldGen       total 60928K, used 14913K [0x00000006c0000000, 0x00000006c3b80000, 0x000000076ab00000)
  object space 60928K, 24% used [0x00000006c0000000,0x00000006c0e907d8,0x00000006c3b80000)
 Metaspace       used 33827K, capacity 35238K, committed 35456K, reserved 1081344K
  class space    used 4155K, capacity 4424K, committed 4480K, reserved 1048576K
}
Event: 4.848 GC heap before
{Heap before GC invocations=11 (full 2):
 PSYoungGen      total 228352K, used 10751K [0x000000076ab00000, 0x0000000779b00000, 0x00000007c0000000)
  eden space 214016K, 0% used [0x000000076ab00000,0x000000076ab00000,0x0000000777c00000)
  from space 14336K, 74% used [0x0000000777c00000,0x000000077867ffb0,0x0000000778a00000)
  to   space 14848K, 0% used [0x0000000778c80000,0x0000000778c80000,0x0000000779b00000)
 ParOldGen       total 60928K, used 14913K [0x00000006c0000000, 0x00000006c3b80000, 0x000000076ab00000)
  object space 60928K, 24% used [0x00000006c0000000,0x00000006c0e907d8,0x00000006c3b80000)
 Metaspace       used 33827K, capacity 35238K, committed 35456K, reserved 1081344K
  class space    used 4155K, capacity 4424K, committed 4480K, reserved 1048576K
Event: 4.919 GC heap after
Heap after GC invocations=11 (full 2):
 PSYoungGen      total 228352K, used 0K [0x000000076ab00000, 0x0000000779b00000, 0x00000007c0000000)
  eden space 214016K, 0% used [0x000000076ab00000,0x000000076ab00000,0x0000000777c00000)
  from space 14336K, 0% used [0x0000000777c00000,0x0000000777c00000,0x0000000778a00000)
  to   space 14848K, 0% used [0x0000000778c80000,0x0000000778c80000,0x0000000779b00000)
 ParOldGen       total 86016K, used 17490K [0x00000006c0000000, 0x00000006c5400000, 0x000000076ab00000)
  object space 86016K, 20% used [0x00000006c0000000,0x00000006c11149c0,0x00000006c5400000)
 Metaspace       used 33827K, capacity 35238K, committed 35456K, reserved 1081344K
  class space    used 4155K, capacity 4424K, committed 4480K, reserved 1048576K
}
Event: 5.922 GC heap before
{Heap before GC invocations=12 (full 2):
 PSYoungGen      total 228352K, used 214016K [0x000000076ab00000, 0x0000000779b00000, 0x00000007c0000000)
  eden space 214016K, 100% used [0x000000076ab00000,0x0000000777c00000,0x0000000777c00000)
  from space 14336K, 0% used [0x0000000777c00000,0x0000000777c00000,0x0000000778a00000)
  to   space 14848K, 0% used [0x0000000778c80000,0x0000000778c80000,0x0000000779b00000)
 ParOldGen       total 86016K, used 17490K [0x00000006c0000000, 0x00000006c5400000, 0x000000076ab00000)
  object space 86016K, 20% used [0x00000006c0000000,0x00000006c11149c0,0x00000006c5400000)
 Metaspace       used 40181K, capacity 41704K, committed 42112K, reserved 1085440K
  class space    used 4883K, capacity 5185K, committed 5248K, reserved 1048576K
Event: 5.931 GC heap after
Heap after GC invocations=12 (full 2):
 PSYoungGen      total 230912K, used 8610K [0x000000076ab00000, 0x000000077cc80000, 0x00000007c0000000)
  eden space 216064K, 0% used [0x000000076ab00000,0x000000076ab00000,0x0000000777e00000)
  from space 14848K, 57% used [0x0000000778c80000,0x00000007794e8bc0,0x0000000779b00000)
  to   space 14848K, 0% used [0x0000000777e00000,0x0000000777e00000,0x0000000778c80000)
 ParOldGen       total 86016K, used 17498K [0x00000006c0000000, 0x00000006c5400000, 0x000000076ab00000)
  object space 86016K, 20% used [0x00000006c0000000,0x00000006c11169c0,0x00000006c5400000)
 Metaspace       used 40181K, capacity 41704K, committed 42112K, reserved 1085440K
  class space    used 4883K, capacity 5185K, committed 5248K, reserved 1048576K
}
Event: 6.911 GC heap before
{Heap before GC invocations=13 (full 2):
 PSYoungGen      total 230912K, used 224674K [0x000000076ab00000, 0x000000077cc80000, 0x00000007c0000000)
  eden space 216064K, 100% used [0x000000076ab00000,0x0000000777e00000,0x0000000777e00000)
  from space 14848K, 57% used [0x0000000778c80000,0x00000007794e8bc0,0x0000000779b00000)
  to   space 14848K, 0% used [0x0000000777e00000,0x0000000777e00000,0x0000000778c80000)
 ParOldGen       total 86016K, used 17498K [0x00000006c0000000, 0x00000006c5400000, 0x000000076ab00000)
  object space 86016K, 20% used [0x00000006c0000000,0x00000006c11169c0,0x00000006c5400000)
 Metaspace       used 45818K, capacity 47380K, committed 47616K, reserved 1091584K
  class space    used 5536K, capacity 5843K, committed 5888K, reserved 1048576K
Event: 6.934 GC heap after
Heap after GC invocations=13 (full 2):
 PSYoungGen      total 230912K, used 14841K [0x000000076ab00000, 0x000000077db00000, 0x00000007c0000000)
  eden space 216064K, 0% used [0x000000076ab00000,0x000000076ab00000,0x0000000777e00000)
  from space 14848K, 99% used [0x0000000777e00000,0x0000000778c7e500,0x0000000778c80000)
  to   space 20480K, 0% used [0x000000077c700000,0x000000077c700000,0x000000077db00000)
 ParOldGen       total 86016K, used 27091K [0x00000006c0000000, 0x00000006c5400000, 0x000000076ab00000)
  object space 86016K, 31% used [0x00000006c0000000,0x00000006c1a74d18,0x00000006c5400000)
 Metaspace       used 45818K, capacity 47380K, committed 47616K, reserved 1091584K
  class space    used 5536K, capacity 5843K, committed 5888K, reserved 1048576K
}

