# JRE version: OpenJDK Runtime Environment (8.0_372-b07) (build 1.8.0_372-b07)
# Java VM: OpenJDK 64-Bit Server VM (25.372-b07 mixed mode linux-amd64 compressed oops)
Heap:
 PSYoungGen      total 227840K, used 181989K [0x000000076ab00000, 0x000000077d300000, 0x00000007c0000000)
  eden space 212992K, 78% used [0x000000076ab00000,0x0000000774e3b420,0x0000000777b00000)
  from space 14848K, 99% used [0x0000000777b00000,0x000000077897e250,0x0000000778980000)
  to   space 20480K, 0% used [0x000000077bf00000,0x000000077bf00000,0x000000077d300000)
 ParOldGen       total 86528K, used 27005K [0x00000006c0000000, 0x00000006c5480000, 0x000000076ab00000)
  object space 86528K, 31% used [0x00000006c0000000,0x00000006c1a5f4e0,0x00000006c5480000)
 Metaspace       used 50872K, capacity 52564K, committed 52992K, reserved 1095680K
  class space    used 6018K, capacity 6373K, committed 6400K, reserved 1048576K
GC Heap History (10 events):
Event: 4.014 GC heap before
{Heap before GC invocations=9 (full 1):
 PSYoungGen      total 118784K, used 109568K [0x000000076ab00000, 0x0000000779c00000, 0x00000007c0000000)
  eden space 109568K, 100% used [0x000000076ab00000,0x0000000771600000,0x0000000771600000)
  from space 9216K, 0% used [0x0000000771600000,0x0000000771600000,0x0000000771f00000)
  to   space 13824K, 0% used [0x0000000778e80000,0x0000000778e80000,0x0000000779c00000)
 ParOldGen       total 61440K, used 14832K [0x00000006c0000000, 0x00000006c3c00000, 0x000000076ab00000)
  object space 61440K, 24% used [0x00000006c0000000,0x00000006c0e7c3a8,0x00000006c3c00000)
 Metaspace       used 28787K, capacity 30122K, committed 30464K, reserved 1075200K
  class space    used 3531K, capacity 3806K, committed 3840K, reserved 1048576K
Event: 4.024 GC heap after
Heap after GC invocations=9 (full 1):
 PSYoungGen      total 174592K, used 9218K [0x000000076ab00000, 0x0000000779800000, 0x00000007c0000000)
  eden space 164864K, 0% used [0x000000076ab00000,0x000000076ab00000,0x0000000774c00000)
  from space 9728K, 94% used [0x0000000778e80000,0x0000000779780b10,0x0000000779800000)
  to   space 14336K, 0% used [0x0000000777c00000,0x0000000777c00000,0x0000000778a00000)
 ParOldGen       total 61440K, used 14840K [0x00000006c0000000, 0x00000006c3c00000, 0x000000076ab00000)
  object space 61440K, 24% used [0x00000006c0000000,0x00000006c0e7e3a8,0x00000006c3c00000)
 Metaspace       used 28787K, capacity 30122K, committed 30464K, reserved 1075200K
  class space    used 3531K, capacity 3806K, committed 3840K, reserved 1048576K
}
Event: 4.797 GC heap before
{Heap before GC invocations=10 (full 1):
 PSYoungGen      total 174592K, used 128313K [0x000000076ab00000, 0x0000000779800000, 0x00000007c0000000)
  eden space 164864K, 72% used [0x000000076ab00000,0x0000000771f4dbf0,0x0000000774c00000)
  from space 9728K, 94% used [0x0000000778e80000,0x0000000779780b10,0x0000000779800000)
  to   space 14336K, 0% used [0x0000000777c00000,0x0000000777c00000,0x0000000778a00000)
 ParOldGen       total 61440K, used 14840K [0x00000006c0000000, 0x00000006c3c00000, 0x000000076ab00000)
  object space 61440K, 24% used [0x00000006c0000000,0x00000006c0e7e3a8,0x00000006c3c00000)
 Metaspace       used 33825K, capacity 35240K, committed 35456K, reserved 1081344K
  class space    used 4155K, capacity 4423K, committed 4480K, reserved 1048576K
Event: 4.812 GC heap after
Heap after GC invocations=10 (full 1):
 PSYoungGen      total 224256K, used 10826K [0x000000076ab00000, 0x0000000779800000, 0x00000007c0000000)
  eden space 212992K, 0% used [0x000000076ab00000,0x000000076ab00000,0x0000000777b00000)
  from space 11264K, 96% used [0x0000000777c00000,0x0000000778692a58,0x0000000778700000)
  to   space 14848K, 0% used [0x0000000778980000,0x0000000778980000,0x0000000779800000)
 ParOldGen       total 61440K, used 14912K [0x00000006c0000000, 0x00000006c3c00000, 0x000000076ab00000)
  object space 61440K, 24% used [0x00000006c0000000,0x00000006c0e903b8,0x00000006c3c00000)
 Metaspace       used 33825K, capacity 35240K, committed 35456K, reserved 1081344K
  class space    used 4155K, capacity 4423K, committed 4480K, reserved 1048576K
}
Event: 4.812 GC heap before
{Heap before GC invocations=11 (full 2):
 PSYoungGen      total 224256K, used 10826K [0x000000076ab00000, 0x0000000779800000, 0x00000007c0000000)
  eden space 212992K, 0% used [0x000000076ab00000,0x000000076ab00000,0x0000000777b00000)
  from space 11264K, 96% used [0x0000000777c00000,0x0000000778692a58,0x0000000778700000)
  to   space 14848K, 0% used [0x0000000778980000,0x0000000778980000,0x0000000779800000)
 ParOldGen       total 61440K, used 14912K [0x00000006c0000000, 0x00000006c3c00000, 0x000000076ab00000)
  object space 61440K, 24% used [0x00000006c0000000,0x00000006c0e903b8,0x00000006c3c00000)
 Metaspace       used 33825K, capacity 35240K, committed 35456K, reserved 1081344K
  class space    used 4155K, capacity 4423K, committed 4480K, reserved 1048576K
Event: 4.898 GC heap after
Heap after GC invocations=11 (full 2):
 PSYoungGen      total 224256K, used 0K [0x000000076ab00000, 0x0000000779800000, 0x00000007c0000000)
  eden space 212992K, 0% used [0x000000076ab00000,0x000000076ab00000,0x0000000777b00000)
  from space 11264K, 0% used [0x0000000777c00000,0x0000000777c00000,0x0000000778700000)
  to   space 14848K, 0% used [0x0000000778980000,0x0000000778980000,0x0000000779800000)
 ParOldGen       total 86528K, used 17525K [0x00000006c0000000, 0x00000006c5480000, 0x000000076ab00000)
  object space 86528K, 20% used [0x00000006c0000000,0x00000006c111d630,0x00000006c5480000)
 Metaspace       used 33825K, capacity 35240K, committed 35456K, reserved 1081344K
  class space    used 4155K, capacity 4423K, committed 4480K, reserved 1048576K
}
Event: 5.916 GC heap before
{Heap before GC invocations=12 (full 2):
 PSYoungGen      total 224256K, used 212992K [0x000000076ab00000, 0x0000000779800000, 0x00000007c0000000)
  eden space 212992K, 100% used [0x000000076ab00000,0x0000000777b00000,0x0000000777b00000)
  from space 11264K, 0% used [0x0000000777c00000,0x0000000777c00000,0x0000000778700000)
  to   space 14848K, 0% used [0x0000000778980000,0x0000000778980000,0x0000000779800000)
 ParOldGen       total 86528K, used 17525K [0x00000006c0000000, 0x00000006c5480000, 0x000000076ab00000)
  object space 86528K, 20% used [0x00000006c0000000,0x00000006c111d630,0x00000006c5480000)
 Metaspace       used 40168K, capacity 41654K, committed 42112K, reserved 1085440K
  class space    used 4885K, capacity 5186K, committed 5248K, reserved 1048576K
Event: 5.926 GC heap after
Heap after GC invocations=12 (full 2):
 PSYoungGen      total 227840K, used 8610K [0x000000076ab00000, 0x000000077c980000, 0x00000007c0000000)
  eden space 212992K, 0% used [0x000000076ab00000,0x000000076ab00000,0x0000000777b00000)
  from space 14848K, 57% used [0x0000000778980000,0x00000007791e8bd8,0x0000000779800000)
  to   space 14848K, 0% used [0x0000000777b00000,0x0000000777b00000,0x0000000778980000)
 ParOldGen       total 86528K, used 17533K [0x00000006c0000000, 0x00000006c5480000, 0x000000076ab00000)
  object space 86528K, 20% used [0x00000006c0000000,0x00000006c111f630,0x00000006c5480000)
 Metaspace       used 40168K, capacity 41654K, committed 42112K, reserved 1085440K
  class space    used 4885K, capacity 5186K, committed 5248K, reserved 1048576K
}
Event: 6.864 GC heap before
{Heap before GC invocations=13 (full 2):
 PSYoungGen      total 227840K, used 221602K [0x000000076ab00000, 0x000000077c980000, 0x00000007c0000000)
  eden space 212992K, 100% used [0x000000076ab00000,0x0000000777b00000,0x0000000777b00000)
  from space 14848K, 57% used [0x0000000778980000,0x00000007791e8bd8,0x0000000779800000)
  to   space 14848K, 0% used [0x0000000777b00000,0x0000000777b00000,0x0000000778980000)
 ParOldGen       total 86528K, used 17533K [0x00000006c0000000, 0x00000006c5480000, 0x000000076ab00000)
  object space 86528K, 20% used [0x00000006c0000000,0x00000006c111f630,0x00000006c5480000)
 Metaspace       used 45816K, capacity 47388K, committed 47616K, reserved 1091584K
  class space    used 5539K, capacity 5843K, committed 5888K, reserved 1048576K
Event: 6.880 GC heap after
Heap after GC invocations=13 (full 2):
 PSYoungGen      total 227840K, used 14840K [0x000000076ab00000, 0x000000077d300000, 0x00000007c0000000)
  eden space 212992K, 0% used [0x000000076ab00000,0x000000076ab00000,0x0000000777b00000)
  from space 14848K, 99% used [0x0000000777b00000,0x000000077897e250,0x0000000778980000)
  to   space 20480K, 0% used [0x000000077bf00000,0x000000077bf00000,0x000000077d300000)
 ParOldGen       total 86528K, used 27005K [0x00000006c0000000, 0x00000006c5480000, 0x000000076ab00000)
  object space 86528K, 31% used [0x00000006c0000000,0x00000006c1a5f4e0,0x00000006c5480000)
 Metaspace       used 45816K, capacity 47388K, committed 47616K, reserved 1091584K
  class space    used 5539K, capacity 5843K, committed 5888K, reserved 1048576K
}

