# JRE version: OpenJDK Runtime Environment (8.0_372-b07) (build 1.8.0_372-b07)
# Java VM: OpenJDK 64-Bit Server VM (25.372-b07 mixed mode linux-amd64 compressed oops)
Heap:
 PSYoungGen      total 226816K, used 220900K [0x000000076ab00000, 0x000000077d380000, 0x00000007c0000000)
  eden space 211968K, 97% used [0x000000076ab00000,0x00000007774396f0,0x0000000777a00000)
  from space 14848K, 99% used [0x0000000777a00000,0x000000077887f968,0x0000000778880000)
  to   space 20480K, 0% used [0x000000077bf80000,0x000000077bf80000,0x000000077d380000)
 ParOldGen       total 88064K, used 27039K [0x00000006c0000000, 0x00000006c5600000, 0x000000076ab00000)
  object space 88064K, 30% used [0x00000006c0000000,0x00000006c1a67e68,0x00000006c5600000)
 Metaspace       used 50915K, capacity 52620K, committed 52992K, reserved 1095680K
  class space    used 6023K, capacity 6373K, committed 6400K, reserved 1048576K
GC Heap History (10 events):
Event: 4.171 GC heap before
{Heap before GC invocations=9 (full 1):
 PSYoungGen      total 118784K, used 109568K [0x000000076ab00000, 0x0000000779c00000, 0x00000007c0000000)
  eden space 109568K, 100% used [0x000000076ab00000,0x0000000771600000,0x0000000771600000)
  from space 9216K, 0% used [0x0000000771600000,0x0000000771600000,0x0000000771f00000)
  to   space 13824K, 0% used [0x0000000778e80000,0x0000000778e80000,0x0000000779c00000)
 ParOldGen       total 61952K, used 14718K [0x00000006c0000000, 0x00000006c3c80000, 0x000000076ab00000)
  object space 61952K, 23% used [0x00000006c0000000,0x00000006c0e5fbe8,0x00000006c3c80000)
 Metaspace       used 28822K, capacity 30110K, committed 30464K, reserved 1075200K
  class space    used 3547K, capacity 3806K, committed 3840K, reserved 1048576K
Event: 4.181 GC heap after
Heap after GC invocations=9 (full 1):
 PSYoungGen      total 172544K, used 9749K [0x000000076ab00000, 0x0000000779880000, 0x00000007c0000000)
  eden space 162304K, 0% used [0x000000076ab00000,0x000000076ab00000,0x0000000774980000)
  from space 10240K, 95% used [0x0000000778e80000,0x0000000779805698,0x0000000779880000)
  to   space 14336K, 0% used [0x0000000777c80000,0x0000000777c80000,0x0000000778a80000)
 ParOldGen       total 61952K, used 14726K [0x00000006c0000000, 0x00000006c3c80000, 0x000000076ab00000)
  object space 61952K, 23% used [0x00000006c0000000,0x00000006c0e61be8,0x00000006c3c80000)
 Metaspace       used 28822K, capacity 30110K, committed 30464K, reserved 1075200K
  class space    used 3547K, capacity 3806K, committed 3840K, reserved 1048576K
}
Event: 4.812 GC heap before
{Heap before GC invocations=10 (full 1):
 PSYoungGen      total 172544K, used 127087K [0x000000076ab00000, 0x0000000779880000, 0x00000007c0000000)
  eden space 162304K, 72% used [0x000000076ab00000,0x0000000771d96708,0x0000000774980000)
  from space 10240K, 95% used [0x0000000778e80000,0x0000000779805698,0x0000000779880000)
  to   space 14336K, 0% used [0x0000000777c80000,0x0000000777c80000,0x0000000778a80000)
 ParOldGen       total 61952K, used 14726K [0x00000006c0000000, 0x00000006c3c80000, 0x000000076ab00000)
  object space 61952K, 23% used [0x00000006c0000000,0x00000006c0e61be8,0x00000006c3c80000)
 Metaspace       used 33880K, capacity 35234K, committed 35456K, reserved 1081344K
  class space    used 4163K, capacity 4424K, committed 4480K, reserved 1048576K
Event: 4.831 GC heap after
Heap after GC invocations=10 (full 1):
 PSYoungGen      total 222720K, used 10838K [0x000000076ab00000, 0x0000000779780000, 0x00000007c0000000)
  eden space 211456K, 0% used [0x000000076ab00000,0x000000076ab00000,0x0000000777980000)
  from space 11264K, 96% used [0x0000000777c80000,0x0000000778715a20,0x0000000778780000)
  to   space 15360K, 0% used [0x0000000778880000,0x0000000778880000,0x0000000779780000)
 ParOldGen       total 61952K, used 14734K [0x00000006c0000000, 0x00000006c3c80000, 0x000000076ab00000)
  object space 61952K, 23% used [0x00000006c0000000,0x00000006c0e63be8,0x00000006c3c80000)
 Metaspace       used 33880K, capacity 35234K, committed 35456K, reserved 1081344K
  class space    used 4163K, capacity 4424K, committed 4480K, reserved 1048576K
}
Event: 4.831 GC heap before
{Heap before GC invocations=11 (full 2):
 PSYoungGen      total 222720K, used 10838K [0x000000076ab00000, 0x0000000779780000, 0x00000007c0000000)
  eden space 211456K, 0% used [0x000000076ab00000,0x000000076ab00000,0x0000000777980000)
  from space 11264K, 96% used [0x0000000777c80000,0x0000000778715a20,0x0000000778780000)
  to   space 15360K, 0% used [0x0000000778880000,0x0000000778880000,0x0000000779780000)
 ParOldGen       total 61952K, used 14734K [0x00000006c0000000, 0x00000006c3c80000, 0x000000076ab00000)
  object space 61952K, 23% used [0x00000006c0000000,0x00000006c0e63be8,0x00000006c3c80000)
 Metaspace       used 33880K, capacity 35234K, committed 35456K, reserved 1081344K
  class space    used 4163K, capacity 4424K, committed 4480K, reserved 1048576K
Event: 4.906 GC heap after
Heap after GC invocations=11 (full 2):
 PSYoungGen      total 222720K, used 0K [0x000000076ab00000, 0x0000000779780000, 0x00000007c0000000)
  eden space 211456K, 0% used [0x000000076ab00000,0x000000076ab00000,0x0000000777980000)
  from space 11264K, 0% used [0x0000000777c80000,0x0000000777c80000,0x0000000778780000)
  to   space 15360K, 0% used [0x0000000778880000,0x0000000778880000,0x0000000779780000)
 ParOldGen       total 88064K, used 17521K [0x00000006c0000000, 0x00000006c5600000, 0x000000076ab00000)
  object space 88064K, 19% used [0x00000006c0000000,0x00000006c111c6e0,0x00000006c5600000)
 Metaspace       used 33880K, capacity 35234K, committed 35456K, reserved 1081344K
  class space    used 4163K, capacity 4424K, committed 4480K, reserved 1048576K
}
Event: 5.858 GC heap before
{Heap before GC invocations=12 (full 2):
 PSYoungGen      total 222720K, used 211456K [0x000000076ab00000, 0x0000000779780000, 0x00000007c0000000)
  eden space 211456K, 100% used [0x000000076ab00000,0x0000000777980000,0x0000000777980000)
  from space 11264K, 0% used [0x0000000777c80000,0x0000000777c80000,0x0000000778780000)
  to   space 15360K, 0% used [0x0000000778880000,0x0000000778880000,0x0000000779780000)
 ParOldGen       total 88064K, used 17521K [0x00000006c0000000, 0x00000006c5600000, 0x000000076ab00000)
  object space 88064K, 19% used [0x00000006c0000000,0x00000006c111c6e0,0x00000006c5600000)
 Metaspace       used 40197K, capacity 41732K, committed 42112K, reserved 1085440K
  class space    used 4899K, capacity 5191K, committed 5248K, reserved 1048576K
Event: 5.867 GC heap after
Heap after GC invocations=12 (full 2):
 PSYoungGen      total 227328K, used 8601K [0x000000076ab00000, 0x000000077c780000, 0x00000007c0000000)
  eden space 211968K, 0% used [0x000000076ab00000,0x000000076ab00000,0x0000000777a00000)
  from space 15360K, 55% used [0x0000000778880000,0x00000007790e6458,0x0000000779780000)
  to   space 14848K, 0% used [0x0000000777a00000,0x0000000777a00000,0x0000000778880000)
 ParOldGen       total 88064K, used 17529K [0x00000006c0000000, 0x00000006c5600000, 0x000000076ab00000)
  object space 88064K, 19% used [0x00000006c0000000,0x00000006c111e6e0,0x00000006c5600000)
 Metaspace       used 40197K, capacity 41732K, committed 42112K, reserved 1085440K
  class space    used 4899K, capacity 5191K, committed 5248K, reserved 1048576K
}
Event: 6.725 GC heap before
{Heap before GC invocations=13 (full 2):
 PSYoungGen      total 227328K, used 220569K [0x000000076ab00000, 0x000000077c780000, 0x00000007c0000000)
  eden space 211968K, 100% used [0x000000076ab00000,0x0000000777a00000,0x0000000777a00000)
  from space 15360K, 55% used [0x0000000778880000,0x00000007790e6458,0x0000000779780000)
  to   space 14848K, 0% used [0x0000000777a00000,0x0000000777a00000,0x0000000778880000)
 ParOldGen       total 88064K, used 17529K [0x00000006c0000000, 0x00000006c5600000, 0x000000076ab00000)
  object space 88064K, 19% used [0x00000006c0000000,0x00000006c111e6e0,0x00000006c5600000)
 Metaspace       used 45104K, capacity 46704K, committed 47104K, reserved 1091584K
  class space    used 5477K, capacity 5811K, committed 5888K, reserved 1048576K
Event: 6.743 GC heap after
Heap after GC invocations=13 (full 2):
 PSYoungGen      total 226816K, used 14846K [0x000000076ab00000, 0x000000077d380000, 0x00000007c0000000)
  eden space 211968K, 0% used [0x000000076ab00000,0x000000076ab00000,0x0000000777a00000)
  from space 14848K, 99% used [0x0000000777a00000,0x000000077887f968,0x0000000778880000)
  to   space 20480K, 0% used [0x000000077bf80000,0x000000077bf80000,0x000000077d380000)
 ParOldGen       total 88064K, used 27039K [0x00000006c0000000, 0x00000006c5600000, 0x000000076ab00000)
  object space 88064K, 30% used [0x00000006c0000000,0x00000006c1a67e68,0x00000006c5600000)
 Metaspace       used 45104K, capacity 46704K, committed 47104K, reserved 1091584K
  class space    used 5477K, capacity 5811K, committed 5888K, reserved 1048576K
}

