# JRE version: OpenJDK Runtime Environment (8.0_372-b07) (build 1.8.0_372-b07)
# Java VM: OpenJDK 64-Bit Server VM (25.372-b07 mixed mode linux-amd64 compressed oops)
Heap:
 PSYoungGen      total 241664K, used 209931K [0x000000076ab00000, 0x000000077ea80000, 0x00000007c0000000)
  eden space 226816K, 86% used [0x000000076ab00000,0x0000000776988688,0x0000000778880000)
  from space 14848K, 99% used [0x0000000778880000,0x00000007796fa598,0x0000000779700000)
  to   space 19968K, 0% used [0x000000077d700000,0x000000077d700000,0x000000077ea80000)
 ParOldGen       total 82432K, used 26314K [0x00000006c0000000, 0x00000006c5080000, 0x000000076ab00000)
  object space 82432K, 31% used [0x00000006c0000000,0x00000006c19b2828,0x00000006c5080000)
 Metaspace       used 50874K, capacity 52568K, committed 52992K, reserved 1095680K
  class space    used 6023K, capacity 6373K, committed 6400K, reserved 1048576K
GC Heap History (10 events):
Event: 4.153 GC heap before
{Heap before GC invocations=9 (full 1):
 PSYoungGen      total 119296K, used 110080K [0x000000076ab00000, 0x0000000779d00000, 0x00000007c0000000)
  eden space 110080K, 100% used [0x000000076ab00000,0x0000000771680000,0x0000000771680000)
  from space 9216K, 0% used [0x0000000771680000,0x0000000771680000,0x0000000771f80000)
  to   space 13824K, 0% used [0x0000000778f80000,0x0000000778f80000,0x0000000779d00000)
 ParOldGen       total 59392K, used 14821K [0x00000006c0000000, 0x00000006c3a00000, 0x000000076ab00000)
  object space 59392K, 24% used [0x00000006c0000000,0x00000006c0e79470,0x00000006c3a00000)
 Metaspace       used 28852K, capacity 30126K, committed 30464K, reserved 1075200K
  class space    used 3539K, capacity 3806K, committed 3840K, reserved 1048576K
Event: 4.165 GC heap after
Heap after GC invocations=9 (full 1):
 PSYoungGen      total 181248K, used 9353K [0x000000076ab00000, 0x0000000779900000, 0x00000007c0000000)
  eden space 171520K, 0% used [0x000000076ab00000,0x000000076ab00000,0x0000000775280000)
  from space 9728K, 96% used [0x0000000778f80000,0x00000007798a24c8,0x0000000779900000)
  to   space 14336K, 0% used [0x0000000777d00000,0x0000000777d00000,0x0000000778b00000)
 ParOldGen       total 59392K, used 14829K [0x00000006c0000000, 0x00000006c3a00000, 0x000000076ab00000)
  object space 59392K, 24% used [0x00000006c0000000,0x00000006c0e7b470,0x00000006c3a00000)
 Metaspace       used 28852K, capacity 30126K, committed 30464K, reserved 1075200K
  class space    used 3539K, capacity 3806K, committed 3840K, reserved 1048576K
}
Event: 4.795 GC heap before
{Heap before GC invocations=10 (full 1):
 PSYoungGen      total 181248K, used 126376K [0x000000076ab00000, 0x0000000779900000, 0x00000007c0000000)
  eden space 171520K, 68% used [0x000000076ab00000,0x0000000771d47de8,0x0000000775280000)
  from space 9728K, 96% used [0x0000000778f80000,0x00000007798a24c8,0x0000000779900000)
  to   space 14336K, 0% used [0x0000000777d00000,0x0000000777d00000,0x0000000778b00000)
 ParOldGen       total 59392K, used 14829K [0x00000006c0000000, 0x00000006c3a00000, 0x000000076ab00000)
  object space 59392K, 24% used [0x00000006c0000000,0x00000006c0e7b470,0x00000006c3a00000)
 Metaspace       used 33855K, capacity 35250K, committed 35456K, reserved 1081344K
  class space    used 4152K, capacity 4424K, committed 4480K, reserved 1048576K
Event: 4.809 GC heap after
Heap after GC invocations=10 (full 1):
 PSYoungGen      total 229376K, used 10715K [0x000000076ab00000, 0x000000077a580000, 0x00000007c0000000)
  eden space 215040K, 0% used [0x000000076ab00000,0x000000076ab00000,0x0000000777d00000)
  from space 14336K, 74% used [0x0000000777d00000,0x0000000778776c10,0x0000000778b00000)
  to   space 14848K, 0% used [0x0000000779700000,0x0000000779700000,0x000000077a580000)
 ParOldGen       total 59392K, used 14901K [0x00000006c0000000, 0x00000006c3a00000, 0x000000076ab00000)
  object space 59392K, 25% used [0x00000006c0000000,0x00000006c0e8d480,0x00000006c3a00000)
 Metaspace       used 33855K, capacity 35250K, committed 35456K, reserved 1081344K
  class space    used 4152K, capacity 4424K, committed 4480K, reserved 1048576K
}
Event: 4.809 GC heap before
{Heap before GC invocations=11 (full 2):
 PSYoungGen      total 229376K, used 10715K [0x000000076ab00000, 0x000000077a580000, 0x00000007c0000000)
  eden space 215040K, 0% used [0x000000076ab00000,0x000000076ab00000,0x0000000777d00000)
  from space 14336K, 74% used [0x0000000777d00000,0x0000000778776c10,0x0000000778b00000)
  to   space 14848K, 0% used [0x0000000779700000,0x0000000779700000,0x000000077a580000)
 ParOldGen       total 59392K, used 14901K [0x00000006c0000000, 0x00000006c3a00000, 0x000000076ab00000)
  object space 59392K, 25% used [0x00000006c0000000,0x00000006c0e8d480,0x00000006c3a00000)
 Metaspace       used 33855K, capacity 35250K, committed 35456K, reserved 1081344K
  class space    used 4152K, capacity 4424K, committed 4480K, reserved 1048576K
Event: 4.880 GC heap after
Heap after GC invocations=11 (full 2):
 PSYoungGen      total 229376K, used 0K [0x000000076ab00000, 0x000000077a580000, 0x00000007c0000000)
  eden space 215040K, 0% used [0x000000076ab00000,0x000000076ab00000,0x0000000777d00000)
  from space 14336K, 0% used [0x0000000777d00000,0x0000000777d00000,0x0000000778b00000)
  to   space 14848K, 0% used [0x0000000779700000,0x0000000779700000,0x000000077a580000)
 ParOldGen       total 82432K, used 17470K [0x00000006c0000000, 0x00000006c5080000, 0x000000076ab00000)
  object space 82432K, 21% used [0x00000006c0000000,0x00000006c110fbc0,0x00000006c5080000)
 Metaspace       used 33855K, capacity 35250K, committed 35456K, reserved 1081344K
  class space    used 4152K, capacity 4424K, committed 4480K, reserved 1048576K
}
Event: 5.804 GC heap before
{Heap before GC invocations=12 (full 2):
 PSYoungGen      total 229376K, used 215040K [0x000000076ab00000, 0x000000077a580000, 0x00000007c0000000)
  eden space 215040K, 100% used [0x000000076ab00000,0x0000000777d00000,0x0000000777d00000)
  from space 14336K, 0% used [0x0000000777d00000,0x0000000777d00000,0x0000000778b00000)
  to   space 14848K, 0% used [0x0000000779700000,0x0000000779700000,0x000000077a580000)
 ParOldGen       total 82432K, used 17470K [0x00000006c0000000, 0x00000006c5080000, 0x000000076ab00000)
  object space 82432K, 21% used [0x00000006c0000000,0x00000006c110fbc0,0x00000006c5080000)
 Metaspace       used 40154K, capacity 41652K, committed 42112K, reserved 1085440K
  class space    used 4890K, capacity 5185K, committed 5248K, reserved 1048576K
Event: 5.817 GC heap after
Heap after GC invocations=12 (full 2):
 PSYoungGen      total 241664K, used 8560K [0x000000076ab00000, 0x000000077d380000, 0x00000007c0000000)
  eden space 226816K, 0% used [0x000000076ab00000,0x000000076ab00000,0x0000000778880000)
  from space 14848K, 57% used [0x0000000779700000,0x0000000779f5c150,0x000000077a580000)
  to   space 14848K, 0% used [0x0000000778880000,0x0000000778880000,0x0000000779700000)
 ParOldGen       total 82432K, used 17478K [0x00000006c0000000, 0x00000006c5080000, 0x000000076ab00000)
  object space 82432K, 21% used [0x00000006c0000000,0x00000006c1111bc0,0x00000006c5080000)
 Metaspace       used 40154K, capacity 41652K, committed 42112K, reserved 1085440K
  class space    used 4890K, capacity 5185K, committed 5248K, reserved 1048576K
}
Event: 6.646 GC heap before
{Heap before GC invocations=13 (full 2):
 PSYoungGen      total 241664K, used 235376K [0x000000076ab00000, 0x000000077d380000, 0x00000007c0000000)
  eden space 226816K, 100% used [0x000000076ab00000,0x0000000778880000,0x0000000778880000)
  from space 14848K, 57% used [0x0000000779700000,0x0000000779f5c150,0x000000077a580000)
  to   space 14848K, 0% used [0x0000000778880000,0x0000000778880000,0x0000000779700000)
 ParOldGen       total 82432K, used 17478K [0x00000006c0000000, 0x00000006c5080000, 0x000000076ab00000)
  object space 82432K, 21% used [0x00000006c0000000,0x00000006c1111bc0,0x00000006c5080000)
 Metaspace       used 45306K, capacity 46944K, committed 47360K, reserved 1091584K
  class space    used 5496K, capacity 5843K, committed 5888K, reserved 1048576K
Event: 6.662 GC heap after
Heap after GC invocations=13 (full 2):
 PSYoungGen      total 241664K, used 14825K [0x000000076ab00000, 0x000000077ea80000, 0x00000007c0000000)
  eden space 226816K, 0% used [0x000000076ab00000,0x000000076ab00000,0x0000000778880000)
  from space 14848K, 99% used [0x0000000778880000,0x00000007796fa598,0x0000000779700000)
  to   space 19968K, 0% used [0x000000077d700000,0x000000077d700000,0x000000077ea80000)
 ParOldGen       total 82432K, used 26314K [0x00000006c0000000, 0x00000006c5080000, 0x000000076ab00000)
  object space 82432K, 31% used [0x00000006c0000000,0x00000006c19b2828,0x00000006c5080000)
 Metaspace       used 45306K, capacity 46944K, committed 47360K, reserved 1091584K
  class space    used 5496K, capacity 5843K, committed 5888K, reserved 1048576K
}

