# JRE version: OpenJDK Runtime Environment (8.0_372-b07) (build 1.8.0_372-b07)
# Java VM: OpenJDK 64-Bit Server VM (25.372-b07 mixed mode linux-amd64 compressed oops)
Heap:
 PSYoungGen      total 275456K, used 67358K [0x000000076ab00000, 0x000000077cd00000, 0x00000007c0000000)
  eden space 258048K, 21% used [0x000000076ab00000,0x000000076e170fe8,0x000000077a700000)
  from space 17408K, 66% used [0x000000077bc00000,0x000000077c756b40,0x000000077cd00000)
  to   space 19456K, 0% used [0x000000077a700000,0x000000077a700000,0x000000077ba00000)
 ParOldGen       total 88576K, used 24925K [0x00000006c0000000, 0x00000006c5680000, 0x000000076ab00000)
  object space 88576K, 28% used [0x00000006c0000000,0x00000006c1857568,0x00000006c5680000)
 Metaspace       used 50990K, capacity 52724K, committed 53248K, reserved 1095680K
  class space    used 6039K, capacity 6397K, committed 6400K, reserved 1048576K
GC Heap History (10 events):
Event: 4.710 GC heap before
{Heap before GC invocations=10 (full 1):
 PSYoungGen      total 171008K, used 124390K [0x000000076ab00000, 0x0000000779780000, 0x00000007c0000000)
  eden space 161792K, 71% used [0x000000076ab00000,0x0000000771b7daa8,0x0000000774900000)
  from space 9216K, 99% used [0x0000000778e80000,0x000000077977c140,0x0000000779780000)
  to   space 14336K, 0% used [0x0000000777b80000,0x0000000777b80000,0x0000000778980000)
 ParOldGen       total 61952K, used 14686K [0x00000006c0000000, 0x00000006c3c80000, 0x000000076ab00000)
  object space 61952K, 23% used [0x00000006c0000000,0x00000006c0e579a8,0x00000006c3c80000)
 Metaspace       used 33779K, capacity 35202K, committed 35456K, reserved 1081344K
  class space    used 4159K, capacity 4446K, committed 4480K, reserved 1048576K
Event: 4.725 GC heap after
Heap after GC invocations=10 (full 1):
 PSYoungGen      total 217600K, used 10600K [0x000000076ab00000, 0x0000000779200000, 0x00000007c0000000)
  eden space 206848K, 0% used [0x000000076ab00000,0x000000076ab00000,0x0000000777500000)
  from space 10752K, 98% used [0x0000000777b80000,0x00000007785da0e8,0x0000000778600000)
  to   space 12288K, 0% used [0x0000000778600000,0x0000000778600000,0x0000000779200000)
 ParOldGen       total 61952K, used 14758K [0x00000006c0000000, 0x00000006c3c80000, 0x000000076ab00000)
  object space 61952K, 23% used [0x00000006c0000000,0x00000006c0e699b8,0x00000006c3c80000)
 Metaspace       used 33779K, capacity 35202K, committed 35456K, reserved 1081344K
  class space    used 4159K, capacity 4446K, committed 4480K, reserved 1048576K
}
Event: 4.725 GC heap before
{Heap before GC invocations=11 (full 2):
 PSYoungGen      total 217600K, used 10600K [0x000000076ab00000, 0x0000000779200000, 0x00000007c0000000)
  eden space 206848K, 0% used [0x000000076ab00000,0x000000076ab00000,0x0000000777500000)
  from space 10752K, 98% used [0x0000000777b80000,0x00000007785da0e8,0x0000000778600000)
  to   space 12288K, 0% used [0x0000000778600000,0x0000000778600000,0x0000000779200000)
 ParOldGen       total 61952K, used 14758K [0x00000006c0000000, 0x00000006c3c80000, 0x000000076ab00000)
  object space 61952K, 23% used [0x00000006c0000000,0x00000006c0e699b8,0x00000006c3c80000)
 Metaspace       used 33779K, capacity 35202K, committed 35456K, reserved 1081344K
  class space    used 4159K, capacity 4446K, committed 4480K, reserved 1048576K
Event: 4.812 GC heap after
Heap after GC invocations=11 (full 2):
 PSYoungGen      total 217600K, used 0K [0x000000076ab00000, 0x0000000779200000, 0x00000007c0000000)
  eden space 206848K, 0% used [0x000000076ab00000,0x000000076ab00000,0x0000000777500000)
  from space 10752K, 0% used [0x0000000777b80000,0x0000000777b80000,0x0000000778600000)
  to   space 12288K, 0% used [0x0000000778600000,0x0000000778600000,0x0000000779200000)
 ParOldGen       total 88576K, used 17333K [0x00000006c0000000, 0x00000006c5680000, 0x000000076ab00000)
  object space 88576K, 19% used [0x00000006c0000000,0x00000006c10ed710,0x00000006c5680000)
 Metaspace       used 33779K, capacity 35202K, committed 35456K, reserved 1081344K
  class space    used 4159K, capacity 4446K, committed 4480K, reserved 1048576K
}
Event: 5.984 GC heap before
{Heap before GC invocations=12 (full 2):
 PSYoungGen      total 217600K, used 206848K [0x000000076ab00000, 0x0000000779200000, 0x00000007c0000000)
  eden space 206848K, 100% used [0x000000076ab00000,0x0000000777500000,0x0000000777500000)
  from space 10752K, 0% used [0x0000000777b80000,0x0000000777b80000,0x0000000778600000)
  to   space 12288K, 0% used [0x0000000778600000,0x0000000778600000,0x0000000779200000)
 ParOldGen       total 88576K, used 17333K [0x00000006c0000000, 0x00000006c5680000, 0x000000076ab00000)
  object space 88576K, 19% used [0x00000006c0000000,0x00000006c10ed710,0x00000006c5680000)
 Metaspace       used 40304K, capacity 41840K, committed 42112K, reserved 1085440K
  class space    used 4911K, capacity 5215K, committed 5248K, reserved 1048576K
Event: 5.998 GC heap after
Heap after GC invocations=12 (full 2):
 PSYoungGen      total 221696K, used 8812K [0x000000076ab00000, 0x000000077c000000, 0x00000007c0000000)
  eden space 209408K, 0% used [0x000000076ab00000,0x000000076ab00000,0x0000000777780000)
  from space 12288K, 71% used [0x0000000778600000,0x0000000778e9b350,0x0000000779200000)
  to   space 14848K, 0% used [0x0000000777780000,0x0000000777780000,0x0000000778600000)
 ParOldGen       total 88576K, used 17341K [0x00000006c0000000, 0x00000006c5680000, 0x000000076ab00000)
  object space 88576K, 19% used [0x00000006c0000000,0x00000006c10ef710,0x00000006c5680000)
 Metaspace       used 40304K, capacity 41840K, committed 42112K, reserved 1085440K
  class space    used 4911K, capacity 5215K, committed 5248K, reserved 1048576K
}
Event: 6.827 GC heap before
{Heap before GC invocations=13 (full 2):
 PSYoungGen      total 221696K, used 218220K [0x000000076ab00000, 0x000000077c000000, 0x00000007c0000000)
  eden space 209408K, 100% used [0x000000076ab00000,0x0000000777780000,0x0000000777780000)
  from space 12288K, 71% used [0x0000000778600000,0x0000000778e9b350,0x0000000779200000)
  to   space 14848K, 0% used [0x0000000777780000,0x0000000777780000,0x0000000778600000)
 ParOldGen       total 88576K, used 17341K [0x00000006c0000000, 0x00000006c5680000, 0x000000076ab00000)
  object space 88576K, 19% used [0x00000006c0000000,0x00000006c10ef710,0x00000006c5680000)
 Metaspace       used 44818K, capacity 46416K, committed 46848K, reserved 1089536K
  class space    used 5457K, capacity 5769K, committed 5888K, reserved 1048576K
Event: 6.854 GC heap after
Heap after GC invocations=13 (full 2):
 PSYoungGen      total 224256K, used 14840K [0x000000076ab00000, 0x000000077cf00000, 0x00000007c0000000)
  eden space 209408K, 0% used [0x000000076ab00000,0x000000076ab00000,0x0000000777780000)
  from space 14848K, 99% used [0x0000000777780000,0x00000007785fe1e8,0x0000000778600000)
  to   space 19456K, 0% used [0x000000077bc00000,0x000000077bc00000,0x000000077cf00000)
 ParOldGen       total 88576K, used 24917K [0x00000006c0000000, 0x00000006c5680000, 0x000000076ab00000)
  object space 88576K, 28% used [0x00000006c0000000,0x00000006c1855568,0x00000006c5680000)
 Metaspace       used 44818K, capacity 46416K, committed 46848K, reserved 1089536K
  class space    used 5457K, capacity 5769K, committed 5888K, reserved 1048576K
}
Event: 7.955 GC heap before
{Heap before GC invocations=14 (full 2):
 PSYoungGen      total 224256K, used 224248K [0x000000076ab00000, 0x000000077cf00000, 0x00000007c0000000)
  eden space 209408K, 100% used [0x000000076ab00000,0x0000000777780000,0x0000000777780000)
  from space 14848K, 99% used [0x0000000777780000,0x00000007785fe1e8,0x0000000778600000)
  to   space 19456K, 0% used [0x000000077bc00000,0x000000077bc00000,0x000000077cf00000)
 ParOldGen       total 88576K, used 24917K [0x00000006c0000000, 0x00000006c5680000, 0x000000076ab00000)
  object space 88576K, 28% used [0x00000006c0000000,0x00000006c1855568,0x00000006c5680000)
 Metaspace       used 50756K, capacity 52482K, committed 52992K, reserved 1095680K
  class space    used 6018K, capacity 6360K, committed 6400K, reserved 1048576K
Event: 7.975 GC heap after
Heap after GC invocations=14 (full 2):
 PSYoungGen      total 275456K, used 11610K [0x000000076ab00000, 0x000000077cd00000, 0x00000007c0000000)
  eden space 258048K, 0% used [0x000000076ab00000,0x000000076ab00000,0x000000077a700000)
  from space 17408K, 66% used [0x000000077bc00000,0x000000077c756b40,0x000000077cd00000)
  to   space 19456K, 0% used [0x000000077a700000,0x000000077a700000,0x000000077ba00000)
 ParOldGen       total 88576K, used 24925K [0x00000006c0000000, 0x00000006c5680000, 0x000000076ab00000)
  object space 88576K, 28% used [0x00000006c0000000,0x00000006c1857568,0x00000006c5680000)
 Metaspace       used 50756K, capacity 52482K, committed 52992K, reserved 1095680K
  class space    used 6018K, capacity 6360K, committed 6400K, reserved 1048576K
}

