# JRE version: OpenJDK Runtime Environment (8.0_372-b07) (build 1.8.0_372-b07)
# Java VM: OpenJDK 64-Bit Server VM (25.372-b07 mixed mode linux-amd64 compressed oops)
Heap:
 PSYoungGen      total 235520K, used 216806K [0x000000076ab00000, 0x000000077e180000, 0x00000007c0000000)
  eden space 220672K, 91% used [0x000000076ab00000,0x000000077703a528,0x0000000778280000)
  from space 14848K, 99% used [0x0000000778280000,0x00000007790ff360,0x0000000779100000)
  to   space 19968K, 0% used [0x000000077ce00000,0x000000077ce00000,0x000000077e180000)
 ParOldGen       total 86528K, used 26192K [0x00000006c0000000, 0x00000006c5480000, 0x000000076ab00000)
  object space 86528K, 30% used [0x00000006c0000000,0x00000006c1994088,0x00000006c5480000)
 Metaspace       used 50824K, capacity 52504K, committed 52992K, reserved 1095680K
  class space    used 6016K, capacity 6373K, committed 6400K, reserved 1048576K
GC Heap History (10 events):
Event: 4.388 GC heap before
{Heap before GC invocations=9 (full 1):
 PSYoungGen      total 119296K, used 110080K [0x000000076ab00000, 0x0000000779d00000, 0x00000007c0000000)
  eden space 110080K, 100% used [0x000000076ab00000,0x0000000771680000,0x0000000771680000)
  from space 9216K, 0% used [0x0000000771680000,0x0000000771680000,0x0000000771f80000)
  to   space 13824K, 0% used [0x0000000778f80000,0x0000000778f80000,0x0000000779d00000)
 ParOldGen       total 60928K, used 14766K [0x00000006c0000000, 0x00000006c3b80000, 0x000000076ab00000)
  object space 60928K, 24% used [0x00000006c0000000,0x00000006c0e6ba78,0x00000006c3b80000)
 Metaspace       used 28792K, capacity 30054K, committed 30208K, reserved 1075200K
  class space    used 3533K, capacity 3806K, committed 3840K, reserved 1048576K
Event: 4.407 GC heap after
Heap after GC invocations=9 (full 1):
 PSYoungGen      total 177152K, used 9217K [0x000000076ab00000, 0x0000000779900000, 0x00000007c0000000)
  eden space 167424K, 0% used [0x000000076ab00000,0x000000076ab00000,0x0000000774e80000)
  from space 9728K, 94% used [0x0000000778f80000,0x00000007798807f8,0x0000000779900000)
  to   space 13824K, 0% used [0x0000000777e00000,0x0000000777e00000,0x0000000778b80000)
 ParOldGen       total 60928K, used 14766K [0x00000006c0000000, 0x00000006c3b80000, 0x000000076ab00000)
  object space 60928K, 24% used [0x00000006c0000000,0x00000006c0e6ba78,0x00000006c3b80000)
 Metaspace       used 28792K, capacity 30054K, committed 30208K, reserved 1075200K
  class space    used 3533K, capacity 3806K, committed 3840K, reserved 1048576K
}
Event: 5.168 GC heap before
{Heap before GC invocations=10 (full 1):
 PSYoungGen      total 177152K, used 129537K [0x000000076ab00000, 0x0000000779900000, 0x00000007c0000000)
  eden space 167424K, 71% used [0x000000076ab00000,0x000000077207fcf8,0x0000000774e80000)
  from space 9728K, 94% used [0x0000000778f80000,0x00000007798807f8,0x0000000779900000)
  to   space 13824K, 0% used [0x0000000777e00000,0x0000000777e00000,0x0000000778b80000)
 ParOldGen       total 60928K, used 14766K [0x00000006c0000000, 0x00000006c3b80000, 0x000000076ab00000)
  object space 60928K, 24% used [0x00000006c0000000,0x00000006c0e6ba78,0x00000006c3b80000)
 Metaspace       used 33862K, capacity 35250K, committed 35456K, reserved 1081344K
  class space    used 4154K, capacity 4424K, committed 4480K, reserved 1048576K
Event: 5.188 GC heap after
Heap after GC invocations=10 (full 1):
 PSYoungGen      total 229888K, used 10867K [0x000000076ab00000, 0x0000000779f80000, 0x00000007c0000000)
  eden space 216064K, 0% used [0x000000076ab00000,0x000000076ab00000,0x0000000777e00000)
  from space 13824K, 78% used [0x0000000777e00000,0x000000077889cc28,0x0000000778b80000)
  to   space 14848K, 0% used [0x0000000779100000,0x0000000779100000,0x0000000779f80000)
 ParOldGen       total 60928K, used 14766K [0x00000006c0000000, 0x00000006c3b80000, 0x000000076ab00000)
  object space 60928K, 24% used [0x00000006c0000000,0x00000006c0e6ba78,0x00000006c3b80000)
 Metaspace       used 33862K, capacity 35250K, committed 35456K, reserved 1081344K
  class space    used 4154K, capacity 4424K, committed 4480K, reserved 1048576K
}
Event: 5.188 GC heap before
{Heap before GC invocations=11 (full 2):
 PSYoungGen      total 229888K, used 10867K [0x000000076ab00000, 0x0000000779f80000, 0x00000007c0000000)
  eden space 216064K, 0% used [0x000000076ab00000,0x000000076ab00000,0x0000000777e00000)
  from space 13824K, 78% used [0x0000000777e00000,0x000000077889cc28,0x0000000778b80000)
  to   space 14848K, 0% used [0x0000000779100000,0x0000000779100000,0x0000000779f80000)
 ParOldGen       total 60928K, used 14766K [0x00000006c0000000, 0x00000006c3b80000, 0x000000076ab00000)
  object space 60928K, 24% used [0x00000006c0000000,0x00000006c0e6ba78,0x00000006c3b80000)
 Metaspace       used 33862K, capacity 35250K, committed 35456K, reserved 1081344K
  class space    used 4154K, capacity 4424K, committed 4480K, reserved 1048576K
Event: 5.268 GC heap after
Heap after GC invocations=11 (full 2):
 PSYoungGen      total 229888K, used 0K [0x000000076ab00000, 0x0000000779f80000, 0x00000007c0000000)
  eden space 216064K, 0% used [0x000000076ab00000,0x000000076ab00000,0x0000000777e00000)
  from space 13824K, 0% used [0x0000000777e00000,0x0000000777e00000,0x0000000778b80000)
  to   space 14848K, 0% used [0x0000000779100000,0x0000000779100000,0x0000000779f80000)
 ParOldGen       total 86528K, used 17537K [0x00000006c0000000, 0x00000006c5480000, 0x000000076ab00000)
  object space 86528K, 20% used [0x00000006c0000000,0x00000006c1120478,0x00000006c5480000)
 Metaspace       used 33862K, capacity 35250K, committed 35456K, reserved 1081344K
  class space    used 4154K, capacity 4424K, committed 4480K, reserved 1048576K
}
Event: 6.361 GC heap before
{Heap before GC invocations=12 (full 2):
 PSYoungGen      total 229888K, used 216064K [0x000000076ab00000, 0x0000000779f80000, 0x00000007c0000000)
  eden space 216064K, 100% used [0x000000076ab00000,0x0000000777e00000,0x0000000777e00000)
  from space 13824K, 0% used [0x0000000777e00000,0x0000000777e00000,0x0000000778b80000)
  to   space 14848K, 0% used [0x0000000779100000,0x0000000779100000,0x0000000779f80000)
 ParOldGen       total 86528K, used 17537K [0x00000006c0000000, 0x00000006c5480000, 0x000000076ab00000)
  object space 86528K, 20% used [0x00000006c0000000,0x00000006c1120478,0x00000006c5480000)
 Metaspace       used 40168K, capacity 41684K, committed 42112K, reserved 1085440K
  class space    used 4889K, capacity 5191K, committed 5248K, reserved 1048576K
Event: 6.374 GC heap after
Heap after GC invocations=12 (full 2):
 PSYoungGen      total 235520K, used 8564K [0x000000076ab00000, 0x000000077cf80000, 0x00000007c0000000)
  eden space 220672K, 0% used [0x000000076ab00000,0x000000076ab00000,0x0000000778280000)
  from space 14848K, 57% used [0x0000000779100000,0x000000077995d318,0x0000000779f80000)
  to   space 14848K, 0% used [0x0000000778280000,0x0000000778280000,0x0000000779100000)
 ParOldGen       total 86528K, used 17537K [0x00000006c0000000, 0x00000006c5480000, 0x000000076ab00000)
  object space 86528K, 20% used [0x00000006c0000000,0x00000006c1120478,0x00000006c5480000)
 Metaspace       used 40168K, capacity 41684K, committed 42112K, reserved 1085440K
  class space    used 4889K, capacity 5191K, committed 5248K, reserved 1048576K
}
Event: 7.240 GC heap before
{Heap before GC invocations=13 (full 2):
 PSYoungGen      total 235520K, used 229236K [0x000000076ab00000, 0x000000077cf80000, 0x00000007c0000000)
  eden space 220672K, 100% used [0x000000076ab00000,0x0000000778280000,0x0000000778280000)
  from space 14848K, 57% used [0x0000000779100000,0x000000077995d318,0x0000000779f80000)
  to   space 14848K, 0% used [0x0000000778280000,0x0000000778280000,0x0000000779100000)
 ParOldGen       total 86528K, used 17537K [0x00000006c0000000, 0x00000006c5480000, 0x000000076ab00000)
  object space 86528K, 20% used [0x00000006c0000000,0x00000006c1120478,0x00000006c5480000)
 Metaspace       used 45205K, capacity 46752K, committed 47104K, reserved 1091584K
  class space    used 5475K, capacity 5779K, committed 5888K, reserved 1048576K
Event: 7.264 GC heap after
Heap after GC invocations=13 (full 2):
 PSYoungGen      total 235520K, used 14844K [0x000000076ab00000, 0x000000077e180000, 0x00000007c0000000)
  eden space 220672K, 0% used [0x000000076ab00000,0x000000076ab00000,0x0000000778280000)
  from space 14848K, 99% used [0x0000000778280000,0x00000007790ff360,0x0000000779100000)
  to   space 19968K, 0% used [0x000000077ce00000,0x000000077ce00000,0x000000077e180000)
 ParOldGen       total 86528K, used 26192K [0x00000006c0000000, 0x00000006c5480000, 0x000000076ab00000)
  object space 86528K, 30% used [0x00000006c0000000,0x00000006c1994088,0x00000006c5480000)
 Metaspace       used 45205K, capacity 46752K, committed 47104K, reserved 1091584K
  class space    used 5475K, capacity 5779K, committed 5888K, reserved 1048576K
}

