# JRE version: OpenJDK Runtime Environment (8.0_372-b07) (build 1.8.0_372-b07)
# Java VM: OpenJDK 64-Bit Server VM (25.372-b07 mixed mode linux-amd64 compressed oops)
Heap:
 PSYoungGen      total 229376K, used 192451K [0x000000076ab00000, 0x000000077d680000, 0x00000007c0000000)
  eden space 214528K, 82% used [0x000000076ab00000,0x0000000775875160,0x0000000777c80000)
  from space 14848K, 99% used [0x0000000777c80000,0x0000000778afbd40,0x0000000778b00000)
  to   space 19968K, 0% used [0x000000077c300000,0x000000077c300000,0x000000077d680000)
 ParOldGen       total 86016K, used 26241K [0x00000006c0000000, 0x00000006c5400000, 0x000000076ab00000)
  object space 86016K, 30% used [0x00000006c0000000,0x00000006c19a0408,0x00000006c5400000)
 Metaspace       used 51000K, capacity 52730K, committed 53248K, reserved 1095680K
  class space    used 6032K, capacity 6396K, committed 6400K, reserved 1048576K
GC Heap History (10 events):
Event: 4.289 GC heap before
{Heap before GC invocations=9 (full 1):
 PSYoungGen      total 119296K, used 109568K [0x000000076ab00000, 0x0000000779c00000, 0x00000007c0000000)
  eden space 109568K, 100% used [0x000000076ab00000,0x0000000771600000,0x0000000771600000)
  from space 9728K, 0% used [0x0000000771600000,0x0000000771600000,0x0000000771f80000)
  to   space 13824K, 0% used [0x0000000778e80000,0x0000000778e80000,0x0000000779c00000)
 ParOldGen       total 60928K, used 14694K [0x00000006c0000000, 0x00000006c3b80000, 0x000000076ab00000)
  object space 60928K, 24% used [0x00000006c0000000,0x00000006c0e59ad0,0x00000006c3b80000)
 Metaspace       used 28936K, capacity 30286K, committed 30720K, reserved 1077248K
  class space    used 3553K, capacity 3828K, committed 3840K, reserved 1048576K
Event: 4.306 GC heap after
Heap after GC invocations=9 (full 1):
 PSYoungGen      total 174080K, used 9755K [0x000000076ab00000, 0x0000000779880000, 0x00000007c0000000)
  eden space 163840K, 0% used [0x000000076ab00000,0x000000076ab00000,0x0000000774b00000)
  from space 10240K, 95% used [0x0000000778e80000,0x0000000779806de8,0x0000000779880000)
  to   space 14336K, 0% used [0x0000000777c80000,0x0000000777c80000,0x0000000778a80000)
 ParOldGen       total 60928K, used 14702K [0x00000006c0000000, 0x00000006c3b80000, 0x000000076ab00000)
  object space 60928K, 24% used [0x00000006c0000000,0x00000006c0e5bad0,0x00000006c3b80000)
 Metaspace       used 28936K, capacity 30286K, committed 30720K, reserved 1077248K
  class space    used 3553K, capacity 3828K, committed 3840K, reserved 1048576K
}
Event: 4.972 GC heap before
{Heap before GC invocations=10 (full 1):
 PSYoungGen      total 174080K, used 120189K [0x000000076ab00000, 0x0000000779880000, 0x00000007c0000000)
  eden space 163840K, 67% used [0x000000076ab00000,0x00000007716d86a0,0x0000000774b00000)
  from space 10240K, 95% used [0x0000000778e80000,0x0000000779806de8,0x0000000779880000)
  to   space 14336K, 0% used [0x0000000777c80000,0x0000000777c80000,0x0000000778a80000)
 ParOldGen       total 60928K, used 14702K [0x00000006c0000000, 0x00000006c3b80000, 0x000000076ab00000)
  object space 60928K, 24% used [0x00000006c0000000,0x00000006c0e5bad0,0x00000006c3b80000)
 Metaspace       used 33701K, capacity 35110K, committed 35456K, reserved 1081344K
  class space    used 4134K, capacity 4412K, committed 4480K, reserved 1048576K
Event: 4.994 GC heap after
Heap after GC invocations=10 (full 1):
 PSYoungGen      total 228864K, used 10556K [0x000000076ab00000, 0x0000000779980000, 0x00000007c0000000)
  eden space 214528K, 0% used [0x000000076ab00000,0x000000076ab00000,0x0000000777c80000)
  from space 14336K, 73% used [0x0000000777c80000,0x00000007786cf038,0x0000000778a80000)
  to   space 14848K, 0% used [0x0000000778b00000,0x0000000778b00000,0x0000000779980000)
 ParOldGen       total 60928K, used 14710K [0x00000006c0000000, 0x00000006c3b80000, 0x000000076ab00000)
  object space 60928K, 24% used [0x00000006c0000000,0x00000006c0e5dad0,0x00000006c3b80000)
 Metaspace       used 33701K, capacity 35110K, committed 35456K, reserved 1081344K
  class space    used 4134K, capacity 4412K, committed 4480K, reserved 1048576K
}
Event: 4.994 GC heap before
{Heap before GC invocations=11 (full 2):
 PSYoungGen      total 228864K, used 10556K [0x000000076ab00000, 0x0000000779980000, 0x00000007c0000000)
  eden space 214528K, 0% used [0x000000076ab00000,0x000000076ab00000,0x0000000777c80000)
  from space 14336K, 73% used [0x0000000777c80000,0x00000007786cf038,0x0000000778a80000)
  to   space 14848K, 0% used [0x0000000778b00000,0x0000000778b00000,0x0000000779980000)
 ParOldGen       total 60928K, used 14710K [0x00000006c0000000, 0x00000006c3b80000, 0x000000076ab00000)
  object space 60928K, 24% used [0x00000006c0000000,0x00000006c0e5dad0,0x00000006c3b80000)
 Metaspace       used 33701K, capacity 35110K, committed 35456K, reserved 1081344K
  class space    used 4134K, capacity 4412K, committed 4480K, reserved 1048576K
Event: 5.070 GC heap after
Heap after GC invocations=11 (full 2):
 PSYoungGen      total 228864K, used 0K [0x000000076ab00000, 0x0000000779980000, 0x00000007c0000000)
  eden space 214528K, 0% used [0x000000076ab00000,0x000000076ab00000,0x0000000777c80000)
  from space 14336K, 0% used [0x0000000777c80000,0x0000000777c80000,0x0000000778a80000)
  to   space 14848K, 0% used [0x0000000778b00000,0x0000000778b00000,0x0000000779980000)
 ParOldGen       total 86016K, used 17195K [0x00000006c0000000, 0x00000006c5400000, 0x000000076ab00000)
  object space 86016K, 19% used [0x00000006c0000000,0x00000006c10cac78,0x00000006c5400000)
 Metaspace       used 33701K, capacity 35110K, committed 35456K, reserved 1081344K
  class space    used 4134K, capacity 4412K, committed 4480K, reserved 1048576K
}
Event: 6.050 GC heap before
{Heap before GC invocations=12 (full 2):
 PSYoungGen      total 228864K, used 214528K [0x000000076ab00000, 0x0000000779980000, 0x00000007c0000000)
  eden space 214528K, 100% used [0x000000076ab00000,0x0000000777c80000,0x0000000777c80000)
  from space 14336K, 0% used [0x0000000777c80000,0x0000000777c80000,0x0000000778a80000)
  to   space 14848K, 0% used [0x0000000778b00000,0x0000000778b00000,0x0000000779980000)
 ParOldGen       total 86016K, used 17195K [0x00000006c0000000, 0x00000006c5400000, 0x000000076ab00000)
  object space 86016K, 19% used [0x00000006c0000000,0x00000006c10cac78,0x00000006c5400000)
 Metaspace       used 40253K, capacity 41812K, committed 42368K, reserved 1087488K
  class space    used 4895K, capacity 5207K, committed 5248K, reserved 1048576K
Event: 6.058 GC heap after
Heap after GC invocations=12 (full 2):
 PSYoungGen      total 229376K, used 8842K [0x000000076ab00000, 0x000000077ce80000, 0x00000007c0000000)
  eden space 214528K, 0% used [0x000000076ab00000,0x000000076ab00000,0x0000000777c80000)
  from space 14848K, 59% used [0x0000000778b00000,0x00000007793a2ac0,0x0000000779980000)
  to   space 14848K, 0% used [0x0000000777c80000,0x0000000777c80000,0x0000000778b00000)
 ParOldGen       total 86016K, used 17203K [0x00000006c0000000, 0x00000006c5400000, 0x000000076ab00000)
  object space 86016K, 19% used [0x00000006c0000000,0x00000006c10ccc78,0x00000006c5400000)
 Metaspace       used 40253K, capacity 41812K, committed 42368K, reserved 1087488K
  class space    used 4895K, capacity 5207K, committed 5248K, reserved 1048576K
}
Event: 7.026 GC heap before
{Heap before GC invocations=13 (full 2):
 PSYoungGen      total 229376K, used 223370K [0x000000076ab00000, 0x000000077ce80000, 0x00000007c0000000)
  eden space 214528K, 100% used [0x000000076ab00000,0x0000000777c80000,0x0000000777c80000)
  from space 14848K, 59% used [0x0000000778b00000,0x00000007793a2ac0,0x0000000779980000)
  to   space 14848K, 0% used [0x0000000777c80000,0x0000000777c80000,0x0000000778b00000)
 ParOldGen       total 86016K, used 17203K [0x00000006c0000000, 0x00000006c5400000, 0x000000076ab00000)
  object space 86016K, 19% used [0x00000006c0000000,0x00000006c10ccc78,0x00000006c5400000)
 Metaspace       used 45622K, capacity 47266K, committed 47616K, reserved 1091584K
  class space    used 5518K, capacity 5834K, committed 5888K, reserved 1048576K
Event: 7.042 GC heap after
Heap after GC invocations=13 (full 2):
 PSYoungGen      total 229376K, used 14831K [0x000000076ab00000, 0x000000077d680000, 0x00000007c0000000)
  eden space 214528K, 0% used [0x000000076ab00000,0x000000076ab00000,0x0000000777c80000)
  from space 14848K, 99% used [0x0000000777c80000,0x0000000778afbd40,0x0000000778b00000)
  to   space 19968K, 0% used [0x000000077c300000,0x000000077c300000,0x000000077d680000)
 ParOldGen       total 86016K, used 26241K [0x00000006c0000000, 0x00000006c5400000, 0x000000076ab00000)
  object space 86016K, 30% used [0x00000006c0000000,0x00000006c19a0408,0x00000006c5400000)
 Metaspace       used 45622K, capacity 47266K, committed 47616K, reserved 1091584K
  class space    used 5518K, capacity 5834K, committed 5888K, reserved 1048576K
}

