# JRE version: OpenJDK Runtime Environment (8.0_372-b07) (build 1.8.0_372-b07)
# Java VM: OpenJDK 64-Bit Server VM (25.372-b07 mixed mode linux-amd64 compressed oops)
Heap:
 PSYoungGen      total 242688K, used 230472K [0x000000076ab00000, 0x000000077e780000, 0x00000007c0000000)
  eden space 227840K, 94% used [0x000000076ab00000,0x0000000777d98758,0x0000000778980000)
  from space 14848K, 99% used [0x0000000778980000,0x00000007797f9bb8,0x0000000779800000)
  to   space 19968K, 0% used [0x000000077d400000,0x000000077d400000,0x000000077e780000)
 ParOldGen       total 84480K, used 26350K [0x00000006c0000000, 0x00000006c5280000, 0x000000076ab00000)
  object space 84480K, 31% used [0x00000006c0000000,0x00000006c19bba78,0x00000006c5280000)
 Metaspace       used 50925K, capacity 52620K, committed 52992K, reserved 1095680K
  class space    used 6023K, capacity 6373K, committed 6400K, reserved 1048576K
GC Heap History (10 events):
Event: 4.150 GC heap before
{Heap before GC invocations=9 (full 1):
 PSYoungGen      total 119296K, used 110080K [0x000000076ab00000, 0x0000000779d00000, 0x00000007c0000000)
  eden space 110080K, 100% used [0x000000076ab00000,0x0000000771680000,0x0000000771680000)
  from space 9216K, 0% used [0x0000000771680000,0x0000000771680000,0x0000000771f80000)
  to   space 13824K, 0% used [0x0000000778f80000,0x0000000778f80000,0x0000000779d00000)
 ParOldGen       total 59904K, used 14706K [0x00000006c0000000, 0x00000006c3a80000, 0x000000076ab00000)
  object space 59904K, 24% used [0x00000006c0000000,0x00000006c0e5c8a8,0x00000006c3a80000)
 Metaspace       used 28726K, capacity 30050K, committed 30208K, reserved 1075200K
  class space    used 3534K, capacity 3806K, committed 3840K, reserved 1048576K
Event: 4.169 GC heap after
Heap after GC invocations=9 (full 1):
 PSYoungGen      total 181248K, used 9207K [0x000000076ab00000, 0x0000000779880000, 0x00000007c0000000)
  eden space 172032K, 0% used [0x000000076ab00000,0x000000076ab00000,0x0000000775300000)
  from space 9216K, 99% used [0x0000000778f80000,0x000000077987dce0,0x0000000779880000)
  to   space 14336K, 0% used [0x0000000777c80000,0x0000000777c80000,0x0000000778a80000)
 ParOldGen       total 59904K, used 14714K [0x00000006c0000000, 0x00000006c3a80000, 0x000000076ab00000)
  object space 59904K, 24% used [0x00000006c0000000,0x00000006c0e5e8a8,0x00000006c3a80000)
 Metaspace       used 28726K, capacity 30050K, committed 30208K, reserved 1075200K
  class space    used 3534K, capacity 3806K, committed 3840K, reserved 1048576K
}
Event: 4.890 GC heap before
{Heap before GC invocations=10 (full 1):
 PSYoungGen      total 181248K, used 129841K [0x000000076ab00000, 0x0000000779880000, 0x00000007c0000000)
  eden space 172032K, 70% used [0x000000076ab00000,0x00000007720ce9b8,0x0000000775300000)
  from space 9216K, 99% used [0x0000000778f80000,0x000000077987dce0,0x0000000779880000)
  to   space 14336K, 0% used [0x0000000777c80000,0x0000000777c80000,0x0000000778a80000)
 ParOldGen       total 59904K, used 14714K [0x00000006c0000000, 0x00000006c3a80000, 0x000000076ab00000)
  object space 59904K, 24% used [0x00000006c0000000,0x00000006c0e5e8a8,0x00000006c3a80000)
 Metaspace       used 33826K, capacity 35238K, committed 35456K, reserved 1081344K
  class space    used 4160K, capacity 4424K, committed 4480K, reserved 1048576K
Event: 4.903 GC heap after
Heap after GC invocations=10 (full 1):
 PSYoungGen      total 228864K, used 10888K [0x000000076ab00000, 0x000000077a680000, 0x00000007c0000000)
  eden space 214528K, 0% used [0x000000076ab00000,0x000000076ab00000,0x0000000777c80000)
  from space 14336K, 75% used [0x0000000777c80000,0x0000000778722010,0x0000000778a80000)
  to   space 14848K, 0% used [0x0000000779800000,0x0000000779800000,0x000000077a680000)
 ParOldGen       total 59904K, used 14722K [0x00000006c0000000, 0x00000006c3a80000, 0x000000076ab00000)
  object space 59904K, 24% used [0x00000006c0000000,0x00000006c0e608a8,0x00000006c3a80000)
 Metaspace       used 33826K, capacity 35238K, committed 35456K, reserved 1081344K
  class space    used 4160K, capacity 4424K, committed 4480K, reserved 1048576K
}
Event: 4.903 GC heap before
{Heap before GC invocations=11 (full 2):
 PSYoungGen      total 228864K, used 10888K [0x000000076ab00000, 0x000000077a680000, 0x00000007c0000000)
  eden space 214528K, 0% used [0x000000076ab00000,0x000000076ab00000,0x0000000777c80000)
  from space 14336K, 75% used [0x0000000777c80000,0x0000000778722010,0x0000000778a80000)
  to   space 14848K, 0% used [0x0000000779800000,0x0000000779800000,0x000000077a680000)
 ParOldGen       total 59904K, used 14722K [0x00000006c0000000, 0x00000006c3a80000, 0x000000076ab00000)
  object space 59904K, 24% used [0x00000006c0000000,0x00000006c0e608a8,0x00000006c3a80000)
 Metaspace       used 33826K, capacity 35238K, committed 35456K, reserved 1081344K
  class space    used 4160K, capacity 4424K, committed 4480K, reserved 1048576K
Event: 4.985 GC heap after
Heap after GC invocations=11 (full 2):
 PSYoungGen      total 228864K, used 0K [0x000000076ab00000, 0x000000077a680000, 0x00000007c0000000)
  eden space 214528K, 0% used [0x000000076ab00000,0x000000076ab00000,0x0000000777c80000)
  from space 14336K, 0% used [0x0000000777c80000,0x0000000777c80000,0x0000000778a80000)
  to   space 14848K, 0% used [0x0000000779800000,0x0000000779800000,0x000000077a680000)
 ParOldGen       total 84480K, used 17642K [0x00000006c0000000, 0x00000006c5280000, 0x000000076ab00000)
  object space 84480K, 20% used [0x00000006c0000000,0x00000006c113a980,0x00000006c5280000)
 Metaspace       used 33826K, capacity 35238K, committed 35456K, reserved 1081344K
  class space    used 4160K, capacity 4424K, committed 4480K, reserved 1048576K
}
Event: 5.990 GC heap before
{Heap before GC invocations=12 (full 2):
 PSYoungGen      total 228864K, used 214528K [0x000000076ab00000, 0x000000077a680000, 0x00000007c0000000)
  eden space 214528K, 100% used [0x000000076ab00000,0x0000000777c80000,0x0000000777c80000)
  from space 14336K, 0% used [0x0000000777c80000,0x0000000777c80000,0x0000000778a80000)
  to   space 14848K, 0% used [0x0000000779800000,0x0000000779800000,0x000000077a680000)
 ParOldGen       total 84480K, used 17642K [0x00000006c0000000, 0x00000006c5280000, 0x000000076ab00000)
  object space 84480K, 20% used [0x00000006c0000000,0x00000006c113a980,0x00000006c5280000)
 Metaspace       used 40180K, capacity 41672K, committed 42112K, reserved 1085440K
  class space    used 4896K, capacity 5191K, committed 5248K, reserved 1048576K
Event: 6.002 GC heap after
Heap after GC invocations=12 (full 2):
 PSYoungGen      total 242688K, used 8637K [0x000000076ab00000, 0x000000077ce80000, 0x00000007c0000000)
  eden space 227840K, 0% used [0x000000076ab00000,0x000000076ab00000,0x0000000778980000)
  from space 14848K, 58% used [0x0000000779800000,0x000000077a06f5e0,0x000000077a680000)
  to   space 14848K, 0% used [0x0000000778980000,0x0000000778980000,0x0000000779800000)
 ParOldGen       total 84480K, used 17650K [0x00000006c0000000, 0x00000006c5280000, 0x000000076ab00000)
  object space 84480K, 20% used [0x00000006c0000000,0x00000006c113c980,0x00000006c5280000)
 Metaspace       used 40180K, capacity 41672K, committed 42112K, reserved 1085440K
  class space    used 4896K, capacity 5191K, committed 5248K, reserved 1048576K
}
Event: 7.063 GC heap before
{Heap before GC invocations=13 (full 2):
 PSYoungGen      total 242688K, used 236477K [0x000000076ab00000, 0x000000077ce80000, 0x00000007c0000000)
  eden space 227840K, 100% used [0x000000076ab00000,0x0000000778980000,0x0000000778980000)
  from space 14848K, 58% used [0x0000000779800000,0x000000077a06f5e0,0x000000077a680000)
  to   space 14848K, 0% used [0x0000000778980000,0x0000000778980000,0x0000000779800000)
 ParOldGen       total 84480K, used 17650K [0x00000006c0000000, 0x00000006c5280000, 0x000000076ab00000)
  object space 84480K, 20% used [0x00000006c0000000,0x00000006c113c980,0x00000006c5280000)
 Metaspace       used 44923K, capacity 46548K, committed 46848K, reserved 1089536K
  class space    used 5464K, capacity 5779K, committed 5888K, reserved 1048576K
Event: 7.084 GC heap after
Heap after GC invocations=13 (full 2):
 PSYoungGen      total 242688K, used 14822K [0x000000076ab00000, 0x000000077e780000, 0x00000007c0000000)
  eden space 227840K, 0% used [0x000000076ab00000,0x000000076ab00000,0x0000000778980000)
  from space 14848K, 99% used [0x0000000778980000,0x00000007797f9bb8,0x0000000779800000)
  to   space 19968K, 0% used [0x000000077d400000,0x000000077d400000,0x000000077e780000)
 ParOldGen       total 84480K, used 26350K [0x00000006c0000000, 0x00000006c5280000, 0x000000076ab00000)
  object space 84480K, 31% used [0x00000006c0000000,0x00000006c19bba78,0x00000006c5280000)
 Metaspace       used 44923K, capacity 46548K, committed 46848K, reserved 1089536K
  class space    used 5464K, capacity 5779K, committed 5888K, reserved 1048576K
}

