# JRE version: OpenJDK Runtime Environment (8.0_372-b07) (build 1.8.0_372-b07)
# Java VM: OpenJDK 64-Bit Server VM (25.372-b07 mixed mode linux-amd64 compressed oops)
Heap:
 PSYoungGen      total 226304K, used 163115K [0x000000076ab00000, 0x000000077d080000, 0x00000007c0000000)
  eden space 211456K, 70% used [0x000000076ab00000,0x0000000773bcd260,0x0000000777980000)
  from space 14848K, 99% used [0x0000000777980000,0x00000007787fdbd0,0x0000000778800000)
  to   space 20480K, 0% used [0x000000077bc80000,0x000000077bc80000,0x000000077d080000)
 ParOldGen       total 91648K, used 27178K [0x00000006c0000000, 0x00000006c5980000, 0x000000076ab00000)
  object space 91648K, 29% used [0x00000006c0000000,0x00000006c1a8a910,0x00000006c5980000)
 Metaspace       used 50891K, capacity 52552K, committed 52992K, reserved 1095680K
  class space    used 6017K, capacity 6373K, committed 6400K, reserved 1048576K
GC Heap History (10 events):
Event: 4.469 GC heap before
{Heap before GC invocations=9 (full 1):
 PSYoungGen      total 119296K, used 110080K [0x000000076ab00000, 0x0000000779d00000, 0x00000007c0000000)
  eden space 110080K, 100% used [0x000000076ab00000,0x0000000771680000,0x0000000771680000)
  from space 9216K, 0% used [0x0000000771680000,0x0000000771680000,0x0000000771f80000)
  to   space 13824K, 0% used [0x0000000778f80000,0x0000000778f80000,0x0000000779d00000)
 ParOldGen       total 62464K, used 14721K [0x00000006c0000000, 0x00000006c3d00000, 0x000000076ab00000)
  object space 62464K, 23% used [0x00000006c0000000,0x00000006c0e60480,0x00000006c3d00000)
 Metaspace       used 28860K, capacity 30238K, committed 30464K, reserved 1075200K
  class space    used 3536K, capacity 3806K, committed 3840K, reserved 1048576K
Event: 4.481 GC heap after
Heap after GC invocations=9 (full 1):
 PSYoungGen      total 169984K, used 9691K [0x000000076ab00000, 0x0000000779900000, 0x00000007c0000000)
  eden space 160256K, 0% used [0x000000076ab00000,0x000000076ab00000,0x0000000774780000)
  from space 9728K, 99% used [0x0000000778f80000,0x00000007798f6f10,0x0000000779900000)
  to   space 14336K, 0% used [0x0000000777d00000,0x0000000777d00000,0x0000000778b00000)
 ParOldGen       total 62464K, used 14793K [0x00000006c0000000, 0x00000006c3d00000, 0x000000076ab00000)
  object space 62464K, 23% used [0x00000006c0000000,0x00000006c0e72490,0x00000006c3d00000)
 Metaspace       used 28860K, capacity 30238K, committed 30464K, reserved 1075200K
  class space    used 3536K, capacity 3806K, committed 3840K, reserved 1048576K
}
Event: 5.186 GC heap before
{Heap before GC invocations=10 (full 1):
 PSYoungGen      total 169984K, used 128020K [0x000000076ab00000, 0x0000000779900000, 0x00000007c0000000)
  eden space 160256K, 73% used [0x000000076ab00000,0x0000000771e8e120,0x0000000774780000)
  from space 9728K, 99% used [0x0000000778f80000,0x00000007798f6f10,0x0000000779900000)
  to   space 14336K, 0% used [0x0000000777d00000,0x0000000777d00000,0x0000000778b00000)
 ParOldGen       total 62464K, used 14793K [0x00000006c0000000, 0x00000006c3d00000, 0x000000076ab00000)
  object space 62464K, 23% used [0x00000006c0000000,0x00000006c0e72490,0x00000006c3d00000)
 Metaspace       used 33848K, capacity 35234K, committed 35456K, reserved 1081344K
  class space    used 4154K, capacity 4424K, committed 4480K, reserved 1048576K
Event: 5.201 GC heap after
Heap after GC invocations=10 (full 1):
 PSYoungGen      total 216064K, used 10854K [0x000000076ab00000, 0x0000000779100000, 0x00000007c0000000)
  eden space 204800K, 0% used [0x000000076ab00000,0x000000076ab00000,0x0000000777300000)
  from space 11264K, 96% used [0x0000000777d00000,0x0000000778799ae8,0x0000000778800000)
  to   space 9216K, 0% used [0x0000000778800000,0x0000000778800000,0x0000000779100000)
 ParOldGen       total 62464K, used 14801K [0x00000006c0000000, 0x00000006c3d00000, 0x000000076ab00000)
  object space 62464K, 23% used [0x00000006c0000000,0x00000006c0e74490,0x00000006c3d00000)
 Metaspace       used 33848K, capacity 35234K, committed 35456K, reserved 1081344K
  class space    used 4154K, capacity 4424K, committed 4480K, reserved 1048576K
}
Event: 5.201 GC heap before
{Heap before GC invocations=11 (full 2):
 PSYoungGen      total 216064K, used 10854K [0x000000076ab00000, 0x0000000779100000, 0x00000007c0000000)
  eden space 204800K, 0% used [0x000000076ab00000,0x000000076ab00000,0x0000000777300000)
  from space 11264K, 96% used [0x0000000777d00000,0x0000000778799ae8,0x0000000778800000)
  to   space 9216K, 0% used [0x0000000778800000,0x0000000778800000,0x0000000779100000)
 ParOldGen       total 62464K, used 14801K [0x00000006c0000000, 0x00000006c3d00000, 0x000000076ab00000)
  object space 62464K, 23% used [0x00000006c0000000,0x00000006c0e74490,0x00000006c3d00000)
 Metaspace       used 33848K, capacity 35234K, committed 35456K, reserved 1081344K
  class space    used 4154K, capacity 4424K, committed 4480K, reserved 1048576K
Event: 5.291 GC heap after
Heap after GC invocations=11 (full 2):
 PSYoungGen      total 216064K, used 0K [0x000000076ab00000, 0x0000000779100000, 0x00000007c0000000)
  eden space 204800K, 0% used [0x000000076ab00000,0x000000076ab00000,0x0000000777300000)
  from space 11264K, 0% used [0x0000000777d00000,0x0000000777d00000,0x0000000778800000)
  to   space 9216K, 0% used [0x0000000778800000,0x0000000778800000,0x0000000779100000)
 ParOldGen       total 91648K, used 17515K [0x00000006c0000000, 0x00000006c5980000, 0x000000076ab00000)
  object space 91648K, 19% used [0x00000006c0000000,0x00000006c111ace0,0x00000006c5980000)
 Metaspace       used 33848K, capacity 35234K, committed 35456K, reserved 1081344K
  class space    used 4154K, capacity 4424K, committed 4480K, reserved 1048576K
}
Event: 6.263 GC heap before
{Heap before GC invocations=12 (full 2):
 PSYoungGen      total 216064K, used 204800K [0x000000076ab00000, 0x0000000779100000, 0x00000007c0000000)
  eden space 204800K, 100% used [0x000000076ab00000,0x0000000777300000,0x0000000777300000)
  from space 11264K, 0% used [0x0000000777d00000,0x0000000777d00000,0x0000000778800000)
  to   space 9216K, 0% used [0x0000000778800000,0x0000000778800000,0x0000000779100000)
 ParOldGen       total 91648K, used 17515K [0x00000006c0000000, 0x00000006c5980000, 0x000000076ab00000)
  object space 91648K, 19% used [0x00000006c0000000,0x00000006c111ace0,0x00000006c5980000)
 Metaspace       used 40195K, capacity 41636K, committed 42112K, reserved 1085440K
  class space    used 4885K, capacity 5185K, committed 5248K, reserved 1048576K
Event: 6.277 GC heap after
Heap after GC invocations=12 (full 2):
 PSYoungGen      total 220672K, used 8480K [0x000000076ab00000, 0x000000077bc00000, 0x00000007c0000000)
  eden space 211456K, 0% used [0x000000076ab00000,0x000000076ab00000,0x0000000777980000)
  from space 9216K, 92% used [0x0000000778800000,0x0000000779048368,0x0000000779100000)
  to   space 14848K, 0% used [0x0000000777980000,0x0000000777980000,0x0000000778800000)
 ParOldGen       total 91648K, used 17523K [0x00000006c0000000, 0x00000006c5980000, 0x000000076ab00000)
  object space 91648K, 19% used [0x00000006c0000000,0x00000006c111cce0,0x00000006c5980000)
 Metaspace       used 40195K, capacity 41636K, committed 42112K, reserved 1085440K
  class space    used 4885K, capacity 5185K, committed 5248K, reserved 1048576K
}
Event: 7.330 GC heap before
{Heap before GC invocations=13 (full 2):
 PSYoungGen      total 220672K, used 219936K [0x000000076ab00000, 0x000000077bc00000, 0x00000007c0000000)
  eden space 211456K, 100% used [0x000000076ab00000,0x0000000777980000,0x0000000777980000)
  from space 9216K, 92% used [0x0000000778800000,0x0000000779048368,0x0000000779100000)
  to   space 14848K, 0% used [0x0000000777980000,0x0000000777980000,0x0000000778800000)
 ParOldGen       total 91648K, used 17523K [0x00000006c0000000, 0x00000006c5980000, 0x000000076ab00000)
  object space 91648K, 19% used [0x00000006c0000000,0x00000006c111cce0,0x00000006c5980000)
 Metaspace       used 45919K, capacity 47504K, committed 47872K, reserved 1091584K
  class space    used 5549K, capacity 5843K, committed 5888K, reserved 1048576K
Event: 7.355 GC heap after
Heap after GC invocations=13 (full 2):
 PSYoungGen      total 226304K, used 14838K [0x000000076ab00000, 0x000000077d080000, 0x00000007c0000000)
  eden space 211456K, 0% used [0x000000076ab00000,0x000000076ab00000,0x0000000777980000)
  from space 14848K, 99% used [0x0000000777980000,0x00000007787fdbd0,0x0000000778800000)
  to   space 20480K, 0% used [0x000000077bc80000,0x000000077bc80000,0x000000077d080000)
 ParOldGen       total 91648K, used 27178K [0x00000006c0000000, 0x00000006c5980000, 0x000000076ab00000)
  object space 91648K, 29% used [0x00000006c0000000,0x00000006c1a8a910,0x00000006c5980000)
 Metaspace       used 45919K, capacity 47504K, committed 47872K, reserved 1091584K
  class space    used 5549K, capacity 5843K, committed 5888K, reserved 1048576K
}

