# JRE version: OpenJDK Runtime Environment (8.0_372-b07) (build 1.8.0_372-b07)
# Java VM: OpenJDK 64-Bit Server VM (25.372-b07 mixed mode linux-amd64 compressed oops)
Heap:
 PSYoungGen      total 310272K, used 192911K [0x000000076ab00000, 0x000000077e300000, 0x00000007c0000000)
  eden space 302080K, 63% used [0x000000076ab00000,0x0000000776763fb8,0x000000077d200000)
  from space 8192K, 0% used [0x000000077db00000,0x000000077db00000,0x000000077e300000)
  to   space 8704K, 0% used [0x000000077d200000,0x000000077d200000,0x000000077da80000)
 ParOldGen       total 69120K, used 9221K [0x00000006c0000000, 0x00000006c4380000, 0x000000076ab00000)
  object space 69120K, 13% used [0x00000006c0000000,0x00000006c0901690,0x00000006c4380000)
 Metaspace       used 41388K, capacity 42584K, committed 42968K, reserved 1087488K
  class space    used 5283K, capacity 5522K, committed 5632K, reserved 1048576K
GC Heap History (10 events):
Event: 3.230 GC heap before
{Heap before GC invocations=8 (full 0):
 PSYoungGen      total 117760K, used 55266K [0x000000076ab00000, 0x0000000779500000, 0x00000007c0000000)
  eden space 112128K, 44% used [0x000000076ab00000,0x000000076db7aba0,0x0000000771880000)
  from space 5632K, 99% used [0x0000000771880000,0x0000000771dfe040,0x0000000771e00000)
  to   space 7680K, 0% used [0x0000000778d80000,0x0000000778d80000,0x0000000779500000)
 ParOldGen       total 75264K, used 3001K [0x00000006c0000000, 0x00000006c4980000, 0x000000076ab00000)
  object space 75264K, 3% used [0x00000006c0000000,0x00000006c02ee458,0x00000006c4980000)
 Metaspace       used 20262K, capacity 21102K, committed 21248K, reserved 1067008K
  class space    used 2822K, capacity 3019K, committed 3072K, reserved 1048576K
Event: 3.249 GC heap after
Heap after GC invocations=8 (full 0):
 PSYoungGen      total 230912K, used 3671K [0x000000076ab00000, 0x0000000779400000, 0x00000007c0000000)
  eden space 224256K, 0% used [0x000000076ab00000,0x000000076ab00000,0x0000000778600000)
  from space 6656K, 55% used [0x0000000778d80000,0x0000000779115d00,0x0000000779400000)
  to   space 7168K, 0% used [0x0000000778600000,0x0000000778600000,0x0000000778d00000)
 ParOldGen       total 75264K, used 3513K [0x00000006c0000000, 0x00000006c4980000, 0x000000076ab00000)
  object space 75264K, 4% used [0x00000006c0000000,0x00000006c036e458,0x00000006c4980000)
 Metaspace       used 20262K, capacity 21102K, committed 21248K, reserved 1067008K
  class space    used 2822K, capacity 3019K, committed 3072K, reserved 1048576K
}
Event: 3.249 GC heap before
{Heap before GC invocations=9 (full 1):
 PSYoungGen      total 230912K, used 3671K [0x000000076ab00000, 0x0000000779400000, 0x00000007c0000000)
  eden space 224256K, 0% used [0x000000076ab00000,0x000000076ab00000,0x0000000778600000)
  from space 6656K, 55% used [0x0000000778d80000,0x0000000779115d00,0x0000000779400000)
  to   space 7168K, 0% used [0x0000000778600000,0x0000000778600000,0x0000000778d00000)
 ParOldGen       total 75264K, used 3513K [0x00000006c0000000, 0x00000006c4980000, 0x000000076ab00000)
  object space 75264K, 4% used [0x00000006c0000000,0x00000006c036e458,0x00000006c4980000)
 Metaspace       used 20262K, capacity 21102K, committed 21248K, reserved 1067008K
  class space    used 2822K, capacity 3019K, committed 3072K, reserved 1048576K
Event: 3.297 GC heap after
Heap after GC invocations=9 (full 1):
 PSYoungGen      total 230912K, used 0K [0x000000076ab00000, 0x0000000779400000, 0x00000007c0000000)
  eden space 224256K, 0% used [0x000000076ab00000,0x000000076ab00000,0x0000000778600000)
  from space 6656K, 0% used [0x0000000778d80000,0x0000000778d80000,0x0000000779400000)
  to   space 7168K, 0% used [0x0000000778600000,0x0000000778600000,0x0000000778d00000)
 ParOldGen       total 46080K, used 5873K [0x00000006c0000000, 0x00000006c2d00000, 0x000000076ab00000)
  object space 46080K, 12% used [0x00000006c0000000,0x00000006c05bc570,0x00000006c2d00000)
 Metaspace       used 20262K, capacity 21102K, committed 21248K, reserved 1067008K
  class space    used 2822K, capacity 3019K, committed 3072K, reserved 1048576K
}
Event: 4.657 GC heap before
{Heap before GC invocations=10 (full 1):
 PSYoungGen      total 230912K, used 224256K [0x000000076ab00000, 0x0000000779400000, 0x00000007c0000000)
  eden space 224256K, 100% used [0x000000076ab00000,0x0000000778600000,0x0000000778600000)
  from space 6656K, 0% used [0x0000000778d80000,0x0000000778d80000,0x0000000779400000)
  to   space 7168K, 0% used [0x0000000778600000,0x0000000778600000,0x0000000778d00000)
 ParOldGen       total 46080K, used 5873K [0x00000006c0000000, 0x00000006c2d00000, 0x000000076ab00000)
  object space 46080K, 12% used [0x00000006c0000000,0x00000006c05bc570,0x00000006c2d00000)
 Metaspace       used 30798K, capacity 31830K, committed 32000K, reserved 1077248K
  class space    used 4096K, capacity 4288K, committed 4352K, reserved 1048576K
Event: 4.667 GC heap after
Heap after GC invocations=10 (full 1):
 PSYoungGen      total 231424K, used 7156K [0x000000076ab00000, 0x000000077e400000, 0x00000007c0000000)
  eden space 224256K, 0% used [0x000000076ab00000,0x000000076ab00000,0x0000000778600000)
  from space 7168K, 99% used [0x0000000778600000,0x0000000778cfd3d0,0x0000000778d00000)
  to   space 9216K, 0% used [0x000000077db00000,0x000000077db00000,0x000000077e400000)
 ParOldGen       total 46080K, used 8377K [0x00000006c0000000, 0x00000006c2d00000, 0x000000076ab00000)
  object space 46080K, 18% used [0x00000006c0000000,0x00000006c082e4b8,0x00000006c2d00000)
 Metaspace       used 30798K, capacity 31830K, committed 32000K, reserved 1077248K
  class space    used 4096K, capacity 4288K, committed 4352K, reserved 1048576K
}
Event: 5.273 GC heap before
{Heap before GC invocations=11 (full 1):
 PSYoungGen      total 231424K, used 140323K [0x000000076ab00000, 0x000000077e400000, 0x00000007c0000000)
  eden space 224256K, 59% used [0x000000076ab00000,0x0000000772d0bae8,0x0000000778600000)
  from space 7168K, 99% used [0x0000000778600000,0x0000000778cfd3d0,0x0000000778d00000)
  to   space 9216K, 0% used [0x000000077db00000,0x000000077db00000,0x000000077e400000)
 ParOldGen       total 46080K, used 8377K [0x00000006c0000000, 0x00000006c2d00000, 0x000000076ab00000)
  object space 46080K, 18% used [0x00000006c0000000,0x00000006c082e4b8,0x00000006c2d00000)
 Metaspace       used 34221K, capacity 35240K, committed 35416K, reserved 1079296K
  class space    used 4486K, capacity 4715K, committed 4736K, reserved 1048576K
Event: 5.285 GC heap after
Heap after GC invocations=11 (full 1):
 PSYoungGen      total 310272K, used 4793K [0x000000076ab00000, 0x000000077e300000, 0x00000007c0000000)
  eden space 302080K, 0% used [0x000000076ab00000,0x000000076ab00000,0x000000077d200000)
  from space 8192K, 58% used [0x000000077db00000,0x000000077dfae698,0x000000077e300000)
  to   space 8704K, 0% used [0x000000077d200000,0x000000077d200000,0x000000077da80000)
 ParOldGen       total 46080K, used 8377K [0x00000006c0000000, 0x00000006c2d00000, 0x000000076ab00000)
  object space 46080K, 18% used [0x00000006c0000000,0x00000006c082e4b8,0x00000006c2d00000)
 Metaspace       used 34221K, capacity 35240K, committed 35416K, reserved 1079296K
  class space    used 4486K, capacity 4715K, committed 4736K, reserved 1048576K
}
Event: 5.285 GC heap before
{Heap before GC invocations=12 (full 2):
 PSYoungGen      total 310272K, used 4793K [0x000000076ab00000, 0x000000077e300000, 0x00000007c0000000)
  eden space 302080K, 0% used [0x000000076ab00000,0x000000076ab00000,0x000000077d200000)
  from space 8192K, 58% used [0x000000077db00000,0x000000077dfae698,0x000000077e300000)
  to   space 8704K, 0% used [0x000000077d200000,0x000000077d200000,0x000000077da80000)
 ParOldGen       total 46080K, used 8377K [0x00000006c0000000, 0x00000006c2d00000, 0x000000076ab00000)
  object space 46080K, 18% used [0x00000006c0000000,0x00000006c082e4b8,0x00000006c2d00000)
 Metaspace       used 34221K, capacity 35240K, committed 35416K, reserved 1079296K
  class space    used 4486K, capacity 4715K, committed 4736K, reserved 1048576K
Event: 5.330 GC heap after
Heap after GC invocations=12 (full 2):
 PSYoungGen      total 310272K, used 0K [0x000000076ab00000, 0x000000077e300000, 0x00000007c0000000)
  eden space 302080K, 0% used [0x000000076ab00000,0x000000076ab00000,0x000000077d200000)
  from space 8192K, 0% used [0x000000077db00000,0x000000077db00000,0x000000077e300000)
  to   space 8704K, 0% used [0x000000077d200000,0x000000077d200000,0x000000077da80000)
 ParOldGen       total 69120K, used 9221K [0x00000006c0000000, 0x00000006c4380000, 0x000000076ab00000)
  object space 69120K, 13% used [0x00000006c0000000,0x00000006c0901690,0x00000006c4380000)
 Metaspace       used 34221K, capacity 35240K, committed 35416K, reserved 1079296K
  class space    used 4486K, capacity 4715K, committed 4736K, reserved 1048576K
}

