# JRE version: OpenJDK Runtime Environment (8.0_372-b07) (build 1.8.0_372-b07)
# Java VM: OpenJDK 64-Bit Server VM (25.372-b07 mixed mode linux-amd64 compressed oops)
Heap:
 PSYoungGen      total 305152K, used 199768K [0x000000076ab00000, 0x000000077de00000, 0x00000007c0000000)
  eden space 296960K, 67% used [0x000000076ab00000,0x0000000776e16088,0x000000077cd00000)
  from space 8192K, 0% used [0x000000077d600000,0x000000077d600000,0x000000077de00000)
  to   space 8704K, 0% used [0x000000077cd00000,0x000000077cd00000,0x000000077d580000)
 ParOldGen       total 73216K, used 10025K [0x00000006c0000000, 0x00000006c4780000, 0x000000076ab00000)
  object space 73216K, 13% used [0x00000006c0000000,0x00000006c09ca5e0,0x00000006c4780000)
 Metaspace       used 41479K, capacity 42688K, committed 43224K, reserved 1087488K
  class space    used 5301K, capacity 5556K, committed 5632K, reserved 1048576K
GC Heap History (10 events):
Event: 3.063 GC heap before
{Heap before GC invocations=8 (full 0):
 PSYoungGen      total 116736K, used 53890K [0x000000076ab00000, 0x0000000779400000, 0x00000007c0000000)
  eden space 111616K, 43% used [0x000000076ab00000,0x000000076daa6fb8,0x0000000771800000)
  from space 5120K, 99% used [0x0000000771800000,0x0000000771cf9c28,0x0000000771d00000)
  to   space 7680K, 0% used [0x0000000778c80000,0x0000000778c80000,0x0000000779400000)
 ParOldGen       total 75264K, used 4207K [0x00000006c0000000, 0x00000006c4980000, 0x000000076ab00000)
  object space 75264K, 5% used [0x00000006c0000000,0x00000006c041bf38,0x00000006c4980000)
 Metaspace       used 20186K, capacity 21022K, committed 21248K, reserved 1067008K
  class space    used 2818K, capacity 2989K, committed 3072K, reserved 1048576K
Event: 3.070 GC heap after
Heap after GC invocations=8 (full 0):
 PSYoungGen      total 229888K, used 3600K [0x000000076ab00000, 0x0000000779300000, 0x00000007c0000000)
  eden space 223232K, 0% used [0x000000076ab00000,0x000000076ab00000,0x0000000778500000)
  from space 6656K, 54% used [0x0000000778c80000,0x00000007790043d8,0x0000000779300000)
  to   space 7168K, 0% used [0x0000000778500000,0x0000000778500000,0x0000000778c00000)
 ParOldGen       total 75264K, used 4719K [0x00000006c0000000, 0x00000006c4980000, 0x000000076ab00000)
  object space 75264K, 6% used [0x00000006c0000000,0x00000006c049bf88,0x00000006c4980000)
 Metaspace       used 20186K, capacity 21022K, committed 21248K, reserved 1067008K
  class space    used 2818K, capacity 2989K, committed 3072K, reserved 1048576K
}
Event: 3.070 GC heap before
{Heap before GC invocations=9 (full 1):
 PSYoungGen      total 229888K, used 3600K [0x000000076ab00000, 0x0000000779300000, 0x00000007c0000000)
  eden space 223232K, 0% used [0x000000076ab00000,0x000000076ab00000,0x0000000778500000)
  from space 6656K, 54% used [0x0000000778c80000,0x00000007790043d8,0x0000000779300000)
  to   space 7168K, 0% used [0x0000000778500000,0x0000000778500000,0x0000000778c00000)
 ParOldGen       total 75264K, used 4719K [0x00000006c0000000, 0x00000006c4980000, 0x000000076ab00000)
  object space 75264K, 6% used [0x00000006c0000000,0x00000006c049bf88,0x00000006c4980000)
 Metaspace       used 20186K, capacity 21022K, committed 21248K, reserved 1067008K
  class space    used 2818K, capacity 2989K, committed 3072K, reserved 1048576K
Event: 3.112 GC heap after
Heap after GC invocations=9 (full 1):
 PSYoungGen      total 229888K, used 0K [0x000000076ab00000, 0x0000000779300000, 0x00000007c0000000)
  eden space 223232K, 0% used [0x000000076ab00000,0x000000076ab00000,0x0000000778500000)
  from space 6656K, 0% used [0x0000000778c80000,0x0000000778c80000,0x0000000779300000)
  to   space 7168K, 0% used [0x0000000778500000,0x0000000778500000,0x0000000778c00000)
 ParOldGen       total 47616K, used 5789K [0x00000006c0000000, 0x00000006c2e80000, 0x000000076ab00000)
  object space 47616K, 12% used [0x00000006c0000000,0x00000006c05a7740,0x00000006c2e80000)
 Metaspace       used 20186K, capacity 21022K, committed 21248K, reserved 1067008K
  class space    used 2818K, capacity 2989K, committed 3072K, reserved 1048576K
}
Event: 4.560 GC heap before
{Heap before GC invocations=10 (full 1):
 PSYoungGen      total 229888K, used 223232K [0x000000076ab00000, 0x0000000779300000, 0x00000007c0000000)
  eden space 223232K, 100% used [0x000000076ab00000,0x0000000778500000,0x0000000778500000)
  from space 6656K, 0% used [0x0000000778c80000,0x0000000778c80000,0x0000000779300000)
  to   space 7168K, 0% used [0x0000000778500000,0x0000000778500000,0x0000000778c00000)
 ParOldGen       total 47616K, used 5789K [0x00000006c0000000, 0x00000006c2e80000, 0x000000076ab00000)
  object space 47616K, 12% used [0x00000006c0000000,0x00000006c05a7740,0x00000006c2e80000)
 Metaspace       used 29843K, capacity 30850K, committed 31104K, reserved 1077248K
  class space    used 3974K, capacity 4194K, committed 4224K, reserved 1048576K
Event: 4.569 GC heap after
Heap after GC invocations=10 (full 1):
 PSYoungGen      total 230400K, used 7136K [0x000000076ab00000, 0x000000077de80000, 0x00000007c0000000)
  eden space 223232K, 0% used [0x000000076ab00000,0x000000076ab00000,0x0000000778500000)
  from space 7168K, 99% used [0x0000000778500000,0x0000000778bf80c8,0x0000000778c00000)
  to   space 8704K, 0% used [0x000000077d600000,0x000000077d600000,0x000000077de80000)
 ParOldGen       total 47616K, used 7439K [0x00000006c0000000, 0x00000006c2e80000, 0x000000076ab00000)
  object space 47616K, 15% used [0x00000006c0000000,0x00000006c0743f08,0x00000006c2e80000)
 Metaspace       used 29843K, capacity 30850K, committed 31104K, reserved 1077248K
  class space    used 3974K, capacity 4194K, committed 4224K, reserved 1048576K
}
Event: 5.364 GC heap before
{Heap before GC invocations=11 (full 1):
 PSYoungGen      total 230400K, used 154200K [0x000000076ab00000, 0x000000077de80000, 0x00000007c0000000)
  eden space 223232K, 65% used [0x000000076ab00000,0x0000000773a9e170,0x0000000778500000)
  from space 7168K, 99% used [0x0000000778500000,0x0000000778bf80c8,0x0000000778c00000)
  to   space 8704K, 0% used [0x000000077d600000,0x000000077d600000,0x000000077de80000)
 ParOldGen       total 47616K, used 7439K [0x00000006c0000000, 0x00000006c2e80000, 0x000000076ab00000)
  object space 47616K, 15% used [0x00000006c0000000,0x00000006c0743f08,0x00000006c2e80000)
 Metaspace       used 34127K, capacity 35184K, committed 35416K, reserved 1079296K
  class space    used 4485K, capacity 4717K, committed 4736K, reserved 1048576K
Event: 5.377 GC heap after
Heap after GC invocations=11 (full 1):
 PSYoungGen      total 305152K, used 5754K [0x000000076ab00000, 0x000000077de00000, 0x00000007c0000000)
  eden space 296960K, 0% used [0x000000076ab00000,0x000000076ab00000,0x000000077cd00000)
  from space 8192K, 70% used [0x000000077d600000,0x000000077db9eb98,0x000000077de00000)
  to   space 8704K, 0% used [0x000000077cd00000,0x000000077cd00000,0x000000077d580000)
 ParOldGen       total 47616K, used 7447K [0x00000006c0000000, 0x00000006c2e80000, 0x000000076ab00000)
  object space 47616K, 15% used [0x00000006c0000000,0x00000006c0745f08,0x00000006c2e80000)
 Metaspace       used 34127K, capacity 35184K, committed 35416K, reserved 1079296K
  class space    used 4485K, capacity 4717K, committed 4736K, reserved 1048576K
}
Event: 5.377 GC heap before
{Heap before GC invocations=12 (full 2):
 PSYoungGen      total 305152K, used 5754K [0x000000076ab00000, 0x000000077de00000, 0x00000007c0000000)
  eden space 296960K, 0% used [0x000000076ab00000,0x000000076ab00000,0x000000077cd00000)
  from space 8192K, 70% used [0x000000077d600000,0x000000077db9eb98,0x000000077de00000)
  to   space 8704K, 0% used [0x000000077cd00000,0x000000077cd00000,0x000000077d580000)
 ParOldGen       total 47616K, used 7447K [0x00000006c0000000, 0x00000006c2e80000, 0x000000076ab00000)
  object space 47616K, 15% used [0x00000006c0000000,0x00000006c0745f08,0x00000006c2e80000)
 Metaspace       used 34127K, capacity 35184K, committed 35416K, reserved 1079296K
  class space    used 4485K, capacity 4717K, committed 4736K, reserved 1048576K
Event: 5.426 GC heap after
Heap after GC invocations=12 (full 2):
 PSYoungGen      total 305152K, used 0K [0x000000076ab00000, 0x000000077de00000, 0x00000007c0000000)
  eden space 296960K, 0% used [0x000000076ab00000,0x000000076ab00000,0x000000077cd00000)
  from space 8192K, 0% used [0x000000077d600000,0x000000077d600000,0x000000077de00000)
  to   space 8704K, 0% used [0x000000077cd00000,0x000000077cd00000,0x000000077d580000)
 ParOldGen       total 73216K, used 10025K [0x00000006c0000000, 0x00000006c4780000, 0x000000076ab00000)
  object space 73216K, 13% used [0x00000006c0000000,0x00000006c09ca5e0,0x00000006c4780000)
 Metaspace       used 34127K, capacity 35184K, committed 35416K, reserved 1079296K
  class space    used 4485K, capacity 4717K, committed 4736K, reserved 1048576K
}

