# JRE version: OpenJDK Runtime Environment (8.0_372-b07) (build 1.8.0_372-b07)
# Java VM: OpenJDK 64-Bit Server VM (25.372-b07 mixed mode linux-amd64 compressed oops)
Heap:
 PSYoungGen      total 315392K, used 148111K [0x000000076ab00000, 0x000000077ec00000, 0x00000007c0000000)
  eden space 310272K, 47% used [0x000000076ab00000,0x0000000773ba3d88,0x000000077da00000)
  from space 5120K, 0% used [0x000000077e700000,0x000000077e700000,0x000000077ec00000)
  to   space 8704K, 0% used [0x000000077db00000,0x000000077db00000,0x000000077e380000)
 ParOldGen       total 63488K, used 9464K [0x00000006c0000000, 0x00000006c3e00000, 0x000000076ab00000)
  object space 63488K, 14% used [0x00000006c0000000,0x00000006c093e2b0,0x00000006c3e00000)
 Metaspace       used 37885K, capacity 38965K, committed 39296K, reserved 1083392K
  class space    used 4740K, capacity 4988K, committed 4992K, reserved 1048576K
GC Heap History (10 events):
Event: 2.697 GC heap before
{Heap before GC invocations=8 (full 0):
 PSYoungGen      total 117760K, used 40215K [0x000000076ab00000, 0x0000000779500000, 0x00000007c0000000)
  eden space 112128K, 30% used [0x000000076ab00000,0x000000076cccbaf0,0x0000000771880000)
  from space 5632K, 99% used [0x0000000771880000,0x0000000771dfa4f0,0x0000000771e00000)
  to   space 7680K, 0% used [0x0000000778d80000,0x0000000778d80000,0x0000000779500000)
 ParOldGen       total 75264K, used 2358K [0x00000006c0000000, 0x00000006c4980000, 0x000000076ab00000)
  object space 75264K, 3% used [0x00000006c0000000,0x00000006c024d870,0x00000006c4980000)
 Metaspace       used 20364K, capacity 21230K, committed 21296K, reserved 1067008K
  class space    used 2724K, capacity 2938K, committed 2944K, reserved 1048576K
Event: 2.703 GC heap after
Heap after GC invocations=8 (full 0):
 PSYoungGen      total 230912K, used 2958K [0x000000076ab00000, 0x0000000779400000, 0x00000007c0000000)
  eden space 224256K, 0% used [0x000000076ab00000,0x000000076ab00000,0x0000000778600000)
  from space 6656K, 44% used [0x0000000778d80000,0x0000000779063998,0x0000000779400000)
  to   space 7168K, 0% used [0x0000000778600000,0x0000000778600000,0x0000000778d00000)
 ParOldGen       total 75264K, used 2794K [0x00000006c0000000, 0x00000006c4980000, 0x000000076ab00000)
  object space 75264K, 3% used [0x00000006c0000000,0x00000006c02ba8b0,0x00000006c4980000)
 Metaspace       used 20364K, capacity 21230K, committed 21296K, reserved 1067008K
  class space    used 2724K, capacity 2938K, committed 2944K, reserved 1048576K
}
Event: 2.703 GC heap before
{Heap before GC invocations=9 (full 1):
 PSYoungGen      total 230912K, used 2958K [0x000000076ab00000, 0x0000000779400000, 0x00000007c0000000)
  eden space 224256K, 0% used [0x000000076ab00000,0x000000076ab00000,0x0000000778600000)
  from space 6656K, 44% used [0x0000000778d80000,0x0000000779063998,0x0000000779400000)
  to   space 7168K, 0% used [0x0000000778600000,0x0000000778600000,0x0000000778d00000)
 ParOldGen       total 75264K, used 2794K [0x00000006c0000000, 0x00000006c4980000, 0x000000076ab00000)
  object space 75264K, 3% used [0x00000006c0000000,0x00000006c02ba8b0,0x00000006c4980000)
 Metaspace       used 20364K, capacity 21230K, committed 21296K, reserved 1067008K
  class space    used 2724K, capacity 2938K, committed 2944K, reserved 1048576K
Event: 2.730 GC heap after
Heap after GC invocations=9 (full 1):
 PSYoungGen      total 230912K, used 0K [0x000000076ab00000, 0x0000000779400000, 0x00000007c0000000)
  eden space 224256K, 0% used [0x000000076ab00000,0x000000076ab00000,0x0000000778600000)
  from space 6656K, 0% used [0x0000000778d80000,0x0000000778d80000,0x0000000779400000)
  to   space 7168K, 0% used [0x0000000778600000,0x0000000778600000,0x0000000778d00000)
 ParOldGen       total 43008K, used 5143K [0x00000006c0000000, 0x00000006c2a00000, 0x000000076ab00000)
  object space 43008K, 11% used [0x00000006c0000000,0x00000006c0505e90,0x00000006c2a00000)
 Metaspace       used 20364K, capacity 21230K, committed 21296K, reserved 1067008K
  class space    used 2724K, capacity 2938K, committed 2944K, reserved 1048576K
}
Event: 4.736 GC heap before
{Heap before GC invocations=10 (full 1):
 PSYoungGen      total 230912K, used 224256K [0x000000076ab00000, 0x0000000779400000, 0x00000007c0000000)
  eden space 224256K, 100% used [0x000000076ab00000,0x0000000778600000,0x0000000778600000)
  from space 6656K, 0% used [0x0000000778d80000,0x0000000778d80000,0x0000000779400000)
  to   space 7168K, 0% used [0x0000000778600000,0x0000000778600000,0x0000000778d00000)
 ParOldGen       total 43008K, used 5143K [0x00000006c0000000, 0x00000006c2a00000, 0x000000076ab00000)
  object space 43008K, 11% used [0x00000006c0000000,0x00000006c0505e90,0x00000006c2a00000)
 Metaspace       used 30408K, capacity 31399K, committed 31872K, reserved 1077248K
  class space    used 3895K, capacity 4115K, committed 4224K, reserved 1048576K
Event: 4.745 GC heap after
Heap after GC invocations=10 (full 1):
 PSYoungGen      total 231424K, used 7161K [0x000000076ab00000, 0x000000077f000000, 0x00000007c0000000)
  eden space 224256K, 0% used [0x000000076ab00000,0x000000076ab00000,0x0000000778600000)
  from space 7168K, 99% used [0x0000000778600000,0x0000000778cfe788,0x0000000778d00000)
  to   space 9216K, 0% used [0x000000077e700000,0x000000077e700000,0x000000077f000000)
 ParOldGen       total 43008K, used 7791K [0x00000006c0000000, 0x00000006c2a00000, 0x000000076ab00000)
  object space 43008K, 18% used [0x00000006c0000000,0x00000006c079bd48,0x00000006c2a00000)
 Metaspace       used 30408K, capacity 31399K, committed 31872K, reserved 1077248K
  class space    used 3895K, capacity 4115K, committed 4224K, reserved 1048576K
}
Event: 6.016 GC heap before
{Heap before GC invocations=11 (full 1):
 PSYoungGen      total 231424K, used 124839K [0x000000076ab00000, 0x000000077f000000, 0x00000007c0000000)
  eden space 224256K, 52% used [0x000000076ab00000,0x0000000771deb7e8,0x0000000778600000)
  from space 7168K, 99% used [0x0000000778600000,0x0000000778cfe788,0x0000000778d00000)
  to   space 9216K, 0% used [0x000000077e700000,0x000000077e700000,0x000000077f000000)
 ParOldGen       total 43008K, used 7791K [0x00000006c0000000, 0x00000006c2a00000, 0x000000076ab00000)
  object space 43008K, 18% used [0x00000006c0000000,0x00000006c079bd48,0x00000006c2a00000)
 Metaspace       used 34240K, capacity 35231K, committed 35496K, reserved 1081344K
  class space    used 4359K, capacity 4585K, committed 4608K, reserved 1048576K
Event: 6.029 GC heap after
Heap after GC invocations=11 (full 1):
 PSYoungGen      total 315392K, used 4798K [0x000000076ab00000, 0x000000077ec00000, 0x00000007c0000000)
  eden space 310272K, 0% used [0x000000076ab00000,0x000000076ab00000,0x000000077da00000)
  from space 5120K, 93% used [0x000000077e700000,0x000000077ebafab0,0x000000077ec00000)
  to   space 8704K, 0% used [0x000000077db00000,0x000000077db00000,0x000000077e380000)
 ParOldGen       total 43008K, used 7799K [0x00000006c0000000, 0x00000006c2a00000, 0x000000076ab00000)
  object space 43008K, 18% used [0x00000006c0000000,0x00000006c079dd48,0x00000006c2a00000)
 Metaspace       used 34240K, capacity 35231K, committed 35496K, reserved 1081344K
  class space    used 4359K, capacity 4585K, committed 4608K, reserved 1048576K
}
Event: 6.029 GC heap before
{Heap before GC invocations=12 (full 2):
 PSYoungGen      total 315392K, used 4798K [0x000000076ab00000, 0x000000077ec00000, 0x00000007c0000000)
  eden space 310272K, 0% used [0x000000076ab00000,0x000000076ab00000,0x000000077da00000)
  from space 5120K, 93% used [0x000000077e700000,0x000000077ebafab0,0x000000077ec00000)
  to   space 8704K, 0% used [0x000000077db00000,0x000000077db00000,0x000000077e380000)
 ParOldGen       total 43008K, used 7799K [0x00000006c0000000, 0x00000006c2a00000, 0x000000076ab00000)
  object space 43008K, 18% used [0x00000006c0000000,0x00000006c079dd48,0x00000006c2a00000)
 Metaspace       used 34240K, capacity 35231K, committed 35496K, reserved 1081344K
  class space    used 4359K, capacity 4585K, committed 4608K, reserved 1048576K
Event: 6.079 GC heap after
Heap after GC invocations=12 (full 2):
 PSYoungGen      total 315392K, used 0K [0x000000076ab00000, 0x000000077ec00000, 0x00000007c0000000)
  eden space 310272K, 0% used [0x000000076ab00000,0x000000076ab00000,0x000000077da00000)
  from space 5120K, 0% used [0x000000077e700000,0x000000077e700000,0x000000077ec00000)
  to   space 8704K, 0% used [0x000000077db00000,0x000000077db00000,0x000000077e380000)
 ParOldGen       total 63488K, used 9464K [0x00000006c0000000, 0x00000006c3e00000, 0x000000076ab00000)
  object space 63488K, 14% used [0x00000006c0000000,0x00000006c093e2b0,0x00000006c3e00000)
 Metaspace       used 34237K, capacity 35225K, committed 35496K, reserved 1081344K
  class space    used 4358K, capacity 4584K, committed 4608K, reserved 1048576K
}

