# JRE version: OpenJDK Runtime Environment (8.0_372-b07) (build 1.8.0_372-b07)
# Java VM: OpenJDK 64-Bit Server VM (25.372-b07 mixed mode linux-amd64 compressed oops)
Heap:
 PSYoungGen      total 311808K, used 194999K [0x000000076ab00000, 0x000000077e480000, 0x00000007c0000000)
  eden space 303616K, 64% used [0x000000076ab00000,0x000000077696dca8,0x000000077d380000)
  from space 8192K, 0% used [0x000000077dc80000,0x000000077dc80000,0x000000077e480000)
  to   space 8704K, 0% used [0x000000077d380000,0x000000077d380000,0x000000077dc00000)
 ParOldGen       total 70144K, used 9104K [0x00000006c0000000, 0x00000006c4480000, 0x000000076ab00000)
  object space 70144K, 12% used [0x00000006c0000000,0x00000006c08e4228,0x00000006c4480000)
 Metaspace       used 41325K, capacity 42514K, committed 42968K, reserved 1087488K
  class space    used 5269K, capacity 5521K, committed 5632K, reserved 1048576K
GC Heap History (10 events):
Event: 3.269 GC heap before
{Heap before GC invocations=8 (full 0):
 PSYoungGen      total 117760K, used 54530K [0x000000076ab00000, 0x0000000779500000, 0x00000007c0000000)
  eden space 112128K, 43% used [0x000000076ab00000,0x000000076dac52c0,0x0000000771880000)
  from space 5632K, 99% used [0x0000000771880000,0x0000000771dfb858,0x0000000771e00000)
  to   space 7680K, 0% used [0x0000000778d80000,0x0000000778d80000,0x0000000779500000)
 ParOldGen       total 75264K, used 2697K [0x00000006c0000000, 0x00000006c4980000, 0x000000076ab00000)
  object space 75264K, 3% used [0x00000006c0000000,0x00000006c02a27d0,0x00000006c4980000)
 Metaspace       used 20231K, capacity 21060K, committed 21248K, reserved 1067008K
  class space    used 2807K, capacity 2986K, committed 3072K, reserved 1048576K
Event: 3.276 GC heap after
Heap after GC invocations=8 (full 0):
 PSYoungGen      total 230912K, used 3504K [0x000000076ab00000, 0x0000000779400000, 0x00000007c0000000)
  eden space 224256K, 0% used [0x000000076ab00000,0x000000076ab00000,0x0000000778600000)
  from space 6656K, 52% used [0x0000000778d80000,0x00000007790ec190,0x0000000779400000)
  to   space 7168K, 0% used [0x0000000778600000,0x0000000778600000,0x0000000778d00000)
 ParOldGen       total 75264K, used 3205K [0x00000006c0000000, 0x00000006c4980000, 0x000000076ab00000)
  object space 75264K, 4% used [0x00000006c0000000,0x00000006c03217e0,0x00000006c4980000)
 Metaspace       used 20231K, capacity 21060K, committed 21248K, reserved 1067008K
  class space    used 2807K, capacity 2986K, committed 3072K, reserved 1048576K
}
Event: 3.276 GC heap before
{Heap before GC invocations=9 (full 1):
 PSYoungGen      total 230912K, used 3504K [0x000000076ab00000, 0x0000000779400000, 0x00000007c0000000)
  eden space 224256K, 0% used [0x000000076ab00000,0x000000076ab00000,0x0000000778600000)
  from space 6656K, 52% used [0x0000000778d80000,0x00000007790ec190,0x0000000779400000)
  to   space 7168K, 0% used [0x0000000778600000,0x0000000778600000,0x0000000778d00000)
 ParOldGen       total 75264K, used 3205K [0x00000006c0000000, 0x00000006c4980000, 0x000000076ab00000)
  object space 75264K, 4% used [0x00000006c0000000,0x00000006c03217e0,0x00000006c4980000)
 Metaspace       used 20231K, capacity 21060K, committed 21248K, reserved 1067008K
  class space    used 2807K, capacity 2986K, committed 3072K, reserved 1048576K
Event: 3.315 GC heap after
Heap after GC invocations=9 (full 1):
 PSYoungGen      total 230912K, used 0K [0x000000076ab00000, 0x0000000779400000, 0x00000007c0000000)
  eden space 224256K, 0% used [0x000000076ab00000,0x000000076ab00000,0x0000000778600000)
  from space 6656K, 0% used [0x0000000778d80000,0x0000000778d80000,0x0000000779400000)
  to   space 7168K, 0% used [0x0000000778600000,0x0000000778600000,0x0000000778d00000)
 ParOldGen       total 46592K, used 5678K [0x00000006c0000000, 0x00000006c2d80000, 0x000000076ab00000)
  object space 46592K, 12% used [0x00000006c0000000,0x00000006c058ba48,0x00000006c2d80000)
 Metaspace       used 20231K, capacity 21060K, committed 21248K, reserved 1067008K
  class space    used 2807K, capacity 2986K, committed 3072K, reserved 1048576K
}
Event: 4.740 GC heap before
{Heap before GC invocations=10 (full 1):
 PSYoungGen      total 230912K, used 224256K [0x000000076ab00000, 0x0000000779400000, 0x00000007c0000000)
  eden space 224256K, 100% used [0x000000076ab00000,0x0000000778600000,0x0000000778600000)
  from space 6656K, 0% used [0x0000000778d80000,0x0000000778d80000,0x0000000779400000)
  to   space 7168K, 0% used [0x0000000778600000,0x0000000778600000,0x0000000778d00000)
 ParOldGen       total 46592K, used 5678K [0x00000006c0000000, 0x00000006c2d80000, 0x000000076ab00000)
  object space 46592K, 12% used [0x00000006c0000000,0x00000006c058ba48,0x00000006c2d80000)
 Metaspace       used 30726K, capacity 31692K, committed 32000K, reserved 1077248K
  class space    used 4081K, capacity 4287K, committed 4352K, reserved 1048576K
Event: 4.759 GC heap after
Heap after GC invocations=10 (full 1):
 PSYoungGen      total 231424K, used 7153K [0x000000076ab00000, 0x000000077e580000, 0x00000007c0000000)
  eden space 224256K, 0% used [0x000000076ab00000,0x000000076ab00000,0x0000000778600000)
  from space 7168K, 99% used [0x0000000778600000,0x0000000778cfc6f8,0x0000000778d00000)
  to   space 9216K, 0% used [0x000000077dc80000,0x000000077dc80000,0x000000077e580000)
 ParOldGen       total 46592K, used 8338K [0x00000006c0000000, 0x00000006c2d80000, 0x000000076ab00000)
  object space 46592K, 17% used [0x00000006c0000000,0x00000006c0824998,0x00000006c2d80000)
 Metaspace       used 30726K, capacity 31692K, committed 32000K, reserved 1077248K
  class space    used 4081K, capacity 4287K, committed 4352K, reserved 1048576K
}
Event: 5.368 GC heap before
{Heap before GC invocations=11 (full 1):
 PSYoungGen      total 231424K, used 137929K [0x000000076ab00000, 0x000000077e580000, 0x00000007c0000000)
  eden space 224256K, 58% used [0x000000076ab00000,0x0000000772ab5e40,0x0000000778600000)
  from space 7168K, 99% used [0x0000000778600000,0x0000000778cfc6f8,0x0000000778d00000)
  to   space 9216K, 0% used [0x000000077dc80000,0x000000077dc80000,0x000000077e580000)
 ParOldGen       total 46592K, used 8338K [0x00000006c0000000, 0x00000006c2d80000, 0x000000076ab00000)
  object space 46592K, 17% used [0x00000006c0000000,0x00000006c0824998,0x00000006c2d80000)
 Metaspace       used 34169K, capacity 35194K, committed 35416K, reserved 1079296K
  class space    used 4471K, capacity 4682K, committed 4736K, reserved 1048576K
Event: 5.379 GC heap after
Heap after GC invocations=11 (full 1):
 PSYoungGen      total 311808K, used 4783K [0x000000076ab00000, 0x000000077e480000, 0x00000007c0000000)
  eden space 303616K, 0% used [0x000000076ab00000,0x000000076ab00000,0x000000077d380000)
  from space 8192K, 58% used [0x000000077dc80000,0x000000077e12bc28,0x000000077e480000)
  to   space 8704K, 0% used [0x000000077d380000,0x000000077d380000,0x000000077dc00000)
 ParOldGen       total 46592K, used 8338K [0x00000006c0000000, 0x00000006c2d80000, 0x000000076ab00000)
  object space 46592K, 17% used [0x00000006c0000000,0x00000006c0824998,0x00000006c2d80000)
 Metaspace       used 34169K, capacity 35194K, committed 35416K, reserved 1079296K
  class space    used 4471K, capacity 4682K, committed 4736K, reserved 1048576K
}
Event: 5.379 GC heap before
{Heap before GC invocations=12 (full 2):
 PSYoungGen      total 311808K, used 4783K [0x000000076ab00000, 0x000000077e480000, 0x00000007c0000000)
  eden space 303616K, 0% used [0x000000076ab00000,0x000000076ab00000,0x000000077d380000)
  from space 8192K, 58% used [0x000000077dc80000,0x000000077e12bc28,0x000000077e480000)
  to   space 8704K, 0% used [0x000000077d380000,0x000000077d380000,0x000000077dc00000)
 ParOldGen       total 46592K, used 8338K [0x00000006c0000000, 0x00000006c2d80000, 0x000000076ab00000)
  object space 46592K, 17% used [0x00000006c0000000,0x00000006c0824998,0x00000006c2d80000)
 Metaspace       used 34169K, capacity 35194K, committed 35416K, reserved 1079296K
  class space    used 4471K, capacity 4682K, committed 4736K, reserved 1048576K
Event: 5.422 GC heap after
Heap after GC invocations=12 (full 2):
 PSYoungGen      total 311808K, used 0K [0x000000076ab00000, 0x000000077e480000, 0x00000007c0000000)
  eden space 303616K, 0% used [0x000000076ab00000,0x000000076ab00000,0x000000077d380000)
  from space 8192K, 0% used [0x000000077dc80000,0x000000077dc80000,0x000000077e480000)
  to   space 8704K, 0% used [0x000000077d380000,0x000000077d380000,0x000000077dc00000)
 ParOldGen       total 70144K, used 9104K [0x00000006c0000000, 0x00000006c4480000, 0x000000076ab00000)
  object space 70144K, 12% used [0x00000006c0000000,0x00000006c08e4228,0x00000006c4480000)
 Metaspace       used 34169K, capacity 35194K, committed 35416K, reserved 1079296K
  class space    used 4471K, capacity 4682K, committed 4736K, reserved 1048576K
}

