# JRE version: OpenJDK Runtime Environment (8.0_372-b07) (build 1.8.0_372-b07)
# Java VM: OpenJDK 64-Bit Server VM (25.372-b07 mixed mode linux-amd64 compressed oops)
Heap:
 PSYoungGen      total 319488K, used 152288K [0x000000076ab00000, 0x000000077f200000, 0x00000007c0000000)
  eden space 314368K, 48% used [0x000000076ab00000,0x0000000773fb82c8,0x000000077de00000)
  from space 5120K, 0% used [0x000000077ed00000,0x000000077ed00000,0x000000077f200000)
  to   space 9216K, 0% used [0x000000077e000000,0x000000077e000000,0x000000077e900000)
 ParOldGen       total 59904K, used 9546K [0x00000006c0000000, 0x00000006c3a80000, 0x000000076ab00000)
  object space 59904K, 15% used [0x00000006c0000000,0x00000006c0952ad8,0x00000006c3a80000)
 Metaspace       used 37880K, capacity 38981K, committed 39296K, reserved 1083392K
  class space    used 4740K, capacity 4988K, committed 4992K, reserved 1048576K
GC Heap History (10 events):
Event: 2.597 GC heap before
{Heap before GC invocations=8 (full 0):
 PSYoungGen      total 117760K, used 37908K [0x000000076ab00000, 0x0000000779500000, 0x00000007c0000000)
  eden space 112128K, 28% used [0x000000076ab00000,0x000000076ca86180,0x0000000771880000)
  from space 5632K, 99% used [0x0000000771880000,0x0000000771dfef60,0x0000000771e00000)
  to   space 7680K, 0% used [0x0000000778d80000,0x0000000778d80000,0x0000000779500000)
 ParOldGen       total 75264K, used 2332K [0x00000006c0000000, 0x00000006c4980000, 0x000000076ab00000)
  object space 75264K, 3% used [0x00000006c0000000,0x00000006c0247140,0x00000006c4980000)
 Metaspace       used 20357K, capacity 21214K, committed 21296K, reserved 1067008K
  class space    used 2714K, capacity 2906K, committed 2944K, reserved 1048576K
Event: 2.608 GC heap after
Heap after GC invocations=8 (full 0):
 PSYoungGen      total 231936K, used 2940K [0x000000076ab00000, 0x0000000779500000, 0x00000007c0000000)
  eden space 224256K, 0% used [0x000000076ab00000,0x000000076ab00000,0x0000000778600000)
  from space 7680K, 38% used [0x0000000778d80000,0x000000077905f290,0x0000000779500000)
  to   space 7680K, 0% used [0x0000000778600000,0x0000000778600000,0x0000000778d80000)
 ParOldGen       total 75264K, used 2768K [0x00000006c0000000, 0x00000006c4980000, 0x000000076ab00000)
  object space 75264K, 3% used [0x00000006c0000000,0x00000006c02b4180,0x00000006c4980000)
 Metaspace       used 20357K, capacity 21214K, committed 21296K, reserved 1067008K
  class space    used 2714K, capacity 2906K, committed 2944K, reserved 1048576K
}
Event: 2.608 GC heap before
{Heap before GC invocations=9 (full 1):
 PSYoungGen      total 231936K, used 2940K [0x000000076ab00000, 0x0000000779500000, 0x00000007c0000000)
  eden space 224256K, 0% used [0x000000076ab00000,0x000000076ab00000,0x0000000778600000)
  from space 7680K, 38% used [0x0000000778d80000,0x000000077905f290,0x0000000779500000)
  to   space 7680K, 0% used [0x0000000778600000,0x0000000778600000,0x0000000778d80000)
 ParOldGen       total 75264K, used 2768K [0x00000006c0000000, 0x00000006c4980000, 0x000000076ab00000)
  object space 75264K, 3% used [0x00000006c0000000,0x00000006c02b4180,0x00000006c4980000)
 Metaspace       used 20357K, capacity 21214K, committed 21296K, reserved 1067008K
  class space    used 2714K, capacity 2906K, committed 2944K, reserved 1048576K
Event: 2.640 GC heap after
Heap after GC invocations=9 (full 1):
 PSYoungGen      total 231936K, used 0K [0x000000076ab00000, 0x0000000779500000, 0x00000007c0000000)
  eden space 224256K, 0% used [0x000000076ab00000,0x000000076ab00000,0x0000000778600000)
  from space 7680K, 0% used [0x0000000778d80000,0x0000000778d80000,0x0000000779500000)
  to   space 7680K, 0% used [0x0000000778600000,0x0000000778600000,0x0000000778d80000)
 ParOldGen       total 41984K, used 5093K [0x00000006c0000000, 0x00000006c2900000, 0x000000076ab00000)
  object space 41984K, 12% used [0x00000006c0000000,0x00000006c04f9510,0x00000006c2900000)
 Metaspace       used 20357K, capacity 21214K, committed 21296K, reserved 1067008K
  class space    used 2714K, capacity 2906K, committed 2944K, reserved 1048576K
}
Event: 4.449 GC heap before
{Heap before GC invocations=10 (full 1):
 PSYoungGen      total 231936K, used 224256K [0x000000076ab00000, 0x0000000779500000, 0x00000007c0000000)
  eden space 224256K, 100% used [0x000000076ab00000,0x0000000778600000,0x0000000778600000)
  from space 7680K, 0% used [0x0000000778d80000,0x0000000778d80000,0x0000000779500000)
  to   space 7680K, 0% used [0x0000000778600000,0x0000000778600000,0x0000000778d80000)
 ParOldGen       total 41984K, used 5093K [0x00000006c0000000, 0x00000006c2900000, 0x000000076ab00000)
  object space 41984K, 12% used [0x00000006c0000000,0x00000006c04f9510,0x00000006c2900000)
 Metaspace       used 30322K, capacity 31255K, committed 31488K, reserved 1077248K
  class space    used 3887K, capacity 4083K, committed 4096K, reserved 1048576K
Event: 4.458 GC heap after
Heap after GC invocations=10 (full 1):
 PSYoungGen      total 231936K, used 7660K [0x000000076ab00000, 0x000000077f600000, 0x00000007c0000000)
  eden space 224256K, 0% used [0x000000076ab00000,0x000000076ab00000,0x0000000778600000)
  from space 7680K, 99% used [0x0000000778600000,0x0000000778d7b048,0x0000000778d80000)
  to   space 9216K, 0% used [0x000000077ed00000,0x000000077ed00000,0x000000077f600000)
 ParOldGen       total 41984K, used 7252K [0x00000006c0000000, 0x00000006c2900000, 0x000000076ab00000)
  object space 41984K, 17% used [0x00000006c0000000,0x00000006c0715358,0x00000006c2900000)
 Metaspace       used 30322K, capacity 31255K, committed 31488K, reserved 1077248K
  class space    used 3887K, capacity 4083K, committed 4096K, reserved 1048576K
}
Event: 5.582 GC heap before
{Heap before GC invocations=11 (full 1):
 PSYoungGen      total 231936K, used 125119K [0x000000076ab00000, 0x000000077f600000, 0x00000007c0000000)
  eden space 224256K, 52% used [0x000000076ab00000,0x0000000771db4bd0,0x0000000778600000)
  from space 7680K, 99% used [0x0000000778600000,0x0000000778d7b048,0x0000000778d80000)
  to   space 9216K, 0% used [0x000000077ed00000,0x000000077ed00000,0x000000077f600000)
 ParOldGen       total 41984K, used 7252K [0x00000006c0000000, 0x00000006c2900000, 0x000000076ab00000)
  object space 41984K, 17% used [0x00000006c0000000,0x00000006c0715358,0x00000006c2900000)
 Metaspace       used 34238K, capacity 35257K, committed 35456K, reserved 1079296K
  class space    used 4375K, capacity 4624K, committed 4736K, reserved 1048576K
Event: 5.589 GC heap after
Heap after GC invocations=11 (full 1):
 PSYoungGen      total 319488K, used 4958K [0x000000076ab00000, 0x000000077f200000, 0x00000007c0000000)
  eden space 314368K, 0% used [0x000000076ab00000,0x000000076ab00000,0x000000077de00000)
  from space 5120K, 96% used [0x000000077ed00000,0x000000077f1d7918,0x000000077f200000)
  to   space 9216K, 0% used [0x000000077e000000,0x000000077e000000,0x000000077e900000)
 ParOldGen       total 41984K, used 7260K [0x00000006c0000000, 0x00000006c2900000, 0x000000076ab00000)
  object space 41984K, 17% used [0x00000006c0000000,0x00000006c0717358,0x00000006c2900000)
 Metaspace       used 34238K, capacity 35257K, committed 35456K, reserved 1079296K
  class space    used 4375K, capacity 4624K, committed 4736K, reserved 1048576K
}
Event: 5.589 GC heap before
{Heap before GC invocations=12 (full 2):
 PSYoungGen      total 319488K, used 4958K [0x000000076ab00000, 0x000000077f200000, 0x00000007c0000000)
  eden space 314368K, 0% used [0x000000076ab00000,0x000000076ab00000,0x000000077de00000)
  from space 5120K, 96% used [0x000000077ed00000,0x000000077f1d7918,0x000000077f200000)
  to   space 9216K, 0% used [0x000000077e000000,0x000000077e000000,0x000000077e900000)
 ParOldGen       total 41984K, used 7260K [0x00000006c0000000, 0x00000006c2900000, 0x000000076ab00000)
  object space 41984K, 17% used [0x00000006c0000000,0x00000006c0717358,0x00000006c2900000)
 Metaspace       used 34238K, capacity 35257K, committed 35456K, reserved 1079296K
  class space    used 4375K, capacity 4624K, committed 4736K, reserved 1048576K
Event: 5.631 GC heap after
Heap after GC invocations=12 (full 2):
 PSYoungGen      total 319488K, used 0K [0x000000076ab00000, 0x000000077f200000, 0x00000007c0000000)
  eden space 314368K, 0% used [0x000000076ab00000,0x000000076ab00000,0x000000077de00000)
  from space 5120K, 0% used [0x000000077ed00000,0x000000077ed00000,0x000000077f200000)
  to   space 9216K, 0% used [0x000000077e000000,0x000000077e000000,0x000000077e900000)
 ParOldGen       total 59904K, used 9546K [0x00000006c0000000, 0x00000006c3a80000, 0x000000076ab00000)
  object space 59904K, 15% used [0x00000006c0000000,0x00000006c0952ad8,0x00000006c3a80000)
 Metaspace       used 34234K, capacity 35251K, committed 35456K, reserved 1079296K
  class space    used 4375K, capacity 4623K, committed 4736K, reserved 1048576K
}

