# JRE version: OpenJDK Runtime Environment (8.0_372-b07) (build 1.8.0_372-b07)
# Java VM: OpenJDK 64-Bit Server VM (25.372-b07 mixed mode linux-amd64 compressed oops)
Heap:
 PSYoungGen      total 299520K, used 194776K [0x000000076ab00000, 0x000000077d980000, 0x00000007c0000000)
  eden space 293376K, 66% used [0x000000076ab00000,0x0000000776936188,0x000000077c980000)
  from space 6144K, 0% used [0x000000077d380000,0x000000077d380000,0x000000077d980000)
  to   space 8192K, 0% used [0x000000077c980000,0x000000077c980000,0x000000077d180000)
 ParOldGen       total 76288K, used 9300K [0x00000006c0000000, 0x00000006c4a80000, 0x000000076ab00000)
  object space 76288K, 12% used [0x00000006c0000000,0x00000006c0915078,0x00000006c4a80000)
 Metaspace       used 41281K, capacity 42460K, committed 42968K, reserved 1087488K
  class space    used 5269K, capacity 5508K, committed 5632K, reserved 1048576K
GC Heap History (10 events):
Event: 3.218 GC heap before
{Heap before GC invocations=8 (full 0):
 PSYoungGen      total 117760K, used 56690K [0x000000076ab00000, 0x0000000779200000, 0x00000007c0000000)
  eden space 111616K, 45% used [0x000000076ab00000,0x000000076dcc1598,0x0000000771800000)
  from space 6144K, 93% used [0x0000000771800000,0x0000000771d9b298,0x0000000771e00000)
  to   space 6656K, 0% used [0x0000000778b80000,0x0000000778b80000,0x0000000779200000)
 ParOldGen       total 75264K, used 2954K [0x00000006c0000000, 0x00000006c4980000, 0x000000076ab00000)
  object space 75264K, 3% used [0x00000006c0000000,0x00000006c02e2910,0x00000006c4980000)
 Metaspace       used 20184K, capacity 20982K, committed 21248K, reserved 1067008K
  class space    used 2816K, capacity 3005K, committed 3072K, reserved 1048576K
Event: 3.225 GC heap after
Heap after GC invocations=8 (full 0):
 PSYoungGen      total 229888K, used 3360K [0x000000076ab00000, 0x0000000779200000, 0x00000007c0000000)
  eden space 223232K, 0% used [0x000000076ab00000,0x000000076ab00000,0x0000000778500000)
  from space 6656K, 50% used [0x0000000778b80000,0x0000000778ec8020,0x0000000779200000)
  to   space 6656K, 0% used [0x0000000778500000,0x0000000778500000,0x0000000778b80000)
 ParOldGen       total 75264K, used 3554K [0x00000006c0000000, 0x00000006c4980000, 0x000000076ab00000)
  object space 75264K, 4% used [0x00000006c0000000,0x00000006c0378910,0x00000006c4980000)
 Metaspace       used 20184K, capacity 20982K, committed 21248K, reserved 1067008K
  class space    used 2816K, capacity 3005K, committed 3072K, reserved 1048576K
}
Event: 3.225 GC heap before
{Heap before GC invocations=9 (full 1):
 PSYoungGen      total 229888K, used 3360K [0x000000076ab00000, 0x0000000779200000, 0x00000007c0000000)
  eden space 223232K, 0% used [0x000000076ab00000,0x000000076ab00000,0x0000000778500000)
  from space 6656K, 50% used [0x0000000778b80000,0x0000000778ec8020,0x0000000779200000)
  to   space 6656K, 0% used [0x0000000778500000,0x0000000778500000,0x0000000778b80000)
 ParOldGen       total 75264K, used 3554K [0x00000006c0000000, 0x00000006c4980000, 0x000000076ab00000)
  object space 75264K, 4% used [0x00000006c0000000,0x00000006c0378910,0x00000006c4980000)
 Metaspace       used 20184K, capacity 20982K, committed 21248K, reserved 1067008K
  class space    used 2816K, capacity 3005K, committed 3072K, reserved 1048576K
Event: 3.269 GC heap after
Heap after GC invocations=9 (full 1):
 PSYoungGen      total 229888K, used 0K [0x000000076ab00000, 0x0000000779200000, 0x00000007c0000000)
  eden space 223232K, 0% used [0x000000076ab00000,0x000000076ab00000,0x0000000778500000)
  from space 6656K, 0% used [0x0000000778b80000,0x0000000778b80000,0x0000000779200000)
  to   space 6656K, 0% used [0x0000000778500000,0x0000000778500000,0x0000000778b80000)
 ParOldGen       total 47616K, used 5627K [0x00000006c0000000, 0x00000006c2e80000, 0x000000076ab00000)
  object space 47616K, 11% used [0x00000006c0000000,0x00000006c057ee20,0x00000006c2e80000)
 Metaspace       used 20184K, capacity 20982K, committed 21248K, reserved 1067008K
  class space    used 2816K, capacity 3005K, committed 3072K, reserved 1048576K
}
Event: 4.609 GC heap before
{Heap before GC invocations=10 (full 1):
 PSYoungGen      total 229888K, used 223232K [0x000000076ab00000, 0x0000000779200000, 0x00000007c0000000)
  eden space 223232K, 100% used [0x000000076ab00000,0x0000000778500000,0x0000000778500000)
  from space 6656K, 0% used [0x0000000778b80000,0x0000000778b80000,0x0000000779200000)
  to   space 6656K, 0% used [0x0000000778500000,0x0000000778500000,0x0000000778b80000)
 ParOldGen       total 47616K, used 5627K [0x00000006c0000000, 0x00000006c2e80000, 0x000000076ab00000)
  object space 47616K, 11% used [0x00000006c0000000,0x00000006c057ee20,0x00000006c2e80000)
 Metaspace       used 30525K, capacity 31518K, committed 32000K, reserved 1077248K
  class space    used 4063K, capacity 4274K, committed 4352K, reserved 1048576K
Event: 4.618 GC heap after
Heap after GC invocations=10 (full 1):
 PSYoungGen      total 229888K, used 6642K [0x000000076ab00000, 0x000000077dc00000, 0x00000007c0000000)
  eden space 223232K, 0% used [0x000000076ab00000,0x000000076ab00000,0x0000000778500000)
  from space 6656K, 99% used [0x0000000778500000,0x0000000778b7cab8,0x0000000778b80000)
  to   space 8704K, 0% used [0x000000077d380000,0x000000077d380000,0x000000077dc00000)
 ParOldGen       total 47616K, used 8576K [0x00000006c0000000, 0x00000006c2e80000, 0x000000076ab00000)
  object space 47616K, 18% used [0x00000006c0000000,0x00000006c08602f0,0x00000006c2e80000)
 Metaspace       used 30525K, capacity 31518K, committed 32000K, reserved 1077248K
  class space    used 4063K, capacity 4274K, committed 4352K, reserved 1048576K
}
Event: 5.274 GC heap before
{Heap before GC invocations=11 (full 1):
 PSYoungGen      total 229888K, used 147069K [0x000000076ab00000, 0x000000077dc00000, 0x00000007c0000000)
  eden space 223232K, 62% used [0x000000076ab00000,0x0000000773422960,0x0000000778500000)
  from space 6656K, 99% used [0x0000000778500000,0x0000000778b7cab8,0x0000000778b80000)
  to   space 8704K, 0% used [0x000000077d380000,0x000000077d380000,0x000000077dc00000)
 ParOldGen       total 47616K, used 8576K [0x00000006c0000000, 0x00000006c2e80000, 0x000000076ab00000)
  object space 47616K, 18% used [0x00000006c0000000,0x00000006c08602f0,0x00000006c2e80000)
 Metaspace       used 34137K, capacity 35116K, committed 35416K, reserved 1079296K
  class space    used 4472K, capacity 4701K, committed 4736K, reserved 1048576K
Event: 5.282 GC heap after
Heap after GC invocations=11 (full 1):
 PSYoungGen      total 299520K, used 4906K [0x000000076ab00000, 0x000000077d980000, 0x00000007c0000000)
  eden space 293376K, 0% used [0x000000076ab00000,0x000000076ab00000,0x000000077c980000)
  from space 6144K, 79% used [0x000000077d380000,0x000000077d84a9a0,0x000000077d980000)
  to   space 8192K, 0% used [0x000000077c980000,0x000000077c980000,0x000000077d180000)
 ParOldGen       total 47616K, used 8584K [0x00000006c0000000, 0x00000006c2e80000, 0x000000076ab00000)
  object space 47616K, 18% used [0x00000006c0000000,0x00000006c08622f0,0x00000006c2e80000)
 Metaspace       used 34137K, capacity 35116K, committed 35416K, reserved 1079296K
  class space    used 4472K, capacity 4701K, committed 4736K, reserved 1048576K
}
Event: 5.282 GC heap before
{Heap before GC invocations=12 (full 2):
 PSYoungGen      total 299520K, used 4906K [0x000000076ab00000, 0x000000077d980000, 0x00000007c0000000)
  eden space 293376K, 0% used [0x000000076ab00000,0x000000076ab00000,0x000000077c980000)
  from space 6144K, 79% used [0x000000077d380000,0x000000077d84a9a0,0x000000077d980000)
  to   space 8192K, 0% used [0x000000077c980000,0x000000077c980000,0x000000077d180000)
 ParOldGen       total 47616K, used 8584K [0x00000006c0000000, 0x00000006c2e80000, 0x000000076ab00000)
  object space 47616K, 18% used [0x00000006c0000000,0x00000006c08622f0,0x00000006c2e80000)
 Metaspace       used 34137K, capacity 35116K, committed 35416K, reserved 1079296K
  class space    used 4472K, capacity 4701K, committed 4736K, reserved 1048576K
Event: 5.341 GC heap after
Heap after GC invocations=12 (full 2):
 PSYoungGen      total 299520K, used 0K [0x000000076ab00000, 0x000000077d980000, 0x00000007c0000000)
  eden space 293376K, 0% used [0x000000076ab00000,0x000000076ab00000,0x000000077c980000)
  from space 6144K, 0% used [0x000000077d380000,0x000000077d380000,0x000000077d980000)
  to   space 8192K, 0% used [0x000000077c980000,0x000000077c980000,0x000000077d180000)
 ParOldGen       total 76288K, used 9300K [0x00000006c0000000, 0x00000006c4a80000, 0x000000076ab00000)
  object space 76288K, 12% used [0x00000006c0000000,0x00000006c0915078,0x00000006c4a80000)
 Metaspace       used 34137K, capacity 35116K, committed 35416K, reserved 1079296K
  class space    used 4472K, capacity 4701K, committed 4736K, reserved 1048576K
}

