# JRE version: OpenJDK Runtime Environment (8.0_372-b07) (build 1.8.0_372-b07)
# Java VM: OpenJDK 64-Bit Server VM (25.372-b07 mixed mode linux-amd64 compressed oops)
Heap:
 PSYoungGen      total 311808K, used 152970K [0x000000076ab00000, 0x000000077ea80000, 0x00000007c0000000)
  eden space 306688K, 49% used [0x000000076ab00000,0x0000000774062868,0x000000077d680000)
  from space 5120K, 0% used [0x000000077e580000,0x000000077e580000,0x000000077ea80000)
  to   space 8704K, 0% used [0x000000077d980000,0x000000077d980000,0x000000077e200000)
 ParOldGen       total 64000K, used 9429K [0x00000006c0000000, 0x00000006c3e80000, 0x000000076ab00000)
  object space 64000K, 14% used [0x00000006c0000000,0x00000006c0935670,0x00000006c3e80000)
 Metaspace       used 37858K, capacity 38909K, committed 39296K, reserved 1083392K
  class space    used 4742K, capacity 4988K, committed 4992K, reserved 1048576K
GC Heap History (10 events):
Event: 2.612 GC heap before
{Heap before GC invocations=8 (full 0):
 PSYoungGen      total 117760K, used 37935K [0x000000076ab00000, 0x0000000779400000, 0x00000007c0000000)
  eden space 112128K, 28% used [0x000000076ab00000,0x000000076ca8ce10,0x0000000771880000)
  from space 5632K, 99% used [0x0000000771880000,0x0000000771dfef60,0x0000000771e00000)
  to   space 7168K, 0% used [0x0000000778d00000,0x0000000778d00000,0x0000000779400000)
 ParOldGen       total 75264K, used 2328K [0x00000006c0000000, 0x00000006c4980000, 0x000000076ab00000)
  object space 75264K, 3% used [0x00000006c0000000,0x00000006c0246208,0x00000006c4980000)
 Metaspace       used 20344K, capacity 21238K, committed 21296K, reserved 1067008K
  class space    used 2726K, capacity 2938K, committed 2944K, reserved 1048576K
Event: 2.619 GC heap after
Heap after GC invocations=8 (full 0):
 PSYoungGen      total 231424K, used 2916K [0x000000076ab00000, 0x0000000779400000, 0x00000007c0000000)
  eden space 224256K, 0% used [0x000000076ab00000,0x000000076ab00000,0x0000000778600000)
  from space 7168K, 40% used [0x0000000778d00000,0x0000000778fd9168,0x0000000779400000)
  to   space 7168K, 0% used [0x0000000778600000,0x0000000778600000,0x0000000778d00000)
 ParOldGen       total 75264K, used 2748K [0x00000006c0000000, 0x00000006c4980000, 0x000000076ab00000)
  object space 75264K, 3% used [0x00000006c0000000,0x00000006c02af248,0x00000006c4980000)
 Metaspace       used 20344K, capacity 21238K, committed 21296K, reserved 1067008K
  class space    used 2726K, capacity 2938K, committed 2944K, reserved 1048576K
}
Event: 2.619 GC heap before
{Heap before GC invocations=9 (full 1):
 PSYoungGen      total 231424K, used 2916K [0x000000076ab00000, 0x0000000779400000, 0x00000007c0000000)
  eden space 224256K, 0% used [0x000000076ab00000,0x000000076ab00000,0x0000000778600000)
  from space 7168K, 40% used [0x0000000778d00000,0x0000000778fd9168,0x0000000779400000)
  to   space 7168K, 0% used [0x0000000778600000,0x0000000778600000,0x0000000778d00000)
 ParOldGen       total 75264K, used 2748K [0x00000006c0000000, 0x00000006c4980000, 0x000000076ab00000)
  object space 75264K, 3% used [0x00000006c0000000,0x00000006c02af248,0x00000006c4980000)
 Metaspace       used 20344K, capacity 21238K, committed 21296K, reserved 1067008K
  class space    used 2726K, capacity 2938K, committed 2944K, reserved 1048576K
Event: 2.648 GC heap after
Heap after GC invocations=9 (full 1):
 PSYoungGen      total 231424K, used 0K [0x000000076ab00000, 0x0000000779400000, 0x00000007c0000000)
  eden space 224256K, 0% used [0x000000076ab00000,0x000000076ab00000,0x0000000778600000)
  from space 7168K, 0% used [0x0000000778d00000,0x0000000778d00000,0x0000000779400000)
  to   space 7168K, 0% used [0x0000000778600000,0x0000000778600000,0x0000000778d00000)
 ParOldGen       total 43520K, used 5092K [0x00000006c0000000, 0x00000006c2a80000, 0x000000076ab00000)
  object space 43520K, 11% used [0x00000006c0000000,0x00000006c04f91f8,0x00000006c2a80000)
 Metaspace       used 20344K, capacity 21238K, committed 21296K, reserved 1067008K
  class space    used 2726K, capacity 2938K, committed 2944K, reserved 1048576K
}
Event: 4.691 GC heap before
{Heap before GC invocations=10 (full 1):
 PSYoungGen      total 231424K, used 224256K [0x000000076ab00000, 0x0000000779400000, 0x00000007c0000000)
  eden space 224256K, 100% used [0x000000076ab00000,0x0000000778600000,0x0000000778600000)
  from space 7168K, 0% used [0x0000000778d00000,0x0000000778d00000,0x0000000779400000)
  to   space 7168K, 0% used [0x0000000778600000,0x0000000778600000,0x0000000778d00000)
 ParOldGen       total 43520K, used 5092K [0x00000006c0000000, 0x00000006c2a80000, 0x000000076ab00000)
  object space 43520K, 11% used [0x00000006c0000000,0x00000006c04f91f8,0x00000006c2a80000)
 Metaspace       used 30394K, capacity 31343K, committed 31616K, reserved 1077248K
  class space    used 3901K, capacity 4115K, committed 4224K, reserved 1048576K
Event: 4.701 GC heap after
Heap after GC invocations=10 (full 1):
 PSYoungGen      total 231424K, used 7156K [0x000000076ab00000, 0x000000077ee80000, 0x00000007c0000000)
  eden space 224256K, 0% used [0x000000076ab00000,0x000000076ab00000,0x0000000778600000)
  from space 7168K, 99% used [0x0000000778600000,0x0000000778cfd3e8,0x0000000778d00000)
  to   space 9216K, 0% used [0x000000077e580000,0x000000077e580000,0x000000077ee80000)
 ParOldGen       total 43520K, used 7729K [0x00000006c0000000, 0x00000006c2a80000, 0x000000076ab00000)
  object space 43520K, 17% used [0x00000006c0000000,0x00000006c078c578,0x00000006c2a80000)
 Metaspace       used 30394K, capacity 31343K, committed 31616K, reserved 1077248K
  class space    used 3901K, capacity 4115K, committed 4224K, reserved 1048576K
}
Event: 5.917 GC heap before
{Heap before GC invocations=11 (full 1):
 PSYoungGen      total 231424K, used 115733K [0x000000076ab00000, 0x000000077ee80000, 0x00000007c0000000)
  eden space 224256K, 48% used [0x000000076ab00000,0x0000000771508220,0x0000000778600000)
  from space 7168K, 99% used [0x0000000778600000,0x0000000778cfd3e8,0x0000000778d00000)
  to   space 9216K, 0% used [0x000000077e580000,0x000000077e580000,0x000000077ee80000)
 ParOldGen       total 43520K, used 7729K [0x00000006c0000000, 0x00000006c2a80000, 0x000000076ab00000)
  object space 43520K, 17% used [0x00000006c0000000,0x00000006c078c578,0x00000006c2a80000)
 Metaspace       used 34190K, capacity 35239K, committed 35496K, reserved 1081344K
  class space    used 4361K, capacity 4585K, committed 4608K, reserved 1048576K
Event: 5.925 GC heap after
Heap after GC invocations=11 (full 1):
 PSYoungGen      total 311808K, used 4798K [0x000000076ab00000, 0x000000077ea80000, 0x00000007c0000000)
  eden space 306688K, 0% used [0x000000076ab00000,0x000000076ab00000,0x000000077d680000)
  from space 5120K, 93% used [0x000000077e580000,0x000000077ea2f918,0x000000077ea80000)
  to   space 8704K, 0% used [0x000000077d980000,0x000000077d980000,0x000000077e200000)
 ParOldGen       total 43520K, used 7729K [0x00000006c0000000, 0x00000006c2a80000, 0x000000076ab00000)
  object space 43520K, 17% used [0x00000006c0000000,0x00000006c078c578,0x00000006c2a80000)
 Metaspace       used 34190K, capacity 35239K, committed 35496K, reserved 1081344K
  class space    used 4361K, capacity 4585K, committed 4608K, reserved 1048576K
}
Event: 5.925 GC heap before
{Heap before GC invocations=12 (full 2):
 PSYoungGen      total 311808K, used 4798K [0x000000076ab00000, 0x000000077ea80000, 0x00000007c0000000)
  eden space 306688K, 0% used [0x000000076ab00000,0x000000076ab00000,0x000000077d680000)
  from space 5120K, 93% used [0x000000077e580000,0x000000077ea2f918,0x000000077ea80000)
  to   space 8704K, 0% used [0x000000077d980000,0x000000077d980000,0x000000077e200000)
 ParOldGen       total 43520K, used 7729K [0x00000006c0000000, 0x00000006c2a80000, 0x000000076ab00000)
  object space 43520K, 17% used [0x00000006c0000000,0x00000006c078c578,0x00000006c2a80000)
 Metaspace       used 34190K, capacity 35239K, committed 35496K, reserved 1081344K
  class space    used 4361K, capacity 4585K, committed 4608K, reserved 1048576K
Event: 5.969 GC heap after
Heap after GC invocations=12 (full 2):
 PSYoungGen      total 311808K, used 0K [0x000000076ab00000, 0x000000077ea80000, 0x00000007c0000000)
  eden space 306688K, 0% used [0x000000076ab00000,0x000000076ab00000,0x000000077d680000)
  from space 5120K, 0% used [0x000000077e580000,0x000000077e580000,0x000000077ea80000)
  to   space 8704K, 0% used [0x000000077d980000,0x000000077d980000,0x000000077e200000)
 ParOldGen       total 64000K, used 9429K [0x00000006c0000000, 0x00000006c3e80000, 0x000000076ab00000)
  object space 64000K, 14% used [0x00000006c0000000,0x00000006c0935670,0x00000006c3e80000)
 Metaspace       used 34186K, capacity 35233K, committed 35496K, reserved 1081344K
  class space    used 4360K, capacity 4584K, committed 4608K, reserved 1048576K
}

