# JRE version: OpenJDK Runtime Environment (8.0_372-b07) (build 1.8.0_372-b07)
# Java VM: OpenJDK 64-Bit Server VM (25.372-b07 mixed mode linux-amd64 compressed oops)
Heap:
 PSYoungGen      total 314368K, used 151283K [0x000000076ab00000, 0x000000077ed00000, 0x00000007c0000000)
  eden space 309248K, 48% used [0x000000076ab00000,0x0000000773ebcf30,0x000000077d900000)
  from space 5120K, 0% used [0x000000077e800000,0x000000077e800000,0x000000077ed00000)
  to   space 8704K, 0% used [0x000000077dc00000,0x000000077dc00000,0x000000077e480000)
 ParOldGen       total 62976K, used 9538K [0x00000006c0000000, 0x00000006c3d80000, 0x000000076ab00000)
  object space 62976K, 15% used [0x00000006c0000000,0x00000006c0950870,0x00000006c3d80000)
 Metaspace       used 37907K, capacity 38981K, committed 39296K, reserved 1083392K
  class space    used 4741K, capacity 4988K, committed 4992K, reserved 1048576K
GC Heap History (10 events):
Event: 2.688 GC heap before
{Heap before GC invocations=8 (full 0):
 PSYoungGen      total 117760K, used 35804K [0x000000076ab00000, 0x0000000779500000, 0x00000007c0000000)
  eden space 112128K, 26% used [0x000000076ab00000,0x000000076c87b610,0x0000000771880000)
  from space 5632K, 99% used [0x0000000771880000,0x0000000771dfbba8,0x0000000771e00000)
  to   space 7680K, 0% used [0x0000000778d80000,0x0000000778d80000,0x0000000779500000)
 ParOldGen       total 75264K, used 2389K [0x00000006c0000000, 0x00000006c4980000, 0x000000076ab00000)
  object space 75264K, 3% used [0x00000006c0000000,0x00000006c02554d8,0x00000006c4980000)
 Metaspace       used 20345K, capacity 21246K, committed 21296K, reserved 1067008K
  class space    used 2719K, capacity 2938K, committed 2944K, reserved 1048576K
Event: 2.693 GC heap after
Heap after GC invocations=8 (full 0):
 PSYoungGen      total 230912K, used 2936K [0x000000076ab00000, 0x0000000779400000, 0x00000007c0000000)
  eden space 224256K, 0% used [0x000000076ab00000,0x000000076ab00000,0x0000000778600000)
  from space 6656K, 44% used [0x0000000778d80000,0x000000077905e0f8,0x0000000779400000)
  to   space 7168K, 0% used [0x0000000778600000,0x0000000778600000,0x0000000778d00000)
 ParOldGen       total 75264K, used 2825K [0x00000006c0000000, 0x00000006c4980000, 0x000000076ab00000)
  object space 75264K, 3% used [0x00000006c0000000,0x00000006c02c2518,0x00000006c4980000)
 Metaspace       used 20345K, capacity 21246K, committed 21296K, reserved 1067008K
  class space    used 2719K, capacity 2938K, committed 2944K, reserved 1048576K
}
Event: 2.693 GC heap before
{Heap before GC invocations=9 (full 1):
 PSYoungGen      total 230912K, used 2936K [0x000000076ab00000, 0x0000000779400000, 0x00000007c0000000)
  eden space 224256K, 0% used [0x000000076ab00000,0x000000076ab00000,0x0000000778600000)
  from space 6656K, 44% used [0x0000000778d80000,0x000000077905e0f8,0x0000000779400000)
  to   space 7168K, 0% used [0x0000000778600000,0x0000000778600000,0x0000000778d00000)
 ParOldGen       total 75264K, used 2825K [0x00000006c0000000, 0x00000006c4980000, 0x000000076ab00000)
  object space 75264K, 3% used [0x00000006c0000000,0x00000006c02c2518,0x00000006c4980000)
 Metaspace       used 20345K, capacity 21246K, committed 21296K, reserved 1067008K
  class space    used 2719K, capacity 2938K, committed 2944K, reserved 1048576K
Event: 2.722 GC heap after
Heap after GC invocations=9 (full 1):
 PSYoungGen      total 230912K, used 0K [0x000000076ab00000, 0x0000000779400000, 0x00000007c0000000)
  eden space 224256K, 0% used [0x000000076ab00000,0x000000076ab00000,0x0000000778600000)
  from space 6656K, 0% used [0x0000000778d80000,0x0000000778d80000,0x0000000779400000)
  to   space 7168K, 0% used [0x0000000778600000,0x0000000778600000,0x0000000778d00000)
 ParOldGen       total 43008K, used 5076K [0x00000006c0000000, 0x00000006c2a00000, 0x000000076ab00000)
  object space 43008K, 11% used [0x00000006c0000000,0x00000006c04f53f8,0x00000006c2a00000)
 Metaspace       used 20345K, capacity 21246K, committed 21296K, reserved 1067008K
  class space    used 2719K, capacity 2938K, committed 2944K, reserved 1048576K
}
Event: 4.679 GC heap before
{Heap before GC invocations=10 (full 1):
 PSYoungGen      total 230912K, used 224256K [0x000000076ab00000, 0x0000000779400000, 0x00000007c0000000)
  eden space 224256K, 100% used [0x000000076ab00000,0x0000000778600000,0x0000000778600000)
  from space 6656K, 0% used [0x0000000778d80000,0x0000000778d80000,0x0000000779400000)
  to   space 7168K, 0% used [0x0000000778600000,0x0000000778600000,0x0000000778d00000)
 ParOldGen       total 43008K, used 5076K [0x00000006c0000000, 0x00000006c2a00000, 0x000000076ab00000)
  object space 43008K, 11% used [0x00000006c0000000,0x00000006c04f53f8,0x00000006c2a00000)
 Metaspace       used 30181K, capacity 31127K, committed 31232K, reserved 1077248K
  class space    used 3870K, capacity 4083K, committed 4096K, reserved 1048576K
Event: 4.695 GC heap after
Heap after GC invocations=10 (full 1):
 PSYoungGen      total 231424K, used 7151K [0x000000076ab00000, 0x000000077f100000, 0x00000007c0000000)
  eden space 224256K, 0% used [0x000000076ab00000,0x000000076ab00000,0x0000000778600000)
  from space 7168K, 99% used [0x0000000778600000,0x0000000778cfbd90,0x0000000778d00000)
  to   space 9216K, 0% used [0x000000077e800000,0x000000077e800000,0x000000077f100000)
 ParOldGen       total 43008K, used 7632K [0x00000006c0000000, 0x00000006c2a00000, 0x000000076ab00000)
  object space 43008K, 17% used [0x00000006c0000000,0x00000006c07743e0,0x00000006c2a00000)
 Metaspace       used 30181K, capacity 31127K, committed 31232K, reserved 1077248K
  class space    used 3870K, capacity 4083K, committed 4096K, reserved 1048576K
}
Event: 6.737 GC heap before
{Heap before GC invocations=11 (full 1):
 PSYoungGen      total 231424K, used 123897K [0x000000076ab00000, 0x000000077f100000, 0x00000007c0000000)
  eden space 224256K, 52% used [0x000000076ab00000,0x0000000771d029c0,0x0000000778600000)
  from space 7168K, 99% used [0x0000000778600000,0x0000000778cfbd90,0x0000000778d00000)
  to   space 9216K, 0% used [0x000000077e800000,0x000000077e800000,0x000000077f100000)
 ParOldGen       total 43008K, used 7632K [0x00000006c0000000, 0x00000006c2a00000, 0x000000076ab00000)
  object space 43008K, 17% used [0x00000006c0000000,0x00000006c07743e0,0x00000006c2a00000)
 Metaspace       used 34230K, capacity 35247K, committed 35496K, reserved 1081344K
  class space    used 4358K, capacity 4585K, committed 4608K, reserved 1048576K
Event: 6.748 GC heap after
Heap after GC invocations=11 (full 1):
 PSYoungGen      total 314368K, used 4872K [0x000000076ab00000, 0x000000077ed00000, 0x00000007c0000000)
  eden space 309248K, 0% used [0x000000076ab00000,0x000000076ab00000,0x000000077d900000)
  from space 5120K, 95% used [0x000000077e800000,0x000000077ecc23a0,0x000000077ed00000)
  to   space 8704K, 0% used [0x000000077dc00000,0x000000077dc00000,0x000000077e480000)
 ParOldGen       total 43008K, used 7640K [0x00000006c0000000, 0x00000006c2a00000, 0x000000076ab00000)
  object space 43008K, 17% used [0x00000006c0000000,0x00000006c07763e0,0x00000006c2a00000)
 Metaspace       used 34230K, capacity 35247K, committed 35496K, reserved 1081344K
  class space    used 4358K, capacity 4585K, committed 4608K, reserved 1048576K
}
Event: 6.748 GC heap before
{Heap before GC invocations=12 (full 2):
 PSYoungGen      total 314368K, used 4872K [0x000000076ab00000, 0x000000077ed00000, 0x00000007c0000000)
  eden space 309248K, 0% used [0x000000076ab00000,0x000000076ab00000,0x000000077d900000)
  from space 5120K, 95% used [0x000000077e800000,0x000000077ecc23a0,0x000000077ed00000)
  to   space 8704K, 0% used [0x000000077dc00000,0x000000077dc00000,0x000000077e480000)
 ParOldGen       total 43008K, used 7640K [0x00000006c0000000, 0x00000006c2a00000, 0x000000076ab00000)
  object space 43008K, 17% used [0x00000006c0000000,0x00000006c07763e0,0x00000006c2a00000)
 Metaspace       used 34230K, capacity 35247K, committed 35496K, reserved 1081344K
  class space    used 4358K, capacity 4585K, committed 4608K, reserved 1048576K
Event: 6.804 GC heap after
Heap after GC invocations=12 (full 2):
 PSYoungGen      total 314368K, used 0K [0x000000076ab00000, 0x000000077ed00000, 0x00000007c0000000)
  eden space 309248K, 0% used [0x000000076ab00000,0x000000076ab00000,0x000000077d900000)
  from space 5120K, 0% used [0x000000077e800000,0x000000077e800000,0x000000077ed00000)
  to   space 8704K, 0% used [0x000000077dc00000,0x000000077dc00000,0x000000077e480000)
 ParOldGen       total 62976K, used 9538K [0x00000006c0000000, 0x00000006c3d80000, 0x000000076ab00000)
  object space 62976K, 15% used [0x00000006c0000000,0x00000006c0950870,0x00000006c3d80000)
 Metaspace       used 34226K, capacity 35241K, committed 35496K, reserved 1081344K
  class space    used 4358K, capacity 4584K, committed 4608K, reserved 1048576K
}

