# JRE version: OpenJDK Runtime Environment (8.0_372-b07) (build 1.8.0_372-b07)
# Java VM: OpenJDK 64-Bit Server VM (25.372-b07 mixed mode linux-amd64 compressed oops)
Heap:
 PSYoungGen      total 316928K, used 162643K [0x000000076ab00000, 0x000000077ef00000, 0x00000007c0000000)
  eden space 311808K, 52% used [0x000000076ab00000,0x00000007749d4c40,0x000000077db80000)
  from space 5120K, 0% used [0x000000077ea00000,0x000000077ea00000,0x000000077ef00000)
  to   space 8704K, 0% used [0x000000077de00000,0x000000077de00000,0x000000077e680000)
 ParOldGen       total 62976K, used 9555K [0x00000006c0000000, 0x00000006c3d80000, 0x000000076ab00000)
  object space 62976K, 15% used [0x00000006c0000000,0x00000006c0954f00,0x00000006c3d80000)
 Metaspace       used 37992K, capacity 39071K, committed 39296K, reserved 1083392K
  class space    used 4754K, capacity 4989K, committed 4992K, reserved 1048576K
GC Heap History (10 events):
Event: 2.924 GC heap before
{Heap before GC invocations=8 (full 0):
 PSYoungGen      total 117760K, used 40184K [0x000000076ab00000, 0x0000000779400000, 0x00000007c0000000)
  eden space 112128K, 30% used [0x000000076ab00000,0x000000076ccbf178,0x0000000771880000)
  from space 5632K, 99% used [0x0000000771880000,0x0000000771dff108,0x0000000771e00000)
  to   space 7168K, 0% used [0x0000000778d00000,0x0000000778d00000,0x0000000779400000)
 ParOldGen       total 75264K, used 2303K [0x00000006c0000000, 0x00000006c4980000, 0x000000076ab00000)
  object space 75264K, 3% used [0x00000006c0000000,0x00000006c023fef8,0x00000006c4980000)
 Metaspace       used 20345K, capacity 21272K, committed 21296K, reserved 1067008K
  class space    used 2725K, capacity 2939K, committed 2944K, reserved 1048576K
Event: 2.930 GC heap after
Heap after GC invocations=8 (full 0):
 PSYoungGen      total 231424K, used 2981K [0x000000076ab00000, 0x0000000779400000, 0x00000007c0000000)
  eden space 224256K, 0% used [0x000000076ab00000,0x000000076ab00000,0x0000000778600000)
  from space 7168K, 41% used [0x0000000778d00000,0x0000000778fe94e0,0x0000000779400000)
  to   space 7168K, 0% used [0x0000000778600000,0x0000000778600000,0x0000000778d00000)
 ParOldGen       total 75264K, used 2747K [0x00000006c0000000, 0x00000006c4980000, 0x000000076ab00000)
  object space 75264K, 3% used [0x00000006c0000000,0x00000006c02aef38,0x00000006c4980000)
 Metaspace       used 20345K, capacity 21272K, committed 21296K, reserved 1067008K
  class space    used 2725K, capacity 2939K, committed 2944K, reserved 1048576K
}
Event: 2.930 GC heap before
{Heap before GC invocations=9 (full 1):
 PSYoungGen      total 231424K, used 2981K [0x000000076ab00000, 0x0000000779400000, 0x00000007c0000000)
  eden space 224256K, 0% used [0x000000076ab00000,0x000000076ab00000,0x0000000778600000)
  from space 7168K, 41% used [0x0000000778d00000,0x0000000778fe94e0,0x0000000779400000)
  to   space 7168K, 0% used [0x0000000778600000,0x0000000778600000,0x0000000778d00000)
 ParOldGen       total 75264K, used 2747K [0x00000006c0000000, 0x00000006c4980000, 0x000000076ab00000)
  object space 75264K, 3% used [0x00000006c0000000,0x00000006c02aef38,0x00000006c4980000)
 Metaspace       used 20345K, capacity 21272K, committed 21296K, reserved 1067008K
  class space    used 2725K, capacity 2939K, committed 2944K, reserved 1048576K
Event: 2.958 GC heap after
Heap after GC invocations=9 (full 1):
 PSYoungGen      total 231424K, used 0K [0x000000076ab00000, 0x0000000779400000, 0x00000007c0000000)
  eden space 224256K, 0% used [0x000000076ab00000,0x000000076ab00000,0x0000000778600000)
  from space 7168K, 0% used [0x0000000778d00000,0x0000000778d00000,0x0000000779400000)
  to   space 7168K, 0% used [0x0000000778600000,0x0000000778600000,0x0000000778d00000)
 ParOldGen       total 42496K, used 5184K [0x00000006c0000000, 0x00000006c2980000, 0x000000076ab00000)
  object space 42496K, 12% used [0x00000006c0000000,0x00000006c0510378,0x00000006c2980000)
 Metaspace       used 20345K, capacity 21272K, committed 21296K, reserved 1067008K
  class space    used 2725K, capacity 2939K, committed 2944K, reserved 1048576K
}
Event: 4.893 GC heap before
{Heap before GC invocations=10 (full 1):
 PSYoungGen      total 231424K, used 224256K [0x000000076ab00000, 0x0000000779400000, 0x00000007c0000000)
  eden space 224256K, 100% used [0x000000076ab00000,0x0000000778600000,0x0000000778600000)
  from space 7168K, 0% used [0x0000000778d00000,0x0000000778d00000,0x0000000779400000)
  to   space 7168K, 0% used [0x0000000778600000,0x0000000778600000,0x0000000778d00000)
 ParOldGen       total 42496K, used 5184K [0x00000006c0000000, 0x00000006c2980000, 0x000000076ab00000)
  object space 42496K, 12% used [0x00000006c0000000,0x00000006c0510378,0x00000006c2980000)
 Metaspace       used 30108K, capacity 31089K, committed 31232K, reserved 1077248K
  class space    used 3866K, capacity 4084K, committed 4096K, reserved 1048576K
Event: 4.907 GC heap after
Heap after GC invocations=10 (full 1):
 PSYoungGen      total 231424K, used 7146K [0x000000076ab00000, 0x000000077f300000, 0x00000007c0000000)
  eden space 224256K, 0% used [0x000000076ab00000,0x000000076ab00000,0x0000000778600000)
  from space 7168K, 99% used [0x0000000778600000,0x0000000778cfa838,0x0000000778d00000)
  to   space 9216K, 0% used [0x000000077ea00000,0x000000077ea00000,0x000000077f300000)
 ParOldGen       total 42496K, used 7849K [0x00000006c0000000, 0x00000006c2980000, 0x000000076ab00000)
  object space 42496K, 18% used [0x00000006c0000000,0x00000006c07aa468,0x00000006c2980000)
 Metaspace       used 30108K, capacity 31089K, committed 31232K, reserved 1077248K
  class space    used 3866K, capacity 4084K, committed 4096K, reserved 1048576K
}
Event: 6.315 GC heap before
{Heap before GC invocations=11 (full 1):
 PSYoungGen      total 231424K, used 124288K [0x000000076ab00000, 0x000000077f300000, 0x00000007c0000000)
  eden space 224256K, 52% used [0x000000076ab00000,0x0000000771d65af0,0x0000000778600000)
  from space 7168K, 99% used [0x0000000778600000,0x0000000778cfa838,0x0000000778d00000)
  to   space 9216K, 0% used [0x000000077ea00000,0x000000077ea00000,0x000000077f300000)
 ParOldGen       total 42496K, used 7849K [0x00000006c0000000, 0x00000006c2980000, 0x000000076ab00000)
  object space 42496K, 18% used [0x00000006c0000000,0x00000006c07aa468,0x00000006c2980000)
 Metaspace       used 34257K, capacity 35337K, committed 35496K, reserved 1081344K
  class space    used 4362K, capacity 4586K, committed 4608K, reserved 1048576K
Event: 6.324 GC heap after
Heap after GC invocations=11 (full 1):
 PSYoungGen      total 316928K, used 4891K [0x000000076ab00000, 0x000000077ef00000, 0x00000007c0000000)
  eden space 311808K, 0% used [0x000000076ab00000,0x000000076ab00000,0x000000077db80000)
  from space 5120K, 95% used [0x000000077ea00000,0x000000077eec6c18,0x000000077ef00000)
  to   space 8704K, 0% used [0x000000077de00000,0x000000077de00000,0x000000077e680000)
 ParOldGen       total 42496K, used 7849K [0x00000006c0000000, 0x00000006c2980000, 0x000000076ab00000)
  object space 42496K, 18% used [0x00000006c0000000,0x00000006c07aa468,0x00000006c2980000)
 Metaspace       used 34257K, capacity 35337K, committed 35496K, reserved 1081344K
  class space    used 4362K, capacity 4586K, committed 4608K, reserved 1048576K
}
Event: 6.324 GC heap before
{Heap before GC invocations=12 (full 2):
 PSYoungGen      total 316928K, used 4891K [0x000000076ab00000, 0x000000077ef00000, 0x00000007c0000000)
  eden space 311808K, 0% used [0x000000076ab00000,0x000000076ab00000,0x000000077db80000)
  from space 5120K, 95% used [0x000000077ea00000,0x000000077eec6c18,0x000000077ef00000)
  to   space 8704K, 0% used [0x000000077de00000,0x000000077de00000,0x000000077e680000)
 ParOldGen       total 42496K, used 7849K [0x00000006c0000000, 0x00000006c2980000, 0x000000076ab00000)
  object space 42496K, 18% used [0x00000006c0000000,0x00000006c07aa468,0x00000006c2980000)
 Metaspace       used 34257K, capacity 35337K, committed 35496K, reserved 1081344K
  class space    used 4362K, capacity 4586K, committed 4608K, reserved 1048576K
Event: 6.379 GC heap after
Heap after GC invocations=12 (full 2):
 PSYoungGen      total 316928K, used 0K [0x000000076ab00000, 0x000000077ef00000, 0x00000007c0000000)
  eden space 311808K, 0% used [0x000000076ab00000,0x000000076ab00000,0x000000077db80000)
  from space 5120K, 0% used [0x000000077ea00000,0x000000077ea00000,0x000000077ef00000)
  to   space 8704K, 0% used [0x000000077de00000,0x000000077de00000,0x000000077e680000)
 ParOldGen       total 62976K, used 9555K [0x00000006c0000000, 0x00000006c3d80000, 0x000000076ab00000)
  object space 62976K, 15% used [0x00000006c0000000,0x00000006c0954f00,0x00000006c3d80000)
 Metaspace       used 34254K, capacity 35331K, committed 35496K, reserved 1081344K
  class space    used 4361K, capacity 4585K, committed 4608K, reserved 1048576K
}

