# JRE version: OpenJDK Runtime Environment (8.0_372-b07) (build 1.8.0_372-b07)
# Java VM: OpenJDK 64-Bit Server VM (25.372-b07 mixed mode linux-amd64 compressed oops)
Heap:
 PSYoungGen      total 306688K, used 156285K [0x000000076ab00000, 0x000000077e600000, 0x00000007c0000000)
  eden space 301568K, 51% used [0x000000076ab00000,0x000000077439f738,0x000000077d180000)
  from space 5120K, 0% used [0x000000077e100000,0x000000077e100000,0x000000077e600000)
  to   space 8704K, 0% used [0x000000077d500000,0x000000077d500000,0x000000077dd80000)
 ParOldGen       total 65536K, used 9544K [0x00000006c0000000, 0x00000006c4000000, 0x000000076ab00000)
  object space 65536K, 14% used [0x00000006c0000000,0x00000006c09520b8,0x00000006c4000000)
 Metaspace       used 37911K, capacity 39037K, committed 39296K, reserved 1083392K
  class space    used 4742K, capacity 4988K, committed 4992K, reserved 1048576K
GC Heap History (10 events):
Event: 2.806 GC heap before
{Heap before GC invocations=8 (full 0):
 PSYoungGen      total 117248K, used 40132K [0x000000076ab00000, 0x0000000779300000, 0x00000007c0000000)
  eden space 111616K, 30% used [0x000000076ab00000,0x000000076ccb8968,0x0000000771800000)
  from space 5632K, 99% used [0x0000000771800000,0x0000000771d789f8,0x0000000771d80000)
  to   space 7168K, 0% used [0x0000000778c00000,0x0000000778c00000,0x0000000779300000)
 ParOldGen       total 75264K, used 2359K [0x00000006c0000000, 0x00000006c4980000, 0x000000076ab00000)
  object space 75264K, 3% used [0x00000006c0000000,0x00000006c024def8,0x00000006c4980000)
 Metaspace       used 20352K, capacity 21238K, committed 21296K, reserved 1067008K
  class space    used 2720K, capacity 2938K, committed 2944K, reserved 1048576K
Event: 2.812 GC heap after
Heap after GC invocations=8 (full 0):
 PSYoungGen      total 230400K, used 2999K [0x000000076ab00000, 0x0000000779300000, 0x00000007c0000000)
  eden space 223232K, 0% used [0x000000076ab00000,0x000000076ab00000,0x0000000778500000)
  from space 7168K, 41% used [0x0000000778c00000,0x0000000778eedf40,0x0000000779300000)
  to   space 7168K, 0% used [0x0000000778500000,0x0000000778500000,0x0000000778c00000)
 ParOldGen       total 75264K, used 2783K [0x00000006c0000000, 0x00000006c4980000, 0x000000076ab00000)
  object space 75264K, 3% used [0x00000006c0000000,0x00000006c02b7ef8,0x00000006c4980000)
 Metaspace       used 20352K, capacity 21238K, committed 21296K, reserved 1067008K
  class space    used 2720K, capacity 2938K, committed 2944K, reserved 1048576K
}
Event: 2.812 GC heap before
{Heap before GC invocations=9 (full 1):
 PSYoungGen      total 230400K, used 2999K [0x000000076ab00000, 0x0000000779300000, 0x00000007c0000000)
  eden space 223232K, 0% used [0x000000076ab00000,0x000000076ab00000,0x0000000778500000)
  from space 7168K, 41% used [0x0000000778c00000,0x0000000778eedf40,0x0000000779300000)
  to   space 7168K, 0% used [0x0000000778500000,0x0000000778500000,0x0000000778c00000)
 ParOldGen       total 75264K, used 2783K [0x00000006c0000000, 0x00000006c4980000, 0x000000076ab00000)
  object space 75264K, 3% used [0x00000006c0000000,0x00000006c02b7ef8,0x00000006c4980000)
 Metaspace       used 20352K, capacity 21238K, committed 21296K, reserved 1067008K
  class space    used 2720K, capacity 2938K, committed 2944K, reserved 1048576K
Event: 2.848 GC heap after
Heap after GC invocations=9 (full 1):
 PSYoungGen      total 230400K, used 0K [0x000000076ab00000, 0x0000000779300000, 0x00000007c0000000)
  eden space 223232K, 0% used [0x000000076ab00000,0x000000076ab00000,0x0000000778500000)
  from space 7168K, 0% used [0x0000000778c00000,0x0000000778c00000,0x0000000779300000)
  to   space 7168K, 0% used [0x0000000778500000,0x0000000778500000,0x0000000778c00000)
 ParOldGen       total 44032K, used 5143K [0x00000006c0000000, 0x00000006c2b00000, 0x000000076ab00000)
  object space 44032K, 11% used [0x00000006c0000000,0x00000006c0505de0,0x00000006c2b00000)
 Metaspace       used 20352K, capacity 21238K, committed 21296K, reserved 1067008K
  class space    used 2720K, capacity 2938K, committed 2944K, reserved 1048576K
}
Event: 4.827 GC heap before
{Heap before GC invocations=10 (full 1):
 PSYoungGen      total 230400K, used 223232K [0x000000076ab00000, 0x0000000779300000, 0x00000007c0000000)
  eden space 223232K, 100% used [0x000000076ab00000,0x0000000778500000,0x0000000778500000)
  from space 7168K, 0% used [0x0000000778c00000,0x0000000778c00000,0x0000000779300000)
  to   space 7168K, 0% used [0x0000000778500000,0x0000000778500000,0x0000000778c00000)
 ParOldGen       total 44032K, used 5143K [0x00000006c0000000, 0x00000006c2b00000, 0x000000076ab00000)
  object space 44032K, 11% used [0x00000006c0000000,0x00000006c0505de0,0x00000006c2b00000)
 Metaspace       used 30052K, capacity 30991K, committed 31232K, reserved 1077248K
  class space    used 3860K, capacity 4083K, committed 4096K, reserved 1048576K
Event: 4.838 GC heap after
Heap after GC invocations=10 (full 1):
 PSYoungGen      total 230400K, used 7140K [0x000000076ab00000, 0x000000077ea00000, 0x00000007c0000000)
  eden space 223232K, 0% used [0x000000076ab00000,0x000000076ab00000,0x0000000778500000)
  from space 7168K, 99% used [0x0000000778500000,0x0000000778bf90c0,0x0000000778c00000)
  to   space 9216K, 0% used [0x000000077e100000,0x000000077e100000,0x000000077ea00000)
 ParOldGen       total 44032K, used 7603K [0x00000006c0000000, 0x00000006c2b00000, 0x000000076ab00000)
  object space 44032K, 17% used [0x00000006c0000000,0x00000006c076cd30,0x00000006c2b00000)
 Metaspace       used 30052K, capacity 30991K, committed 31232K, reserved 1077248K
  class space    used 3860K, capacity 4083K, committed 4096K, reserved 1048576K
}
Event: 6.393 GC heap before
{Heap before GC invocations=11 (full 1):
 PSYoungGen      total 230400K, used 124414K [0x000000076ab00000, 0x000000077ea00000, 0x00000007c0000000)
  eden space 223232K, 52% used [0x000000076ab00000,0x0000000771d86858,0x0000000778500000)
  from space 7168K, 99% used [0x0000000778500000,0x0000000778bf90c0,0x0000000778c00000)
  to   space 9216K, 0% used [0x000000077e100000,0x000000077e100000,0x000000077ea00000)
 ParOldGen       total 44032K, used 7603K [0x00000006c0000000, 0x00000006c2b00000, 0x000000076ab00000)
  object space 44032K, 17% used [0x00000006c0000000,0x00000006c076cd30,0x00000006c2b00000)
 Metaspace       used 34232K, capacity 35239K, committed 35496K, reserved 1081344K
  class space    used 4358K, capacity 4585K, committed 4608K, reserved 1048576K
Event: 6.401 GC heap after
Heap after GC invocations=11 (full 1):
 PSYoungGen      total 306688K, used 4923K [0x000000076ab00000, 0x000000077e600000, 0x00000007c0000000)
  eden space 301568K, 0% used [0x000000076ab00000,0x000000076ab00000,0x000000077d180000)
  from space 5120K, 96% used [0x000000077e100000,0x000000077e5cec18,0x000000077e600000)
  to   space 8704K, 0% used [0x000000077d500000,0x000000077d500000,0x000000077dd80000)
 ParOldGen       total 44032K, used 7603K [0x00000006c0000000, 0x00000006c2b00000, 0x000000076ab00000)
  object space 44032K, 17% used [0x00000006c0000000,0x00000006c076cd30,0x00000006c2b00000)
 Metaspace       used 34232K, capacity 35239K, committed 35496K, reserved 1081344K
  class space    used 4358K, capacity 4585K, committed 4608K, reserved 1048576K
}
Event: 6.401 GC heap before
{Heap before GC invocations=12 (full 2):
 PSYoungGen      total 306688K, used 4923K [0x000000076ab00000, 0x000000077e600000, 0x00000007c0000000)
  eden space 301568K, 0% used [0x000000076ab00000,0x000000076ab00000,0x000000077d180000)
  from space 5120K, 96% used [0x000000077e100000,0x000000077e5cec18,0x000000077e600000)
  to   space 8704K, 0% used [0x000000077d500000,0x000000077d500000,0x000000077dd80000)
 ParOldGen       total 44032K, used 7603K [0x00000006c0000000, 0x00000006c2b00000, 0x000000076ab00000)
  object space 44032K, 17% used [0x00000006c0000000,0x00000006c076cd30,0x00000006c2b00000)
 Metaspace       used 34232K, capacity 35239K, committed 35496K, reserved 1081344K
  class space    used 4358K, capacity 4585K, committed 4608K, reserved 1048576K
Event: 6.450 GC heap after
Heap after GC invocations=12 (full 2):
 PSYoungGen      total 306688K, used 0K [0x000000076ab00000, 0x000000077e600000, 0x00000007c0000000)
  eden space 301568K, 0% used [0x000000076ab00000,0x000000076ab00000,0x000000077d180000)
  from space 5120K, 0% used [0x000000077e100000,0x000000077e100000,0x000000077e600000)
  to   space 8704K, 0% used [0x000000077d500000,0x000000077d500000,0x000000077dd80000)
 ParOldGen       total 65536K, used 9544K [0x00000006c0000000, 0x00000006c4000000, 0x000000076ab00000)
  object space 65536K, 14% used [0x00000006c0000000,0x00000006c09520b8,0x00000006c4000000)
 Metaspace       used 34228K, capacity 35233K, committed 35496K, reserved 1081344K
  class space    used 4358K, capacity 4584K, committed 4608K, reserved 1048576K
}

