# JRE version: OpenJDK Runtime Environment (8.0_372-b07) (build 1.8.0_372-b07)
# Java VM: OpenJDK 64-Bit Server VM (25.372-b07 mixed mode linux-amd64 compressed oops)
Heap:
 PSYoungGen      total 312832K, used 153816K [0x000000076ab00000, 0x000000077eb80000, 0x00000007c0000000)
  eden space 307712K, 49% used [0x000000076ab00000,0x0000000774136320,0x000000077d780000)
  from space 5120K, 0% used [0x000000077e680000,0x000000077e680000,0x000000077eb80000)
  to   space 9216K, 0% used [0x000000077d980000,0x000000077d980000,0x000000077e280000)
 ParOldGen       total 62464K, used 9560K [0x00000006c0000000, 0x00000006c3d00000, 0x000000076ab00000)
  object space 62464K, 15% used [0x00000006c0000000,0x00000006c09562d8,0x00000006c3d00000)
 Metaspace       used 37878K, capacity 38985K, committed 39296K, reserved 1083392K
  class space    used 4742K, capacity 4988K, committed 4992K, reserved 1048576K
GC Heap History (10 events):
Event: 2.693 GC heap before
{Heap before GC invocations=8 (full 0):
 PSYoungGen      total 117760K, used 32794K [0x000000076ab00000, 0x0000000779500000, 0x00000007c0000000)
  eden space 112128K, 24% used [0x000000076ab00000,0x000000076c589658,0x0000000771880000)
  from space 5632K, 99% used [0x0000000771880000,0x0000000771dfd3b8,0x0000000771e00000)
  to   space 7680K, 0% used [0x0000000778d80000,0x0000000778d80000,0x0000000779500000)
 ParOldGen       total 75264K, used 2330K [0x00000006c0000000, 0x00000006c4980000, 0x000000076ab00000)
  object space 75264K, 3% used [0x00000006c0000000,0x00000006c0246950,0x00000006c4980000)
 Metaspace       used 20313K, capacity 21218K, committed 21296K, reserved 1067008K
  class space    used 2716K, capacity 2906K, committed 2944K, reserved 1048576K
Event: 2.700 GC heap after
Heap after GC invocations=8 (full 0):
 PSYoungGen      total 231936K, used 2790K [0x000000076ab00000, 0x0000000779500000, 0x00000007c0000000)
  eden space 224256K, 0% used [0x000000076ab00000,0x000000076ab00000,0x0000000778600000)
  from space 7680K, 36% used [0x0000000778d80000,0x00000007790399f0,0x0000000779500000)
  to   space 7680K, 0% used [0x0000000778600000,0x0000000778600000,0x0000000778d80000)
 ParOldGen       total 75264K, used 2742K [0x00000006c0000000, 0x00000006c4980000, 0x000000076ab00000)
  object space 75264K, 3% used [0x00000006c0000000,0x00000006c02ad990,0x00000006c4980000)
 Metaspace       used 20313K, capacity 21218K, committed 21296K, reserved 1067008K
  class space    used 2716K, capacity 2906K, committed 2944K, reserved 1048576K
}
Event: 2.700 GC heap before
{Heap before GC invocations=9 (full 1):
 PSYoungGen      total 231936K, used 2790K [0x000000076ab00000, 0x0000000779500000, 0x00000007c0000000)
  eden space 224256K, 0% used [0x000000076ab00000,0x000000076ab00000,0x0000000778600000)
  from space 7680K, 36% used [0x0000000778d80000,0x00000007790399f0,0x0000000779500000)
  to   space 7680K, 0% used [0x0000000778600000,0x0000000778600000,0x0000000778d80000)
 ParOldGen       total 75264K, used 2742K [0x00000006c0000000, 0x00000006c4980000, 0x000000076ab00000)
  object space 75264K, 3% used [0x00000006c0000000,0x00000006c02ad990,0x00000006c4980000)
 Metaspace       used 20313K, capacity 21218K, committed 21296K, reserved 1067008K
  class space    used 2716K, capacity 2906K, committed 2944K, reserved 1048576K
Event: 2.731 GC heap after
Heap after GC invocations=9 (full 1):
 PSYoungGen      total 231936K, used 0K [0x000000076ab00000, 0x0000000779500000, 0x00000007c0000000)
  eden space 224256K, 0% used [0x000000076ab00000,0x000000076ab00000,0x0000000778600000)
  from space 7680K, 0% used [0x0000000778d80000,0x0000000778d80000,0x0000000779500000)
  to   space 7680K, 0% used [0x0000000778600000,0x0000000778600000,0x0000000778d80000)
 ParOldGen       total 42496K, used 4968K [0x00000006c0000000, 0x00000006c2980000, 0x000000076ab00000)
  object space 42496K, 11% used [0x00000006c0000000,0x00000006c04da318,0x00000006c2980000)
 Metaspace       used 20313K, capacity 21218K, committed 21296K, reserved 1067008K
  class space    used 2716K, capacity 2906K, committed 2944K, reserved 1048576K
}
Event: 4.502 GC heap before
{Heap before GC invocations=10 (full 1):
 PSYoungGen      total 231936K, used 224256K [0x000000076ab00000, 0x0000000779500000, 0x00000007c0000000)
  eden space 224256K, 100% used [0x000000076ab00000,0x0000000778600000,0x0000000778600000)
  from space 7680K, 0% used [0x0000000778d80000,0x0000000778d80000,0x0000000779500000)
  to   space 7680K, 0% used [0x0000000778600000,0x0000000778600000,0x0000000778d80000)
 ParOldGen       total 42496K, used 4968K [0x00000006c0000000, 0x00000006c2980000, 0x000000076ab00000)
  object space 42496K, 11% used [0x00000006c0000000,0x00000006c04da318,0x00000006c2980000)
 Metaspace       used 30178K, capacity 31099K, committed 31488K, reserved 1077248K
  class space    used 3862K, capacity 4051K, committed 4096K, reserved 1048576K
Event: 4.512 GC heap after
Heap after GC invocations=10 (full 1):
 PSYoungGen      total 231936K, used 7676K [0x000000076ab00000, 0x000000077ef80000, 0x00000007c0000000)
  eden space 224256K, 0% used [0x000000076ab00000,0x000000076ab00000,0x0000000778600000)
  from space 7680K, 99% used [0x0000000778600000,0x0000000778d7f020,0x0000000778d80000)
  to   space 9216K, 0% used [0x000000077e680000,0x000000077e680000,0x000000077ef80000)
 ParOldGen       total 42496K, used 6971K [0x00000006c0000000, 0x00000006c2980000, 0x000000076ab00000)
  object space 42496K, 16% used [0x00000006c0000000,0x00000006c06cef10,0x00000006c2980000)
 Metaspace       used 30178K, capacity 31099K, committed 31488K, reserved 1077248K
  class space    used 3862K, capacity 4051K, committed 4096K, reserved 1048576K
}
Event: 5.751 GC heap before
{Heap before GC invocations=11 (full 1):
 PSYoungGen      total 231936K, used 119977K [0x000000076ab00000, 0x000000077ef80000, 0x00000007c0000000)
  eden space 224256K, 50% used [0x000000076ab00000,0x00000007718ab6a0,0x0000000778600000)
  from space 7680K, 99% used [0x0000000778600000,0x0000000778d7f020,0x0000000778d80000)
  to   space 9216K, 0% used [0x000000077e680000,0x000000077e680000,0x000000077ef80000)
 ParOldGen       total 42496K, used 6971K [0x00000006c0000000, 0x00000006c2980000, 0x000000076ab00000)
  object space 42496K, 16% used [0x00000006c0000000,0x00000006c06cef10,0x00000006c2980000)
 Metaspace       used 34212K, capacity 35251K, committed 35496K, reserved 1081344K
  class space    used 4361K, capacity 4585K, committed 4608K, reserved 1048576K
Event: 5.759 GC heap after
Heap after GC invocations=11 (full 1):
 PSYoungGen      total 312832K, used 4937K [0x000000076ab00000, 0x000000077eb80000, 0x00000007c0000000)
  eden space 307712K, 0% used [0x000000076ab00000,0x000000076ab00000,0x000000077d780000)
  from space 5120K, 96% used [0x000000077e680000,0x000000077eb52678,0x000000077eb80000)
  to   space 9216K, 0% used [0x000000077d980000,0x000000077d980000,0x000000077e280000)
 ParOldGen       total 42496K, used 6979K [0x00000006c0000000, 0x00000006c2980000, 0x000000076ab00000)
  object space 42496K, 16% used [0x00000006c0000000,0x00000006c06d0f10,0x00000006c2980000)
 Metaspace       used 34212K, capacity 35251K, committed 35496K, reserved 1081344K
  class space    used 4361K, capacity 4585K, committed 4608K, reserved 1048576K
}
Event: 5.759 GC heap before
{Heap before GC invocations=12 (full 2):
 PSYoungGen      total 312832K, used 4937K [0x000000076ab00000, 0x000000077eb80000, 0x00000007c0000000)
  eden space 307712K, 0% used [0x000000076ab00000,0x000000076ab00000,0x000000077d780000)
  from space 5120K, 96% used [0x000000077e680000,0x000000077eb52678,0x000000077eb80000)
  to   space 9216K, 0% used [0x000000077d980000,0x000000077d980000,0x000000077e280000)
 ParOldGen       total 42496K, used 6979K [0x00000006c0000000, 0x00000006c2980000, 0x000000076ab00000)
  object space 42496K, 16% used [0x00000006c0000000,0x00000006c06d0f10,0x00000006c2980000)
 Metaspace       used 34212K, capacity 35251K, committed 35496K, reserved 1081344K
  class space    used 4361K, capacity 4585K, committed 4608K, reserved 1048576K
Event: 5.802 GC heap after
Heap after GC invocations=12 (full 2):
 PSYoungGen      total 312832K, used 0K [0x000000076ab00000, 0x000000077eb80000, 0x00000007c0000000)
  eden space 307712K, 0% used [0x000000076ab00000,0x000000076ab00000,0x000000077d780000)
  from space 5120K, 0% used [0x000000077e680000,0x000000077e680000,0x000000077eb80000)
  to   space 9216K, 0% used [0x000000077d980000,0x000000077d980000,0x000000077e280000)
 ParOldGen       total 62464K, used 9560K [0x00000006c0000000, 0x00000006c3d00000, 0x000000076ab00000)
  object space 62464K, 15% used [0x00000006c0000000,0x00000006c09562d8,0x00000006c3d00000)
 Metaspace       used 34208K, capacity 35245K, committed 35496K, reserved 1081344K
  class space    used 4361K, capacity 4584K, committed 4608K, reserved 1048576K
}

