# JRE version: OpenJDK Runtime Environment (8.0_372-b07) (build 1.8.0_372-b07)
# Java VM: OpenJDK 64-Bit Server VM (25.372-b07 mixed mode linux-amd64 compressed oops)
Heap:
 PSYoungGen      total 302592K, used 195172K [0x000000076ab00000, 0x000000077db80000, 0x00000007c0000000)
  eden space 293888K, 66% used [0x000000076ab00000,0x0000000776999338,0x000000077ca00000)
  from space 8704K, 0% used [0x000000077d200000,0x000000077d200000,0x000000077da80000)
  to   space 8192K, 0% used [0x000000077ca00000,0x000000077ca00000,0x000000077d200000)
 ParOldGen       total 74752K, used 9162K [0x00000006c0000000, 0x00000006c4900000, 0x000000076ab00000)
  object space 74752K, 12% used [0x00000006c0000000,0x00000006c08f2bb8,0x00000006c4900000)
 Metaspace       used 41219K, capacity 42372K, committed 42968K, reserved 1087488K
  class space    used 5263K, capacity 5508K, committed 5632K, reserved 1048576K
GC Heap History (10 events):
Event: 3.375 GC heap before
{Heap before GC invocations=8 (full 0):
 PSYoungGen      total 117760K, used 56915K [0x000000076ab00000, 0x0000000779200000, 0x00000007c0000000)
  eden space 111616K, 45% used [0x000000076ab00000,0x000000076dd10550,0x0000000771800000)
  from space 6144K, 91% used [0x0000000771800000,0x0000000771d84858,0x0000000771e00000)
  to   space 6656K, 0% used [0x0000000778b80000,0x0000000778b80000,0x0000000779200000)
 ParOldGen       total 75264K, used 3040K [0x00000006c0000000, 0x00000006c4980000, 0x000000076ab00000)
  object space 75264K, 4% used [0x00000006c0000000,0x00000006c02f8290,0x00000006c4980000)
 Metaspace       used 20155K, capacity 20958K, committed 21248K, reserved 1067008K
  class space    used 2811K, capacity 3005K, committed 3072K, reserved 1048576K
Event: 3.385 GC heap after
Heap after GC invocations=8 (full 0):
 PSYoungGen      total 229888K, used 3296K [0x000000076ab00000, 0x0000000779200000, 0x00000007c0000000)
  eden space 223232K, 0% used [0x000000076ab00000,0x000000076ab00000,0x0000000778500000)
  from space 6656K, 49% used [0x0000000778b80000,0x0000000778eb80d8,0x0000000779200000)
  to   space 6656K, 0% used [0x0000000778500000,0x0000000778500000,0x0000000778b80000)
 ParOldGen       total 75264K, used 3604K [0x00000006c0000000, 0x00000006c4980000, 0x000000076ab00000)
  object space 75264K, 4% used [0x00000006c0000000,0x00000006c03852a0,0x00000006c4980000)
 Metaspace       used 20155K, capacity 20958K, committed 21248K, reserved 1067008K
  class space    used 2811K, capacity 3005K, committed 3072K, reserved 1048576K
}
Event: 3.385 GC heap before
{Heap before GC invocations=9 (full 1):
 PSYoungGen      total 229888K, used 3296K [0x000000076ab00000, 0x0000000779200000, 0x00000007c0000000)
  eden space 223232K, 0% used [0x000000076ab00000,0x000000076ab00000,0x0000000778500000)
  from space 6656K, 49% used [0x0000000778b80000,0x0000000778eb80d8,0x0000000779200000)
  to   space 6656K, 0% used [0x0000000778500000,0x0000000778500000,0x0000000778b80000)
 ParOldGen       total 75264K, used 3604K [0x00000006c0000000, 0x00000006c4980000, 0x000000076ab00000)
  object space 75264K, 4% used [0x00000006c0000000,0x00000006c03852a0,0x00000006c4980000)
 Metaspace       used 20155K, capacity 20958K, committed 21248K, reserved 1067008K
  class space    used 2811K, capacity 3005K, committed 3072K, reserved 1048576K
Event: 3.432 GC heap after
Heap after GC invocations=9 (full 1):
 PSYoungGen      total 229888K, used 0K [0x000000076ab00000, 0x0000000779200000, 0x00000007c0000000)
  eden space 223232K, 0% used [0x000000076ab00000,0x000000076ab00000,0x0000000778500000)
  from space 6656K, 0% used [0x0000000778b80000,0x0000000778b80000,0x0000000779200000)
  to   space 6656K, 0% used [0x0000000778500000,0x0000000778500000,0x0000000778b80000)
 ParOldGen       total 47616K, used 5562K [0x00000006c0000000, 0x00000006c2e80000, 0x000000076ab00000)
  object space 47616K, 11% used [0x00000006c0000000,0x00000006c056ea70,0x00000006c2e80000)
 Metaspace       used 20155K, capacity 20958K, committed 21248K, reserved 1067008K
  class space    used 2811K, capacity 3005K, committed 3072K, reserved 1048576K
}
Event: 5.402 GC heap before
{Heap before GC invocations=10 (full 1):
 PSYoungGen      total 229888K, used 223232K [0x000000076ab00000, 0x0000000779200000, 0x00000007c0000000)
  eden space 223232K, 100% used [0x000000076ab00000,0x0000000778500000,0x0000000778500000)
  from space 6656K, 0% used [0x0000000778b80000,0x0000000778b80000,0x0000000779200000)
  to   space 6656K, 0% used [0x0000000778500000,0x0000000778500000,0x0000000778b80000)
 ParOldGen       total 47616K, used 5562K [0x00000006c0000000, 0x00000006c2e80000, 0x000000076ab00000)
  object space 47616K, 11% used [0x00000006c0000000,0x00000006c056ea70,0x00000006c2e80000)
 Metaspace       used 30543K, capacity 31494K, committed 32000K, reserved 1077248K
  class space    used 4062K, capacity 4274K, committed 4352K, reserved 1048576K
Event: 5.414 GC heap after
Heap after GC invocations=10 (full 1):
 PSYoungGen      total 229888K, used 6651K [0x000000076ab00000, 0x000000077da80000, 0x00000007c0000000)
  eden space 223232K, 0% used [0x000000076ab00000,0x000000076ab00000,0x0000000778500000)
  from space 6656K, 99% used [0x0000000778500000,0x0000000778b7ec90,0x0000000778b80000)
  to   space 8704K, 0% used [0x000000077d200000,0x000000077d200000,0x000000077da80000)
 ParOldGen       total 47616K, used 8553K [0x00000006c0000000, 0x00000006c2e80000, 0x000000076ab00000)
  object space 47616K, 17% used [0x00000006c0000000,0x00000006c085a7f8,0x00000006c2e80000)
 Metaspace       used 30543K, capacity 31494K, committed 32000K, reserved 1077248K
  class space    used 4062K, capacity 4274K, committed 4352K, reserved 1048576K
}
Event: 5.987 GC heap before
{Heap before GC invocations=11 (full 1):
 PSYoungGen      total 229888K, used 141810K [0x000000076ab00000, 0x000000077da80000, 0x00000007c0000000)
  eden space 223232K, 60% used [0x000000076ab00000,0x0000000772efdbd8,0x0000000778500000)
  from space 6656K, 99% used [0x0000000778500000,0x0000000778b7ec90,0x0000000778b80000)
  to   space 8704K, 0% used [0x000000077d200000,0x000000077d200000,0x000000077da80000)
 ParOldGen       total 47616K, used 8553K [0x00000006c0000000, 0x00000006c2e80000, 0x000000076ab00000)
  object space 47616K, 17% used [0x00000006c0000000,0x00000006c085a7f8,0x00000006c2e80000)
 Metaspace       used 34077K, capacity 35060K, committed 35416K, reserved 1079296K
  class space    used 4466K, capacity 4669K, committed 4736K, reserved 1048576K
Event: 5.998 GC heap after
Heap after GC invocations=11 (full 1):
 PSYoungGen      total 302592K, used 4858K [0x000000076ab00000, 0x000000077db80000, 0x00000007c0000000)
  eden space 293888K, 0% used [0x000000076ab00000,0x000000076ab00000,0x000000077ca00000)
  from space 8704K, 55% used [0x000000077d200000,0x000000077d6be880,0x000000077da80000)
  to   space 8192K, 0% used [0x000000077ca00000,0x000000077ca00000,0x000000077d200000)
 ParOldGen       total 47616K, used 8561K [0x00000006c0000000, 0x00000006c2e80000, 0x000000076ab00000)
  object space 47616K, 17% used [0x00000006c0000000,0x00000006c085c7f8,0x00000006c2e80000)
 Metaspace       used 34077K, capacity 35060K, committed 35416K, reserved 1079296K
  class space    used 4466K, capacity 4669K, committed 4736K, reserved 1048576K
}
Event: 5.998 GC heap before
{Heap before GC invocations=12 (full 2):
 PSYoungGen      total 302592K, used 4858K [0x000000076ab00000, 0x000000077db80000, 0x00000007c0000000)
  eden space 293888K, 0% used [0x000000076ab00000,0x000000076ab00000,0x000000077ca00000)
  from space 8704K, 55% used [0x000000077d200000,0x000000077d6be880,0x000000077da80000)
  to   space 8192K, 0% used [0x000000077ca00000,0x000000077ca00000,0x000000077d200000)
 ParOldGen       total 47616K, used 8561K [0x00000006c0000000, 0x00000006c2e80000, 0x000000076ab00000)
  object space 47616K, 17% used [0x00000006c0000000,0x00000006c085c7f8,0x00000006c2e80000)
 Metaspace       used 34077K, capacity 35060K, committed 35416K, reserved 1079296K
  class space    used 4466K, capacity 4669K, committed 4736K, reserved 1048576K
Event: 6.062 GC heap after
Heap after GC invocations=12 (full 2):
 PSYoungGen      total 302592K, used 0K [0x000000076ab00000, 0x000000077db80000, 0x00000007c0000000)
  eden space 293888K, 0% used [0x000000076ab00000,0x000000076ab00000,0x000000077ca00000)
  from space 8704K, 0% used [0x000000077d200000,0x000000077d200000,0x000000077da80000)
  to   space 8192K, 0% used [0x000000077ca00000,0x000000077ca00000,0x000000077d200000)
 ParOldGen       total 74752K, used 9162K [0x00000006c0000000, 0x00000006c4900000, 0x000000076ab00000)
  object space 74752K, 12% used [0x00000006c0000000,0x00000006c08f2bb8,0x00000006c4900000)
 Metaspace       used 34077K, capacity 35060K, committed 35416K, reserved 1079296K
  class space    used 4466K, capacity 4669K, committed 4736K, reserved 1048576K
}

