# JRE version: OpenJDK Runtime Environment (8.0_372-b07) (build 1.8.0_372-b07)
# Java VM: OpenJDK 64-Bit Server VM (25.372-b07 mixed mode linux-amd64 compressed oops)
Heap:
 PSYoungGen      total 317440K, used 150842K [0x000000076ab00000, 0x000000077ee80000, 0x00000007c0000000)
  eden space 312320K, 48% used [0x000000076ab00000,0x0000000773e4eab8,0x000000077dc00000)
  from space 5120K, 0% used [0x000000077e980000,0x000000077e980000,0x000000077ee80000)
  to   space 8704K, 0% used [0x000000077dd80000,0x000000077dd80000,0x000000077e600000)
 ParOldGen       total 61440K, used 9447K [0x00000006c0000000, 0x00000006c3c00000, 0x000000076ab00000)
  object space 61440K, 15% used [0x00000006c0000000,0x00000006c0939d40,0x00000006c3c00000)
 Metaspace       used 37802K, capacity 38861K, committed 39296K, reserved 1083392K
  class space    used 4738K, capacity 4988K, committed 4992K, reserved 1048576K
GC Heap History (10 events):
Event: 2.749 GC heap before
{Heap before GC invocations=8 (full 0):
 PSYoungGen      total 117760K, used 35682K [0x000000076ab00000, 0x0000000779500000, 0x00000007c0000000)
  eden space 112128K, 26% used [0x000000076ab00000,0x000000076c85e9f8,0x0000000771880000)
  from space 5632K, 99% used [0x0000000771880000,0x0000000771dfa0d8,0x0000000771e00000)
  to   space 7680K, 0% used [0x0000000778d80000,0x0000000778d80000,0x0000000779500000)
 ParOldGen       total 75264K, used 2346K [0x00000006c0000000, 0x00000006c4980000, 0x000000076ab00000)
  object space 75264K, 3% used [0x00000006c0000000,0x00000006c024aa80,0x00000006c4980000)
 Metaspace       used 20307K, capacity 21218K, committed 21296K, reserved 1067008K
  class space    used 2713K, capacity 2906K, committed 2944K, reserved 1048576K
Event: 2.758 GC heap after
Heap after GC invocations=8 (full 0):
 PSYoungGen      total 231936K, used 2865K [0x000000076ab00000, 0x0000000779500000, 0x00000007c0000000)
  eden space 224256K, 0% used [0x000000076ab00000,0x000000076ab00000,0x0000000778600000)
  from space 7680K, 37% used [0x0000000778d80000,0x000000077904c728,0x0000000779500000)
  to   space 7680K, 0% used [0x0000000778600000,0x0000000778600000,0x0000000778d80000)
 ParOldGen       total 75264K, used 2766K [0x00000006c0000000, 0x00000006c4980000, 0x000000076ab00000)
  object space 75264K, 3% used [0x00000006c0000000,0x00000006c02b3ac0,0x00000006c4980000)
 Metaspace       used 20307K, capacity 21218K, committed 21296K, reserved 1067008K
  class space    used 2713K, capacity 2906K, committed 2944K, reserved 1048576K
}
Event: 2.758 GC heap before
{Heap before GC invocations=9 (full 1):
 PSYoungGen      total 231936K, used 2865K [0x000000076ab00000, 0x0000000779500000, 0x00000007c0000000)
  eden space 224256K, 0% used [0x000000076ab00000,0x000000076ab00000,0x0000000778600000)
  from space 7680K, 37% used [0x0000000778d80000,0x000000077904c728,0x0000000779500000)
  to   space 7680K, 0% used [0x0000000778600000,0x0000000778600000,0x0000000778d80000)
 ParOldGen       total 75264K, used 2766K [0x00000006c0000000, 0x00000006c4980000, 0x000000076ab00000)
  object space 75264K, 3% used [0x00000006c0000000,0x00000006c02b3ac0,0x00000006c4980000)
 Metaspace       used 20307K, capacity 21218K, committed 21296K, reserved 1067008K
  class space    used 2713K, capacity 2906K, committed 2944K, reserved 1048576K
Event: 2.788 GC heap after
Heap after GC invocations=9 (full 1):
 PSYoungGen      total 231936K, used 0K [0x000000076ab00000, 0x0000000779500000, 0x00000007c0000000)
  eden space 224256K, 0% used [0x000000076ab00000,0x000000076ab00000,0x0000000778600000)
  from space 7680K, 0% used [0x0000000778d80000,0x0000000778d80000,0x0000000779500000)
  to   space 7680K, 0% used [0x0000000778600000,0x0000000778600000,0x0000000778d80000)
 ParOldGen       total 42496K, used 5045K [0x00000006c0000000, 0x00000006c2980000, 0x000000076ab00000)
  object space 42496K, 11% used [0x00000006c0000000,0x00000006c04ed448,0x00000006c2980000)
 Metaspace       used 20307K, capacity 21218K, committed 21296K, reserved 1067008K
  class space    used 2713K, capacity 2906K, committed 2944K, reserved 1048576K
}
Event: 4.559 GC heap before
{Heap before GC invocations=10 (full 1):
 PSYoungGen      total 231936K, used 224256K [0x000000076ab00000, 0x0000000779500000, 0x00000007c0000000)
  eden space 224256K, 100% used [0x000000076ab00000,0x0000000778600000,0x0000000778600000)
  from space 7680K, 0% used [0x0000000778d80000,0x0000000778d80000,0x0000000779500000)
  to   space 7680K, 0% used [0x0000000778600000,0x0000000778600000,0x0000000778d80000)
 ParOldGen       total 42496K, used 5045K [0x00000006c0000000, 0x00000006c2980000, 0x000000076ab00000)
  object space 42496K, 11% used [0x00000006c0000000,0x00000006c04ed448,0x00000006c2980000)
 Metaspace       used 30256K, capacity 31195K, committed 31488K, reserved 1077248K
  class space    used 3882K, capacity 4083K, committed 4096K, reserved 1048576K
Event: 4.575 GC heap after
Heap after GC invocations=10 (full 1):
 PSYoungGen      total 231936K, used 7669K [0x000000076ab00000, 0x000000077f280000, 0x00000007c0000000)
  eden space 224256K, 0% used [0x000000076ab00000,0x000000076ab00000,0x0000000778600000)
  from space 7680K, 99% used [0x0000000778600000,0x0000000778d7d470,0x0000000778d80000)
  to   space 9216K, 0% used [0x000000077e980000,0x000000077e980000,0x000000077f280000)
 ParOldGen       total 42496K, used 7063K [0x00000006c0000000, 0x00000006c2980000, 0x000000076ab00000)
  object space 42496K, 16% used [0x00000006c0000000,0x00000006c06e5cb0,0x00000006c2980000)
 Metaspace       used 30256K, capacity 31195K, committed 31488K, reserved 1077248K
  class space    used 3882K, capacity 4083K, committed 4096K, reserved 1048576K
}
Event: 5.846 GC heap before
{Heap before GC invocations=11 (full 1):
 PSYoungGen      total 231936K, used 120588K [0x000000076ab00000, 0x000000077f280000, 0x00000007c0000000)
  eden space 224256K, 50% used [0x000000076ab00000,0x0000000771945d30,0x0000000778600000)
  from space 7680K, 99% used [0x0000000778600000,0x0000000778d7d470,0x0000000778d80000)
  to   space 9216K, 0% used [0x000000077e980000,0x000000077e980000,0x000000077f280000)
 ParOldGen       total 42496K, used 7063K [0x00000006c0000000, 0x00000006c2980000, 0x000000076ab00000)
  object space 42496K, 16% used [0x00000006c0000000,0x00000006c06e5cb0,0x00000006c2980000)
 Metaspace       used 34136K, capacity 35191K, committed 35496K, reserved 1081344K
  class space    used 4358K, capacity 4585K, committed 4608K, reserved 1048576K
Event: 5.858 GC heap after
Heap after GC invocations=11 (full 1):
 PSYoungGen      total 317440K, used 4839K [0x000000076ab00000, 0x000000077ee80000, 0x00000007c0000000)
  eden space 312320K, 0% used [0x000000076ab00000,0x000000076ab00000,0x000000077dc00000)
  from space 5120K, 94% used [0x000000077e980000,0x000000077ee39d60,0x000000077ee80000)
  to   space 8704K, 0% used [0x000000077dd80000,0x000000077dd80000,0x000000077e600000)
 ParOldGen       total 42496K, used 7063K [0x00000006c0000000, 0x00000006c2980000, 0x000000076ab00000)
  object space 42496K, 16% used [0x00000006c0000000,0x00000006c06e5cb0,0x00000006c2980000)
 Metaspace       used 34136K, capacity 35191K, committed 35496K, reserved 1081344K
  class space    used 4358K, capacity 4585K, committed 4608K, reserved 1048576K
}
Event: 5.858 GC heap before
{Heap before GC invocations=12 (full 2):
 PSYoungGen      total 317440K, used 4839K [0x000000076ab00000, 0x000000077ee80000, 0x00000007c0000000)
  eden space 312320K, 0% used [0x000000076ab00000,0x000000076ab00000,0x000000077dc00000)
  from space 5120K, 94% used [0x000000077e980000,0x000000077ee39d60,0x000000077ee80000)
  to   space 8704K, 0% used [0x000000077dd80000,0x000000077dd80000,0x000000077e600000)
 ParOldGen       total 42496K, used 7063K [0x00000006c0000000, 0x00000006c2980000, 0x000000076ab00000)
  object space 42496K, 16% used [0x00000006c0000000,0x00000006c06e5cb0,0x00000006c2980000)
 Metaspace       used 34136K, capacity 35191K, committed 35496K, reserved 1081344K
  class space    used 4358K, capacity 4585K, committed 4608K, reserved 1048576K
Event: 5.903 GC heap after
Heap after GC invocations=12 (full 2):
 PSYoungGen      total 317440K, used 0K [0x000000076ab00000, 0x000000077ee80000, 0x00000007c0000000)
  eden space 312320K, 0% used [0x000000076ab00000,0x000000076ab00000,0x000000077dc00000)
  from space 5120K, 0% used [0x000000077e980000,0x000000077e980000,0x000000077ee80000)
  to   space 8704K, 0% used [0x000000077dd80000,0x000000077dd80000,0x000000077e600000)
 ParOldGen       total 61440K, used 9447K [0x00000006c0000000, 0x00000006c3c00000, 0x000000076ab00000)
  object space 61440K, 15% used [0x00000006c0000000,0x00000006c0939d40,0x00000006c3c00000)
 Metaspace       used 34133K, capacity 35185K, committed 35496K, reserved 1081344K
  class space    used 4357K, capacity 4584K, committed 4608K, reserved 1048576K
}

