# JRE version: OpenJDK Runtime Environment (8.0_372-b07) (build 1.8.0_372-b07)
# Java VM: OpenJDK 64-Bit Server VM (25.372-b07 mixed mode linux-amd64 compressed oops)
Heap:
 PSYoungGen      total 305664K, used 196994K [0x000000076ab00000, 0x000000077e200000, 0x00000007c0000000)
  eden space 297472K, 66% used [0x000000076ab00000,0x0000000776b608d0,0x000000077cd80000)
  from space 8192K, 0% used [0x000000077d580000,0x000000077d580000,0x000000077dd80000)
  to   space 8192K, 0% used [0x000000077cd80000,0x000000077cd80000,0x000000077d580000)
 ParOldGen       total 74752K, used 9567K [0x00000006c0000000, 0x00000006c4900000, 0x000000076ab00000)
  object space 74752K, 12% used [0x00000006c0000000,0x00000006c0957dc0,0x00000006c4900000)
 Metaspace       used 41373K, capacity 42576K, committed 42968K, reserved 1087488K
  class space    used 5279K, capacity 5522K, committed 5632K, reserved 1048576K
GC Heap History (10 events):
Event: 3.082 GC heap before
{Heap before GC invocations=8 (full 0):
 PSYoungGen      total 117760K, used 52449K [0x000000076ab00000, 0x0000000779200000, 0x00000007c0000000)
  eden space 111616K, 41% used [0x000000076ab00000,0x000000076d86e950,0x0000000771800000)
  from space 6144K, 96% used [0x0000000771800000,0x0000000771dc9cb0,0x0000000771e00000)
  to   space 6656K, 0% used [0x0000000778b80000,0x0000000778b80000,0x0000000779200000)
 ParOldGen       total 75264K, used 2834K [0x00000006c0000000, 0x00000006c4980000, 0x000000076ab00000)
  object space 75264K, 3% used [0x00000006c0000000,0x00000006c02c4a50,0x00000006c4980000)
 Metaspace       used 20245K, capacity 21098K, committed 21248K, reserved 1067008K
  class space    used 2827K, capacity 3019K, committed 3072K, reserved 1048576K
Event: 3.090 GC heap after
Heap after GC invocations=8 (full 0):
 PSYoungGen      total 229888K, used 3655K [0x000000076ab00000, 0x0000000779200000, 0x00000007c0000000)
  eden space 223232K, 0% used [0x000000076ab00000,0x000000076ab00000,0x0000000778500000)
  from space 6656K, 54% used [0x0000000778b80000,0x0000000778f11d10,0x0000000779200000)
  to   space 6656K, 0% used [0x0000000778500000,0x0000000778500000,0x0000000778b80000)
 ParOldGen       total 75264K, used 3362K [0x00000006c0000000, 0x00000006c4980000, 0x000000076ab00000)
  object space 75264K, 4% used [0x00000006c0000000,0x00000006c0348a50,0x00000006c4980000)
 Metaspace       used 20245K, capacity 21098K, committed 21248K, reserved 1067008K
  class space    used 2827K, capacity 3019K, committed 3072K, reserved 1048576K
}
Event: 3.090 GC heap before
{Heap before GC invocations=9 (full 1):
 PSYoungGen      total 229888K, used 3655K [0x000000076ab00000, 0x0000000779200000, 0x00000007c0000000)
  eden space 223232K, 0% used [0x000000076ab00000,0x000000076ab00000,0x0000000778500000)
  from space 6656K, 54% used [0x0000000778b80000,0x0000000778f11d10,0x0000000779200000)
  to   space 6656K, 0% used [0x0000000778500000,0x0000000778500000,0x0000000778b80000)
 ParOldGen       total 75264K, used 3362K [0x00000006c0000000, 0x00000006c4980000, 0x000000076ab00000)
  object space 75264K, 4% used [0x00000006c0000000,0x00000006c0348a50,0x00000006c4980000)
 Metaspace       used 20245K, capacity 21098K, committed 21248K, reserved 1067008K
  class space    used 2827K, capacity 3019K, committed 3072K, reserved 1048576K
Event: 3.127 GC heap after
Heap after GC invocations=9 (full 1):
 PSYoungGen      total 229888K, used 0K [0x000000076ab00000, 0x0000000779200000, 0x00000007c0000000)
  eden space 223232K, 0% used [0x000000076ab00000,0x000000076ab00000,0x0000000778500000)
  from space 6656K, 0% used [0x0000000778b80000,0x0000000778b80000,0x0000000779200000)
  to   space 6656K, 0% used [0x0000000778500000,0x0000000778500000,0x0000000778b80000)
 ParOldGen       total 47104K, used 5829K [0x00000006c0000000, 0x00000006c2e00000, 0x000000076ab00000)
  object space 47104K, 12% used [0x00000006c0000000,0x00000006c05b16a8,0x00000006c2e00000)
 Metaspace       used 20245K, capacity 21098K, committed 21248K, reserved 1067008K
  class space    used 2827K, capacity 3019K, committed 3072K, reserved 1048576K
}
Event: 4.480 GC heap before
{Heap before GC invocations=10 (full 1):
 PSYoungGen      total 229888K, used 223232K [0x000000076ab00000, 0x0000000779200000, 0x00000007c0000000)
  eden space 223232K, 100% used [0x000000076ab00000,0x0000000778500000,0x0000000778500000)
  from space 6656K, 0% used [0x0000000778b80000,0x0000000778b80000,0x0000000779200000)
  to   space 6656K, 0% used [0x0000000778500000,0x0000000778500000,0x0000000778b80000)
 ParOldGen       total 47104K, used 5829K [0x00000006c0000000, 0x00000006c2e00000, 0x000000076ab00000)
  object space 47104K, 12% used [0x00000006c0000000,0x00000006c05b16a8,0x00000006c2e00000)
 Metaspace       used 30443K, capacity 31474K, committed 31744K, reserved 1077248K
  class space    used 4039K, capacity 4256K, committed 4352K, reserved 1048576K
Event: 4.491 GC heap after
Heap after GC invocations=10 (full 1):
 PSYoungGen      total 229888K, used 6636K [0x000000076ab00000, 0x000000077dd80000, 0x00000007c0000000)
  eden space 223232K, 0% used [0x000000076ab00000,0x000000076ab00000,0x0000000778500000)
  from space 6656K, 99% used [0x0000000778500000,0x0000000778b7b3a0,0x0000000778b80000)
  to   space 8192K, 0% used [0x000000077d580000,0x000000077d580000,0x000000077dd80000)
 ParOldGen       total 47104K, used 8476K [0x00000006c0000000, 0x00000006c2e00000, 0x000000076ab00000)
  object space 47104K, 17% used [0x00000006c0000000,0x00000006c08471b8,0x00000006c2e00000)
 Metaspace       used 30443K, capacity 31474K, committed 31744K, reserved 1077248K
  class space    used 4039K, capacity 4256K, committed 4352K, reserved 1048576K
}
Event: 5.219 GC heap before
{Heap before GC invocations=11 (full 1):
 PSYoungGen      total 229888K, used 149262K [0x000000076ab00000, 0x000000077dd80000, 0x00000007c0000000)
  eden space 223232K, 63% used [0x000000076ab00000,0x0000000773648700,0x0000000778500000)
  from space 6656K, 99% used [0x0000000778500000,0x0000000778b7b3a0,0x0000000778b80000)
  to   space 8192K, 0% used [0x000000077d580000,0x000000077d580000,0x000000077dd80000)
 ParOldGen       total 47104K, used 8476K [0x00000006c0000000, 0x00000006c2e00000, 0x000000076ab00000)
  object space 47104K, 17% used [0x00000006c0000000,0x00000006c08471b8,0x00000006c2e00000)
 Metaspace       used 34217K, capacity 35232K, committed 35416K, reserved 1079296K
  class space    used 4491K, capacity 4715K, committed 4736K, reserved 1048576K
Event: 5.237 GC heap after
Heap after GC invocations=11 (full 1):
 PSYoungGen      total 305664K, used 5179K [0x000000076ab00000, 0x000000077e200000, 0x00000007c0000000)
  eden space 297472K, 0% used [0x000000076ab00000,0x000000076ab00000,0x000000077cd80000)
  from space 8192K, 63% used [0x000000077d580000,0x000000077da8ed88,0x000000077dd80000)
  to   space 8192K, 0% used [0x000000077cd80000,0x000000077cd80000,0x000000077d580000)
 ParOldGen       total 47104K, used 8484K [0x00000006c0000000, 0x00000006c2e00000, 0x000000076ab00000)
  object space 47104K, 18% used [0x00000006c0000000,0x00000006c08491b8,0x00000006c2e00000)
 Metaspace       used 34217K, capacity 35232K, committed 35416K, reserved 1079296K
  class space    used 4491K, capacity 4715K, committed 4736K, reserved 1048576K
}
Event: 5.237 GC heap before
{Heap before GC invocations=12 (full 2):
 PSYoungGen      total 305664K, used 5179K [0x000000076ab00000, 0x000000077e200000, 0x00000007c0000000)
  eden space 297472K, 0% used [0x000000076ab00000,0x000000076ab00000,0x000000077cd80000)
  from space 8192K, 63% used [0x000000077d580000,0x000000077da8ed88,0x000000077dd80000)
  to   space 8192K, 0% used [0x000000077cd80000,0x000000077cd80000,0x000000077d580000)
 ParOldGen       total 47104K, used 8484K [0x00000006c0000000, 0x00000006c2e00000, 0x000000076ab00000)
  object space 47104K, 18% used [0x00000006c0000000,0x00000006c08491b8,0x00000006c2e00000)
 Metaspace       used 34217K, capacity 35232K, committed 35416K, reserved 1079296K
  class space    used 4491K, capacity 4715K, committed 4736K, reserved 1048576K
Event: 5.310 GC heap after
Heap after GC invocations=12 (full 2):
 PSYoungGen      total 305664K, used 0K [0x000000076ab00000, 0x000000077e200000, 0x00000007c0000000)
  eden space 297472K, 0% used [0x000000076ab00000,0x000000076ab00000,0x000000077cd80000)
  from space 8192K, 0% used [0x000000077d580000,0x000000077d580000,0x000000077dd80000)
  to   space 8192K, 0% used [0x000000077cd80000,0x000000077cd80000,0x000000077d580000)
 ParOldGen       total 74752K, used 9567K [0x00000006c0000000, 0x00000006c4900000, 0x000000076ab00000)
  object space 74752K, 12% used [0x00000006c0000000,0x00000006c0957dc0,0x00000006c4900000)
 Metaspace       used 34217K, capacity 35232K, committed 35416K, reserved 1079296K
  class space    used 4491K, capacity 4715K, committed 4736K, reserved 1048576K
}

