# JRE version: OpenJDK Runtime Environment (8.0_372-b07) (build 1.8.0_372-b07)
# Java VM: OpenJDK 64-Bit Server VM (25.372-b07 mixed mode linux-amd64 compressed oops)
Heap:
 PSYoungGen      total 304128K, used 152824K [0x000000076ab00000, 0x000000077e400000, 0x00000007c0000000)
  eden space 299008K, 51% used [0x000000076ab00000,0x000000077403e0d0,0x000000077cf00000)
  from space 5120K, 0% used [0x000000077df00000,0x000000077df00000,0x000000077e400000)
  to   space 9216K, 0% used [0x000000077d200000,0x000000077d200000,0x000000077db00000)
 ParOldGen       total 67072K, used 9469K [0x00000006c0000000, 0x00000006c4180000, 0x000000076ab00000)
  object space 67072K, 14% used [0x00000006c0000000,0x00000006c093f640,0x00000006c4180000)
 Metaspace       used 37930K, capacity 38981K, committed 39296K, reserved 1083392K
  class space    used 4745K, capacity 4988K, committed 4992K, reserved 1048576K
GC Heap History (10 events):
Event: 2.761 GC heap before
{Heap before GC invocations=8 (full 0):
 PSYoungGen      total 117248K, used 35621K [0x000000076ab00000, 0x0000000779300000, 0x00000007c0000000)
  eden space 111616K, 26% used [0x000000076ab00000,0x000000076c849e48,0x0000000771800000)
  from space 5632K, 99% used [0x0000000771800000,0x0000000771d7f998,0x0000000771d80000)
  to   space 7168K, 0% used [0x0000000778c00000,0x0000000778c00000,0x0000000779300000)
 ParOldGen       total 75264K, used 2369K [0x00000006c0000000, 0x00000006c4980000, 0x000000076ab00000)
  object space 75264K, 3% used [0x00000006c0000000,0x00000006c02505b8,0x00000006c4980000)
 Metaspace       used 20333K, capacity 21214K, committed 21296K, reserved 1067008K
  class space    used 2710K, capacity 2906K, committed 2944K, reserved 1048576K
Event: 2.766 GC heap after
Heap after GC invocations=8 (full 0):
 PSYoungGen      total 230400K, used 2767K [0x000000076ab00000, 0x0000000779300000, 0x00000007c0000000)
  eden space 223232K, 0% used [0x000000076ab00000,0x000000076ab00000,0x0000000778500000)
  from space 7168K, 38% used [0x0000000778c00000,0x0000000778eb3c40,0x0000000779300000)
  to   space 7168K, 0% used [0x0000000778500000,0x0000000778500000,0x0000000778c00000)
 ParOldGen       total 75264K, used 2797K [0x00000006c0000000, 0x00000006c4980000, 0x000000076ab00000)
  object space 75264K, 3% used [0x00000006c0000000,0x00000006c02bb5f8,0x00000006c4980000)
 Metaspace       used 20333K, capacity 21214K, committed 21296K, reserved 1067008K
  class space    used 2710K, capacity 2906K, committed 2944K, reserved 1048576K
}
Event: 2.766 GC heap before
{Heap before GC invocations=9 (full 1):
 PSYoungGen      total 230400K, used 2767K [0x000000076ab00000, 0x0000000779300000, 0x00000007c0000000)
  eden space 223232K, 0% used [0x000000076ab00000,0x000000076ab00000,0x0000000778500000)
  from space 7168K, 38% used [0x0000000778c00000,0x0000000778eb3c40,0x0000000779300000)
  to   space 7168K, 0% used [0x0000000778500000,0x0000000778500000,0x0000000778c00000)
 ParOldGen       total 75264K, used 2797K [0x00000006c0000000, 0x00000006c4980000, 0x000000076ab00000)
  object space 75264K, 3% used [0x00000006c0000000,0x00000006c02bb5f8,0x00000006c4980000)
 Metaspace       used 20333K, capacity 21214K, committed 21296K, reserved 1067008K
  class space    used 2710K, capacity 2906K, committed 2944K, reserved 1048576K
Event: 2.797 GC heap after
Heap after GC invocations=9 (full 1):
 PSYoungGen      total 230400K, used 0K [0x000000076ab00000, 0x0000000779300000, 0x00000007c0000000)
  eden space 223232K, 0% used [0x000000076ab00000,0x000000076ab00000,0x0000000778500000)
  from space 7168K, 0% used [0x0000000778c00000,0x0000000778c00000,0x0000000779300000)
  to   space 7168K, 0% used [0x0000000778500000,0x0000000778500000,0x0000000778c00000)
 ParOldGen       total 44544K, used 4953K [0x00000006c0000000, 0x00000006c2b80000, 0x000000076ab00000)
  object space 44544K, 11% used [0x00000006c0000000,0x00000006c04d64d0,0x00000006c2b80000)
 Metaspace       used 20333K, capacity 21214K, committed 21296K, reserved 1067008K
  class space    used 2710K, capacity 2906K, committed 2944K, reserved 1048576K
}
Event: 4.526 GC heap before
{Heap before GC invocations=10 (full 1):
 PSYoungGen      total 230400K, used 223232K [0x000000076ab00000, 0x0000000779300000, 0x00000007c0000000)
  eden space 223232K, 100% used [0x000000076ab00000,0x0000000778500000,0x0000000778500000)
  from space 7168K, 0% used [0x0000000778c00000,0x0000000778c00000,0x0000000779300000)
  to   space 7168K, 0% used [0x0000000778500000,0x0000000778500000,0x0000000778c00000)
 ParOldGen       total 44544K, used 4953K [0x00000006c0000000, 0x00000006c2b80000, 0x000000076ab00000)
  object space 44544K, 11% used [0x00000006c0000000,0x00000006c04d64d0,0x00000006c2b80000)
 Metaspace       used 29928K, capacity 30903K, committed 31232K, reserved 1077248K
  class space    used 3851K, capacity 4051K, committed 4096K, reserved 1048576K
Event: 4.542 GC heap after
Heap after GC invocations=10 (full 1):
 PSYoungGen      total 230400K, used 7147K [0x000000076ab00000, 0x000000077e800000, 0x00000007c0000000)
  eden space 223232K, 0% used [0x000000076ab00000,0x000000076ab00000,0x0000000778500000)
  from space 7168K, 99% used [0x0000000778500000,0x0000000778bfac00,0x0000000778c00000)
  to   space 9216K, 0% used [0x000000077df00000,0x000000077df00000,0x000000077e800000)
 ParOldGen       total 44544K, used 7733K [0x00000006c0000000, 0x00000006c2b80000, 0x000000076ab00000)
  object space 44544K, 17% used [0x00000006c0000000,0x00000006c078d788,0x00000006c2b80000)
 Metaspace       used 29928K, capacity 30903K, committed 31232K, reserved 1077248K
  class space    used 3851K, capacity 4051K, committed 4096K, reserved 1048576K
}
Event: 6.869 GC heap before
{Heap before GC invocations=11 (full 1):
 PSYoungGen      total 230400K, used 127833K [0x000000076ab00000, 0x000000077e800000, 0x00000007c0000000)
  eden space 223232K, 54% used [0x000000076ab00000,0x00000007720dba88,0x0000000778500000)
  from space 7168K, 99% used [0x0000000778500000,0x0000000778bfac00,0x0000000778c00000)
  to   space 9216K, 0% used [0x000000077df00000,0x000000077df00000,0x000000077e800000)
 ParOldGen       total 44544K, used 7733K [0x00000006c0000000, 0x00000006c2b80000, 0x000000076ab00000)
  object space 44544K, 17% used [0x00000006c0000000,0x00000006c078d788,0x00000006c2b80000)
 Metaspace       used 34220K, capacity 35247K, committed 35496K, reserved 1081344K
  class space    used 4359K, capacity 4585K, committed 4608K, reserved 1048576K
Event: 6.877 GC heap after
Heap after GC invocations=11 (full 1):
 PSYoungGen      total 304128K, used 4912K [0x000000076ab00000, 0x000000077e400000, 0x00000007c0000000)
  eden space 299008K, 0% used [0x000000076ab00000,0x000000076ab00000,0x000000077cf00000)
  from space 5120K, 95% used [0x000000077df00000,0x000000077e3cc330,0x000000077e400000)
  to   space 9216K, 0% used [0x000000077d200000,0x000000077d200000,0x000000077db00000)
 ParOldGen       total 44544K, used 7733K [0x00000006c0000000, 0x00000006c2b80000, 0x000000076ab00000)
  object space 44544K, 17% used [0x00000006c0000000,0x00000006c078d788,0x00000006c2b80000)
 Metaspace       used 34220K, capacity 35247K, committed 35496K, reserved 1081344K
  class space    used 4359K, capacity 4585K, committed 4608K, reserved 1048576K
}
Event: 6.877 GC heap before
{Heap before GC invocations=12 (full 2):
 PSYoungGen      total 304128K, used 4912K [0x000000076ab00000, 0x000000077e400000, 0x00000007c0000000)
  eden space 299008K, 0% used [0x000000076ab00000,0x000000076ab00000,0x000000077cf00000)
  from space 5120K, 95% used [0x000000077df00000,0x000000077e3cc330,0x000000077e400000)
  to   space 9216K, 0% used [0x000000077d200000,0x000000077d200000,0x000000077db00000)
 ParOldGen       total 44544K, used 7733K [0x00000006c0000000, 0x00000006c2b80000, 0x000000076ab00000)
  object space 44544K, 17% used [0x00000006c0000000,0x00000006c078d788,0x00000006c2b80000)
 Metaspace       used 34220K, capacity 35247K, committed 35496K, reserved 1081344K
  class space    used 4359K, capacity 4585K, committed 4608K, reserved 1048576K
Event: 6.919 GC heap after
Heap after GC invocations=12 (full 2):
 PSYoungGen      total 304128K, used 0K [0x000000076ab00000, 0x000000077e400000, 0x00000007c0000000)
  eden space 299008K, 0% used [0x000000076ab00000,0x000000076ab00000,0x000000077cf00000)
  from space 5120K, 0% used [0x000000077df00000,0x000000077df00000,0x000000077e400000)
  to   space 9216K, 0% used [0x000000077d200000,0x000000077d200000,0x000000077db00000)
 ParOldGen       total 67072K, used 9469K [0x00000006c0000000, 0x00000006c4180000, 0x000000076ab00000)
  object space 67072K, 14% used [0x00000006c0000000,0x00000006c093f640,0x00000006c4180000)
 Metaspace       used 34216K, capacity 35241K, committed 35496K, reserved 1081344K
  class space    used 4358K, capacity 4584K, committed 4608K, reserved 1048576K
}

