# JRE version: OpenJDK Runtime Environment (8.0_372-b07) (build 1.8.0_372-b07)
# Java VM: OpenJDK 64-Bit Server VM (25.372-b07 mixed mode linux-amd64 compressed oops)
Heap:
 PSYoungGen      total 323072K, used 156723K [0x000000076ab00000, 0x000000077f600000, 0x00000007c0000000)
  eden space 317952K, 49% used [0x000000076ab00000,0x000000077440cdc8,0x000000077e180000)
  from space 5120K, 0% used [0x000000077f100000,0x000000077f100000,0x000000077f600000)
  to   space 9216K, 0% used [0x000000077e400000,0x000000077e400000,0x000000077ed00000)
 ParOldGen       total 57344K, used 9575K [0x00000006c0000000, 0x00000006c3800000, 0x000000076ab00000)
  object space 57344K, 16% used [0x00000006c0000000,0x00000006c0959cb0,0x00000006c3800000)
 Metaspace       used 37911K, capacity 39049K, committed 39296K, reserved 1083392K
  class space    used 4741K, capacity 4988K, committed 4992K, reserved 1048576K
GC Heap History (10 events):
Event: 2.718 GC heap before
{Heap before GC invocations=8 (full 0):
 PSYoungGen      total 117760K, used 37926K [0x000000076ab00000, 0x0000000779500000, 0x00000007c0000000)
  eden space 112128K, 28% used [0x000000076ab00000,0x000000076ca917a8,0x0000000771880000)
  from space 5632K, 99% used [0x0000000771880000,0x0000000771df82c0,0x0000000771e00000)
  to   space 7680K, 0% used [0x0000000778d80000,0x0000000778d80000,0x0000000779500000)
 ParOldGen       total 75264K, used 2366K [0x00000006c0000000, 0x00000006c4980000, 0x000000076ab00000)
  object space 75264K, 3% used [0x00000006c0000000,0x00000006c024fa28,0x00000006c4980000)
 Metaspace       used 20363K, capacity 21218K, committed 21296K, reserved 1067008K
  class space    used 2712K, capacity 2906K, committed 2944K, reserved 1048576K
Event: 2.731 GC heap after
Heap after GC invocations=8 (full 0):
 PSYoungGen      total 230912K, used 2875K [0x000000076ab00000, 0x0000000779400000, 0x00000007c0000000)
  eden space 224256K, 0% used [0x000000076ab00000,0x000000076ab00000,0x0000000778600000)
  from space 6656K, 43% used [0x0000000778d80000,0x000000077904ecb0,0x0000000779400000)
  to   space 7168K, 0% used [0x0000000778600000,0x0000000778600000,0x0000000778d00000)
 ParOldGen       total 75264K, used 2794K [0x00000006c0000000, 0x00000006c4980000, 0x000000076ab00000)
  object space 75264K, 3% used [0x00000006c0000000,0x00000006c02baa68,0x00000006c4980000)
 Metaspace       used 20363K, capacity 21218K, committed 21296K, reserved 1067008K
  class space    used 2712K, capacity 2906K, committed 2944K, reserved 1048576K
}
Event: 2.731 GC heap before
{Heap before GC invocations=9 (full 1):
 PSYoungGen      total 230912K, used 2875K [0x000000076ab00000, 0x0000000779400000, 0x00000007c0000000)
  eden space 224256K, 0% used [0x000000076ab00000,0x000000076ab00000,0x0000000778600000)
  from space 6656K, 43% used [0x0000000778d80000,0x000000077904ecb0,0x0000000779400000)
  to   space 7168K, 0% used [0x0000000778600000,0x0000000778600000,0x0000000778d00000)
 ParOldGen       total 75264K, used 2794K [0x00000006c0000000, 0x00000006c4980000, 0x000000076ab00000)
  object space 75264K, 3% used [0x00000006c0000000,0x00000006c02baa68,0x00000006c4980000)
 Metaspace       used 20363K, capacity 21218K, committed 21296K, reserved 1067008K
  class space    used 2712K, capacity 2906K, committed 2944K, reserved 1048576K
Event: 2.761 GC heap after
Heap after GC invocations=9 (full 1):
 PSYoungGen      total 230912K, used 0K [0x000000076ab00000, 0x0000000779400000, 0x00000007c0000000)
  eden space 224256K, 0% used [0x000000076ab00000,0x000000076ab00000,0x0000000778600000)
  from space 6656K, 0% used [0x0000000778d80000,0x0000000778d80000,0x0000000779400000)
  to   space 7168K, 0% used [0x0000000778600000,0x0000000778600000,0x0000000778d00000)
 ParOldGen       total 40960K, used 5069K [0x00000006c0000000, 0x00000006c2800000, 0x000000076ab00000)
  object space 40960K, 12% used [0x00000006c0000000,0x00000006c04f3738,0x00000006c2800000)
 Metaspace       used 20363K, capacity 21218K, committed 21296K, reserved 1067008K
  class space    used 2712K, capacity 2906K, committed 2944K, reserved 1048576K
}
Event: 4.516 GC heap before
{Heap before GC invocations=10 (full 1):
 PSYoungGen      total 230912K, used 224256K [0x000000076ab00000, 0x0000000779400000, 0x00000007c0000000)
  eden space 224256K, 100% used [0x000000076ab00000,0x0000000778600000,0x0000000778600000)
  from space 6656K, 0% used [0x0000000778d80000,0x0000000778d80000,0x0000000779400000)
  to   space 7168K, 0% used [0x0000000778600000,0x0000000778600000,0x0000000778d00000)
 ParOldGen       total 40960K, used 5069K [0x00000006c0000000, 0x00000006c2800000, 0x000000076ab00000)
  object space 40960K, 12% used [0x00000006c0000000,0x00000006c04f3738,0x00000006c2800000)
 Metaspace       used 30213K, capacity 31195K, committed 31488K, reserved 1077248K
  class space    used 3865K, capacity 4083K, committed 4096K, reserved 1048576K
Event: 4.527 GC heap after
Heap after GC invocations=10 (full 1):
 PSYoungGen      total 231424K, used 7144K [0x000000076ab00000, 0x000000077fa00000, 0x00000007c0000000)
  eden space 224256K, 0% used [0x000000076ab00000,0x000000076ab00000,0x0000000778600000)
  from space 7168K, 99% used [0x0000000778600000,0x0000000778cfa2c8,0x0000000778d00000)
  to   space 9216K, 0% used [0x000000077f100000,0x000000077f100000,0x000000077fa00000)
 ParOldGen       total 40960K, used 7734K [0x00000006c0000000, 0x00000006c2800000, 0x000000076ab00000)
  object space 40960K, 18% used [0x00000006c0000000,0x00000006c078d910,0x00000006c2800000)
 Metaspace       used 30213K, capacity 31195K, committed 31488K, reserved 1077248K
  class space    used 3865K, capacity 4083K, committed 4096K, reserved 1048576K
}
Event: 5.929 GC heap before
{Heap before GC invocations=11 (full 1):
 PSYoungGen      total 231424K, used 120234K [0x000000076ab00000, 0x000000077fa00000, 0x00000007c0000000)
  eden space 224256K, 50% used [0x000000076ab00000,0x0000000771970858,0x0000000778600000)
  from space 7168K, 99% used [0x0000000778600000,0x0000000778cfa2c8,0x0000000778d00000)
  to   space 9216K, 0% used [0x000000077f100000,0x000000077f100000,0x000000077fa00000)
 ParOldGen       total 40960K, used 7734K [0x00000006c0000000, 0x00000006c2800000, 0x000000076ab00000)
  object space 40960K, 18% used [0x00000006c0000000,0x00000006c078d910,0x00000006c2800000)
 Metaspace       used 34264K, capacity 35315K, committed 35496K, reserved 1081344K
  class space    used 4358K, capacity 4585K, committed 4608K, reserved 1048576K
Event: 5.936 GC heap after
Heap after GC invocations=11 (full 1):
 PSYoungGen      total 323072K, used 4949K [0x000000076ab00000, 0x000000077f600000, 0x00000007c0000000)
  eden space 317952K, 0% used [0x000000076ab00000,0x000000076ab00000,0x000000077e180000)
  from space 5120K, 96% used [0x000000077f100000,0x000000077f5d5668,0x000000077f600000)
  to   space 9216K, 0% used [0x000000077e400000,0x000000077e400000,0x000000077ed00000)
 ParOldGen       total 40960K, used 7742K [0x00000006c0000000, 0x00000006c2800000, 0x000000076ab00000)
  object space 40960K, 18% used [0x00000006c0000000,0x00000006c078f910,0x00000006c2800000)
 Metaspace       used 34264K, capacity 35315K, committed 35496K, reserved 1081344K
  class space    used 4358K, capacity 4585K, committed 4608K, reserved 1048576K
}
Event: 5.936 GC heap before
{Heap before GC invocations=12 (full 2):
 PSYoungGen      total 323072K, used 4949K [0x000000076ab00000, 0x000000077f600000, 0x00000007c0000000)
  eden space 317952K, 0% used [0x000000076ab00000,0x000000076ab00000,0x000000077e180000)
  from space 5120K, 96% used [0x000000077f100000,0x000000077f5d5668,0x000000077f600000)
  to   space 9216K, 0% used [0x000000077e400000,0x000000077e400000,0x000000077ed00000)
 ParOldGen       total 40960K, used 7742K [0x00000006c0000000, 0x00000006c2800000, 0x000000076ab00000)
  object space 40960K, 18% used [0x00000006c0000000,0x00000006c078f910,0x00000006c2800000)
 Metaspace       used 34264K, capacity 35315K, committed 35496K, reserved 1081344K
  class space    used 4358K, capacity 4585K, committed 4608K, reserved 1048576K
Event: 5.979 GC heap after
Heap after GC invocations=12 (full 2):
 PSYoungGen      total 323072K, used 0K [0x000000076ab00000, 0x000000077f600000, 0x00000007c0000000)
  eden space 317952K, 0% used [0x000000076ab00000,0x000000076ab00000,0x000000077e180000)
  from space 5120K, 0% used [0x000000077f100000,0x000000077f100000,0x000000077f600000)
  to   space 9216K, 0% used [0x000000077e400000,0x000000077e400000,0x000000077ed00000)
 ParOldGen       total 57344K, used 9575K [0x00000006c0000000, 0x00000006c3800000, 0x000000076ab00000)
  object space 57344K, 16% used [0x00000006c0000000,0x00000006c0959cb0,0x00000006c3800000)
 Metaspace       used 34261K, capacity 35309K, committed 35496K, reserved 1081344K
  class space    used 4358K, capacity 4584K, committed 4608K, reserved 1048576K
}

