# JRE version: OpenJDK Runtime Environment (8.0_372-b07) (build 1.8.0_372-b07)
# Java VM: OpenJDK 64-Bit Server VM (25.372-b07 mixed mode linux-amd64 compressed oops)
Heap:
 PSYoungGen      total 302592K, used 151937K [0x000000076ab00000, 0x000000077e100000, 0x00000007c0000000)
  eden space 297472K, 51% used [0x000000076ab00000,0x0000000773f60630,0x000000077cd80000)
  from space 5120K, 0% used [0x000000077dc00000,0x000000077dc00000,0x000000077e100000)
  to   space 8704K, 0% used [0x000000077d000000,0x000000077d000000,0x000000077d880000)
 ParOldGen       total 69120K, used 9587K [0x00000006c0000000, 0x00000006c4380000, 0x000000076ab00000)
  object space 69120K, 13% used [0x00000006c0000000,0x00000006c095cef0,0x00000006c4380000)
 Metaspace       used 37856K, capacity 38929K, committed 39296K, reserved 1083392K
  class space    used 4739K, capacity 4988K, committed 4992K, reserved 1048576K
GC Heap History (10 events):
Event: 2.832 GC heap before
{Heap before GC invocations=8 (full 0):
 PSYoungGen      total 117760K, used 35708K [0x000000076ab00000, 0x0000000779400000, 0x00000007c0000000)
  eden space 112128K, 26% used [0x000000076ab00000,0x000000076c8651d0,0x0000000771880000)
  from space 5632K, 99% used [0x0000000771880000,0x0000000771dfa1a8,0x0000000771e00000)
  to   space 7168K, 0% used [0x0000000778d00000,0x0000000778d00000,0x0000000779400000)
 ParOldGen       total 75264K, used 2378K [0x00000006c0000000, 0x00000006c4980000, 0x000000076ab00000)
  object space 75264K, 3% used [0x00000006c0000000,0x00000006c0252880,0x00000006c4980000)
 Metaspace       used 20326K, capacity 21226K, committed 21296K, reserved 1067008K
  class space    used 2713K, capacity 2906K, committed 2944K, reserved 1048576K
Event: 2.837 GC heap after
Heap after GC invocations=8 (full 0):
 PSYoungGen      total 231424K, used 2875K [0x000000076ab00000, 0x0000000779400000, 0x00000007c0000000)
  eden space 224256K, 0% used [0x000000076ab00000,0x000000076ab00000,0x0000000778600000)
  from space 7168K, 40% used [0x0000000778d00000,0x0000000778fcecb0,0x0000000779400000)
  to   space 7168K, 0% used [0x0000000778600000,0x0000000778600000,0x0000000778d00000)
 ParOldGen       total 75264K, used 2794K [0x00000006c0000000, 0x00000006c4980000, 0x000000076ab00000)
  object space 75264K, 3% used [0x00000006c0000000,0x00000006c02ba880,0x00000006c4980000)
 Metaspace       used 20326K, capacity 21226K, committed 21296K, reserved 1067008K
  class space    used 2713K, capacity 2906K, committed 2944K, reserved 1048576K
}
Event: 2.837 GC heap before
{Heap before GC invocations=9 (full 1):
 PSYoungGen      total 231424K, used 2875K [0x000000076ab00000, 0x0000000779400000, 0x00000007c0000000)
  eden space 224256K, 0% used [0x000000076ab00000,0x000000076ab00000,0x0000000778600000)
  from space 7168K, 40% used [0x0000000778d00000,0x0000000778fcecb0,0x0000000779400000)
  to   space 7168K, 0% used [0x0000000778600000,0x0000000778600000,0x0000000778d00000)
 ParOldGen       total 75264K, used 2794K [0x00000006c0000000, 0x00000006c4980000, 0x000000076ab00000)
  object space 75264K, 3% used [0x00000006c0000000,0x00000006c02ba880,0x00000006c4980000)
 Metaspace       used 20326K, capacity 21226K, committed 21296K, reserved 1067008K
  class space    used 2713K, capacity 2906K, committed 2944K, reserved 1048576K
Event: 2.873 GC heap after
Heap after GC invocations=9 (full 1):
 PSYoungGen      total 231424K, used 0K [0x000000076ab00000, 0x0000000779400000, 0x00000007c0000000)
  eden space 224256K, 0% used [0x000000076ab00000,0x000000076ab00000,0x0000000778600000)
  from space 7168K, 0% used [0x0000000778d00000,0x0000000778d00000,0x0000000779400000)
  to   space 7168K, 0% used [0x0000000778600000,0x0000000778600000,0x0000000778d00000)
 ParOldGen       total 45568K, used 5046K [0x00000006c0000000, 0x00000006c2c80000, 0x000000076ab00000)
  object space 45568K, 11% used [0x00000006c0000000,0x00000006c04edb58,0x00000006c2c80000)
 Metaspace       used 20326K, capacity 21226K, committed 21296K, reserved 1067008K
  class space    used 2713K, capacity 2906K, committed 2944K, reserved 1048576K
}
Event: 4.704 GC heap before
{Heap before GC invocations=10 (full 1):
 PSYoungGen      total 231424K, used 224256K [0x000000076ab00000, 0x0000000779400000, 0x00000007c0000000)
  eden space 224256K, 100% used [0x000000076ab00000,0x0000000778600000,0x0000000778600000)
  from space 7168K, 0% used [0x0000000778d00000,0x0000000778d00000,0x0000000779400000)
  to   space 7168K, 0% used [0x0000000778600000,0x0000000778600000,0x0000000778d00000)
 ParOldGen       total 45568K, used 5046K [0x00000006c0000000, 0x00000006c2c80000, 0x000000076ab00000)
  object space 45568K, 11% used [0x00000006c0000000,0x00000006c04edb58,0x00000006c2c80000)
 Metaspace       used 30036K, capacity 31011K, committed 31232K, reserved 1077248K
  class space    used 3862K, capacity 4083K, committed 4096K, reserved 1048576K
Event: 4.715 GC heap after
Heap after GC invocations=10 (full 1):
 PSYoungGen      total 231424K, used 7148K [0x000000076ab00000, 0x000000077e500000, 0x00000007c0000000)
  eden space 224256K, 0% used [0x000000076ab00000,0x000000076ab00000,0x0000000778600000)
  from space 7168K, 99% used [0x0000000778600000,0x0000000778cfb0a8,0x0000000778d00000)
  to   space 9216K, 0% used [0x000000077dc00000,0x000000077dc00000,0x000000077e500000)
 ParOldGen       total 45568K, used 7644K [0x00000006c0000000, 0x00000006c2c80000, 0x000000076ab00000)
  object space 45568K, 16% used [0x00000006c0000000,0x00000006c07773b0,0x00000006c2c80000)
 Metaspace       used 30036K, capacity 31011K, committed 31232K, reserved 1077248K
  class space    used 3862K, capacity 4083K, committed 4096K, reserved 1048576K
}
Event: 6.816 GC heap before
{Heap before GC invocations=11 (full 1):
 PSYoungGen      total 231424K, used 119841K [0x000000076ab00000, 0x000000077e500000, 0x00000007c0000000)
  eden space 224256K, 50% used [0x000000076ab00000,0x000000077190d580,0x0000000778600000)
  from space 7168K, 99% used [0x0000000778600000,0x0000000778cfb0a8,0x0000000778d00000)
  to   space 9216K, 0% used [0x000000077dc00000,0x000000077dc00000,0x000000077e500000)
 ParOldGen       total 45568K, used 7644K [0x00000006c0000000, 0x00000006c2c80000, 0x000000076ab00000)
  object space 45568K, 16% used [0x00000006c0000000,0x00000006c07773b0,0x00000006c2c80000)
 Metaspace       used 34206K, capacity 35227K, committed 35456K, reserved 1079296K
  class space    used 4360K, capacity 4617K, committed 4736K, reserved 1048576K
Event: 6.831 GC heap after
Heap after GC invocations=11 (full 1):
 PSYoungGen      total 302592K, used 4953K [0x000000076ab00000, 0x000000077e100000, 0x00000007c0000000)
  eden space 297472K, 0% used [0x000000076ab00000,0x000000076ab00000,0x000000077cd80000)
  from space 5120K, 96% used [0x000000077dc00000,0x000000077e0d66c8,0x000000077e100000)
  to   space 8704K, 0% used [0x000000077d000000,0x000000077d000000,0x000000077d880000)
 ParOldGen       total 45568K, used 7652K [0x00000006c0000000, 0x00000006c2c80000, 0x000000076ab00000)
  object space 45568K, 16% used [0x00000006c0000000,0x00000006c07793b0,0x00000006c2c80000)
 Metaspace       used 34206K, capacity 35227K, committed 35456K, reserved 1079296K
  class space    used 4360K, capacity 4617K, committed 4736K, reserved 1048576K
}
Event: 6.831 GC heap before
{Heap before GC invocations=12 (full 2):
 PSYoungGen      total 302592K, used 4953K [0x000000076ab00000, 0x000000077e100000, 0x00000007c0000000)
  eden space 297472K, 0% used [0x000000076ab00000,0x000000076ab00000,0x000000077cd80000)
  from space 5120K, 96% used [0x000000077dc00000,0x000000077e0d66c8,0x000000077e100000)
  to   space 8704K, 0% used [0x000000077d000000,0x000000077d000000,0x000000077d880000)
 ParOldGen       total 45568K, used 7652K [0x00000006c0000000, 0x00000006c2c80000, 0x000000076ab00000)
  object space 45568K, 16% used [0x00000006c0000000,0x00000006c07793b0,0x00000006c2c80000)
 Metaspace       used 34206K, capacity 35227K, committed 35456K, reserved 1079296K
  class space    used 4360K, capacity 4617K, committed 4736K, reserved 1048576K
Event: 6.888 GC heap after
Heap after GC invocations=12 (full 2):
 PSYoungGen      total 302592K, used 0K [0x000000076ab00000, 0x000000077e100000, 0x00000007c0000000)
  eden space 297472K, 0% used [0x000000076ab00000,0x000000076ab00000,0x000000077cd80000)
  from space 5120K, 0% used [0x000000077dc00000,0x000000077dc00000,0x000000077e100000)
  to   space 8704K, 0% used [0x000000077d000000,0x000000077d000000,0x000000077d880000)
 ParOldGen       total 69120K, used 9587K [0x00000006c0000000, 0x00000006c4380000, 0x000000076ab00000)
  object space 69120K, 13% used [0x00000006c0000000,0x00000006c095cef0,0x00000006c4380000)
 Metaspace       used 34202K, capacity 35221K, committed 35456K, reserved 1079296K
  class space    used 4359K, capacity 4616K, committed 4736K, reserved 1048576K
}

