# JRE version: OpenJDK Runtime Environment (8.0_372-b07) (build 1.8.0_372-b07)
# Java VM: OpenJDK 64-Bit Server VM (25.372-b07 mixed mode linux-amd64 compressed oops)
Heap:
 PSYoungGen      total 307712K, used 154634K [0x000000076ab00000, 0x000000077e480000, 0x00000007c0000000)
  eden space 302592K, 51% used [0x000000076ab00000,0x0000000774202a68,0x000000077d280000)
  from space 5120K, 0% used [0x000000077df80000,0x000000077df80000,0x000000077e480000)
  to   space 8704K, 0% used [0x000000077d380000,0x000000077d380000,0x000000077dc00000)
 ParOldGen       total 68608K, used 9568K [0x00000006c0000000, 0x00000006c4300000, 0x000000076ab00000)
  object space 68608K, 13% used [0x00000006c0000000,0x00000006c0958158,0x00000006c4300000)
 Metaspace       used 37906K, capacity 39041K, committed 39296K, reserved 1083392K
  class space    used 4744K, capacity 4988K, committed 4992K, reserved 1048576K
GC Heap History (10 events):
Event: 2.778 GC heap before
{Heap before GC invocations=8 (full 0):
 PSYoungGen      total 117248K, used 37356K [0x000000076ab00000, 0x0000000779400000, 0x00000007c0000000)
  eden space 112128K, 28% used [0x000000076ab00000,0x000000076ca7cb58,0x0000000771880000)
  from space 5120K, 99% used [0x0000000771880000,0x0000000771d7e878,0x0000000771d80000)
  to   space 7168K, 0% used [0x0000000778d00000,0x0000000778d00000,0x0000000779400000)
 ParOldGen       total 75264K, used 2794K [0x00000006c0000000, 0x00000006c4980000, 0x000000076ab00000)
  object space 75264K, 3% used [0x00000006c0000000,0x00000006c02baae8,0x00000006c4980000)
 Metaspace       used 20315K, capacity 21210K, committed 21296K, reserved 1067008K
  class space    used 2713K, capacity 2906K, committed 2944K, reserved 1048576K
Event: 2.783 GC heap after
Heap after GC invocations=8 (full 0):
 PSYoungGen      total 231424K, used 2955K [0x000000076ab00000, 0x0000000779400000, 0x00000007c0000000)
  eden space 224256K, 0% used [0x000000076ab00000,0x000000076ab00000,0x0000000778600000)
  from space 7168K, 41% used [0x0000000778d00000,0x0000000778fe2ca0,0x0000000779400000)
  to   space 7168K, 0% used [0x0000000778600000,0x0000000778600000,0x0000000778d00000)
 ParOldGen       total 75264K, used 3222K [0x00000006c0000000, 0x00000006c4980000, 0x000000076ab00000)
  object space 75264K, 4% used [0x00000006c0000000,0x00000006c0325b28,0x00000006c4980000)
 Metaspace       used 20315K, capacity 21210K, committed 21296K, reserved 1067008K
  class space    used 2713K, capacity 2906K, committed 2944K, reserved 1048576K
}
Event: 2.783 GC heap before
{Heap before GC invocations=9 (full 1):
 PSYoungGen      total 231424K, used 2955K [0x000000076ab00000, 0x0000000779400000, 0x00000007c0000000)
  eden space 224256K, 0% used [0x000000076ab00000,0x000000076ab00000,0x0000000778600000)
  from space 7168K, 41% used [0x0000000778d00000,0x0000000778fe2ca0,0x0000000779400000)
  to   space 7168K, 0% used [0x0000000778600000,0x0000000778600000,0x0000000778d00000)
 ParOldGen       total 75264K, used 3222K [0x00000006c0000000, 0x00000006c4980000, 0x000000076ab00000)
  object space 75264K, 4% used [0x00000006c0000000,0x00000006c0325b28,0x00000006c4980000)
 Metaspace       used 20315K, capacity 21210K, committed 21296K, reserved 1067008K
  class space    used 2713K, capacity 2906K, committed 2944K, reserved 1048576K
Event: 2.812 GC heap after
Heap after GC invocations=9 (full 1):
 PSYoungGen      total 231424K, used 0K [0x000000076ab00000, 0x0000000779400000, 0x00000007c0000000)
  eden space 224256K, 0% used [0x000000076ab00000,0x000000076ab00000,0x0000000778600000)
  from space 7168K, 0% used [0x0000000778d00000,0x0000000778d00000,0x0000000779400000)
  to   space 7168K, 0% used [0x0000000778600000,0x0000000778600000,0x0000000778d00000)
 ParOldGen       total 44544K, used 5101K [0x00000006c0000000, 0x00000006c2b80000, 0x000000076ab00000)
  object space 44544K, 11% used [0x00000006c0000000,0x00000006c04fb588,0x00000006c2b80000)
 Metaspace       used 20315K, capacity 21210K, committed 21296K, reserved 1067008K
  class space    used 2713K, capacity 2906K, committed 2944K, reserved 1048576K
}
Event: 4.589 GC heap before
{Heap before GC invocations=10 (full 1):
 PSYoungGen      total 231424K, used 224256K [0x000000076ab00000, 0x0000000779400000, 0x00000007c0000000)
  eden space 224256K, 100% used [0x000000076ab00000,0x0000000778600000,0x0000000778600000)
  from space 7168K, 0% used [0x0000000778d00000,0x0000000778d00000,0x0000000779400000)
  to   space 7168K, 0% used [0x0000000778600000,0x0000000778600000,0x0000000778d00000)
 ParOldGen       total 44544K, used 5101K [0x00000006c0000000, 0x00000006c2b80000, 0x000000076ab00000)
  object space 44544K, 11% used [0x00000006c0000000,0x00000006c04fb588,0x00000006c2b80000)
 Metaspace       used 30034K, capacity 30963K, committed 31232K, reserved 1077248K
  class space    used 3859K, capacity 4051K, committed 4096K, reserved 1048576K
Event: 4.600 GC heap after
Heap after GC invocations=10 (full 1):
 PSYoungGen      total 231424K, used 7161K [0x000000076ab00000, 0x000000077e880000, 0x00000007c0000000)
  eden space 224256K, 0% used [0x000000076ab00000,0x000000076ab00000,0x0000000778600000)
  from space 7168K, 99% used [0x0000000778600000,0x0000000778cfe708,0x0000000778d00000)
  to   space 9216K, 0% used [0x000000077df80000,0x000000077df80000,0x000000077e880000)
 ParOldGen       total 44544K, used 7715K [0x00000006c0000000, 0x00000006c2b80000, 0x000000076ab00000)
  object space 44544K, 17% used [0x00000006c0000000,0x00000006c0788c78,0x00000006c2b80000)
 Metaspace       used 30034K, capacity 30963K, committed 31232K, reserved 1077248K
  class space    used 3859K, capacity 4051K, committed 4096K, reserved 1048576K
}
Event: 6.071 GC heap before
{Heap before GC invocations=11 (full 1):
 PSYoungGen      total 231424K, used 124087K [0x000000076ab00000, 0x000000077e880000, 0x00000007c0000000)
  eden space 224256K, 52% used [0x000000076ab00000,0x0000000771d2f520,0x0000000778600000)
  from space 7168K, 99% used [0x0000000778600000,0x0000000778cfe708,0x0000000778d00000)
  to   space 9216K, 0% used [0x000000077df80000,0x000000077df80000,0x000000077e880000)
 ParOldGen       total 44544K, used 7715K [0x00000006c0000000, 0x00000006c2b80000, 0x000000076ab00000)
  object space 44544K, 17% used [0x00000006c0000000,0x00000006c0788c78,0x00000006c2b80000)
 Metaspace       used 34245K, capacity 35307K, committed 35496K, reserved 1081344K
  class space    used 4361K, capacity 4585K, committed 4608K, reserved 1048576K
Event: 6.083 GC heap after
Heap after GC invocations=11 (full 1):
 PSYoungGen      total 307712K, used 4965K [0x000000076ab00000, 0x000000077e480000, 0x00000007c0000000)
  eden space 302592K, 0% used [0x000000076ab00000,0x000000076ab00000,0x000000077d280000)
  from space 5120K, 96% used [0x000000077df80000,0x000000077e4596b8,0x000000077e480000)
  to   space 8704K, 0% used [0x000000077d380000,0x000000077d380000,0x000000077dc00000)
 ParOldGen       total 44544K, used 7715K [0x00000006c0000000, 0x00000006c2b80000, 0x000000076ab00000)
  object space 44544K, 17% used [0x00000006c0000000,0x00000006c0788c78,0x00000006c2b80000)
 Metaspace       used 34245K, capacity 35307K, committed 35496K, reserved 1081344K
  class space    used 4361K, capacity 4585K, committed 4608K, reserved 1048576K
}
Event: 6.083 GC heap before
{Heap before GC invocations=12 (full 2):
 PSYoungGen      total 307712K, used 4965K [0x000000076ab00000, 0x000000077e480000, 0x00000007c0000000)
  eden space 302592K, 0% used [0x000000076ab00000,0x000000076ab00000,0x000000077d280000)
  from space 5120K, 96% used [0x000000077df80000,0x000000077e4596b8,0x000000077e480000)
  to   space 8704K, 0% used [0x000000077d380000,0x000000077d380000,0x000000077dc00000)
 ParOldGen       total 44544K, used 7715K [0x00000006c0000000, 0x00000006c2b80000, 0x000000076ab00000)
  object space 44544K, 17% used [0x00000006c0000000,0x00000006c0788c78,0x00000006c2b80000)
 Metaspace       used 34245K, capacity 35307K, committed 35496K, reserved 1081344K
  class space    used 4361K, capacity 4585K, committed 4608K, reserved 1048576K
Event: 6.138 GC heap after
Heap after GC invocations=12 (full 2):
 PSYoungGen      total 307712K, used 0K [0x000000076ab00000, 0x000000077e480000, 0x00000007c0000000)
  eden space 302592K, 0% used [0x000000076ab00000,0x000000076ab00000,0x000000077d280000)
  from space 5120K, 0% used [0x000000077df80000,0x000000077df80000,0x000000077e480000)
  to   space 8704K, 0% used [0x000000077d380000,0x000000077d380000,0x000000077dc00000)
 ParOldGen       total 68608K, used 9568K [0x00000006c0000000, 0x00000006c4300000, 0x000000076ab00000)
  object space 68608K, 13% used [0x00000006c0000000,0x00000006c0958158,0x00000006c4300000)
 Metaspace       used 34241K, capacity 35301K, committed 35496K, reserved 1081344K
  class space    used 4361K, capacity 4584K, committed 4608K, reserved 1048576K
}

