# JRE version: OpenJDK Runtime Environment (8.0_372-b07) (build 1.8.0_372-b07)
# Java VM: OpenJDK 64-Bit Server VM (25.372-b07 mixed mode linux-amd64 compressed oops)
Heap:
 PSYoungGen      total 320512K, used 152468K [0x000000076ab00000, 0x000000077f300000, 0x00000007c0000000)
  eden space 315392K, 48% used [0x000000076ab00000,0x0000000773fe53a0,0x000000077df00000)
  from space 5120K, 0% used [0x000000077ee00000,0x000000077ee00000,0x000000077f300000)
  to   space 8704K, 0% used [0x000000077e200000,0x000000077e200000,0x000000077ea80000)
 ParOldGen       total 60416K, used 9430K [0x00000006c0000000, 0x00000006c3b00000, 0x000000076ab00000)
  object space 60416K, 15% used [0x00000006c0000000,0x00000006c0935af0,0x00000006c3b00000)
 Metaspace       used 37869K, capacity 38925K, committed 39296K, reserved 1083392K
  class space    used 4741K, capacity 4988K, committed 4992K, reserved 1048576K
GC Heap History (10 events):
Event: 2.834 GC heap before
{Heap before GC invocations=8 (full 0):
 PSYoungGen      total 117760K, used 36117K [0x000000076ab00000, 0x0000000779500000, 0x00000007c0000000)
  eden space 112128K, 27% used [0x000000076ab00000,0x000000076c8c5b80,0x0000000771880000)
  from space 5632K, 99% used [0x0000000771880000,0x0000000771dffbc0,0x0000000771e00000)
  to   space 7680K, 0% used [0x0000000778d80000,0x0000000778d80000,0x0000000779500000)
 ParOldGen       total 75264K, used 2359K [0x00000006c0000000, 0x00000006c4980000, 0x000000076ab00000)
  object space 75264K, 3% used [0x00000006c0000000,0x00000006c024def8,0x00000006c4980000)
 Metaspace       used 20357K, capacity 21246K, committed 21296K, reserved 1067008K
  class space    used 2717K, capacity 2938K, committed 2944K, reserved 1048576K
Event: 2.846 GC heap after
Heap after GC invocations=8 (full 0):
 PSYoungGen      total 230912K, used 2830K [0x000000076ab00000, 0x0000000779400000, 0x00000007c0000000)
  eden space 224256K, 0% used [0x000000076ab00000,0x000000076ab00000,0x0000000778600000)
  from space 6656K, 42% used [0x0000000778d80000,0x0000000779043a68,0x0000000779400000)
  to   space 7168K, 0% used [0x0000000778600000,0x0000000778600000,0x0000000778d00000)
 ParOldGen       total 75264K, used 2787K [0x00000006c0000000, 0x00000006c4980000, 0x000000076ab00000)
  object space 75264K, 3% used [0x00000006c0000000,0x00000006c02b8f38,0x00000006c4980000)
 Metaspace       used 20357K, capacity 21246K, committed 21296K, reserved 1067008K
  class space    used 2717K, capacity 2938K, committed 2944K, reserved 1048576K
}
Event: 2.846 GC heap before
{Heap before GC invocations=9 (full 1):
 PSYoungGen      total 230912K, used 2830K [0x000000076ab00000, 0x0000000779400000, 0x00000007c0000000)
  eden space 224256K, 0% used [0x000000076ab00000,0x000000076ab00000,0x0000000778600000)
  from space 6656K, 42% used [0x0000000778d80000,0x0000000779043a68,0x0000000779400000)
  to   space 7168K, 0% used [0x0000000778600000,0x0000000778600000,0x0000000778d00000)
 ParOldGen       total 75264K, used 2787K [0x00000006c0000000, 0x00000006c4980000, 0x000000076ab00000)
  object space 75264K, 3% used [0x00000006c0000000,0x00000006c02b8f38,0x00000006c4980000)
 Metaspace       used 20357K, capacity 21246K, committed 21296K, reserved 1067008K
  class space    used 2717K, capacity 2938K, committed 2944K, reserved 1048576K
Event: 2.877 GC heap after
Heap after GC invocations=9 (full 1):
 PSYoungGen      total 230912K, used 0K [0x000000076ab00000, 0x0000000779400000, 0x00000007c0000000)
  eden space 224256K, 0% used [0x000000076ab00000,0x000000076ab00000,0x0000000778600000)
  from space 6656K, 0% used [0x0000000778d80000,0x0000000778d80000,0x0000000779400000)
  to   space 7168K, 0% used [0x0000000778600000,0x0000000778600000,0x0000000778d00000)
 ParOldGen       total 41472K, used 5029K [0x00000006c0000000, 0x00000006c2880000, 0x000000076ab00000)
  object space 41472K, 12% used [0x00000006c0000000,0x00000006c04e9748,0x00000006c2880000)
 Metaspace       used 20357K, capacity 21246K, committed 21296K, reserved 1067008K
  class space    used 2717K, capacity 2938K, committed 2944K, reserved 1048576K
}
Event: 4.719 GC heap before
{Heap before GC invocations=10 (full 1):
 PSYoungGen      total 230912K, used 224256K [0x000000076ab00000, 0x0000000779400000, 0x00000007c0000000)
  eden space 224256K, 100% used [0x000000076ab00000,0x0000000778600000,0x0000000778600000)
  from space 6656K, 0% used [0x0000000778d80000,0x0000000778d80000,0x0000000779400000)
  to   space 7168K, 0% used [0x0000000778600000,0x0000000778600000,0x0000000778d00000)
 ParOldGen       total 41472K, used 5029K [0x00000006c0000000, 0x00000006c2880000, 0x000000076ab00000)
  object space 41472K, 12% used [0x00000006c0000000,0x00000006c04e9748,0x00000006c2880000)
 Metaspace       used 30286K, capacity 31191K, committed 31488K, reserved 1077248K
  class space    used 3892K, capacity 4083K, committed 4096K, reserved 1048576K
Event: 4.736 GC heap after
Heap after GC invocations=10 (full 1):
 PSYoungGen      total 231424K, used 7144K [0x000000076ab00000, 0x000000077f700000, 0x00000007c0000000)
  eden space 224256K, 0% used [0x000000076ab00000,0x000000076ab00000,0x0000000778600000)
  from space 7168K, 99% used [0x0000000778600000,0x0000000778cfa278,0x0000000778d00000)
  to   space 9216K, 0% used [0x000000077ee00000,0x000000077ee00000,0x000000077f700000)
 ParOldGen       total 41472K, used 7708K [0x00000006c0000000, 0x00000006c2880000, 0x000000076ab00000)
  object space 41472K, 18% used [0x00000006c0000000,0x00000006c0787210,0x00000006c2880000)
 Metaspace       used 30286K, capacity 31191K, committed 31488K, reserved 1077248K
  class space    used 3892K, capacity 4083K, committed 4096K, reserved 1048576K
}
Event: 7.015 GC heap before
{Heap before GC invocations=11 (full 1):
 PSYoungGen      total 231424K, used 120243K [0x000000076ab00000, 0x000000077f700000, 0x00000007c0000000)
  eden space 224256K, 50% used [0x000000076ab00000,0x0000000771972b50,0x0000000778600000)
  from space 7168K, 99% used [0x0000000778600000,0x0000000778cfa278,0x0000000778d00000)
  to   space 9216K, 0% used [0x000000077ee00000,0x000000077ee00000,0x000000077f700000)
 ParOldGen       total 41472K, used 7708K [0x00000006c0000000, 0x00000006c2880000, 0x000000076ab00000)
  object space 41472K, 18% used [0x00000006c0000000,0x00000006c0787210,0x00000006c2880000)
 Metaspace       used 34172K, capacity 35191K, committed 35496K, reserved 1081344K
  class space    used 4358K, capacity 4585K, committed 4608K, reserved 1048576K
Event: 7.027 GC heap after
Heap after GC invocations=11 (full 1):
 PSYoungGen      total 320512K, used 4757K [0x000000076ab00000, 0x000000077f300000, 0x00000007c0000000)
  eden space 315392K, 0% used [0x000000076ab00000,0x000000076ab00000,0x000000077df00000)
  from space 5120K, 92% used [0x000000077ee00000,0x000000077f2a5410,0x000000077f300000)
  to   space 8704K, 0% used [0x000000077e200000,0x000000077e200000,0x000000077ea80000)
 ParOldGen       total 41472K, used 7708K [0x00000006c0000000, 0x00000006c2880000, 0x000000076ab00000)
  object space 41472K, 18% used [0x00000006c0000000,0x00000006c0787210,0x00000006c2880000)
 Metaspace       used 34172K, capacity 35191K, committed 35496K, reserved 1081344K
  class space    used 4358K, capacity 4585K, committed 4608K, reserved 1048576K
}
Event: 7.027 GC heap before
{Heap before GC invocations=12 (full 2):
 PSYoungGen      total 320512K, used 4757K [0x000000076ab00000, 0x000000077f300000, 0x00000007c0000000)
  eden space 315392K, 0% used [0x000000076ab00000,0x000000076ab00000,0x000000077df00000)
  from space 5120K, 92% used [0x000000077ee00000,0x000000077f2a5410,0x000000077f300000)
  to   space 8704K, 0% used [0x000000077e200000,0x000000077e200000,0x000000077ea80000)
 ParOldGen       total 41472K, used 7708K [0x00000006c0000000, 0x00000006c2880000, 0x000000076ab00000)
  object space 41472K, 18% used [0x00000006c0000000,0x00000006c0787210,0x00000006c2880000)
 Metaspace       used 34172K, capacity 35191K, committed 35496K, reserved 1081344K
  class space    used 4358K, capacity 4585K, committed 4608K, reserved 1048576K
Event: 7.094 GC heap after
Heap after GC invocations=12 (full 2):
 PSYoungGen      total 320512K, used 0K [0x000000076ab00000, 0x000000077f300000, 0x00000007c0000000)
  eden space 315392K, 0% used [0x000000076ab00000,0x000000076ab00000,0x000000077df00000)
  from space 5120K, 0% used [0x000000077ee00000,0x000000077ee00000,0x000000077f300000)
  to   space 8704K, 0% used [0x000000077e200000,0x000000077e200000,0x000000077ea80000)
 ParOldGen       total 60416K, used 9430K [0x00000006c0000000, 0x00000006c3b00000, 0x000000076ab00000)
  object space 60416K, 15% used [0x00000006c0000000,0x00000006c0935af0,0x00000006c3b00000)
 Metaspace       used 34168K, capacity 35185K, committed 35496K, reserved 1081344K
  class space    used 4357K, capacity 4584K, committed 4608K, reserved 1048576K
}

