# JRE version: OpenJDK Runtime Environment (8.0_372-b07) (build 1.8.0_372-b07)
# Java VM: OpenJDK 64-Bit Server VM (25.372-b07 mixed mode linux-amd64 compressed oops)
Heap:
 PSYoungGen      total 311296K, used 156811K [0x000000076ab00000, 0x000000077e900000, 0x00000007c0000000)
  eden space 306176K, 51% used [0x000000076ab00000,0x0000000774422f60,0x000000077d600000)
  from space 5120K, 0% used [0x000000077e400000,0x000000077e400000,0x000000077e900000)
  to   space 9216K, 0% used [0x000000077d700000,0x000000077d700000,0x000000077e000000)
 ParOldGen       total 65024K, used 9598K [0x00000006c0000000, 0x00000006c3f80000, 0x000000076ab00000)
  object space 65024K, 14% used [0x00000006c0000000,0x00000006c095f870,0x00000006c3f80000)
 Metaspace       used 37897K, capacity 38991K, committed 39296K, reserved 1083392K
  class space    used 4742K, capacity 4989K, committed 4992K, reserved 1048576K
GC Heap History (10 events):
Event: 2.641 GC heap before
{Heap before GC invocations=8 (full 0):
 PSYoungGen      total 117760K, used 35688K [0x000000076ab00000, 0x0000000779500000, 0x00000007c0000000)
  eden space 112128K, 26% used [0x000000076ab00000,0x000000076c85f930,0x0000000771880000)
  from space 5632K, 99% used [0x0000000771880000,0x0000000771dfa868,0x0000000771e00000)
  to   space 7680K, 0% used [0x0000000778d80000,0x0000000778d80000,0x0000000779500000)
 ParOldGen       total 75264K, used 2383K [0x00000006c0000000, 0x00000006c4980000, 0x000000076ab00000)
  object space 75264K, 3% used [0x00000006c0000000,0x00000006c0253d90,0x00000006c4980000)
 Metaspace       used 20373K, capacity 21256K, committed 21296K, reserved 1067008K
  class space    used 2720K, capacity 2939K, committed 2944K, reserved 1048576K
Event: 2.647 GC heap after
Heap after GC invocations=8 (full 0):
 PSYoungGen      total 230912K, used 2891K [0x000000076ab00000, 0x0000000779400000, 0x00000007c0000000)
  eden space 224256K, 0% used [0x000000076ab00000,0x000000076ab00000,0x0000000778600000)
  from space 6656K, 43% used [0x0000000778d80000,0x0000000779052e78,0x0000000779400000)
  to   space 7168K, 0% used [0x0000000778600000,0x0000000778600000,0x0000000778d00000)
 ParOldGen       total 75264K, used 2819K [0x00000006c0000000, 0x00000006c4980000, 0x000000076ab00000)
  object space 75264K, 3% used [0x00000006c0000000,0x00000006c02c0dd0,0x00000006c4980000)
 Metaspace       used 20373K, capacity 21256K, committed 21296K, reserved 1067008K
  class space    used 2720K, capacity 2939K, committed 2944K, reserved 1048576K
}
Event: 2.647 GC heap before
{Heap before GC invocations=9 (full 1):
 PSYoungGen      total 230912K, used 2891K [0x000000076ab00000, 0x0000000779400000, 0x00000007c0000000)
  eden space 224256K, 0% used [0x000000076ab00000,0x000000076ab00000,0x0000000778600000)
  from space 6656K, 43% used [0x0000000778d80000,0x0000000779052e78,0x0000000779400000)
  to   space 7168K, 0% used [0x0000000778600000,0x0000000778600000,0x0000000778d00000)
 ParOldGen       total 75264K, used 2819K [0x00000006c0000000, 0x00000006c4980000, 0x000000076ab00000)
  object space 75264K, 3% used [0x00000006c0000000,0x00000006c02c0dd0,0x00000006c4980000)
 Metaspace       used 20373K, capacity 21256K, committed 21296K, reserved 1067008K
  class space    used 2720K, capacity 2939K, committed 2944K, reserved 1048576K
Event: 2.681 GC heap after
Heap after GC invocations=9 (full 1):
 PSYoungGen      total 230912K, used 0K [0x000000076ab00000, 0x0000000779400000, 0x00000007c0000000)
  eden space 224256K, 0% used [0x000000076ab00000,0x000000076ab00000,0x0000000778600000)
  from space 6656K, 0% used [0x0000000778d80000,0x0000000778d80000,0x0000000779400000)
  to   space 7168K, 0% used [0x0000000778600000,0x0000000778600000,0x0000000778d00000)
 ParOldGen       total 44032K, used 5071K [0x00000006c0000000, 0x00000006c2b00000, 0x000000076ab00000)
  object space 44032K, 11% used [0x00000006c0000000,0x00000006c04f3eb0,0x00000006c2b00000)
 Metaspace       used 20373K, capacity 21256K, committed 21296K, reserved 1067008K
  class space    used 2720K, capacity 2939K, committed 2944K, reserved 1048576K
}
Event: 4.556 GC heap before
{Heap before GC invocations=10 (full 1):
 PSYoungGen      total 230912K, used 224256K [0x000000076ab00000, 0x0000000779400000, 0x00000007c0000000)
  eden space 224256K, 100% used [0x000000076ab00000,0x0000000778600000,0x0000000778600000)
  from space 6656K, 0% used [0x0000000778d80000,0x0000000778d80000,0x0000000779400000)
  to   space 7168K, 0% used [0x0000000778600000,0x0000000778600000,0x0000000778d00000)
 ParOldGen       total 44032K, used 5071K [0x00000006c0000000, 0x00000006c2b00000, 0x000000076ab00000)
  object space 44032K, 11% used [0x00000006c0000000,0x00000006c04f3eb0,0x00000006c2b00000)
 Metaspace       used 30118K, capacity 31073K, committed 31488K, reserved 1077248K
  class space    used 3867K, capacity 4084K, committed 4096K, reserved 1048576K
Event: 4.571 GC heap after
Heap after GC invocations=10 (full 1):
 PSYoungGen      total 231424K, used 7149K [0x000000076ab00000, 0x000000077ed00000, 0x00000007c0000000)
  eden space 224256K, 0% used [0x000000076ab00000,0x000000076ab00000,0x0000000778600000)
  from space 7168K, 99% used [0x0000000778600000,0x0000000778cfb668,0x0000000778d00000)
  to   space 9216K, 0% used [0x000000077e400000,0x000000077e400000,0x000000077ed00000)
 ParOldGen       total 44032K, used 7604K [0x00000006c0000000, 0x00000006c2b00000, 0x000000076ab00000)
  object space 44032K, 17% used [0x00000006c0000000,0x00000006c076d160,0x00000006c2b00000)
 Metaspace       used 30118K, capacity 31073K, committed 31488K, reserved 1077248K
  class space    used 3867K, capacity 4084K, committed 4096K, reserved 1048576K
}
Event: 5.954 GC heap before
{Heap before GC invocations=11 (full 1):
 PSYoungGen      total 231424K, used 119017K [0x000000076ab00000, 0x000000077ed00000, 0x00000007c0000000)
  eden space 224256K, 49% used [0x000000076ab00000,0x000000077183f178,0x0000000778600000)
  from space 7168K, 99% used [0x0000000778600000,0x0000000778cfb668,0x0000000778d00000)
  to   space 9216K, 0% used [0x000000077e400000,0x000000077e400000,0x000000077ed00000)
 ParOldGen       total 44032K, used 7604K [0x00000006c0000000, 0x00000006c2b00000, 0x000000076ab00000)
  object space 44032K, 17% used [0x00000006c0000000,0x00000006c076d160,0x00000006c2b00000)
 Metaspace       used 34242K, capacity 35257K, committed 35496K, reserved 1081344K
  class space    used 4361K, capacity 4586K, committed 4608K, reserved 1048576K
Event: 5.966 GC heap after
Heap after GC invocations=11 (full 1):
 PSYoungGen      total 311296K, used 4972K [0x000000076ab00000, 0x000000077e900000, 0x00000007c0000000)
  eden space 306176K, 0% used [0x000000076ab00000,0x000000076ab00000,0x000000077d600000)
  from space 5120K, 97% used [0x000000077e400000,0x000000077e8db108,0x000000077e900000)
  to   space 9216K, 0% used [0x000000077d700000,0x000000077d700000,0x000000077e000000)
 ParOldGen       total 44032K, used 7604K [0x00000006c0000000, 0x00000006c2b00000, 0x000000076ab00000)
  object space 44032K, 17% used [0x00000006c0000000,0x00000006c076d160,0x00000006c2b00000)
 Metaspace       used 34242K, capacity 35257K, committed 35496K, reserved 1081344K
  class space    used 4361K, capacity 4586K, committed 4608K, reserved 1048576K
}
Event: 5.967 GC heap before
{Heap before GC invocations=12 (full 2):
 PSYoungGen      total 311296K, used 4972K [0x000000076ab00000, 0x000000077e900000, 0x00000007c0000000)
  eden space 306176K, 0% used [0x000000076ab00000,0x000000076ab00000,0x000000077d600000)
  from space 5120K, 97% used [0x000000077e400000,0x000000077e8db108,0x000000077e900000)
  to   space 9216K, 0% used [0x000000077d700000,0x000000077d700000,0x000000077e000000)
 ParOldGen       total 44032K, used 7604K [0x00000006c0000000, 0x00000006c2b00000, 0x000000076ab00000)
  object space 44032K, 17% used [0x00000006c0000000,0x00000006c076d160,0x00000006c2b00000)
 Metaspace       used 34242K, capacity 35257K, committed 35496K, reserved 1081344K
  class space    used 4361K, capacity 4586K, committed 4608K, reserved 1048576K
Event: 6.017 GC heap after
Heap after GC invocations=12 (full 2):
 PSYoungGen      total 311296K, used 0K [0x000000076ab00000, 0x000000077e900000, 0x00000007c0000000)
  eden space 306176K, 0% used [0x000000076ab00000,0x000000076ab00000,0x000000077d600000)
  from space 5120K, 0% used [0x000000077e400000,0x000000077e400000,0x000000077e900000)
  to   space 9216K, 0% used [0x000000077d700000,0x000000077d700000,0x000000077e000000)
 ParOldGen       total 65024K, used 9598K [0x00000006c0000000, 0x00000006c3f80000, 0x000000076ab00000)
  object space 65024K, 14% used [0x00000006c0000000,0x00000006c095f870,0x00000006c3f80000)
 Metaspace       used 34238K, capacity 35251K, committed 35496K, reserved 1081344K
  class space    used 4361K, capacity 4585K, committed 4608K, reserved 1048576K
}

