# JRE version: OpenJDK Runtime Environment (8.0_372-b07) (build 1.8.0_372-b07)
# Java VM: OpenJDK 64-Bit Server VM (25.372-b07 mixed mode linux-amd64 compressed oops)
Heap:
 PSYoungGen      total 299520K, used 195126K [0x000000076ab00000, 0x000000077db80000, 0x00000007c0000000)
  eden space 294400K, 66% used [0x000000076ab00000,0x000000077698d908,0x000000077ca80000)
  from space 5120K, 0% used [0x000000077d680000,0x000000077d680000,0x000000077db80000)
  to   space 8704K, 0% used [0x000000077ca80000,0x000000077ca80000,0x000000077d300000)
 ParOldGen       total 73216K, used 9359K [0x00000006c0000000, 0x00000006c4780000, 0x000000076ab00000)
  object space 73216K, 12% used [0x00000006c0000000,0x00000006c0923cf8,0x00000006c4780000)
 Metaspace       used 41393K, capacity 42580K, committed 42968K, reserved 1087488K
  class space    used 5275K, capacity 5522K, committed 5632K, reserved 1048576K
GC Heap History (10 events):
Event: 3.127 GC heap before
{Heap before GC invocations=8 (full 0):
 PSYoungGen      total 117760K, used 53293K [0x000000076ab00000, 0x0000000779500000, 0x00000007c0000000)
  eden space 112128K, 42% used [0x000000076ab00000,0x000000076d98ebd8,0x0000000771880000)
  from space 5632K, 99% used [0x0000000771880000,0x0000000771dfc8f0,0x0000000771e00000)
  to   space 7680K, 0% used [0x0000000778d80000,0x0000000778d80000,0x0000000779500000)
 ParOldGen       total 75264K, used 3053K [0x00000006c0000000, 0x00000006c4980000, 0x000000076ab00000)
  object space 75264K, 4% used [0x00000006c0000000,0x00000006c02fb590,0x00000006c4980000)
 Metaspace       used 20238K, capacity 21066K, committed 21248K, reserved 1067008K
  class space    used 2813K, capacity 2987K, committed 3072K, reserved 1048576K
Event: 3.133 GC heap after
Heap after GC invocations=8 (full 0):
 PSYoungGen      total 230912K, used 3641K [0x000000076ab00000, 0x0000000779400000, 0x00000007c0000000)
  eden space 224256K, 0% used [0x000000076ab00000,0x000000076ab00000,0x0000000778600000)
  from space 6656K, 54% used [0x0000000778d80000,0x000000077910e5f8,0x0000000779400000)
  to   space 7168K, 0% used [0x0000000778600000,0x0000000778600000,0x0000000778d00000)
 ParOldGen       total 75264K, used 3565K [0x00000006c0000000, 0x00000006c4980000, 0x000000076ab00000)
  object space 75264K, 4% used [0x00000006c0000000,0x00000006c037b590,0x00000006c4980000)
 Metaspace       used 20238K, capacity 21066K, committed 21248K, reserved 1067008K
  class space    used 2813K, capacity 2987K, committed 3072K, reserved 1048576K
}
Event: 3.133 GC heap before
{Heap before GC invocations=9 (full 1):
 PSYoungGen      total 230912K, used 3641K [0x000000076ab00000, 0x0000000779400000, 0x00000007c0000000)
  eden space 224256K, 0% used [0x000000076ab00000,0x000000076ab00000,0x0000000778600000)
  from space 6656K, 54% used [0x0000000778d80000,0x000000077910e5f8,0x0000000779400000)
  to   space 7168K, 0% used [0x0000000778600000,0x0000000778600000,0x0000000778d00000)
 ParOldGen       total 75264K, used 3565K [0x00000006c0000000, 0x00000006c4980000, 0x000000076ab00000)
  object space 75264K, 4% used [0x00000006c0000000,0x00000006c037b590,0x00000006c4980000)
 Metaspace       used 20238K, capacity 21066K, committed 21248K, reserved 1067008K
  class space    used 2813K, capacity 2987K, committed 3072K, reserved 1048576K
Event: 3.178 GC heap after
Heap after GC invocations=9 (full 1):
 PSYoungGen      total 230912K, used 0K [0x000000076ab00000, 0x0000000779400000, 0x00000007c0000000)
  eden space 224256K, 0% used [0x000000076ab00000,0x000000076ab00000,0x0000000778600000)
  from space 6656K, 0% used [0x0000000778d80000,0x0000000778d80000,0x0000000779400000)
  to   space 7168K, 0% used [0x0000000778600000,0x0000000778600000,0x0000000778d00000)
 ParOldGen       total 47104K, used 5782K [0x00000006c0000000, 0x00000006c2e00000, 0x000000076ab00000)
  object space 47104K, 12% used [0x00000006c0000000,0x00000006c05a58c0,0x00000006c2e00000)
 Metaspace       used 20238K, capacity 21066K, committed 21248K, reserved 1067008K
  class space    used 2813K, capacity 2987K, committed 3072K, reserved 1048576K
}
Event: 4.583 GC heap before
{Heap before GC invocations=10 (full 1):
 PSYoungGen      total 230912K, used 224256K [0x000000076ab00000, 0x0000000779400000, 0x00000007c0000000)
  eden space 224256K, 100% used [0x000000076ab00000,0x0000000778600000,0x0000000778600000)
  from space 6656K, 0% used [0x0000000778d80000,0x0000000778d80000,0x0000000779400000)
  to   space 7168K, 0% used [0x0000000778600000,0x0000000778600000,0x0000000778d00000)
 ParOldGen       total 47104K, used 5782K [0x00000006c0000000, 0x00000006c2e00000, 0x000000076ab00000)
  object space 47104K, 12% used [0x00000006c0000000,0x00000006c05a58c0,0x00000006c2e00000)
 Metaspace       used 30591K, capacity 31606K, committed 32000K, reserved 1077248K
  class space    used 4060K, capacity 4256K, committed 4352K, reserved 1048576K
Event: 4.594 GC heap after
Heap after GC invocations=10 (full 1):
 PSYoungGen      total 231424K, used 7149K [0x000000076ab00000, 0x000000077df80000, 0x00000007c0000000)
  eden space 224256K, 0% used [0x000000076ab00000,0x000000076ab00000,0x0000000778600000)
  from space 7168K, 99% used [0x0000000778600000,0x0000000778cfb728,0x0000000778d00000)
  to   space 9216K, 0% used [0x000000077d680000,0x000000077d680000,0x000000077df80000)
 ParOldGen       total 47104K, used 8107K [0x00000006c0000000, 0x00000006c2e00000, 0x000000076ab00000)
  object space 47104K, 17% used [0x00000006c0000000,0x00000006c07eaf48,0x00000006c2e00000)
 Metaspace       used 30591K, capacity 31606K, committed 32000K, reserved 1077248K
  class space    used 4060K, capacity 4256K, committed 4352K, reserved 1048576K
}
Event: 5.207 GC heap before
{Heap before GC invocations=11 (full 1):
 PSYoungGen      total 231424K, used 146535K [0x000000076ab00000, 0x000000077df80000, 0x00000007c0000000)
  eden space 224256K, 62% used [0x000000076ab00000,0x000000077331e7b8,0x0000000778600000)
  from space 7168K, 99% used [0x0000000778600000,0x0000000778cfb728,0x0000000778d00000)
  to   space 9216K, 0% used [0x000000077d680000,0x000000077d680000,0x000000077df80000)
 ParOldGen       total 47104K, used 8107K [0x00000006c0000000, 0x00000006c2e00000, 0x000000076ab00000)
  object space 47104K, 17% used [0x00000006c0000000,0x00000006c07eaf48,0x00000006c2e00000)
 Metaspace       used 34229K, capacity 35204K, committed 35416K, reserved 1079296K
  class space    used 4482K, capacity 4683K, committed 4736K, reserved 1048576K
Event: 5.214 GC heap after
Heap after GC invocations=11 (full 1):
 PSYoungGen      total 299520K, used 5021K [0x000000076ab00000, 0x000000077db80000, 0x00000007c0000000)
  eden space 294400K, 0% used [0x000000076ab00000,0x000000076ab00000,0x000000077ca80000)
  from space 5120K, 98% used [0x000000077d680000,0x000000077db67740,0x000000077db80000)
  to   space 8704K, 0% used [0x000000077ca80000,0x000000077ca80000,0x000000077d300000)
 ParOldGen       total 47104K, used 8115K [0x00000006c0000000, 0x00000006c2e00000, 0x000000076ab00000)
  object space 47104K, 17% used [0x00000006c0000000,0x00000006c07ecf48,0x00000006c2e00000)
 Metaspace       used 34229K, capacity 35204K, committed 35416K, reserved 1079296K
  class space    used 4482K, capacity 4683K, committed 4736K, reserved 1048576K
}
Event: 5.214 GC heap before
{Heap before GC invocations=12 (full 2):
 PSYoungGen      total 299520K, used 5021K [0x000000076ab00000, 0x000000077db80000, 0x00000007c0000000)
  eden space 294400K, 0% used [0x000000076ab00000,0x000000076ab00000,0x000000077ca80000)
  from space 5120K, 98% used [0x000000077d680000,0x000000077db67740,0x000000077db80000)
  to   space 8704K, 0% used [0x000000077ca80000,0x000000077ca80000,0x000000077d300000)
 ParOldGen       total 47104K, used 8115K [0x00000006c0000000, 0x00000006c2e00000, 0x000000076ab00000)
  object space 47104K, 17% used [0x00000006c0000000,0x00000006c07ecf48,0x00000006c2e00000)
 Metaspace       used 34229K, capacity 35204K, committed 35416K, reserved 1079296K
  class space    used 4482K, capacity 4683K, committed 4736K, reserved 1048576K
Event: 5.256 GC heap after
Heap after GC invocations=12 (full 2):
 PSYoungGen      total 299520K, used 0K [0x000000076ab00000, 0x000000077db80000, 0x00000007c0000000)
  eden space 294400K, 0% used [0x000000076ab00000,0x000000076ab00000,0x000000077ca80000)
  from space 5120K, 0% used [0x000000077d680000,0x000000077d680000,0x000000077db80000)
  to   space 8704K, 0% used [0x000000077ca80000,0x000000077ca80000,0x000000077d300000)
 ParOldGen       total 73216K, used 9359K [0x00000006c0000000, 0x00000006c4780000, 0x000000076ab00000)
  object space 73216K, 12% used [0x00000006c0000000,0x00000006c0923cf8,0x00000006c4780000)
 Metaspace       used 34229K, capacity 35204K, committed 35416K, reserved 1079296K
  class space    used 4482K, capacity 4683K, committed 4736K, reserved 1048576K
}

