# JRE version: OpenJDK Runtime Environment (8.0_372-b07) (build 1.8.0_372-b07)
# Java VM: OpenJDK 64-Bit Server VM (25.372-b07 mixed mode linux-amd64 compressed oops)
Heap:
 PSYoungGen      total 304128K, used 204412K [0x000000076ab00000, 0x000000077dd80000, 0x00000007c0000000)
  eden space 295424K, 69% used [0x000000076ab00000,0x000000077729f0f8,0x000000077cb80000)
  from space 8704K, 0% used [0x000000077d500000,0x000000077d500000,0x000000077dd80000)
  to   space 9216K, 0% used [0x000000077cb80000,0x000000077cb80000,0x000000077d480000)
 ParOldGen       total 76288K, used 9779K [0x00000006c0000000, 0x00000006c4a80000, 0x000000076ab00000)
  object space 76288K, 12% used [0x00000006c0000000,0x00000006c098cf08,0x00000006c4a80000)
 Metaspace       used 41637K, capacity 42804K, committed 43224K, reserved 1087488K
  class space    used 5310K, capacity 5554K, committed 5632K, reserved 1048576K
GC Heap History (10 events):
Event: 3.230 GC heap before
{Heap before GC invocations=8 (full 0):
 PSYoungGen      total 117760K, used 52032K [0x000000076ab00000, 0x0000000779500000, 0x00000007c0000000)
  eden space 112128K, 41% used [0x000000076ab00000,0x000000076d855e00,0x0000000771880000)
  from space 5632K, 99% used [0x0000000771880000,0x0000000771dfa3f0,0x0000000771e00000)
  to   space 7680K, 0% used [0x0000000778d80000,0x0000000778d80000,0x0000000779500000)
 ParOldGen       total 75264K, used 2906K [0x00000006c0000000, 0x00000006c4980000, 0x000000076ab00000)
  object space 75264K, 3% used [0x00000006c0000000,0x00000006c02d6bd0,0x00000006c4980000)
 Metaspace       used 20194K, capacity 21074K, committed 21248K, reserved 1067008K
  class space    used 2795K, capacity 2987K, committed 3072K, reserved 1048576K
Event: 3.237 GC heap after
Heap after GC invocations=8 (full 0):
 PSYoungGen      total 230912K, used 3654K [0x000000076ab00000, 0x0000000779400000, 0x00000007c0000000)
  eden space 224256K, 0% used [0x000000076ab00000,0x000000076ab00000,0x0000000778600000)
  from space 6656K, 54% used [0x0000000778d80000,0x0000000779111a00,0x0000000779400000)
  to   space 7168K, 0% used [0x0000000778600000,0x0000000778600000,0x0000000778d00000)
 ParOldGen       total 75264K, used 3346K [0x00000006c0000000, 0x00000006c4980000, 0x000000076ab00000)
  object space 75264K, 4% used [0x00000006c0000000,0x00000006c0344bd0,0x00000006c4980000)
 Metaspace       used 20194K, capacity 21074K, committed 21248K, reserved 1067008K
  class space    used 2795K, capacity 2987K, committed 3072K, reserved 1048576K
}
Event: 3.237 GC heap before
{Heap before GC invocations=9 (full 1):
 PSYoungGen      total 230912K, used 3654K [0x000000076ab00000, 0x0000000779400000, 0x00000007c0000000)
  eden space 224256K, 0% used [0x000000076ab00000,0x000000076ab00000,0x0000000778600000)
  from space 6656K, 54% used [0x0000000778d80000,0x0000000779111a00,0x0000000779400000)
  to   space 7168K, 0% used [0x0000000778600000,0x0000000778600000,0x0000000778d00000)
 ParOldGen       total 75264K, used 3346K [0x00000006c0000000, 0x00000006c4980000, 0x000000076ab00000)
  object space 75264K, 4% used [0x00000006c0000000,0x00000006c0344bd0,0x00000006c4980000)
 Metaspace       used 20194K, capacity 21074K, committed 21248K, reserved 1067008K
  class space    used 2795K, capacity 2987K, committed 3072K, reserved 1048576K
Event: 3.279 GC heap after
Heap after GC invocations=9 (full 1):
 PSYoungGen      total 230912K, used 0K [0x000000076ab00000, 0x0000000779400000, 0x00000007c0000000)
  eden space 224256K, 0% used [0x000000076ab00000,0x000000076ab00000,0x0000000778600000)
  from space 6656K, 0% used [0x0000000778d80000,0x0000000778d80000,0x0000000779400000)
  to   space 7168K, 0% used [0x0000000778600000,0x0000000778600000,0x0000000778d00000)
 ParOldGen       total 48128K, used 5791K [0x00000006c0000000, 0x00000006c2f00000, 0x000000076ab00000)
  object space 48128K, 12% used [0x00000006c0000000,0x00000006c05a7e68,0x00000006c2f00000)
 Metaspace       used 20194K, capacity 21074K, committed 21248K, reserved 1067008K
  class space    used 2795K, capacity 2987K, committed 3072K, reserved 1048576K
}
Event: 4.672 GC heap before
{Heap before GC invocations=10 (full 1):
 PSYoungGen      total 230912K, used 224256K [0x000000076ab00000, 0x0000000779400000, 0x00000007c0000000)
  eden space 224256K, 100% used [0x000000076ab00000,0x0000000778600000,0x0000000778600000)
  from space 6656K, 0% used [0x0000000778d80000,0x0000000778d80000,0x0000000779400000)
  to   space 7168K, 0% used [0x0000000778600000,0x0000000778600000,0x0000000778d00000)
 ParOldGen       total 48128K, used 5791K [0x00000006c0000000, 0x00000006c2f00000, 0x000000076ab00000)
  object space 48128K, 12% used [0x00000006c0000000,0x00000006c05a7e68,0x00000006c2f00000)
 Metaspace       used 30443K, capacity 31414K, committed 31744K, reserved 1077248K
  class space    used 4029K, capacity 4256K, committed 4352K, reserved 1048576K
Event: 4.685 GC heap after
Heap after GC invocations=10 (full 1):
 PSYoungGen      total 231424K, used 7159K [0x000000076ab00000, 0x000000077de00000, 0x00000007c0000000)
  eden space 224256K, 0% used [0x000000076ab00000,0x000000076ab00000,0x0000000778600000)
  from space 7168K, 99% used [0x0000000778600000,0x0000000778cfde90,0x0000000778d00000)
  to   space 9216K, 0% used [0x000000077d500000,0x000000077d500000,0x000000077de00000)
 ParOldGen       total 48128K, used 7894K [0x00000006c0000000, 0x00000006c2f00000, 0x000000076ab00000)
  object space 48128K, 16% used [0x00000006c0000000,0x00000006c07b5898,0x00000006c2f00000)
 Metaspace       used 30443K, capacity 31414K, committed 31744K, reserved 1077248K
  class space    used 4029K, capacity 4256K, committed 4352K, reserved 1048576K
}
Event: 5.329 GC heap before
{Heap before GC invocations=11 (full 1):
 PSYoungGen      total 231424K, used 141747K [0x000000076ab00000, 0x000000077de00000, 0x00000007c0000000)
  eden space 224256K, 60% used [0x000000076ab00000,0x0000000772e6ed70,0x0000000778600000)
  from space 7168K, 99% used [0x0000000778600000,0x0000000778cfde90,0x0000000778d00000)
  to   space 9216K, 0% used [0x000000077d500000,0x000000077d500000,0x000000077de00000)
 ParOldGen       total 48128K, used 7894K [0x00000006c0000000, 0x00000006c2f00000, 0x000000076ab00000)
  object space 48128K, 16% used [0x00000006c0000000,0x00000006c07b5898,0x00000006c2f00000)
 Metaspace       used 34199K, capacity 35204K, committed 35416K, reserved 1079296K
  class space    used 4476K, capacity 4683K, committed 4736K, reserved 1048576K
Event: 5.338 GC heap after
Heap after GC invocations=11 (full 1):
 PSYoungGen      total 304128K, used 5501K [0x000000076ab00000, 0x000000077dd80000, 0x00000007c0000000)
  eden space 295424K, 0% used [0x000000076ab00000,0x000000076ab00000,0x000000077cb80000)
  from space 8704K, 63% used [0x000000077d500000,0x000000077da5f6a8,0x000000077dd80000)
  to   space 9216K, 0% used [0x000000077cb80000,0x000000077cb80000,0x000000077d480000)
 ParOldGen       total 48128K, used 7902K [0x00000006c0000000, 0x00000006c2f00000, 0x000000076ab00000)
  object space 48128K, 16% used [0x00000006c0000000,0x00000006c07b7898,0x00000006c2f00000)
 Metaspace       used 34199K, capacity 35204K, committed 35416K, reserved 1079296K
  class space    used 4476K, capacity 4683K, committed 4736K, reserved 1048576K
}
Event: 5.338 GC heap before
{Heap before GC invocations=12 (full 2):
 PSYoungGen      total 304128K, used 5501K [0x000000076ab00000, 0x000000077dd80000, 0x00000007c0000000)
  eden space 295424K, 0% used [0x000000076ab00000,0x000000076ab00000,0x000000077cb80000)
  from space 8704K, 63% used [0x000000077d500000,0x000000077da5f6a8,0x000000077dd80000)
  to   space 9216K, 0% used [0x000000077cb80000,0x000000077cb80000,0x000000077d480000)
 ParOldGen       total 48128K, used 7902K [0x00000006c0000000, 0x00000006c2f00000, 0x000000076ab00000)
  object space 48128K, 16% used [0x00000006c0000000,0x00000006c07b7898,0x00000006c2f00000)
 Metaspace       used 34199K, capacity 35204K, committed 35416K, reserved 1079296K
  class space    used 4476K, capacity 4683K, committed 4736K, reserved 1048576K
Event: 5.392 GC heap after
Heap after GC invocations=12 (full 2):
 PSYoungGen      total 304128K, used 0K [0x000000076ab00000, 0x000000077dd80000, 0x00000007c0000000)
  eden space 295424K, 0% used [0x000000076ab00000,0x000000076ab00000,0x000000077cb80000)
  from space 8704K, 0% used [0x000000077d500000,0x000000077d500000,0x000000077dd80000)
  to   space 9216K, 0% used [0x000000077cb80000,0x000000077cb80000,0x000000077d480000)
 ParOldGen       total 76288K, used 9779K [0x00000006c0000000, 0x00000006c4a80000, 0x000000076ab00000)
  object space 76288K, 12% used [0x00000006c0000000,0x00000006c098cf08,0x00000006c4a80000)
 Metaspace       used 34199K, capacity 35204K, committed 35416K, reserved 1079296K
  class space    used 4476K, capacity 4683K, committed 4736K, reserved 1048576K
}

