# JRE version: OpenJDK Runtime Environment (8.0_372-b07) (build 1.8.0_372-b07)
# Java VM: OpenJDK 64-Bit Server VM (25.372-b07 mixed mode linux-amd64 compressed oops)
Heap:
 PSYoungGen      total 300032K, used 154542K [0x000000076ab00000, 0x000000077e080000, 0x00000007c0000000)
  eden space 294912K, 52% used [0x000000076ab00000,0x00000007741eb980,0x000000077cb00000)
  from space 5120K, 0% used [0x000000077db80000,0x000000077db80000,0x000000077e080000)
  to   space 8704K, 0% used [0x000000077cf80000,0x000000077cf80000,0x000000077d800000)
 ParOldGen       total 70144K, used 9568K [0x00000006c0000000, 0x00000006c4480000, 0x000000076ab00000)
  object space 70144K, 13% used [0x00000006c0000000,0x00000006c0958080,0x00000006c4480000)
 Metaspace       used 37833K, capacity 38909K, committed 39296K, reserved 1083392K
  class space    used 4743K, capacity 4988K, committed 4992K, reserved 1048576K
GC Heap History (10 events):
Event: 2.683 GC heap before
{Heap before GC invocations=8 (full 0):
 PSYoungGen      total 117248K, used 35589K [0x000000076ab00000, 0x0000000779400000, 0x00000007c0000000)
  eden space 112128K, 27% used [0x000000076ab00000,0x000000076c8c65f8,0x0000000771880000)
  from space 5120K, 99% used [0x0000000771880000,0x0000000771d7b148,0x0000000771d80000)
  to   space 7168K, 0% used [0x0000000778d00000,0x0000000778d00000,0x0000000779400000)
 ParOldGen       total 75264K, used 2951K [0x00000006c0000000, 0x00000006c4980000, 0x000000076ab00000)
  object space 75264K, 3% used [0x00000006c0000000,0x00000006c02e1e00,0x00000006c4980000)
 Metaspace       used 20297K, capacity 21206K, committed 21296K, reserved 1067008K
  class space    used 2711K, capacity 2906K, committed 2944K, reserved 1048576K
Event: 2.688 GC heap after
Heap after GC invocations=8 (full 0):
 PSYoungGen      total 231424K, used 2887K [0x000000076ab00000, 0x0000000779400000, 0x00000007c0000000)
  eden space 224256K, 0% used [0x000000076ab00000,0x000000076ab00000,0x0000000778600000)
  from space 7168K, 40% used [0x0000000778d00000,0x0000000778fd1f30,0x0000000779400000)
  to   space 7168K, 0% used [0x0000000778600000,0x0000000778600000,0x0000000778d00000)
 ParOldGen       total 75264K, used 3371K [0x00000006c0000000, 0x00000006c4980000, 0x000000076ab00000)
  object space 75264K, 4% used [0x00000006c0000000,0x00000006c034ae40,0x00000006c4980000)
 Metaspace       used 20297K, capacity 21206K, committed 21296K, reserved 1067008K
  class space    used 2711K, capacity 2906K, committed 2944K, reserved 1048576K
}
Event: 2.688 GC heap before
{Heap before GC invocations=9 (full 1):
 PSYoungGen      total 231424K, used 2887K [0x000000076ab00000, 0x0000000779400000, 0x00000007c0000000)
  eden space 224256K, 0% used [0x000000076ab00000,0x000000076ab00000,0x0000000778600000)
  from space 7168K, 40% used [0x0000000778d00000,0x0000000778fd1f30,0x0000000779400000)
  to   space 7168K, 0% used [0x0000000778600000,0x0000000778600000,0x0000000778d00000)
 ParOldGen       total 75264K, used 3371K [0x00000006c0000000, 0x00000006c4980000, 0x000000076ab00000)
  object space 75264K, 4% used [0x00000006c0000000,0x00000006c034ae40,0x00000006c4980000)
 Metaspace       used 20297K, capacity 21206K, committed 21296K, reserved 1067008K
  class space    used 2711K, capacity 2906K, committed 2944K, reserved 1048576K
Event: 2.724 GC heap after
Heap after GC invocations=9 (full 1):
 PSYoungGen      total 231424K, used 0K [0x000000076ab00000, 0x0000000779400000, 0x00000007c0000000)
  eden space 224256K, 0% used [0x000000076ab00000,0x000000076ab00000,0x0000000778600000)
  from space 7168K, 0% used [0x0000000778d00000,0x0000000778d00000,0x0000000779400000)
  to   space 7168K, 0% used [0x0000000778600000,0x0000000778600000,0x0000000778d00000)
 ParOldGen       total 45568K, used 5042K [0x00000006c0000000, 0x00000006c2c80000, 0x000000076ab00000)
  object space 45568K, 11% used [0x00000006c0000000,0x00000006c04ec8a8,0x00000006c2c80000)
 Metaspace       used 20297K, capacity 21206K, committed 21296K, reserved 1067008K
  class space    used 2711K, capacity 2906K, committed 2944K, reserved 1048576K
}
Event: 4.677 GC heap before
{Heap before GC invocations=10 (full 1):
 PSYoungGen      total 231424K, used 224256K [0x000000076ab00000, 0x0000000779400000, 0x00000007c0000000)
  eden space 224256K, 100% used [0x000000076ab00000,0x0000000778600000,0x0000000778600000)
  from space 7168K, 0% used [0x0000000778d00000,0x0000000778d00000,0x0000000779400000)
  to   space 7168K, 0% used [0x0000000778600000,0x0000000778600000,0x0000000778d00000)
 ParOldGen       total 45568K, used 5042K [0x00000006c0000000, 0x00000006c2c80000, 0x000000076ab00000)
  object space 45568K, 11% used [0x00000006c0000000,0x00000006c04ec8a8,0x00000006c2c80000)
 Metaspace       used 30314K, capacity 31247K, committed 31488K, reserved 1077248K
  class space    used 3894K, capacity 4083K, committed 4096K, reserved 1048576K
Event: 4.687 GC heap after
Heap after GC invocations=10 (full 1):
 PSYoungGen      total 231424K, used 7146K [0x000000076ab00000, 0x000000077e480000, 0x00000007c0000000)
  eden space 224256K, 0% used [0x000000076ab00000,0x000000076ab00000,0x0000000778600000)
  from space 7168K, 99% used [0x0000000778600000,0x0000000778cfab40,0x0000000778d00000)
  to   space 9216K, 0% used [0x000000077db80000,0x000000077db80000,0x000000077e480000)
 ParOldGen       total 45568K, used 7617K [0x00000006c0000000, 0x00000006c2c80000, 0x000000076ab00000)
  object space 45568K, 16% used [0x00000006c0000000,0x00000006c07705f8,0x00000006c2c80000)
 Metaspace       used 30314K, capacity 31247K, committed 31488K, reserved 1077248K
  class space    used 3894K, capacity 4083K, committed 4096K, reserved 1048576K
}
Event: 6.678 GC heap before
{Heap before GC invocations=11 (full 1):
 PSYoungGen      total 231424K, used 124595K [0x000000076ab00000, 0x000000077e480000, 0x00000007c0000000)
  eden space 224256K, 52% used [0x000000076ab00000,0x0000000771db2138,0x0000000778600000)
  from space 7168K, 99% used [0x0000000778600000,0x0000000778cfab40,0x0000000778d00000)
  to   space 9216K, 0% used [0x000000077db80000,0x000000077db80000,0x000000077e480000)
 ParOldGen       total 45568K, used 7617K [0x00000006c0000000, 0x00000006c2c80000, 0x000000076ab00000)
  object space 45568K, 16% used [0x00000006c0000000,0x00000006c07705f8,0x00000006c2c80000)
 Metaspace       used 34219K, capacity 35249K, committed 35456K, reserved 1079296K
  class space    used 4378K, capacity 4624K, committed 4736K, reserved 1048576K
Event: 6.685 GC heap after
Heap after GC invocations=11 (full 1):
 PSYoungGen      total 300032K, used 4947K [0x000000076ab00000, 0x000000077e080000, 0x00000007c0000000)
  eden space 294912K, 0% used [0x000000076ab00000,0x000000076ab00000,0x000000077cb00000)
  from space 5120K, 96% used [0x000000077db80000,0x000000077e054d00,0x000000077e080000)
  to   space 8704K, 0% used [0x000000077cf80000,0x000000077cf80000,0x000000077d800000)
 ParOldGen       total 45568K, used 7625K [0x00000006c0000000, 0x00000006c2c80000, 0x000000076ab00000)
  object space 45568K, 16% used [0x00000006c0000000,0x00000006c07725f8,0x00000006c2c80000)
 Metaspace       used 34219K, capacity 35249K, committed 35456K, reserved 1079296K
  class space    used 4378K, capacity 4624K, committed 4736K, reserved 1048576K
}
Event: 6.685 GC heap before
{Heap before GC invocations=12 (full 2):
 PSYoungGen      total 300032K, used 4947K [0x000000076ab00000, 0x000000077e080000, 0x00000007c0000000)
  eden space 294912K, 0% used [0x000000076ab00000,0x000000076ab00000,0x000000077cb00000)
  from space 5120K, 96% used [0x000000077db80000,0x000000077e054d00,0x000000077e080000)
  to   space 8704K, 0% used [0x000000077cf80000,0x000000077cf80000,0x000000077d800000)
 ParOldGen       total 45568K, used 7625K [0x00000006c0000000, 0x00000006c2c80000, 0x000000076ab00000)
  object space 45568K, 16% used [0x00000006c0000000,0x00000006c07725f8,0x00000006c2c80000)
 Metaspace       used 34219K, capacity 35249K, committed 35456K, reserved 1079296K
  class space    used 4378K, capacity 4624K, committed 4736K, reserved 1048576K
Event: 6.746 GC heap after
Heap after GC invocations=12 (full 2):
 PSYoungGen      total 300032K, used 0K [0x000000076ab00000, 0x000000077e080000, 0x00000007c0000000)
  eden space 294912K, 0% used [0x000000076ab00000,0x000000076ab00000,0x000000077cb00000)
  from space 5120K, 0% used [0x000000077db80000,0x000000077db80000,0x000000077e080000)
  to   space 8704K, 0% used [0x000000077cf80000,0x000000077cf80000,0x000000077d800000)
 ParOldGen       total 70144K, used 9568K [0x00000006c0000000, 0x00000006c4480000, 0x000000076ab00000)
  object space 70144K, 13% used [0x00000006c0000000,0x00000006c0958080,0x00000006c4480000)
 Metaspace       used 34215K, capacity 35243K, committed 35456K, reserved 1079296K
  class space    used 4377K, capacity 4623K, committed 4736K, reserved 1048576K
}

