# JRE version: OpenJDK Runtime Environment (8.0_372-b07) (build 1.8.0_372-b07)
# Java VM: OpenJDK 64-Bit Server VM (25.372-b07 mixed mode linux-amd64 compressed oops)
Heap:
 PSYoungGen      total 308224K, used 157779K [0x000000076ab00000, 0x000000077e780000, 0x00000007c0000000)
  eden space 303104K, 52% used [0x000000076ab00000,0x0000000774514ef8,0x000000077d300000)
  from space 5120K, 0% used [0x000000077e280000,0x000000077e280000,0x000000077e780000)
  to   space 8704K, 0% used [0x000000077d680000,0x000000077d680000,0x000000077df00000)
 ParOldGen       total 67072K, used 9600K [0x00000006c0000000, 0x00000006c4180000, 0x000000076ab00000)
  object space 67072K, 14% used [0x00000006c0000000,0x00000006c0960130,0x00000006c4180000)
 Metaspace       used 37922K, capacity 38993K, committed 39296K, reserved 1083392K
  class space    used 4740K, capacity 4988K, committed 4992K, reserved 1048576K
GC Heap History (10 events):
Event: 2.917 GC heap before
{Heap before GC invocations=8 (full 0):
 PSYoungGen      total 117248K, used 39696K [0x000000076ab00000, 0x0000000779400000, 0x00000007c0000000)
  eden space 112128K, 30% used [0x000000076ab00000,0x000000076ccc4db8,0x0000000771880000)
  from space 5120K, 99% used [0x0000000771880000,0x0000000771d7f270,0x0000000771d80000)
  to   space 7168K, 0% used [0x0000000778d00000,0x0000000778d00000,0x0000000779400000)
 ParOldGen       total 75264K, used 2766K [0x00000006c0000000, 0x00000006c4980000, 0x000000076ab00000)
  object space 75264K, 3% used [0x00000006c0000000,0x00000006c02b3948,0x00000006c4980000)
 Metaspace       used 20314K, capacity 21226K, committed 21296K, reserved 1067008K
  class space    used 2704K, capacity 2906K, committed 2944K, reserved 1048576K
Event: 2.923 GC heap after
Heap after GC invocations=8 (full 0):
 PSYoungGen      total 231424K, used 2955K [0x000000076ab00000, 0x0000000779400000, 0x00000007c0000000)
  eden space 224256K, 0% used [0x000000076ab00000,0x000000076ab00000,0x0000000778600000)
  from space 7168K, 41% used [0x0000000778d00000,0x0000000778fe2e78,0x0000000779400000)
  to   space 7168K, 0% used [0x0000000778600000,0x0000000778600000,0x0000000778d00000)
 ParOldGen       total 75264K, used 3202K [0x00000006c0000000, 0x00000006c4980000, 0x000000076ab00000)
  object space 75264K, 4% used [0x00000006c0000000,0x00000006c0320988,0x00000006c4980000)
 Metaspace       used 20314K, capacity 21226K, committed 21296K, reserved 1067008K
  class space    used 2704K, capacity 2906K, committed 2944K, reserved 1048576K
}
Event: 2.923 GC heap before
{Heap before GC invocations=9 (full 1):
 PSYoungGen      total 231424K, used 2955K [0x000000076ab00000, 0x0000000779400000, 0x00000007c0000000)
  eden space 224256K, 0% used [0x000000076ab00000,0x000000076ab00000,0x0000000778600000)
  from space 7168K, 41% used [0x0000000778d00000,0x0000000778fe2e78,0x0000000779400000)
  to   space 7168K, 0% used [0x0000000778600000,0x0000000778600000,0x0000000778d00000)
 ParOldGen       total 75264K, used 3202K [0x00000006c0000000, 0x00000006c4980000, 0x000000076ab00000)
  object space 75264K, 4% used [0x00000006c0000000,0x00000006c0320988,0x00000006c4980000)
 Metaspace       used 20314K, capacity 21226K, committed 21296K, reserved 1067008K
  class space    used 2704K, capacity 2906K, committed 2944K, reserved 1048576K
Event: 2.953 GC heap after
Heap after GC invocations=9 (full 1):
 PSYoungGen      total 231424K, used 0K [0x000000076ab00000, 0x0000000779400000, 0x00000007c0000000)
  eden space 224256K, 0% used [0x000000076ab00000,0x000000076ab00000,0x0000000778600000)
  from space 7168K, 0% used [0x0000000778d00000,0x0000000778d00000,0x0000000779400000)
  to   space 7168K, 0% used [0x0000000778600000,0x0000000778600000,0x0000000778d00000)
 ParOldGen       total 44032K, used 5119K [0x00000006c0000000, 0x00000006c2b00000, 0x000000076ab00000)
  object space 44032K, 11% used [0x00000006c0000000,0x00000006c04ffcb8,0x00000006c2b00000)
 Metaspace       used 20314K, capacity 21226K, committed 21296K, reserved 1067008K
  class space    used 2704K, capacity 2906K, committed 2944K, reserved 1048576K
}
Event: 4.901 GC heap before
{Heap before GC invocations=10 (full 1):
 PSYoungGen      total 231424K, used 224256K [0x000000076ab00000, 0x0000000779400000, 0x00000007c0000000)
  eden space 224256K, 100% used [0x000000076ab00000,0x0000000778600000,0x0000000778600000)
  from space 7168K, 0% used [0x0000000778d00000,0x0000000778d00000,0x0000000779400000)
  to   space 7168K, 0% used [0x0000000778600000,0x0000000778600000,0x0000000778d00000)
 ParOldGen       total 44032K, used 5119K [0x00000006c0000000, 0x00000006c2b00000, 0x000000076ab00000)
  object space 44032K, 11% used [0x00000006c0000000,0x00000006c04ffcb8,0x00000006c2b00000)
 Metaspace       used 30102K, capacity 31075K, committed 31488K, reserved 1077248K
  class space    used 3860K, capacity 4083K, committed 4096K, reserved 1048576K
Event: 4.912 GC heap after
Heap after GC invocations=10 (full 1):
 PSYoungGen      total 231424K, used 7147K [0x000000076ab00000, 0x000000077eb80000, 0x00000007c0000000)
  eden space 224256K, 0% used [0x000000076ab00000,0x000000076ab00000,0x0000000778600000)
  from space 7168K, 99% used [0x0000000778600000,0x0000000778cfaee0,0x0000000778d00000)
  to   space 9216K, 0% used [0x000000077e280000,0x000000077e280000,0x000000077eb80000)
 ParOldGen       total 44032K, used 7685K [0x00000006c0000000, 0x00000006c2b00000, 0x000000076ab00000)
  object space 44032K, 17% used [0x00000006c0000000,0x00000006c0781780,0x00000006c2b00000)
 Metaspace       used 30102K, capacity 31075K, committed 31488K, reserved 1077248K
  class space    used 3860K, capacity 4083K, committed 4096K, reserved 1048576K
}
Event: 6.388 GC heap before
{Heap before GC invocations=11 (full 1):
 PSYoungGen      total 231424K, used 119766K [0x000000076ab00000, 0x000000077eb80000, 0x00000007c0000000)
  eden space 224256K, 50% used [0x000000076ab00000,0x00000007718faad8,0x0000000778600000)
  from space 7168K, 99% used [0x0000000778600000,0x0000000778cfaee0,0x0000000778d00000)
  to   space 9216K, 0% used [0x000000077e280000,0x000000077e280000,0x000000077eb80000)
 ParOldGen       total 44032K, used 7685K [0x00000006c0000000, 0x00000006c2b00000, 0x000000076ab00000)
  object space 44032K, 17% used [0x00000006c0000000,0x00000006c0781780,0x00000006c2b00000)
 Metaspace       used 34236K, capacity 35259K, committed 35496K, reserved 1081344K
  class space    used 4356K, capacity 4585K, committed 4608K, reserved 1048576K
Event: 6.395 GC heap after
Heap after GC invocations=11 (full 1):
 PSYoungGen      total 308224K, used 5000K [0x000000076ab00000, 0x000000077e780000, 0x00000007c0000000)
  eden space 303104K, 0% used [0x000000076ab00000,0x000000076ab00000,0x000000077d300000)
  from space 5120K, 97% used [0x000000077e280000,0x000000077e762148,0x000000077e780000)
  to   space 8704K, 0% used [0x000000077d680000,0x000000077d680000,0x000000077df00000)
 ParOldGen       total 44032K, used 7693K [0x00000006c0000000, 0x00000006c2b00000, 0x000000076ab00000)
  object space 44032K, 17% used [0x00000006c0000000,0x00000006c0783780,0x00000006c2b00000)
 Metaspace       used 34236K, capacity 35259K, committed 35496K, reserved 1081344K
  class space    used 4356K, capacity 4585K, committed 4608K, reserved 1048576K
}
Event: 6.395 GC heap before
{Heap before GC invocations=12 (full 2):
 PSYoungGen      total 308224K, used 5000K [0x000000076ab00000, 0x000000077e780000, 0x00000007c0000000)
  eden space 303104K, 0% used [0x000000076ab00000,0x000000076ab00000,0x000000077d300000)
  from space 5120K, 97% used [0x000000077e280000,0x000000077e762148,0x000000077e780000)
  to   space 8704K, 0% used [0x000000077d680000,0x000000077d680000,0x000000077df00000)
 ParOldGen       total 44032K, used 7693K [0x00000006c0000000, 0x00000006c2b00000, 0x000000076ab00000)
  object space 44032K, 17% used [0x00000006c0000000,0x00000006c0783780,0x00000006c2b00000)
 Metaspace       used 34236K, capacity 35259K, committed 35496K, reserved 1081344K
  class space    used 4356K, capacity 4585K, committed 4608K, reserved 1048576K
Event: 6.451 GC heap after
Heap after GC invocations=12 (full 2):
 PSYoungGen      total 308224K, used 0K [0x000000076ab00000, 0x000000077e780000, 0x00000007c0000000)
  eden space 303104K, 0% used [0x000000076ab00000,0x000000076ab00000,0x000000077d300000)
  from space 5120K, 0% used [0x000000077e280000,0x000000077e280000,0x000000077e780000)
  to   space 8704K, 0% used [0x000000077d680000,0x000000077d680000,0x000000077df00000)
 ParOldGen       total 67072K, used 9600K [0x00000006c0000000, 0x00000006c4180000, 0x000000076ab00000)
  object space 67072K, 14% used [0x00000006c0000000,0x00000006c0960130,0x00000006c4180000)
 Metaspace       used 34233K, capacity 35253K, committed 35496K, reserved 1081344K
  class space    used 4355K, capacity 4584K, committed 4608K, reserved 1048576K
}

