# JRE version: OpenJDK Runtime Environment (8.0_372-b07) (build 1.8.0_372-b07)
# Java VM: OpenJDK 64-Bit Server VM (25.372-b07 mixed mode linux-amd64 compressed oops)
Heap:
 PSYoungGen      total 314368K, used 155367K [0x000000076ab00000, 0x000000077ed80000, 0x00000007c0000000)
  eden space 309248K, 50% used [0x000000076ab00000,0x00000007742b9de8,0x000000077d900000)
  from space 5120K, 0% used [0x000000077e880000,0x000000077e880000,0x000000077ed80000)
  to   space 8704K, 0% used [0x000000077dc80000,0x000000077dc80000,0x000000077e500000)
 ParOldGen       total 62464K, used 9541K [0x00000006c0000000, 0x00000006c3d00000, 0x000000076ab00000)
  object space 62464K, 15% used [0x00000006c0000000,0x00000006c0951628,0x00000006c3d00000)
 Metaspace       used 37880K, capacity 38993K, committed 39296K, reserved 1083392K
  class space    used 4741K, capacity 4988K, committed 4992K, reserved 1048576K
GC Heap History (10 events):
Event: 2.879 GC heap before
{Heap before GC invocations=8 (full 0):
 PSYoungGen      total 117760K, used 35855K [0x000000076ab00000, 0x0000000779500000, 0x00000007c0000000)
  eden space 112128K, 26% used [0x000000076ab00000,0x000000076c8842a8,0x0000000771880000)
  from space 5632K, 99% used [0x0000000771880000,0x0000000771dffbb8,0x0000000771e00000)
  to   space 7680K, 0% used [0x0000000778d80000,0x0000000778d80000,0x0000000779500000)
 ParOldGen       total 75264K, used 2298K [0x00000006c0000000, 0x00000006c4980000, 0x000000076ab00000)
  object space 75264K, 3% used [0x00000006c0000000,0x00000006c023e980,0x00000006c4980000)
 Metaspace       used 20378K, capacity 21250K, committed 21296K, reserved 1067008K
  class space    used 2722K, capacity 2938K, committed 2944K, reserved 1048576K
Event: 2.888 GC heap after
Heap after GC invocations=8 (full 0):
 PSYoungGen      total 230912K, used 2890K [0x000000076ab00000, 0x0000000779400000, 0x00000007c0000000)
  eden space 224256K, 0% used [0x000000076ab00000,0x000000076ab00000,0x0000000778600000)
  from space 6656K, 43% used [0x0000000778d80000,0x0000000779052bf0,0x0000000779400000)
  to   space 7168K, 0% used [0x0000000778600000,0x0000000778600000,0x0000000778d00000)
 ParOldGen       total 75264K, used 2714K [0x00000006c0000000, 0x00000006c4980000, 0x000000076ab00000)
  object space 75264K, 3% used [0x00000006c0000000,0x00000006c02a6980,0x00000006c4980000)
 Metaspace       used 20378K, capacity 21250K, committed 21296K, reserved 1067008K
  class space    used 2722K, capacity 2938K, committed 2944K, reserved 1048576K
}
Event: 2.888 GC heap before
{Heap before GC invocations=9 (full 1):
 PSYoungGen      total 230912K, used 2890K [0x000000076ab00000, 0x0000000779400000, 0x00000007c0000000)
  eden space 224256K, 0% used [0x000000076ab00000,0x000000076ab00000,0x0000000778600000)
  from space 6656K, 43% used [0x0000000778d80000,0x0000000779052bf0,0x0000000779400000)
  to   space 7168K, 0% used [0x0000000778600000,0x0000000778600000,0x0000000778d00000)
 ParOldGen       total 75264K, used 2714K [0x00000006c0000000, 0x00000006c4980000, 0x000000076ab00000)
  object space 75264K, 3% used [0x00000006c0000000,0x00000006c02a6980,0x00000006c4980000)
 Metaspace       used 20378K, capacity 21250K, committed 21296K, reserved 1067008K
  class space    used 2722K, capacity 2938K, committed 2944K, reserved 1048576K
Event: 2.922 GC heap after
Heap after GC invocations=9 (full 1):
 PSYoungGen      total 230912K, used 0K [0x000000076ab00000, 0x0000000779400000, 0x00000007c0000000)
  eden space 224256K, 0% used [0x000000076ab00000,0x000000076ab00000,0x0000000778600000)
  from space 6656K, 0% used [0x0000000778d80000,0x0000000778d80000,0x0000000779400000)
  to   space 7168K, 0% used [0x0000000778600000,0x0000000778600000,0x0000000778d00000)
 ParOldGen       total 42496K, used 5049K [0x00000006c0000000, 0x00000006c2980000, 0x000000076ab00000)
  object space 42496K, 11% used [0x00000006c0000000,0x00000006c04ee650,0x00000006c2980000)
 Metaspace       used 20378K, capacity 21250K, committed 21296K, reserved 1067008K
  class space    used 2722K, capacity 2938K, committed 2944K, reserved 1048576K
}
Event: 4.769 GC heap before
{Heap before GC invocations=10 (full 1):
 PSYoungGen      total 230912K, used 224256K [0x000000076ab00000, 0x0000000779400000, 0x00000007c0000000)
  eden space 224256K, 100% used [0x000000076ab00000,0x0000000778600000,0x0000000778600000)
  from space 6656K, 0% used [0x0000000778d80000,0x0000000778d80000,0x0000000779400000)
  to   space 7168K, 0% used [0x0000000778600000,0x0000000778600000,0x0000000778d00000)
 ParOldGen       total 42496K, used 5049K [0x00000006c0000000, 0x00000006c2980000, 0x000000076ab00000)
  object space 42496K, 11% used [0x00000006c0000000,0x00000006c04ee650,0x00000006c2980000)
 Metaspace       used 30037K, capacity 31003K, committed 31232K, reserved 1077248K
  class space    used 3863K, capacity 4083K, committed 4096K, reserved 1048576K
Event: 4.783 GC heap after
Heap after GC invocations=10 (full 1):
 PSYoungGen      total 231424K, used 7157K [0x000000076ab00000, 0x000000077f180000, 0x00000007c0000000)
  eden space 224256K, 0% used [0x000000076ab00000,0x000000076ab00000,0x0000000778600000)
  from space 7168K, 99% used [0x0000000778600000,0x0000000778cfd610,0x0000000778d00000)
  to   space 9216K, 0% used [0x000000077e880000,0x000000077e880000,0x000000077f180000)
 ParOldGen       total 42496K, used 7528K [0x00000006c0000000, 0x00000006c2980000, 0x000000076ab00000)
  object space 42496K, 17% used [0x00000006c0000000,0x00000006c075a3e0,0x00000006c2980000)
 Metaspace       used 30037K, capacity 31003K, committed 31232K, reserved 1077248K
  class space    used 3863K, capacity 4083K, committed 4096K, reserved 1048576K
}
Event: 6.665 GC heap before
{Heap before GC invocations=11 (full 1):
 PSYoungGen      total 231424K, used 124314K [0x000000076ab00000, 0x000000077f180000, 0x00000007c0000000)
  eden space 224256K, 52% used [0x000000076ab00000,0x0000000771d695a8,0x0000000778600000)
  from space 7168K, 99% used [0x0000000778600000,0x0000000778cfd610,0x0000000778d00000)
  to   space 9216K, 0% used [0x000000077e880000,0x000000077e880000,0x000000077f180000)
 ParOldGen       total 42496K, used 7528K [0x00000006c0000000, 0x00000006c2980000, 0x000000076ab00000)
  object space 42496K, 17% used [0x00000006c0000000,0x00000006c075a3e0,0x00000006c2980000)
 Metaspace       used 34170K, capacity 35259K, committed 35496K, reserved 1081344K
  class space    used 4358K, capacity 4585K, committed 4608K, reserved 1048576K
Event: 6.674 GC heap after
Heap after GC invocations=11 (full 1):
 PSYoungGen      total 314368K, used 4952K [0x000000076ab00000, 0x000000077ed80000, 0x00000007c0000000)
  eden space 309248K, 0% used [0x000000076ab00000,0x000000076ab00000,0x000000077d900000)
  from space 5120K, 96% used [0x000000077e880000,0x000000077ed560f8,0x000000077ed80000)
  to   space 8704K, 0% used [0x000000077dc80000,0x000000077dc80000,0x000000077e500000)
 ParOldGen       total 42496K, used 7536K [0x00000006c0000000, 0x00000006c2980000, 0x000000076ab00000)
  object space 42496K, 17% used [0x00000006c0000000,0x00000006c075c3e0,0x00000006c2980000)
 Metaspace       used 34170K, capacity 35259K, committed 35496K, reserved 1081344K
  class space    used 4358K, capacity 4585K, committed 4608K, reserved 1048576K
}
Event: 6.674 GC heap before
{Heap before GC invocations=12 (full 2):
 PSYoungGen      total 314368K, used 4952K [0x000000076ab00000, 0x000000077ed80000, 0x00000007c0000000)
  eden space 309248K, 0% used [0x000000076ab00000,0x000000076ab00000,0x000000077d900000)
  from space 5120K, 96% used [0x000000077e880000,0x000000077ed560f8,0x000000077ed80000)
  to   space 8704K, 0% used [0x000000077dc80000,0x000000077dc80000,0x000000077e500000)
 ParOldGen       total 42496K, used 7536K [0x00000006c0000000, 0x00000006c2980000, 0x000000076ab00000)
  object space 42496K, 17% used [0x00000006c0000000,0x00000006c075c3e0,0x00000006c2980000)
 Metaspace       used 34170K, capacity 35259K, committed 35496K, reserved 1081344K
  class space    used 4358K, capacity 4585K, committed 4608K, reserved 1048576K
Event: 6.725 GC heap after
Heap after GC invocations=12 (full 2):
 PSYoungGen      total 314368K, used 0K [0x000000076ab00000, 0x000000077ed80000, 0x00000007c0000000)
  eden space 309248K, 0% used [0x000000076ab00000,0x000000076ab00000,0x000000077d900000)
  from space 5120K, 0% used [0x000000077e880000,0x000000077e880000,0x000000077ed80000)
  to   space 8704K, 0% used [0x000000077dc80000,0x000000077dc80000,0x000000077e500000)
 ParOldGen       total 62464K, used 9541K [0x00000006c0000000, 0x00000006c3d00000, 0x000000076ab00000)
  object space 62464K, 15% used [0x00000006c0000000,0x00000006c0951628,0x00000006c3d00000)
 Metaspace       used 34166K, capacity 35253K, committed 35496K, reserved 1081344K
  class space    used 4357K, capacity 4584K, committed 4608K, reserved 1048576K
}

