# JRE version: OpenJDK Runtime Environment (8.0_372-b07) (build 1.8.0_372-b07)
# Java VM: OpenJDK 64-Bit Server VM (25.372-b07 mixed mode linux-amd64 compressed oops)
Heap:
 PSYoungGen      total 350208K, used 190968K [0x000000076ab00000, 0x0000000780e00000, 0x00000007c0000000)
  eden space 338944K, 56% used [0x000000076ab00000,0x000000077657e370,0x000000077f600000)
  from space 11264K, 0% used [0x0000000780080000,0x0000000780080000,0x0000000780b80000)
  to   space 10752K, 0% used [0x000000077f600000,0x000000077f600000,0x0000000780080000)
 ParOldGen       total 76800K, used 8805K [0x00000006c0000000, 0x00000006c4b00000, 0x000000076ab00000)
  object space 76800K, 11% used [0x00000006c0000000,0x00000006c0899458,0x00000006c4b00000)
 Metaspace       used 41187K, capacity 42316K, committed 42712K, reserved 1087488K
  class space    used 5259K, capacity 5508K, committed 5632K, reserved 1048576K
GC Heap History (10 events):
Event: 3.198 GC heap before
{Heap before GC invocations=6 (full 0):
 PSYoungGen      total 117248K, used 115582K [0x000000076ab00000, 0x0000000779600000, 0x00000007c0000000)
  eden space 112640K, 98% used [0x000000076ab00000,0x0000000771765450,0x0000000771900000)
  from space 4608K, 99% used [0x0000000771900000,0x0000000771d7a6f8,0x0000000771d80000)
  to   space 7680K, 0% used [0x0000000778e80000,0x0000000778e80000,0x0000000779600000)
 ParOldGen       total 75264K, used 3579K [0x00000006c0000000, 0x00000006c4980000, 0x000000076ab00000)
  object space 75264K, 4% used [0x00000006c0000000,0x00000006c037ee98,0x00000006c4980000)
 Metaspace       used 20271K, capacity 21086K, committed 21248K, reserved 1067008K
  class space    used 2821K, capacity 3005K, committed 3072K, reserved 1048576K
Event: 3.208 GC heap after
Heap after GC invocations=6 (full 0):
 PSYoungGen      total 231936K, used 7195K [0x000000076ab00000, 0x0000000779800000, 0x00000007c0000000)
  eden space 224256K, 0% used [0x000000076ab00000,0x000000076ab00000,0x0000000778600000)
  from space 7680K, 93% used [0x0000000778e80000,0x0000000779586e80,0x0000000779600000)
  to   space 8704K, 0% used [0x0000000778600000,0x0000000778600000,0x0000000778e80000)
 ParOldGen       total 75264K, used 3587K [0x00000006c0000000, 0x00000006c4980000, 0x000000076ab00000)
  object space 75264K, 4% used [0x00000006c0000000,0x00000006c0380e98,0x00000006c4980000)
 Metaspace       used 20271K, capacity 21086K, committed 21248K, reserved 1067008K
  class space    used 2821K, capacity 3005K, committed 3072K, reserved 1048576K
}
Event: 3.208 GC heap before
{Heap before GC invocations=7 (full 1):
 PSYoungGen      total 231936K, used 7195K [0x000000076ab00000, 0x0000000779800000, 0x00000007c0000000)
  eden space 224256K, 0% used [0x000000076ab00000,0x000000076ab00000,0x0000000778600000)
  from space 7680K, 93% used [0x0000000778e80000,0x0000000779586e80,0x0000000779600000)
  to   space 8704K, 0% used [0x0000000778600000,0x0000000778600000,0x0000000778e80000)
 ParOldGen       total 75264K, used 3587K [0x00000006c0000000, 0x00000006c4980000, 0x000000076ab00000)
  object space 75264K, 4% used [0x00000006c0000000,0x00000006c0380e98,0x00000006c4980000)
 Metaspace       used 20271K, capacity 21086K, committed 21248K, reserved 1067008K
  class space    used 2821K, capacity 3005K, committed 3072K, reserved 1048576K
Event: 3.255 GC heap after
Heap after GC invocations=7 (full 1):
 PSYoungGen      total 231936K, used 0K [0x000000076ab00000, 0x0000000779800000, 0x00000007c0000000)
  eden space 224256K, 0% used [0x000000076ab00000,0x000000076ab00000,0x0000000778600000)
  from space 7680K, 0% used [0x0000000778e80000,0x0000000778e80000,0x0000000779600000)
  to   space 8704K, 0% used [0x0000000778600000,0x0000000778600000,0x0000000778e80000)
 ParOldGen       total 50688K, used 7462K [0x00000006c0000000, 0x00000006c3180000, 0x000000076ab00000)
  object space 50688K, 14% used [0x00000006c0000000,0x00000006c07499f8,0x00000006c3180000)
 Metaspace       used 20271K, capacity 21086K, committed 21248K, reserved 1067008K
  class space    used 2821K, capacity 3005K, committed 3072K, reserved 1048576K
}
Event: 4.683 GC heap before
{Heap before GC invocations=8 (full 1):
 PSYoungGen      total 231936K, used 224256K [0x000000076ab00000, 0x0000000779800000, 0x00000007c0000000)
  eden space 224256K, 100% used [0x000000076ab00000,0x0000000778600000,0x0000000778600000)
  from space 7680K, 0% used [0x0000000778e80000,0x0000000778e80000,0x0000000779600000)
  to   space 8704K, 0% used [0x0000000778600000,0x0000000778600000,0x0000000778e80000)
 ParOldGen       total 50688K, used 7462K [0x00000006c0000000, 0x00000006c3180000, 0x000000076ab00000)
  object space 50688K, 14% used [0x00000006c0000000,0x00000006c07499f8,0x00000006c3180000)
 Metaspace       used 30873K, capacity 31872K, committed 32256K, reserved 1077248K
  class space    used 4101K, capacity 4311K, committed 4352K, reserved 1048576K
Event: 4.694 GC heap after
Heap after GC invocations=8 (full 1):
 PSYoungGen      total 232960K, used 8692K [0x000000076ab00000, 0x0000000780b80000, 0x00000007c0000000)
  eden space 224256K, 0% used [0x000000076ab00000,0x000000076ab00000,0x0000000778600000)
  from space 8704K, 99% used [0x0000000778600000,0x0000000778e7d0c8,0x0000000778e80000)
  to   space 11264K, 0% used [0x0000000780080000,0x0000000780080000,0x0000000780b80000)
 ParOldGen       total 50688K, used 8864K [0x00000006c0000000, 0x00000006c3180000, 0x000000076ab00000)
  object space 50688K, 17% used [0x00000006c0000000,0x00000006c08a81d0,0x00000006c3180000)
 Metaspace       used 30873K, capacity 31872K, committed 32256K, reserved 1077248K
  class space    used 4101K, capacity 4311K, committed 4352K, reserved 1048576K
}
Event: 5.242 GC heap before
{Heap before GC invocations=9 (full 1):
 PSYoungGen      total 232960K, used 143481K [0x000000076ab00000, 0x0000000780b80000, 0x00000007c0000000)
  eden space 224256K, 60% used [0x000000076ab00000,0x0000000772ea13a8,0x0000000778600000)
  from space 8704K, 99% used [0x0000000778600000,0x0000000778e7d0c8,0x0000000778e80000)
  to   space 11264K, 0% used [0x0000000780080000,0x0000000780080000,0x0000000780b80000)
 ParOldGen       total 50688K, used 8864K [0x00000006c0000000, 0x00000006c3180000, 0x000000076ab00000)
  object space 50688K, 17% used [0x00000006c0000000,0x00000006c08a81d0,0x00000006c3180000)
 Metaspace       used 34207K, capacity 35220K, committed 35416K, reserved 1079296K
  class space    used 4478K, capacity 4701K, committed 4736K, reserved 1048576K
Event: 5.252 GC heap after
Heap after GC invocations=9 (full 1):
 PSYoungGen      total 350208K, used 4593K [0x000000076ab00000, 0x0000000780e00000, 0x00000007c0000000)
  eden space 338944K, 0% used [0x000000076ab00000,0x000000076ab00000,0x000000077f600000)
  from space 11264K, 40% used [0x0000000780080000,0x00000007804fc540,0x0000000780b80000)
  to   space 10752K, 0% used [0x000000077f600000,0x000000077f600000,0x0000000780080000)
 ParOldGen       total 50688K, used 8872K [0x00000006c0000000, 0x00000006c3180000, 0x000000076ab00000)
  object space 50688K, 17% used [0x00000006c0000000,0x00000006c08aa1d0,0x00000006c3180000)
 Metaspace       used 34207K, capacity 35220K, committed 35416K, reserved 1079296K
  class space    used 4478K, capacity 4701K, committed 4736K, reserved 1048576K
}
Event: 5.253 GC heap before
{Heap before GC invocations=10 (full 2):
 PSYoungGen      total 350208K, used 4593K [0x000000076ab00000, 0x0000000780e00000, 0x00000007c0000000)
  eden space 338944K, 0% used [0x000000076ab00000,0x000000076ab00000,0x000000077f600000)
  from space 11264K, 40% used [0x0000000780080000,0x00000007804fc540,0x0000000780b80000)
  to   space 10752K, 0% used [0x000000077f600000,0x000000077f600000,0x0000000780080000)
 ParOldGen       total 50688K, used 8872K [0x00000006c0000000, 0x00000006c3180000, 0x000000076ab00000)
  object space 50688K, 17% used [0x00000006c0000000,0x00000006c08aa1d0,0x00000006c3180000)
 Metaspace       used 34207K, capacity 35220K, committed 35416K, reserved 1079296K
  class space    used 4478K, capacity 4701K, committed 4736K, reserved 1048576K
Event: 5.321 GC heap after
Heap after GC invocations=10 (full 2):
 PSYoungGen      total 350208K, used 0K [0x000000076ab00000, 0x0000000780e00000, 0x00000007c0000000)
  eden space 338944K, 0% used [0x000000076ab00000,0x000000076ab00000,0x000000077f600000)
  from space 11264K, 0% used [0x0000000780080000,0x0000000780080000,0x0000000780b80000)
  to   space 10752K, 0% used [0x000000077f600000,0x000000077f600000,0x0000000780080000)
 ParOldGen       total 76800K, used 8805K [0x00000006c0000000, 0x00000006c4b00000, 0x000000076ab00000)
  object space 76800K, 11% used [0x00000006c0000000,0x00000006c0899458,0x00000006c4b00000)
 Metaspace       used 34207K, capacity 35220K, committed 35416K, reserved 1079296K
  class space    used 4478K, capacity 4701K, committed 4736K, reserved 1048576K
}

