# JRE version: OpenJDK Runtime Environment (8.0_372-b07) (build 1.8.0_372-b07)
# Java VM: OpenJDK 64-Bit Server VM (25.372-b07 mixed mode linux-amd64 compressed oops)
Heap:
 PSYoungGen      total 299008K, used 156006K [0x000000076ab00000, 0x000000077df00000, 0x00000007c0000000)
  eden space 293888K, 53% used [0x000000076ab00000,0x0000000774359818,0x000000077ca00000)
  from space 5120K, 0% used [0x000000077da00000,0x000000077da00000,0x000000077df00000)
  to   space 8704K, 0% used [0x000000077ce00000,0x000000077ce00000,0x000000077d680000)
 ParOldGen       total 69120K, used 9670K [0x00000006c0000000, 0x00000006c4380000, 0x000000076ab00000)
  object space 69120K, 13% used [0x00000006c0000000,0x00000006c0971b60,0x00000006c4380000)
 Metaspace       used 37956K, capacity 39063K, committed 39296K, reserved 1083392K
  class space    used 4753K, capacity 4989K, committed 4992K, reserved 1048576K
GC Heap History (10 events):
Event: 2.752 GC heap before
{Heap before GC invocations=8 (full 0):
 PSYoungGen      total 117248K, used 37544K [0x000000076ab00000, 0x0000000779400000, 0x00000007c0000000)
  eden space 112128K, 28% used [0x000000076ab00000,0x000000076caac900,0x0000000771880000)
  from space 5120K, 99% used [0x0000000771880000,0x0000000771d7dab0,0x0000000771d80000)
  to   space 7168K, 0% used [0x0000000778d00000,0x0000000778d00000,0x0000000779400000)
 ParOldGen       total 75264K, used 2954K [0x00000006c0000000, 0x00000006c4980000, 0x000000076ab00000)
  object space 75264K, 3% used [0x00000006c0000000,0x00000006c02e2b08,0x00000006c4980000)
 Metaspace       used 20354K, capacity 21264K, committed 21296K, reserved 1067008K
  class space    used 2720K, capacity 2939K, committed 2944K, reserved 1048576K
Event: 2.760 GC heap after
Heap after GC invocations=8 (full 0):
 PSYoungGen      total 231424K, used 2927K [0x000000076ab00000, 0x0000000779400000, 0x00000007c0000000)
  eden space 224256K, 0% used [0x000000076ab00000,0x000000076ab00000,0x0000000778600000)
  from space 7168K, 40% used [0x0000000778d00000,0x0000000778fdbc40,0x0000000779400000)
  to   space 7168K, 0% used [0x0000000778600000,0x0000000778600000,0x0000000778d00000)
 ParOldGen       total 75264K, used 3406K [0x00000006c0000000, 0x00000006c4980000, 0x000000076ab00000)
  object space 75264K, 4% used [0x00000006c0000000,0x00000006c0353b48,0x00000006c4980000)
 Metaspace       used 20354K, capacity 21264K, committed 21296K, reserved 1067008K
  class space    used 2720K, capacity 2939K, committed 2944K, reserved 1048576K
}
Event: 2.760 GC heap before
{Heap before GC invocations=9 (full 1):
 PSYoungGen      total 231424K, used 2927K [0x000000076ab00000, 0x0000000779400000, 0x00000007c0000000)
  eden space 224256K, 0% used [0x000000076ab00000,0x000000076ab00000,0x0000000778600000)
  from space 7168K, 40% used [0x0000000778d00000,0x0000000778fdbc40,0x0000000779400000)
  to   space 7168K, 0% used [0x0000000778600000,0x0000000778600000,0x0000000778d00000)
 ParOldGen       total 75264K, used 3406K [0x00000006c0000000, 0x00000006c4980000, 0x000000076ab00000)
  object space 75264K, 4% used [0x00000006c0000000,0x00000006c0353b48,0x00000006c4980000)
 Metaspace       used 20354K, capacity 21264K, committed 21296K, reserved 1067008K
  class space    used 2720K, capacity 2939K, committed 2944K, reserved 1048576K
Event: 2.810 GC heap after
Heap after GC invocations=9 (full 1):
 PSYoungGen      total 231424K, used 0K [0x000000076ab00000, 0x0000000779400000, 0x00000007c0000000)
  eden space 224256K, 0% used [0x000000076ab00000,0x000000076ab00000,0x0000000778600000)
  from space 7168K, 0% used [0x0000000778d00000,0x0000000778d00000,0x0000000779400000)
  to   space 7168K, 0% used [0x0000000778600000,0x0000000778600000,0x0000000778d00000)
 ParOldGen       total 45568K, used 5230K [0x00000006c0000000, 0x00000006c2c80000, 0x000000076ab00000)
  object space 45568K, 11% used [0x00000006c0000000,0x00000006c051bbf8,0x00000006c2c80000)
 Metaspace       used 20354K, capacity 21264K, committed 21296K, reserved 1067008K
  class space    used 2720K, capacity 2939K, committed 2944K, reserved 1048576K
}
Event: 4.569 GC heap before
{Heap before GC invocations=10 (full 1):
 PSYoungGen      total 231424K, used 224256K [0x000000076ab00000, 0x0000000779400000, 0x00000007c0000000)
  eden space 224256K, 100% used [0x000000076ab00000,0x0000000778600000,0x0000000778600000)
  from space 7168K, 0% used [0x0000000778d00000,0x0000000778d00000,0x0000000779400000)
  to   space 7168K, 0% used [0x0000000778600000,0x0000000778600000,0x0000000778d00000)
 ParOldGen       total 45568K, used 5230K [0x00000006c0000000, 0x00000006c2c80000, 0x000000076ab00000)
  object space 45568K, 11% used [0x00000006c0000000,0x00000006c051bbf8,0x00000006c2c80000)
 Metaspace       used 30064K, capacity 31081K, committed 31232K, reserved 1077248K
  class space    used 3866K, capacity 4084K, committed 4096K, reserved 1048576K
Event: 4.580 GC heap after
Heap after GC invocations=10 (full 1):
 PSYoungGen      total 231424K, used 7162K [0x000000076ab00000, 0x000000077e300000, 0x00000007c0000000)
  eden space 224256K, 0% used [0x000000076ab00000,0x000000076ab00000,0x0000000778600000)
  from space 7168K, 99% used [0x0000000778600000,0x0000000778cfeb48,0x0000000778d00000)
  to   space 9216K, 0% used [0x000000077da00000,0x000000077da00000,0x000000077e300000)
 ParOldGen       total 45568K, used 7748K [0x00000006c0000000, 0x00000006c2c80000, 0x000000076ab00000)
  object space 45568K, 17% used [0x00000006c0000000,0x00000006c0791170,0x00000006c2c80000)
 Metaspace       used 30064K, capacity 31081K, committed 31232K, reserved 1077248K
  class space    used 3866K, capacity 4084K, committed 4096K, reserved 1048576K
}
Event: 6.709 GC heap before
{Heap before GC invocations=11 (full 1):
 PSYoungGen      total 231424K, used 120239K [0x000000076ab00000, 0x000000077e300000, 0x00000007c0000000)
  eden space 224256K, 50% used [0x000000076ab00000,0x000000077196d250,0x0000000778600000)
  from space 7168K, 99% used [0x0000000778600000,0x0000000778cfeb48,0x0000000778d00000)
  to   space 9216K, 0% used [0x000000077da00000,0x000000077da00000,0x000000077e300000)
 ParOldGen       total 45568K, used 7748K [0x00000006c0000000, 0x00000006c2c80000, 0x000000076ab00000)
  object space 45568K, 17% used [0x00000006c0000000,0x00000006c0791170,0x00000006c2c80000)
 Metaspace       used 34220K, capacity 35265K, committed 35496K, reserved 1081344K
  class space    used 4361K, capacity 4586K, committed 4608K, reserved 1048576K
Event: 6.721 GC heap after
Heap after GC invocations=11 (full 1):
 PSYoungGen      total 299008K, used 4869K [0x000000076ab00000, 0x000000077df00000, 0x00000007c0000000)
  eden space 293888K, 0% used [0x000000076ab00000,0x000000076ab00000,0x000000077ca00000)
  from space 5120K, 95% used [0x000000077da00000,0x000000077dec1460,0x000000077df00000)
  to   space 8704K, 0% used [0x000000077ce00000,0x000000077ce00000,0x000000077d680000)
 ParOldGen       total 45568K, used 7756K [0x00000006c0000000, 0x00000006c2c80000, 0x000000076ab00000)
  object space 45568K, 17% used [0x00000006c0000000,0x00000006c0793170,0x00000006c2c80000)
 Metaspace       used 34220K, capacity 35265K, committed 35496K, reserved 1081344K
  class space    used 4361K, capacity 4586K, committed 4608K, reserved 1048576K
}
Event: 6.721 GC heap before
{Heap before GC invocations=12 (full 2):
 PSYoungGen      total 299008K, used 4869K [0x000000076ab00000, 0x000000077df00000, 0x00000007c0000000)
  eden space 293888K, 0% used [0x000000076ab00000,0x000000076ab00000,0x000000077ca00000)
  from space 5120K, 95% used [0x000000077da00000,0x000000077dec1460,0x000000077df00000)
  to   space 8704K, 0% used [0x000000077ce00000,0x000000077ce00000,0x000000077d680000)
 ParOldGen       total 45568K, used 7756K [0x00000006c0000000, 0x00000006c2c80000, 0x000000076ab00000)
  object space 45568K, 17% used [0x00000006c0000000,0x00000006c0793170,0x00000006c2c80000)
 Metaspace       used 34220K, capacity 35265K, committed 35496K, reserved 1081344K
  class space    used 4361K, capacity 4586K, committed 4608K, reserved 1048576K
Event: 6.781 GC heap after
Heap after GC invocations=12 (full 2):
 PSYoungGen      total 299008K, used 0K [0x000000076ab00000, 0x000000077df00000, 0x00000007c0000000)
  eden space 293888K, 0% used [0x000000076ab00000,0x000000076ab00000,0x000000077ca00000)
  from space 5120K, 0% used [0x000000077da00000,0x000000077da00000,0x000000077df00000)
  to   space 8704K, 0% used [0x000000077ce00000,0x000000077ce00000,0x000000077d680000)
 ParOldGen       total 69120K, used 9670K [0x00000006c0000000, 0x00000006c4380000, 0x000000076ab00000)
  object space 69120K, 13% used [0x00000006c0000000,0x00000006c0971b60,0x00000006c4380000)
 Metaspace       used 34216K, capacity 35259K, committed 35496K, reserved 1081344K
  class space    used 4361K, capacity 4585K, committed 4608K, reserved 1048576K
}

