# JRE version: OpenJDK Runtime Environment (8.0_372-b07) (build 1.8.0_372-b07)
# Java VM: OpenJDK 64-Bit Server VM (25.372-b07 mixed mode linux-amd64 compressed oops)
Heap:
 PSYoungGen      total 230400K, used 37053K [0x000000076ab00000, 0x000000077cd00000, 0x00000007c0000000)
  eden space 221696K, 16% used [0x000000076ab00000,0x000000076cf2f7f0,0x0000000778380000)
  from space 8704K, 0% used [0x0000000778c00000,0x0000000778c00000,0x0000000779480000)
  to   space 8704K, 0% used [0x0000000778380000,0x0000000778380000,0x0000000778c00000)
 ParOldGen       total 74752K, used 11097K [0x00000006c0000000, 0x00000006c4900000, 0x000000076ab00000)
  object space 74752K, 14% used [0x00000006c0000000,0x00000006c0ad66a0,0x00000006c4900000)
 Metaspace       used 34325K, capacity 35821K, committed 36096K, reserved 1081344K
  class space    used 4509K, capacity 4800K, committed 4864K, reserved 1048576K
GC Heap History (10 events):
Event: 2.559 GC heap before
{Heap before GC invocations=8 (full 1):
 PSYoungGen      total 118272K, used 6827K [0x000000076ab00000, 0x0000000779400000, 0x00000007c0000000)
  eden space 110592K, 0% used [0x000000076ab00000,0x000000076ab00000,0x0000000771700000)
  from space 7680K, 88% used [0x0000000771700000,0x0000000771daadb8,0x0000000771e80000)
  to   space 8704K, 0% used [0x0000000778b80000,0x0000000778b80000,0x0000000779400000)
 ParOldGen       total 75264K, used 5413K [0x00000006c0000000, 0x00000006c4980000, 0x000000076ab00000)
  object space 75264K, 7% used [0x00000006c0000000,0x00000006c05495b8,0x00000006c4980000)
 Metaspace       used 19961K, capacity 21136K, committed 21296K, reserved 1067008K
  class space    used 2616K, capacity 2880K, committed 2944K, reserved 1048576K
Event: 2.598 GC heap after
Heap after GC invocations=8 (full 1):
 PSYoungGen      total 118272K, used 0K [0x000000076ab00000, 0x0000000779400000, 0x00000007c0000000)
  eden space 110592K, 0% used [0x000000076ab00000,0x000000076ab00000,0x0000000771700000)
  from space 7680K, 0% used [0x0000000771700000,0x0000000771700000,0x0000000771e80000)
  to   space 8704K, 0% used [0x0000000778b80000,0x0000000778b80000,0x0000000779400000)
 ParOldGen       total 51712K, used 8691K [0x00000006c0000000, 0x00000006c3280000, 0x000000076ab00000)
  object space 51712K, 16% used [0x00000006c0000000,0x00000006c087ceb8,0x00000006c3280000)
 Metaspace       used 19961K, capacity 21136K, committed 21296K, reserved 1067008K
  class space    used 2616K, capacity 2880K, committed 2944K, reserved 1048576K
}
Event: 3.627 GC heap before
{Heap before GC invocations=9 (full 1):
 PSYoungGen      total 118272K, used 110592K [0x000000076ab00000, 0x0000000779400000, 0x00000007c0000000)
  eden space 110592K, 100% used [0x000000076ab00000,0x0000000771700000,0x0000000771700000)
  from space 7680K, 0% used [0x0000000771700000,0x0000000771700000,0x0000000771e80000)
  to   space 8704K, 0% used [0x0000000778b80000,0x0000000778b80000,0x0000000779400000)
 ParOldGen       total 51712K, used 8691K [0x00000006c0000000, 0x00000006c3280000, 0x000000076ab00000)
  object space 51712K, 16% used [0x00000006c0000000,0x00000006c087ceb8,0x00000006c3280000)
 Metaspace       used 24082K, capacity 25270K, committed 25600K, reserved 1071104K
  class space    used 3244K, capacity 3479K, committed 3584K, reserved 1048576K
Event: 3.633 GC heap after
Heap after GC invocations=9 (full 1):
 PSYoungGen      total 173056K, used 3726K [0x000000076ab00000, 0x0000000778f80000, 0x00000007c0000000)
  eden space 168960K, 0% used [0x000000076ab00000,0x000000076ab00000,0x0000000775000000)
  from space 4096K, 90% used [0x0000000778b80000,0x0000000778f23950,0x0000000778f80000)
  to   space 8192K, 0% used [0x0000000777f80000,0x0000000777f80000,0x0000000778780000)
 ParOldGen       total 51712K, used 8699K [0x00000006c0000000, 0x00000006c3280000, 0x000000076ab00000)
  object space 51712K, 16% used [0x00000006c0000000,0x00000006c087eeb8,0x00000006c3280000)
 Metaspace       used 24082K, capacity 25270K, committed 25600K, reserved 1071104K
  class space    used 3244K, capacity 3479K, committed 3584K, reserved 1048576K
}
Event: 4.829 GC heap before
{Heap before GC invocations=10 (full 1):
 PSYoungGen      total 173056K, used 172686K [0x000000076ab00000, 0x0000000778f80000, 0x00000007c0000000)
  eden space 168960K, 100% used [0x000000076ab00000,0x0000000775000000,0x0000000775000000)
  from space 4096K, 90% used [0x0000000778b80000,0x0000000778f23950,0x0000000778f80000)
  to   space 8192K, 0% used [0x0000000777f80000,0x0000000777f80000,0x0000000778780000)
 ParOldGen       total 51712K, used 8699K [0x00000006c0000000, 0x00000006c3280000, 0x000000076ab00000)
  object space 51712K, 16% used [0x00000006c0000000,0x00000006c087eeb8,0x00000006c3280000)
 Metaspace       used 31080K, capacity 32363K, committed 32768K, reserved 1077248K
  class space    used 4039K, capacity 4307K, committed 4352K, reserved 1048576K
Event: 4.847 GC heap after
Heap after GC invocations=10 (full 1):
 PSYoungGen      total 225792K, used 6743K [0x000000076ab00000, 0x0000000779480000, 0x00000007c0000000)
  eden space 217600K, 0% used [0x000000076ab00000,0x000000076ab00000,0x0000000777f80000)
  from space 8192K, 82% used [0x0000000777f80000,0x0000000778615c28,0x0000000778780000)
  to   space 8704K, 0% used [0x0000000778c00000,0x0000000778c00000,0x0000000779480000)
 ParOldGen       total 51712K, used 8707K [0x00000006c0000000, 0x00000006c3280000, 0x000000076ab00000)
  object space 51712K, 16% used [0x00000006c0000000,0x00000006c0880eb8,0x00000006c3280000)
 Metaspace       used 31080K, capacity 32363K, committed 32768K, reserved 1077248K
  class space    used 4039K, capacity 4307K, committed 4352K, reserved 1048576K
}
Event: 6.121 GC heap before
{Heap before GC invocations=11 (full 1):
 PSYoungGen      total 225792K, used 129027K [0x000000076ab00000, 0x0000000779480000, 0x00000007c0000000)
  eden space 217600K, 56% used [0x000000076ab00000,0x000000077226b228,0x0000000777f80000)
  from space 8192K, 82% used [0x0000000777f80000,0x0000000778615c28,0x0000000778780000)
  to   space 8704K, 0% used [0x0000000778c00000,0x0000000778c00000,0x0000000779480000)
 ParOldGen       total 51712K, used 8707K [0x00000006c0000000, 0x00000006c3280000, 0x000000076ab00000)
  object space 51712K, 16% used [0x00000006c0000000,0x00000006c0880eb8,0x00000006c3280000)
 Metaspace       used 33955K, capacity 35375K, committed 35456K, reserved 1079296K
  class space    used 4445K, capacity 4735K, committed 4736K, reserved 1048576K
Event: 6.128 GC heap after
Heap after GC invocations=11 (full 1):
 PSYoungGen      total 230400K, used 4907K [0x000000076ab00000, 0x000000077cd00000, 0x00000007c0000000)
  eden space 221696K, 0% used [0x000000076ab00000,0x000000076ab00000,0x0000000778380000)
  from space 8704K, 56% used [0x0000000778c00000,0x00000007790cac30,0x0000000779480000)
  to   space 8704K, 0% used [0x0000000778380000,0x0000000778380000,0x0000000778c00000)
 ParOldGen       total 51712K, used 8715K [0x00000006c0000000, 0x00000006c3280000, 0x000000076ab00000)
  object space 51712K, 16% used [0x00000006c0000000,0x00000006c0882eb8,0x00000006c3280000)
 Metaspace       used 33955K, capacity 35375K, committed 35456K, reserved 1079296K
  class space    used 4445K, capacity 4735K, committed 4736K, reserved 1048576K
}
Event: 6.128 GC heap before
{Heap before GC invocations=12 (full 2):
 PSYoungGen      total 230400K, used 4907K [0x000000076ab00000, 0x000000077cd00000, 0x00000007c0000000)
  eden space 221696K, 0% used [0x000000076ab00000,0x000000076ab00000,0x0000000778380000)
  from space 8704K, 56% used [0x0000000778c00000,0x00000007790cac30,0x0000000779480000)
  to   space 8704K, 0% used [0x0000000778380000,0x0000000778380000,0x0000000778c00000)
 ParOldGen       total 51712K, used 8715K [0x00000006c0000000, 0x00000006c3280000, 0x000000076ab00000)
  object space 51712K, 16% used [0x00000006c0000000,0x00000006c0882eb8,0x00000006c3280000)
 Metaspace       used 33955K, capacity 35375K, committed 35456K, reserved 1079296K
  class space    used 4445K, capacity 4735K, committed 4736K, reserved 1048576K
Event: 6.175 GC heap after
Heap after GC invocations=12 (full 2):
 PSYoungGen      total 230400K, used 0K [0x000000076ab00000, 0x000000077cd00000, 0x00000007c0000000)
  eden space 221696K, 0% used [0x000000076ab00000,0x000000076ab00000,0x0000000778380000)
  from space 8704K, 0% used [0x0000000778c00000,0x0000000778c00000,0x0000000779480000)
  to   space 8704K, 0% used [0x0000000778380000,0x0000000778380000,0x0000000778c00000)
 ParOldGen       total 74752K, used 11097K [0x00000006c0000000, 0x00000006c4900000, 0x000000076ab00000)
  object space 74752K, 14% used [0x00000006c0000000,0x00000006c0ad66a0,0x00000006c4900000)
 Metaspace       used 33936K, capacity 35345K, committed 35456K, reserved 1079296K
  class space    used 4443K, capacity 4730K, committed 4736K, reserved 1048576K
}

