# JRE version: OpenJDK Runtime Environment (8.0_372-b07) (build 1.8.0_372-b07)
# Java VM: OpenJDK 64-Bit Server VM (25.372-b07 mixed mode linux-amd64 compressed oops)
Heap:
 PSYoungGen      total 315904K, used 237197K [0x000000076ab00000, 0x000000077eb80000, 0x00000007c0000000)
  eden space 307712K, 77% used [0x000000076ab00000,0x00000007792a3600,0x000000077d780000)
  from space 8192K, 0% used [0x000000077e380000,0x000000077e380000,0x000000077eb80000)
  to   space 9728K, 0% used [0x000000077d880000,0x000000077d880000,0x000000077e200000)
 ParOldGen       total 73216K, used 14301K [0x00000006c0000000, 0x00000006c4780000, 0x000000076ab00000)
  object space 73216K, 19% used [0x00000006c0000000,0x00000006c0df7730,0x00000006c4780000)
 Metaspace       used 42016K, capacity 43562K, committed 43904K, reserved 1087488K
  class space    used 5411K, capacity 5697K, committed 5760K, reserved 1048576K
GC Heap History (10 events):
Event: 2.832 GC heap before
{Heap before GC invocations=8 (full 0):
 PSYoungGen      total 118784K, used 26827K [0x000000076ab00000, 0x0000000779500000, 0x00000007c0000000)
  eden space 111104K, 17% used [0x000000076ab00000,0x000000076be28228,0x0000000771780000)
  from space 7680K, 93% used [0x0000000771780000,0x0000000771e8aa50,0x0000000771f00000)
  to   space 8704K, 0% used [0x0000000778c80000,0x0000000778c80000,0x0000000779500000)
 ParOldGen       total 75264K, used 4650K [0x00000006c0000000, 0x00000006c4980000, 0x000000076ab00000)
  object space 75264K, 6% used [0x00000006c0000000,0x00000006c048aa18,0x00000006c4980000)
 Metaspace       used 19753K, capacity 20966K, committed 21248K, reserved 1067008K
  class space    used 2703K, capacity 2963K, committed 3072K, reserved 1048576K
Event: 2.838 GC heap after
Heap after GC invocations=8 (full 0):
 PSYoungGen      total 229888K, used 4721K [0x000000076ab00000, 0x0000000779400000, 0x00000007c0000000)
  eden space 222208K, 0% used [0x000000076ab00000,0x000000076ab00000,0x0000000778400000)
  from space 7680K, 61% used [0x0000000778c80000,0x000000077911c748,0x0000000779400000)
  to   space 8192K, 0% used [0x0000000778400000,0x0000000778400000,0x0000000778c00000)
 ParOldGen       total 75264K, used 5082K [0x00000006c0000000, 0x00000006c4980000, 0x000000076ab00000)
  object space 75264K, 6% used [0x00000006c0000000,0x00000006c04f6a18,0x00000006c4980000)
 Metaspace       used 19753K, capacity 20966K, committed 21248K, reserved 1067008K
  class space    used 2703K, capacity 2963K, committed 3072K, reserved 1048576K
}
Event: 2.838 GC heap before
{Heap before GC invocations=9 (full 1):
 PSYoungGen      total 229888K, used 4721K [0x000000076ab00000, 0x0000000779400000, 0x00000007c0000000)
  eden space 222208K, 0% used [0x000000076ab00000,0x000000076ab00000,0x0000000778400000)
  from space 7680K, 61% used [0x0000000778c80000,0x000000077911c748,0x0000000779400000)
  to   space 8192K, 0% used [0x0000000778400000,0x0000000778400000,0x0000000778c00000)
 ParOldGen       total 75264K, used 5082K [0x00000006c0000000, 0x00000006c4980000, 0x000000076ab00000)
  object space 75264K, 6% used [0x00000006c0000000,0x00000006c04f6a18,0x00000006c4980000)
 Metaspace       used 19753K, capacity 20966K, committed 21248K, reserved 1067008K
  class space    used 2703K, capacity 2963K, committed 3072K, reserved 1048576K
Event: 2.876 GC heap after
Heap after GC invocations=9 (full 1):
 PSYoungGen      total 229888K, used 0K [0x000000076ab00000, 0x0000000779400000, 0x00000007c0000000)
  eden space 222208K, 0% used [0x000000076ab00000,0x000000076ab00000,0x0000000778400000)
  from space 7680K, 0% used [0x0000000778c80000,0x0000000778c80000,0x0000000779400000)
  to   space 8192K, 0% used [0x0000000778400000,0x0000000778400000,0x0000000778c00000)
 ParOldGen       total 46080K, used 7726K [0x00000006c0000000, 0x00000006c2d00000, 0x000000076ab00000)
  object space 46080K, 16% used [0x00000006c0000000,0x00000006c078b878,0x00000006c2d00000)
 Metaspace       used 19753K, capacity 20966K, committed 21248K, reserved 1067008K
  class space    used 2703K, capacity 2963K, committed 3072K, reserved 1048576K
}
Event: 4.297 GC heap before
{Heap before GC invocations=10 (full 1):
 PSYoungGen      total 229888K, used 222208K [0x000000076ab00000, 0x0000000779400000, 0x00000007c0000000)
  eden space 222208K, 100% used [0x000000076ab00000,0x0000000778400000,0x0000000778400000)
  from space 7680K, 0% used [0x0000000778c80000,0x0000000778c80000,0x0000000779400000)
  to   space 8192K, 0% used [0x0000000778400000,0x0000000778400000,0x0000000778c00000)
 ParOldGen       total 46080K, used 7726K [0x00000006c0000000, 0x00000006c2d00000, 0x000000076ab00000)
  object space 46080K, 16% used [0x00000006c0000000,0x00000006c078b878,0x00000006c2d00000)
 Metaspace       used 27862K, capacity 29248K, committed 29696K, reserved 1075200K
  class space    used 3789K, capacity 4047K, committed 4096K, reserved 1048576K
Event: 4.309 GC heap after
Heap after GC invocations=10 (full 1):
 PSYoungGen      total 230400K, used 7106K [0x000000076ab00000, 0x000000077ec00000, 0x00000007c0000000)
  eden space 222208K, 0% used [0x000000076ab00000,0x000000076ab00000,0x0000000778400000)
  from space 8192K, 86% used [0x0000000778400000,0x0000000778af09b8,0x0000000778c00000)
  to   space 8704K, 0% used [0x000000077e380000,0x000000077e380000,0x000000077ec00000)
 ParOldGen       total 46080K, used 7726K [0x00000006c0000000, 0x00000006c2d00000, 0x000000076ab00000)
  object space 46080K, 16% used [0x00000006c0000000,0x00000006c078b878,0x00000006c2d00000)
 Metaspace       used 27862K, capacity 29248K, committed 29696K, reserved 1075200K
  class space    used 3789K, capacity 4047K, committed 4096K, reserved 1048576K
}
Event: 4.990 GC heap before
{Heap before GC invocations=11 (full 1):
 PSYoungGen      total 230400K, used 153409K [0x000000076ab00000, 0x000000077ec00000, 0x00000007c0000000)
  eden space 222208K, 65% used [0x000000076ab00000,0x00000007739dfd38,0x0000000778400000)
  from space 8192K, 86% used [0x0000000778400000,0x0000000778af09b8,0x0000000778c00000)
  to   space 8704K, 0% used [0x000000077e380000,0x000000077e380000,0x000000077ec00000)
 ParOldGen       total 46080K, used 7726K [0x00000006c0000000, 0x00000006c2d00000, 0x000000076ab00000)
  object space 46080K, 16% used [0x00000006c0000000,0x00000006c078b878,0x00000006c2d00000)
 Metaspace       used 33787K, capacity 35164K, committed 35416K, reserved 1079296K
  class space    used 4508K, capacity 4797K, committed 4864K, reserved 1048576K
Event: 5.000 GC heap after
Heap after GC invocations=11 (full 1):
 PSYoungGen      total 315904K, used 8042K [0x000000076ab00000, 0x000000077eb80000, 0x00000007c0000000)
  eden space 307712K, 0% used [0x000000076ab00000,0x000000076ab00000,0x000000077d780000)
  from space 8192K, 98% used [0x000000077e380000,0x000000077eb5ab90,0x000000077eb80000)
  to   space 9728K, 0% used [0x000000077d880000,0x000000077d880000,0x000000077e200000)
 ParOldGen       total 46080K, used 7734K [0x00000006c0000000, 0x00000006c2d00000, 0x000000076ab00000)
  object space 46080K, 16% used [0x00000006c0000000,0x00000006c078d878,0x00000006c2d00000)
 Metaspace       used 33787K, capacity 35164K, committed 35416K, reserved 1079296K
  class space    used 4508K, capacity 4797K, committed 4864K, reserved 1048576K
}
Event: 5.000 GC heap before
{Heap before GC invocations=12 (full 2):
 PSYoungGen      total 315904K, used 8042K [0x000000076ab00000, 0x000000077eb80000, 0x00000007c0000000)
  eden space 307712K, 0% used [0x000000076ab00000,0x000000076ab00000,0x000000077d780000)
  from space 8192K, 98% used [0x000000077e380000,0x000000077eb5ab90,0x000000077eb80000)
  to   space 9728K, 0% used [0x000000077d880000,0x000000077d880000,0x000000077e200000)
 ParOldGen       total 46080K, used 7734K [0x00000006c0000000, 0x00000006c2d00000, 0x000000076ab00000)
  object space 46080K, 16% used [0x00000006c0000000,0x00000006c078d878,0x00000006c2d00000)
 Metaspace       used 33787K, capacity 35164K, committed 35416K, reserved 1079296K
  class space    used 4508K, capacity 4797K, committed 4864K, reserved 1048576K
Event: 5.103 GC heap after
Heap after GC invocations=12 (full 2):
 PSYoungGen      total 315904K, used 0K [0x000000076ab00000, 0x000000077eb80000, 0x00000007c0000000)
  eden space 307712K, 0% used [0x000000076ab00000,0x000000076ab00000,0x000000077d780000)
  from space 8192K, 0% used [0x000000077e380000,0x000000077e380000,0x000000077eb80000)
  to   space 9728K, 0% used [0x000000077d880000,0x000000077d880000,0x000000077e200000)
 ParOldGen       total 73216K, used 14301K [0x00000006c0000000, 0x00000006c4780000, 0x000000076ab00000)
  object space 73216K, 19% used [0x00000006c0000000,0x00000006c0df7730,0x00000006c4780000)
 Metaspace       used 33787K, capacity 35164K, committed 35416K, reserved 1079296K
  class space    used 4508K, capacity 4797K, committed 4864K, reserved 1048576K
}

