# JRE version: OpenJDK Runtime Environment (8.0_372-b07) (build 1.8.0_372-b07)
# Java VM: OpenJDK 64-Bit Server VM (25.372-b07 mixed mode linux-amd64 compressed oops)
Heap:
 PSYoungGen      total 321536K, used 154795K [0x000000076ab00000, 0x000000077f280000, 0x00000007c0000000)
  eden space 316416K, 48% used [0x000000076ab00000,0x000000077422ac50,0x000000077e000000)
  from space 5120K, 0% used [0x000000077ed80000,0x000000077ed80000,0x000000077f280000)
  to   space 8704K, 0% used [0x000000077e180000,0x000000077e180000,0x000000077ea00000)
 ParOldGen       total 62464K, used 9540K [0x00000006c0000000, 0x00000006c3d00000, 0x000000076ab00000)
  object space 62464K, 15% used [0x00000006c0000000,0x00000006c09512b0,0x00000006c3d00000)
 Metaspace       used 37819K, capacity 38917K, committed 39296K, reserved 1083392K
  class space    used 4739K, capacity 4988K, committed 4992K, reserved 1048576K
GC Heap History (10 events):
Event: 2.707 GC heap before
{Heap before GC invocations=8 (full 0):
 PSYoungGen      total 117760K, used 35988K [0x000000076ab00000, 0x0000000779500000, 0x00000007c0000000)
  eden space 112128K, 27% used [0x000000076ab00000,0x000000076c8ab038,0x0000000771880000)
  from space 5632K, 99% used [0x0000000771880000,0x0000000771dfa3a8,0x0000000771e00000)
  to   space 7680K, 0% used [0x0000000778d80000,0x0000000778d80000,0x0000000779500000)
 ParOldGen       total 75264K, used 2352K [0x00000006c0000000, 0x00000006c4980000, 0x000000076ab00000)
  object space 75264K, 3% used [0x00000006c0000000,0x00000006c024c2d8,0x00000006c4980000)
 Metaspace       used 20346K, capacity 21246K, committed 21296K, reserved 1067008K
  class space    used 2726K, capacity 2938K, committed 2944K, reserved 1048576K
Event: 2.713 GC heap after
Heap after GC invocations=8 (full 0):
 PSYoungGen      total 231936K, used 2887K [0x000000076ab00000, 0x0000000779500000, 0x00000007c0000000)
  eden space 224256K, 0% used [0x000000076ab00000,0x000000076ab00000,0x0000000778600000)
  from space 7680K, 37% used [0x0000000778d80000,0x0000000779051f30,0x0000000779500000)
  to   space 7680K, 0% used [0x0000000778600000,0x0000000778600000,0x0000000778d80000)
 ParOldGen       total 75264K, used 2776K [0x00000006c0000000, 0x00000006c4980000, 0x000000076ab00000)
  object space 75264K, 3% used [0x00000006c0000000,0x00000006c02b62d8,0x00000006c4980000)
 Metaspace       used 20346K, capacity 21246K, committed 21296K, reserved 1067008K
  class space    used 2726K, capacity 2938K, committed 2944K, reserved 1048576K
}
Event: 2.713 GC heap before
{Heap before GC invocations=9 (full 1):
 PSYoungGen      total 231936K, used 2887K [0x000000076ab00000, 0x0000000779500000, 0x00000007c0000000)
  eden space 224256K, 0% used [0x000000076ab00000,0x000000076ab00000,0x0000000778600000)
  from space 7680K, 37% used [0x0000000778d80000,0x0000000779051f30,0x0000000779500000)
  to   space 7680K, 0% used [0x0000000778600000,0x0000000778600000,0x0000000778d80000)
 ParOldGen       total 75264K, used 2776K [0x00000006c0000000, 0x00000006c4980000, 0x000000076ab00000)
  object space 75264K, 3% used [0x00000006c0000000,0x00000006c02b62d8,0x00000006c4980000)
 Metaspace       used 20346K, capacity 21246K, committed 21296K, reserved 1067008K
  class space    used 2726K, capacity 2938K, committed 2944K, reserved 1048576K
Event: 2.740 GC heap after
Heap after GC invocations=9 (full 1):
 PSYoungGen      total 231936K, used 0K [0x000000076ab00000, 0x0000000779500000, 0x00000007c0000000)
  eden space 224256K, 0% used [0x000000076ab00000,0x000000076ab00000,0x0000000778600000)
  from space 7680K, 0% used [0x0000000778d80000,0x0000000778d80000,0x0000000779500000)
  to   space 7680K, 0% used [0x0000000778600000,0x0000000778600000,0x0000000778d80000)
 ParOldGen       total 41984K, used 5060K [0x00000006c0000000, 0x00000006c2900000, 0x000000076ab00000)
  object space 41984K, 12% used [0x00000006c0000000,0x00000006c04f1268,0x00000006c2900000)
 Metaspace       used 20346K, capacity 21246K, committed 21296K, reserved 1067008K
  class space    used 2726K, capacity 2938K, committed 2944K, reserved 1048576K
}
Event: 4.401 GC heap before
{Heap before GC invocations=10 (full 1):
 PSYoungGen      total 231936K, used 224256K [0x000000076ab00000, 0x0000000779500000, 0x00000007c0000000)
  eden space 224256K, 100% used [0x000000076ab00000,0x0000000778600000,0x0000000778600000)
  from space 7680K, 0% used [0x0000000778d80000,0x0000000778d80000,0x0000000779500000)
  to   space 7680K, 0% used [0x0000000778600000,0x0000000778600000,0x0000000778d80000)
 ParOldGen       total 41984K, used 5060K [0x00000006c0000000, 0x00000006c2900000, 0x000000076ab00000)
  object space 41984K, 12% used [0x00000006c0000000,0x00000006c04f1268,0x00000006c2900000)
 Metaspace       used 30102K, capacity 31063K, committed 31232K, reserved 1077248K
  class space    used 3878K, capacity 4083K, committed 4096K, reserved 1048576K
Event: 4.417 GC heap after
Heap after GC invocations=10 (full 1):
 PSYoungGen      total 231936K, used 7672K [0x000000076ab00000, 0x000000077f680000, 0x00000007c0000000)
  eden space 224256K, 0% used [0x000000076ab00000,0x000000076ab00000,0x0000000778600000)
  from space 7680K, 99% used [0x0000000778600000,0x0000000778d7e0d8,0x0000000778d80000)
  to   space 9216K, 0% used [0x000000077ed80000,0x000000077ed80000,0x000000077f680000)
 ParOldGen       total 41984K, used 7089K [0x00000006c0000000, 0x00000006c2900000, 0x000000076ab00000)
  object space 41984K, 16% used [0x00000006c0000000,0x00000006c06ec5b8,0x00000006c2900000)
 Metaspace       used 30102K, capacity 31063K, committed 31232K, reserved 1077248K
  class space    used 3878K, capacity 4083K, committed 4096K, reserved 1048576K
}
Event: 5.872 GC heap before
{Heap before GC invocations=11 (full 1):
 PSYoungGen      total 231936K, used 123776K [0x000000076ab00000, 0x000000077f680000, 0x00000007c0000000)
  eden space 224256K, 51% used [0x000000076ab00000,0x0000000771c620f8,0x0000000778600000)
  from space 7680K, 99% used [0x0000000778600000,0x0000000778d7e0d8,0x0000000778d80000)
  to   space 9216K, 0% used [0x000000077ed80000,0x000000077ed80000,0x000000077f680000)
 ParOldGen       total 41984K, used 7089K [0x00000006c0000000, 0x00000006c2900000, 0x000000076ab00000)
  object space 41984K, 16% used [0x00000006c0000000,0x00000006c06ec5b8,0x00000006c2900000)
 Metaspace       used 34176K, capacity 35247K, committed 35496K, reserved 1081344K
  class space    used 4361K, capacity 4585K, committed 4608K, reserved 1048576K
Event: 5.885 GC heap after
Heap after GC invocations=11 (full 1):
 PSYoungGen      total 321536K, used 4872K [0x000000076ab00000, 0x000000077f280000, 0x00000007c0000000)
  eden space 316416K, 0% used [0x000000076ab00000,0x000000076ab00000,0x000000077e000000)
  from space 5120K, 95% used [0x000000077ed80000,0x000000077f242148,0x000000077f280000)
  to   space 8704K, 0% used [0x000000077e180000,0x000000077e180000,0x000000077ea00000)
 ParOldGen       total 41984K, used 7097K [0x00000006c0000000, 0x00000006c2900000, 0x000000076ab00000)
  object space 41984K, 16% used [0x00000006c0000000,0x00000006c06ee5b8,0x00000006c2900000)
 Metaspace       used 34176K, capacity 35247K, committed 35496K, reserved 1081344K
  class space    used 4361K, capacity 4585K, committed 4608K, reserved 1048576K
}
Event: 5.885 GC heap before
{Heap before GC invocations=12 (full 2):
 PSYoungGen      total 321536K, used 4872K [0x000000076ab00000, 0x000000077f280000, 0x00000007c0000000)
  eden space 316416K, 0% used [0x000000076ab00000,0x000000076ab00000,0x000000077e000000)
  from space 5120K, 95% used [0x000000077ed80000,0x000000077f242148,0x000000077f280000)
  to   space 8704K, 0% used [0x000000077e180000,0x000000077e180000,0x000000077ea00000)
 ParOldGen       total 41984K, used 7097K [0x00000006c0000000, 0x00000006c2900000, 0x000000076ab00000)
  object space 41984K, 16% used [0x00000006c0000000,0x00000006c06ee5b8,0x00000006c2900000)
 Metaspace       used 34176K, capacity 35247K, committed 35496K, reserved 1081344K
  class space    used 4361K, capacity 4585K, committed 4608K, reserved 1048576K
Event: 5.959 GC heap after
Heap after GC invocations=12 (full 2):
 PSYoungGen      total 321536K, used 0K [0x000000076ab00000, 0x000000077f280000, 0x00000007c0000000)
  eden space 316416K, 0% used [0x000000076ab00000,0x000000076ab00000,0x000000077e000000)
  from space 5120K, 0% used [0x000000077ed80000,0x000000077ed80000,0x000000077f280000)
  to   space 8704K, 0% used [0x000000077e180000,0x000000077e180000,0x000000077ea00000)
 ParOldGen       total 62464K, used 9540K [0x00000006c0000000, 0x00000006c3d00000, 0x000000076ab00000)
  object space 62464K, 15% used [0x00000006c0000000,0x00000006c09512b0,0x00000006c3d00000)
 Metaspace       used 34172K, capacity 35241K, committed 35496K, reserved 1081344K
  class space    used 4360K, capacity 4584K, committed 4608K, reserved 1048576K
}

