# JRE version: OpenJDK Runtime Environment (8.0_372-b07) (build 1.8.0_372-b07)
# Java VM: OpenJDK 64-Bit Server VM (25.372-b07 mixed mode linux-amd64 compressed oops)
Heap:
 PSYoungGen      total 312320K, used 146776K [0x000000076ab00000, 0x000000077ec00000, 0x00000007c0000000)
  eden space 307200K, 47% used [0x000000076ab00000,0x0000000773a561f0,0x000000077d700000)
  from space 5120K, 0% used [0x000000077e700000,0x000000077e700000,0x000000077ec00000)
  to   space 9216K, 0% used [0x000000077da00000,0x000000077da00000,0x000000077e300000)
 ParOldGen       total 61952K, used 9450K [0x00000006c0000000, 0x00000006c3c80000, 0x000000076ab00000)
  object space 61952K, 15% used [0x00000006c0000000,0x00000006c093a800,0x00000006c3c80000)
 Metaspace       used 37842K, capacity 38909K, committed 39296K, reserved 1083392K
  class space    used 4737K, capacity 4988K, committed 4992K, reserved 1048576K
GC Heap History (10 events):
Event: 2.728 GC heap before
{Heap before GC invocations=8 (full 0):
 PSYoungGen      total 117760K, used 38061K [0x000000076ab00000, 0x0000000779500000, 0x00000007c0000000)
  eden space 112128K, 28% used [0x000000076ab00000,0x000000076cab1c40,0x0000000771880000)
  from space 5632K, 99% used [0x0000000771880000,0x0000000771df9b78,0x0000000771e00000)
  to   space 7680K, 0% used [0x0000000778d80000,0x0000000778d80000,0x0000000779500000)
 ParOldGen       total 75264K, used 2366K [0x00000006c0000000, 0x00000006c4980000, 0x000000076ab00000)
  object space 75264K, 3% used [0x00000006c0000000,0x00000006c024f800,0x00000006c4980000)
 Metaspace       used 20351K, capacity 21238K, committed 21296K, reserved 1067008K
  class space    used 2717K, capacity 2938K, committed 2944K, reserved 1048576K
Event: 2.734 GC heap after
Heap after GC invocations=8 (full 0):
 PSYoungGen      total 230912K, used 2927K [0x000000076ab00000, 0x0000000779400000, 0x00000007c0000000)
  eden space 224256K, 0% used [0x000000076ab00000,0x000000076ab00000,0x0000000778600000)
  from space 6656K, 43% used [0x0000000778d80000,0x000000077905bc20,0x0000000779400000)
  to   space 7168K, 0% used [0x0000000778600000,0x0000000778600000,0x0000000778d00000)
 ParOldGen       total 75264K, used 2794K [0x00000006c0000000, 0x00000006c4980000, 0x000000076ab00000)
  object space 75264K, 3% used [0x00000006c0000000,0x00000006c02ba840,0x00000006c4980000)
 Metaspace       used 20351K, capacity 21238K, committed 21296K, reserved 1067008K
  class space    used 2717K, capacity 2938K, committed 2944K, reserved 1048576K
}
Event: 2.734 GC heap before
{Heap before GC invocations=9 (full 1):
 PSYoungGen      total 230912K, used 2927K [0x000000076ab00000, 0x0000000779400000, 0x00000007c0000000)
  eden space 224256K, 0% used [0x000000076ab00000,0x000000076ab00000,0x0000000778600000)
  from space 6656K, 43% used [0x0000000778d80000,0x000000077905bc20,0x0000000779400000)
  to   space 7168K, 0% used [0x0000000778600000,0x0000000778600000,0x0000000778d00000)
 ParOldGen       total 75264K, used 2794K [0x00000006c0000000, 0x00000006c4980000, 0x000000076ab00000)
  object space 75264K, 3% used [0x00000006c0000000,0x00000006c02ba840,0x00000006c4980000)
 Metaspace       used 20351K, capacity 21238K, committed 21296K, reserved 1067008K
  class space    used 2717K, capacity 2938K, committed 2944K, reserved 1048576K
Event: 2.765 GC heap after
Heap after GC invocations=9 (full 1):
 PSYoungGen      total 230912K, used 0K [0x000000076ab00000, 0x0000000779400000, 0x00000007c0000000)
  eden space 224256K, 0% used [0x000000076ab00000,0x000000076ab00000,0x0000000778600000)
  from space 6656K, 0% used [0x0000000778d80000,0x0000000778d80000,0x0000000779400000)
  to   space 7168K, 0% used [0x0000000778600000,0x0000000778600000,0x0000000778d00000)
 ParOldGen       total 43008K, used 5077K [0x00000006c0000000, 0x00000006c2a00000, 0x000000076ab00000)
  object space 43008K, 11% used [0x00000006c0000000,0x00000006c04f5688,0x00000006c2a00000)
 Metaspace       used 20351K, capacity 21238K, committed 21296K, reserved 1067008K
  class space    used 2717K, capacity 2938K, committed 2944K, reserved 1048576K
}
Event: 4.759 GC heap before
{Heap before GC invocations=10 (full 1):
 PSYoungGen      total 230912K, used 224256K [0x000000076ab00000, 0x0000000779400000, 0x00000007c0000000)
  eden space 224256K, 100% used [0x000000076ab00000,0x0000000778600000,0x0000000778600000)
  from space 6656K, 0% used [0x0000000778d80000,0x0000000778d80000,0x0000000779400000)
  to   space 7168K, 0% used [0x0000000778600000,0x0000000778600000,0x0000000778d00000)
 ParOldGen       total 43008K, used 5077K [0x00000006c0000000, 0x00000006c2a00000, 0x000000076ab00000)
  object space 43008K, 11% used [0x00000006c0000000,0x00000006c04f5688,0x00000006c2a00000)
 Metaspace       used 30344K, capacity 31311K, committed 31488K, reserved 1077248K
  class space    used 3889K, capacity 4083K, committed 4096K, reserved 1048576K
Event: 4.768 GC heap after
Heap after GC invocations=10 (full 1):
 PSYoungGen      total 231424K, used 7165K [0x000000076ab00000, 0x000000077f000000, 0x00000007c0000000)
  eden space 224256K, 0% used [0x000000076ab00000,0x000000076ab00000,0x0000000778600000)
  from space 7168K, 99% used [0x0000000778600000,0x0000000778cff538,0x0000000778d00000)
  to   space 9216K, 0% used [0x000000077e700000,0x000000077e700000,0x000000077f000000)
 ParOldGen       total 43008K, used 7751K [0x00000006c0000000, 0x00000006c2a00000, 0x000000076ab00000)
  object space 43008K, 18% used [0x00000006c0000000,0x00000006c0791f90,0x00000006c2a00000)
 Metaspace       used 30344K, capacity 31311K, committed 31488K, reserved 1077248K
  class space    used 3889K, capacity 4083K, committed 4096K, reserved 1048576K
}
Event: 7.057 GC heap before
{Heap before GC invocations=11 (full 1):
 PSYoungGen      total 231424K, used 124972K [0x000000076ab00000, 0x000000077f000000, 0x00000007c0000000)
  eden space 224256K, 52% used [0x000000076ab00000,0x0000000771e0bec0,0x0000000778600000)
  from space 7168K, 99% used [0x0000000778600000,0x0000000778cff538,0x0000000778d00000)
  to   space 9216K, 0% used [0x000000077e700000,0x000000077e700000,0x000000077f000000)
 ParOldGen       total 43008K, used 7751K [0x00000006c0000000, 0x00000006c2a00000, 0x000000076ab00000)
  object space 43008K, 18% used [0x00000006c0000000,0x00000006c0791f90,0x00000006c2a00000)
 Metaspace       used 34172K, capacity 35239K, committed 35496K, reserved 1081344K
  class space    used 4358K, capacity 4585K, committed 4608K, reserved 1048576K
Event: 7.066 GC heap after
Heap after GC invocations=11 (full 1):
 PSYoungGen      total 312320K, used 4862K [0x000000076ab00000, 0x000000077ec00000, 0x00000007c0000000)
  eden space 307200K, 0% used [0x000000076ab00000,0x000000076ab00000,0x000000077d700000)
  from space 5120K, 94% used [0x000000077e700000,0x000000077ebbfbd8,0x000000077ec00000)
  to   space 9216K, 0% used [0x000000077da00000,0x000000077da00000,0x000000077e300000)
 ParOldGen       total 43008K, used 7751K [0x00000006c0000000, 0x00000006c2a00000, 0x000000076ab00000)
  object space 43008K, 18% used [0x00000006c0000000,0x00000006c0791f90,0x00000006c2a00000)
 Metaspace       used 34172K, capacity 35239K, committed 35496K, reserved 1081344K
  class space    used 4358K, capacity 4585K, committed 4608K, reserved 1048576K
}
Event: 7.066 GC heap before
{Heap before GC invocations=12 (full 2):
 PSYoungGen      total 312320K, used 4862K [0x000000076ab00000, 0x000000077ec00000, 0x00000007c0000000)
  eden space 307200K, 0% used [0x000000076ab00000,0x000000076ab00000,0x000000077d700000)
  from space 5120K, 94% used [0x000000077e700000,0x000000077ebbfbd8,0x000000077ec00000)
  to   space 9216K, 0% used [0x000000077da00000,0x000000077da00000,0x000000077e300000)
 ParOldGen       total 43008K, used 7751K [0x00000006c0000000, 0x00000006c2a00000, 0x000000076ab00000)
  object space 43008K, 18% used [0x00000006c0000000,0x00000006c0791f90,0x00000006c2a00000)
 Metaspace       used 34172K, capacity 35239K, committed 35496K, reserved 1081344K
  class space    used 4358K, capacity 4585K, committed 4608K, reserved 1048576K
Event: 7.110 GC heap after
Heap after GC invocations=12 (full 2):
 PSYoungGen      total 312320K, used 0K [0x000000076ab00000, 0x000000077ec00000, 0x00000007c0000000)
  eden space 307200K, 0% used [0x000000076ab00000,0x000000076ab00000,0x000000077d700000)
  from space 5120K, 0% used [0x000000077e700000,0x000000077e700000,0x000000077ec00000)
  to   space 9216K, 0% used [0x000000077da00000,0x000000077da00000,0x000000077e300000)
 ParOldGen       total 61952K, used 9450K [0x00000006c0000000, 0x00000006c3c80000, 0x000000076ab00000)
  object space 61952K, 15% used [0x00000006c0000000,0x00000006c093a800,0x00000006c3c80000)
 Metaspace       used 34168K, capacity 35233K, committed 35496K, reserved 1081344K
  class space    used 4357K, capacity 4584K, committed 4608K, reserved 1048576K
}

