# JRE version: OpenJDK Runtime Environment (8.0_372-b07) (build 1.8.0_372-b07)
# Java VM: OpenJDK 64-Bit Server VM (25.372-b07 mixed mode linux-amd64 compressed oops)
Heap:
 PSYoungGen      total 312320K, used 150585K [0x000000076ab00000, 0x000000077eb80000, 0x00000007c0000000)
  eden space 307200K, 49% used [0x000000076ab00000,0x0000000773e0e6d8,0x000000077d700000)
  from space 5120K, 0% used [0x000000077e680000,0x000000077e680000,0x000000077eb80000)
  to   space 8704K, 0% used [0x000000077da80000,0x000000077da80000,0x000000077e300000)
 ParOldGen       total 65024K, used 9581K [0x00000006c0000000, 0x00000006c3f80000, 0x000000076ab00000)
  object space 65024K, 14% used [0x00000006c0000000,0x00000006c095b6e0,0x00000006c3f80000)
 Metaspace       used 37844K, capacity 38917K, committed 39296K, reserved 1083392K
  class space    used 4738K, capacity 4988K, committed 4992K, reserved 1048576K
GC Heap History (10 events):
Event: 2.727 GC heap before
{Heap before GC invocations=8 (full 0):
 PSYoungGen      total 117760K, used 38123K [0x000000076ab00000, 0x0000000779400000, 0x00000007c0000000)
  eden space 112128K, 28% used [0x000000076ab00000,0x000000076cabbfd0,0x0000000771880000)
  from space 5632K, 99% used [0x0000000771880000,0x0000000771dfef60,0x0000000771e00000)
  to   space 7168K, 0% used [0x0000000778d00000,0x0000000778d00000,0x0000000779400000)
 ParOldGen       total 75264K, used 2329K [0x00000006c0000000, 0x00000006c4980000, 0x000000076ab00000)
  object space 75264K, 3% used [0x00000006c0000000,0x00000006c02465f0,0x00000006c4980000)
 Metaspace       used 20315K, capacity 21214K, committed 21296K, reserved 1067008K
  class space    used 2712K, capacity 2906K, committed 2944K, reserved 1048576K
Event: 2.732 GC heap after
Heap after GC invocations=8 (full 0):
 PSYoungGen      total 231424K, used 2954K [0x000000076ab00000, 0x0000000779400000, 0x00000007c0000000)
  eden space 224256K, 0% used [0x000000076ab00000,0x000000076ab00000,0x0000000778600000)
  from space 7168K, 41% used [0x0000000778d00000,0x0000000778fe2bf0,0x0000000779400000)
  to   space 7168K, 0% used [0x0000000778600000,0x0000000778600000,0x0000000778d00000)
 ParOldGen       total 75264K, used 2745K [0x00000006c0000000, 0x00000006c4980000, 0x000000076ab00000)
  object space 75264K, 3% used [0x00000006c0000000,0x00000006c02ae5f0,0x00000006c4980000)
 Metaspace       used 20315K, capacity 21214K, committed 21296K, reserved 1067008K
  class space    used 2712K, capacity 2906K, committed 2944K, reserved 1048576K
}
Event: 2.732 GC heap before
{Heap before GC invocations=9 (full 1):
 PSYoungGen      total 231424K, used 2954K [0x000000076ab00000, 0x0000000779400000, 0x00000007c0000000)
  eden space 224256K, 0% used [0x000000076ab00000,0x000000076ab00000,0x0000000778600000)
  from space 7168K, 41% used [0x0000000778d00000,0x0000000778fe2bf0,0x0000000779400000)
  to   space 7168K, 0% used [0x0000000778600000,0x0000000778600000,0x0000000778d00000)
 ParOldGen       total 75264K, used 2745K [0x00000006c0000000, 0x00000006c4980000, 0x000000076ab00000)
  object space 75264K, 3% used [0x00000006c0000000,0x00000006c02ae5f0,0x00000006c4980000)
 Metaspace       used 20315K, capacity 21214K, committed 21296K, reserved 1067008K
  class space    used 2712K, capacity 2906K, committed 2944K, reserved 1048576K
Event: 2.760 GC heap after
Heap after GC invocations=9 (full 1):
 PSYoungGen      total 231424K, used 0K [0x000000076ab00000, 0x0000000779400000, 0x00000007c0000000)
  eden space 224256K, 0% used [0x000000076ab00000,0x000000076ab00000,0x0000000778600000)
  from space 7168K, 0% used [0x0000000778d00000,0x0000000778d00000,0x0000000779400000)
  to   space 7168K, 0% used [0x0000000778600000,0x0000000778600000,0x0000000778d00000)
 ParOldGen       total 43008K, used 5085K [0x00000006c0000000, 0x00000006c2a00000, 0x000000076ab00000)
  object space 43008K, 11% used [0x00000006c0000000,0x00000006c04f7738,0x00000006c2a00000)
 Metaspace       used 20315K, capacity 21214K, committed 21296K, reserved 1067008K
  class space    used 2712K, capacity 2906K, committed 2944K, reserved 1048576K
}
Event: 4.613 GC heap before
{Heap before GC invocations=10 (full 1):
 PSYoungGen      total 231424K, used 224256K [0x000000076ab00000, 0x0000000779400000, 0x00000007c0000000)
  eden space 224256K, 100% used [0x000000076ab00000,0x0000000778600000,0x0000000778600000)
  from space 7168K, 0% used [0x0000000778d00000,0x0000000778d00000,0x0000000779400000)
  to   space 7168K, 0% used [0x0000000778600000,0x0000000778600000,0x0000000778d00000)
 ParOldGen       total 43008K, used 5085K [0x00000006c0000000, 0x00000006c2a00000, 0x000000076ab00000)
  object space 43008K, 11% used [0x00000006c0000000,0x00000006c04f7738,0x00000006c2a00000)
 Metaspace       used 30054K, capacity 31031K, committed 31232K, reserved 1077248K
  class space    used 3858K, capacity 4051K, committed 4096K, reserved 1048576K
Event: 4.623 GC heap after
Heap after GC invocations=10 (full 1):
 PSYoungGen      total 231424K, used 7153K [0x000000076ab00000, 0x000000077ef80000, 0x00000007c0000000)
  eden space 224256K, 0% used [0x000000076ab00000,0x000000076ab00000,0x0000000778600000)
  from space 7168K, 99% used [0x0000000778600000,0x0000000778cfc690,0x0000000778d00000)
  to   space 9216K, 0% used [0x000000077e680000,0x000000077e680000,0x000000077ef80000)
 ParOldGen       total 43008K, used 7450K [0x00000006c0000000, 0x00000006c2a00000, 0x000000076ab00000)
  object space 43008K, 17% used [0x00000006c0000000,0x00000006c0746ae8,0x00000006c2a00000)
 Metaspace       used 30054K, capacity 31031K, committed 31232K, reserved 1077248K
  class space    used 3858K, capacity 4051K, committed 4096K, reserved 1048576K
}
Event: 6.007 GC heap before
{Heap before GC invocations=11 (full 1):
 PSYoungGen      total 231424K, used 128471K [0x000000076ab00000, 0x000000077ef80000, 0x00000007c0000000)
  eden space 224256K, 54% used [0x000000076ab00000,0x0000000772179818,0x0000000778600000)
  from space 7168K, 99% used [0x0000000778600000,0x0000000778cfc690,0x0000000778d00000)
  to   space 9216K, 0% used [0x000000077e680000,0x000000077e680000,0x000000077ef80000)
 ParOldGen       total 43008K, used 7450K [0x00000006c0000000, 0x00000006c2a00000, 0x000000076ab00000)
  object space 43008K, 17% used [0x00000006c0000000,0x00000006c0746ae8,0x00000006c2a00000)
 Metaspace       used 34202K, capacity 35247K, committed 35496K, reserved 1081344K
  class space    used 4358K, capacity 4585K, committed 4608K, reserved 1048576K
Event: 6.014 GC heap after
Heap after GC invocations=11 (full 1):
 PSYoungGen      total 312320K, used 4970K [0x000000076ab00000, 0x000000077eb80000, 0x00000007c0000000)
  eden space 307200K, 0% used [0x000000076ab00000,0x000000076ab00000,0x000000077d700000)
  from space 5120K, 97% used [0x000000077e680000,0x000000077eb5abc8,0x000000077eb80000)
  to   space 8704K, 0% used [0x000000077da80000,0x000000077da80000,0x000000077e300000)
 ParOldGen       total 43008K, used 7458K [0x00000006c0000000, 0x00000006c2a00000, 0x000000076ab00000)
  object space 43008K, 17% used [0x00000006c0000000,0x00000006c0748ae8,0x00000006c2a00000)
 Metaspace       used 34202K, capacity 35247K, committed 35496K, reserved 1081344K
  class space    used 4358K, capacity 4585K, committed 4608K, reserved 1048576K
}
Event: 6.014 GC heap before
{Heap before GC invocations=12 (full 2):
 PSYoungGen      total 312320K, used 4970K [0x000000076ab00000, 0x000000077eb80000, 0x00000007c0000000)
  eden space 307200K, 0% used [0x000000076ab00000,0x000000076ab00000,0x000000077d700000)
  from space 5120K, 97% used [0x000000077e680000,0x000000077eb5abc8,0x000000077eb80000)
  to   space 8704K, 0% used [0x000000077da80000,0x000000077da80000,0x000000077e300000)
 ParOldGen       total 43008K, used 7458K [0x00000006c0000000, 0x00000006c2a00000, 0x000000076ab00000)
  object space 43008K, 17% used [0x00000006c0000000,0x00000006c0748ae8,0x00000006c2a00000)
 Metaspace       used 34202K, capacity 35247K, committed 35496K, reserved 1081344K
  class space    used 4358K, capacity 4585K, committed 4608K, reserved 1048576K
Event: 6.073 GC heap after
Heap after GC invocations=12 (full 2):
 PSYoungGen      total 312320K, used 0K [0x000000076ab00000, 0x000000077eb80000, 0x00000007c0000000)
  eden space 307200K, 0% used [0x000000076ab00000,0x000000076ab00000,0x000000077d700000)
  from space 5120K, 0% used [0x000000077e680000,0x000000077e680000,0x000000077eb80000)
  to   space 8704K, 0% used [0x000000077da80000,0x000000077da80000,0x000000077e300000)
 ParOldGen       total 65024K, used 9581K [0x00000006c0000000, 0x00000006c3f80000, 0x000000076ab00000)
  object space 65024K, 14% used [0x00000006c0000000,0x00000006c095b6e0,0x00000006c3f80000)
 Metaspace       used 34198K, capacity 35241K, committed 35496K, reserved 1081344K
  class space    used 4357K, capacity 4584K, committed 4608K, reserved 1048576K
}

