# JRE version: OpenJDK Runtime Environment (8.0_372-b07) (build 1.8.0_372-b07)
# Java VM: OpenJDK 64-Bit Server VM (25.372-b07 mixed mode linux-amd64 compressed oops)
Heap:
 PSYoungGen      total 312320K, used 150793K [0x000000076ab00000, 0x000000077eb00000, 0x00000007c0000000)
  eden space 307200K, 49% used [0x000000076ab00000,0x0000000773e42490,0x000000077d700000)
  from space 5120K, 0% used [0x000000077e600000,0x000000077e600000,0x000000077eb00000)
  to   space 9216K, 0% used [0x000000077d900000,0x000000077d900000,0x000000077e200000)
 ParOldGen       total 64000K, used 9613K [0x00000006c0000000, 0x00000006c3e80000, 0x000000076ab00000)
  object space 64000K, 15% used [0x00000006c0000000,0x00000006c0963678,0x00000006c3e80000)
 Metaspace       used 37861K, capacity 38969K, committed 39296K, reserved 1083392K
  class space    used 4743K, capacity 4988K, committed 4992K, reserved 1048576K
GC Heap History (10 events):
Event: 2.702 GC heap before
{Heap before GC invocations=8 (full 0):
 PSYoungGen      total 117760K, used 33805K [0x000000076ab00000, 0x0000000779500000, 0x00000007c0000000)
  eden space 112128K, 25% used [0x000000076ab00000,0x000000076c6839a8,0x0000000771880000)
  from space 5632K, 99% used [0x0000000771880000,0x0000000771dffbb8,0x0000000771e00000)
  to   space 7680K, 0% used [0x0000000778d80000,0x0000000778d80000,0x0000000779500000)
 ParOldGen       total 75264K, used 2365K [0x00000006c0000000, 0x00000006c4980000, 0x000000076ab00000)
  object space 75264K, 3% used [0x00000006c0000000,0x00000006c024f578,0x00000006c4980000)
 Metaspace       used 20292K, capacity 21198K, committed 21296K, reserved 1067008K
  class space    used 2711K, capacity 2906K, committed 2944K, reserved 1048576K
Event: 2.709 GC heap after
Heap after GC invocations=8 (full 0):
 PSYoungGen      total 231936K, used 2846K [0x000000076ab00000, 0x0000000779500000, 0x00000007c0000000)
  eden space 224256K, 0% used [0x000000076ab00000,0x000000076ab00000,0x0000000778600000)
  from space 7680K, 37% used [0x0000000778d80000,0x0000000779047808,0x0000000779500000)
  to   space 7680K, 0% used [0x0000000778600000,0x0000000778600000,0x0000000778d80000)
 ParOldGen       total 75264K, used 2777K [0x00000006c0000000, 0x00000006c4980000, 0x000000076ab00000)
  object space 75264K, 3% used [0x00000006c0000000,0x00000006c02b65b8,0x00000006c4980000)
 Metaspace       used 20292K, capacity 21198K, committed 21296K, reserved 1067008K
  class space    used 2711K, capacity 2906K, committed 2944K, reserved 1048576K
}
Event: 2.709 GC heap before
{Heap before GC invocations=9 (full 1):
 PSYoungGen      total 231936K, used 2846K [0x000000076ab00000, 0x0000000779500000, 0x00000007c0000000)
  eden space 224256K, 0% used [0x000000076ab00000,0x000000076ab00000,0x0000000778600000)
  from space 7680K, 37% used [0x0000000778d80000,0x0000000779047808,0x0000000779500000)
  to   space 7680K, 0% used [0x0000000778600000,0x0000000778600000,0x0000000778d80000)
 ParOldGen       total 75264K, used 2777K [0x00000006c0000000, 0x00000006c4980000, 0x000000076ab00000)
  object space 75264K, 3% used [0x00000006c0000000,0x00000006c02b65b8,0x00000006c4980000)
 Metaspace       used 20292K, capacity 21198K, committed 21296K, reserved 1067008K
  class space    used 2711K, capacity 2906K, committed 2944K, reserved 1048576K
Event: 2.738 GC heap after
Heap after GC invocations=9 (full 1):
 PSYoungGen      total 231936K, used 0K [0x000000076ab00000, 0x0000000779500000, 0x00000007c0000000)
  eden space 224256K, 0% used [0x000000076ab00000,0x000000076ab00000,0x0000000778600000)
  from space 7680K, 0% used [0x0000000778d80000,0x0000000778d80000,0x0000000779500000)
  to   space 7680K, 0% used [0x0000000778600000,0x0000000778600000,0x0000000778d80000)
 ParOldGen       total 43008K, used 5009K [0x00000006c0000000, 0x00000006c2a00000, 0x000000076ab00000)
  object space 43008K, 11% used [0x00000006c0000000,0x00000006c04e45d8,0x00000006c2a00000)
 Metaspace       used 20292K, capacity 21198K, committed 21296K, reserved 1067008K
  class space    used 2711K, capacity 2906K, committed 2944K, reserved 1048576K
}
Event: 4.587 GC heap before
{Heap before GC invocations=10 (full 1):
 PSYoungGen      total 231936K, used 224256K [0x000000076ab00000, 0x0000000779500000, 0x00000007c0000000)
  eden space 224256K, 100% used [0x000000076ab00000,0x0000000778600000,0x0000000778600000)
  from space 7680K, 0% used [0x0000000778d80000,0x0000000778d80000,0x0000000779500000)
  to   space 7680K, 0% used [0x0000000778600000,0x0000000778600000,0x0000000778d80000)
 ParOldGen       total 43008K, used 5009K [0x00000006c0000000, 0x00000006c2a00000, 0x000000076ab00000)
  object space 43008K, 11% used [0x00000006c0000000,0x00000006c04e45d8,0x00000006c2a00000)
 Metaspace       used 30044K, capacity 30951K, committed 31232K, reserved 1077248K
  class space    used 3863K, capacity 4051K, committed 4096K, reserved 1048576K
Event: 4.603 GC heap after
Heap after GC invocations=10 (full 1):
 PSYoungGen      total 231936K, used 7665K [0x000000076ab00000, 0x000000077ef00000, 0x00000007c0000000)
  eden space 224256K, 0% used [0x000000076ab00000,0x000000076ab00000,0x0000000778600000)
  from space 7680K, 99% used [0x0000000778600000,0x0000000778d7c498,0x0000000778d80000)
  to   space 9216K, 0% used [0x000000077e600000,0x000000077e600000,0x000000077ef00000)
 ParOldGen       total 43008K, used 7007K [0x00000006c0000000, 0x00000006c2a00000, 0x000000076ab00000)
  object space 43008K, 16% used [0x00000006c0000000,0x00000006c06d7e78,0x00000006c2a00000)
 Metaspace       used 30044K, capacity 30951K, committed 31232K, reserved 1077248K
  class space    used 3863K, capacity 4051K, committed 4096K, reserved 1048576K
}
Event: 5.924 GC heap before
{Heap before GC invocations=11 (full 1):
 PSYoungGen      total 231936K, used 120141K [0x000000076ab00000, 0x000000077ef00000, 0x00000007c0000000)
  eden space 224256K, 50% used [0x000000076ab00000,0x00000007718d7158,0x0000000778600000)
  from space 7680K, 99% used [0x0000000778600000,0x0000000778d7c498,0x0000000778d80000)
  to   space 9216K, 0% used [0x000000077e600000,0x000000077e600000,0x000000077ef00000)
 ParOldGen       total 43008K, used 7007K [0x00000006c0000000, 0x00000006c2a00000, 0x000000076ab00000)
  object space 43008K, 16% used [0x00000006c0000000,0x00000006c06d7e78,0x00000006c2a00000)
 Metaspace       used 34204K, capacity 35235K, committed 35496K, reserved 1081344K
  class space    used 4362K, capacity 4585K, committed 4608K, reserved 1048576K
Event: 5.932 GC heap after
Heap after GC invocations=11 (full 1):
 PSYoungGen      total 312320K, used 4956K [0x000000076ab00000, 0x000000077eb00000, 0x00000007c0000000)
  eden space 307200K, 0% used [0x000000076ab00000,0x000000076ab00000,0x000000077d700000)
  from space 5120K, 96% used [0x000000077e600000,0x000000077ead7158,0x000000077eb00000)
  to   space 9216K, 0% used [0x000000077d900000,0x000000077d900000,0x000000077e200000)
 ParOldGen       total 43008K, used 7015K [0x00000006c0000000, 0x00000006c2a00000, 0x000000076ab00000)
  object space 43008K, 16% used [0x00000006c0000000,0x00000006c06d9e78,0x00000006c2a00000)
 Metaspace       used 34204K, capacity 35235K, committed 35496K, reserved 1081344K
  class space    used 4362K, capacity 4585K, committed 4608K, reserved 1048576K
}
Event: 5.932 GC heap before
{Heap before GC invocations=12 (full 2):
 PSYoungGen      total 312320K, used 4956K [0x000000076ab00000, 0x000000077eb00000, 0x00000007c0000000)
  eden space 307200K, 0% used [0x000000076ab00000,0x000000076ab00000,0x000000077d700000)
  from space 5120K, 96% used [0x000000077e600000,0x000000077ead7158,0x000000077eb00000)
  to   space 9216K, 0% used [0x000000077d900000,0x000000077d900000,0x000000077e200000)
 ParOldGen       total 43008K, used 7015K [0x00000006c0000000, 0x00000006c2a00000, 0x000000076ab00000)
  object space 43008K, 16% used [0x00000006c0000000,0x00000006c06d9e78,0x00000006c2a00000)
 Metaspace       used 34204K, capacity 35235K, committed 35496K, reserved 1081344K
  class space    used 4362K, capacity 4585K, committed 4608K, reserved 1048576K
Event: 5.973 GC heap after
Heap after GC invocations=12 (full 2):
 PSYoungGen      total 312320K, used 0K [0x000000076ab00000, 0x000000077eb00000, 0x00000007c0000000)
  eden space 307200K, 0% used [0x000000076ab00000,0x000000076ab00000,0x000000077d700000)
  from space 5120K, 0% used [0x000000077e600000,0x000000077e600000,0x000000077eb00000)
  to   space 9216K, 0% used [0x000000077d900000,0x000000077d900000,0x000000077e200000)
 ParOldGen       total 64000K, used 9613K [0x00000006c0000000, 0x00000006c3e80000, 0x000000076ab00000)
  object space 64000K, 15% used [0x00000006c0000000,0x00000006c0963678,0x00000006c3e80000)
 Metaspace       used 34200K, capacity 35229K, committed 35496K, reserved 1081344K
  class space    used 4362K, capacity 4584K, committed 4608K, reserved 1048576K
}

