# JRE version: OpenJDK Runtime Environment (8.0_372-b07) (build 1.8.0_372-b07)
# Java VM: OpenJDK 64-Bit Server VM (25.372-b07 mixed mode linux-amd64 compressed oops)
Heap:
 PSYoungGen      total 310784K, used 154988K [0x000000076ab00000, 0x000000077e880000, 0x00000007c0000000)
  eden space 305664K, 50% used [0x000000076ab00000,0x000000077425b118,0x000000077d580000)
  from space 5120K, 0% used [0x000000077e380000,0x000000077e380000,0x000000077e880000)
  to   space 9216K, 0% used [0x000000077d680000,0x000000077d680000,0x000000077df80000)
 ParOldGen       total 64000K, used 9444K [0x00000006c0000000, 0x00000006c3e80000, 0x000000076ab00000)
  object space 64000K, 14% used [0x00000006c0000000,0x00000006c0939010,0x00000006c3e80000)
 Metaspace       used 37851K, capacity 38981K, committed 39296K, reserved 1083392K
  class space    used 4739K, capacity 4988K, committed 4992K, reserved 1048576K
GC Heap History (10 events):
Event: 2.775 GC heap before
{Heap before GC invocations=8 (full 0):
 PSYoungGen      total 117760K, used 37122K [0x000000076ab00000, 0x0000000779500000, 0x00000007c0000000)
  eden space 112128K, 28% used [0x000000076ab00000,0x000000076c9c5ca0,0x0000000771880000)
  from space 5632K, 99% used [0x0000000771880000,0x0000000771dfac58,0x0000000771e00000)
  to   space 7680K, 0% used [0x0000000778d80000,0x0000000778d80000,0x0000000779500000)
 ParOldGen       total 75264K, used 2402K [0x00000006c0000000, 0x00000006c4980000, 0x000000076ab00000)
  object space 75264K, 3% used [0x00000006c0000000,0x00000006c0258ac8,0x00000006c4980000)
 Metaspace       used 20338K, capacity 21242K, committed 21296K, reserved 1067008K
  class space    used 2729K, capacity 2940K, committed 2944K, reserved 1048576K
Event: 2.781 GC heap after
Heap after GC invocations=8 (full 0):
 PSYoungGen      total 231936K, used 2958K [0x000000076ab00000, 0x0000000779500000, 0x00000007c0000000)
  eden space 224256K, 0% used [0x000000076ab00000,0x000000076ab00000,0x0000000778600000)
  from space 7680K, 38% used [0x0000000778d80000,0x00000007790639b8,0x0000000779500000)
  to   space 7680K, 0% used [0x0000000778600000,0x0000000778600000,0x0000000778d80000)
 ParOldGen       total 75264K, used 2822K [0x00000006c0000000, 0x00000006c4980000, 0x000000076ab00000)
  object space 75264K, 3% used [0x00000006c0000000,0x00000006c02c1b08,0x00000006c4980000)
 Metaspace       used 20338K, capacity 21242K, committed 21296K, reserved 1067008K
  class space    used 2729K, capacity 2940K, committed 2944K, reserved 1048576K
}
Event: 2.781 GC heap before
{Heap before GC invocations=9 (full 1):
 PSYoungGen      total 231936K, used 2958K [0x000000076ab00000, 0x0000000779500000, 0x00000007c0000000)
  eden space 224256K, 0% used [0x000000076ab00000,0x000000076ab00000,0x0000000778600000)
  from space 7680K, 38% used [0x0000000778d80000,0x00000007790639b8,0x0000000779500000)
  to   space 7680K, 0% used [0x0000000778600000,0x0000000778600000,0x0000000778d80000)
 ParOldGen       total 75264K, used 2822K [0x00000006c0000000, 0x00000006c4980000, 0x000000076ab00000)
  object space 75264K, 3% used [0x00000006c0000000,0x00000006c02c1b08,0x00000006c4980000)
 Metaspace       used 20338K, capacity 21242K, committed 21296K, reserved 1067008K
  class space    used 2729K, capacity 2940K, committed 2944K, reserved 1048576K
Event: 2.809 GC heap after
Heap after GC invocations=9 (full 1):
 PSYoungGen      total 231936K, used 0K [0x000000076ab00000, 0x0000000779500000, 0x00000007c0000000)
  eden space 224256K, 0% used [0x000000076ab00000,0x000000076ab00000,0x0000000778600000)
  from space 7680K, 0% used [0x0000000778d80000,0x0000000778d80000,0x0000000779500000)
  to   space 7680K, 0% used [0x0000000778600000,0x0000000778600000,0x0000000778d80000)
 ParOldGen       total 44032K, used 5084K [0x00000006c0000000, 0x00000006c2b00000, 0x000000076ab00000)
  object space 44032K, 11% used [0x00000006c0000000,0x00000006c04f7170,0x00000006c2b00000)
 Metaspace       used 20338K, capacity 21242K, committed 21296K, reserved 1067008K
  class space    used 2729K, capacity 2940K, committed 2944K, reserved 1048576K
}
Event: 5.026 GC heap before
{Heap before GC invocations=10 (full 1):
 PSYoungGen      total 231936K, used 224256K [0x000000076ab00000, 0x0000000779500000, 0x00000007c0000000)
  eden space 224256K, 100% used [0x000000076ab00000,0x0000000778600000,0x0000000778600000)
  from space 7680K, 0% used [0x0000000778d80000,0x0000000778d80000,0x0000000779500000)
  to   space 7680K, 0% used [0x0000000778600000,0x0000000778600000,0x0000000778d80000)
 ParOldGen       total 44032K, used 5084K [0x00000006c0000000, 0x00000006c2b00000, 0x000000076ab00000)
  object space 44032K, 11% used [0x00000006c0000000,0x00000006c04f7170,0x00000006c2b00000)
 Metaspace       used 30447K, capacity 31407K, committed 31872K, reserved 1077248K
  class space    used 3900K, capacity 4115K, committed 4224K, reserved 1048576K
Event: 5.041 GC heap after
Heap after GC invocations=10 (full 1):
 PSYoungGen      total 231936K, used 7671K [0x000000076ab00000, 0x000000077ec80000, 0x00000007c0000000)
  eden space 224256K, 0% used [0x000000076ab00000,0x000000076ab00000,0x0000000778600000)
  from space 7680K, 99% used [0x0000000778600000,0x0000000778d7dc78,0x0000000778d80000)
  to   space 9216K, 0% used [0x000000077e380000,0x000000077e380000,0x000000077ec80000)
 ParOldGen       total 44032K, used 7158K [0x00000006c0000000, 0x00000006c2b00000, 0x000000076ab00000)
  object space 44032K, 16% used [0x00000006c0000000,0x00000006c06fd938,0x00000006c2b00000)
 Metaspace       used 30447K, capacity 31407K, committed 31872K, reserved 1077248K
  class space    used 3900K, capacity 4115K, committed 4224K, reserved 1048576K
}
Event: 7.042 GC heap before
{Heap before GC invocations=11 (full 1):
 PSYoungGen      total 231936K, used 116152K [0x000000076ab00000, 0x000000077ec80000, 0x00000007c0000000)
  eden space 224256K, 48% used [0x000000076ab00000,0x00000007714f04c8,0x0000000778600000)
  from space 7680K, 99% used [0x0000000778600000,0x0000000778d7dc78,0x0000000778d80000)
  to   space 9216K, 0% used [0x000000077e380000,0x000000077e380000,0x000000077ec80000)
 ParOldGen       total 44032K, used 7158K [0x00000006c0000000, 0x00000006c2b00000, 0x000000076ab00000)
  object space 44032K, 16% used [0x00000006c0000000,0x00000006c06fd938,0x00000006c2b00000)
 Metaspace       used 34192K, capacity 35247K, committed 35496K, reserved 1081344K
  class space    used 4358K, capacity 4585K, committed 4608K, reserved 1048576K
Event: 7.055 GC heap after
Heap after GC invocations=11 (full 1):
 PSYoungGen      total 310784K, used 4789K [0x000000076ab00000, 0x000000077e880000, 0x00000007c0000000)
  eden space 305664K, 0% used [0x000000076ab00000,0x000000076ab00000,0x000000077d580000)
  from space 5120K, 93% used [0x000000077e380000,0x000000077e82d410,0x000000077e880000)
  to   space 9216K, 0% used [0x000000077d680000,0x000000077d680000,0x000000077df80000)
 ParOldGen       total 44032K, used 7166K [0x00000006c0000000, 0x00000006c2b00000, 0x000000076ab00000)
  object space 44032K, 16% used [0x00000006c0000000,0x00000006c06ff938,0x00000006c2b00000)
 Metaspace       used 34192K, capacity 35247K, committed 35496K, reserved 1081344K
  class space    used 4358K, capacity 4585K, committed 4608K, reserved 1048576K
}
Event: 7.055 GC heap before
{Heap before GC invocations=12 (full 2):
 PSYoungGen      total 310784K, used 4789K [0x000000076ab00000, 0x000000077e880000, 0x00000007c0000000)
  eden space 305664K, 0% used [0x000000076ab00000,0x000000076ab00000,0x000000077d580000)
  from space 5120K, 93% used [0x000000077e380000,0x000000077e82d410,0x000000077e880000)
  to   space 9216K, 0% used [0x000000077d680000,0x000000077d680000,0x000000077df80000)
 ParOldGen       total 44032K, used 7166K [0x00000006c0000000, 0x00000006c2b00000, 0x000000076ab00000)
  object space 44032K, 16% used [0x00000006c0000000,0x00000006c06ff938,0x00000006c2b00000)
 Metaspace       used 34192K, capacity 35247K, committed 35496K, reserved 1081344K
  class space    used 4358K, capacity 4585K, committed 4608K, reserved 1048576K
Event: 7.099 GC heap after
Heap after GC invocations=12 (full 2):
 PSYoungGen      total 310784K, used 0K [0x000000076ab00000, 0x000000077e880000, 0x00000007c0000000)
  eden space 305664K, 0% used [0x000000076ab00000,0x000000076ab00000,0x000000077d580000)
  from space 5120K, 0% used [0x000000077e380000,0x000000077e380000,0x000000077e880000)
  to   space 9216K, 0% used [0x000000077d680000,0x000000077d680000,0x000000077df80000)
 ParOldGen       total 64000K, used 9444K [0x00000006c0000000, 0x00000006c3e80000, 0x000000076ab00000)
  object space 64000K, 14% used [0x00000006c0000000,0x00000006c0939010,0x00000006c3e80000)
 Metaspace       used 34188K, capacity 35241K, committed 35496K, reserved 1081344K
  class space    used 4357K, capacity 4584K, committed 4608K, reserved 1048576K
}

