# JRE version: OpenJDK Runtime Environment (8.0_372-b07) (build 1.8.0_372-b07)
# Java VM: OpenJDK 64-Bit Server VM (25.372-b07 mixed mode linux-amd64 compressed oops)
Heap:
 PSYoungGen      total 312320K, used 159058K [0x000000076ab00000, 0x000000077eb80000, 0x00000007c0000000)
  eden space 307200K, 51% used [0x000000076ab00000,0x0000000774654928,0x000000077d700000)
  from space 5120K, 0% used [0x000000077e680000,0x000000077e680000,0x000000077eb80000)
  to   space 8704K, 0% used [0x000000077da80000,0x000000077da80000,0x000000077e300000)
 ParOldGen       total 65024K, used 9418K [0x00000006c0000000, 0x00000006c3f80000, 0x000000076ab00000)
  object space 65024K, 14% used [0x00000006c0000000,0x00000006c0932820,0x00000006c3f80000)
 Metaspace       used 37920K, capacity 39055K, committed 39296K, reserved 1083392K
  class space    used 4751K, capacity 4989K, committed 4992K, reserved 1048576K
GC Heap History (10 events):
Event: 2.675 GC heap before
{Heap before GC invocations=8 (full 0):
 PSYoungGen      total 117760K, used 37956K [0x000000076ab00000, 0x0000000779500000, 0x00000007c0000000)
  eden space 112128K, 28% used [0x000000076ab00000,0x000000076ca92360,0x0000000771880000)
  from space 5632K, 99% used [0x0000000771880000,0x0000000771dfef60,0x0000000771e00000)
  to   space 7680K, 0% used [0x0000000778d80000,0x0000000778d80000,0x0000000779500000)
 ParOldGen       total 75264K, used 2360K [0x00000006c0000000, 0x00000006c4980000, 0x000000076ab00000)
  object space 75264K, 3% used [0x00000006c0000000,0x00000006c024e130,0x00000006c4980000)
 Metaspace       used 20380K, capacity 21252K, committed 21296K, reserved 1067008K
  class space    used 2745K, capacity 2939K, committed 2944K, reserved 1048576K
Event: 2.681 GC heap after
Heap after GC invocations=8 (full 0):
 PSYoungGen      total 231936K, used 2970K [0x000000076ab00000, 0x0000000779500000, 0x00000007c0000000)
  eden space 224256K, 0% used [0x000000076ab00000,0x000000076ab00000,0x0000000778600000)
  from space 7680K, 38% used [0x0000000778d80000,0x0000000779066a28,0x0000000779500000)
  to   space 7680K, 0% used [0x0000000778600000,0x0000000778600000,0x0000000778d80000)
 ParOldGen       total 75264K, used 2804K [0x00000006c0000000, 0x00000006c4980000, 0x000000076ab00000)
  object space 75264K, 3% used [0x00000006c0000000,0x00000006c02bd170,0x00000006c4980000)
 Metaspace       used 20380K, capacity 21252K, committed 21296K, reserved 1067008K
  class space    used 2745K, capacity 2939K, committed 2944K, reserved 1048576K
}
Event: 2.681 GC heap before
{Heap before GC invocations=9 (full 1):
 PSYoungGen      total 231936K, used 2970K [0x000000076ab00000, 0x0000000779500000, 0x00000007c0000000)
  eden space 224256K, 0% used [0x000000076ab00000,0x000000076ab00000,0x0000000778600000)
  from space 7680K, 38% used [0x0000000778d80000,0x0000000779066a28,0x0000000779500000)
  to   space 7680K, 0% used [0x0000000778600000,0x0000000778600000,0x0000000778d80000)
 ParOldGen       total 75264K, used 2804K [0x00000006c0000000, 0x00000006c4980000, 0x000000076ab00000)
  object space 75264K, 3% used [0x00000006c0000000,0x00000006c02bd170,0x00000006c4980000)
 Metaspace       used 20380K, capacity 21252K, committed 21296K, reserved 1067008K
  class space    used 2745K, capacity 2939K, committed 2944K, reserved 1048576K
Event: 2.712 GC heap after
Heap after GC invocations=9 (full 1):
 PSYoungGen      total 231936K, used 0K [0x000000076ab00000, 0x0000000779500000, 0x00000007c0000000)
  eden space 224256K, 0% used [0x000000076ab00000,0x000000076ab00000,0x0000000778600000)
  from space 7680K, 0% used [0x0000000778d80000,0x0000000778d80000,0x0000000779500000)
  to   space 7680K, 0% used [0x0000000778600000,0x0000000778600000,0x0000000778d80000)
 ParOldGen       total 43008K, used 5161K [0x00000006c0000000, 0x00000006c2a00000, 0x000000076ab00000)
  object space 43008K, 12% used [0x00000006c0000000,0x00000006c050a6a0,0x00000006c2a00000)
 Metaspace       used 20380K, capacity 21252K, committed 21296K, reserved 1067008K
  class space    used 2745K, capacity 2939K, committed 2944K, reserved 1048576K
}
Event: 4.616 GC heap before
{Heap before GC invocations=10 (full 1):
 PSYoungGen      total 231936K, used 224256K [0x000000076ab00000, 0x0000000779500000, 0x00000007c0000000)
  eden space 224256K, 100% used [0x000000076ab00000,0x0000000778600000,0x0000000778600000)
  from space 7680K, 0% used [0x0000000778d80000,0x0000000778d80000,0x0000000779500000)
  to   space 7680K, 0% used [0x0000000778600000,0x0000000778600000,0x0000000778d80000)
 ParOldGen       total 43008K, used 5161K [0x00000006c0000000, 0x00000006c2a00000, 0x000000076ab00000)
  object space 43008K, 12% used [0x00000006c0000000,0x00000006c050a6a0,0x00000006c2a00000)
 Metaspace       used 30339K, capacity 31293K, committed 31616K, reserved 1077248K
  class space    used 3901K, capacity 4116K, committed 4224K, reserved 1048576K
Event: 4.627 GC heap after
Heap after GC invocations=10 (full 1):
 PSYoungGen      total 231936K, used 7663K [0x000000076ab00000, 0x000000077ef80000, 0x00000007c0000000)
  eden space 224256K, 0% used [0x000000076ab00000,0x000000076ab00000,0x0000000778600000)
  from space 7680K, 99% used [0x0000000778600000,0x0000000778d7bc90,0x0000000778d80000)
  to   space 9216K, 0% used [0x000000077e680000,0x000000077e680000,0x000000077ef80000)
 ParOldGen       total 43008K, used 7201K [0x00000006c0000000, 0x00000006c2a00000, 0x000000076ab00000)
  object space 43008K, 16% used [0x00000006c0000000,0x00000006c07085b8,0x00000006c2a00000)
 Metaspace       used 30339K, capacity 31293K, committed 31616K, reserved 1077248K
  class space    used 3901K, capacity 4116K, committed 4224K, reserved 1048576K
}
Event: 6.049 GC heap before
{Heap before GC invocations=11 (full 1):
 PSYoungGen      total 231936K, used 117461K [0x000000076ab00000, 0x000000077ef80000, 0x00000007c0000000)
  eden space 224256K, 48% used [0x000000076ab00000,0x0000000771639ac8,0x0000000778600000)
  from space 7680K, 99% used [0x0000000778600000,0x0000000778d7bc90,0x0000000778d80000)
  to   space 9216K, 0% used [0x000000077e680000,0x000000077e680000,0x000000077ef80000)
 ParOldGen       total 43008K, used 7201K [0x00000006c0000000, 0x00000006c2a00000, 0x000000076ab00000)
  object space 43008K, 16% used [0x00000006c0000000,0x00000006c07085b8,0x00000006c2a00000)
 Metaspace       used 34225K, capacity 35257K, committed 35496K, reserved 1081344K
  class space    used 4362K, capacity 4586K, committed 4608K, reserved 1048576K
Event: 6.057 GC heap after
Heap after GC invocations=11 (full 1):
 PSYoungGen      total 312320K, used 4683K [0x000000076ab00000, 0x000000077eb80000, 0x00000007c0000000)
  eden space 307200K, 0% used [0x000000076ab00000,0x000000076ab00000,0x000000077d700000)
  from space 5120K, 91% used [0x000000077e680000,0x000000077eb12c58,0x000000077eb80000)
  to   space 8704K, 0% used [0x000000077da80000,0x000000077da80000,0x000000077e300000)
 ParOldGen       total 43008K, used 7209K [0x00000006c0000000, 0x00000006c2a00000, 0x000000076ab00000)
  object space 43008K, 16% used [0x00000006c0000000,0x00000006c070a5b8,0x00000006c2a00000)
 Metaspace       used 34225K, capacity 35257K, committed 35496K, reserved 1081344K
  class space    used 4362K, capacity 4586K, committed 4608K, reserved 1048576K
}
Event: 6.057 GC heap before
{Heap before GC invocations=12 (full 2):
 PSYoungGen      total 312320K, used 4683K [0x000000076ab00000, 0x000000077eb80000, 0x00000007c0000000)
  eden space 307200K, 0% used [0x000000076ab00000,0x000000076ab00000,0x000000077d700000)
  from space 5120K, 91% used [0x000000077e680000,0x000000077eb12c58,0x000000077eb80000)
  to   space 8704K, 0% used [0x000000077da80000,0x000000077da80000,0x000000077e300000)
 ParOldGen       total 43008K, used 7209K [0x00000006c0000000, 0x00000006c2a00000, 0x000000076ab00000)
  object space 43008K, 16% used [0x00000006c0000000,0x00000006c070a5b8,0x00000006c2a00000)
 Metaspace       used 34225K, capacity 35257K, committed 35496K, reserved 1081344K
  class space    used 4362K, capacity 4586K, committed 4608K, reserved 1048576K
Event: 6.130 GC heap after
Heap after GC invocations=12 (full 2):
 PSYoungGen      total 312320K, used 0K [0x000000076ab00000, 0x000000077eb80000, 0x00000007c0000000)
  eden space 307200K, 0% used [0x000000076ab00000,0x000000076ab00000,0x000000077d700000)
  from space 5120K, 0% used [0x000000077e680000,0x000000077e680000,0x000000077eb80000)
  to   space 8704K, 0% used [0x000000077da80000,0x000000077da80000,0x000000077e300000)
 ParOldGen       total 65024K, used 9418K [0x00000006c0000000, 0x00000006c3f80000, 0x000000076ab00000)
  object space 65024K, 14% used [0x00000006c0000000,0x00000006c0932820,0x00000006c3f80000)
 Metaspace       used 34221K, capacity 35251K, committed 35496K, reserved 1081344K
  class space    used 4362K, capacity 4585K, committed 4608K, reserved 1048576K
}

